<?xml version="1.0" encoding="UTF-8"?>
<!-- Generated by org.testng.reporters.JUnitReportReporter -->
<testsuite skipped="0" hostname="LAPTOP-JEI8AS0O" name="testcases.DashboardTest" tests="2" failures="0" timestamp="2022-04-03T14:09:37 EDT" time="9.621" errors="0">
  <testcase name="getDashboardQuickLaunchItems_004" time="4.806" classname="testcases.DashboardTest"/>
  <system-out>
    <![CDATA[<img src="data:image/png;base64,iVBORw0KGgoAAAANSUhEUgAABVAAAAJcCAYAAAAfG4+9AAAAAXNSR0IArs4c6QAAIABJREFUeJzs3XecVdW5//HP2nufMmd6Y2aYQhk6SLWgCAj2qNGosQfFkptrbmKuJDfRJJabq6ZZEn+5iTE3GNTYxYKJGAUVVBRpIgxIEYY6c6aX03ZZvz/OmYGBGQYTpSTP2xeRmb332muf2f6R7zzrWUprrRFCCCGEEEIIIYQQQoh/MbNmzer1HOMQzEMIIYQQQgghhBBCCCGOShKgCiGEEEIIIYQQQgghRA8kQBVCCCGEEEIIIYQQQogeSIAqhBBCCCGEEEIIIYQQPZAAVQghhBBCCCGEEEIIIXogAaoQQgghhBBCCCGEEEL0QAJUIYQQQgghhBBCCCGE6IEEqEIIIYQQQgghhBBCCNEDCVCFEEIIIYQQQgghhBCiBxKgCiGEEEIIIYQQQgghRA8kQBVCCCGEEEIIIYQQQogeSIAqhBBCCCGEEEIIIYQQPZAAVQghhBBCCCGEEEIIIXpgHe4JfF4aY01Ut+5gS/NWtrftZGf7LhpijcTcGJ72QKdOVOBpzaSS4/n66JkYSjJkIYQQQgghhBBCCCFE947qADXhJlhdV8WiHe+wum4tjfFGXJJhqUKhlAJAKVBaJTNUBbZnM6HPOAlPhRBCCCGEEEIIIYQQB3TUBqhVDRt4ct0zrKxfDRoMFMowsDCBZJWp67nkBnLw0LTbbSilcDyHsQWjGVc0+jA/gRBCCCGEEEIIIYQQ4kh3VAao6xs28uN3/wfbS2AaFkppdKrq1NMejueQH8znlNKTSXgJ3tm1JFl9qjUecNWwS7GMo/LRhRBCCCGEEEIIIYQQh9BRlyK2xFv42Yf34XgJLMNEJ5NTtNLYnkOWL4NLBl/IsLwhLN75HvO3vo6HxlCKhJtgWulUhuRWHu7HEEIIIYQQQgghhBBCHAWOugD15c2vsitSS8gMdn7P9hwsZXHhwPP4cuWXaIw18sCK31Ldug3LsFKVqRqf6WfGiEs7e6MKIYQQQgghhBBCCCHEgRxVAWpTrJlXtrxGwPCjAa01rnaZWHw8lw+9mIqsMl799HUeXvMIAD7DQgNKKRJOnBnDrqAgVHBYn0EIIYQQQgghhBBCCHH0OKoC1I1Nm2lOtBA0/NjaIS+Qy/Ujr2ZS6QnE3Ti/WfF7Xt++EFNZGBhoNEqB4zn0y6rg3MqzDvcjCCGEEEIIIYQQQgghjiJHVYD6SeMGtPZwtMsppZP52vDLKAzlUxdt4Ocf/op1jeuwlA+l2NMbVWs0mm+N+QYhX9rhfgQhhBBCCCGEEEIIIcRR5KgJUD3t8VH9Wkxl8s3RX+e0flMxlEFNey0/+/ABNjRtwm/60BrQyWsUEHFi3HjM9QzLH3w4py+EEEIIIYQQQgghhDgKHTUBatSJ4jd83DHxViYUjQEgHKnnjiU/ZUfbTvyGD0j2O+1IUaNOnAsrv8yXKs84jDMXQgghhBBCCCGEEEIcrY6aANVQBt8a+28UpjaBsl2bX634LdvadiQ3lVIatO7cWMpQBpcNvogrhn8VU5mHefZCCCGEEEIIIYQQQoij0VEToKZZaaRZyR6mWmv+vO5ZltYuI2ClEcNBaYXf9FOaXsLxfcZxYsnxDM7pf5hnLYQQQgghhBBCCCGEOJodNQHq3jY3V7Ow5gNOLJtC/7QC+qeX0Ce9iML0IgpCBShlHO4pCiGEEEIIIYQQQggh/gkclQFqeUYxf5j6U5Tr4LXXYUWb0Qkb7daC66CDOSh/6HBPUwghhBBCCCGEEEIIcZQ7cgJU7aHjbWBHIZCB8qVBD5WkvubteGtewVu/AKdxOzGtk5tHGSba9GPmlWGUjcWqnIxZcgwqkHmIH0YIIYQQQgghhBBCCPHPQGmt9eGcgG4PY29ahLtpEW7dZkhEIZiFmVuOWTIcs/+JmIVDwArsuSbWjNe8A91ai9dYjbtjFe7uKrzWMHSEqQAojMJB+MdegDXiHJQ//fA8pBBCCCGEEEIIIYQQ4ogza9asXs85fAGq55D4+CUS7z2C17QDDCPZu1QZaM9D4aE1KMPE7DsK37ivYA0+FWUFux1Ot9fjhjfgbHgTe91rEG0Fw0ADSmvMviMJTP53zIrjD+1zCiGEEEIIIYQQQgghjkhHbICq4y3E33wAe+WLYJjJPwCeB9rdc54yUIDWGgWY/SYQmHIjZsnoA47vNW0nsfpF7A8eR7s2yrTQrgNKEZx+E/5xl4Jx5HQvEEIIIYQQQgghhBBCHHpHZICq7QjRF76Ls/l9lOUHVDI01WCUjsQsn4CRnod2HXTzDrzwRtyaT5JL+7UHpo/ghb/EN/DkXu/lhtcTm38X3s61YPpAa7RrEzjhKgJTvw3K/OIfWAghhBBCCCGEEEIIcUQ68gJU7RH92z3Yy59D+VI9TT0HIz2fwKk3Y1ZO2X+JvmvjNW/H2bCQxMq56MYdYFqkffVXWP1P7P2WsWZif/spTtXrYFpoACdB8Mzv4x97yef+iEIIIYQQQgghhBBCiKPDwQSo3W9z/wWxP34RZ9mze4WnLio9PxmGDj2j+/6mpg8jbwD+E64l/ao/4j/ha2jPJfriD9DRpl7vqYLZBM+6DWvYdHBsFKBMH/H5P8Wt3/z5PqAQQgghhBBCCCGEEOKfyiELUL2WXcQW/hosf/IbGtAeaef/FKNw6EGNodILCUz7T0IX/RIdaSTx0QsHd50vjeAZP0QVDQbXBWWAUsQX3Aee85mfJR6PE4lG8TzvgOdprYnFYrRHIsTj8c98n94kEgnaIxFisX98bNu2iUQiRCJREokEjuP0+HwHW7TsuC7RaJRIJEIikfiH53g4eNqjJhIm6sT+7jESrk1tpA7vMO3XJoQQQgghhBBCCCH+fodsJyV7+ZMQbQYrVX3qxPCddC1m6djPPJY1aBqhSx4k9uaD+MdfivKl9XqNCmYRPONWoo/NBDww/Tib38XZvQar75gu59bU1LLk/ffJzc3B9TwmT5qEZVm0tLTw3Ny5zJ8/n5bWNh584AEqKwfud68dO3eyaNFi3nrrbT7dsoVYLEp+Xh6jjjmGKVMmc/JJJxEIBA4438amJt57bwkZGRk0NTVx8qSTyMvLQ2vNylUf8eqrr7L6449pamoiFEqjcmAlU6dOZdopU0lL6/3zAGiPRFi+YiULFyxgxcqVtLe3g1KYhkFubg6FhX1ID4UIBoOEQiGaW1uoqw3zrW99ixHDh3U7pm07rFy1kjffeoslS96noaEBrTWZmZmMGD6cU089leOOO5bcnJxur/+kcRMf7P6QDCud+lgj4/qMYXzRgTcNA/hg93I2NW4mYAaoizdwdr9TKc8qY9nuFawIr8bVDrn+HKJujHY7QkuiDReHkBWiKNSHobmDGZE/lLR9qqDbEm18a+H3OK5oPLMm/AeG+my/c9Bo/u/jR1m0413un3o3Rel9PtP1QgghhBBCCCGEEOLwOiQBqm6vI7F6XnIjJwCtIZCOf9zf34PUqpxKWigvOdbBXlM8HLPfBNyty8G0UEphf/TSfgHqx2vX8N3vfhcNTJx4AtOmTmXX7t1848Zvsubj1ZiGiTIM/PuEoG1tbTzyp0f5f7/5f/h8PkaNGkVFRTmJeJzly5ezbNkynnzySaZMmcKdd9xB35LiHucajUa59Yc/JBKJYJomL7/0IsFgkJ/+/Oc88cQTKBSWz0J7mngiwapVq3j++ec5YeJEfnrP3ZSVlh7ws1iztorbb7+dDz/8kP4DBnD9ddcxfvw4TMPko9WrmT17Nu+++y6ZmVl89atfxXFc6sJ1NDU3E493X425/pNPuO+BB3jj9dcxTYvLL7+ciRMnkhEKsXHzJubOncsTTz7JsOHDuOO22zjpxP172MbtGI+vfwafYaG1ZmBOvwM+R4fa9jBz1j2BL/WOnVh8HOXAyvDHPLfpRdLMNDw8rhxyCeWZ5SS8OJuaPmXB9reJuzEs5aN/ZgWzJnyL8qw9n11tpI64F+ftHe9y/sCzGZI3+KDm02FHy07mbfkrljKJO0dnFa4QQgghhBBCCCHEv7JDEqA6NVXo9gaUL1Xd59pYI8/GyPzHqvHMkmM+2wWGhTVkOu7WDzu/dje/g441o4LZnaelh9Lx+XzYts2gQYOIRKL8xzf/g1UrVpCbn4eTsIkn4qSHQp3XRKJRvv6Nf2fZsmX89J57mHzyyeTk5mCZJo7rUlNTy/0PPMBLL73EwoULaGlu5tE5f8Lv93c71fRQOoWFhVRXV5OVlYXf5+c7N3+XT9av456772bUqFHk5eZR31DPwoVv8pv//V+09ljy3nt869s38cTjjxEMdtNTFlhbtY5LL7uU1pZWLr30Um6/7cekp6d3Hh86dAhnnnE6//X9W/jbG3+jva2d79/5XQKBQI/L+pctX8E1115LW2sLQ4cO48Ff/5rBgyo7j5988iSuuOwynnn2OX70ox9x9TUzeeh3v2X6tGldxnGVJmD4MQ0DrTWm8h34Z5rit/z4TT+mMlEo/Gbyc7UMC7/hR+OR5cvgvMqzCO5VZXp+5Tn8Ytmv2dpazebWT7lr6S+5f8rdpKWqmhvjzcmWBQrmbnyF7x337YOuQvW0x6PrnkKh0EBLovWgrhNCCCGEEEIIIYQQR45D0gPV3boUtVfopNFYAycB6lDcvgsjfwC6477KwGurw2vd3eWcgvx8HM8FID0tnd//4WF219byx9mzeeH553n22We44447se09FYWtLa20NLfwyssv85ULzqegIB/LNAGwTJPSviXc9ZP/5pRTTsE0TT788ENemvdKj/O0LJO0YAClFJZp8sMf/5iA38fLL73IxRddxLChQ+nTp5Dhw4Zx479/g/vuvRetIZiWxooVK3hjwZvdjhuNRvnu975HPB6noLCQH3z/v7qEpx2ysrK4639+QnZ2Nn9+4nEe/sMfkp+fYWAYXV+bhoYGbvzmN4lHo+Tl5fPQ737XJTzt4Pf7ueLyy/jSOefguS7fuPFGtmzd2uWcTCsdpRRag4cm15/V42e0t6DhT71OGqUUGb5UuG0olDJQKJRhEXO7VoGWZfblG8dci9YePuVnR/tOVtet7Ty+u313MpA1LN7d/T6bmz49qPkArK1bxzu73sdvJMPc2mj4oK8VQgghhBBCCCGEEEeGQxOg7loLxp5iV2VYGDl9D8Wt96dMlLlXVaMGL7ypyynNLc1YpkkgEGDui3N59dVXefaZp5l+ylT6VVQwdMgQrrjsUoqKijqvSUsLct99v2RQN8Fhh0AgwI3//g0c18PyWcydOxfbtrs917IsTJ8fpRQNjY2sWbuWe+6+i8zMzG7PP/OM07nqqquIRqMEAn6ee+4ZHGf/DbI+XrOWdVVVgOLLX/4yeXl5Pc43Pz+PU6efit8f4Le//R27a2r2O0drza8f/A3hcC2u53HTt79Nv4ryHsdUSnHD9ddjWiau4/Cb3/xvl02pHO0AChQYyiCuu/989hWy0pLdHJQCpbB1MgDPtNLR2sPVmoDhw2/sX3TdN6OYdF8GHh4GBltbqzuPtcRb8fBAKzSap9Y/j6cPvHkYgOM5PLruKQylOnJdGmNNB/UsQgghhBBCCCGEEOLIcUgCVN1eB50VqDpZARrsfhOhL34yXjJkIxnaKcPAa+haBalJhncoRW04zPe++z1KinvuVwrJis0hg3vvj1laWkpuTg5KGWzbto1YPN7teaZpkh4K4Xke8Xicb//Hf5CRkXHAsS+5+OLOa9dWraM9EtnvnKVLl6YqSDVjxozZ7/i+hg4ZgmEYxOIxlq9Ysd/xXbt38+RTTxIMppEeCnHGGaf3Omb//v0oLi7G5/Pz6qvzaWho7DxmGtael1JD0DzwZlsdIl4CnzJTy/4NQmZymX6uPxtHuxhKYSmD7qqeXc9NvhIkq17zArmdx2qjdaBTVdPK4oPa5Wxu2tLrfD7cvYKPG9ZiKRNU8vqmRMtBPYsQQgghhBBCCCGEOHIckgA1WRrYUWWYSqqijT2d/cVSBjg2ewdpOt41aPT5/Gg0ruNQWlrK8ccd97ndPuD3k5+fj9YejuMQP0CAmhYI4LoulmkyZnTvO9Hn5eeRm5uL9iASaaetrW2/cz7dsgXLZwGKzIz9l+7vKyMzs3Ojrh3bd+53fNGixdi2jeu6HHvsBAoLCnofMz2dyoGVaK2JxWOsXbtnyXyaGUy+KVqj0Z1BaG/SzCAeHlprFIpAqgdquxvBUiaGUni6o8K1q9pImNZE8rMKGD7G9xkLQNxNsKt9N6ZhkoxAk/88tu5p3FSFa3eidpQ/VT2BpSxMlax4VUoRjoTRHPymZ0IIIYQQQgghhBDi8Ds0Aaoyu37t2Xith6cfpI42ofdegu15YHbdqKijd6njuowcMYLQXptF/aM8rYlGI533sazu9/HSOtnLUylFIBgkP7/npfZ7zzs/Ly8V80Estn84m5+fj+smg0bP7X0pelNTI8pQyT6g/q6fk+d5fLB0KaZp4jgOJ5wwEdM0exhpr3laVjLo1RrHsWndK+j1pd4VDV02g+pNhi+tc7MnRbKSFaAl0YZlWKljBtY+S/hbE208tu4pNBrHc7huxAxy05LV0a7nUBetB+Cc/mcRNANYymRpzTI2NHRt+7C393YuZVPLpwzOqeSCynNxPBeFoi5aT8I9uJYEQgghhBBCCCGEEOLI0H169zlTGfl4TdtRnUGqwt36Ab7BpxyK23fhhTem9kRP1cQaBvtuqm6aJujkSv/09HRM8x/LmbXWNDU3s3HjJh7/8+PU1oYxlIFhGvh93e8yr5SiubUVv9+PYSiMgwgmPc/DdmwMI7lpUiCw//L3YyeM56Hf/Q7TMtm6bVuvY27csKmzt+iQIUO6HEskEmzevBnDMDBNkzcWLKClpZWGhnoys7IJBHwEA0E87RGLxonFY0SjUfoUFvLhsmWYpkl7e4K21r0qZVNr6VXqf57Z8AJ90gowDYtWpw1DmQTNIAYGUS+G69mEzDR2RWpQyugSogIYqfE6fuIJN0HQDNASb2VdwwYerXqCT1u3khvIZsawKzi9/7TOqUTsKM2JFlzP4Uv9T8dv+Hhy43NYhsUf1szhZyffmapO3SNqR5mz7gksZfLVwRcQskI8teE5TGXSkmghakc7q2OFEEIIIYQQQgghxJHvkASoZp/BeNuWA8mwSZkWzrrX0Cf/GyqYfSimkOTauFs/gFToldzcx0PldN30SKlkxKo1GEbvweW+Ghub2LJ1C5s2b+aT9Z/wycYNNNQ3kkjEGNB/AHl5eTTU12P2UoHaUYVqGAbt3SzH35eXuqbjGTK76Zk6fvx48vLyaG5p5o3X3+DqGV/D18McWlpbeevtN1FKUVJSzKhRI7scb49ECIfDycBWKerqwry96G1C6emkh0IEAgHi8TiWaeD3+3EcF8d12LR5M/369aOiohytNSUl+/SXTbWoNVB82rqVmlgYAxO/6cdnWLieR0LboD209kiz0miKN++5dr+xdKoCNMyP3v0fsn0Z1ETraIg1MKZgNKdWTOOEkgmUZpR0uTQcrcPBxW8GyPCnc/aA03l641xMw2Rd4yd8FP6YcUVd+8jO2/wquyI1jC04hmOLxrG5eQtGalJNdutBbUAlhBBCCCGEEEIIIY4chyZALRmFrZ/a8w1l4LWGsT9ZiH/0BYdiCgC4zTtwd66BvZdxaxejeHiX85J9NFN/9w4+8NqxcydPP/MMTz/9NI2NTQwaNIjTTz+dGVd9jfLyMkpLS4lFo1xx1ddoaKjHsnxEIhH8/t4rEpXaf/Oj/c6BVOWswu/3E4vHyCaryzl5ubnceeed3PSdm/hw2YfMm/cKX7ng/P3G8rTm979/mLr6ekzD5LbbbtsvkPVZFolUD9dIJMLtP76Nk0+e1GWuhmF0CYM7Al6g8+/JTa32ktq0CRTfGXsjA3P69/rsa8JV3Pref7NfgqpBp0LUnGAeoFhVvwZLWVimxWVDLmRofvebfzXGmnBcm/xQHoZhUBDI57Tyqbyx/W1MZfLHtY9xX8EIfKkWEI3RRp7e+AJKwdXDL8c0TDJ9maAUCrDdBC2JVvLScru9nxBCCCGEEEIIIYQ48hyaALXvMeALgufuWaJtBYm/+QBW5SSM9MJDMQ3sj18GNwFWkGSypiGYjbFPoOV5XnIZuEoGiQdjzdq1zLz2Wmpqaqno14//+78/cOz48fsto29paaG9vR2AQCCA2jc8TFFKdW7edLBM08Sf2njK5/P1GLp+6eyzaGy8gwceuJ9bf3grLa0tnHH66eTm5KC1pjYc5o9/nM0jjzxCXl4eP/zRDzl12rT9xtGAlWpBYJkmkUi02x6oHb1cO5/roChc7eI3um9xsL9klel+31XJXqoemjQrxA8m3MSDqx5ibcM6HNfhlyse5GeT7uw21NzVvhsPTW4wm4CZ/DlePPgC3trxLhrNpy1beWfHEk6pmAzA8xvn0Zxo5qSiExialwxl/aaPkBkk5sbR2qMh1kj/7IqDfCYhhBBCCCGEEEIIcbgdkk2kjOy+GP1PQHt77YBumBBtJTb/bvQh2FjHbdqG/eGTYPrp6IiJ52KWjsJI77pzvLd31elBhJgtLa3MnHktDQ2N9C3ty+OPPsqkE0/stgepYzs4joPnaQJ+X+eGVfvSWpOekY7jOPvPqQeGYaIA13WxLJNQWvebXxmGwdeuupJf/erXKGVw9913c9XXZnDdDTcw87rr+dqMq3nvvfe4edYsXn7pJS6+8MJug8+0YJCyslJcNxmM79i5vdc59kbvs8Td0U4PZ3blaDf5F9UxTqq6VSerXg0g5kQozujDd8b9O1n+ZGVuTaSG+1b8Brubd3B72y4MFNn+LIxUo9zSzL6c0/9MbM/GUhaPrn+auJugtj3MS5/+BZ/h56phl3T2RlXKINOflXzjFNREaj/bByKEEEIIIYQQQgghDqtDUoGKMgkceymRDW/u9U0Nlh93wyLib/yM4Kn/lQo3P3860Ub8tbvRThxl7lXRqF18w8/s7InaIRlWKkAdVAXqGwveoDZci8/ycfFFF1NRXnbA8z3PxfM8TNPaf/l6ilIKy/Lh2Dau309GN/1M9xVPxLEdG6XANEwsq+f+re9/sJQ7f/ITZs68lssu+Sp+v49wfT1aawry8snNzSEYDB7wfn6/n3HjxrNi+QpQirVV6zuX6v+9bM9NVv+mPnbHPbgANeImn1uTDEztVFhfEMzH9mx8pg8FRJ0YxelF/Pi47/G9d36MpSxWhVfzyNo/c/0xMzqrWF3PZXekBo0mP5jfGaACnN3/NF7ZOh+0pjZSy183/40d7TuJuTHOrDiVytyBneeGfEEyfZnURGpx0bQmeu9lK4QQQgghhBBCCCGOHIekAhXALB2HVTYW9g3ELB/2irnEXv8ZOhH53O+r7Six1+7C3bJ0n/DUg1Au1sCT97umo9pTKfC8AweoWmsWLX6HQCAISlFWWnrA8xN2Asdx8fv9RGPRLj1B951DIpFItTzQhELdV5PuzXUcbNvGMi00mniqP+m+wuE6vjbja7i2zbe+eSPl5WUUFRUxasQIjhk5kpKS4l7D0w5fPu9ctEqGqQsWvEFtbfigrutJuxtN/kUpFIpW5+DeCcdLoDAwAE97RN0YkKxo1SQ/T1OZ+FTydwZD8wdzw8iriXsJ/IaPFza/wuLtSzrHizoxaiNhFAbZ/swu9+qbWcKZ5adiaxe/6WPOuid5Y9tbWMrivIFndwmQfYaPDH8o2dNVaxrjTX//hyOEEEIIIYQQQgghDrlDFqAq00/glG93HxhafuxVLxF94Wa8uo2f2z29ll3EXr4Fe+3rYHbtpakdG//Eq1Hd9L50XCdVh5jaDr4XiUQidb6mpbXlgOf6LB/t7e0opXqsPgVwHIf29nYsy0RraGjsPXjTWqeW0yc7DyQS3bdGmPvCC9i2Q0FhAT7fP1aEPHzYME6bfirxeJy2tjYefeyxz3R9XV1dl3fCb5h42kMByejz4PrAhqxgarl/st9pwks+e12sCZ9holRymX/H9wHOGXgm08umdoao96/4DZsaPwWgIdZIc6IFZUBOMGe/+3258myCRiDV4UGT8BJMK51MZc6ALucZyiDLn4VGYyhFTXsYt6PdgBBCCCGEEEIIIYQ44h2yABXALB2D/8SrwY51c9CHu2UZ7Y9dR+LDx9Ftf3+vSB1vw/74RSJ/vh5n4+Kulaco8ByM/Ar8Yy7qYQCNp5OBVzyR6LFKFJJL7cePG0sikcA0DN5a+GZn39J9xRMJ7r//fhzHwXXdAy7hdxyHWDzWuXN9NNp7JWYsFicWi+N5GsNQZGZ2v+w/Ho9jWRZVVet4ad48wnV1RCIRHMchEokQjUaJx+M9PsfeDMPg9ttvIysrC9M0+cP//R9PPfNMr9dprXnm2ef47UO/71KxGXcSqNQyfM3+PVF70hhrxsQANFqDTyXbFzg6kYpgFQk3gbHXvQxlcP3IGRSl9UFrD1e73LX0l7Ql2km4CRJeAqUVOal+qXsryShmevlUbM/u3Gzsq0Mu6LLUv0NuMBuNRmFQE6096LYEQgghhBBCCCGEEOLwOzQ9UDspAhOvxd26FHfnGpQVYE+FoQbTAidO/I37SCx7Et/o87AGTcPIKUP50g48tOfiNe/A2boE56OXcGvWAypVebpXAKpd0Jq0c3+C8qd3O1R2dg6O62AaJo7d+wZXZ591Nvfd/wCu67J02TJ++9DvueG6a7ssg1+3bj13/vd/M3LkSAYOHMjWrVuorq6mobGRviUl+43puC52woZUmNhTNeneQukhEvE4Wms8T/cY/E6fPo1fP/ggiUSCW2+5lbz8fLKzswn4/WjA7/MRCAYJBAIUFRUxYvhwTjrpRAb079/teCXFxfzh4Yf5xjf+jYaGRm6//Xa2b9/BFZddSsk+z5awbdaureKPs//ICy+8wEO/e6jL8bgbx9MelmGitEebHe31uQEsw8TWDn6V/Hk3JVoopS+i0U9qAAAgAElEQVRxNxWAq2SA6u6zGVd2MIvvH/sdZi36IT7DRzga5ncf/ZFhuYPRWmMqs8eerhcNOo+/VS8g7toc22cc5Vnd974NmAEMDJRSNMQaiDhRAtb+G4wJIYQQQgghhBBCiCPPIQ5QQfnTSbvgF0QevxbdUpsMTbucoMDyo1triS/6PYl3ZmP0GYRZPAKjsBIjuwSsYLKXqmmiW2twG6pxd63B210F8XZAgdHNo2mN9jyCZ92CWXJMj3PctWsXruMQt2PYiURqw6eeN2QqKSnmFz//OTd95ztorfnVrx7gncWLOWHiCfgsHx+t/ojlK1Yy6z//k8suvYQhzw7h+z/4AQ319Vx/w9eZMnkyF110EYMHVXaOGYvGqKnZ3dnHtK2ttdfPtrGxkYSdwE7YNDU2EolESUvbP3geMXw49993H79+8EG2bdtGOBympqYmufwfME2DZOaoMJRCGQaBQIDLL7+Mm779bULdjDl+3Fiefuppfv7LX/D662/w4K9/zZw//YnJU6YwcMAAQunpNDc1sfTDpaxe/TH9+/fnT4/8iSmTu/ag9bSHpz00Jhqw3e77uO737LHmVPWnSrYASGXHBgaOdgkok7hn0xhvIivQtafpkLxBzBx+JbOrHsdv+lm8cwnv7/4Qv+HHw8Pq7l0C+qQXcnrFNF7Y/AqXD76o2+pTgHQrneT2Voq4m6Au2kBuN20BhBBCCCGEEEIIIcSRR+kDrU//ArnNO4g9dSNu0459lth3w/MguQ0PkAz2UArdUU2YqjBUykhtutQNrdGeQ2DqjQROmAn0vFP8hg0bee75ueQX5OO6DjOvvppAoPeKwVUffcSjjz3GkiXv01Bfj2GaZGdnMX3aqcy85moGDkz2x3Rdl3mv/IUPPvgAwzA49tgJTJk8mdzcPf1Yd9fUMGfOoxQUFFJbW8t5553DyBEjDnj/DRs3MveFFynILyBcV8f1180kPy+v23Nb29q47/77eeKJJxgzZixDhg6hpLiE/Lw8mpqaqKmtYcP6DaxYtRLHcTBNk2g0whVXXMmdt9/WY6DsOA4ffbSaeX/5C+8sXszOXbtwHAfLNEkLhZg06STO+dI5nHTixG43xtrRtpua9hp8pg/HcygK9aFvRnGvn/2mpk9pS7ShDAPXdRiQ3Z+cYDafNm2lOdGCYRi4nsvwvCEErf03yIq7CZbXrCRkpeEz/aRbQRKeS7vTzoCsfmQH9l/GD9ASb2VTyxbGFIzsMUCtjYTZ1roDn+nD9VwGZvfvcTwhhBBCCCGEEEIIcejMmjWr13MOW4AK4DVVE3vlDtztq8DyQaqH5YFoukaf+37d/Y2SlZWBad/GP+EK6CHo6vGeWve4jLu7c+vq6gmHa0kLhehTWEh6evetAg6XJe+/zy23/pD8vHzuuON2hgwehN/v3+8827b5ZONGfvrTn/HBB+/j8/mJxWK89OKLjBg+rNf7tLdHaGxqpLm5mbS0NAry88nKkuBQCCGEEEIIIYQQQhwZjvgAFUDHmokv+SP20ieSlaT7Luk/2HHYN0hN7ePuOhiZfQh+6Xasfif84xM+ylWtW8+5553HkCFDePLPj5Odnd3rNS0trVxz7bWsXbsW205w++23M+Oqqw7BbIUQQgghhBBCCCGE+OIcTID62UoxvwAqmE3wlP8k7bLfYJaPBc/prBj9TOPs/YUGXBs8D/+4Cwld+QcJT4F4IsFtt9+GbSeYdfPNBxWeAmRlZXLFFZdj2zamYVJXV/8Fz1QIIYQQQgghhBBCiCPDId9EqidW+XGYF4/C3fQmiVVzcbetSgapykQr1fsSeq1Bp3qiGgbWiDPwj7sYs3TcFz/5o8SmTZtZ/dFqsrKyGDCg/2e6tqK8AtM0cRyHfhUVX9AMhRBCCCGEEEIIIYQ4shwxASqA8qVhDTsba9B03N1rcLZ+gLP5Hbzw5mRlqk5uJKU8F4zkjuvJTaMUWH7MPkMw+x+PNWQ6Zn5lzxtK/YtqaGggYdv4A4GD2hSrCwVojWVZDB4y5ICnep7Hjp07sRMJ0tPTKSoqAiAeTxCuC+O6yQrj7KwscnJy0FpTU1NLIpFAa41GY5omfUtKaG1rw7FtCgoKAGhsasJ1nM6vOyQSCXbt2oXruuTm5pGbu2eX+/b2COFwGNDk5eV19mFtaGjAcRz69OkDQFNTE05q7Lr6eiLtETztoVDk5OaQvVf/1vb2CLW1tRiGoqioiGAwiOM41NTU4rgO6GQ/XH/AT0lxcecvAOLxOOG6Ovr06YPf58O2bWpqaykuKsK2HcJ14eRnoDVpaWn0KSzs8ssD13Wpqa1Fa01JcTGGYdDe3k64ro683NzOZ3Mchx07d1JSXNzZ3zYWi1FXV0/fviUYhpGabw3FxcWdm4K1trbS2tZG35KSLp+v63rU1NQQj8cIBoMUp54pkUiwu6YGrTVo8LRHZkYGubm57K6pwVCq89zW1lYaGhrJz88jEAhQU1uL57ponXxnMjLSKSgooKamhoyMDDIyMgAIh8OkpaXhui4NjY1YloVSCse2CQbTKC4uOuD7KIQQQgghhBBCCPGPOKIC1E5WALNsPGbZePzHX41uq8VrrMZr3omONiXDKTuG4Q+h0rJRuRUYef0wQnlgfcZg8F+Iz+/DMk0SiQRNTc2UlZYe9LXVW6qJxWKMHT+OoYMH9Xiebdv8df5rbNnyKbm5uTQ0NjJ61DGcMnUKjY0NPPPcc+Tm5oKnaWpu5ktnnUVl5UDmvvQilmmSkZGJ53mkBYOcfdaZfLTqIz5csYKvX3ctGRkZLF36Ia2tLVx04YWd90zE47w0bx4tbW2YhklDYwMXnn8+/fr1Y/fu3cx98SUs08Ty+WhtbeUr559PeXkZ773/Pg2NjXztiisAWLlyJXX1DVx80YW8+eZb7Ni1i9ycbBzbIRqP8eUvnUN5RTl1dXU88/xc/D6LRDyB5fNx+aWXAPD0c8+Rk51NMBjA8zzycnIpOqNPZ0BZW1vLs8/P5corLqdPYSHNzS08+9zzXP21q6irq+OlV16hKBXoNjQ0MGb0aCaffDKGkey2EYvFePGll2lrb+P6mTPJzc3lnXffY+VHq5h04olMOukkADZs2MjzL77IOWedxdixYwCoqanh6Wef40tnncnIkSNpbW3lmeef5/prriEjMxOtNX+dP58tW6v5t+uv62zxkEgk+MtfX2Xbju3kZGUTrq9n1IjhnHbqqdQ3NPDUM8/SNxXmep7HwIEDOWbUSJ597nlc1+X6a2eSlZXFm2+9RdX6TzjjtFMpKy3j6WeeJS8vj0DAj207DBwwgJycHP766nx8fj+XX3oJpmny+oIFDB86FL/fz4fLl9Pe3k4iYZObk0NxcRHFxacf9HsshBBCCCGEEEII8VkdmQHqXpQvDZXbDyO33+GeylFvxLBh5OTmUFNTy4oVKxg1csRBXReLx3n08UdRhuKHt9x6wOrVlStXUl1dzYyrriIzM5OamhqeePoZBg+qJBhMQ3uaiy64gIyMDN56exFvL15MSUkxjuNwyuTJDBs2LDmQBmUoQBOLxVi0+B3OPutMlKFQ+2wXVldfz9Zt25lx5RUUFhbywdKlNLe04Lour772NwYOGMC0U6ZiGAbLly/nxZdf5vprZ+KzfF3HUip1T0jYCcaOPoapU6agtebFl1/mvQ/ep7SslL+++irDhgxm8sknk0gkeHX+a9TV11NYUID2PM45+ywKCwuTj6F1Z/i55zYKv8/XccvOClPP04TS0rjk4ovx+Xxs2LCBl1/5C2NGjyYnZ09Frc/nw2f52LlzF1lZWezcuZOAP4Dn6dQ4HqvXrKGkqIgVH61i1KiRyapNkq0wXl+wkMrKys5Qt6ODcGNjI7W1YbKzs1j/yQaOP+5YAFasXMmuXbu4OvUz3bVzFx8sXUo8HkcBpmFw0YVf6fJeRCIRTDNZ5VpfX09aWho1NWECAX+y20Zq77ovn3tOMlBP8TwPv9/Hlm3VrF+/nhEjRuBpjedphg8fztChQ3nnnXfZvnMHl1x0EUbnMwghhBBCCCGEEEJ8MY74AFV8fjIzM/ned/+LWd+9mXvvu4/jjjuWYUOHHvCaaCzGbXfcwbJly/jBD27pDNW6o7Xmk02bGDdmT+DXt29fystKWf/JBo4ZNRJlGDQ2NhKLxQiHw2RlZmJZFgGfj2UrV1G9fXtyWX1hIccdeyyup+lXUcGmzZuprq4mMzOTlqaWLvfNy8ujT2EBzzz3PP0qyhk6ZAgDBw6ktbWV+vp6zjrj9M5l7CNHjuTd99+ntjaMYXQTviVzPSzLoqa2lrVrq3Bdl3BtmBOOP47W1lZ219Zy9llnYVkWlmVx4VcuAKC1pRXTNFm0+B0yMjNwHIf+/fozcsTwzuGVYaDRvLVoEQF/gEg0gqc1SikMQ2HbNlVVVQQCATZv/pQ+fQoJhUJ7fcbgsywGDxrErt276dOnENOyKC4uxnUdIFm5Wl9fx+WXXsoTTz/D7t27KSsrw9Me2Tk5+H0Wi995h2MnTMAyzc4d2D5avZoRw4ZRWTmQV159lXFjx2BZFqs/XsP4cePIysoiFosRSg8xdeoULMtCa42nPV5/YwE+n49YPM4pUyYTDAYxTYvKgWVs27aNYDBIIOgnLRTE89zU8xq89fYiQqEQtm0zYvhw+vfvh2GYDB00iDffXkRpaSlpwTQcx0YplQx9U/+2UiG0EEIIIYQQQgghxBdJAtR/MRd+5XwaGur5+S9+wVcuvIif3nMPU6ZMJic7u0uvzda2Nj5e/TH33X8/K1au5I477mDm1Vf3upmX6zhYVtfXyjRMbDuR+koz76+vYhkGWdnZneGm42ky0kP0KSjEcZLLsyHZEqBfRTmjR43k9TcWUFZWiml2regMBoNcfOGFbNiwkU82bOCFl19myqRJVFZWAnSpAFUqWcHqeS6GAQH/XiGcBiM1tmEYNDe38PHatWzZsoWpkyczevRoamtrO8fZV0eYmJ2VRX5+Po7rkJmR3u15oWAa6aljOrX5mVIKx3HZvGUrmzZvpqS4mK9edFFn+Js8B2zHoaK8nHWfrGf1x2voW1JCPB6nIwmtWreOjPR0tNbk5+WybMUKysrKUCgCPh+nn3oqz86dS0Z6On6/H8MwsG2bj9esYeLxx+P3+4m0R9m9ezfl5eUk4nF8qbDyk08+YfG772LbDuefdy6hUDoKRX5eLoFAANu2sUwTrTWu6zKgf382bNxIwrapKCunobEhVX2q8bQmOzuL3JxcbNsmLS0IJPvEHn/ssWzYtJE3316E53ldwu6Ojz75/a7vghBCCCGEEEIIIcTnTQLUfzGmafJvX7+B4447jtmPPMKPfvRjQukhhg0bRn5eHh6aluZmPv10C60tLUw5ZSr/8z8/YWgvG0dBMgAs7duXtVXrGT9+PD6fj7a2Nqq3b+fM007DMAwMZXD+eeeSn5fXGd7F43Fcx2HUyJEMSoWeHbTWRCNRTpw4kTVVVaxavZoRQ4d1OWfd+vVUb9vGGaedxujRx/Dee++xes1aRo0ahT8QYOPGTZ0bRW2r3objOBQWFlIbrmPnrl2d40TjMbSXDDMTiQTDhg7hpBNP5I0FC6hav46xY8eQm5sMCnfu3El+fj5aa159dT5DhgymqKgI7WmOP/64zs2c9qU9D6UMTjjheLKysmhsbGTdJ+uT4avnkZaWxpfPPYdt27bxwksvU1NTQ79+e9pXaMBxHbJzsrFMiw+XL+eCL5/Hxg0bsXwWtm2ztmodSilefuUvOI7N9u07iEQi+Hw+orEohX0KmXLyycz/299ID4WwLIvdu3cTjcZYu249Ves/IRDws2LlSsrLyxk8eDDrN3zCmDGjGT16NMXFJfz5qSdJJGxCIQ1KccIJJ3QJM1tbW3Fcl9zcZDi6avVqLjjvPGrrwqkl/Mmf7cTjjyeUvidkdl0X1/NAKaacfDJ/mP0ItuMwaOCALp+BEEIIIYQQQgghxKEiAeq/qPHjxjJ+3APs2r2bLVu2sm3bNpqamkhLCxIMplFRUc7AAQM6e3kerGPHj2fjps08/cyzDOjfn6r16ynMz2fI4EHU1dejSVaMBoPBzmu0ToZwHy5bxu7dNcml6BqOPXYChqGIx+KYpslp06cze84c4olEl3uWFBUz75W/EIlE6VtSzPKVqxgzZjShUIjTpp3CvL/8lda2VnyWj+UrVzJ50iTS09MZ0L8fby9ezEvz5pGdlcWaNWs595wvAckANRGPo5Ti5EmTeHj2bBYsWMhZZ53JmaefzkvzXiFcV0dTUzObNm9m4sQT0Kml+G+9vYicnBxc1yEtmMb48eM6Kzg9rdGeRzQaIysrC8dxOsNEz/NwXQfXdenfvz+jjzmGuS++xHUzryEzM7PjwyIWjREMBCjt25eNmzeRn5fHqkiEgsJCtm7dSjQa5evXXYc/4MdxHP706GOs+mg1pX374jgunusycuQIVqxaRX19PfF4nCUffMDYsWM4ZcoUlFLU1dUx5/HHmdLUxEknTmTOY4/zxFNPUzlgINXbq1FKkZubg+d5aO2xYMFCAgE/jutSXFRE3759icfjBIMBivr0YXdNDXn5+bS3teN5Hsmd4DQL33qLrKxsXNchMyODkSNHoj031SognVOmTuEvr85PXZPkOi6ObX/2l14IIYQQQgghhBDi72DecccddxzuSYjDJzMjg/KyMkaOHMGECeMZM3o0I0eMoKy0lPT0/Zef9yYYDDJ4UCXRWIxwfT0DB/TnlKlTCQSDuK6HZZlUlJV1BoodTMPEsiwSiTiu62E7NhXl5QT8frJzcigoKCAUCpEeClFQUNC5U33HPQdVVlJfV099YwMjR4xgwrhxmKZJYWEhZaV9qQnXEU/EmXTiRI45ZhRKKdLT06koK6M2HCYai3H8cccxbOhQlFJ4nkdxURG5ublYlkVZ3740NDVRVlpKUVERJUXF7Ni5k1AoxFlnnE5BQUFngIoC205g2w6GoSgrLd2zYZPWWD4fFeXlnUvzlVL0q6jAsiyCwTTKy8owDIO+fUtwHIdQKET2XhWthmHQt6SEzMwsMjIyqKwciEaTn5dHPBFn4IABlJb2xTAMLMsiJycZUBYWFpCWlkZJSQk+n4++JSUEg0GKi4toaW1lwrhxhEIhDMMgFAqhlCIzI4O8vDwGD6rEtm1qw2H69OnD9KlTKSws7NwMytUejm2TsB1CaWkUFfXBNA0G9O9PVlYmOTnZ9O/XD601JcXFZGVld1as2nYC23EwTYuy0lIM06S4pJiM9HTy8/IxTYOy0tLOql6tNdnZ2RQXF/faUkIIIYQQQggh/plEIhGWLFnC4sWLmTdvHosWLaK6uprm5mYKCwv3+//aX7Tkfik/oKKigr59+x7Se4tD6+c//zn33nsvjz32GEuXLmX06NF7ir2Ocq+99lqv5yjdkYAIIYQQQgghhBBCiCNOJBJh/vz5zJ8/n0gkAkBaWhoA0WgUgFAoxJlnnsmZZ57ZZTPiL9Lvf/97Fi9ezOTJk7nhhhsOyT3FoXfnnXeyaNEiEnutCB46dCi33347ZWVlh3Fmn49Zs2b1eo7swCKEEEIIIYQQQvwzCi/gzhkzmF31dx7vRdXsGcz4uy6uYvaMO1kQPthz//45/jOIRCLcfffdzJ07l4qKCm666SbmzJnDQw89xEMPPcTvfvc7brrpJioqKpg7dy533313Z8j6RVm0aBE333wzixcv7vL1okWLvtD7isPj7bffZseOHYTDYa688kosy2Lx4sW0trYe7qkdMhKgCiGEEEIIIYQQ/7QqqX66u7CyitmzHmHT4ZiSOGgd4Wl1dTVXXnklt956KxMmTACgqqqKdevWEQqFmDBhArfeeitXXnkl1dXVX2iI+thjj/Hwww9TV1fX5ft1dXU8/PDDPP/881/IfTuFF3DnjNlU7fe9Gdy5z4t+UCF/1Wxm7DveESH5y4MZ+/65cwEH9buHAwkv4M6D/CXGsmXLqKuro7m5mWOPPZZTTz2VU045Ba01y5cvp7m5+R+dzVFBNpESQgghhBBCCCH+iU2eXMGi1WGmT99rk+CqJSycNo1pCxfu+V54AXd2CVUruebe25lemDr2vzC54hEeWQhMu4VbutwlzII7Z/HIpmncMmcmwzu/7hjqGu69fTqFVDF7xj0sBJg1g623zOHcXXcya+sl3MI93JOazrRb5jBzeDcPc6A5dnO88pp7ub3jYNVsZtyz53l7vMcR5Pnnn6e6upobbriByZMnA8lqz8cff7wzIO1Yuv+Vr3ylc/l+R5B51VVXfa7z2bp1a6/9Il944QUmTJhAv379Ptd7dyosoYJHWFI1k+EdP7+6rWyqrKRy0WrC06eT/IlXsWQhTLvlCP8h96Lre5r872rW7BLmHKKXd9GiRUyaNIkf/OAH5OXlAXDzzTdTW1vLqlWrmDRpEtnZ2YdkLoeTVKAKIYQQQgghhBD/zI6ZSMWi1V2q1qqWLGTaxIl7vpEKHitumcOcOXOYM+derqncxCP/u1e126ZHWNTv3uTxLuFNKiytuIU5e4Wniyanzp0zh1sqHmHW7CpgODPn3MI0Krnm3r2CoYX38HTH2PdeQ/U93Szb73WOyaraPcdvoeKRWclxqmYz4x64JTWf5D0Oto3A4REOh3nttdcYNmxYZ3i6detWHn74YSKRCOXl5ZSXlxOJRJg7d27n8vnJkyczbNgwXnvtNcLhz/cB58+ff1DnfbFL+YczcRpU79rzbFVLFjLtkkuo2LSVzrrY8C6qmcbEozs/3Uch0y+ZBguXHNKK2enTp+Pz+bBtu/PPhRdeSH5+/iGcxeElAaoQQgghhBBCCPFPbTgTKxaxujNvqmLJwn2CpcLp3D5n70q3Qo6ZXLnPOJVMPqaQfVXNnsUjXMO9HRdXzeMRruHGvSpeh8+8hWkLn+45sKzc6/zC6SQzon0iol7mGF7wNAsrr+HczuPDmTlnDjOHh1nw9EKm3TKT4XuNdeM18Mi8I2/hdofly5cDcOaZZ3Z+r7CwkDPOOIMzzjiDu+66i7vuuovx48cDyaXWHTqu6Rjj87Lvsv2eVFdXf6733VdBv0o2be2YS5hd1ZX0KxjOxGkL6Xxt6rayqbIf/5+9e4+Pqrr3//+eySTkQrhMCAG5DYUgweLjEDwCMkCxqO1XT72cXwmXcyy059h+kQI/03LKUQpWPfRLxS9Upaf9tQ85fEu4nO+pttVHxVopJAoo4KlWEBBJIMgtE4RAbnPZvz/23DOTTJKBTOD1fDxGzOy19157r73X3vsza63dL5DqrScT6gYfP11kl/pQgP+83nryYT351luh6U++pfP+YQVire/QS2Fd8js7wO+hlyK6+AeHMWjRTb9j4wl/+ctfltfr1blz59TY2Ci3262amhpduHBBTqez1SCq1+tVY1OTGhobY36awl5Klerowg8AAAAAwHWuaOJQbQt04z+0RzumT9R8SXtapAzrYi9JI6a0vuAdq7RK0oh5YxXsRX/6hHRsh0of3hCVeITmxVvO0IEKD832GzZCKj+t8xoYI3HsPNZUHZOGzlTLEG+Nqo5JO1Y9rB3Rk6bH3bIuV1VVJUnBMU8ls7t+eLf87du36+OPPw5OCwjMk+wWqIF1teVqB1Dzx07RiA17dGh+kYrOf6hyTdGCfEnDRmjHnkOaX1Sk86dPaMSU+8zj4dBLKt0wVMs2rlCRzABmzG7wcdP101tPrtKJeWu08c58f4vmJzUsbPiIYxuqNHPjRs33H5+l6+dpzcaNyve3nH710J2aX2QGaFedmKc1G+9Uvr+19pNvhQ010SrzxwBNX+b/MeCQXlp1QvPWbDTzceglPbzqVR26M+zHgk7YsGGDbrnlFr333nuqqqrSgw8+qJycHFVUVOj999/XAw88oNdee01Tp07VTTfdFHMZn1+4oMbGxpjTevfurR4ZGUnI6dVHABUAAAAAgOtd0UQN9QdWtGeHpk+cL0V0Ag4FJUf4g0Tn33pSpW31xB4xT2sWSOtL1+utsWFjkQbHPE2mDubRrzuMeRqurdaea9euDbYwHT16dMzxTq92IDOeq/UCq6D8gRqqcp0+LxXVVOnY0InmsTZ2ikaUn9Z59dOH5dKUBf7RUPfs0Ih5a4JBxaL75mlEqT8AG7bYQ3vCg5NS0fyN2ihJ599S+bERweWp6D7NG1HqH1vY/GrEvPv88/XTsBHSiCn+HxXyB2pocA3n9WH5MU2fucJ/bphd8jdsCx+7NVKLwP+IsNbeKtL8jStCSz99QgpbW0d99tlnevXVVzV8+HD1799fo0eP1meffaZNmzYF0zgcDg0YMEDZ2dl64403NG7cOI0ePVo9evQIpklLS1NOTo68Xq/cbnfEOnr06KGsrKxO5/VaIYAKAAAAAMB1r0gTp6/SnkMTpR3TNXF+1ORDe7SjI0HPoQOVn1+kmdM3aNX6tzR2xZ3KHzhU8o9FmfCyTpzWeRUF08dsTdpGHkOtVouippsBrfLT56Wi5IZ0r6Z+/frFnVZVVRUMns6dOzeim78UCmAOHdr5YFr4Otub/qq9SEpFmjj9mPbUBMbz9R/Q+WM1Rev14fmBqjo2VBPzJbOLv3RsR6kiG0WPMAOwwb/NdCOmxNjvNVU6pqGa2enDJ15r6Olxz5fWA/+RL2sbMSJ62I2Oee+99zRu3Dj1799fVqtVd9xxhyorK3X69Gl5vV7l5eVp+PDhys7OVm5urnJyclRVVaWbbrpJ+fmRW5GTk6PGpqbIAKrFouzs7Ihga6pjDFQAAAAAAG4ARROna8eqVdoxfWLs7r3hL+A59JJKNxyLlSr2sucv0/RjG7T+rfP+1nk7tCp8sMVDL+nhh1+K/+KbYxsUHI70/FvatmOE5t0XI5et5DH/zpmaHr6c4NiU0p0zp+vYhvVh40EGpqXuW6QCwcfwsU0D8vPztXjxYi1evDj4ghvnWfgAACAASURBVKlwgXmig1mdkegLpDqavr36DRuhE6cP+cc/DXybr4FDj6nqw9M6ETzO8zVwqL/VcuAlYhs3auPGsBbTYelCY6tGrEwjdEKnO324mMH86cs2RuWlg13uD72qDcemB1+OtmJmcgLmn376qXr16iWfzyePx6OsrCwVFRXpzjvv1F133aXi4mL17dtXhmHI4/GoZ8+eOnv2rBoaGlosy2q1Kic7WxlhXfWzMjOVmZkpi8WSlPxeCwRQAQAAAAC4ERRN1HRJ02O9lrxovpZN36FVgZfRbBumNcumS8fCXz7V6sI1f1kgSJmvO1cs0/Qdq0Ivt1klLQsGiczWgxtKwwKYI6ZL2/xpSzdo6LLo4FYieSzS/DXzdGJV4IU6pdowdJk5tmTRfK2ZJ20oDU0rn5LouJNdI/ByqFiByKqqKq1bt07r1q2L2TK0vLw8YhmddejQIVVUVLRrnoqKina3Wm2P/LFTpKo9qtIUhb/brGjidJ0oL1dYVFVFE6fr2IZXFYrRPxkzoF80MfIN9+ffetJ8AVT+WE0ZcUzlgZPh0KvacCz2S9XayLXGThmhHdtCL5U69FLrL7VqWyCw6x8fNbiqgRqq8DzvaTkGcAwXLlyQxWKR2+1Wc3Nzwh9Jqqura9FVX5IyMzOVHgigWizKzMyMCKh2B3ThBwAAAADgepR/p1ZsvDPsC/Ot9PH+Lpq/URujuvaHJkcvK2x8yNAXYenNZUePFBBrXeffkqRhum9FrPTtyaNibHP4pBWKMykl5efn6+6779Ybb7yh8vLyiJam4WObnjhxQkVFoaB44MVSd999d9JaoK5du7ZD861atUr//u//npQ8tJA/UEN3bNCO6csij5t+w6RjJ0LjlUr+APqTKn34Yf8XIzRvTYxWny3STdeyjeaQEXeuWKaqh0PDAExftrFlkD+RbN+5QsuqHg57yVpoHe3mH4t1Q+nD2qARmrdsnkas8o8Nm1+k++aNUOkGf56nz9O8EVJbIe0LFy4oLS0tZiC0NVarVVeuXJHH41F6enqLaTk5OXI3N8uWnt7tWp9KksUwDKOrMwEAAAAAAG5M5ougplyFl051f/X19XrmmWd08uTJFmOdBlqmRn+3adMmDRkyRI8//riys7OTko9f//rXHXoh1dChQ2O+3Aqp689//rOOHj2qcePGyWZLvN3lwYMH1adPH91xxx3q06dPzDQXL15URkZGyr08qrS0tM00tEAFAAAAAABIQdnZ2Xr88cf1zDPPaNOmTdq/f7++8pWvaPTo0cHAaX19vT7++GO9/vrr+vjjj5MePJUUMwhaVVUVMeZlVlbWVXxpFK6VK1euyGq1yuv1tquVqNVqVWNjo7xeb9w0vXv3TkYWuwQtUAEAAAAAAFJYfX29Xn/9dW3fvj0YtAwESOvr6yWZAcx77rlHDz300DXJU6C1a0B0C1l0T0eOHNELL7ygpqYm9ejRQ9nZ2crNzVVOTo6ysrJksVjU1NSk+vp61dXV6cqVK2psbJTP59PMmTM1adKkpAbvr4VEWqASQAUAAAAAAOgG6uvrtX//flVVVQW71A8dOlTDhg3T+PHjr2ngqr6+Xr/4xS904MABFRcX65FHHul2gTNAIoAKAAAAAAAAAHElEkC1XoN8AAAAAAAAAEC3RAAVAAAAAAAAAOIggAoAAAAAAAAAcRBABQAAAAAAAIA4CKACAAAAAAAAQBy2rs4AAABAexlXXGra9YI8lXtl1F9oK7X/X8vVztZ1wCJr74HKuv9/yZo/sqszAwAAAKQEWqACAIBup3HHWrkPvt5m8NQwDJmBU4KniTHku/iZ6l/+XldnBAAAAEgZBFABAEC34zm+O6F0hE07xqg729VZAAAAAFKG7cqVK12dBwAAgPZpTvD+xUIItaO4RwQAAABMNrNrGwAAABDCPSIAAABgogs/AAAAAAAAAMRBABUAAAAAAAAA4iCACgAAAAAAAABxEEAFAAAAAAAAgDgIoAIAAAAAAABAHARQAQAAAAAAACAOAqgAAAAAAAAAEAcBVAAAAAAAAACIgwAqAAAAAAAAAMRBABUAAAAAAAAA4rB1dQbiOlKmBWsr5Jj9lJZOyWs9ratcq5fv1qSnlqqtpEmd9xpwla/W8s2VLSc4ZuuppVNkZvmIyhaslZas15xRgXkGa8n6ORoVd5nxp199R1S24BUNSdF9fs24yrV6+WbFKF2Tc4nW33M2pY/P9jGP04pYk5xLtH5OFx2NZQu0Vub6XeWrtfzkA12TlyNlWvDKkLDz+ppnQGUL1qo6bp3b1vTWFl0ms4pKtM4JO1Yi6roU4b8+teTsZL2a4tvdjaXPfEOZQ3JbTqh9TXUvPZ2UdWTO3610xVveE8ouvVf66yTVb0/K6totfeYbysw/qsYXH5W7C9Yf934mqv53la/W8t2TrsLx71L56uU6+YB5r9T9JbfObs9+79JrZbcW7z7IodnXxX0eAADXtxQNoLpU/kqFnE6nKjZv15EpVzHQlzdFS9dPuVpLT44YwaUjZQu0fLXi3+g6qvXK6nJ9K3r6kTL/A8zgq5dfJCbi2Iv3YDcq9Y/Pdon1kGA+UKwe0oHAXBKMmrNe66/5WlPY7l+prGBp1HHoUvlq86HPcS3ycGSfKlI9gBgjf67y1Vq+oKzjQdTusN3dWYtgaYmyHl2i3PlKWhAVbWhxP2Ne+xaUhb7Pm7JU19Vl72pLUp3Nfr9WWt4HucpXa/nyMhV0WcMGAACQiNQMoLoOanelUw8svU2qWKt9R+ZoVNQdxZGyBQo0AHI4neFTzNaNSyZp91p/6z7HbD21tEDbg7/6ht28RLRA9c87e7A2bw78PtzZFkVXx6h7Zsux/KRcUpwH7UmaNHi3DrqmRNykHdnnD0zHbAaYQqJaeDmXRAYWw8vfn8B8+IrV0s1VrtXLT+oB/3eRrWBS/Ff/8ONT/u1YIq0NbHywlWqgJWvU8drGfkwNo3TPbIeW7z4o15RA4Mh8qA4VU1RQKar1brCluqtcq38lTRq8WZsrJDmX6Kkhr0S1qolssR1ogfrUkFf8x8VaLag21+cqW6BXhizRpN1r/Xkxj5eC7WH1T0TrnqjWJWHBArPFziTNrt4c3K7gvGHltHzByS6tcwZPmqTqfUcUUem6Dmq3nHI6KlQtxW65345WpkfKFuiVIbM1ePPm4L5yRrSgN3fQ8gWb/d9HHQ9d2GK5NXlTHpBz8ys665JG5UltHQ+/0qTgPrjtTof2vRW93dH1Vfj5fURlC/ZpyOxqbd5cKTlm67FJu/XcyQe0RGsVqiLW656zYcuI2HdR+1Xhx3MC18N452Ewf7G3PXVsVcOLhcouvVfZ9zztbxlqBlVtmaFUxsm1urxtq/lH8YvqOb1YlljTJEm3KLt0t9L8f3mjW5zetFm5pf6QVuOBqNagZivVwLzRy86cv1vp9rBlhQWEM+fvlvXKAVmHFMuiOnl23K2GA+HLq5O3tv176OrL05SlS3RywVqV3RZ2zPvrbEWdJ7HPi+jreKxjLy90rK9dENYqs5W6Jfp6Mnas9GHviHPg6rWWTVxCdXZAi9bzoXM6er/Hu16F9n3oWpmn1sokgbqkrXzFu3YGNre146Eb3AfljZkkh04G/w7vGSMp8prrit0DwjH7KS0t2B5/Wsre6AIA0H2kZADVdXC3Kp0PaJRGSU5p7b4jmhN2Y3ikbIHWVs/WU+unKC9w8yuHJgVTVGrzK5P01Pr1yvPfSC9f4NDsp9ZrfZ5//u1HNCXmHVSlNu8OzGsue23ZbSn44Ne2MbcN1q8OujQl7IF2X4VTty1RagdQg4GY9ebNtatcq5evVrn/hjiy/APpAw9ft8mpyKB76HgKe0BYvzQ0b7f61b9Ca/ct0fr1c/z7Za0WVDj9+8o8Xl8pvycsKBd/P6Yuczt2T3pK65f6Q55lC7S8rMB/Hh5R2fLNGrxkvZaOkvn3guUqK1ivOXmSKjeb8673h2LLE1tr3pSlekqR3RJdkio3v6JJ4XXH8gVyzPYv/0iZFqwNtJIPBWbXjwptx+rysAeXis06GZh+pEwL1v5K5WOWasqoOVq/RF3chd+vYIwm7d6uI2YNLMk8hzTpAQ3Z7X8YzxujSY7N2h1WvxzZZw65kuh5VLl5d3C/uspXa/naMt22fo5GTVmq9QXhwxn46/jBS7R+6SjFarGWmto+HsL3gSR989bIYRxCw60sDdVfES1cK7T55BKtXx8Iyu42f3Rcsl5mFbFay9cuUIXTn8ZVrtXLX1H5PUs1JS96vwbW5z8m86TWr4etnIejEjgXUsbT8tXeK1vvEkkyg6f1r6nuRTMwaXb9/5ayireaAcnpxfIFg6JPKLt0ibLv2RoKktrzZOyYpLoD/nm/uFmZ22er0T85zS6510xSo8ygZ+ajL0ovPiq3P3hqPblWddu2Bpfdc6Z0edtWM3iafUCNa/wB13s2K/eL4YFfKW2IPbhsRS/PH/gNZiSljNJtTumV0C8PEaLPk9av42bLy+rZT2l9WIB0dflTWrr0KSmip0cCdUvE9cQ8rkP3Fy4d3F0p5wNLU7/OlvzXnGrNfmp9WGBzbfx73HjXq1jXyjbvrVqpSxLJV7y85MnfsypUT0asu5vcB7kO7pZmfyux6+eoOeY9YGBe/3XigSl5klqbBgAAOstqGIZS63NY2zdXyjm+UIZhqPDuWXJUvKJdNaHp+yok5/1O2Q1DhmGX85uz5JCCy5DCpxdqvFOS83457eb0wvFOqfqMasLSx57XrqKJjoi01/4jSdHf1WjXrzar0jlehWH5VvQ8heM1ePdHobwf3qcK53gVBpN3XTnHX3+Ndr1SIefi2cFtM+xOfXOWtHn7YbP8Zr+oF78fKCNzO53B7TfLu2Lf4eDyPtodOJ4Oa/tmadY3w+edrcXOCr2yq6ZL94dhGDIiyjD2vpIcmnV3oX+/FGmiQ3LMutu/r8zjtfJkTUL7MXXK3TznHROLzHI5vF2bNUvfdNqDaQpnL5bTXw/U7HpFFY5ZurswMH+hZr/4omYXhvbRxCJ72PJbnkMR54vCp0elVYy6Q07dH8hb4Xg5Va0zgXw5FwfzEaibtHm7DgeWHZ7vwvFyqlIna+LnsyvKR4ZdRROrte9w4PsafbRb5j4N7jf/sRasXw5rX0X0fg//RNU5UfvVXjRRDv9+bLEvDm/X5kqnFs8ujNivkdeFa/2JXVaHy9aqwjFRRfZEjwczbezl+q+FYeew3flNzXKE6itJwWtlcP6wY8zcr9F1RuCYs8v5/Rf14uzQ/Gb6xK6HrZ2HbW97Eo/XJPBeqZMlp1Bmi9RJEd353Z8cVfw1Pa36NVEtTGt3qeFA+Lx5shSHreuvoWBq418OyMgslK1YSp85VWmNB9QUbHH6tOr/WinLkAeUKanxpUmqC2+tuv0jeaOzU/tRKD56zy1KU6U8geUdeFRNJ+sS2h/hrsV5YxiG7IMD167odIo6T9q4jvvri2Ad7T/Ovx/429yohOuWyOtJ1P1FzUfaXenU+ML27ocknwMJ1dnmfnrxxe8H693g/XHM65/acb1q+95KauXeOpF8xc2Lea8Tug8KLG+2ClP2PqhSm5cv0IIFoc/yzZVhx78RdV8SKusWy6vZpV9tlmb9KGwbE5nGhw8fPnz48GnxSUTqtUA9sl8Vjln6UeBn2LwxmujYoj2Blk6us6qWQxPDf0zNK2hzRE/H4G7862vFOj0a3WLUMUs/mt3Wb9WjNH7wb4Pd+I/sr5Bz/GxJ+69SRpPBpepKqWLdoy0H2XdGpSz/iX64pbLF5FHjndK6/Toye5RGuQ5qT6VT94+S/9ipVMUPH9WWqEU7ZiV3K66lwQWxju3E9+O1VaktMff/j/R9fwsJ19lqqbJCP3y0RSrNkuSqrpQG3991LX4cg2Ou22Xu8Jbnatfu8A7JGzNR1W/4u4S6DmqPJuqbedLBqDSOLdXmMCKus6p2TNTdV6FQXGerJcfEyH2eQJ1/1VVuiXGMOrX4RbP16JHOHg+xrnXKU0G7N3ywYlYRYY5sflTrgvl0aGIi2WvlPLwezoXI7vKBwOPTcp+cqswv7lbuF9WBF1DVyTgf9ueB0/JNL5YlX0rLyZXqT0e+3Ol8rQzZI5YQ/TKsFkHUQLreeVLj0Yjp7osuZea3I7upqI3reMz6Iu6i2l+3jBrvlH57Vi6NUp6rWpXO8SnReyWROjvIVa6f/HBL6AWWnT0tk3Vv1aF8mfc6g+/vTvdBDs360fcjW8Ae2axH1/1W5Xd/vx0tY49o8w+3SLN+FGOe1qYBAICOsiUaab02XCr/bYVUqZYPppVv6IhzlgqN8F9hI5NEfhc1vUVUOTLSHG9eI/xX9s5uXgcYhiTnYr0wqzDmxMg8mfkOz3Ph+MFa98YROWdJ+yucGj/LkHE03vzXVqwyDHAufkGxN9mQq/xZrdhaKcmpxS98T4U6qi0L1ylYboXj5dQ67T8yS/Yze1TpvD+spa5DJU9+L+YNZdeeC0ZYi4Pwr8OOT0Ufqy3nif63tf3YNSL3/9EtC7WuItRayMybJEeJnvxerK7shkKHb4xtiHE+xz+HI/d15DxRKWPVHbGmt3KuuhLKR9fVNSGGDHuRJlS/pF0139OYg3ukCfPNlkNSqC61F2mCY0vwPItIE3fRcfZb3HrYkFqpg1urQ666eMdoeD47fDzEuzaFrSOR61XYhGBdETaPef75t+WFKcpzlevZFXsTuh6GshK3Ek/wutVxlraTJCQtJ1fGFbNmCQZOG/3d5YtfVM/poe1wb7s7ogt9bum9McZBTb5Q4LRS7jV3q9HfRf9qS+a1Il79KplBd8cguyKub7HO/zau4+aQLfHq0cjjv7X7u9jXXJn3F5W/1Uc1Tg3YXyHn+FldfO8gJVxnu8r17IqtqpR5b/C9Qn8dILW938PXZUSVZZv3Vq6Ief1ZCi2/Hflq/doZe++k3n1QjHq98C6VOFZoz0c1cobtxPjXSJfKn12nCudivRB2/2RqbRoAAOgMa1dnIILroPZWOlTy5At64YWwz5MlcqhC+49KyhugwarUqfCXIbjORA6Sj5DC8XJW7NfRo/vN7vtdnZ822TXIIVWfccWZ7tLBvZVyLn5BL7wwK872+LvZ7S830473p4p17Fy32tqPqaFw1pMqcVRo3bPlCuQ0b8BgqfKU4hWT3dwwpdqWpWq+OiZPYyZIew8e1cG90oQxsZqw5GnMBIf/PIuXJgk5iXU8dIM6v9PHQ8z6yqUzSdvwo9pf4b/exvyxonWtbV/3OheekNUu+S5u9f9/nTw7orrLx7J9turWTFLjyTpZ8qcqPaF15coS3gK0eKCs/lap3it1UvbAyOXk2/1B4hLZ8nPl/esk1a2ZndAwpu6LLinTHnwhleRvlZqSjmp/hTR4QAL5a+M63tb1o820bdYthRrvrNTeg+Xmj9Ipc1PVdp3tOrhXlc7FeuGF2AHFjq+6c/dWnctXa/c63eM+KFxC54AkV/lL2lrp1OIYO6y1aQAAoHNSKoDqOrhXlY4JanHflzdF9zuliv1HJRXqrhKHKn4bCLi4VP7SVlW2WBpMhRrvrNC6dRWhQGJKy9OU+52q3PqSyoP3vC6VP7tQz4a+CLsh9v/SHrWUwvFOqWKrtlY6NCjYA9J/7KzbEmzFKB3VloULteWorjOJ7ceul6cp80vkqNyqFYFCKLzLDKqGF8rRLVq40Cy3vCn3y1m5VX8MTm59u8yH5L066J/sKv9ty+58ydgSf75eCsuHq/xZLQwLDncneWMmSFvXaati1MlhaRwVW1tN02ktjgd/ne+8P6W7Jnb+eGhZXwUejO9P2oaHBz2OasuKxK+lrZ2H3edcKFHWo/cqrfa1sHFMw4Oc5kujQi1dn1B26W5l3xOa35afK+P8rtaDrWHSRr7oD5KWKGtSsSz+MVPd23bJm1msHjNLQuv6okPGyVeCAVNr78A0f75bW9H2V+RpdMgWWF7xi+oR1vU/dYRayyUW72njOu6vL34bduwd3bJQC2Nd5DtYtxSOd6py69aU+1E6kTo7/IcNV/mzYUN3dEYS7q06nK/Avc4fQ+t2levZhc+q3NVd7oMkHf2jtlaGAvL2QQ6pYn9wm47+MaxuPrpFK7ZKJU/GaETQ2jQAANBpKdSF/6je2FopR8m8mN1ARxZPln76W5XPKJXTWapF1d/VioVml7nJJSVyVO4NDZQvRXRxbNHtMFbXyHjzBid3URf+sLy1lio839F5Hlk8WaqQikf6tyuiW3hXMGSoUltXLFRkp0eHSlaWyjmyRCtL1mhl2HRHyUqVOu0yDMk5r0R7V66Qv/g1edFKlfxupbbuO6KSkf5bxpHFmqwKve2Y4H/5hPm13X/srFsYujufvOh5zRoZv/vXtRGnu2748amw/zdizxNxvLS6H7vmaI4+vyRJdqdKF1Xruz9dp2cHrVSpM0/O0kWq/u46hYppshY9P0sjDUOGRqpkZYnWrFyohcHJi/S8065QT8GwdYws0aLJ39VP/fvBUbJIJY6fqjpwvoTVD/aiCXJsXaeFFeb6wrsxBpZr/hPVJdowZBiBfIWOTTlKtLLUfHFGKGux5pV5zFb+VCsW7jXPg2seHIzKj71IExySJvhf7hU6GEP7o0WaeIuO3G8t6+RQupZ1lF3O0pXSmpVaGCjwyYv0fMnIruuamFAd2t7joeVy7c5SrdQarQxtuBY9X+I/DxK4XrXo+hpeZ4xUyaLJ+u66hf4fFBwqWblIk1f+VHsP1sjpbGv5rZyHhr3Vbe+yLvx2s8t9OCP41nvJfHHTLcoNjHGqOnl2vCbv9HuVNrJEOhA9XeY4qAl336+T57xdmaW7lSmZwwQEx1B9WvVrpOzSJcotXRLMW2BogIbdU9Vzemia969r5Rm5RLabnpAUaxzWrWp4sTBseZXynKyTrZ1joCa1C78kVYTX6yZHyUo978wLriv8OAvPR+Cv1q/jdv/1I/rYGynDkIomOLR13UJVTF6k52cVtl63RNdLAf77CxV3YR0kqb11tt05TyV7VwbvnTV5kVaW/E4rt+7TkZKRwdF2Y+/3yHVFXysLWy2T1uuSvHbkK/a103+vEyxEc91OuyHDnor3QfHvf0cG635znwT25+RFizS54neSYejIPvO7FsuYvEiLFH/a87RIBQCg0ywXLlxIlQgqAKBbcalizQZpXlcEfHGjS/vVV7s6C9c977f+0NVZSEFHtXXRARX/tIRWfgAAANeJp556qs00KdQCFQDQrbgOaa8m6Bv2qBZaAK4L3CPGcHS/3r6jWDO7rBcPAAAAukJKjYEKAOgejm5drMU/2qsJ35jc7hcQAUD349Lbzy3W4hekhSW0PQUAALjRWFwuFz+gAwCAbiX9pXvbToROcc9/rauzAAAAAFx1zzzzTJtpaIEKAAAAAAAAAHEwBioAAABa4B4RAAAAMBFABQAAQAvcIwIAAAAmAqgAAABogXtEAAAAwMQYqAAAAAAAAAAQBy1QAQAA0AL3iAAAAICJACoAAABa4B4RAAAAMNGFHwAAAAAAAADioAUqAAAAWuAeEQAAADBZLv3vqdwdAwCA7sXb3NU5uP6lZXR1DgAAAICrbuXJ29pMY5PFcg2yAgAAgG6Fe0QAAABAkmSTp6mr8wAAAIBUwz0iAAAAIImXSAEAAAAAAABAXARQAQAAAAAAACAOAqgAAAAAAAAAEAcBVAAAAAAAAACIgwAqAAAAAAAAAMRBABUAAAAAAAAA4iCACgAAAAAAAABxEEAFAAAAAAAAgDgIoAIAAAAAAABAHARQAQAAAAAAACAOAqgAAAAAAAAAEAcBVAAAAAAAAACIgwAqAAAAAAAAAMRBABUAAAAAAAAA4iCACgAAAAAAAABxEEAFAAAAAAAAgDgIoAIAAAAAAABAHARQAQAAAAAAACAOm2F0dRYAAAAAAAAAIDXZiJ8CAAAAAAAAQGw2gyaoAAAAAAAAABATLVABAAAAAAAAIA7GQAUAAAAAAACAOGiBCgAAAAAAAABxMAYqAAAAAAAAAMRBC1QAAAAAAAAAiIMxUAEAAAAAAAAgDgKoAAAAAAAAABAHY6ACAAAAAAAAQByMgQoAAAAAAAAAcdh8RFABAAAAAAAAICabjy78AAAAAAAAABATL5ECAAAAAAAAgDgYAxUAAAAAAAAA4rD5GAQVAAAAAAAAAGLiJVIAAAAAAAAAEAdd+AEAAAAAAAAgDpuPt0gBAAAAAAAAQEw2W6/+XZ0HAAAAAAAAALj2LredxGIYNEEFAAAAAAAAcOMpLS1tM431GuQDAAAAAAAAALolAqgAAAAAAAAAEAcBVAAAAAAAAACIgwAqAAAAAAAAAMRBABUAAAAAAAAA4iCACgAAAAAAAABxEEAFAAAAAAAAgDgIoAIAAAAAAABAHARQAQAAAAAAACAOAqgAAAAAAAAAEAcBVAAAAAAAAACIgwAqAAAAAAAAAMRBABUAAAAAAAAA4iCACgAAAAAAAABx2K7GQi9evKhLly7J4/FcjcUDAAAAAAAAuEHYbDb16tVLvXv37pr1J3uBFy9e1OXLl5Wbmyub7arEZwEAAAAAAADcIDwejy5fvixJXRJETXqE89KlS+rduzfBUwAAAAAAAACdlpGRIavVqosXL14fAVSPx6O0tDQZhpHsRQMAAAAAAAC4AaWlpXXZcKG8RAoAAAAAAAAA4iCACgAAAAAAAABxXJWBSum+DwAAAAAAAOB6QAtUAAAAAAAAAIiDFqgAAAAAAAAAEActUAEAAAAAAAAgDgKoAAAAAAAAABAHXfgBAAAAAAAAIA5aoAIAAAAAAABAHCnZAvXolu/qp2/HmGDL1aDCCbrr7+/S+ILsTq0jPpcq1qzUVpVoZalTeZ1O19X8+Ry0SM/PKuzqzAAAAAAAAADdylUJoCZHlhwTijUoLIcNZw/p0NE3teHpvfrgf0dKpwAAIABJREFUn3+g+bf26rrsAQAAAAAAALjupXAAtUATvjpLzuimnfUHteXpn+ntl/4/FT5R2nI6AAAAAAAAACRJSnbhN/z/NQxDLRaVVaSSf56mA8/t1O92HNfkv3f4J9Sreu9v9Js/fKjK2gZ5JNlyB+nWr87VTOdgBTv811erYtsm/eGDU6rzxEoTWKdb9Ufe0Natf9Chcx7Zsvrr1r+bFzOd66P/q5f+421VNUhZ/W/V382bKefgyCEG6qv36je/+Z0OfFInj2zKHVmsrz30kCZEpEtkG1yqWPOktg3+hr5r+4N+tvOclHu75j3+D7o1W7p08L+0YdPb+qTOI1v/Ys39n3/nz6fBy70AAAAAAACAdkrhFqitcDg1w75Tv/+kUi45lCfp7B+f0+rf12rQ7Q9pbrFdWXWn9Paf/6AD255TQ9ZK/c/xvSS5VPGz1dpWO1LTHvqGiuxS7YE39Zttq1XteVxPfKkgtI5Tv9NzPytQ8UNz9R27R4d+v1U7tz0n9fpfmndrekS6n/2yl4q+NlffyW3QgTd/o22rj+rUd1eqpNBMV390q555/m01DLpdD32jWHbPJ9r5hz9r0+pDqvzu4yopNEOjiW2D395N+lnBBJV856ty12bJkS1d2v8zrfyPQ9KgaZo7t0j6ZKd+//wG5V79EgEAAAAAAACuS90zgKpc2QskHTqrWkl5qtQHb9cpd/L/1GMlhTLDlmM0prhAG/7llzrwyVlpfC/JdUh7q6Tbv7NIfz/Gv6gxRcpqeELbPjgq15cKQi+D8tj11cf/RXf5Y6pjCrNU9y+/1IEPjmrerWNCWfHY9dXHnwilG1+ogqef0e9/t1czSp3KU6X+8Mu3VTfsIa0o/ZJ/+WM0ZkKxfvf0ar259V196YkvqSDRbQiut0hzv1ui8cEGrJX6r22HpGEz9XjgpVZjxmjsyF/ryX+vSubOBwAAAAAAAG4YqdmF3wj9T+xFZSm3rxTs5q9hmrHix5oRmCeQzHaTRg6SDtTXq9kwlJ6bK7tNOvD7LSrK/arGDu6ldGWp+J/WqDg4r3/uQZM1rn/Y+gPLOlurGsNQXiDdyBm6PTyd+mvc5EH6/ct7dejiZE2u3a93G6RxM+6QPTxvGqRpM0bqzbI/64Mz0zSjIMFtCEwZVqRhWWHrPXtUHzZIY2fcHrGerKIZmmF/V7836MIPAAAAAAAAtFc3bYF6SedOxfrerXrXWZ06d07njh7SBx9+qE/OSVKdLknKS79Vfzd3rKo2vaP/+Mk7ki1LdsdYzZgxQ+OKChQxaqktPdYKWupvV6+or/IGDZP0vs7WSnK71SC7Bhe0XF4ve39Jn8h1SVJw9IA2tiFePi65VCu7JrdYT67s/RPbFAAAAAAAAACRumkAtVZnz0kaNlh2/zeuA7/UC5s+VK355iXZexVo2LjbNfb9nXo/bM684n/SiuJLqj70od7989s68Mm72vbv7+o3w2bqXx+bHD9A2W5Z6pUlyZ34HIluQ/uky5bV4ZkBAAAAAACAG1pKduEPLkdxuvBXHtC7DVL/4hFmd/VL76rsPz5Uw7iH9cM5xbIHG2Ge1Zvv79T7MiK7xStXg0bfoQdH36EH5dbZnS9o1cu/187jd+hBh/zpoudp+b0hSbWXVG8YCo9R1p6qktRffXMNGfXpylKtqs82y+gf2Tr0Uu05SYNUYDdkXEx8G2LmL9cue8z1uHS2StLo5JULAAAAAAAAcKOwdnUG2q3hkLb9aqcabKP1lXH+fu/nKvWJpLG3hwceJZ16V+/Whv50H3pZP1q2XC9Xhi8wXb1yozvht8PHOyPWoYZP9Oabp6SRxRqZJckxTrdnSe+/+Y5qI2Y8pZ1vfiLljtZIe+LbEFdBkcbltlxPwyc7tTOR+QEAAAAAAAC0kMJd+M/p3de36VRYDhvOfagPP6mTR7m6Y+E3VByIe/YfqdG2d/Tur36irJn3aXRug2rf36lXD5ySO2z+9JFjNdq2Uztf+IkufWWabh+Uq7pT72jn6x/KNuzrmuboQDZza/Xmv/1Epx78ssaln9LO13fq44Zh+vqc2/1jozr0lW/doQMvvKx/+8kpPfjlcbJ7PjHT1ebqjoUzNKgd2xDfIM34xh16N2w9WXXv6NXff6i6DmwWAAAAAAAAgBTtwm/O3aCqd99RVdj3tsy+GjbuXn35vhkqsoetJ3ecHl5Sr//c+KreLvu5dtoy1XfY7fp/vvdt2d/5kda984mqm+9Q3/QR+vqyR9V348va9XqZ3vePNTrijke07MEi9TUMc9gAfy6MiC780d/7/x47W0tGvKef/2eZ3m2UMoeN0z8+MkfFfUPDD2SO+LqWfW+YXn75Vb288V15ZFPuiDv0j498RcUFmeZ2JLwN8fIXWM9N+s+N5nqU2V9jH/hHjXvv/+hP/vQAAAAAAAAAEmcxkhxVO378uHr16kSXeAAAAAAAAACIcunSJQ0fPjypyywtLW0zTfcbAxUAAAAAAAAArhECqAAAAAAAAAAQBwFUAAAAAAAAAIgjJV8iBQAAAAAAAACpgBaoAAAAAAAAABAHAVQAAAAAAAAAiIMAKgAAAAAAAADEQQAVAAAAAAAAAOIggAoAAAAAAAAAcRBABQAAAAAAAIA4CKACAAAAAAAAQBwEUAEAAAAAAAAgDluyF5iZmam6urpkLxYAAAAAAADADSwzM7NL1pv0AGpjY6MGDhiQ7MUCAAAAAAAAuIGdPnOmS9ZLF34AAAAAAAAAiIMAKgAAAAAAAADEQQAVAAAAAAAAAOIggAoAAAAAAAAAcRBABQAAAAAAAIA4CKACAAAAAAAAQBwEUAEAAAAAAAAgDgKoAAAAAAAAABAHAVQAAAAAAAAAiIMAKgAAAAAAAADEQQAVAAAAAAAAAOIggAoAAAAAAAAAcRBABQAAAAAAAIA4CKACAAAAAAAAQBwEUAEAAAAAAAAgDgKoAAAAAAAAABAHAVQAAAAAAAAAiIMAKgAAAAAAAADEQQAVAAAAAAAAAOIggAoAAAAAAAAAcdi6OgPJd1i//vZz2hX+1fA5+rcfTFO/diylZueP9a9lxzV8zjNaNq2tOQPrnKrSn8/VzW0vXKseL9PxDuTr2mnnNgEAAAAAAADXoesrgHp4kx55blfL74+X6V+/Xd2uQGC/aT/QL6YlNXcAAAAAAAAAupnrKIBao50v+4OnUx/TL+beHPr+x49r0/FdWrPpNv/3MVpX+oOvgRansVqgBr4zDdfcZ36gmI1TAy1MW0vTppYtaac+9nP9g3+zDm/6ttbsCv/Onz7QqjWslevcIWXa5F9QdIvahLYpuD2K2rcAAAAAAADA9e36GQO15iO9c1xmd/2IAF8/TfvBY5oqSbv26XBHFx8RaJSk49r0+I+1syY65WH92h9snPpYR4OnNdr546hhCCTtem5T+/N/PBQ8Nf/8ZTDPiW3TLq0JBE/NTOjXHd2JAAAAAAAAQDeTsi1Q3evvbFf69C9/ywzyDRkQY0zRm/W3U6Vdu07qTI10c7uDmof1etlxhbfQDAQf3/moRtOCXf1P6jc/3iUzjvtMsLVo+/XTtB/8XKERBAKtaDuS/0CeA8s4rpMuSf0S3aZQK9fA9JP+TLS3jAAAQGpJX/BWV2cBAAAASHkpG0BNKTVndFKShk/SLf7gZeQYqS7/v8d13N9Uc8iA5LwaKtBVv8OCee6nWyYNVzCDCW/TVP2tPxDcb8AQSeEtVgEAAAAAAIDrW8oHUBNuGVGzU8MlHT95RjW6Wf38rTbfmfSMlt3ykX7TRhCy5szJTudVkjR8uIYfP65dL+/UV34wLUZr2EQEWosO19xnfq5fzA383dos/oDoNUSrFQAAuid6kQAAAACJu37GQO13i+4YLul4mf5102FJ/TTtn+ZIZY/rkeAYnkMU2TDU7BIv1eij3a1EJ/sN0BCZy349MP7n4U165Nvf1iObwgcEnarSH/xAD02NSttewfFcA61DXToZJ3snzQ1QzUe729c2NOFtAgAAAAAAAG5cKd8CNXH9NO3Bqdr03C5p13N6JEaL0+Fz7pHZGz1PQ4ZLOn5cmx7/tja1ueyb9ZU5w7Wr7Lh2PfftsJc7Ddfce26Wol7tdPM9czR8V1nbrVCPl+lfv10WnUn92z+1Mt0vb/BwScd1vOxxPRI7SVK3CQAAAAAAALgRXT8tUCXp5rn6xc8f09Q2E5qtU4cH/56q0sdan6vftB/o3+YMj/hu6mPmy5diJNY/zxne8VaogflDK9IvHpsqyXzBk5nknzQ3Ikki2x29mnZsEwAAAAAAAHADshiGYSRzgcePH9fAAQM6vZzA2FzJG2fzsH797eck/xvlAQAAblTJv88CAAAArr7TZ85o+PDhbSdsh9LS0jbTXEdd+Ntys/7h5z/v6kwAAAAAAAAA6EZuoABq6wzDUH19verr6+UzDPXokSGrNa2rsxWTz+dTU1OTLBaLcrKzlZ2dLYvF0tXZSirKI7VQHqmF8kgtlEdqoTwAAAAAJBsBVJkPWxcvXZJh+NS/IF82W7rMkQ0MJXeAg84zn6ssslgkj8ejCxc+1+cXL6p3r16yWq+PIW0pj9RCeaQWyiO1UB6phfIAAAAAcDUQQJXU0NAgw/AqPz9fhmHI4/EoyUPDJp3FYpHValW/fnmqqXGpoaFBOTk5XZ2tpKA8UgvlkVooj9RCeaQWygMAAADA1UAAVdKVK1eU37+fDMOQ1+uTz5faD1smQ4ZhPnT16dNbNedd180DF+WRWiiP1EJ5pBbKI7VQHgAAAACuBgKokrw+n9LT0+V2e+T1+lK+tUqAYZjjpNlsNvm6SZ4TQXmkFsojtVAeqYXySC2UBwAAAICrgUG2JKWlpcnnMx+0usvDlqRgfg3DUFpaar4goyMoj9RCeaQWyiO1UB6phfIAAAAAcDXQAlUKvvG2uz1wSep2+U0E5ZFaKI/UQnmkFsojtVAeAAAAAK4GWqACAAAAAAAAQBy0QPUL7z7XWV6vR1cuXdT509U6+pd9ev+dHTr32Sk1e7yyZWRq4LCRum3Kl/W3U6art92elHxfb5JZHtdSd8xzIq5GeQS62YazWCzBTzJQHm2jvuo86qvUQn0FAAAAINkIoAYZMt+E27GHF8Mw5HU363TlUf13xZ908C/v69z5GjXVX5Z8PlmtFtmskuFuUNWh/1bl4Y/01wPv6aslc/WFwtGy2TpWFGZ+r8cHrvaXR1NTk5qbm5WZman09PQW030+nxoaGiTpqr3hmPJoYymGIRleqem8bLVvKd31R9mufCCLt0nenFFy95kmd7+vypftkKwZnQ5MUB5x5qa+SjLqq9RCfQUAAAAguQighgk8a3Xkocvn9erTj97X9rJf6MSnx3SxwSOPYVFOZobcMtTc6JUtzaI0q5RmtcqQV3/ZvUPnzp3Vw4/+vxo15ovtXmeyWr2kqrbKwzAMNTU1ye12yzAMvf/++zp48KAmT54sh8PRIn1DQ4O2b9+u9PR03XvvvcHvLRaLMjIylJHRuQfgG708EluIR9ZLHymj+hfKOP+aLJ5LwUm2hs9kq90tm2uHmoZ8R968aTLSsjq8KsojPuqr5KO+Si3UVwAAAACSiQCqn2F0rtvf5zVn9af/+j+q/OSImrxWNXktSrelySIpKyNdXq9FDR6vvF6fLBZD6WmSzWrR8UMfaNtLv9SCf3lCffPyOpBvQ51sZJOS2ioPn8+nczXVOnpij87XVsvj8ajmM68u1Hr13gev6dDJlsP7etyGTp/1yGKR/lD+s+D36ekZ6p83VCOG/K3y7Td16g3IN2p5JLYQnyz1lUo/sUHpZ16VvFdktBiG2S1bzR7JKzXa+srbZ7xkoTyiUV+lFuqr1EJ9BQAAACDZCKC20P6nF8Pn00fvVejgfx+QJS1dV5oNNXulnKw0pdnSZPgM9chIk8UiNVuscnu9avYYMtIMZfZI11/efUc73viDvvb1We3sGmvm9fp+4Iq9cTWuM9r70X/qYPV/qcFdI1kNpfkGyto7XycaTshwfx5jUTalZY+UZOijc4eDX1ssVuXUFOhC3d9rwhdnKq9vgazWjrxf7cYtj4R4rij9zBtKP/MnqalRhuIFGgxZXX+RLfeP8uYUShl9O7hCyiPmHNRXVxH1VWqhvgIAAACQHARQJQXGSzPHTGt/l7/mpkb9ZU+5Gtw+eT0+XW72KSPNqp5Z6Ro5rJ8OfnJWPp/PTGyRMtLTJMOQzyfJYijDZtUfX/2dps24R/Z+/dqxZkvYmGnX01NX6+XR3Nysw8ffUZXrdVnSXerbyypbumTROUnn/KliPewako7GnG4Y5+Rq+rNOnxunPr36dbA75Y1ZHomyuOuUdvZt6bKrlWCEn7tJ1pr3ZRlUK196nw6tj/KIjfoq2aivUgv1FQAAAIDkI4AaFOju52t3C5BLn9fq3Gen1OSVGjw+WS2GevZI08hh+bp7cqGyMzNUse+YZEgWSR6PIa/hk9dryGIx5DXSdKKqStUnKtvZLdaQucTr8WErfnnU1tbqcuNBZfY4rfz+NuX0tMqWYVFnhpAzDMnwnNHFS2b32o51i70xyyNRVk+DLBerZLgTay1nuXhKcl/uxBiGlEcs1FdXA/VVaqG+AgAAAJBcBFCT4Mqli3I3N0mWNGWlWzSooK9u+5uRGl9UoAJ7tu678xYNHthHBz6qVvWZz9XQ4FazR2qSVx6v5PH6ZJVVx44c0Rf/prhdrYluxO5+9fX1yslu0OBMi+x5NmVmWWWxmo+eHWVIMnxeXalu6tRLR27E8kiUYUhGs2S4Ewv2GG6L5Ov8OhGJ+uraor7qnqivAAAAAIQjgOpndvXr2EscMnN6ypeWIZtV+sIIhx78+v0aNThXRl21fJ5GZdl6aNrEIk0cP0rnXXU6ffZznXNdUk3tZV283KCTZy/p0PEa+Xy+dj8MX68vnWitPAzDUM+sLPXOylMfu0229OSs06J0VZ9J79SLR27E8kh4GdYeMnoMkT4/nVj69JtkpGV1MkBEeUSjvko+6qvUQn0FAAAAINkIoIYJPLy09wGoZ+++6pGTq/QeF3XX331Nt0/9sppqjqmh0SWrxSpZ0tRsSGkZFg0e3FPDhg6UfF65G+slb5MOfnpOS//3G3J8YUQwH4kJtGG6Pp+4WiuPm/Ie0fDhq5KwEp/krpfRcFHeyzVqvrRX1pNvy9eznyy9BsnI6CmL1SZZE2mFdOOWR0Lz23Lk6Xe7LGcPS81XWk9sscrb51b50vt2IiBBecRCfXV1UF+lFuorAAAAAMlEANUv/JmnvQ9AGT0yNWrsePXN7aHxt98mS1oPKS1T1oyeMqw2yWINDm/mNgy5PV75vIa8zYbSLYa8Pp8GDRmiIcOHd+Dh6/p82GqtPAItrnw+nxoaGnTx4kXZbDb17t1bly5dktvtlsViUV5enmpra+Xz+ZSbm6ucnBzV1NTI4/FowIABMpouq/nke7JW75XF0yhrjl2jCnrJYrjkPfOJPJ+45M3oJWNAsYz80VKPXmZZtp7z5O+MFNCZ8yPAZ8uR+wv3yVJ7UmmVf5K8zbETWtLkyx8j97B75OvRu1MtuiiPlqivko/6KrVQXwEAAABINgKoQT4Zhq9D3VIl6bYpX9JfPBdls3hlsVpl7dFTaZm95WtOiwhIGDIkr1fyNMnnbpJ8PtXWefTQ7H9Qn772DnaJvR4fuuKXR3hA4rPPPtOePXvUq1cvTZgwQe+//75cLpfS09N111136e2331Z9fb2Ki4t18803691339WFCxc0+6F75T74O1069CflDbtFVnuhLBaLLD16ypLWQ2m9ByvD55HH9amaD26Tu+cgGaP+h2QfKVnjnzY3YnkkypBk5AySpahEam6W9dR+qflyWLTDIqX3kM9eKE/R1+Wxj5bPCMzZMZRHbNRXyUZ9lVqorwAAAAAkFwHUMJ15bhns+IKaxk9Rzfnzys0bqLQePZWW3TuUIPhyXUNGmsd8SLKmyWPYlD1gtMY5p7frZSyReb4+H7haK4/Ag6bD4ZDD4Qh+P2PGjIh0X/va1yLmueeee6TmOnn/slHWM39Vvy/cKhk+WXxuyWKVz/WpLFl9ZVhtslgssmb0VMbgW6XKvXLv+6WMv/mG1L8oblDiRi2PhJdhSZO7/1gZt31Htp6vylp9QJbL5ySfV0Z2Xxn9i+S5+avyDPwb+WxZScoz5RGN+ir5qK9SC/UVAAAAgGQigBqloy1AbLZ0OYpule/yOXkaLkvpmUrLskuGZHiaJYvF/3RkyOdtlpobZbFYZWQX6AvFtyozO7uDLU+u74etWOURaM3l9Xp15coV1dTUKCMjQ3a7XS6XS263W2lpaerfv79qamrkdruVm5urjIwMXfy8VvbTrym78jWlO6bLcNfJe+GkZE2TJT1Lhs8rNV02gxOGId/n1bL2vknpA0bLd/gtef66VcbERVJOfrwcX/2d0oU63ULK0yjr51WyXPhURk6+vIUzJItNkkXyuWXxNcl69gPZLnwqb6/B8tkL5etZkEBX5Lg57nheuwHqq9RCfZVaqK8AAAAAJAsBVL/QG3s7/sCV3iNLVtsANbnrlWF1Ky0zV5IhX/OVUHMYwydfo9mt0JLeU7KPUs/eBZ14i3JyWtqkmtbKIxCQ8Pl8qq+v17lz55Sdna2cnBxduHBB9fX1yszMVJ8+fVRbW6uGhgZJUnZ2thpP7VN61f+VLStXqq+SJXug0voOksXXKDU1S7LIcF+WfJIshiwZWZL7iixpPWTNLZD1xNvyDvpbGYX/I+aLWm7E8khsAT6lfV6p9E/flK36XVkvnzWDdJm9ZfTIlSxWWZovS/W1sjRelKw2+TL7yNd3uNzDp8n9hbtk2DI7mO/2ZzfVUV+lFuqr1EJ9BQAAACDZCKD6hT9sdabFii8tQw1er6wejzIyM5SW2UdWa4bZiks++dzNMgzJYsuSkTNIvpwBMgcb7GhAwqfrsdVKW+VhGIa8jQ3qcfmCBvfuqbTmJtmaG1VQUCC32y2bzSabzaaCggJ5PB5lZWXJlmZVb+O/lZXZJGvvL0hGkyy+ehlWqwyvR/JZJMNiFoXPbH0nWWR4mySLTdbMnpKvWZYjr8rn+JKU0TNGvm7M8ghntVpbpEk7+6F6/HWrrN5GKf9meQePl+VKjayfHZC15ogsMmRYrDJ6D5G38G4Z2XZZGi/KeqFSPT7cojTXMTXeOkdGTv/gMi0Wi3w+Xxv5pjxaQ32VHNRXqYX6CgAAAECyEUBNOou81kxdvFyjPharMnP7ymdNk7zNMjzNshg+WW3pavL0lDd7oCxpmTIHHER7GIYhn9erppOV+vy9CqUPcii9b57OXaxTQ0ODMjMzlZGRoXPnzqmhoUH9+vVTr7RL6t3wkWxZ6TIyM2SRVT7vRUlWWWSTIavZksv/MXxmcyDj/2/v/oPkLA87wX+7e0ajGf0EBIifQtixQnBwHGPZzhpJce42Tk6U11srbgtRZv9I4qtUHX8AdUXig6uDwvFVyexW9m6v8PrqCpdR7aHKOlsoe/Fe1hGy18QYY3ttTCmOGfPDeAAJ0K/53d33R3fP9Px454c0g1qjz6eKYjTd8/bT7/P208/7fZ/neetJSpUk9ZQqXSm98eOUjh1J/YoPndN90ImqpZM5Pt6f7vK69HZtSildKSUZv+K6jF76xzk59lLeGvtpRmvH01d5by7/2D/PJd/8v9P1D3+T8W2/n2Mfuy2vj3wvQ9Wj6SlfkYu7d2Vt19UpV3pTqvSkXhpMPeMZHH8949WhrK1cn0p9zbl+2+cx7dW7QXvVmbRXAADAQglQJyzNiK6GUoZPn8jPX3wuV9zw4Vx05XvSXUpq48MZeef1vPXTH2Z0rJq+tVtSTs5qzl693hp5tNJGrRTXx8SU2FIp9XIltaHTGR8eSrVay+joaMbGxpIk1Wo1o6OjGR8fz/j4eCqjr6S7PJhKVzXJ6dRqpcaNcOpdSSop1cup1xvhUC2lpFpLvZrmwK5yMj6cUpJydTS1N19IbfNvziz1BVgf7cYznJ+f+o95fejp9FUuT3d5fWPkVX08w9VjGR4/mrH66dTr1ZRLq3JRz+F88LfvyaU3fCoDl6/ND996JG+P/H3q9bGUSl3pLq1Jb9emrO7alFIaI8VGa8czVH0jV/btyrZ1/yLlel9xqS/w+lgY7dXZ0151Fu0VAACwtASoTfXWHafPIpCo1xunPeP1pFIppXTylbzwn46k76obctEVWzI6eDLvvPyT9IwdzZqrtuXUWC2ruqrpLpdSLp/5qK6VuGbaXPXR29ubkydPZnx4KOlbk+7f+Sfpro6nklo2bNiQ1atXp7u7O+VyORs2bMjo6Gh6e3vTMzSYclctpcq6pDSSSkZTTnfqpUrq9XJSLqdWLyXVcsoppV5KaqV6c2RXJfXx0yllPPVyKaXB1wuPkwutPtpVSr2plFZlaPzNDI2/Oec2q/XhHB3+QZ49+nBuufpf5elX78hQ9Wjba45mpD6akdG3k9Gfzvj7rnJvyumZ9/N6IdfHfNvQXi0N7VVn0V4BAABLTYA6YfKs5UwCiXqSoVopx0bLOTaaXDU8li1XXp2+9UMZeOOlvPRaf7p6erNx45pcfvFlGU1X/svAybw+Xso168q5dmNPLurtSmURwUTpzJciPA8U18dFF12U119/PUdPns7F77khm0uT++ySaVvZtGnTxM/d45WUy+Mpb7wxpct/L7Vf/IeUht5MvTaSJKmlO+XmzZNr9XJSKaVcT2NabK2UUvVkSuVayl2lVGcp14VaHy2lUimVUk82rnpvLlt9c8ZqpzJUfTPD1WNzbrlaG8lo7cSUMGJ2payuXJLerkvTXVqTDd3Xp1zqbozXmqVMF3p9zPfX2qulpL3qLNorAABgaQlQJ7RGq9QWHUiMJ3lzvJKfDVfyi+GubF3flU21crrqvdl01ZVZ/56P5MSoA+UyAAAgAElEQVTIaFIupa/34nSPvpWu029kyyUX5d/93WBefOm1fPiqddn13o35wJXrsq5nYdXSutPwypzuV1wf5XI5V155ZV5//fWJ0VqVysw7TM8wmqwvdyUnn099yx3J++5K6dRPUhp8LamOpZRK6se+n/rQ26lXmslEM5So16pJ/VSyKqmPl1Pv3TDLVN0Lsz5aKqVqekZfza+O9uSGyq6crgzntdVD+cngf87x0f7CLdfq9aReSq029367qOe9uaF3Z66s9qUvPamPJGOlX2S4clVjJN70El/g9VFEe7UctFedRXsFAAAsLQFqmzNZU3AkpfxktJxXa6vyTq2cwdSztVJK18VXp368mmp3b4a7LsrQa/97ytWXMrp2Z3rWfSS9F9+Yvu5LUsk/5KdvHM9rb5/Kjwfeye//2qX5/V+9LJf0dS+gvDmjAOV8MVd9rFu3LrVaLcePH8/p06fnvbtxkpyq1bOpvjpdY6+l9uL/kYG1t2Woa2u6KtdnVddYNo69kNX1043pspVyaimlnnJjxFB1KKmMpNRTSq2rO9WLf6UgkLgw66NUKmVV9c2sfelfpvvtQymNn0jfqkuz4dJ/krFL/mm+8/q+wu3WyrXU60l1bO799r6LdueGY8+n+82DKY8dTb1rY0Yv+Z3Ut3wugykKiC7M+iiivVo+2qvOor0CAACWkgC1aXLNtIX/zXiSZ8cr+ft0ZfWqSgbr9bw9Vs+33zyd8kXr88FLb0ppcDinXvurXDnyf2X1mtMZHHo6x09/MG/1fTL19Z/IP77+4pw+fmme/fnR/Ozoiex/bjhj1Vo+/f7Nuah37lBiJZ9nzVcf5XI5GzduzJo1azI8PJxqtTrviWd3+lI7cW0ydCylkz9O5a1jeWf4ulTTl409p7Oh55WUcjIpl1Oql1KqlBo3Z6mNpVYeSlYn9a5yaj3XprpxW0GZV6aFfD66x46m67VvpF4dbNwhfPhYugf/Itde+9f51vD/Vvh3483RYmPD1TnLcPXqD6Xr5c8n48dTSznJiXQN/ad0Xf0/pl5aX1DmlUl71Vm0V51FewUAACw1AWqb9htPLMSLpa58v9yVTb3deWekntfr1VS7SzleLeWJX5zOT96o5SP113P921/JxvWllKr1rO5+PWtL/19ODT+Xt0/9VT7Y86lct+N38ifDI/n5G+/kjZOn85f/9dVsWN2V/+5XL0tPV3mB5V55FlIf3d3d6e6ef/Rbw8YMln8nldNHsqp8Opd1D2Rd5c3UUkl3KVmVUkqlcpJyklKSeiqlamrlsZRX1VOqlFLvKuf0Fb+dWve6wh1/wdZHtZbaybEk7fVxOj3ljRmfI2wYK1WTeuZ8TpL0lNanfmIw9SnbH01qtaRSvNbhBVsf02ivlpf2qrNorwAAgKUkQJ0wOd1vIYHEiVIlh2uVdPV2ZzilvFIbz8lSLd3lpNRTymhW5Z2jAxk78Ve5vPsnqV39P6c+8loqxw6kp/5aVvW8kfWrv5Fjp76TDWv/ZX77V38jj50cSvX0aF4++k7+8gev5PqL+3LT5rUplYpv1NJYh20lnnEtrj4WYmRkJG+Nvi/18d/LxcOHcsWa41nTNZrG2LxS4796dWJ3lhpL3aVcSerlUurleobX35Shy3al3jgDnvEaF3J91KuV1IfWJPXxyd9VVmesOpzRoeIpy+PNKbFzPSdJxsZHUhvZkFJ1ePKXpe7Ua+XUy7OX60Kuj3baq+Wmveos2isAAGBpzT9c6AKzkHPfepJ/SDnHV3Wlt6uSX1ZrGaiP52S5lpPlek5VaukeP5mL33w+1574j+mrjqfc//+m3HtTxq//1xnf8JlkeFNWjVRz2ZrRrOntSa2rK+npSsrl1MbG81/7j+ZvX3gjp0bnHuWy0i3laJyf/vTv873v/yhrt/3znL7yD/PzE5syXF2VRhiRNGq2nlLzv5TqKZXrKVUaoUS198qcvOKfp9pzReOWyReguepjrOuSjG38R6kN9qQ2uCq1wdUZveqf5Mev/mXGhmvF/43UUq/V537OcC0vvP43Gdv8+23b78nYJbsyVl53wa4bqL3qLNqrzqK9AgAAlooRqEkao1VqE6NV5rvBx0ipnJ+XSil3VzJWqudoajlZbpzWdpXqqdTGs/EXP88Vbx7O5vXHMr7tgZRGXkv5+X+Vro3vS+2KT6a69kPJwJdyonZtfnz6/XmyfyCpJ/VaPaVaLeNj1bzw2jt58+TmrOmePecul8uZnKK4kk7IFlcfCzXwy1/mueeeyyuvvprf++Tvpvvif5bXTvxFtqx7PZVSW/DTmA2bUqkZUZS6M9Z1RY5f/E8z3PtraQwSmlmmC7k+SqVShlddksoHPpuu1dckJ17L6EXXZui9/02+96M/nXO9wGp3LfVa5l1T8Psv/1Wu33Zf+rIm3e/8IvWN16S6bXeGy2tTr80c0XUh10c77dVy0151Fu0VAACw9ASoUyxs+uXxWvJ2qZSeUjnD9XrertVyOvWUy0mlnvQdeyMbXnw27xv/Yfq61icvPZ3SVR9N7T3/Q/L2cyn3/z+p9KzOyMiqvLTqv83jr5zIiaHR1MfHUhsdS218PPVqKa8ePZm3T43kuot7Zy/tEk4X7UxL+/5KpXIGB0/ntVdfzV/8xV/klo//Vga7fy9ry89lY/nV1MeHU60ltXpjtFalkpS7N2S498acWrcjw73bklLx+oUXcn3U6/WMVpPqhm3p2fH+vH3qxRx55et54bn78vapl+YcCja+uhF2jI/MHTy99uZPsn/kf80N1+7O+37zv8+G3mszMjKWanX2IONCro922qt3i/aqs2ivAACApSNAbdM6d5nvJKZaq2W0XstItZrRUimnqvUM1espJ+kaHs66v/9J3jvwd9l62bF0Xbcn6a6k9vPDKXevTv3y96e26drUf/GXeW1kcw7nmjzz2onUB4dSPXk69ZGRpFpPqVZKpZ6U5jgJbMzKXLknXAutj4XauHFjxsbGMjo6mrHxsXzvuR/mAx+4KT09782mVQMpjx3PyHgpo9VyRkdHUh0+nd7VW7P6og+l3L12aqFmoT6S8fHxlMeS/tf+S777wmMZGnln3u1WxxrbGx+bb+ReLQNHj+TkqaPpXXVxeq+6IuPj44XPVh8N2qt3h/aqs2ivAACApSRAbarXJ0eAzHcCvDH1bBsfzQ9Ol3N0VVcGx2sZrdUbK9O99U4u7v9RfqP2s1xy6vWUf/w3yXv/Uepbfie1kbdSP/oPKY++lZPDq/KjoV/P35yo5vg7J1I9OZT60HAyXk+53JWL+1Znx/suyxXrV88xiqbUdqfhpd4j59Zi6mOhrr7mmlyyaVN+3t+fvjVr8vLLL2fDhg3p7fu1DNV+Je8cfyfHjx9vhBYjPRkZ7s769dW8p/52Nl+xOpVKZZ4yq48kqddKWd19UbpKvanX5g8kGjdOmXWW8ay6ymvS07Ux9drc4Yj6aNBeLT/tVWfRXgEAAEtNgDqheVK0gDOXnlLywXI168eG8txYJYNj9ZRrtRwvlVIbHU+9Ws94uSf1Winll55LfeAfUrrifam956PJxTdm/MW/Tv/RVfnWyKb8w+mxjA/W0l0rZWNfXzZu6MpV61fng9dszMffe2kuXruquMT1VpmXZg90loXXx0Jt3LgxH/3oxzLwy1/m1KlTGRsdzbFjx3Ls6NH89K238vOXXsrbb72VsbGx1Gq1rFrVncsvuzxr1qzJpksvXUAgoT6SpFqt5vKL35/Nl/xaTg2/mVqteNTVYlXKq3Llpptyyfr3FU6FbVEfDdqrd4P2qrNorwAAgKUlQJ1i4Sdda0vJ+1PN1fVqbqkkP6/V82o1ObG6N+9s/pX8hx+/kqPjffn42l/k2vGBlPqfTf2XP0390qtyotyT7x9/f06uvSwfvebS9FUq2bCqkst6V+XKDT25pK87F69Zld5Vlcb9QQqnxJZW+A0nljaUKJfL+fVfvynjY+P520PfyKmTp3LppZfmnXfeyXPPfS8jIyOpVmupVsdTq9Vy+nRjiFG5Uk6lUpm3HOqjYXx8PGtWXZGbt/2LDA6/nV+8+f3U59wnC9tf5VIl11z2ofzm+/amb9VlGRubO+hQH5O0V+8G7VVn0V4BAABLR4A6YXK630JPgMtJLi4lF1eSa8vJaL2e8VU9Of3R38yLG/vyvR9+P3/3i/7ccvEb2bX2lVw29svUX/9ZXux6f46vfW8+9YH35KKLLkqlnHSVSukql9JdKaXUWAwtqc9zGte80/DKtPj6WIienp586Oabc/U1V+eNN97M1uuuy4mTJzIwMJCf/exnqVbHU6/XUyqVctlll+cDv/Ebec97fyXlcmnecqiPSWNj47lk3Y35x9v/l/zgp/8ur775XLoqq7N+zRVZ23tZVq9al3q9lrdPvpJ3Tr6canU8Pd1r896rP5GNa69OqVTK0OiJnBp8PSdOD2S8NpLrNn8kN12/J32rrsro6Nj8JVYfU2ivlpP2qrNorwAAgKUlQJ3hzE5guktJd6mUlJP1G9bl8g9/KO+/YVt+9PwL+eu/ezZ/9frl+f0rjuW6NYN56sTWXHr9dblu8yUpl8tLXP6VZulPKLu7u3PVVVfnyiuvSqlUyoaNG/PP9tyWN954I8eOvZlqtZa1a9fmiiuuyLp165tTYUtLXo7z08Lqo16vZ3ysnt7KNdlx0/+UlEdSLnelUurJ6Oh46vXGHl3duyovv/7d9PZsyKdu+Ze5bvNvZWR4NEljRNaqnkrGayOp1cZSr67O+Fh9ATdvuZBorzqL9qqzaK8AAIClIUBtar/pRK129ic8pVIp69etyz/66PbcdOMN+d73f5iv//D5rBquZ9uvvCc3/ur7kuSsXqtUKqc10malWer6KH6dxr5bvXp1rr322lx77bWzPmch+1h9zFSr1TI+npRKlTT2zdCUx4eHx3Lpug9mfKSay9d/OMffOT3l8aGhNEc4dqVen38UVzv1sXDaq7Ojveos2isAAGCpCVDbtE66ltq6deuya8fH86EPfiD1ej1r1qyZ9wYfC7HU00U7zXLVx3JRH3P9bfHfjYyMnPHfzvd36mPxtFdnRnvVWbRXAADAUhKgJs015JLJpfyW5yRm7dq1U17z7DXWH5xYg3CFeLfqY+mpj86iPs6G9mphfD46i/oAAACWgwXtklSrtXR1lVOplFMunz8nL6VSKeVyKV1d5WWdNvpuUx+dRX10FvXRWdRHZ1EfAADAcjACNUml3LjpRk9Pd8bGGjeMqNVq6dSBK6VSUi6X093dlZ6e7iSlVCorpyrVR2dRH51FfXQW9dFZ1AcAALAc9NLTmKp64sTprF/fl3q9nq6usYyPVzt26l+pVEqlUs7q1avS19eTkyeHsrpn9bku1pJRH51FfXQW9dFZ1EdnUR8AAMByEKCmcUfjkdHRnDgxlHXrVqe3t6fthKvTTroaa6R1dTVu6nLy5HCSSnp7e89tsZaQ+ugs6qOzqI/Ooj46i/oAAACWgwA1jREg69auzejoaN5++3RqtWrHr51Wq9VSKVfS29uX3t7elMsrZzlb9dFZ1EdnUR+dRX10FvUBAAAsBwFqU6XSGPVh5EdnUB+dRX10FvXRWdRHZ1EfAADAUjPMAQAAAACggAAVAAAAAKDACgpQB3Lgtr709vWl97YDGViy7T6TfUu+zXdj253vO/v60tt3Ww506psfOJDb+vrSu++ZgodvS29fXwoe7mzP7Gt8Vmb9b1++c66OzXn2+crV3N/L8t7PvC7P62N8ubR/dqbsmLY67NuX7yxys/Z123f4tO+F1r7p7evLbYv6wmjf5sz/bjswcM72e8d//wEAAFOsnAB14Js5cLD588ED+aaTEjrMwIHbOicc2X5vhgYHMzQ4mEMPJsnufOXFwebv7s1HznX5lsUz2depFyueOZz7Wz8/cHjR4RvnyDMvTR5P7XXIWTqYl15u/TyQb058uS/W5ux5otmuvfhYbk2SBw9NtH1P7Nm8JKXtNB31XQMAACvEiglQB755IE8meejBB5MczIElS1C3597BwQw9sScr81SLM7V5zxMZGhzMvdvnf+7Agduy9c4zDQHOhZV23D+TfX27Ojbg+s7hB5LszkMP7k7yQL4p/Dg/tF2sG3jpmSS7c+vuc1qiFeP+w60Pwct56WBy6+7l2bGLacfPB+ffdw0AAJwfVkiA2hqh8mBuuXdHHkry5IFvThtp1j69cuYUy8Z0usn/JkdvTJ/+OnVK4L59+6ZMK5yYDnigORX5bKdBD7RtZ8Y0w4L31Pyb9qmOM6YpTpnC3anTCKdNvyycLntu3vuM7U6rq4l6f2bfxAnt/bvOl+npU4/7WY/rvn35Tvu+nHKcn0HdTXn5fVNfp+2hKZ/V6Z+tWet2IAdua4anB+/M1onfL6Ac74pn8s0Hkuzekzvu2JNb0x4etZXztn3ZN+sU5/keb9/U1PYqOdupxHPV8/Tp0+31Ma3upi/dMGe71xluffDB3Dpxsa75HbR7eyZyOPv6DD2Yhx7M5Ejs5sje7dtbe/bN5ntt+7yexdIfU9rxiTo70NY23JYDzxwobI/m+j5pX3qgaPmBA3cVPD5nvRQcC+fldw0AAJwfVkaA2pq+/+COfCTbc8uDmTGN/zv7duX+PJhDE1P5HsiutpOOXQ8kDx0azNDgi/nK7uT+XbOHKQMH7spnDk4+d8szD8xapPtf2pInBgfT/9ju5OCd+eqZnMcMHMht19+ZJ5tTDvsf2537d00LhXY/lv7p72nzLdmzO3nyzq8230Pr5P6x3LG98X57dz2QWx97sTmF+2A+c/25Co+KDOTAbdfnMwfb6uyBXc0TzE587wM5cNedebJVpkMPJgfvzF0HBpLt9zaOgzSPm/N4qNOU4zoPZNe+LelvO87vmqiforqb57PYcnB77pnl8e/s68uuB1rLDRzKQwfvzNa2z/Hsdbs5e544lIeSZPdj6R98Ins2L7Ac74ZmQHTrnluyuXn8zjqN/+Az2fLnrTZqluN2vseTZPsd+cru9gtMk+HtLYseajxfPbc9NngoD+VgPnPXgQxkc27ZM7VdbMwg2J2v3LF9nnavg2zZku1Jnnzp5UyMktyzI1taj9vXZ2zLlt1JnsnLA62RvQ/mlh2tRy/NnnsfTPtI7YkZKDuWpm198kByR6sdz8F8ZtdLjfboUON1d83b5iQZOJC77jzY9ljy5J13Tdu3B5M9szw+73d/wbGwgr5rAACg06yIAHX6ydNHdhRN438gu/r6su/lPXlicObJRWPExsvNNdNmWweybaTr9iTZ3DyRm6lVls1bGv9/5qXFn5FOf1+bb9nTNuKpubbbE1vy1b6+9F5/Z56c+MvmSXPrBLMZMN+655ZszuR04T3Ns/jG/uqwacNTQvFMBqMHvpmBTn7vrRGO1967ItfYu3XLtUkmj+vWfm39O8k8ddcy92dx8m8bIVVjrcnpAVTzYkkzbDyzup2nHO+CqeWedvy2m3jfBc+Z7/G0Pda6wNQe3i624PPU80fuHczQ4B15+ba+9E5bPqHRlrVG2rYucjTKP3e710lumTz+WqMkm5+PBvv6TF07UY5nmuXdMhlMJ8n2xkyTKe9p4nt5CWzf0qija7c0101t7vfWv5sW0uY8eef16b3tQLbcO5ih5sWbSZN/2wiNG2u/zlkvC2pfAQCApbYCAtRZTp6aJzntJxQfueOxiROf+3dNmy7XHCmUJHlg1xzT7hujjGaczC2zVnlbQWFjxFNrCt+uPPPYi5M3yGjavOfeiRPM1oijPVOGPR3MZ65vbndXYxTtmYS8y65VH33X5zMHkxx8KS915HtvD9Mnt7/SZlBu37KI6GfWupvns7gQB+/M1ubU1Ub1NUaqNR9ccN2edTmWxMxRia0weuo0/qnmuzAz1+PtYcz0AOiMFNRzY7r69fnM9kPNUZHthdiTe1rh47SLHC2zt3udpTVS8ov7HshsAZ59fYaaF06ePLBv1vJOuXgyPVBcArdOCcLnU9DmtPZ70tZmLW62w5z1UnAsAAAAy+P8D1BbJ0/NkWTtJxtTpvFvbo4wm5h+3D6dbpY79U5MR253bRqDRN7dE5XGcgFt/927vW0UyqGCUY6tE8x9uattxNGk9ruud/AdidvumDxxh/hOfe8z7mxfvBTEBWG2ukvm+SwuQGuZhIn/2kd1LaJuz7YcS6F15/a2ULgVwsw6jb+pMa25ONCe8/GJEWt35YtnPKW8zaz13AqGH0t/waje1mi9L94120WOgnavw7QC0ieLLqzZ12eotRTPwTyZ2Y/jqe9p6abvL15xm9MYGdxaViHJIpcJmbNeitpXAABgWZz3AWprqltrnbGhKYHI5A0+2m86sXnPE82Aa3uu3TztJhKb9+SJZvo186Rt+tTYgRzYN/saqEth6tTLWW5alDSnNiff+Wr7NPaG1lIGTx5MHrp38m7q05c4OLsbmyyT6WtBznaTkI5671NvuvSRextr6bZClSlT3Fe6Oetu7s/i3Kavbzxtn89Zt82LHxPOphxLpzEqcWZQ0ijLtCn4E+tYFkxZnu/xCa2p5Y1w6oymlCcL+4w2LzYNHNg3ZVp5kolp2E8ePJg8eO9ECL6gdq9TtJaYSNF+tK/P1JaJD2zBcdz+npZy+v4izNnmTLmJ2Pbc27w4u5DRrXPWyzzHwgX1XQMAAO+irnNdgLPTCgpmjqiZGBl04JsZ2LMne554Mbnt+uzqawWeu/OVF5sjNvY8kf7clq27+iZOPG997MXMNghn854/z1cOHMxndvXl/uzOVx57MDl4liHqwTuzte/OKb+69bEX88SePWkUe1d6H5herj3588cO5Mk7m3+7+8E8tPuB3P/MSxnI9sZJemuduOknl9vvzdChpHfX9eltvuxDh6avzfZuaUx//Ez7r3Y/lv4nZqmziRFW29/d9/7A5P5veejQYO6Y8pvtuXfwUNK3q60uH8yhwT1Ty7Orr3Hzqyf2nFmQcl7YPEfdZe7P4jw+cu9gDqUvuyaOmQdzqLUv56zbZpDVPGYeOjSYe8+iHEujOXJwlvCnNbru/sPPTLZDux/LlsN96d1VUNb5Hm8z0T4ucEr5/W1tY8ODOTR475z1fO+hB3P/rgeajz2Yhx48mPsfaIR8jVdsjRSfNnpw81ztXqdpvYfWfixeMsG+XpyJ/VY4NX/yPS3l9P1FmavN2TzzsTx4KEML+aKds17mbl8vrO8aAAB495Tq9Xp9KTfY39+fKzaffXd97N98IknS/cffOOttLavmXXgfOjTYESedwErzTPb17ZojDJnv8Vm07vItYFl+9vWy+c6+xjrIvn/PzHnTzwIAgDa/HBjI1q1bl3Sb99xzz7zPOe+n8L/bGlP0Jm8201hrcHcWdc8JgHNoYumTM51SzoLZ18uleAQ3AADAUhOgLtJH7m3cDOLJO69Pb19ftt558BxOfwdYjMbar1vvPJjsfix/ruFaRvb1snlmX3r7duX+JA8dcvMkAABg+ZnCDwBwgdHPAgDgfGQKPwAAAABAhxGgAgAAAAAUEKACAAAAABQQoAIAAAAAFBCgAgAAAAAUEKACAAAAABQQoAIAAAAAFBCgAgAAAAAUEKACAAAAABQQoAIAAAAAFBCgAgAAAAAUEKACAAAAABToOtcFmM/Yv/nEuS4CAAAAAHCBMgIVAAAAAKBAx45A7f7jb5zrIgAAAAAAFzgjUAEAAAAACghQAQAAAAAKCFABAAAAAAoIUAEAAAAACghQAQAAAAAKCFABAAAAAAoIUAEAAAAACghQAQAAAAAKCFABAAAAAAoIUAEAAAAACghQAQAAAAAKCFABAAAAAAoIUAEAAAAACghQAQAAAAAKCFABAAAAAAoIUAEAAAAACghQAQAAAAAKCFABAAAAAAoIUAEAAAAACghQAQAAAAAKCFABAAAAAAoIUAEAAAAACghQAQAAAAAKCFABAAAAAAoIUAEAAAAACghQAQAAAAAKdJ3rAiydI/nqZx/J4YJHt97+cP5k56bleeXHP5svHk523P1o7ti2LC9xFor3y/TyLv59HMlXP/tsPvzo3hQ/vfX6O3LPo3uz7ehT+bPP7U//1tvz+ft25sxr5Gie+sKXkz+4Lzs3JUef+kL+dH//stbzsr1Ga5+0/r3IffNuvPdktuNjah2wlKZ9bs51cRasWe6z/nwDK0dxP2S5v7da34+t763l76+dZ2339P5Hu/OwHT/61Bfyb/MHy3pMAQAXLiNQL2CHH/ls/uypoxP/3rb30Xzp0cWEp8WB9aRtuePRR/OlJT2ROJqnvvC5PN7W49+087586dFHz8NO85F8dfrJS//+/OkXnsrRoj85R6YeHzPrAAAWo3//56b0Q5bb4vo5F7j+/fnTx4+c61IsWCssBwBYLitoBGrLXFf9W6HP1uy9/Zo8vr8R/zVGQKQtEGrbRtuIyb3X7M/jzcRw3lETRx7PHz0yGS9OPn+20Qkzfze1I7g1ex+eOsqvNYpi/vdc8Jxm+fr3fzlP3djY9oyRGdPew+RohPbw9HC++NnD2XH3o/nkQHMk5I4dyeHD6c/W7H3403nlc7OPxnj+8c/Ouj9njhBpH9V2Y56fqKf+PP65z+bbtz+cP8yXZ47CnD6yYsfd+dLeVgkm9/ne21/J4619PeU5RZ7PVz+7v/n+W3XTdmxN1NVsv5vmyLON7Uy8brNc/U/n+aM7s3PTLMdLs15mHoOzlatV3XPt053ZtIDjfHIbD+ear82sg/MvvD7/LbydaPssThlVNO1CSPvxv8C2r70t2nH33cv0ToHzX0E/5NVjSaZ+z8x8/gK/s9u/97fenns+NrUEU78Lz2CbO+7O56/+2pRRrWdkWv9kars68wLlxOOzff+3+mrT+xETu3EB/ZoZo02b2zj8bI7s3Ta1Pzxrmad9H+24PXtf2Z/H+yfrcN5+yBnslwCO9JUAABLRSURBVNa22l+7f//n8kdPN7dZ2I8FAFi8C3QEav9EeJok/fu/nD+b0ik7nC9Ov+rePxkgNP75uXy16ML89A5b8/l/9PiRJNvy4R2N1/hu6+8nQrSbZwlPm+X93OOZePqUE4xmeRc7YnHb3tyzo7HtV47N8vjRp/Jn097DQkcj9B8+3Dx5+VhuLOqlLmZ/nonZpqUdfiR/NGM/HZ48aWo+Z75y9O/f3zbytlU3m3Ljx7Ym6c+3n2++wtHn8+3+zL0fLrk6W6e8bmvE7uKnxc9erkWaUS9fzrs4OIhFmK+dOPrUF9raif48/uWv5ZUpW5hlFPnhR2aOBpvjmJj6GsnhRxYyKh1gpoX1beb6zp42o6N/f764oBGJi9jm4Ufyb59eyLuZwyz9k/Y+0JHHZ87umGh3t92cHUn6n35+Yr8cebax03bcPEt42izzWY/ynafMOfL41O+jw/sXP0PlDPbL4Ue+UNxHOYt+LADAbDp2BOrYv/nEop7f/cf/Z/OnxojIqWaOzGpd1W502PvTn9vz+Ufbrla/MpCj2dZ2lXpyG63g4vCzR3LHtulX9Y/mqa81O7PTr7If/lqe+t37svPmxgjNVwaOJts2Tev8Hs3zT/cns4w4/PdP/W7+ZOexfPdwplxFb5Rnf/76yM5FjYa45OpG4Ncqx6wKRi7c8ejdyfRRswMTO3fKCLfZLXR/TrcpO+97OJk2svPoU1OfdeTrjU745OiF1siFmftp+tpoc+6PKe+vtc3D+e6Rvbnjxo9la/onRtMcff7pRhk+dmPxaIdNN+a3tib9/Y0lFZpHwpmtnVZQrnl36dSNTBtR2wzYp7yB2etgsZ/Zlaz7j78x5d9n3p4Vmb+d+OvmyeyUETrtJ5/NCzczPiP7v54jO9uPv6Jj4siM15h+8cgxAee/pWvPZuufTQZ/C+3bFH1nH33qa43v0BnfhfOXceHbbPTnzmaieKtvMKOP+LWn8sn7djaWGdg7+fxWP7XR7jYuwh8+PDlL5buNK/D58LYsol2fpn9//vSz+2f8euvtv9vo381T5mPPts/o2jT32qpnuF+aJZp9Rs/O+/L5TFsPvtUxLOjH+n66ME1vzwBgMTo2QF1eW/NbzSGBrRBxIuRqjgic0enb8emJDtumnZ/Ojv2P5HAzZJ1iYtTh7fnkxEPb8snbt+bw/mYHeNvN2ZHDOfz08zm688YMvJJMdH5zLK/0J7OdaPS/eiw5OtAYRTZLZ3fe4G8xWsHe4UfyRwtdtqBpzsCwpX1/toLH2fbnGZk8ofinE+XdlJ2f3pHHH2kF1xMFae73ZFsz2J6/6K1wuDnqtL8VQrf2WWPKW17tT/uxNrtN2Xnfo9k8ZeTN4Xzxs68UT/tfdLkWsZGJ0bKT26ATLbCdaGuHJtqt5vOONhqexuj4KU3JK5nyESk6JmZ5jYm2beneKLCCTYRl8/ZtJv6i8Dv72KvNCzqzfBfOU4pFbHOyP3emWtucvGja1P9q2q9XFq3p2Srjt58/mp2bW4FpM+icr11fcHdgalA5d5mPNvuxbf2dtovDCzXffmm978c/99k8nmTei81n0Y8FAJhNxweoC79S2BrpuEx3Pp0xIrXAps25JrMEsFO0jSA4kkbg2py+P38ZirWvI7YQrc7qNZtn+5tGsLezbTrYlHWlFvwqBRa6P5PJE6sFuyTXzJqCL43iULJ1snY43z1ycxpnNXNM328zOeKktb8bSwHs3Dnzua0TpIWXaxaL3qfzc1V//hEti2/PzsA87cT8mhd6LjmrjSRxTMD5bOnbszPrnzX6NheCRsiZr0+uFfqlR2dZ2qDtIvxT1xzO/Bdqk4l2vehp09dDn+iDzLfdZpnPxIL7Ic3wd9vefOnRvW3B8uQa/LPPvpqnH+v76YJixDEAS6HjA9SOMXFTn0xO6bpmczYlmdq1b4V37dPOWlNdt+aaZigxcSX9kebohpu3Tfv7ohONI42A9mwXwj/6VP59+7SvQo01Oe+YmAo3uR/OSvv+bE7bmr4/J6bQtR5fsE3ZfE2S/tZ05uY0tubSCo3A+MxPyPqffj5HdzamBzamUU+G0K3RtIcfeSTJ/KNxWycCk6Miika3tEaPTL7mYso1sZUz3qd0lgW2E23t0ES71bSp8SEpHpEz30lx62LRHK8BsCCt9qSwbzP/RaXWjKLWlO9NmVxm5Ewt5zZnD/6O5KtT+mat0Z3tWhfhm+uMtl2onbddn8+mnfmTu1+dcZPRucucHGl8GUyGrke+Xrh0QlE/ZL7XmCziffnSzkwsGTP/8k/L1I8FAC44KzBAnX2NrcYaSGczpKq/bdpQc5M3z9Zhm5wqPmMaUtu09alTXdtDzMlRjNPfR6NTOdlxnjrNbY47vScp2i+taV8zzHIjrMYfTB9R2dju1tsfzh8WvfSsivdnqxM9cwpawTZ23J3PXz31kW2/e3u2Ht4/cxtTllY4QzOmGLbV35Rpa/OPCplYvmDGe53820ZQNnN/LaZcC9+nizVZB/Pe5ZczMNvnthGaztdOtIL4iXZo69apy5O02qBZPiMLuzgzy2sAnJEz7dtMmlimpGA9zzMx2za3bl3I3PTitnvbxIXW6X3Eu9vWPi3oyzZN9HEy7ULtWbfrad5k9HC+eLg/j3/5qdx43862i8OzlXnbxKCAufoY8/VD5n6NSwrXs53eF29sf0fuuTv54oL6sQAAC1M+1wU4b2y9PXt3tP/z4eIr5Nv25kt375jyq623PzwtYGqcLCSZMX1/08778vnbt874+9brbdv7aO6ZuvnsuHvxd23fcfejxSMUZnkPyY7cc9/UdcDO2Bz7c9POP8jetk3vuPvuTC1JI6Se06ad+ZOHb8+UEu64O19aguUHtt5+e1t5tmbvw+0jAJsBeLKwTvps5ZxywrgpO/+g/fEduWdGvcxfrvn36WItoA5YVvO1E5t23tfWTuzIPfd9OtdMefa23PHo9OOg/TO+sDLcM+VzfPtZHlfAhers+zbbcsfDU78v955NP2WWbW69/eH84cfOcpOzfe9vvT2f37ut8Xp375j6++ZzDz/bNgq3ebF25oXas2/Xk2Tb3uY2+vfn3z51dJ4yJ9m2d8r30dbb757S52i87Xn6IXO+RuPmldO3OfU779NTtzdvPxYAYHFK9Xq9vpQb7O/vzxWbN5/1dlpr1ZzzNfRa60Gd7ZT5WbTWtZpvuhLnl5nT8rlQFLVb7357Nnn36Rl3RV6GtgxYeTqnPTuHJmbjTC6Xou+2EK3voGW6LwEs0gXVbgFcAH45MNCYFbSE7rnnnnmfswKn8J8vJu8UP/capJxfWuuPLuSmDrBcWusAz7wb83zr8gLQdMnVzaVPpk+p13cDALjQdHyAWi6f41UG1l6fHZ/6VG7aeH3WlstLsubB4Evfyn/+0Tu56FOfyl0f250bLKSwMhz7UZ58+qXkpk/lzr2fyC2XqVjOnW17H87eV6atGbfjbqOigSVxzvtn74bLfjuf+8Kmxnf7hI359U98PNddAG//zK3N1h2fyqdu2pJLl6jvDABwrnV8gHrO9W3JLbu3LPEmP55bl3aTdIJLfj237v71c10KaNqUnfc9mp3nuhgA5zPf7WegL9d9fHeuO9fFAABYQi4KAwAAAAAUEKACAAAAABQQoAIAAAAAFBCgAgAAAAAUEKACAAAAABQQoAIAAAAAFBCgAgAAAAAUEKACAAAAABQQoAIAAAAAFBCgAgAAAAAUEKACAAAAABQQoAIAAAAAFBCgAgAAAAAUEKACAAAAABQQoAIAAAAAFBCgAgAAAAAUEKACAAAAABQQoAIAAAAAFBCgAgAAAAAUEKACAAAAABQQoAIAAAAAFBCgAgAAAAAUEKACAAAAABQQoAIAAAAAFBCgAgAAAAAUEKACAAAAABQQoAIAAAAAFBCgAgAAAAAUEKACAAAAABQQoAIAAAAAFBCgAgAAAAAUEKACAAAAABQQoAIAAAAAFBCgAgAAAAAUEKACAAAAABQQoAIAAAAAFBCgAgAAAAAUEKACAAAAABQQoAIAAAAAFBCgAgAAAAAUEKACAAAAABQQoAIAAAAAFBCgAgAAAAAUEKACAAAAABQQoAIAAAAAFBCgAgAAAAAUEKACAAAAABQQoAIAAAAAFBCgAgAAAAAUEKACAAAAABQQoAIAAAAAFBCgAgAAAAAUEKACAAAAABQQoAIAAAAAFBCgAgAAAAAUEKACAAAAABQQoAIAAAAAFBCgAgAAAAAUEKACAAAAABQQoAIAAAAAFBCgAgAAAAAUEKACAAAAABQQoAIAAAAAFBCgAgAAAAAUEKACAAAAABQQoAIAAAAAFBCgAgAAAAAUEKACAAAAABQQoAIAAAAAFBCgAgAAAAAUEKACAAAAABQQoAIAAAAAFBCgAgAAAAAUEKACAAAAABQQoAIAAAAAFBCgAgAAAAAUEKACAAAAABQQoAIAAAAAFBCgAgAAAAAUEKACAAAAABQQoAIAAAAAFBCgAgAAAAAUEKACAAAAABQQoAIAAAAAFBCgAgAAAAAUEKACAAAAABQQoAIAAAAAFBCgAgAAAAAUEKACAAAAABQQoAIAAAAAFBCgAgAAAAAUEKACAAAAABQQoAIAAAAAFBCgAgAAAAAUEKACAAAAABQQoAIAAAAAFBCgAgAAAAAUEKACAAAAABQQoAIAAAAAFBCgAgAAAAAUEKACAAAAABQQoAIAAAAAFBCgAgAAAAAUEKACAAAAABQQoAIAAAAAFOg61wUAAAAAADgX7rnnnnmfYwQqAAAAAEABASoAAAAAQAEBKgAAAABAAQEqAAAAAEABASoAAAAAQAEBKgAAAABAAQEqAAAAAEABASoAAAAAQAEBKgAAAABAAQEqAAAAAEABASoAAAAAQAEBKgAAAABAAQEqAAAAAEABASoAAAAAQAEBKgAAAABAAQEqAAAAAEABASoAAAAAQAEBKgAAAABAAQEqAAAAAEABASoXnGee+Xaeeebb57oYAAA06Z8BAJ1MgMoF5bttHXOddACAc0//DADodAJUVrwf/uDZ/PAHzxY+/q1v/W2+9a2/fRdLBABwYdM/AwDOJwJUVrT2jvkPf/BsPrz9tyb+vX37b03pmOukAwAsP/0zAOB803WuCwDvtu1tnXQAAM49/TMAoJMZgcqK9oHfuHnWn1s+/vHfnvVnAACWh/4ZAHC+MQKVFeuFF36UZPaOebtWx/wb//nrSZJP/M7vLm/BAAAuUPpnAMD5yAhUVqQXXvivSepJ6s2f59bqnE//GQCApaF/BgCcrwSoAAAAAAAFBKisSDfccNOsPxdpnxZmihgAwNLTPwMAzlfWQGXFanXMX/zZkSTJ9e/ZNuvz3njjF0l0zAEAlpv+GQBwPjIClRWt1Tmf/nNLq3M+/WcAAJaH/hkAcL4RoHLBefWV/rz6Sv+5LgYAAE36ZwBAJxOgsqK1Twu7/j3bpnTMX32lP5dddtXEv9t/BgBgeeifAQDnG2ugsuIVra3VomMOAPDu0j8DAM4nRqByQbn6mq2z/gwAwLmhfwYAdDojULng6JgDAHQW/TMAoJMZgQoAAAAAUECACgAAAABQQIAKAAAAAFBAgAoAAAAAUECACgAAAABQQIAKAAAAAFBAgAoAAAAAUECACgAAAABQQIAKAAAAAFBAgAoAAAAAUECACgAAAABQQIAKAAAAAFBAgAoAAAAAUECACgAAAABQQIAKAAAAAFBAgAoAAAAAUECACgAAAABQQIAKAAAAAFBAgAoAAAAAUECACgAAAABQQIAKAAAAAFBAgAoAAAAAUECACgAAAABQQIAKAAAAAFBAgAoAAAAAUECACgAAAABQQIAKAAAAAFBAgAoAAAAAUECACgAAAABQQIAKAAAAAFBAgAoAAAAAUECACgAAAABQQIAKAAAAAFBAgAoAAAAAUECACgAAAABQQIAKAAAAAFBAgAoAAAAAUECACgAAAABQQIAKAAAAAFBAgAoAAAAAUECACgAAAABQQIAKAAAAAFBAgAoAAAAAUECACgAAAABQQIAKAAAAAFBAgAoAAAAAUECACgAAAABQQIAKAAAAAFBAgAoAAAAAUECACgAAAABQQIAKAAAAAFBAgAoAAAAAUECACgAAAABQQIAKAAAAAFBAgAoAAAAAUECACgAAAABQQIAKAAAAAFBAgAoAAAAAUECACgAAAABQQIAKAAAAAFBAgAoAAAAAUECACgAAAABQQIAKAAAAAFBAgAoAAAAAUECACgAAAABQQIAKAAAAAFBAgAoAAAAAUECACgAAAABQQIAKAAAAAFBAgAoAAAAAUECACgAAAABQQIAKAAAAAFBAgAoAAAAAUECACgAAAABQQIAKAAAAAFBAgAoAAAAAUECACgAAAABQQIAKAAAAAFBAgAoAAAAAUECACgAAAABQQIAKAAAAAFDg/weurWqhcIulNwAAAABJRU5ErkJggg==" height="600" width="800" />
<img src="data:image/png;base64,iVBORw0KGgoAAAANSUhEUgAABVAAAAJcCAYAAAAfG4+9AAAAAXNSR0IArs4c6QAAIABJREFUeJzs3XecVdW5//HP2nufMmd6Y2aYQhk6SLWgCAj2qNGosQfFkptrbmKuJDfRJJabq6ZZEn+5iTE3GNTYxYKJGAUVVBRpIgxIEYY6c6aX03ZZvz/OmYGBGQYTpSTP2xeRmb332muf2f6R7zzrWUprrRFCCCGEEEIIIYQQQoh/MbNmzer1HOMQzEMIIYQQQgghhBBCCCGOShKgCiGEEEIIIYQQQgghRA8kQBVCCCGEEEIIIYQQQogeSIAqhBBCCCGEEEIIIYQQPZAAVQghhBBCCCGEEEIIIXogAaoQQgghhBBCCCGEEEL0QAJUIYQQQgghhBBCCCGE6IEEqEIIIYQQQgghhBBCCNEDCVCFEEIIIYQQQgghhBCiBxKgCiGEEEIIIYQQQgghRA8kQBVCCCGEEEIIIYQQQogeSIAqhBBCCCGEEEIIIYQQPZAAVQghhBBCCCGEEEIIIXpgHe4JfF4aY01Ut+5gS/NWtrftZGf7LhpijcTcGJ72QKdOVOBpzaSS4/n66JkYSjJkIYQQQgghhBBCCCFE947qADXhJlhdV8WiHe+wum4tjfFGXJJhqUKhlAJAKVBaJTNUBbZnM6HPOAlPhRBCCCGEEEIIIYQQB3TUBqhVDRt4ct0zrKxfDRoMFMowsDCBZJWp67nkBnLw0LTbbSilcDyHsQWjGVc0+jA/gRBCCCGEEEIIIYQQ4kh3VAao6xs28uN3/wfbS2AaFkppdKrq1NMejueQH8znlNKTSXgJ3tm1JFl9qjUecNWwS7GMo/LRhRBCCCGEEEIIIYQQh9BRlyK2xFv42Yf34XgJLMNEJ5NTtNLYnkOWL4NLBl/IsLwhLN75HvO3vo6HxlCKhJtgWulUhuRWHu7HEEIIIYQQQgghhBBCHAWOugD15c2vsitSS8gMdn7P9hwsZXHhwPP4cuWXaIw18sCK31Ldug3LsFKVqRqf6WfGiEs7e6MKIYQQQgghhBBCCCHEgRxVAWpTrJlXtrxGwPCjAa01rnaZWHw8lw+9mIqsMl799HUeXvMIAD7DQgNKKRJOnBnDrqAgVHBYn0EIIYQQQgghhBBCCHH0OKoC1I1Nm2lOtBA0/NjaIS+Qy/Ujr2ZS6QnE3Ti/WfF7Xt++EFNZGBhoNEqB4zn0y6rg3MqzDvcjCCGEEEIIIYQQQgghjiJHVYD6SeMGtPZwtMsppZP52vDLKAzlUxdt4Ocf/op1jeuwlA+l2NMbVWs0mm+N+QYhX9rhfgQhhBBCCCGEEEIIIcRR5KgJUD3t8VH9Wkxl8s3RX+e0flMxlEFNey0/+/ABNjRtwm/60BrQyWsUEHFi3HjM9QzLH3w4py+EEEIIIYQQQgghhDgKHTUBatSJ4jd83DHxViYUjQEgHKnnjiU/ZUfbTvyGD0j2O+1IUaNOnAsrv8yXKs84jDMXQgghhBBCCCGEEEIcrY6aANVQBt8a+28UpjaBsl2bX634LdvadiQ3lVIatO7cWMpQBpcNvogrhn8VU5mHefZCCCGEEEIIIYQQQoij0VEToKZZaaRZyR6mWmv+vO5ZltYuI2ClEcNBaYXf9FOaXsLxfcZxYsnxDM7pf5hnLYQQQgghhBBCCCGEOJodNQHq3jY3V7Ow5gNOLJtC/7QC+qeX0Ce9iML0IgpCBShlHO4pCiGEEEIIIYQQQggh/gkclQFqeUYxf5j6U5Tr4LXXYUWb0Qkb7daC66CDOSh/6HBPUwghhBBCCCGEEEIIcZQ7cgJU7aHjbWBHIZCB8qVBD5WkvubteGtewVu/AKdxOzGtk5tHGSba9GPmlWGUjcWqnIxZcgwqkHmIH0YIIYQQQgghhBBCCPHPQGmt9eGcgG4PY29ahLtpEW7dZkhEIZiFmVuOWTIcs/+JmIVDwArsuSbWjNe8A91ai9dYjbtjFe7uKrzWMHSEqQAojMJB+MdegDXiHJQ//fA8pBBCCCGEEEIIIYQQ4ogza9asXs85fAGq55D4+CUS7z2C17QDDCPZu1QZaM9D4aE1KMPE7DsK37ivYA0+FWUFux1Ot9fjhjfgbHgTe91rEG0Fw0ADSmvMviMJTP53zIrjD+1zCiGEEEIIIYQQQgghjkhHbICq4y3E33wAe+WLYJjJPwCeB9rdc54yUIDWGgWY/SYQmHIjZsnoA47vNW0nsfpF7A8eR7s2yrTQrgNKEZx+E/5xl4Jx5HQvEEIIIYQQQgghhBBCHHpHZICq7QjRF76Ls/l9lOUHVDI01WCUjsQsn4CRnod2HXTzDrzwRtyaT5JL+7UHpo/ghb/EN/DkXu/lhtcTm38X3s61YPpAa7RrEzjhKgJTvw3K/OIfWAghhBBCCCGEEEIIcUQ68gJU7RH92z3Yy59D+VI9TT0HIz2fwKk3Y1ZO2X+JvmvjNW/H2bCQxMq56MYdYFqkffVXWP1P7P2WsWZif/spTtXrYFpoACdB8Mzv4x97yef+iEIIIYQQQgghhBBCiKPDwQSo3W9z/wWxP34RZ9mze4WnLio9PxmGDj2j+/6mpg8jbwD+E64l/ao/4j/ha2jPJfriD9DRpl7vqYLZBM+6DWvYdHBsFKBMH/H5P8Wt3/z5PqAQQgghhBBCCCGEEOKfyiELUL2WXcQW/hosf/IbGtAeaef/FKNw6EGNodILCUz7T0IX/RIdaSTx0QsHd50vjeAZP0QVDQbXBWWAUsQX3Aee85mfJR6PE4lG8TzvgOdprYnFYrRHIsTj8c98n94kEgnaIxFisX98bNu2iUQiRCJREokEjuP0+HwHW7TsuC7RaJRIJEIikfiH53g4eNqjJhIm6sT+7jESrk1tpA7vMO3XJoQQQgghhBBCCCH+fodsJyV7+ZMQbQYrVX3qxPCddC1m6djPPJY1aBqhSx4k9uaD+MdfivKl9XqNCmYRPONWoo/NBDww/Tib38XZvQar75gu59bU1LLk/ffJzc3B9TwmT5qEZVm0tLTw3Ny5zJ8/n5bWNh584AEqKwfud68dO3eyaNFi3nrrbT7dsoVYLEp+Xh6jjjmGKVMmc/JJJxEIBA4438amJt57bwkZGRk0NTVx8qSTyMvLQ2vNylUf8eqrr7L6449pamoiFEqjcmAlU6dOZdopU0lL6/3zAGiPRFi+YiULFyxgxcqVtLe3g1KYhkFubg6FhX1ID4UIBoOEQiGaW1uoqw3zrW99ixHDh3U7pm07rFy1kjffeoslS96noaEBrTWZmZmMGD6cU089leOOO5bcnJxur/+kcRMf7P6QDCud+lgj4/qMYXzRgTcNA/hg93I2NW4mYAaoizdwdr9TKc8qY9nuFawIr8bVDrn+HKJujHY7QkuiDReHkBWiKNSHobmDGZE/lLR9qqDbEm18a+H3OK5oPLMm/AeG+my/c9Bo/u/jR1m0413un3o3Rel9PtP1QgghhBBCCCGEEOLwOiQBqm6vI7F6XnIjJwCtIZCOf9zf34PUqpxKWigvOdbBXlM8HLPfBNyty8G0UEphf/TSfgHqx2vX8N3vfhcNTJx4AtOmTmXX7t1848Zvsubj1ZiGiTIM/PuEoG1tbTzyp0f5f7/5f/h8PkaNGkVFRTmJeJzly5ezbNkynnzySaZMmcKdd9xB35LiHucajUa59Yc/JBKJYJomL7/0IsFgkJ/+/Oc88cQTKBSWz0J7mngiwapVq3j++ec5YeJEfnrP3ZSVlh7ws1iztorbb7+dDz/8kP4DBnD9ddcxfvw4TMPko9WrmT17Nu+++y6ZmVl89atfxXFc6sJ1NDU3E493X425/pNPuO+BB3jj9dcxTYvLL7+ciRMnkhEKsXHzJubOncsTTz7JsOHDuOO22zjpxP172MbtGI+vfwafYaG1ZmBOvwM+R4fa9jBz1j2BL/WOnVh8HOXAyvDHPLfpRdLMNDw8rhxyCeWZ5SS8OJuaPmXB9reJuzEs5aN/ZgWzJnyL8qw9n11tpI64F+ftHe9y/sCzGZI3+KDm02FHy07mbfkrljKJO0dnFa4QQgghhBBCCCHEv7JDEqA6NVXo9gaUL1Xd59pYI8/GyPzHqvHMkmM+2wWGhTVkOu7WDzu/dje/g441o4LZnaelh9Lx+XzYts2gQYOIRKL8xzf/g1UrVpCbn4eTsIkn4qSHQp3XRKJRvv6Nf2fZsmX89J57mHzyyeTk5mCZJo7rUlNTy/0PPMBLL73EwoULaGlu5tE5f8Lv93c71fRQOoWFhVRXV5OVlYXf5+c7N3+XT9av456772bUqFHk5eZR31DPwoVv8pv//V+09ljy3nt869s38cTjjxEMdtNTFlhbtY5LL7uU1pZWLr30Um6/7cekp6d3Hh86dAhnnnE6//X9W/jbG3+jva2d79/5XQKBQI/L+pctX8E1115LW2sLQ4cO48Ff/5rBgyo7j5988iSuuOwynnn2OX70ox9x9TUzeeh3v2X6tGldxnGVJmD4MQ0DrTWm8h34Z5rit/z4TT+mMlEo/Gbyc7UMC7/hR+OR5cvgvMqzCO5VZXp+5Tn8Ytmv2dpazebWT7lr6S+5f8rdpKWqmhvjzcmWBQrmbnyF7x337YOuQvW0x6PrnkKh0EBLovWgrhNCCCGEEEIIIYQQR45D0gPV3boUtVfopNFYAycB6lDcvgsjfwC6477KwGurw2vd3eWcgvx8HM8FID0tnd//4WF219byx9mzeeH553n22We44447se09FYWtLa20NLfwyssv85ULzqegIB/LNAGwTJPSviXc9ZP/5pRTTsE0TT788ENemvdKj/O0LJO0YAClFJZp8sMf/5iA38fLL73IxRddxLChQ+nTp5Dhw4Zx479/g/vuvRetIZiWxooVK3hjwZvdjhuNRvnu975HPB6noLCQH3z/v7qEpx2ysrK4639+QnZ2Nn9+4nEe/sMfkp+fYWAYXV+bhoYGbvzmN4lHo+Tl5fPQ737XJTzt4Pf7ueLyy/jSOefguS7fuPFGtmzd2uWcTCsdpRRag4cm15/V42e0t6DhT71OGqUUGb5UuG0olDJQKJRhEXO7VoGWZfblG8dci9YePuVnR/tOVtet7Ty+u313MpA1LN7d/T6bmz49qPkArK1bxzu73sdvJMPc2mj4oK8VQgghhBBCCCGEEEeGQxOg7loLxp5iV2VYGDl9D8Wt96dMlLlXVaMGL7ypyynNLc1YpkkgEGDui3N59dVXefaZp5l+ylT6VVQwdMgQrrjsUoqKijqvSUsLct99v2RQN8Fhh0AgwI3//g0c18PyWcydOxfbtrs917IsTJ8fpRQNjY2sWbuWe+6+i8zMzG7PP/OM07nqqquIRqMEAn6ee+4ZHGf/DbI+XrOWdVVVgOLLX/4yeXl5Pc43Pz+PU6efit8f4Le//R27a2r2O0drza8f/A3hcC2u53HTt79Nv4ryHsdUSnHD9ddjWiau4/Cb3/xvl02pHO0AChQYyiCuu/989hWy0pLdHJQCpbB1MgDPtNLR2sPVmoDhw2/sX3TdN6OYdF8GHh4GBltbqzuPtcRb8fBAKzSap9Y/j6cPvHkYgOM5PLruKQylOnJdGmNNB/UsQgghhBBCCCGEEOLIcUgCVN1eB50VqDpZARrsfhOhL34yXjJkIxnaKcPAa+haBalJhncoRW04zPe++z1KinvuVwrJis0hg3vvj1laWkpuTg5KGWzbto1YPN7teaZpkh4K4Xke8Xicb//Hf5CRkXHAsS+5+OLOa9dWraM9EtnvnKVLl6YqSDVjxozZ7/i+hg4ZgmEYxOIxlq9Ysd/xXbt38+RTTxIMppEeCnHGGaf3Omb//v0oLi7G5/Pz6qvzaWho7DxmGtael1JD0DzwZlsdIl4CnzJTy/4NQmZymX6uPxtHuxhKYSmD7qqeXc9NvhIkq17zArmdx2qjdaBTVdPK4oPa5Wxu2tLrfD7cvYKPG9ZiKRNU8vqmRMtBPYsQQgghhBBCCCGEOHIckgA1WRrYUWWYSqqijT2d/cVSBjg2ewdpOt41aPT5/Gg0ruNQWlrK8ccd97ndPuD3k5+fj9YejuMQP0CAmhYI4LoulmkyZnTvO9Hn5eeRm5uL9iASaaetrW2/cz7dsgXLZwGKzIz9l+7vKyMzs3Ojrh3bd+53fNGixdi2jeu6HHvsBAoLCnofMz2dyoGVaK2JxWOsXbtnyXyaGUy+KVqj0Z1BaG/SzCAeHlprFIpAqgdquxvBUiaGUni6o8K1q9pImNZE8rMKGD7G9xkLQNxNsKt9N6ZhkoxAk/88tu5p3FSFa3eidpQ/VT2BpSxMlax4VUoRjoTRHPymZ0IIIYQQQgghhBDi8Ds0Aaoyu37t2Xith6cfpI42ofdegu15YHbdqKijd6njuowcMYLQXptF/aM8rYlGI533sazu9/HSOtnLUylFIBgkP7/npfZ7zzs/Ly8V80Estn84m5+fj+smg0bP7X0pelNTI8pQyT6g/q6fk+d5fLB0KaZp4jgOJ5wwEdM0exhpr3laVjLo1RrHsWndK+j1pd4VDV02g+pNhi+tc7MnRbKSFaAl0YZlWKljBtY+S/hbE208tu4pNBrHc7huxAxy05LV0a7nUBetB+Cc/mcRNANYymRpzTI2NHRt+7C393YuZVPLpwzOqeSCynNxPBeFoi5aT8I9uJYEQgghhBBCCCGEEOLI0H169zlTGfl4TdtRnUGqwt36Ab7BpxyK23fhhTem9kRP1cQaBvtuqm6aJujkSv/09HRM8x/LmbXWNDU3s3HjJh7/8+PU1oYxlIFhGvh93e8yr5SiubUVv9+PYSiMgwgmPc/DdmwMI7lpUiCw//L3YyeM56Hf/Q7TMtm6bVuvY27csKmzt+iQIUO6HEskEmzevBnDMDBNkzcWLKClpZWGhnoys7IJBHwEA0E87RGLxonFY0SjUfoUFvLhsmWYpkl7e4K21r0qZVNr6VXqf57Z8AJ90gowDYtWpw1DmQTNIAYGUS+G69mEzDR2RWpQyugSogIYqfE6fuIJN0HQDNASb2VdwwYerXqCT1u3khvIZsawKzi9/7TOqUTsKM2JFlzP4Uv9T8dv+Hhy43NYhsUf1szhZyffmapO3SNqR5mz7gksZfLVwRcQskI8teE5TGXSkmghakc7q2OFEEIIIYQQQgghxJHvkASoZp/BeNuWA8mwSZkWzrrX0Cf/GyqYfSimkOTauFs/gFToldzcx0PldN30SKlkxKo1GEbvweW+Ghub2LJ1C5s2b+aT9Z/wycYNNNQ3kkjEGNB/AHl5eTTU12P2UoHaUYVqGAbt3SzH35eXuqbjGTK76Zk6fvx48vLyaG5p5o3X3+DqGV/D18McWlpbeevtN1FKUVJSzKhRI7scb49ECIfDycBWKerqwry96G1C6emkh0IEAgHi8TiWaeD3+3EcF8d12LR5M/369aOiohytNSUl+/SXTbWoNVB82rqVmlgYAxO/6cdnWLieR0LboD209kiz0miKN++5dr+xdKoCNMyP3v0fsn0Z1ETraIg1MKZgNKdWTOOEkgmUZpR0uTQcrcPBxW8GyPCnc/aA03l641xMw2Rd4yd8FP6YcUVd+8jO2/wquyI1jC04hmOLxrG5eQtGalJNdutBbUAlhBBCCCGEEEIIIY4chyZALRmFrZ/a8w1l4LWGsT9ZiH/0BYdiCgC4zTtwd66BvZdxaxejeHiX85J9NFN/9w4+8NqxcydPP/MMTz/9NI2NTQwaNIjTTz+dGVd9jfLyMkpLS4lFo1xx1ddoaKjHsnxEIhH8/t4rEpXaf/Oj/c6BVOWswu/3E4vHyCaryzl5ubnceeed3PSdm/hw2YfMm/cKX7ng/P3G8rTm979/mLr6ekzD5LbbbtsvkPVZFolUD9dIJMLtP76Nk0+e1GWuhmF0CYM7Al6g8+/JTa32ktq0CRTfGXsjA3P69/rsa8JV3Pref7NfgqpBp0LUnGAeoFhVvwZLWVimxWVDLmRofvebfzXGmnBcm/xQHoZhUBDI57Tyqbyx/W1MZfLHtY9xX8EIfKkWEI3RRp7e+AJKwdXDL8c0TDJ9maAUCrDdBC2JVvLScru9nxBCCCGEEEIIIYQ48hyaALXvMeALgufuWaJtBYm/+QBW5SSM9MJDMQ3sj18GNwFWkGSypiGYjbFPoOV5XnIZuEoGiQdjzdq1zLz2Wmpqaqno14//+78/cOz48fsto29paaG9vR2AQCCA2jc8TFFKdW7edLBM08Sf2njK5/P1GLp+6eyzaGy8gwceuJ9bf3grLa0tnHH66eTm5KC1pjYc5o9/nM0jjzxCXl4eP/zRDzl12rT9xtGAlWpBYJkmkUi02x6oHb1cO5/roChc7eI3um9xsL9klel+31XJXqoemjQrxA8m3MSDqx5ibcM6HNfhlyse5GeT7uw21NzVvhsPTW4wm4CZ/DlePPgC3trxLhrNpy1beWfHEk6pmAzA8xvn0Zxo5qSiExialwxl/aaPkBkk5sbR2qMh1kj/7IqDfCYhhBBCCCGEEEIIcbgdkk2kjOy+GP1PQHt77YBumBBtJTb/bvQh2FjHbdqG/eGTYPrp6IiJ52KWjsJI77pzvLd31elBhJgtLa3MnHktDQ2N9C3ty+OPPsqkE0/stgepYzs4joPnaQJ+X+eGVfvSWpOekY7jOPvPqQeGYaIA13WxLJNQWvebXxmGwdeuupJf/erXKGVw9913c9XXZnDdDTcw87rr+dqMq3nvvfe4edYsXn7pJS6+8MJug8+0YJCyslJcNxmM79i5vdc59kbvs8Td0U4PZ3blaDf5F9UxTqq6VSerXg0g5kQozujDd8b9O1n+ZGVuTaSG+1b8Brubd3B72y4MFNn+LIxUo9zSzL6c0/9MbM/GUhaPrn+auJugtj3MS5/+BZ/h56phl3T2RlXKINOflXzjFNREaj/bByKEEEIIIYQQQgghDqtDUoGKMgkceymRDW/u9U0Nlh93wyLib/yM4Kn/lQo3P3860Ub8tbvRThxl7lXRqF18w8/s7InaIRlWKkAdVAXqGwveoDZci8/ycfFFF1NRXnbA8z3PxfM8TNPaf/l6ilIKy/Lh2Dau309GN/1M9xVPxLEdG6XANEwsq+f+re9/sJQ7f/ITZs68lssu+Sp+v49wfT1aawry8snNzSEYDB7wfn6/n3HjxrNi+QpQirVV6zuX6v+9bM9NVv+mPnbHPbgANeImn1uTDEztVFhfEMzH9mx8pg8FRJ0YxelF/Pi47/G9d36MpSxWhVfzyNo/c/0xMzqrWF3PZXekBo0mP5jfGaACnN3/NF7ZOh+0pjZSy183/40d7TuJuTHOrDiVytyBneeGfEEyfZnURGpx0bQmeu9lK4QQQgghhBBCCCGOHIekAhXALB2HVTYW9g3ELB/2irnEXv8ZOhH53O+r7Six1+7C3bJ0n/DUg1Au1sCT97umo9pTKfC8AweoWmsWLX6HQCAISlFWWnrA8xN2Asdx8fv9RGPRLj1B951DIpFItTzQhELdV5PuzXUcbNvGMi00mniqP+m+wuE6vjbja7i2zbe+eSPl5WUUFRUxasQIjhk5kpKS4l7D0w5fPu9ctEqGqQsWvEFtbfigrutJuxtN/kUpFIpW5+DeCcdLoDAwAE97RN0YkKxo1SQ/T1OZ+FTydwZD8wdzw8iriXsJ/IaPFza/wuLtSzrHizoxaiNhFAbZ/swu9+qbWcKZ5adiaxe/6WPOuid5Y9tbWMrivIFndwmQfYaPDH8o2dNVaxrjTX//hyOEEEIIIYQQQgghDrlDFqAq00/glG93HxhafuxVLxF94Wa8uo2f2z29ll3EXr4Fe+3rYHbtpakdG//Eq1Hd9L50XCdVh5jaDr4XiUQidb6mpbXlgOf6LB/t7e0opXqsPgVwHIf29nYsy0RraGjsPXjTWqeW0yc7DyQS3bdGmPvCC9i2Q0FhAT7fP1aEPHzYME6bfirxeJy2tjYefeyxz3R9XV1dl3fCb5h42kMByejz4PrAhqxgarl/st9pwks+e12sCZ9holRymX/H9wHOGXgm08umdoao96/4DZsaPwWgIdZIc6IFZUBOMGe/+3258myCRiDV4UGT8BJMK51MZc6ALucZyiDLn4VGYyhFTXsYt6PdgBBCCCGEEEIIIYQ44h2yABXALB2D/8SrwY51c9CHu2UZ7Y9dR+LDx9Ftf3+vSB1vw/74RSJ/vh5n4+Kulaco8ByM/Ar8Yy7qYQCNp5OBVzyR6LFKFJJL7cePG0sikcA0DN5a+GZn39J9xRMJ7r//fhzHwXXdAy7hdxyHWDzWuXN9NNp7JWYsFicWi+N5GsNQZGZ2v+w/Ho9jWRZVVet4ad48wnV1RCIRHMchEokQjUaJx+M9PsfeDMPg9ttvIysrC9M0+cP//R9PPfNMr9dprXnm2ef47UO/71KxGXcSqNQyfM3+PVF70hhrxsQANFqDTyXbFzg6kYpgFQk3gbHXvQxlcP3IGRSl9UFrD1e73LX0l7Ql2km4CRJeAqUVOal+qXsryShmevlUbM/u3Gzsq0Mu6LLUv0NuMBuNRmFQE6096LYEQgghhBBCCCGEEOLwOzQ9UDspAhOvxd26FHfnGpQVYE+FoQbTAidO/I37SCx7Et/o87AGTcPIKUP50g48tOfiNe/A2boE56OXcGvWAypVebpXAKpd0Jq0c3+C8qd3O1R2dg6O62AaJo7d+wZXZ591Nvfd/wCu67J02TJ++9DvueG6a7ssg1+3bj13/vd/M3LkSAYOHMjWrVuorq6mobGRviUl+43puC52woZUmNhTNeneQukhEvE4Wms8T/cY/E6fPo1fP/ggiUSCW2+5lbz8fLKzswn4/WjA7/MRCAYJBAIUFRUxYvhwTjrpRAb079/teCXFxfzh4Yf5xjf+jYaGRm6//Xa2b9/BFZddSsk+z5awbdaureKPs//ICy+8wEO/e6jL8bgbx9MelmGitEebHe31uQEsw8TWDn6V/Hk3JVoopS+i0U9qAAAgAElEQVRxNxWAq2SA6u6zGVd2MIvvH/sdZi36IT7DRzga5ncf/ZFhuYPRWmMqs8eerhcNOo+/VS8g7toc22cc5Vnd974NmAEMDJRSNMQaiDhRAtb+G4wJIYQQQgghhBBCiCPPIQ5QQfnTSbvgF0QevxbdUpsMTbucoMDyo1triS/6PYl3ZmP0GYRZPAKjsBIjuwSsYLKXqmmiW2twG6pxd63B210F8XZAgdHNo2mN9jyCZ92CWXJMj3PctWsXruMQt2PYiURqw6eeN2QqKSnmFz//OTd95ztorfnVrx7gncWLOWHiCfgsHx+t/ojlK1Yy6z//k8suvYQhzw7h+z/4AQ319Vx/w9eZMnkyF110EYMHVXaOGYvGqKnZ3dnHtK2ttdfPtrGxkYSdwE7YNDU2EolESUvbP3geMXw49993H79+8EG2bdtGOBympqYmufwfME2DZOaoMJRCGQaBQIDLL7+Mm779bULdjDl+3Fiefuppfv7LX/D662/w4K9/zZw//YnJU6YwcMAAQunpNDc1sfTDpaxe/TH9+/fnT4/8iSmTu/ag9bSHpz00Jhqw3e77uO737LHmVPWnSrYASGXHBgaOdgkok7hn0xhvIivQtafpkLxBzBx+JbOrHsdv+lm8cwnv7/4Qv+HHw8Pq7l0C+qQXcnrFNF7Y/AqXD76o2+pTgHQrneT2Voq4m6Au2kBuN20BhBBCCCGEEEIIIcSRR+kDrU//ArnNO4g9dSNu0459lth3w/MguQ0PkAz2UArdUU2YqjBUykhtutQNrdGeQ2DqjQROmAn0vFP8hg0bee75ueQX5OO6DjOvvppAoPeKwVUffcSjjz3GkiXv01Bfj2GaZGdnMX3aqcy85moGDkz2x3Rdl3mv/IUPPvgAwzA49tgJTJk8mdzcPf1Yd9fUMGfOoxQUFFJbW8t5553DyBEjDnj/DRs3MveFFynILyBcV8f1180kPy+v23Nb29q47/77eeKJJxgzZixDhg6hpLiE/Lw8mpqaqKmtYcP6DaxYtRLHcTBNk2g0whVXXMmdt9/WY6DsOA4ffbSaeX/5C+8sXszOXbtwHAfLNEkLhZg06STO+dI5nHTixG43xtrRtpua9hp8pg/HcygK9aFvRnGvn/2mpk9pS7ShDAPXdRiQ3Z+cYDafNm2lOdGCYRi4nsvwvCEErf03yIq7CZbXrCRkpeEz/aRbQRKeS7vTzoCsfmQH9l/GD9ASb2VTyxbGFIzsMUCtjYTZ1roDn+nD9VwGZvfvcTwhhBBCCCGEEEIIcejMmjWr13MOW4AK4DVVE3vlDtztq8DyQaqH5YFoukaf+37d/Y2SlZWBad/GP+EK6CHo6vGeWve4jLu7c+vq6gmHa0kLhehTWEh6evetAg6XJe+/zy23/pD8vHzuuON2hgwehN/v3+8827b5ZONGfvrTn/HBB+/j8/mJxWK89OKLjBg+rNf7tLdHaGxqpLm5mbS0NAry88nKkuBQCCGEEEIIIYQQQhwZjvgAFUDHmokv+SP20ieSlaT7Luk/2HHYN0hN7ePuOhiZfQh+6Xasfif84xM+ylWtW8+5553HkCFDePLPj5Odnd3rNS0trVxz7bWsXbsW205w++23M+Oqqw7BbIUQQgghhBBCCCGE+OIcTID62UoxvwAqmE3wlP8k7bLfYJaPBc/prBj9TOPs/YUGXBs8D/+4Cwld+QcJT4F4IsFtt9+GbSeYdfPNBxWeAmRlZXLFFZdj2zamYVJXV/8Fz1QIIYQQQgghhBBCiCPDId9EqidW+XGYF4/C3fQmiVVzcbetSgapykQr1fsSeq1Bp3qiGgbWiDPwj7sYs3TcFz/5o8SmTZtZ/dFqsrKyGDCg/2e6tqK8AtM0cRyHfhUVX9AMhRBCCCGEEEIIIYQ4shwxASqA8qVhDTsba9B03N1rcLZ+gLP5Hbzw5mRlqk5uJKU8F4zkjuvJTaMUWH7MPkMw+x+PNWQ6Zn5lzxtK/YtqaGggYdv4A4GD2hSrCwVojWVZDB4y5ICnep7Hjp07sRMJ0tPTKSoqAiAeTxCuC+O6yQrj7KwscnJy0FpTU1NLIpFAa41GY5omfUtKaG1rw7FtCgoKAGhsasJ1nM6vOyQSCXbt2oXruuTm5pGbu2eX+/b2COFwGNDk5eV19mFtaGjAcRz69OkDQFNTE05q7Lr6eiLtETztoVDk5OaQvVf/1vb2CLW1tRiGoqioiGAwiOM41NTU4rgO6GQ/XH/AT0lxcecvAOLxOOG6Ovr06YPf58O2bWpqaykuKsK2HcJ14eRnoDVpaWn0KSzs8ssD13Wpqa1Fa01JcTGGYdDe3k64ro683NzOZ3Mchx07d1JSXNzZ3zYWi1FXV0/fviUYhpGabw3FxcWdm4K1trbS2tZG35KSLp+v63rU1NQQj8cIBoMUp54pkUiwu6YGrTVo8LRHZkYGubm57K6pwVCq89zW1lYaGhrJz88jEAhQU1uL57ponXxnMjLSKSgooKamhoyMDDIyMgAIh8OkpaXhui4NjY1YloVSCse2CQbTKC4uOuD7KIQQQgghhBBCCPGPOKIC1E5WALNsPGbZePzHX41uq8VrrMZr3omONiXDKTuG4Q+h0rJRuRUYef0wQnlgfcZg8F+Iz+/DMk0SiQRNTc2UlZYe9LXVW6qJxWKMHT+OoYMH9Xiebdv8df5rbNnyKbm5uTQ0NjJ61DGcMnUKjY0NPPPcc+Tm5oKnaWpu5ktnnUVl5UDmvvQilmmSkZGJ53mkBYOcfdaZfLTqIz5csYKvX3ctGRkZLF36Ia2tLVx04YWd90zE47w0bx4tbW2YhklDYwMXnn8+/fr1Y/fu3cx98SUs08Ty+WhtbeUr559PeXkZ773/Pg2NjXztiisAWLlyJXX1DVx80YW8+eZb7Ni1i9ycbBzbIRqP8eUvnUN5RTl1dXU88/xc/D6LRDyB5fNx+aWXAPD0c8+Rk51NMBjA8zzycnIpOqNPZ0BZW1vLs8/P5corLqdPYSHNzS08+9zzXP21q6irq+OlV16hKBXoNjQ0MGb0aCaffDKGkey2EYvFePGll2lrb+P6mTPJzc3lnXffY+VHq5h04olMOukkADZs2MjzL77IOWedxdixYwCoqanh6Wef40tnncnIkSNpbW3lmeef5/prriEjMxOtNX+dP58tW6v5t+uv62zxkEgk+MtfX2Xbju3kZGUTrq9n1IjhnHbqqdQ3NPDUM8/SNxXmep7HwIEDOWbUSJ597nlc1+X6a2eSlZXFm2+9RdX6TzjjtFMpKy3j6WeeJS8vj0DAj207DBwwgJycHP766nx8fj+XX3oJpmny+oIFDB86FL/fz4fLl9Pe3k4iYZObk0NxcRHFxacf9HsshBBCCCGEEEII8VkdmQHqXpQvDZXbDyO33+GeylFvxLBh5OTmUFNTy4oVKxg1csRBXReLx3n08UdRhuKHt9x6wOrVlStXUl1dzYyrriIzM5OamhqeePoZBg+qJBhMQ3uaiy64gIyMDN56exFvL15MSUkxjuNwyuTJDBs2LDmQBmUoQBOLxVi0+B3OPutMlKFQ+2wXVldfz9Zt25lx5RUUFhbywdKlNLe04Lour772NwYOGMC0U6ZiGAbLly/nxZdf5vprZ+KzfF3HUip1T0jYCcaOPoapU6agtebFl1/mvQ/ep7SslL+++irDhgxm8sknk0gkeHX+a9TV11NYUID2PM45+ywKCwuTj6F1Z/i55zYKv8/XccvOClPP04TS0rjk4ovx+Xxs2LCBl1/5C2NGjyYnZ09Frc/nw2f52LlzF1lZWezcuZOAP4Dn6dQ4HqvXrKGkqIgVH61i1KiRyapNkq0wXl+wkMrKys5Qt6ODcGNjI7W1YbKzs1j/yQaOP+5YAFasXMmuXbu4OvUz3bVzFx8sXUo8HkcBpmFw0YVf6fJeRCIRTDNZ5VpfX09aWho1NWECAX+y20Zq77ovn3tOMlBP8TwPv9/Hlm3VrF+/nhEjRuBpjedphg8fztChQ3nnnXfZvnMHl1x0EUbnMwghhBBCCCGEEEJ8MY74AFV8fjIzM/ned/+LWd+9mXvvu4/jjjuWYUOHHvCaaCzGbXfcwbJly/jBD27pDNW6o7Xmk02bGDdmT+DXt29fystKWf/JBo4ZNRJlGDQ2NhKLxQiHw2RlZmJZFgGfj2UrV1G9fXtyWX1hIccdeyyup+lXUcGmzZuprq4mMzOTlqaWLvfNy8ujT2EBzzz3PP0qyhk6ZAgDBw6ktbWV+vp6zjrj9M5l7CNHjuTd99+ntjaMYXQTviVzPSzLoqa2lrVrq3Bdl3BtmBOOP47W1lZ219Zy9llnYVkWlmVx4VcuAKC1pRXTNFm0+B0yMjNwHIf+/fozcsTwzuGVYaDRvLVoEQF/gEg0gqc1SikMQ2HbNlVVVQQCATZv/pQ+fQoJhUJ7fcbgsywGDxrErt276dOnENOyKC4uxnUdIFm5Wl9fx+WXXsoTTz/D7t27KSsrw9Me2Tk5+H0Wi995h2MnTMAyzc4d2D5avZoRw4ZRWTmQV159lXFjx2BZFqs/XsP4cePIysoiFosRSg8xdeoULMtCa42nPV5/YwE+n49YPM4pUyYTDAYxTYvKgWVs27aNYDBIIOgnLRTE89zU8xq89fYiQqEQtm0zYvhw+vfvh2GYDB00iDffXkRpaSlpwTQcx0YplQx9U/+2UiG0EEIIIYQQQgghxBdJAtR/MRd+5XwaGur5+S9+wVcuvIif3nMPU6ZMJic7u0uvzda2Nj5e/TH33X8/K1au5I477mDm1Vf3upmX6zhYVtfXyjRMbDuR+koz76+vYhkGWdnZneGm42ky0kP0KSjEcZLLsyHZEqBfRTmjR43k9TcWUFZWiml2regMBoNcfOGFbNiwkU82bOCFl19myqRJVFZWAnSpAFUqWcHqeS6GAQH/XiGcBiM1tmEYNDe38PHatWzZsoWpkyczevRoamtrO8fZV0eYmJ2VRX5+Po7rkJmR3u15oWAa6aljOrX5mVIKx3HZvGUrmzZvpqS4mK9edFFn+Js8B2zHoaK8nHWfrGf1x2voW1JCPB6nIwmtWreOjPR0tNbk5+WybMUKysrKUCgCPh+nn3oqz86dS0Z6On6/H8MwsG2bj9esYeLxx+P3+4m0R9m9ezfl5eUk4nF8qbDyk08+YfG772LbDuefdy6hUDoKRX5eLoFAANu2sUwTrTWu6zKgf382bNxIwrapKCunobEhVX2q8bQmOzuL3JxcbNsmLS0IJPvEHn/ssWzYtJE3316E53ldwu6Ojz75/a7vghBCCCGEEEIIIcTnTQLUfzGmafJvX7+B4447jtmPPMKPfvRjQukhhg0bRn5eHh6aluZmPv10C60tLUw5ZSr/8z8/YWgvG0dBMgAs7duXtVXrGT9+PD6fj7a2Nqq3b+fM007DMAwMZXD+eeeSn5fXGd7F43Fcx2HUyJEMSoWeHbTWRCNRTpw4kTVVVaxavZoRQ4d1OWfd+vVUb9vGGaedxujRx/Dee++xes1aRo0ahT8QYOPGTZ0bRW2r3objOBQWFlIbrmPnrl2d40TjMbSXDDMTiQTDhg7hpBNP5I0FC6hav46xY8eQm5sMCnfu3El+fj5aa159dT5DhgymqKgI7WmOP/64zs2c9qU9D6UMTjjheLKysmhsbGTdJ+uT4avnkZaWxpfPPYdt27bxwksvU1NTQ79+e9pXaMBxHbJzsrFMiw+XL+eCL5/Hxg0bsXwWtm2ztmodSilefuUvOI7N9u07iEQi+Hw+orEohX0KmXLyycz/299ID4WwLIvdu3cTjcZYu249Ves/IRDws2LlSsrLyxk8eDDrN3zCmDGjGT16NMXFJfz5qSdJJGxCIQ1KccIJJ3QJM1tbW3Fcl9zcZDi6avVqLjjvPGrrwqkl/Mmf7cTjjyeUvidkdl0X1/NAKaacfDJ/mP0ItuMwaOCALp+BEEIIIYQQQgghxKEiAeq/qPHjxjJ+3APs2r2bLVu2sm3bNpqamkhLCxIMplFRUc7AAQM6e3kerGPHj2fjps08/cyzDOjfn6r16ynMz2fI4EHU1dejSVaMBoPBzmu0ToZwHy5bxu7dNcml6BqOPXYChqGIx+KYpslp06cze84c4olEl3uWFBUz75W/EIlE6VtSzPKVqxgzZjShUIjTpp3CvL/8lda2VnyWj+UrVzJ50iTS09MZ0L8fby9ezEvz5pGdlcWaNWs595wvAckANRGPo5Ti5EmTeHj2bBYsWMhZZ53JmaefzkvzXiFcV0dTUzObNm9m4sQT0Kml+G+9vYicnBxc1yEtmMb48eM6Kzg9rdGeRzQaIysrC8dxOsNEz/NwXQfXdenfvz+jjzmGuS++xHUzryEzM7PjwyIWjREMBCjt25eNmzeRn5fHqkiEgsJCtm7dSjQa5evXXYc/4MdxHP706GOs+mg1pX374jgunusycuQIVqxaRX19PfF4nCUffMDYsWM4ZcoUlFLU1dUx5/HHmdLUxEknTmTOY4/zxFNPUzlgINXbq1FKkZubg+d5aO2xYMFCAgE/jutSXFRE3759icfjBIMBivr0YXdNDXn5+bS3teN5Hsmd4DQL33qLrKxsXNchMyODkSNHoj031SognVOmTuEvr85PXZPkOi6ObX/2l14IIYQQQgghhBDi72DecccddxzuSYjDJzMjg/KyMkaOHMGECeMZM3o0I0eMoKy0lPT0/Zef9yYYDDJ4UCXRWIxwfT0DB/TnlKlTCQSDuK6HZZlUlJV1BoodTMPEsiwSiTiu62E7NhXl5QT8frJzcigoKCAUCpEeClFQUNC5U33HPQdVVlJfV099YwMjR4xgwrhxmKZJYWEhZaV9qQnXEU/EmXTiRI45ZhRKKdLT06koK6M2HCYai3H8cccxbOhQlFJ4nkdxURG5ublYlkVZ3740NDVRVlpKUVERJUXF7Ni5k1AoxFlnnE5BQUFngIoC205g2w6GoSgrLd2zYZPWWD4fFeXlnUvzlVL0q6jAsiyCwTTKy8owDIO+fUtwHIdQKET2XhWthmHQt6SEzMwsMjIyqKwciEaTn5dHPBFn4IABlJb2xTAMLMsiJycZUBYWFpCWlkZJSQk+n4++JSUEg0GKi4toaW1lwrhxhEIhDMMgFAqhlCIzI4O8vDwGD6rEtm1qw2H69OnD9KlTKSws7NwMytUejm2TsB1CaWkUFfXBNA0G9O9PVlYmOTnZ9O/XD601JcXFZGVld1as2nYC23EwTYuy0lIM06S4pJiM9HTy8/IxTYOy0tLOql6tNdnZ2RQXF/faUkIIIYQQQggh/plEIhGWLFnC4sWLmTdvHosWLaK6uprm5mYKCwv3+//aX7Tkfik/oKKigr59+x7Se4tD6+c//zn33nsvjz32GEuXLmX06NF7ir2Ocq+99lqv5yjdkYAIIYQQQgghhBBCiCNOJBJh/vz5zJ8/n0gkAkBaWhoA0WgUgFAoxJlnnsmZZ57ZZTPiL9Lvf/97Fi9ezOTJk7nhhhsOyT3FoXfnnXeyaNEiEnutCB46dCi33347ZWVlh3Fmn49Zs2b1eo7swCKEEEIIIYQQQvwzCi/gzhkzmF31dx7vRdXsGcz4uy6uYvaMO1kQPthz//45/jOIRCLcfffdzJ07l4qKCm666SbmzJnDQw89xEMPPcTvfvc7brrpJioqKpg7dy533313Z8j6RVm0aBE333wzixcv7vL1okWLvtD7isPj7bffZseOHYTDYa688kosy2Lx4sW0trYe7qkdMhKgCiGEEEIIIYQQ/7QqqX66u7CyitmzHmHT4ZiSOGgd4Wl1dTVXXnklt956KxMmTACgqqqKdevWEQqFmDBhArfeeitXXnkl1dXVX2iI+thjj/Hwww9TV1fX5ft1dXU8/PDDPP/881/IfTuFF3DnjNlU7fe9Gdy5z4t+UCF/1Wxm7DveESH5y4MZ+/65cwEH9buHAwkv4M6D/CXGsmXLqKuro7m5mWOPPZZTTz2VU045Ba01y5cvp7m5+R+dzVFBNpESQgghhBBCCCH+iU2eXMGi1WGmT99rk+CqJSycNo1pCxfu+V54AXd2CVUruebe25lemDr2vzC54hEeWQhMu4VbutwlzII7Z/HIpmncMmcmwzu/7hjqGu69fTqFVDF7xj0sBJg1g623zOHcXXcya+sl3MI93JOazrRb5jBzeDcPc6A5dnO88pp7ub3jYNVsZtyz53l7vMcR5Pnnn6e6upobbriByZMnA8lqz8cff7wzIO1Yuv+Vr3ylc/l+R5B51VVXfa7z2bp1a6/9Il944QUmTJhAv379Ptd7dyosoYJHWFI1k+EdP7+6rWyqrKRy0WrC06eT/IlXsWQhTLvlCP8h96Lre5r872rW7BLmHKKXd9GiRUyaNIkf/OAH5OXlAXDzzTdTW1vLqlWrmDRpEtnZ2YdkLoeTVKAKIYQQQgghhBD/zI6ZSMWi1V2q1qqWLGTaxIl7vpEKHitumcOcOXOYM+derqncxCP/u1e126ZHWNTv3uTxLuFNKiytuIU5e4Wniyanzp0zh1sqHmHW7CpgODPn3MI0Krnm3r2CoYX38HTH2PdeQ/U93Szb73WOyaraPcdvoeKRWclxqmYz4x64JTWf5D0Oto3A4REOh3nttdcYNmxYZ3i6detWHn74YSKRCOXl5ZSXlxOJRJg7d27n8vnJkyczbNgwXnvtNcLhz/cB58+ff1DnfbFL+YczcRpU79rzbFVLFjLtkkuo2LSVzrrY8C6qmcbEozs/3Uch0y+ZBguXHNKK2enTp+Pz+bBtu/PPhRdeSH5+/iGcxeElAaoQQgghhBBCCPFPbTgTKxaxujNvqmLJwn2CpcLp3D5n70q3Qo6ZXLnPOJVMPqaQfVXNnsUjXMO9HRdXzeMRruHGvSpeh8+8hWkLn+45sKzc6/zC6SQzon0iol7mGF7wNAsrr+HczuPDmTlnDjOHh1nw9EKm3TKT4XuNdeM18Mi8I2/hdofly5cDcOaZZ3Z+r7CwkDPOOIMzzjiDu+66i7vuuovx48cDyaXWHTqu6Rjj87Lvsv2eVFdXf6733VdBv0o2be2YS5hd1ZX0KxjOxGkL6Xxt6rayqbIf/5+9e4+Pqrr3//+eySTkQrhMCAG5DYUgweLjEDwCMkCxqO1XT72cXwmXcyy059h+kQI/03LKUQpWPfRLxS9Upaf9tQ85fEu4nO+pttVHxVopJAoo4KlWEBBJIMgtE4RAbnPZvz/23DOTTJKBTOD1fDxGzOy19157r73X3vsza63dL5DqrScT6gYfP11kl/pQgP+83nryYT351luh6U++pfP+YQVire/QS2Fd8js7wO+hlyK6+AeHMWjRTb9j4wl/+ctfltfr1blz59TY2Ci3262amhpduHBBTqez1SCq1+tVY1OTGhobY36awl5Klerowg8AAAAAwHWuaOJQbQt04z+0RzumT9R8SXtapAzrYi9JI6a0vuAdq7RK0oh5YxXsRX/6hHRsh0of3hCVeITmxVvO0IEKD832GzZCKj+t8xoYI3HsPNZUHZOGzlTLEG+Nqo5JO1Y9rB3Rk6bH3bIuV1VVJUnBMU8ls7t+eLf87du36+OPPw5OCwjMk+wWqIF1teVqB1Dzx07RiA17dGh+kYrOf6hyTdGCfEnDRmjHnkOaX1Sk86dPaMSU+8zj4dBLKt0wVMs2rlCRzABmzG7wcdP101tPrtKJeWu08c58f4vmJzUsbPiIYxuqNHPjRs33H5+l6+dpzcaNyve3nH710J2aX2QGaFedmKc1G+9Uvr+19pNvhQ010SrzxwBNX+b/MeCQXlp1QvPWbDTzceglPbzqVR26M+zHgk7YsGGDbrnlFr333nuqqqrSgw8+qJycHFVUVOj999/XAw88oNdee01Tp07VTTfdFHMZn1+4oMbGxpjTevfurR4ZGUnI6dVHABUAAAAAgOtd0UQN9QdWtGeHpk+cL0V0Ag4FJUf4g0Tn33pSpW31xB4xT2sWSOtL1+utsWFjkQbHPE2mDubRrzuMeRqurdaea9euDbYwHT16dMzxTq92IDOeq/UCq6D8gRqqcp0+LxXVVOnY0InmsTZ2ikaUn9Z59dOH5dKUBf7RUPfs0Ih5a4JBxaL75mlEqT8AG7bYQ3vCg5NS0fyN2ihJ599S+bERweWp6D7NG1HqH1vY/GrEvPv88/XTsBHSiCn+HxXyB2pocA3n9WH5MU2fucJ/bphd8jdsCx+7NVKLwP+IsNbeKtL8jStCSz99QgpbW0d99tlnevXVVzV8+HD1799fo0eP1meffaZNmzYF0zgcDg0YMEDZ2dl64403NG7cOI0ePVo9evQIpklLS1NOTo68Xq/cbnfEOnr06KGsrKxO5/VaIYAKAAAAAMB1r0gTp6/SnkMTpR3TNXF+1ORDe7SjI0HPoQOVn1+kmdM3aNX6tzR2xZ3KHzhU8o9FmfCyTpzWeRUF08dsTdpGHkOtVouippsBrfLT56Wi5IZ0r6Z+/frFnVZVVRUMns6dOzeim78UCmAOHdr5YFr4Otub/qq9SEpFmjj9mPbUBMbz9R/Q+WM1Rev14fmBqjo2VBPzJbOLv3RsR6kiG0WPMAOwwb/NdCOmxNjvNVU6pqGa2enDJ15r6Olxz5fWA/+RL2sbMSJ62I2Oee+99zRu3Dj1799fVqtVd9xxhyorK3X69Gl5vV7l5eVp+PDhys7OVm5urnJyclRVVaWbbrpJ+fmRW5GTk6PGpqbIAKrFouzs7Ihga6pjDFQAAAAAAG4ARROna8eqVdoxfWLs7r3hL+A59JJKNxyLlSr2sucv0/RjG7T+rfP+1nk7tCp8sMVDL+nhh1+K/+KbYxsUHI70/FvatmOE5t0XI5et5DH/zpmaHr6c4NiU0p0zp+vYhvVh40EGpqXuW6QCwcfwsU0D8vPztXjxYi1evDj4ghvnWfgAACAASURBVKlwgXmig1mdkegLpDqavr36DRuhE6cP+cc/DXybr4FDj6nqw9M6ETzO8zVwqL/VcuAlYhs3auPGsBbTYelCY6tGrEwjdEKnO324mMH86cs2RuWlg13uD72qDcemB1+OtmJmcgLmn376qXr16iWfzyePx6OsrCwVFRXpzjvv1F133aXi4mL17dtXhmHI4/GoZ8+eOnv2rBoaGlosy2q1Kic7WxlhXfWzMjOVmZkpi8WSlPxeCwRQAQAAAAC4ERRN1HRJ02O9lrxovpZN36FVgZfRbBumNcumS8fCXz7V6sI1f1kgSJmvO1cs0/Qdq0Ivt1klLQsGiczWgxtKwwKYI6ZL2/xpSzdo6LLo4FYieSzS/DXzdGJV4IU6pdowdJk5tmTRfK2ZJ20oDU0rn5LouJNdI/ByqFiByKqqKq1bt07r1q2L2TK0vLw8YhmddejQIVVUVLRrnoqKina3Wm2P/LFTpKo9qtIUhb/brGjidJ0oL1dYVFVFE6fr2IZXFYrRPxkzoF80MfIN9+ffetJ8AVT+WE0ZcUzlgZPh0KvacCz2S9XayLXGThmhHdtCL5U69FLrL7VqWyCw6x8fNbiqgRqq8DzvaTkGcAwXLlyQxWKR2+1Wc3Nzwh9Jqqura9FVX5IyMzOVHgigWizKzMyMCKh2B3ThBwAAAADgepR/p1ZsvDPsC/Ot9PH+Lpq/URujuvaHJkcvK2x8yNAXYenNZUePFBBrXeffkqRhum9FrPTtyaNibHP4pBWKMykl5efn6+6779Ybb7yh8vLyiJam4WObnjhxQkVFoaB44MVSd999d9JaoK5du7ZD861atUr//u//npQ8tJA/UEN3bNCO6csij5t+w6RjJ0LjlUr+APqTKn34Yf8XIzRvTYxWny3STdeyjeaQEXeuWKaqh0PDAExftrFlkD+RbN+5QsuqHg57yVpoHe3mH4t1Q+nD2qARmrdsnkas8o8Nm1+k++aNUOkGf56nz9O8EVJbIe0LFy4oLS0tZiC0NVarVVeuXJHH41F6enqLaTk5OXI3N8uWnt7tWp9KksUwDKOrMwEAAAAAAG5M5ougplyFl051f/X19XrmmWd08uTJFmOdBlqmRn+3adMmDRkyRI8//riys7OTko9f//rXHXoh1dChQ2O+3Aqp689//rOOHj2qcePGyWZLvN3lwYMH1adPH91xxx3q06dPzDQXL15URkZGyr08qrS0tM00tEAFAAAAAABIQdnZ2Xr88cf1zDPPaNOmTdq/f7++8pWvaPTo0cHAaX19vT7++GO9/vrr+vjjj5MePJUUMwhaVVUVMeZlVlbWVXxpFK6VK1euyGq1yuv1tquVqNVqVWNjo7xeb9w0vXv3TkYWuwQtUAEAAAAAAFJYfX29Xn/9dW3fvj0YtAwESOvr6yWZAcx77rlHDz300DXJU6C1a0B0C1l0T0eOHNELL7ygpqYm9ejRQ9nZ2crNzVVOTo6ysrJksVjU1NSk+vp61dXV6cqVK2psbJTP59PMmTM1adKkpAbvr4VEWqASQAUAAAAAAOgG6uvrtX//flVVVQW71A8dOlTDhg3T+PHjr2ngqr6+Xr/4xS904MABFRcX65FHHul2gTNAIoAKAAAAAAAAAHElEkC1XoN8AAAAAAAAAEC3RAAVAAAAAAAAAOIggAoAAAAAAAAAcRBABQAAAAAAAIA4CKACAAAAAAAAQBy2rs4AAABAexlXXGra9YI8lXtl1F9oK7X/X8vVztZ1wCJr74HKuv9/yZo/sqszAwAAAKQEWqACAIBup3HHWrkPvt5m8NQwDJmBU4KniTHku/iZ6l/+XldnBAAAAEgZBFABAEC34zm+O6F0hE07xqg729VZAAAAAFKG7cqVK12dBwAAgPZpTvD+xUIItaO4RwQAAABMNrNrGwAAABDCPSIAAABgogs/AAAAAAAAAMRBABUAAAAAAAAA4iCACgAAAAAAAABxEEAFAAAAAAAAgDgIoAIAAAAAAABAHARQAQAAAAAAACAOAqgAAAAAAAAAEAcBVAAAAAAAAACIgwAqAAAAAAAAAMRBABUAAAAAAAAA4rB1dQbiOlKmBWsr5Jj9lJZOyWs9ratcq5fv1qSnlqqtpEmd9xpwla/W8s2VLSc4ZuuppVNkZvmIyhaslZas15xRgXkGa8n6ORoVd5nxp199R1S24BUNSdF9fs24yrV6+WbFKF2Tc4nW33M2pY/P9jGP04pYk5xLtH5OFx2NZQu0Vub6XeWrtfzkA12TlyNlWvDKkLDz+ppnQGUL1qo6bp3b1vTWFl0ms4pKtM4JO1Yi6roU4b8+teTsZL2a4tvdjaXPfEOZQ3JbTqh9TXUvPZ2UdWTO3610xVveE8ouvVf66yTVb0/K6totfeYbysw/qsYXH5W7C9Yf934mqv53la/W8t2TrsLx71L56uU6+YB5r9T9JbfObs9+79JrZbcW7z7IodnXxX0eAADXtxQNoLpU/kqFnE6nKjZv15EpVzHQlzdFS9dPuVpLT44YwaUjZQu0fLXi3+g6qvXK6nJ9K3r6kTL/A8zgq5dfJCbi2Iv3YDcq9Y/Pdon1kGA+UKwe0oHAXBKMmrNe66/5WlPY7l+prGBp1HHoUvlq86HPcS3ycGSfKlI9gBgjf67y1Vq+oKzjQdTusN3dWYtgaYmyHl2i3PlKWhAVbWhxP2Ne+xaUhb7Pm7JU19Vl72pLUp3Nfr9WWt4HucpXa/nyMhV0WcMGAACQiNQMoLoOanelUw8svU2qWKt9R+ZoVNQdxZGyBQo0AHI4neFTzNaNSyZp91p/6z7HbD21tEDbg7/6ht28RLRA9c87e7A2bw78PtzZFkVXx6h7Zsux/KRcUpwH7UmaNHi3DrqmRNykHdnnD0zHbAaYQqJaeDmXRAYWw8vfn8B8+IrV0s1VrtXLT+oB/3eRrWBS/Ff/8ONT/u1YIq0NbHywlWqgJWvU8drGfkwNo3TPbIeW7z4o15RA4Mh8qA4VU1RQKar1brCluqtcq38lTRq8WZsrJDmX6Kkhr0S1qolssR1ogfrUkFf8x8VaLag21+cqW6BXhizRpN1r/Xkxj5eC7WH1T0TrnqjWJWHBArPFziTNrt4c3K7gvGHltHzByS6tcwZPmqTqfUcUUem6Dmq3nHI6KlQtxW65345WpkfKFuiVIbM1ePPm4L5yRrSgN3fQ8gWb/d9HHQ9d2GK5NXlTHpBz8ys665JG5UltHQ+/0qTgPrjtTof2vRW93dH1Vfj5fURlC/ZpyOxqbd5cKTlm67FJu/XcyQe0RGsVqiLW656zYcuI2HdR+1Xhx3MC18N452Ewf7G3PXVsVcOLhcouvVfZ9zztbxlqBlVtmaFUxsm1urxtq/lH8YvqOb1YlljTJEm3KLt0t9L8f3mjW5zetFm5pf6QVuOBqNagZivVwLzRy86cv1vp9rBlhQWEM+fvlvXKAVmHFMuiOnl23K2GA+HLq5O3tv176OrL05SlS3RywVqV3RZ2zPvrbEWdJ7HPi+jreKxjLy90rK9dENYqs5W6Jfp6Mnas9GHviHPg6rWWTVxCdXZAi9bzoXM6er/Hu16F9n3oWpmn1sokgbqkrXzFu3YGNre146Eb3AfljZkkh04G/w7vGSMp8prrit0DwjH7KS0t2B5/Wsre6AIA0H2kZADVdXC3Kp0PaJRGSU5p7b4jmhN2Y3ikbIHWVs/WU+unKC9w8yuHJgVTVGrzK5P01Pr1yvPfSC9f4NDsp9ZrfZ5//u1HNCXmHVSlNu8OzGsue23ZbSn44Ne2MbcN1q8OujQl7IF2X4VTty1RagdQg4GY9ebNtatcq5evVrn/hjiy/APpAw9ft8mpyKB76HgKe0BYvzQ0b7f61b9Ca/ct0fr1c/z7Za0WVDj9+8o8Xl8pvycsKBd/P6Yuczt2T3pK65f6Q55lC7S8rMB/Hh5R2fLNGrxkvZaOkvn3guUqK1ivOXmSKjeb8673h2LLE1tr3pSlekqR3RJdkio3v6JJ4XXH8gVyzPYv/0iZFqwNtJIPBWbXjwptx+rysAeXis06GZh+pEwL1v5K5WOWasqoOVq/RF3chd+vYIwm7d6uI2YNLMk8hzTpAQ3Z7X8YzxujSY7N2h1WvxzZZw65kuh5VLl5d3C/uspXa/naMt22fo5GTVmq9QXhwxn46/jBS7R+6SjFarGWmto+HsL3gSR989bIYRxCw60sDdVfES1cK7T55BKtXx8Iyu42f3Rcsl5mFbFay9cuUIXTn8ZVrtXLX1H5PUs1JS96vwbW5z8m86TWr4etnIejEjgXUsbT8tXeK1vvEkkyg6f1r6nuRTMwaXb9/5ayireaAcnpxfIFg6JPKLt0ibLv2RoKktrzZOyYpLoD/nm/uFmZ22er0T85zS6510xSo8ygZ+ajL0ovPiq3P3hqPblWddu2Bpfdc6Z0edtWM3iafUCNa/wB13s2K/eL4YFfKW2IPbhsRS/PH/gNZiSljNJtTumV0C8PEaLPk9av42bLy+rZT2l9WIB0dflTWrr0KSmip0cCdUvE9cQ8rkP3Fy4d3F0p5wNLU7/OlvzXnGrNfmp9WGBzbfx73HjXq1jXyjbvrVqpSxLJV7y85MnfsypUT0asu5vcB7kO7pZmfyux6+eoOeY9YGBe/3XigSl5klqbBgAAOstqGIZS63NY2zdXyjm+UIZhqPDuWXJUvKJdNaHp+yok5/1O2Q1DhmGX85uz5JCCy5DCpxdqvFOS83457eb0wvFOqfqMasLSx57XrqKJjoi01/4jSdHf1WjXrzar0jlehWH5VvQ8heM1ePdHobwf3qcK53gVBpN3XTnHX3+Ndr1SIefi2cFtM+xOfXOWtHn7YbP8Zr+oF78fKCNzO53B7TfLu2Lf4eDyPtodOJ4Oa/tmadY3w+edrcXOCr2yq6ZL94dhGDIiyjD2vpIcmnV3oX+/FGmiQ3LMutu/r8zjtfJkTUL7MXXK3TznHROLzHI5vF2bNUvfdNqDaQpnL5bTXw/U7HpFFY5ZurswMH+hZr/4omYXhvbRxCJ72PJbnkMR54vCp0elVYy6Q07dH8hb4Xg5Va0zgXw5FwfzEaibtHm7DgeWHZ7vwvFyqlIna+LnsyvKR4ZdRROrte9w4PsafbRb5j4N7jf/sRasXw5rX0X0fg//RNU5UfvVXjRRDv9+bLEvDm/X5kqnFs8ujNivkdeFa/2JXVaHy9aqwjFRRfZEjwczbezl+q+FYeew3flNzXKE6itJwWtlcP6wY8zcr9F1RuCYs8v5/Rf14uzQ/Gb6xK6HrZ2HbW97Eo/XJPBeqZMlp1Bmi9RJEd353Z8cVfw1Pa36NVEtTGt3qeFA+Lx5shSHreuvoWBq418OyMgslK1YSp85VWmNB9QUbHH6tOr/WinLkAeUKanxpUmqC2+tuv0jeaOzU/tRKD56zy1KU6U8geUdeFRNJ+sS2h/hrsV5YxiG7IMD167odIo6T9q4jvvri2Ad7T/Ovx/429yohOuWyOtJ1P1FzUfaXenU+ML27ocknwMJ1dnmfnrxxe8H693g/XHM65/acb1q+95KauXeOpF8xc2Lea8Tug8KLG+2ClP2PqhSm5cv0IIFoc/yzZVhx78RdV8SKusWy6vZpV9tlmb9KGwbE5nGhw8fPnz48GnxSUTqtUA9sl8Vjln6UeBn2LwxmujYoj2Blk6us6qWQxPDf0zNK2hzRE/H4G7862vFOj0a3WLUMUs/mt3Wb9WjNH7wb4Pd+I/sr5Bz/GxJ+69SRpPBpepKqWLdoy0H2XdGpSz/iX64pbLF5FHjndK6/Toye5RGuQ5qT6VT94+S/9ipVMUPH9WWqEU7ZiV3K66lwQWxju3E9+O1VaktMff/j/R9fwsJ19lqqbJCP3y0RSrNkuSqrpQG3991LX4cg2Ou22Xu8Jbnatfu8A7JGzNR1W/4u4S6DmqPJuqbedLBqDSOLdXmMCKus6p2TNTdV6FQXGerJcfEyH2eQJ1/1VVuiXGMOrX4RbP16JHOHg+xrnXKU0G7N3ywYlYRYY5sflTrgvl0aGIi2WvlPLwezoXI7vKBwOPTcp+cqswv7lbuF9WBF1DVyTgf9ueB0/JNL5YlX0rLyZXqT0e+3Ol8rQzZI5YQ/TKsFkHUQLreeVLj0Yjp7osuZea3I7upqI3reMz6Iu6i2l+3jBrvlH57Vi6NUp6rWpXO8SnReyWROjvIVa6f/HBL6AWWnT0tk3Vv1aF8mfc6g+/vTvdBDs360fcjW8Ae2axH1/1W5Xd/vx0tY49o8w+3SLN+FGOe1qYBAICOsiUaab02XCr/bYVUqZYPppVv6IhzlgqN8F9hI5NEfhc1vUVUOTLSHG9eI/xX9s5uXgcYhiTnYr0wqzDmxMg8mfkOz3Ph+MFa98YROWdJ+yucGj/LkHE03vzXVqwyDHAufkGxN9mQq/xZrdhaKcmpxS98T4U6qi0L1ylYboXj5dQ67T8yS/Yze1TpvD+spa5DJU9+L+YNZdeeC0ZYi4Pwr8OOT0Ufqy3nif63tf3YNSL3/9EtC7WuItRayMybJEeJnvxerK7shkKHb4xtiHE+xz+HI/d15DxRKWPVHbGmt3KuuhLKR9fVNSGGDHuRJlS/pF0139OYg3ukCfPNlkNSqC61F2mCY0vwPItIE3fRcfZb3HrYkFqpg1urQ666eMdoeD47fDzEuzaFrSOR61XYhGBdETaPef75t+WFKcpzlevZFXsTuh6GshK3Ek/wutVxlraTJCQtJ1fGFbNmCQZOG/3d5YtfVM/poe1wb7s7ogt9bum9McZBTb5Q4LRS7jV3q9HfRf9qS+a1Il79KplBd8cguyKub7HO/zau4+aQLfHq0cjjv7X7u9jXXJn3F5W/1Uc1Tg3YXyHn+FldfO8gJVxnu8r17IqtqpR5b/C9Qn8dILW938PXZUSVZZv3Vq6Ief1ZCi2/Hflq/doZe++k3n1QjHq98C6VOFZoz0c1cobtxPjXSJfKn12nCudivRB2/2RqbRoAAOgMa1dnIILroPZWOlTy5At64YWwz5MlcqhC+49KyhugwarUqfCXIbjORA6Sj5DC8XJW7NfRo/vN7vtdnZ822TXIIVWfccWZ7tLBvZVyLn5BL7wwK872+LvZ7S830473p4p17Fy32tqPqaFw1pMqcVRo3bPlCuQ0b8BgqfKU4hWT3dwwpdqWpWq+OiZPYyZIew8e1cG90oQxsZqw5GnMBIf/PIuXJgk5iXU8dIM6v9PHQ8z6yqUzSdvwo9pf4b/exvyxonWtbV/3OheekNUu+S5u9f9/nTw7orrLx7J9turWTFLjyTpZ8qcqPaF15coS3gK0eKCs/lap3it1UvbAyOXk2/1B4hLZ8nPl/esk1a2ZndAwpu6LLinTHnwhleRvlZqSjmp/hTR4QAL5a+M63tb1o820bdYthRrvrNTeg+Xmj9Ipc1PVdp3tOrhXlc7FeuGF2AHFjq+6c/dWnctXa/c63eM+KFxC54AkV/lL2lrp1OIYO6y1aQAAoHNSKoDqOrhXlY4JanHflzdF9zuliv1HJRXqrhKHKn4bCLi4VP7SVlW2WBpMhRrvrNC6dRWhQGJKy9OU+52q3PqSyoP3vC6VP7tQz4a+CLsh9v/SHrWUwvFOqWKrtlY6NCjYA9J/7KzbEmzFKB3VloULteWorjOJ7ceul6cp80vkqNyqFYFCKLzLDKqGF8rRLVq40Cy3vCn3y1m5VX8MTm59u8yH5L066J/sKv9ty+58ydgSf75eCsuHq/xZLQwLDncneWMmSFvXaati1MlhaRwVW1tN02ktjgd/ne+8P6W7Jnb+eGhZXwUejO9P2oaHBz2OasuKxK+lrZ2H3edcKFHWo/cqrfa1sHFMw4Oc5kujQi1dn1B26W5l3xOa35afK+P8rtaDrWHSRr7oD5KWKGtSsSz+MVPd23bJm1msHjNLQuv6okPGyVeCAVNr78A0f75bW9H2V+RpdMgWWF7xi+oR1vU/dYRayyUW72njOu6vL34bduwd3bJQC2Nd5DtYtxSOd6py69aU+1E6kTo7/IcNV/mzYUN3dEYS7q06nK/Avc4fQ+t2levZhc+q3NVd7oMkHf2jtlaGAvL2QQ6pYn9wm47+MaxuPrpFK7ZKJU/GaETQ2jQAANBpKdSF/6je2FopR8m8mN1ARxZPln76W5XPKJXTWapF1d/VioVml7nJJSVyVO4NDZQvRXRxbNHtMFbXyHjzBid3URf+sLy1lio839F5Hlk8WaqQikf6tyuiW3hXMGSoUltXLFRkp0eHSlaWyjmyRCtL1mhl2HRHyUqVOu0yDMk5r0R7V66Qv/g1edFKlfxupbbuO6KSkf5bxpHFmqwKve2Y4H/5hPm13X/srFsYujufvOh5zRoZv/vXtRGnu2748amw/zdizxNxvLS6H7vmaI4+vyRJdqdKF1Xruz9dp2cHrVSpM0/O0kWq/u46hYppshY9P0sjDUOGRqpkZYnWrFyohcHJi/S8065QT8GwdYws0aLJ39VP/fvBUbJIJY6fqjpwvoTVD/aiCXJsXaeFFeb6wrsxBpZr/hPVJdowZBiBfIWOTTlKtLLUfHFGKGux5pV5zFb+VCsW7jXPg2seHIzKj71IExySJvhf7hU6GEP7o0WaeIuO3G8t6+RQupZ1lF3O0pXSmpVaGCjwyYv0fMnIruuamFAd2t7joeVy7c5SrdQarQxtuBY9X+I/DxK4XrXo+hpeZ4xUyaLJ+u66hf4fFBwqWblIk1f+VHsP1sjpbGv5rZyHhr3Vbe+yLvx2s8t9OCP41nvJfHHTLcoNjHGqOnl2vCbv9HuVNrJEOhA9XeY4qAl336+T57xdmaW7lSmZwwQEx1B9WvVrpOzSJcotXRLMW2BogIbdU9Vzemia969r5Rm5RLabnpAUaxzWrWp4sTBseZXynKyTrZ1joCa1C78kVYTX6yZHyUo978wLriv8OAvPR+Cv1q/jdv/1I/rYGynDkIomOLR13UJVTF6k52cVtl63RNdLAf77CxV3YR0kqb11tt05TyV7VwbvnTV5kVaW/E4rt+7TkZKRwdF2Y+/3yHVFXysLWy2T1uuSvHbkK/a103+vEyxEc91OuyHDnor3QfHvf0cG635znwT25+RFizS54neSYejIPvO7FsuYvEiLFH/a87RIBQCg0ywXLlxIlQgqAKBbcalizQZpXlcEfHGjS/vVV7s6C9c977f+0NVZSEFHtXXRARX/tIRWfgAAANeJp556qs00KdQCFQDQrbgOaa8m6Bv2qBZaAK4L3CPGcHS/3r6jWDO7rBcPAAAAukJKjYEKAOgejm5drMU/2qsJ35jc7hcQAUD349Lbzy3W4hekhSW0PQUAALjRWFwuFz+gAwCAbiX9pXvbToROcc9/rauzAAAAAFx1zzzzTJtpaIEKAAAAAAAAAHEwBioAAABa4B4RAAAAMBFABQAAQAvcIwIAAAAmAqgAAABogXtEAAAAwMQYqAAAAAAAAAAQBy1QAQAA0AL3iAAAAICJACoAAABa4B4RAAAAMNGFHwAAAAAAAADioAUqAAAAWuAeEQAAADBZLv3vqdwdAwCA7sXb3NU5uP6lZXR1DgAAAICrbuXJ29pMY5PFcg2yAgAAgG6Fe0QAAABAkmSTp6mr8wAAAIBUwz0iAAAAIImXSAEAAAAAAABAXARQAQAAAAAAACAOAqgAAAAAAAAAEAcBVAAAAAAAAACIgwAqAAAAAAAAAMRBABUAAAAAAAAA4iCACgAAAAAAAABxEEAFAAAAAAAAgDgIoAIAAAAAAABAHARQAQAAAAAAACAOAqgAAAAAAAAAEAcBVAAAAAAAAACIgwAqAAAAAAAAAMRBABUAAAAAAAAA4iCACgAAAAAAAABxEEAFAAAAAAAAgDgIoAIAAAAAAABAHARQAQAAAAAAACAOm2F0dRYAAAAAAAAAIDXZiJ8CAAAAAAAAQGw2gyaoAAAAAAAAABATLVABAAAAAAAAIA7GQAUAAAAAAACAOGiBCgAAAAAAAABxMAYqAAAAAAAAAMRBC1QAAAAAAAAAiIMxUAEAAAAAAAAgDgKoAAAAAAAAABAHY6ACAAAAAAAAQByMgQoAAAAAAAAAcdh8RFABAAAAAAAAICabjy78AAAAAAAAABATL5ECAAAAAAAAgDgYAxUAAAAAAAAA4rD5GAQVAAAAAAAAAGLiJVIAAAAAAAAAEAdd+AEAAAAAAAAgDpuPt0gBAAAAAAAAQEw2W6/+XZ0HAAAAAAAAALj2LredxGIYNEEFAAAAAAAAcOMpLS1tM431GuQDAAAAAAAAALolAqgAAAAAAAAAEAcBVAAAAAAAAACIgwAqAAAAAAAAAMRBABUAAAAAAAAA4iCACgAAAAAAAABxEEAFAAAAAAAAgDgIoAIAAAAAAABAHARQAQAAAAAAACAOAqgAAAAAAAAAEAcBVAAAAAAAAACIgwAqAAAAAAAAAMRBABUAAAAAAAAA4iCACgAAAAAAAABx2K7GQi9evKhLly7J4/FcjcUDAAAAAAAAuEHYbDb16tVLvXv37pr1J3uBFy9e1OXLl5Wbmyub7arEZwEAAAAAAADcIDwejy5fvixJXRJETXqE89KlS+rduzfBUwAAAAAAAACdlpGRIavVqosXL14fAVSPx6O0tDQZhpHsRQMAAAAAAAC4AaWlpXXZcKG8RAoAAAAAAAAA4iCACgAAAAAAAABxXJWBSum+DwAAAAAAAOB6QAtUAAAAAAAAAIiDFqgAAAAAAAAAEActUAEAAAAAAAAgDgKoAAAAAAAAABAHXfgBAAAAAAAAIA5aoAIAAAAAAABAHCnZAvXolu/qp2/HmGDL1aDCCbrr7+/S+ILsTq0jPpcq1qzUVpVoZalTeZ1O19X8+Ry0SM/PKuzqzAAAAAAAAADdylUJoCZHlhwTijUoLIcNZw/p0NE3teHpvfrgf0dKpwAAIABJREFUn3+g+bf26rrsAQAAAAAAALjupXAAtUATvjpLzuimnfUHteXpn+ntl/4/FT5R2nI6AAAAAAAAACRJSnbhN/z/NQxDLRaVVaSSf56mA8/t1O92HNfkv3f4J9Sreu9v9Js/fKjK2gZ5JNlyB+nWr87VTOdgBTv811erYtsm/eGDU6rzxEoTWKdb9Ufe0Natf9Chcx7Zsvrr1r+bFzOd66P/q5f+421VNUhZ/W/V382bKefgyCEG6qv36je/+Z0OfFInj2zKHVmsrz30kCZEpEtkG1yqWPOktg3+hr5r+4N+tvOclHu75j3+D7o1W7p08L+0YdPb+qTOI1v/Ys39n3/nz6fBy70AAAAAAACAdkrhFqitcDg1w75Tv/+kUi45lCfp7B+f0+rf12rQ7Q9pbrFdWXWn9Paf/6AD255TQ9ZK/c/xvSS5VPGz1dpWO1LTHvqGiuxS7YE39Zttq1XteVxPfKkgtI5Tv9NzPytQ8UNz9R27R4d+v1U7tz0n9fpfmndrekS6n/2yl4q+NlffyW3QgTd/o22rj+rUd1eqpNBMV390q555/m01DLpdD32jWHbPJ9r5hz9r0+pDqvzu4yopNEOjiW2D395N+lnBBJV856ty12bJkS1d2v8zrfyPQ9KgaZo7t0j6ZKd+//wG5V79EgEAAAAAAACuS90zgKpc2QskHTqrWkl5qtQHb9cpd/L/1GMlhTLDlmM0prhAG/7llzrwyVlpfC/JdUh7q6Tbv7NIfz/Gv6gxRcpqeELbPjgq15cKQi+D8tj11cf/RXf5Y6pjCrNU9y+/1IEPjmrerWNCWfHY9dXHnwilG1+ogqef0e9/t1czSp3KU6X+8Mu3VTfsIa0o/ZJ/+WM0ZkKxfvf0ar259V196YkvqSDRbQiut0hzv1ui8cEGrJX6r22HpGEz9XjgpVZjxmjsyF/ryX+vSubOBwAAAAAAAG4YqdmF3wj9T+xFZSm3rxTs5q9hmrHix5oRmCeQzHaTRg6SDtTXq9kwlJ6bK7tNOvD7LSrK/arGDu6ldGWp+J/WqDg4r3/uQZM1rn/Y+gPLOlurGsNQXiDdyBm6PTyd+mvc5EH6/ct7dejiZE2u3a93G6RxM+6QPTxvGqRpM0bqzbI/64Mz0zSjIMFtCEwZVqRhWWHrPXtUHzZIY2fcHrGerKIZmmF/V7836MIPAAAAAAAAtFc3bYF6SedOxfrerXrXWZ06d07njh7SBx9+qE/OSVKdLknKS79Vfzd3rKo2vaP/+Mk7ki1LdsdYzZgxQ+OKChQxaqktPdYKWupvV6+or/IGDZP0vs7WSnK71SC7Bhe0XF4ve39Jn8h1SVJw9IA2tiFePi65VCu7JrdYT67s/RPbFAAAAAAAAACRumkAtVZnz0kaNlh2/zeuA7/UC5s+VK355iXZexVo2LjbNfb9nXo/bM684n/SiuJLqj70od7989s68Mm72vbv7+o3w2bqXx+bHD9A2W5Z6pUlyZ34HIluQ/uky5bV4ZkBAAAAAACAG1pKduEPLkdxuvBXHtC7DVL/4hFmd/VL76rsPz5Uw7iH9cM5xbIHG2Ge1Zvv79T7MiK7xStXg0bfoQdH36EH5dbZnS9o1cu/187jd+hBh/zpoudp+b0hSbWXVG8YCo9R1p6qktRffXMNGfXpylKtqs82y+gf2Tr0Uu05SYNUYDdkXEx8G2LmL9cue8z1uHS2StLo5JULAAAAAAAAcKOwdnUG2q3hkLb9aqcabKP1lXH+fu/nKvWJpLG3hwceJZ16V+/Whv50H3pZP1q2XC9Xhi8wXb1yozvht8PHOyPWoYZP9Oabp6SRxRqZJckxTrdnSe+/+Y5qI2Y8pZ1vfiLljtZIe+LbEFdBkcbltlxPwyc7tTOR+QEAAAAAAAC0kMJd+M/p3de36VRYDhvOfagPP6mTR7m6Y+E3VByIe/YfqdG2d/Tur36irJn3aXRug2rf36lXD5ySO2z+9JFjNdq2Uztf+IkufWWabh+Uq7pT72jn6x/KNuzrmuboQDZza/Xmv/1Epx78ssaln9LO13fq44Zh+vqc2/1jozr0lW/doQMvvKx/+8kpPfjlcbJ7PjHT1ebqjoUzNKgd2xDfIM34xh16N2w9WXXv6NXff6i6DmwWAAAAAAAAgBTtwm/O3aCqd99RVdj3tsy+GjbuXn35vhkqsoetJ3ecHl5Sr//c+KreLvu5dtoy1XfY7fp/vvdt2d/5kda984mqm+9Q3/QR+vqyR9V348va9XqZ3vePNTrijke07MEi9TUMc9gAfy6MiC780d/7/x47W0tGvKef/2eZ3m2UMoeN0z8+MkfFfUPDD2SO+LqWfW+YXn75Vb288V15ZFPuiDv0j498RcUFmeZ2JLwN8fIXWM9N+s+N5nqU2V9jH/hHjXvv/+hP/vQAAAAAAAAAEmcxkhxVO378uHr16kSXeAAAAAAAAACIcunSJQ0fPjypyywtLW0zTfcbAxUAAAAAAAAArhECqAAAAAAAAAAQBwFUAAAAAAAAAIgjJV8iBQAAAAAAAACpgBaoAAAAAAAAABAHAVQAAAAAAAAAiIMAKgAAAAAAAADEQQAVAAAAAAAAAOIggAoAAAAAAAAAcRBABQAAAAAAAIA4CKACAAAAAAAAQBwEUAEAAAAAAAAgDluyF5iZmam6urpkLxYAAAAAAADADSwzM7NL1pv0AGpjY6MGDhiQ7MUCAAAAAAAAuIGdPnOmS9ZLF34AAAAAAAAAiIMAKgAAAAAAAADEQQAVAAAAAAAAAOIggAoAAAAAAAAAcRBABQAAAAAAAIA4CKACAAAAAAAAQBwEUAEAAAAAAAAgDgKoAAAAAAAAABAHAVQAAAAAAAAAiIMAKgAAAAAAAADEQQAVAAAAAAAAAOIggAoAAAAAAAAAcRBABQAAAAAAAIA4CKACAAAAAAAAQBwEUAEAAAAAAAAgDgKoAAAAAAAAABAHAVQAAAAAAAAAiIMAKgAAAAAAAADEQQAVAAAAAAAAAOIggAoAAAAAAAAAcdi6OgPJd1i//vZz2hX+1fA5+rcfTFO/diylZueP9a9lxzV8zjNaNq2tOQPrnKrSn8/VzW0vXKseL9PxDuTr2mnnNgEAAAAAAADXoesrgHp4kx55blfL74+X6V+/Xd2uQGC/aT/QL6YlNXcAAAAAAAAAupnrKIBao50v+4OnUx/TL+beHPr+x49r0/FdWrPpNv/3MVpX+oOvgRansVqgBr4zDdfcZ36gmI1TAy1MW0vTppYtaac+9nP9g3+zDm/6ttbsCv/Onz7QqjWslevcIWXa5F9QdIvahLYpuD2K2rcAAAAAAADA9e36GQO15iO9c1xmd/2IAF8/TfvBY5oqSbv26XBHFx8RaJSk49r0+I+1syY65WH92h9snPpYR4OnNdr546hhCCTtem5T+/N/PBQ8Nf/8ZTDPiW3TLq0JBE/NTOjXHd2JAAAAAAAAQDeTsi1Q3evvbFf69C9/ywzyDRkQY0zRm/W3U6Vdu07qTI10c7uDmof1etlxhbfQDAQf3/moRtOCXf1P6jc/3iUzjvtMsLVo+/XTtB/8XKERBAKtaDuS/0CeA8s4rpMuSf0S3aZQK9fA9JP+TLS3jAAAQGpJX/BWV2cBAAAASHkpG0BNKTVndFKShk/SLf7gZeQYqS7/v8d13N9Uc8iA5LwaKtBVv8OCee6nWyYNVzCDCW/TVP2tPxDcb8AQSeEtVgEAAAAAAIDrW8oHUBNuGVGzU8MlHT95RjW6Wf38rTbfmfSMlt3ykX7TRhCy5szJTudVkjR8uIYfP65dL+/UV34wLUZr2EQEWosO19xnfq5fzA383dos/oDoNUSrFQAAuid6kQAAAACJu37GQO13i+4YLul4mf5102FJ/TTtn+ZIZY/rkeAYnkMU2TDU7BIv1eij3a1EJ/sN0BCZy349MP7n4U165Nvf1iObwgcEnarSH/xAD02NSttewfFcA61DXToZJ3snzQ1QzUe729c2NOFtAgAAAAAAAG5cKd8CNXH9NO3Bqdr03C5p13N6JEaL0+Fz7pHZGz1PQ4ZLOn5cmx7/tja1ueyb9ZU5w7Wr7Lh2PfftsJc7Ddfce26Wol7tdPM9czR8V1nbrVCPl+lfv10WnUn92z+1Mt0vb/BwScd1vOxxPRI7SVK3CQAAAAAAALgRXT8tUCXp5rn6xc8f09Q2E5qtU4cH/56q0sdan6vftB/o3+YMj/hu6mPmy5diJNY/zxne8VaogflDK9IvHpsqyXzBk5nknzQ3Ikki2x29mnZsEwAAAAAAAHADshiGYSRzgcePH9fAAQM6vZzA2FzJG2fzsH797eck/xvlAQAAblTJv88CAAAArr7TZ85o+PDhbSdsh9LS0jbTXEdd+Ntys/7h5z/v6kwAAAAAAAAA6EZuoABq6wzDUH19verr6+UzDPXokSGrNa2rsxWTz+dTU1OTLBaLcrKzlZ2dLYvF0tXZSirKI7VQHqmF8kgtlEdqoTwAAAAAJBsBVJkPWxcvXZJh+NS/IF82W7rMkQ0MJXeAg84zn6ssslgkj8ejCxc+1+cXL6p3r16yWq+PIW0pj9RCeaQWyiO1UB6phfIAAAAAcDUQQJXU0NAgw/AqPz9fhmHI4/EoyUPDJp3FYpHValW/fnmqqXGpoaFBOTk5XZ2tpKA8UgvlkVooj9RCeaQWygMAAADA1UAAVdKVK1eU37+fDMOQ1+uTz5faD1smQ4ZhPnT16dNbNedd180DF+WRWiiP1EJ5pBbKI7VQHgAAAACuBgKokrw+n9LT0+V2e+T1+lK+tUqAYZjjpNlsNvm6SZ4TQXmkFsojtVAeqYXySC2UBwAAAICrgUG2JKWlpcnnMx+0usvDlqRgfg3DUFpaar4goyMoj9RCeaQWyiO1UB6phfIAAAAAcDXQAlUKvvG2uz1wSep2+U0E5ZFaKI/UQnmkFsojtVAeAAAAAK4GWqACAAAAAAAAQBy0QPUL7z7XWV6vR1cuXdT509U6+pd9ev+dHTr32Sk1e7yyZWRq4LCRum3Kl/W3U6art92elHxfb5JZHtdSd8xzIq5GeQS62YazWCzBTzJQHm2jvuo86qvUQn0FAAAAINkIoAYZMt+E27GHF8Mw5HU363TlUf13xZ908C/v69z5GjXVX5Z8PlmtFtmskuFuUNWh/1bl4Y/01wPv6aslc/WFwtGy2TpWFGZ+r8cHrvaXR1NTk5qbm5WZman09PQW030+nxoaGiTpqr3hmPJoYymGIRleqem8bLVvKd31R9mufCCLt0nenFFy95kmd7+vypftkKwZnQ5MUB5x5qa+SjLqq9RCfQUAAAAguQighgk8a3Xkocvn9erTj97X9rJf6MSnx3SxwSOPYVFOZobcMtTc6JUtzaI0q5RmtcqQV3/ZvUPnzp3Vw4/+vxo15ovtXmeyWr2kqrbKwzAMNTU1ye12yzAMvf/++zp48KAmT54sh8PRIn1DQ4O2b9+u9PR03XvvvcHvLRaLMjIylJHRuQfgG708EluIR9ZLHymj+hfKOP+aLJ5LwUm2hs9kq90tm2uHmoZ8R968aTLSsjq8KsojPuqr5KO+Si3UVwAAAACSiQCqn2F0rtvf5zVn9af/+j+q/OSImrxWNXktSrelySIpKyNdXq9FDR6vvF6fLBZD6WmSzWrR8UMfaNtLv9SCf3lCffPyOpBvQ51sZJOS2ioPn8+nczXVOnpij87XVsvj8ajmM68u1Hr13gev6dDJlsP7etyGTp/1yGKR/lD+s+D36ekZ6p83VCOG/K3y7Td16g3IN2p5JLYQnyz1lUo/sUHpZ16VvFdktBiG2S1bzR7JKzXa+srbZ7xkoTyiUV+lFuqr1EJ9BQAAACDZCKC20P6nF8Pn00fvVejgfx+QJS1dV5oNNXulnKw0pdnSZPgM9chIk8UiNVuscnu9avYYMtIMZfZI11/efUc73viDvvb1We3sGmvm9fp+4Iq9cTWuM9r70X/qYPV/qcFdI1kNpfkGyto7XycaTshwfx5jUTalZY+UZOijc4eDX1ssVuXUFOhC3d9rwhdnKq9vgazWjrxf7cYtj4R4rij9zBtKP/MnqalRhuIFGgxZXX+RLfeP8uYUShl9O7hCyiPmHNRXVxH1VWqhvgIAAACQHARQJQXGSzPHTGt/l7/mpkb9ZU+5Gtw+eT0+XW72KSPNqp5Z6Ro5rJ8OfnJWPp/PTGyRMtLTJMOQzyfJYijDZtUfX/2dps24R/Z+/dqxZkvYmGnX01NX6+XR3Nysw8ffUZXrdVnSXerbyypbumTROUnn/KliPewako7GnG4Y5+Rq+rNOnxunPr36dbA75Y1ZHomyuOuUdvZt6bKrlWCEn7tJ1pr3ZRlUK196nw6tj/KIjfoq2aivUgv1FQAAAIDkI4AaFOju52t3C5BLn9fq3Gen1OSVGjw+WS2GevZI08hh+bp7cqGyMzNUse+YZEgWSR6PIa/hk9dryGIx5DXSdKKqStUnKtvZLdaQucTr8WErfnnU1tbqcuNBZfY4rfz+NuX0tMqWYVFnhpAzDMnwnNHFS2b32o51i70xyyNRVk+DLBerZLgTay1nuXhKcl/uxBiGlEcs1FdXA/VVaqG+AgAAAJBcBFCT4Mqli3I3N0mWNGWlWzSooK9u+5uRGl9UoAJ7tu678xYNHthHBz6qVvWZz9XQ4FazR2qSVx6v5PH6ZJVVx44c0Rf/prhdrYluxO5+9fX1yslu0OBMi+x5NmVmWWWxmo+eHWVIMnxeXalu6tRLR27E8kiUYUhGs2S4Ewv2GG6L5Ov8OhGJ+uraor7qnqivAAAAAIQjgOpndvXr2EscMnN6ypeWIZtV+sIIhx78+v0aNThXRl21fJ5GZdl6aNrEIk0cP0rnXXU6ffZznXNdUk3tZV283KCTZy/p0PEa+Xy+dj8MX68vnWitPAzDUM+sLPXOylMfu0229OSs06J0VZ9J79SLR27E8kh4GdYeMnoMkT4/nVj69JtkpGV1MkBEeUSjvko+6qvUQn0FAAAAINkIoIYJPLy09wGoZ+++6pGTq/QeF3XX331Nt0/9sppqjqmh0SWrxSpZ0tRsSGkZFg0e3FPDhg6UfF65G+slb5MOfnpOS//3G3J8YUQwH4kJtGG6Pp+4WiuPm/Ie0fDhq5KwEp/krpfRcFHeyzVqvrRX1pNvy9eznyy9BsnI6CmL1SZZE2mFdOOWR0Lz23Lk6Xe7LGcPS81XWk9sscrb51b50vt2IiBBecRCfXV1UF+lFuorAAAAAMlEANUv/JmnvQ9AGT0yNWrsePXN7aHxt98mS1oPKS1T1oyeMqw2yWINDm/mNgy5PV75vIa8zYbSLYa8Pp8GDRmiIcOHd+Dh6/p82GqtPAItrnw+nxoaGnTx4kXZbDb17t1bly5dktvtlsViUV5enmpra+Xz+ZSbm6ucnBzV1NTI4/FowIABMpouq/nke7JW75XF0yhrjl2jCnrJYrjkPfOJPJ+45M3oJWNAsYz80VKPXmZZtp7z5O+MFNCZ8yPAZ8uR+wv3yVJ7UmmVf5K8zbETWtLkyx8j97B75OvRu1MtuiiPlqivko/6KrVQXwEAAABINgKoQT4Zhq9D3VIl6bYpX9JfPBdls3hlsVpl7dFTaZm95WtOiwhIGDIkr1fyNMnnbpJ8PtXWefTQ7H9Qn772DnaJvR4fuuKXR3hA4rPPPtOePXvUq1cvTZgwQe+//75cLpfS09N111136e2331Z9fb2Ki4t18803691339WFCxc0+6F75T74O1069CflDbtFVnuhLBaLLD16ypLWQ2m9ByvD55HH9amaD26Tu+cgGaP+h2QfKVnjnzY3YnkkypBk5AySpahEam6W9dR+qflyWLTDIqX3kM9eKE/R1+Wxj5bPCMzZMZRHbNRXyUZ9lVqorwAAAAAkFwHUMJ15bhns+IKaxk9Rzfnzys0bqLQePZWW3TuUIPhyXUNGmsd8SLKmyWPYlD1gtMY5p7frZSyReb4+H7haK4/Ag6bD4ZDD4Qh+P2PGjIh0X/va1yLmueeee6TmOnn/slHWM39Vvy/cKhk+WXxuyWKVz/WpLFl9ZVhtslgssmb0VMbgW6XKvXLv+6WMv/mG1L8oblDiRi2PhJdhSZO7/1gZt31Htp6vylp9QJbL5ySfV0Z2Xxn9i+S5+avyDPwb+WxZScoz5RGN+ir5qK9SC/UVAAAAgGQigBqloy1AbLZ0OYpule/yOXkaLkvpmUrLskuGZHiaJYvF/3RkyOdtlpobZbFYZWQX6AvFtyozO7uDLU+u74etWOURaM3l9Xp15coV1dTUKCMjQ3a7XS6XS263W2lpaerfv79qamrkdruVm5urjIwMXfy8VvbTrym78jWlO6bLcNfJe+GkZE2TJT1Lhs8rNV02gxOGId/n1bL2vknpA0bLd/gtef66VcbERVJOfrwcX/2d0oU63ULK0yjr51WyXPhURk6+vIUzJItNkkXyuWXxNcl69gPZLnwqb6/B8tkL5etZkEBX5Lg57nheuwHqq9RCfZVaqK8AAAAAJAsBVL/QG3s7/sCV3iNLVtsANbnrlWF1Ky0zV5IhX/OVUHMYwydfo9mt0JLeU7KPUs/eBZ14i3JyWtqkmtbKIxCQ8Pl8qq+v17lz55Sdna2cnBxduHBB9fX1yszMVJ8+fVRbW6uGhgZJUnZ2thpP7VN61f+VLStXqq+SJXug0voOksXXKDU1S7LIcF+WfJIshiwZWZL7iixpPWTNLZD1xNvyDvpbGYX/I+aLWm7E8khsAT6lfV6p9E/flK36XVkvnzWDdJm9ZfTIlSxWWZovS/W1sjRelKw2+TL7yNd3uNzDp8n9hbtk2DI7mO/2ZzfVUV+lFuqr1EJ9BQAAACDZCKD6hT9sdabFii8tQw1er6wejzIyM5SW2UdWa4bZiks++dzNMgzJYsuSkTNIvpwBMgcb7GhAwqfrsdVKW+VhGIa8jQ3qcfmCBvfuqbTmJtmaG1VQUCC32y2bzSabzaaCggJ5PB5lZWXJlmZVb+O/lZXZJGvvL0hGkyy+ehlWqwyvR/JZJMNiFoXPbH0nWWR4mySLTdbMnpKvWZYjr8rn+JKU0TNGvm7M8ghntVpbpEk7+6F6/HWrrN5GKf9meQePl+VKjayfHZC15ogsMmRYrDJ6D5G38G4Z2XZZGi/KeqFSPT7cojTXMTXeOkdGTv/gMi0Wi3w+Xxv5pjxaQ32VHNRXqYX6CgAAAECyEUBNOou81kxdvFyjPharMnP7ymdNk7zNMjzNshg+WW3pavL0lDd7oCxpmTIHHER7GIYhn9erppOV+vy9CqUPcii9b57OXaxTQ0ODMjMzlZGRoXPnzqmhoUH9+vVTr7RL6t3wkWxZ6TIyM2SRVT7vRUlWWWSTIavZksv/MXxmcyDj/2fv3qOjutI773/PqdKVq4WEBZiSZdHG8q3daYMRaW5iJt3pxkk6GJJlbBnW24kH5n3bGeSVMea1uXhh98wgEmfSZrmn5wWLNmsCJp2JcSadxAJDAhjcbrdtLNMGyxIXy0iIi9C1Luf945y6SVWqklRChfT7rMWyVXVqn332rtp1zlPP3scCDBdgYbjcGBc/xrh0CmvKN4e1DdKR32jlqq+ODHMcOe58DNwYgG/K7XQXrKHVW0+L9zO6A1fJdc3g1rI/ZtLhHbhP/wu+md/lUtlyvur6JR3+ZrLMKeRlLGSs+zZMVw6GKwvLaMfCR7vvK3z+Dsa67sBljRnuw76Jaby6ETRepSeNVyIiIiIikiwFUENSk9FlM+hsu8YXn7/PlNJZ3DK1hAwDAr5Ouq58Rctnv6bb6yd3bBEmDGrOnmUFM49GWtZK/P4ITYk1DCzTRaCjDV9nB35/gO7ubrxeLwB+v5/u7m58Ph8+nw9X91kyzHZcbj/QRiBg2DfCsdyAC8MysSw7OBTAAH8Ay4+T2GWCrxMDMP3dBJpqCRT+Vu9aj8L+iOSjky+u/wNfdRwl13UrGeZ4O/PK8tHpv0Snrxmv1YZl+TGNTG7JOsQ3FlVSUPr7NN46ll+3bONy12+wLC+G4SbDGEOOO59sdz4GdqZYd+AqHf6LTM1dyMxxKzGt3Pi1HuX9kRyNV4On8Sq9aLwSEREREZHUUgDVYQXvOD2IgIRl2Zc9PgtcLgOj9Sy1/3SK3Gml3DKliO72Vq40fEKWt5kx02Zy3Rsg0+0nwzQwzYFndY3ENdP66o+cnBxaW1vxdXZA7hgyFv8BGX4fLgJMmDCB7OxsMjIyME2TCRMm0N3dTU5ODlkd7ZjuAIZrHBhduOjGJAPLcGFZJpgmAcsAv4mJgWVAwLCczC4Xlq8NAx+WaWC0fxX3fTLa+iOSy8jBZWTS4Wuiw9fUZ5l+q5Pmzg94r3kL8277S46ee4wOf3PEPrvpsrrp6r4M3Z/1er3bzMEkK+HndTT3R6IyNF6lhsar9KLxSkREREREUk0B1JDwVctAAhIW0BEwuNRtcqkbpnV6KZp6G7njO2i8WE/9hTrcWTlMnDiGW/Mm042bf2ts5SufwfRxJp6JWdyS48bVj8CEMfClCG8C8fvjlltu4auvvqK5tY28klIKjXCbTepRSn5+fuj/M3wuTNOHOfEejFt/l8D5/43R0YQV6AIgQAamc/PkgGWCy8C0sKfFBgwMfyuGGcB0G/hj1Gu09keQYRi4jCwmZs5gcvaDeAPX6fA30em/1GfJ/kAX3YFrUcGI2AyyXZPIcReQYYxhQsYdmEaGna8Vo06jvT8SvVrjVSppvEovGq9ERERERCS1FEANCWarBPodkPABTT4XZzpdnO90UzzeTX7AxG3lkD9tKuNLHuJaVzeYBrk5eWR0t+Buu0jRpFv4X8fa+bz+ArOmjWPhjIl8feo4xmUl1y3BOw2PzOl+8fvDNE2mTp3KV199FcrWcrl632G6l24Yb7qh9SRW0WMHuAeWAAAgAElEQVRw5w8xrn+C0X4B/F4MXFiXfoXVcRnL5UQmnKCEFfCDdR0ywfKZWDkTYkzVHZ39EeQy/GR1n+Ou7ixKXQtpc3VyIbuDT9rf5mp3XdySA5YFlkEg0He73ZI1g9KcBUz155JLFlYXeI3zdLqm2Zl4PWs8yvsjHo1XQ0HjVXrReCUiIiIiIqmlAGqEgawp2IXBJ90m5wKZXAmYtGNR7DJw592GddWPPyOHTvctdFz4a0x/Pd1jF5A17iFy8u4hN2MSLk7z2cWrXLh8nY8br/Dduwv47l2TmZSbkUR9GVAA5WbRV3+MGzeOQCDA1atXaWtrS3h3Y4DrAYt8Kxu39wKBz39M49jldLiLcbvuINPtZaK3lmyrzZ4u6zIJYGBh2hlD/g5wdWFkGQTcGfjzvhYnIDE6+8MwDDL9TYyt/wsyLh/E8F0jN7OACQV/gHfSH/LuV1vjlhswA1gW+L19t9udtyyh9NJJMpr2Y3qbsdwT6Z60GKtoPe3ECxCNzv6IR+PV0NF4lV40XomIiIiISCopgOoIr5mW/Gt8wHs+F7/BTXami3bL4rLX4khTG+Yt4/lGwf0Y7Z1cv/AWU7v+J9lj2mjvOMrVtm/QkvsdrPHl/M4debRdLeC9L5o503yN3e934vUH+P69hdyS03dQYiRfZyXqD9M0mThxImPGjKGzsxO/35/wwjODXALXPNBxCaP1Y1wtl7jSeTt+cpmY1caErLMYtIJpYlgGhsuwb84S8BIwOyAbLLdJIMuDf+LMOHUemZL5fGR4m3FfqMHyt9t3CO+8REb7Pjyef+RfO/9L3Nf5nGwxb6e/zzrclv1N3A0vgu8qAUzgGu6Of8J92/+DZYyPU+eRSeNVetF4lV40XomIiIiISKopgBoh8sYTyfjccPMr001+TgZXuiy+svz4Mwyu+g32nG/jk4sBHrK+4o7L1Uwcb2D4LbIzvmKs8c9c73yfy9ff4htZv8/t8xezrrOLLy5e4WJrG3/34TkmZLv53l2TyXKbSdZ75EmmPzIyMsjISJz9ZptIu7kYV9spMs02Jmc0Ms7VRAAXGQZkYmAYJmACBmDhMvwETC9mpoXhMrDcJm1TFhHIGBe34Udtf/gDBFq9QGR/tJFlTsTXR7DBa/jBos9tALKM8VjX2rGiyu+GQABc8dc6HLX90YPGq6Gl8Sq9aLwSEREREZFUUgA1JDzdL5mAxDXDxaGAC3dOBp0YnA34aDUCZJhgZBl0k8mV5ka8197i1oxPCNz2/2J1XcB1aS9Z1gUysy4yPruGS9ffZcLYv2DRXQ/wWmsH/rZuGpqv8HcfnOWOvFzuLxyLYcS/UYu9DttIvOLqX38ko6uri5buO7F8v0te50GmjLnKGHc3dm6eYf+z/KHmNOyl7jBdYJkGlmnROf5+OiYvxLKvgHvtYzT3h+V3YXWMAcsXfsyVjdffSXdH/CnLPmdKbF/bAHh9XQS6JmD4O8MPGhlYARPLjF2v0dwfkTReDTWNV+lF45WIiIiIiKRW4nShUSaZa18LOI3J1Uw3OW4XX/oDNFo+Ws0ArabFdVeADF8reU0n8Vz7B3L9Psy6/4OZcz++O/47vgkV0JlPZpefyWO6GZOTRcDthiw3mCYBr48P65o5UHuR6919Z7mMdKnMxvnss9/wy199xNiZf0zb1D/hi2v5dPozsYMRYPesheH8w7AwTAvDZQcl/DlTaZ3yx/izpti3TB6F+uoPr3sS3om/TaA9i0B7JoH2bLqn/QEfn/s7vJ2B+P+6AlgBq+9tOgPUfvUveAu/G1F+Ft5JC/Ga40btuoEar9KLxqv0ovFKRERERERSRRmogJ2tEghlqyS6wUeXYfKFYWBmuPAaFs0EaDXty1q3YeEK+Jh4/gumNB2icPwlfDOfx+i6gHnyL3FPvJPAlO/gH/tNaPwJ1wIePm67lzfrGsECK2BhBAL4vH5qL1yhqbWQMRmx49ymaRKeojiSLsj61x/JavzyS95//33OnjvH737n22TkPcKFa/soGvcVLiMi8GPPhsUwnBCFkYHXPYWreX9IZ87d2ElCves0mvvDMAw6Myfh+vqTuLOnw7ULdN/ioWPGv+OXHz3b53qB/owAVoCEawr+quEt7pj5DLmMIePKeayJ0/HPXEKnORYr0DujazT3RySNV0NN41V60XglIiIiIiKppwBqlOSmX14NwGXDIMsw6bQsLgcCtGFhmuCyIPfSRSZ8/h53+n5Nrns81B/FmDaHQMl/gMvvY9b9Da6sbLq6MqnP/Pe8fvYa1zq6sXxeAt1eAj4flt/gXHMrl693cXteTuzapnC6aHpK7fEZhkl7exsXzp1j3759zPvWXNozfpex5vtMNM9h+TrxByBg2dlaLheYGRPozLmH6+Pm05kzE4z46xeO5v6wLItuP/gnzCRr/r1cvv45p87+gtr3n+Hy9fo+U8F82Xaww9fVd+DpQtMn7O7aRKlnCXf+1h8xIcdDV5cXvz92IGM090ckjVc3isar9KLxSkREREREUkcB1AjBa5dEFzH+QIBuK0CX30+3YXDdb9FhWZiAu7OTcb/5hBmNxyiefAn37csgw0Xgi0OYGdlYt95LIN+Ddf7vuNBVyCGmc/zCNaz2DvytbVhdXeC3MAIGLguMPi4C7VmZI/eCK9n+SNbEiRPxer10d3fj9Xn55fu/5utfv5+srBnkZzZieq/S5TPo9pt0d3fh72wjJ7uY7Fu+iZkxNrpSMag/wOfzYXqh7sK/caL2NTq6riQs1++1y/N5E2XuBWhsPkXr9WZyMvPImTYFn88Xd2v1h03j1Y2h8Sq9aLwSEREREZFUUgDVYVnhDJBEF8ATsZjp6+aDNpPmTDftvgDdActema7lCnl1H/FA4AyTrn+F+fG/wIzfxipaTKCrBav5NGZ3C62dmXzUcR//cs3P1SvX8Ld2YHV0gs/CNN3k5WYz/87JTBmf3UcWjRFxp+FUt8jw6k9/JOu26dOZlJ/PF3V15I4ZQ0NDAxMmTCAn9246Al/jytUrXL161Q5adGXR1ZnB+PF+SqzLFE7JxuVyJaiz+gPAChhkZ9yC28jBCiQOSNg3Tok5yzgmtzmGLPdErEDfwRH1h03j1dDTeJVeNF6JiIiIiEiqKYAa4lwUJXHlkmXAN0w/470dvO910e61MAMBrhoGgW4flt/CZ2ZhBQzM+vexGk9jTLmTQMkcyLsH3+f/SF1zJv/alc/pNi++9gAZAYOJublMnOBm2vhsvjF9It+aUUDe2Mz4NbaCdU5NC6SX5PsjWRMnTmTOnDIav/yS69ev4+3u5tKlS1xqbuazlha+qK/ncksLXq+XQCBAZmYGt06+lTFjxpBfUJBEQEL9AeD3+7k1714KJ93N9c4mAoH4WVf95TIzmZp/P5PG3xl3KmyQ+sOm8epG0HiVXjReiYiIiIhIaimAGiX5i66xBtyLn9ssP/Nc8EXA4pwfrmXncKXwa/zvj8/S7MvlW2PP4/E1YtS9h/XlZ1gF07hmZvGrq/fSOnYyc6YXkOtyMSHTxeScTKZOyGJSbgZ5YzLJyXTZ9weJOyXWGOE3nEhtUMI0Te677358Xh8HDtZwvfU6BQUFXLlyhfff/yVdXV34/QH8fh+BQIC2NjvFyHSZuFyuhPVQf9h8Ph9jMqfw4MyVtHde5nzTr7D6bJPk2ss0XEyf/E1+684V5GZOxuvtO9Ch/gjTeHUjaLxKLxqvREREREQkdRRADQlP90v2AtgE8gzIc4HHhG7LwpeZRduc3+Lzibn88te/4tj5OublXWTh2LNM9n6J9dUZPnffy9WxM/j9r5dwyy234DLBbRi4TYMMl4FhL4YGVoLLOOdOwyNT//sjGVlZWXzzwQe5bfptXLzYRPHtt3Ot9RqNjY2cOXMGv9+HZVkYhsHkybfy9QceoGTG1zBNI2E91B9hXq+PSePu4Xdmb+CDz/4X55rex+3KZvyYKYzNmUx25jgsK8Dl1rNcaW3A7/eRlTGWGbeVM3HsbRiGQUf3Na63f8W1tkZ8gS5uL3yI++9YRm7mNLq7vYlrrP6IovFqKGm8Si8ar0REREREJLUUQO1lYBcwGQZkGAaYMH7COG6d9U3uLZ3JRydr+cdj7/HWV7fy3SmXuH1MO+9cK6bgjtu5vXASpmmmuP4jTeovKDMyMpg27TamTp2GYRhMmDiRR5Yt5+LFi1y61ITfH2Ds2LFMmTKFcePGO1NhjZTX4+aUXH9YloXPa5Hjms78+/8czC5M043LyKK724dl2S2anZNJw1cnyMmawO/P+wtuL5xLV2c3YGdkZWa58AW6CAS8WP5sfF4riZu3jCYar9KLxqv0ovFKRERERERSQwFUR+RNJwKBwV/wGIbB+HHj+O05s7n/nlJ++atf84tfnySz02Lm10q45647AQa1L8MwCWbajDSp7o/4+7HbLjs7G4/Hg8fjiblNMm2s/ugtEAjg84FhuLDbpiPq+c5OLwXjvoGvy8+t42dx9Upb1PMdHTgZjm4sK3EWVyT1R/I0Xg2Oxqv0ovFKRERERERSTQHUCMGLrlQbN24cC+d/i29+4+tYlsWYMWMS3uAjGameLppuhqo/hor6o6/Xxn9dV1fXgF+b6HXqj/7TeDUwGq/Si8YrERERERFJJQVQwVlDDsJL+Q3NRczYsWOj9jl49vqDoTUIR4gb1R+pp/5IL+qPwdB4lRx9PtKL+kNERERERIaCFrQD/P4AbreJy2VimjfPxYthGJimgdttDum00RtN/ZFe1B/pRf2RXtQf6UX9ISIiIiIiQ0EZqIDLtG+6kZWVgddr3zAiEAiQrokrhgGmaZKR4SYrKwMwcLlGTleqP9KL+iO9qD/Si/ojvag/RERERERkKOgsHXuq6rVrbYwfn4tlWbjdXnw+f9pO/TMMA5fLJDs7k9zcLFpbO8jOyh7uaqWM+iO9qD/Si/ojvag/0ov6Q0REREREhoICqNh3NO7q7ubatQ7GjcsmJycr4oIr3S667DXS3G77pi6trZ2Ai5ycnOGtVgqpP9KL+iO9qD/Si/ojvag/RERERERkKCiAip0BMm7sWLq7u7l8uY1AwJ/2a6cFAgFcpoucnFxycnIwzZGznK36I72oP9KL+iO9qD/Si/pDRERERESGggKoDpfLzvpQ5kd6UH+kF/VHelF/pBf1R3pRf4iIiIiISKopzUFEREREREREREQkDgVQRUREREREREREROIYQQHURvYuzyUnN5ec5XtpTFm5x9ma8jJvRNnp792tueTkLmdvuh58416W5+aSs/V4nKeXk5ObS5yn09vxrfZnJea/rbw7XO/NBG0+cjntPSTHPvC+vKnf40Ml8rMT1TARfZi7lXf7WazaOuI7vMf3QrBtcnJzWd6vL4zIMnv/W763cdjaPe2//0REREREJMrICaA2Hmbvfuf/9+/lsC5KJM007l2ePsGR2U/T0d5OR3s7BzcDLKH683bnsad5aLjrNySOszVdf6w4fojngv///KF+B99kmByvD7+fIvtQBmk/9Q3B/2/kcOjLvb8KWbbHGdc+f42HATYfDI19e5YVpqS26SatvmtEREREREaIERNAbTy8lzeBFzZvBvazN2UR1Nk83d5Ox55ljMxLLRmowmV76Ghv5+nZibdt3Luc4icGGgQYDiPtfX+crbkL0zbA9e6h54ElvLB5CfA8hxX8uDlE/FjXWH8cWMLDS4a1RiPGc4eCH4IG6vfDw0uGpmH7M47fDG6+7xoRERERkZvDCAmgBjNUNjPv6fm8ALy593CPTLPI6ZW9p1ja0+nC/8LZGz2nv0ZPCdy6dWvUtMLQdMC9zlTkwU6Dbowop9c0wzjH5Lwmcqpjr2mKUVO403UaYY/pl3Gnyw7Psfcqt0dfhfr9+NbQBe1zC2+W6enR7/uY7+vcrbwb2ZZR7/MB9F3U7rdG7yfiqajPas/PVsy+bWTvcid4uv8JikOPJ1GPG+I4h58HlizjsceW8TCRwaOIei7fytaYU5wTPR9ZVPR4BYOdStxXP/ecPh3ZHz36rufSDX2Oe+nh4c2beTj0Y53zHbRkNqE4nNp6gDbzwmbCmdhOZu/s2cGWbXKONeLzOoilP6LG8VCf7Y0YG5az9/jeuONRX98nkUsPxFt+YO8P4zzfZ7/EeS/clN81IiIiIiI3h5ERQA1O3988n4eYzbzN9JrG/+7WhTzHZg6GpvI9z8KIi46Fz8MLB9vpaP+c6iXw3MLYwZTGvT+kYn9426Ljz8es0nP1Rexpb6futSWw/wl+NpDrmMa9LL/jCd50phzWvbaE5xb2CAoteY26nsdUOI9lS+DNJ37mHEPw4v41HpttH2/Owud5+LXPnSnc+6m4Y7iCR/E0snf5HVTsj+iz5xc6F5jpeOyN7P3hE7wZrNPBzbD/CX64txFmP22/D3DeNzdxqlPU+5rnWbi1iLqI9/kPQ/0Tr+8SfBaD9s+mMsbz727NZeHzweUGDvLC/icojvgcx+7bQpbtOcgLAEteo659D8sKk6zHjeAEiB5eNo9C5/0bcxr//uMU/VVwjIrxvk30PMDsx6heEvkDUzh4O6/fqcaJ+jniufaDvMB+Kn64l0YKmbcsely0ZxAsofqx2QnGvTRSVMRs4M36BkJZksvmUxR8Xm09YEVFS4DjNDQGM3s3M29+8NkClj29mchM7dAMlPmpGVvf3AuPBcdx9lOxsN4ejw7a+12YcMwBGvfywyf2RzwHbz7xwx5tux+WxXg+4Xd/nPfCCPquERERERFJNyMigNrz4umh+fGm8T/PwtxctjYsY09774sLO2OjwVkzLdY6kBGZrrMBCp0Lud6CdSkssv97vL7/V6Q9j6tw3rKIjCdnbbc9RfwsN5ecO57gzdArnYvm4AWmE2B+eNk8CglPF17mXMXb7ZVm04ajguKEA6N7D9OYzscezHD0PD0i19h7uMgDhN/XwXYN/g0k6Lugvj+L4dfaQSp7rcmeASjnxxIn2Diwvk1Qjxsgut493r+RQscdZ5tEzxPxXPAHpsjgbX8rnqCfH3q6nY72x2hYnktOj+UT7LEsmGkb/JHDrn/f4146mRd+/wWzJJ3Ph01tPVCeUD2OO/UtCgemAWbbM02ijin0vZwCs4vsPvIUOeumOu0e/NuRzJjz5hN3kLN8L0VPt9Ph/HgTFn6tHTS2137ts1+SGl9FRERERCTVRkAANcbFk3ORE3lB8dBjr4UufJ5b2GO6nJMpBMDzC/uYdm9nGfW6mBtiwfoGA4V2xlNwCt9Cjr/2efgGGY7CZU+HLjCDGUfLotKe9lNxh1PuQjuLdiBB3iEX7I/cO6jYD+yvpz4tjz0ymB4uf6TNoJxd1I/QT8y+S/BZTMb+Jyh2pq7a3WdnqjlPJt23g65HSvTOSgwGo6On8UdL9MNMX89HBmN6BoAGJE4/29PV76Bi9kEnKzKyEsuoDAYfe/zIERR73EsvwUzJqq3PEyuAp7YeIOeHkzf3bo1Z36gfT3oGFFPg4ahAeCJxxpxgu0PEmNW/2Q599kuc94KIiIiIiAyNmz+AGrx4cjLJIi82oqbxFzoZZqHpx5HT6WLcqTc0HTmSBztJ5MZeqNjLBUT8e3p2RBbKwThZjsELzK38MCLjKCzyrutpfEfiiDsmh+4Qn67H3uvO9vGXghgVYvUdJPgsJiG4TELoX2RWVz/6drD1SIXgndsjgsLBIEzMafwOe1pz/IB2n8+HMtZ+SNWAp5RHiNnPwcDwa9TFyeoNZutV/TDWjxxxxr00EwyQvhnvhzW19QAFl+LZz5vEfh9HH1Pqpu/3X/wxx84MDi6rAPRzmZA++yXe+CoiIiIiIkPipg+gBqe6BdcZ64gKiIRv8BF504nCZXucANdsPIU9biJRuIw9TvSr90Vbz6mxjezdGnsN1FSInnoZ46ZF4Exthnd/FjmN3RZcyuDN/fDC0+G7qfdc4mBwNzYZIj3Xgox1k5C0Ovbomy499LS9lm4wqBI1xX2k67Pv+v4s9q3n+sY92rzPvnV+/AgZTD1Sx85K7B0osevSYwp+aB3LOFOWEz0fEpxabgenBjSlHJL7jDo/NjXu3Ro1rRwITcN+c/9+2Px0KAie1LiXLoJLTBCvHdXWA1UU+sDGeR9HHlMqp+/3Q59jTtRNxGbztPPjbDLZrX32S4L3wqj6rhERERERuYHcw12BwQkGCnpn1IQyg/YepnHZMpbt+RyW38HC3GDAcwnVnzsZG8v2UMdyihfmhi48H37tc2Il4RQu+yuq9+6nYmEuz7GE6tc2w/5BBlH3P0Fx7hNRDz382ufsWbYMu9oLyXm+Z72W8Vev7eXNJ5zXLtnMC0ue57nj9TQy275ID64T1/PicvbTdByEnIV3kOPs9oWDPddmu1Hs6Y8VkQ8teY26PTH6LJRhNfvGHvvz4fYPeuFgO49FPTKbp9sPQu7CiL7czMH2ZdH1WZhr3/xqz7KBBVJuCoV99B19fxYTeOjpdg6Sy8LQe2YzB4Nt2WffOoEs5z3zwsF2nh5EPVLDyRyMEfwJZtc9d+h4eBxa8hpFh3LJWRinromejxAaH5OcUv5cxNho28zB9qf77OenD27muYXPO89t5oXN+3nueTvIZ+8xmCneI3uwsK9xL90EjyHYjvGXTFBb90+o3eJOzQ8fUyqn7/dLX2NOYe/n2HyQjmS+aPvsl77H19H1XSMiIiIicuMYlmVZqSywrq6OKYWDP133vlIOQMaamkGXNaScu/C+cLA9LS46RWSkOc7W3IV9BEMSPR9D8C7fCrAMPbX1kHl3q70Osr5/B+amOc8SEREREYnwZWMjxcXFKS2zsrIy4TY3/RT+G82eohe+2Yy91uAS+nXPCRGRYRRa+mSgU8olaWrroRI/g1tERERERCTVFEDtp4eetm8G8eYTd5CTm0vxE/uHcfq7iEh/2Gu/Fj+xH5a8xl9p4BpCaushc3wrObkLeQ544aBuniQiIiIiIkNPU/hFRERERhmdZ4mIiIjIzUhT+EVERERERERERETSjAKoIiIiIiIiIiIiInEogCoiIiIiIiIiIiIShwKoIiIiIiIiIiIiInEogCoiIiIiIiIiIiIShwKoIiIiIiIiIiIiInEogCoiIiIiIiIiIiIShwKoIiIiIiIiIiIiInEogCoiIiIiIiIiIiIShwKoIiIiIiIiIiIiInEogCoiIiIiIiIiIiIShwKoIiIiIiIiIiIiInG4h7sCiXhfKR/uKoiIiIiIiIiIiMgopQxUERERERERERERkTjSNgM1Y03NcFdBRERERERERERERjlloIqIiIiIiIiIiIjEoQCqiIiIiIiIiIiISBwKoIqIiIiIiIiIiIjEoQCqiIiIiIiIiIiISBwKoIqIiIiIiIiIiIjEoQCqiIiIiIiIiIiISBwKoIqIiIiIiIiIiIjEoQCqiIiIiIiIiIiISBwKoIqIiIiIiIiIiIjEoQCqiIiIiIiIiIiISBwKoIqIiIiIiIiIiIjEoQCqiIiIiIiIiIiISBwKoIqIiIiIiIiIiIjEoQCqiIiIiIiIiIiISBwKoIqIiIiIiIiIiIjEoQCqiIiIiIiIiIiISBwKoIqIiIiIiIiIiIjEoQCqiIiIiIiIiIiISBwKoIqIiIiIiIiIiIjEoQCqiIiIiIiIiIiISBwKoIqIiIiIiIiIiIjEoQCqiIiIiIiIiIiISBwKoIqIiIiIiIiIiIjEoQCqiIiIiIiIiIiISBwKoIqIiIiIiIiIiIjEoQCqiIiIiIiIiIiISBzu4a5A6pziZ09u41CcZ4sf3cK6BflDs+fXn6TqEMxf+yqPzRySXQxC/HbpWd/+H8cpfvbke8x6dQXxNw/ufz6Vr65gZvM7vLR+N3XFj/LiMwsYeI80886Pfgo/eIYF+dD8zo94dnfdkPbzkO0j2CbBv/vZNjfi2CHW+yO6DySVenxuhrs6SXPqPejPt4iMHPHPQ4b6eyv4/Rj83hr687WbbOzuef4R6SYcx5vf+RH/gx8M6XtKRERERi9loI5ih7Y9yUvvNIf+nrniVX7yan+Cp/ED1mEzeezVV/lJSi8kmnnnR+t5PeKMP3/BM/zk1VdvwpPmU/ys58VL3W6e/dE7NMd7yTCJfn/07gMREZH+qNu9Puo8ZKj17zxnlKvbzbOvnxruWiQtGCwXERERGSojKAM1qK9f/YNBn2JWPDqd13fb4T87A4KIgFBEGREZkyum7+Z1J2KYMGvi1Ov86bZweDG8fazshN6PRZ8IFrNiS3SWXzCLIvExx9nGqV/d7p/yzj122b0yM3ocQzgbITJ4eoiqJw8xf+2rfKfRyYScPx8OHaKOYlZs+T5n18fOxjj5+pMx27N3hkhkVts9nAz1Ux2vr3+SI49u4U/4ae8szJ6ZFfPX8pMVwRqE23zFo2d5PdjWUdvEc5KfPbnbOf5g30S8t0J9FeuxHk69Z5cT2q9Tr7qjnGxewIL8GO8Xp196vwdj1SvY3X216QLyk3ifh8vYwvSf9+6Dmy94ffNLfpyI+CxGZRX1+CEk8v2f5NgXORbNX7t2iI5URG5+cc5Dzl0Cor9nem+f5Hd25Pd+8aNUlkXXIPq7cABlzl/Li7f9PCqrdUB6nJ9Ej6u9f6AMPR/r+z94rtbzPCLUjEmc1/TKNnXKOPQep1bMjD4fjlnnHt9H8x9lxdndvF4X7sOE5yEDaJdgWZH7rtu9nj896pQZ9zxWREREpP9GaQZqXSh4ClC3+6e8FHVSdoiqnr+614UDCPaf6/lZvB/me56wOdv/6eungJnMmm/v40Tw9aEg2oMxgqdOfde/TmjzqAsMp779zVicuYLK+XbZZy/FeL75HV7qcQzJZiPUHTrkXLyUcU+8s9T+tOdAxJqWdmgbf9qrnQ6FL5qcbRLVo2737ojM22Df5HNPWTFQx5GTzh6aT3Kkjr7bYdJtFEftN5ix2/9p8bHr1WEIQc8AACAASURBVE+9+uWn3MDkIOmHRONE8zs/ihgn6nj9pz/nbFQJMbLID23rnQ3Wx3sieh9waFsyWekiIr0ld27T13d2jxkddbupSiojsR9lHtrG/ziazNH0Icb5SeQ50KnXe8/uCI27Mx9kPlB39GSoXU69Zzfa/AdjBE+dOg86yzdBnTn1evT30aHd/Z+hMoB2ObTtR/HPUQZxHisiIiISS9pmoHpfKe/X9hlrtjv/Z2dERuudmRX8Vds+Ya+jjkd58dWIX6vPNtLMzIhfqcNlBAMXh947xWMze/6q38w7P3dOZnv+yn7o57zz7WdY8KCdoXm2sRlm5vc4+W3m5NE6iJFx+LfvfJt1Cy5x4hBRv6Lb9dnNP55a0K9siEm32QG/YD1iipO58Nira6Fn1mxjqHGjMtxiS7Y9e8pnwTNboEdmZ/M70Vud+oV9Eh7OXghmLvRup55ro/XZHlHHFyzzECdOreCxe8oopi6UTdN88qhdh7J74mc75N/D3GKoq7OXVHDeCQNbOy1OvRI2aXQhPTJqnQB71AHE7oP+fmZHsow1NVF/D3w8iyfxOPGPzsVsVIZO5MWn88NNr8/I7l9wakHk+y/ee+JUr330/PFI7wmRm1/qxrNY52fhwF+y5zbxvrOb3/m5/R3a67swcR2TL9M+nxvMRPHguUGvc8Sfv8N3nllgLzOwIrx98DzVHnftH+EPHQrPUjlh/wLPrJn0Y1zvoW43zz65u9fDxY9+2z6/S1DnS+9FzujK73tt1QG2i1Oj2DN6FjzDi/RYDz54YhjnPFbfT6NTz/FMRESkP9I2gDq0ipnrpAQGg4ihIJeTEdjrpG/+90MnbPkLvs/83ds45ARZo4SyDh/lO6GnZvKdR4s5tNs5AZ75IPM5xKGjJ2lecA+NZyF08sslztZBrAuNunOXoLnRziKLcbKbMPDXH8HA3qFt/GmyyxY4+gwYBkW2ZzDwGKs9ByR8QfGHofrms+D783l9WzBwHaqI0+4w0wlsJ656MDjsZJ3WBYPQwTazp7xxro7I91ps+Sx45lUKozJvDlH15Nn40/77Xa9+FBLKlg2XIekoyXEiYhwKjVvOds32wGNnx0cNJWeJ+ojEe0/E2EdobEvdgYrICBYKliU8twm9Iu539qVzzg86Mb4LE9SiH2WGz+cGKlhm+EdTR905In+vjLemZ7COR042s6AwGDB1Ap2JxvWkTweiA5V917nZOY+NON+J+HE4WYnaJXjcr69/kteBhD82D+I8VkRERCSWtA+gJv9LYTDTcYjufNorIzWO/EKmEyMAGyUig+AUdsDVmb6fuA7xRa4jlozgyer0wlivsQN7CyKmg0WtK5X0XuJItj0hfGGVtElMjxkFT434QcngxdohTpx6EPuqpo/p+xHCGSfB9raXAliwoPe2wQuk5OsVQ7/bNDH9qp84o6X/49kAJBgnEnN+6Jk0qEIAvSdEbmapH88Gdn5mn9uMBnaQk1+E1wr9yasxljaI+BH+nemHSPxDLYTG9Xib9VwPPXQOkqhcp84DkfR5iBP8nbmCn7y6IiKwHF6DP/bsqwTnsfp+GlWUcSwiIqmQ9gHUtBG6qQ/hKV3TC8kHok/tg8G7yGlnwamuxUx3ghKhX9K3OdkND87s8fp4Fxqn7ADtYBfCb36Hv42c9hWXvSbnY6GpcOF2GJTI9nSmbfVsz9AUuuDzScuncDpQF5zO7Exjc5ZWsAPGA78gqzt6kuYF9vRAexp1OAgdzKY9tG0bkDgbN3ghEM6KiJfdEsweCe+zP/UKlTLgNpX0kuQ4ETEOhcYtR779IYmfkZPoojj4Y1Ef+xARSUpwPIl7bpP4R6XgjKLglO98wsuMDNRQlhk78HeKn0WdmwWzOyMFf4R31hmN+KE24bieSP4C1q091+smo33XGU7ZXwbhoOupX8RdOiHeeUiifYSr+Aw/WUBoyZjEyz8N0XmsiIiIjDojMIAae40tew2kwaRU1UVMG3KKfDDWCVt4qnivaUgR09ajp7pGBjHDWYw9j8M+qQyfOEdPc+vjTu9AvHYJTvvqJcaNsOwX9MyotMstfnQLfxJv1zHFb8/gSXTvKWhxypi/lhdvi35m5rcfpfjQ7t5lRC2tMEC9phhG9F/UtLXEWSGh5Qt6HWv4tXagrHd79adeybdpf4X7IOFdfmUAYn1u7aBponEiGIgPjUPFxdHLkwTHoBifkeR+nImxDxGRARnouU1YaJmSOOt5DkSsMouLk5mbHn/snhn6obXnOeLaiLVP45zLOkLnOPT4oXbQ4zrOTUYPUXWojtd/+g73PLMg4sfhWHWeGUoK6OscI9F5SN/7mBR3Pdue5+J2+fOpXAtVSZ3HioiIiCTHHO4K3DSKH2XF/Mg/t8T/hXzmCn6ydn7UQ8WPbukRYLIvFoBe0/fzFzzDi48W93p9cH8zV7xKZXTxzF/b/7u2z1/7avwMhRjHAPOpfCZ6HbAB66M98xf8gBURRc9fu5bomthB6j7lL2DdlkeJquH8tfwkBcsPFD/6aER9ilmxJTID0AmAQ3In6bHqGXXBmM+CH0Q+P5/KXv2SuF6J27S/kugDGVKJxon8Bc9EjBPzqXzm+0yP2nomj73a830Q+RlPrg6VUZ/jRwf5vhKR0Wrw5zYzeWxL9PflisGcp8Qos/jRLfxJ2SCLjPW9X/woL66Yae9v7fzox51tD70XkYXr/Fjb+4fawY/rADNXOGXU7eZ/vNOcoM7AzBVR30fFj66NOuewDzvBeUif+7BvXtmzzOjvvO9Hl5fwPFZERESkfwzLsqxUFlhXV8eUwsJBlxNcq2bY19ALrgc12CnzMQTXtUo0XUluLr2n5ctoEW/cuvHjWfju073uijwEY5mIjDzpM54No9BsnPByKTp3S0bwO2iI7ksg0k+jatwSERkFvmxstGcFpVBlZWXCbUbgFP6bRfhO8X2vQSo3l+D6o8nc1EFkqATXAe59N+ZE6/KKiIhj0m3O0ic9p9Tr3E1ERERktFEAdRiE7yAK89fql/kRI2Ld2OJHf6AbFEgvJz/5JCXl3HP33Qm3mbliCyvO9lgzbv5aZUWLSEq0Xr8+3FUYetnf5P9eXUfl9qMRD3pYuv73mXr9Oq3DVrF0106nH8BLu9pJ0kD2cFdARERGBAVQE8lfwLpXF6S4SOcOojKyzFzBT15dkXg7GdWSCX72JfkgbD4LnnkVDTUiIoMw4xGqqh4Z7lrcZPKY+1QVc4e7GiIiIiIppACqiMgN1v7edwf0utwH/yHFNRERERERERGRRMzhroCIiIiIiIiIiIhIulIAVURERERERERERCQOBVBFRERERERERERE4lAAVUTkZtNUw8aKCjbWNPV4bAe1CV+XYJsBV2kTj+8YipL7Lr92R492SKiWHRUVPB76l6g9mnh7UwWDP7TIcmrZUbGJt/tTbRERERERERk2uomUiMhN6szO/dSWr6I02Rc013NmiOpSUL6BXUNUdnxNXGgAipJ/Re2Ol6hZtI5dq0qdvyt4cVMR2zaUUzA0lXQUsHhDtf2/TV9SD3iGdH8iIiIiIiKSKgqgiojclEpYuRJe3FEbCgZGaqrZxNqddri0ZGUVG8ub2fHSAQBe3DGnx2uaeHtTJTuD0dWSlU5AsZYdFS9R4zxcvq6aVaVO0PGA86ATjGyq2cTa+uXsWlUafr5kEeUcgOXVrCqtZUfFHlgENQfO2PWv2sDiAuzM2MqdTnB3Ec9WO0Hh2h08/tIBoITyRb1boKnmFbvOZ17h7fs2sLggsr4R5UQc54UGKJmXH3qkdFW1E/i12+DwvCo2lhfY+95TxLYN99kbHgvWJdgO8bf/cFMlDZ5F1BzovX3D8io8e+xjPfNKDfdvmML+GG0sIiIiIiIi6UNT+EVEblb3LWFlw57eU8Frd7B2p4dnq6vZVb2Oop2V7KgtZdW6RcAinu0ZoWtqZuqaanY525efOcyHTdBUs8fO1qyuZte6RdTsqaGpqYa/ObAoVHb5gR77r93Bi8Hn1xRRH5Xyeob6ojXsqq7m2UVn2Lm/FqhlR+Vh5lXZ+9+2soEXdziPv3SA8nXV7Kpeg6ehd+5sQfkaVpZAyco1LC5o4u1NL1G/sipczqYaopumgMVrVsLOSnv6fq/n46tpKGJbsB1eSrwMQg1znHqU2O3Wow4llLByTTnEauMk6yQiIiIiIiI3hjJQ5aZjGAamaWKYdvzfH7Cwgo8bBi7TxMLC6wvQ7fPT5fXT1e2j0+ujs9uHZ/IExrqu4m05juEei+Eeg+HOxTBzMFw54MrGMLPAyADDDYFOrIAXCxcWmQQsCysQwLKs4W0IEQpYvGYeG/fXsnhJ+NGmLxtg0XIn+7KUOYvgb75sginxiimlNCoLtYSVQMF98yjZ+RKPH7AzI3dtAGhiXslOXqw4YGefVm+w9+kUVXvMfrwUoOA+5pVAQ8SuiqbYE+Xzi0qgHmc6+xlqKivYGdrqGLVzoIZFPGsXxP3znO3jaqbhTAnz1tjl23Wvpxmip+YXlLOxutyu644K1lbsdLJo83uVGKlk3n12OaVzKGcPFxJEOUuK7PIKpvQ9UT92G4uIiIiIiEg6UQBV0pphmvj9Fn7LwuV2k5Pp5npnN80t7TRcvEprRxddXj+dXh9d3X66vD66vD78gfjBzeXz7yY380vaTlclUwPMzDxcudNx5UzHzC3GPWYGZs40zMw8LF8HFmDhJhCwCCiwKjdaQTl/RAU7Plo58DKcqfLl66rZFZxq75S9sbrceb7CDmhWr2LxhmoWO9P7g4G/JX3vIYEY0+1rdwyqxGSUrqpm15IaNlYeo3bV4I5gwOK0sWbxy83tNG9Ubudo2WqqHpkR8XgLR17ewoXvVRH1cDIlvlHJ9qMxnui1jxvNPqYTs9bz1Ny8YaxHtJYjL7NlHyxd/xSDrlbLEV7ecoJZ659iLhH/31e5LX1tl55tJiIiItIXBVAlbZimiYVBt9/C5TLJyXTTdLWdxsvXuXilnYtXrnPxSlufwdHUswh0XyLQfQnvlQ96PevKuQ1Xzm2YOdNxjb2TjAn3YWTlE/B7sSwXfr9fAVXpJffBf0hpeaWr1nGs4iXOYC8UWjDFAzuPUbuqlFJqOXYAitYluEVSyUqWlAK1x6gBVmKvo/pj1rCxfBW7qorYWFlvr1f6CvzHDeWsqq7Cs6kyKsO0dM4ieMnZd9NHHD6T4B5PBVMoYid/U7OEjeUF9lqqh+exbcMcynmJY7WrKC1t4sPDZxLcdSkfT8kZDn/UxOLyApo+OsyZknlE55XaQd/6lc66paFjLyKfAvDAmXo7Z7X22AGnFWxnDn9EU3k5BbXHqMHDswV9b5+smG0sMlIcfYsj5SkI4AX1DJa2HOHlLdt544H+B2RHthY+PQFlZXDi0xbmKkgpIiIiMmgKoMqwMQwDyzAJYJDhdnHpWjvnm69x8Wo7Fy+30XytfbirmJC/4xz+jnPAsfCDZjYZE75ORv48Mm95EDMrH38woBoIYAUCw1ZfGX4nP/lkCEotZcnKEmqCc+BLV7Ft5SbWVlQAzk2kSoGmIkrY2fsmUqVzKD/zkjOdfSUrSw7Q0AyLy9cwb1Mljzvllq+rprQA/uO8Tfa2YE9/L4WmL8P7fnZRhT3Fv2QR5SWJ676qaiUbK4P7WcSz1eUUAKvWLXKyMksoXxSroAKmeuDMTucmUhvW0VDRu5z4+wput4oCoGDOInjJyapdFH3XqhJPPT+uqOBMsB0A+ti+TwVTKOIMO1+pYduGGG2cfEkiac3jgX27jnDXU3MZkhBe3ly+V7aP7R+c5pEZiqCGnK5hH7NY/8AFtmyv4fTcRxhU6+TN5amqufb/t6SigiIiIiI3H8NKcXpcXV0dUwoLB12O9xV7jbqMNTUJtpSbiWHYGaZutxtfwKK2oYlT5y5x8UrbDavD8vl3MyXzC659+Gc3ZodmFhkTHiAz/1tkTHwQM6sAn7cDi0z8fv+NqYPcEPHGrVE7njXVsLHyMPOqNrA4QQKsiKSXRONZZ8Xf9/Fqewo/q1fD9u2cXxqcqt17Cr891dzJY/csZX2cYOvpNyrZTu/p+j0f77O8liO8vGWfkzXviZreHrVEQESm6+k3KnmLMjh6lIZgeZHleMoo4yjng9PRT79BZaggTx9T6O222BdK4S9jdZUd6Ey4zz7LdV4/dT1PzW1x+sFp79NvYP8ZDKj2mEofVXfwBPutryn8UfWKaLvga5ZOY9++o9HlxZjCH6/9RVIhu/r3gFF4HiYiMkJ92dhIcXFxSsusrKxMuI0yUGXIWRi0e/3kZGXS2e3j07PN/ObcJS61dgx31W6MQBfey+/ivfyu/beZhXvc3eTctozsvDL83W34LTcBZabKSOCspxpUsrJKwVORUWsGj6wuozJeFuTpN9iybxqrq55ihhNU2/LG5OSDZy1HeOsolK2eEaM8OygXLu80b2zZx7TVVTwVDCZueYPJVY+Qd+Rltp9fyvqqueQ5wd+Xp4aDew1HYXVVVTjouGsfLF1PVSjoCJ5Z2PvYfp6l66vs4OLpN6iMk4HbcmQX+6atpuqpGQQDim8dKY+zz/h1791Sp/ngqIdZ6/OAPMqXetgSzNCd8QBlbOeD048wYwbQ8iknGjzMejwvdt0TZq/abRGqV8sRXt7iLNtgHwX7TsxifVWVEwDewhuTey+30BLV/nZbvHxE66OKiIhIelEAVYaEaZp4A+Byubje0UVtQzOfnW/hSlvncFdt+AW68F39Fa1XfwVAZkE52VP/kIyxXyPg9+ELuDTNf4RK1fT9e+6+OyXlDInSVeyqXjXctRCRdDHjEVaXVbL9jQeoeiQ6IHb6g6NQttoJ0OUx93tl7Nv+AacfmRE7aHd0O5U9biTlWbo+FJA7/cFRPEvXh147o3wpni1Oeac/4ChlrA49+QhVVQAtHDnRgGfW406Qc4YddDzxKS1znWnrZQ+E6xMVdARmlLPUc5QToRo1sK/mNHMfmWHv46nYzZI39ynCt7Js4UIDMCtig8h9nv6Ao56lrA8fGEs9W8KB0EinP+Bo2feocqqXd9csPPuCbTqDB8oIL3nQcoGGsu/xVJ593I9EVLbl4nlgWuzKh4+CuU9F3JCz5QK9DuN7TvA4armFyPdBC5+eaKDse0857e+8D96y218hVBEREUkXCqBKSvkNk6yMDFpaOzhZ38Rn5y/R2tE93NVKa91NNXQ31WC4x5I5+XfInvL7mJmT8AUMAgFTN6EaYQYb/ByaNVRFRIaOHcjczhsPrGdq6NEWLp4Hz6x+hMjKek7Vn8b3QlmKdnkNR7dQuS/yRR4utkCevbMYATk7eDnte0nWo+UCDUwjvHkek0Nxxhk8UrUaKiMCvfGmo/eY6u/p4yZ5LfaBsSX6wPBcbIEewcgjbx2FhqO9As3B7NbIoDIfHKXsgUfCr41YUsDTV4WiDiNi6r3H0+Nefx6mRlQvb6oHLvQ6Oi40wNHtlURXuYwWUABVRERE0oYCqDJohmHQHbBvBHX4wy+oa7xCe5d3uKt107F81+m68Ld0XfhbzOxpZE3+92RNeRgsCx9jNcV/BPnHBnNAr/uOR+8BEbkJ5c3l8aUn2PJWDWXhB5k8DRouDCxMljf3KVZfqGT7y1OddU7t8jyz4kz9tncWIyiXx1QPnOgVjIy346l4OEF4cztwG44Mz+CRqioeAWdK+3beeKDntHU70NlrTdB4u7QPLO76sOFiP+VEQ1nEGqfOw0deDmXU5uXdxSzPPj44/QAcLSMUPz1dw77I1zpLE/Sp5QhvHY1Yj9VZ9zTu5hcaYjxqt3/Z93pP7RcRERFJJwO7ihfBXtu0K2DQ4Yd/PdnAj988wcn6JgVPUyDQeZ6Ohp1ceXcp109twez+ggxXN6bLGO6qiYiI9Fve3MdZylGORsTQZjxQBkc/4DQQyp6MnLqewIxHVlPWsI9dR1pC5TXsq3HKswOHlZVv2H/PeIAyjvJB+ElernyZIy153DXLQ8OJT50bzJ+mZl8Dnll3xQ5W5t3FLI89Td8u51NONPQsM7jtZKb1yMKMZAePcYKXfR3oA5Q17KMmqu6VvHE6erOWT0/QEKP98u6ahafhBJ+2ANjHe3T7ds4vLe+x7XkutkCoL5LSQPgwIm4m5TwXbidnvdoHetXOrs9bRwg22+k3Kql8Ofy3iIiISDpQBqr0m9dvETBMOrt9HK09x5kvLw93lUY039Vfce2D/4BrXCm5t/+ArDFfwxdw4Q8omCoiIjeL4BqnEYG5GY+wfunLbAne9dSzlPX9SkN01ivdF7w5UY/y8LB0fTAbcwaPrF/Ky1sqCT5bttq5YZKTzRqaIl+22r5BVLzjeGo1F0LT9MsoK4PzAHlzeWr1BSq3VBKcbO9Zup5HehUVbAunjLLVrC47yva42bi96x659qvNDvyGbqgVtTs76zS4NmveXbPwALPuitiXs67qvi2V7MPD0tVL8Wx3Mm3jtERoXVNn+n3Z6tWUHd1O+DA8LJ36AZVOKmvvOgeL6dH+lLG6SuufioiISHoxrBQvsFhXV8eUwsJBl+N9pRyAjDU1gy5LUiOAQQCT5mvtvPvpec41XxvuKg3I8vl3MyXzC659+GfDXZUBMXOLyClaReYts/H6AgQCSiRPF/HGreDjv1n419xz992DmsJ/8pNP0vsmUiIyIiQazzor/v6G10lEZCCyq38P0HWliMhI8WVjI8XFxSktszL0A3x8irxIYqaJ4c7kwuV2fv5vtez719qbNng6EgTa62mr3ciV9yqwrrxDVpYLl+kf7mrJcGiqYWNFBTtq+9pkE4/3tUGUWnZUbOLtpoGX17/9OXvdUcHGmqak9i8iIiIiIiJyo2kKv8TlcrsxXS5+c76FfzvZwNW2ruGukkSwuptp+81/o+3Mj8ktWknWlN/D5wO/XzcaGi2aPjoMixZRf6wWSktTUGIpq6o39LlFQfkGdvXxfHP9mX7us4kLDUBRcvsXERERERERudEUQJVeDMPA5bLo7mjEnzGZfzj+2XBXSfrib6f981dor9/JuNKNZI69C68/gxSvziFpp4kPD8O8NUvglVd4u2kDiwucp2p38PhLB4ASyhcFt69lR8UePCs97NxpP7eyajkNlS9RA5SsrGJjebO9TdUG7v9oE2vrPZQfOEANwKJ17FpVSlPNJtbWL2fXKthRYb8WoHxdNavYwYsHAF5ix5wqPHsqafAsouZAAyurNrC4OViv8GuWfPkKO88AZ17h7fuW01Bp739xQRNvb6q0n6PEfr3zmF3mgfB+UxE7FhEREREREYlDU/glitsFhtXGB//wHzi25/uMyXJTMuWW4a6WJMPfTuvHf8712g1kujpwa1r/yNb0EYc9y1lcUMD98+DwR8F577XseOkA5euq2VW9Bk9DZEboGXbWz2FXdTXPLjrDzspjzKmuZtvKEs4c/oheM+cPwJzqanZVraTkwJ6oqfVNNXuoWbSOXdXV7Fq3iJo9NTSVruLZRcCidaGgZg1z2FVtB3drsfe9y9lnzbFaCsrXsLIESlauCQeAgdodlez0BMv3sLNyB8GFAWqccratLLH3m8p2FREREREREelBAVQBwHS5yMrK4OzHu/jX17/NtaaTANS9/yq/O+trw1w76Q/f1V9x+dgf4v1yL9nZGbhc+piPRE0fHaZojh2lLLhvHgQDoLXHqGER9lMF3D+vJOp15c5r8otKYNEcSoGCKZ7YOykpIh+gYIo9wz5CwX3zKDnwEo9XVLCDVezaUE5BzCLyQ/9fWlpqZ8dWVLB2Z19T/e1p/cG6UjqHchq40BRdZtx6i4iIiIiIiKSQpvALLpdF++VPOPaL/4SvuzXqufoP/j8896/iwTun8t5vLgxTDWUgOs5W03HhDcaVbiBz7D14/S5N6x8xatm/8ww1VBC+n2wJHzaVs/hGVaGgnI3V5c5yARXUsIhnq1f18QJnSj4r2VZdDTWbWFt/oyorIiIiIiIiMnAKoI5ibreJaVh8fOB5musPxN2u9p3n+Nbi/6oA6s3I307rx/8Z94QHGHvX8wSsTHwBZaQOt+94Bnmjr9pj1JSsZFtE1mdTzSbW7q9l8ao5lPMSx2pXUVraxIeHz8AQJGo21Wzix6xhY/kqdlUVsbEyuWho+fJyCmji7T7rVcBUD+w8Vsuq0lInq9bDswWgUUhERERERERuNAVQRyHDMHC7LC7W/RO1hzYl3L65/iDdHS38zm+V8E/v9/cO25IOfFc/4Mq7f0jWtGXkeFbS7TWGu0qj1slPPhl0GbXHDlAyrypqynzBffMo2XmM2lWrWLVukZMVWkL5opK45QxGQfka5m2q5PGd9t/l66opBZqKSmCncxOp6Fdw/7wSdjr1WrlyERz+kiZKmeqBMzvtm0gFla6qYuWmSh6vgOBNpEppUgBVREREREREbjjDSvGc3rq6OqYUFg66HO8r5QBkrKlJsKX0h2kaeNsv8NHb/5n2K3VJvy5n/HTKlv+cqn1Hh7B2N8by+XczJfMLrn34Z8NdlWHhGnsnE77+3+n2WQT8g8yElCjxxi2NZyJys0k0nnVW/P0Nr5OIyEBkV/8eoPMwEZGR4svGRoqLi1NaZmVlZcJtNJd3FHGZAa41Hufdfcv7FTwF6Lh2lquXTvPIt0qHqHZyo/iv/4aWf/s2RsenZLgVQBURERERERER6Yum8I8SGW44feKvOf/J3gGX8cuf/zHlP3gPt2niCyjwdrNr/fDPyL7tj8ieXqEp/TdIKqbvA9xz990pKUdEREREREREElMAdYQzTftmUcf/dgXtV78YdHlN9Yd5bPE32fnPv05B7WS4dZ77G7pbjjHhge34fAb+QEpX9JAYBhv8TFUQVkRERERERESSowDqCGbgo+PqF/zy71elrMyP/vk/sej/Ok7hLWNovNyWsnJl+ATa67l85LuMu/e/4h5TV0+bLgAAIABJREFUis/vGu4qjXgfL1s2oNfdu3fgGeQiIqk0buzY4a6CiEhSvMNdARERGRG0BuoIZRpdNP5mX0qDp0FnT/4v/mCu1kIdaVo//nO6Gv4nbuP6cFdFRERERERERCRtKIA64gTIzMrgZM06zpz46yHZw+lj28hyW9x7e8GQlC/Dp+vLv6P1w6fIzlZyuoiIiIiIiIgIKIA6ogS812lv+ZhDry3g8oUTQ7qvz47+N8q/Xjyk+5DhYXV9yeWj3yc7OxPD0M2lRERERERERGR0UwB1pLB8BHxX+eD//EcC/q4h392Xp35OwNfGt+71DPm+5Maz/G20/Ou/I8PVialRIm3V7qjg8Yrgvx3UOo831Wzi8R21QC07KjbxdtMACm+qYWNEmdFPbYrYbwUbawaygx5qd/D4phpSUJKIiIiIiIhISik0MhIEuulua+D43/7xDd3tx/+8ltl3Tr2h+5Qb68qx7+PyX8RlWMNdFYnSxNubKniRdeyqrrb/rYMXewU8S1lVvYHFA1lto7meMzF3XcOPd8LKKme/VSthZyU7YkVa+6N0Fbs2lKOFQURERERERCTdaKHDm12gk87Wz3l//5M3fNdXv/qA9mvnWfLQnex/9zc3fP9yY1z95UrG3/+XuLK/hj+gKf1poekjDp9ZxLMbIm7mVrqKbVW1RKdw1rKjYg+eKjuIWrujghcP2M+UrKxiY3kBTTWbWFvvofzAAWoAFq1j1yrY8ZK94Ys75rBrVcR+mus5g4c/CkY6C8rZWF0erlrNJtbudEKvi9bZr63dweN7oJwD1BR8m5Jj3fxR9SpKg9sfnse25fWs3VPEtg3lFNTu4HFn/6EyiF1/mmrYWLnz/2fvzsOjLO/9j79nyULCLgECkgijSNhEUUEkYAZci7uCSxMT0S5oqxJtf6E9B+gC1RY8Pa24tScx0aq4I+JKoqKyCIgEGAQCJGyRYYdss/7+mBB2CMnMPJPk87ournaeeZ77/gykc5Uv3/u+a4u9NjJnNLBgLCIiIiIiInIK6kBtyrwVHNq9ypDi6WHfvnMPF557jmHzS3gcWPko/gOLsFq8RkcRwFm8gBJbMp2Ou56QkELCKYqHzsKpR3Ws5pCcN+vI0v4iGFrbTWorms18ZwpZOWlAGpOOLp4CpGQxKa2IabXL94/pPHXkBoqh+fkU5M8gs2z6kfdLykiakE/BhGtItRWxqPb6rtIS7GOP7jx1kDu9CHvOsWOcKr9jbh5kzqAgP5+ZmZA3t7GtsCIiIiIiIiLHUgdqU+WtZP+Py1ldNMnQGD5PJXt2fM89aQP4T1GxoVkktA6t/SNxPR/CfE4aPuKMjtOiJSSe/d7Du0pLoGg66UVHrtmKnQwEOFyMTUgkuR5jpWTlU5BFbfdnBum1nZ8Dd5RBSRETM/KO3LzIQdZQgCS6JQAkMDDVxoIdTkjZxaKiNIZmwZENXHdQShrjUgL3jpqcD4Bj0cnzTxmaRsn0bNLzAhkKjjTDioiIiIiIiASFCqhNkN9Xyb7t3+D4cqrRUQBY8cF47A8spW1cNAcqXUbHkRCq3PQM8dZYojpchdtnMTpOy9UpGVtJKbvgmD1DHbkZvJ48g4dO8VjdsvejOAsbkaN2+b4jN4PXDxdjj1pyfyTYomMfG5AKs4pxJpZSmDaUrHpOd7L8kEVBflZgK4DsDPJsmYFtABr4kURERERERESOpyX8TYzfc5Ddmz+LmOLpYTvWf8C4Ef2NjiFhULF+Bu69X2K1+IyO0mT1f+ONBv2qkzCAVFsR045eP+/IZVpRGuNOKDAGdEq2UZI3t7bR00Hu8cvv68lZOJX0Ew6rguTEhEBnbNHs2q0BAgddTSl0njhIwgBSWcAzs4uwDz2u2JqQSDKHl/gfGeNU+R25gf9MsE+mICft7D+QiIiIiIiIyBmoA7UJ8bkPcnDnMtYt/KvRUU7g+GIyV91/HbauHSgp32t0HAmxyvV/pU2/c7DED9DBUmdp9Zo1QRglgVGTZ8DUbNIzDl9LY9Lhg5lO9oR9MpNKM5iWEVgDb8ucwZQUcO44xRSdkrGRd8IhUsePc/RYkMXMzNpOUAh0o9oTOKHaSgKjxiaRNz2pdqn+0VLImpFZuzUAYMtkpj2BBE6en5QcFmXU3ouNzBlZ6j4VERERERGRoDL5/X5/MAfctGkTiV27Nnoc96zARnZRExqzvrT5MJm8HNy5jJWfZBsd5ZTOu/hBug8czz/nfGt0lNMaO6IvidGbObDyUaOjNHntLnkRr7U7PjWjAqf+3tL3mYg0Nfo+E5HmQt9bIiLNy47ycnr27BnUMbOzz1xrUwdqE2A2m3BXOSO6eAqw+bsX6TEgg0t7d2Ppuu1Gx5Ew2L/8QdpfPhu3qQ1B/reYZik43afQr2/foIwjIiIiIiIiImemAmoTYLXAV2/eaXSMenF8MZnho/6iAmoLsm/JWDpc+SE1NUYnaRoaW/wMVhFWREREREREROpHBdQIFx1t5utXf2J0jHrbVVqIu2oPV1/Si0+XbzQ6joTJ3q9/QsfUz6iuqjY6SpMw9r1xDXpu9s2vBzmJiIiIiIiIiJyJ2egAcmpmk5sVH/4ad/U+o6OclRXzfs7Anl2MjiFh5WPf4nHExOgrRURERERERESaF1U7IpQJN5uWP8e+8mVGRzlrlftLObC7hNuHn3C8tjRjPpeTg6smEWVxGx1FRERERERERCRoVECNQGaTh92lhWxbM9voKA229J1xnNelPWb9hLUonv3L8ewuwmoxOomIiIiIiIiISHBoD9QIYzJD1b6NrP3qT0ZHabSdpV+RMeoS8j793ugoEkYVG/6H9u0HYzIn4Pf5jI7TPDkLmZKdR8lxl22ZM5hiTzjLwRzkZswmacZkRp3toxExvoiIiIiIiEhoqYAaQUwmE1EWCz+sLDA6SlCs+vRR0sYvoWuHeMr3VhgdR8Jo3/IH6DDsA2qqXUZHacZsZAalKJlCVv7kYAQyaHwRERERERGR0FIBNYKYfNG889hBbnn6SXZv/ZJVnz1hdKRG27r6dW4ZdgfPfbDU6CgSTr4aKhxTaHX+b3B79TUTXoGOT9KgsKiEYwqtjlzSpxcBNuxpUMhYCrKo6xAdWDyViaVJ2IuKKARIy6EgK7CXsSM3g2lFgRmO7nQ92XVn4ZFxSjN/SXLeJ2cY38n8qdnklQBpadiLytSxKiIiIiIiIhFDO1RGCr+V1e/XUL7Ky3NX7yfaegVX3vOR0akabf2iGcRYoV+yKiEtjWv3V3j2foXV7Dc6SjNVQl52BukZR37lOo68V5o8gYL8fCallZA31wE4yJ1ehD0nn4L8CSSVHb8BQK0iGJqfT8GMTGxFs5nvBGfhVKaRQ0F+PgX5OSTnzTrt9aPHmWJvX4/xZ5FHJjPz8ykYSqC4KiIiIiIiIhIh1BoWAUwmE64DFr557mDdtVfSKxnxSCxp479lxYe/ZO/2ptvBuWHx3xg15DesLnWe+WZpVirWPUW7yy7GZGqP369CanCdfgl/cmLgjU7JNigFHIsoJI1JKQAJDEytvX7CsMl0AkhIJLn20q7SEiiaTnrRUbcVO+l2iusDjx7njOM7WbmgBFvqBBIAUoZip6xevwMiIiIiIiIi4aACagQw+2N4b+L+E65/+XcXq9/3MO7FZykv+QDHF1MMSNd42x1v0Wvwwwzv14OvVm8xOo6E2YHvfkb7IW9SU+M1Ooo0wskOqHLknvy6Uy2kIiIiIiIi0oyogGo0bxTfvVnN/u0nP61890Yfs0bt5b7ZV3PFuMEsfP3GMAcMjuLPsrn8J8+rgNoC+T0HqVg3nVa2ibg9+soBmH3z6+GfNGUodqazyJFFSkqg65Ok+j3aKdlGSd5cHPYsUnCQmzEdcvIZc6rrZxUs0A2bt6AYp91OgmMRhUDm2X9CERERERERkZBQNcNAJrOZSqeJb1+qOuO9L42tYPSkdqSNX8K37/6UQ7vXhSFh8OwvX07F/q2MGXIBcxevNzqOhJnL+TnRna/D0noQXu/J/7GgpVi9Zk2QRgrsgZp39CVbJjMnJ57i/hSyctJIn55BITbsabZ6z5Rgn8yk0gymZRTVTjODKSlAysmvO3ec3SdJsE8gc0E2EzPyAodInd3jIiIiIiIiIiFl8gd5Y8JNmzaR2LVro8dxzwr8FTpqQvNdC2o1xfJy+j4qdtX/j6DbRVZueboN29bMZt3Cv4YwXfBZo9swIqOIGW8tNDTH2BF9SYzezIGVjxqao6UxWeLpcMU7VFd7jI4SMqf63oq877PAqfcLUk9cfm84Ry7p02FSfhYpRmcRacGazveZiMjp6XtLRKR52VFeTs+ePYM6ZnZ29hnvUQeqQUz+aL4tqDqr4inA9u89zLLv5f53bmXoHVew6M3bQpQw+Dyug+wp/5670wbwalGx0XEkzPzeCqrKCohKHIfHazY6TgsUWGJf91cHWyYzI6R46iycysS8krrX9px8FU9FREREREQkYqiAagCz2czBbbD81eoGj/F/tx7i+j924qqshSx64zaqD53lmlmDrJg7HvsDS2nTKpqDVS6j40iYVZUVEJN4KyZTK4Lc/N4kBGv5fr++fRvwVApZ+flkBSVBcCXYJ1OgdfsiIiIiIiISoVRANYCn0sqcJw40epwP/6uansM93PDH9yld+RIlS/4RhHSht2P9PMaNtPOvj74zOooY4NDaP9K6zxRc3iijoxiiYcXPI4K3h6qIiIiIiIiI1IcKqGFmMlnZ8q2Hyj3B6b7b9JWHZ9L2MH7OPZzT/UqWvHNXUMYNJccX/81V919Lz67t2VS+z+g4Emae/d/hrfgBS/wAvN6W14UK8O8bznxw3MmMn9cqyElERERERERE5Ey0EWGYRUVF8fnMiqCP+++bDrJnU3euyvwGa3TroI8fbJtX/JsbLrvA6BhikEOOqURFWYyOISIiIiIiIiJyRiqghpEJK9+/VYWnJjTjv/9EFYV/czEi43OSB0XiTodHbF7+AhaTm0svSDQ6ihjA762gsqwAq8VndBQRERERERERkdNSATWMoqOj+ObZhi3dra8fPnbxTNoeevT9GZfe9FJI52qstV9OYXi/JKNjiEGqywqwmDyYTCajo4iIiIiIiIiInJL2QA0XTzTf5FWGbboXf3KQ2//RixH3fcmXL40I27xnw7lpPu4r9jL64l589t1Go+OIAQ46JhPf5w+4W+iBUg3mLGRKdh4lx12258wgaXY2ZWPzyUoxJJmIiIiIiIhIs6MCapiYTGZWzK4O65xv/aqKi+6Ixv7QUn74+i9sc7wZ1vnrY8UHv2DInbNVQG2hPPu/B18lJlN7/P6WeaBUw9nInDGZUQnHXZ6cb0gaERERERERkeZKBdRwcEex4JngHxxVH9+/6eL7N/fw84+foHPPUXw375eG5DiVyv2bOLh7A7cNT+HtrxxGxxEDVG16nlYXPIHbraX8jedk/tTaDlRySZ8NdoooLAFsmcycbCcBcORmMK3o8DNpTMrPIsVRv/vtOYe7Wx3kZkynEDhlMVdERERERESkGdAeqCFmMplwV5n54ROXoTmev3Y/nsoBjEj/3NAcJ7P0nbvp2aW9fhhbKNeuzzH5XdoL9ayVkJedQXpG7a/ck/wDREkZSRPyKcjPwV6Sx1wHgAOG5lOQn09B/gwybUUscpzmfkcu04rSmJSfT8GMTEqn5+LAyfyp0yGndpycJPJmFeIM34cXERERERERCRt1oIaYt9LK508b0316vNkPVnLZfdHYH1jK6qLf82PJR0ZHquMs+4b0qwfx0qffGx1FDFC1+V/EnPcQHo/RSZqSk3V9Hl/CTKJbAkAnkmxQBkAKKSnHdZWe5n7njjJIG0sKQIKdKfkADhaVQOH0jNoO1ECelU67ulBFRERERESk2VEBNYTMZjPbVvkoW+w2Okqdb19yUfzOHjLfnEoX23Ws/ORRoyMBUPzJr0kb/y1dOsTz497IKDhL+NSUf0Bcr4dQ/TQMag+gInMGBfkElvw3aCAt2xcREREREZGWQQXUEPJUWVlfWGl0jBNUH4DnrtnPPS8NZvi9n/HVK6ONjgTAltWvceuw23nug2VGRxEDVJW9REz3+3B7jU4SeuPntTI4QRrj7AngLGRBCSSf5s6ExCTIW4QjK4UUZyFTsheQOmMCSbYS8uY6GJWVAo5c0qcT2Es1bJ9BREREREREJDxUQA2hqFgLJV9ETvfp8f5zXxVXTojF/sC3fP/xRHZvWWBong2LZtA95Q76JnViTdkuQ7NI+FVvfZ1W5z0IXmP3Cw611WvWGBsgYQCptjymZRSBLZPMNFiwwwmJp7g/JYuZmVOZmJEBgC1zBqMSEmByDmUZ00kvgsPdqCqeioiIiIiISHNk8vv9/mAOuGnTJhK7dm30OO5ZgV35oiYUnuHOCOWzsmaOh4UvVBmd5Izadjdz70ttcZZ+xurCSYZm6Z5yJ72GPM7/vrckZHOMHdGXxOjNHFgZGdsXyBGtznuAqK534PH4jI7SIKf63mry32ci0uLo+0xEmgt9b4mINC87ysvp2bNnUMfMzs4+4z06+DxELJYoVr5dbXSMejmwzcezo/fRqtVIrrz7Q0OzbHO8gd9TyZV9exiaQ4xRVZqL1RpldAwRERERERERkTpawh8CZrOZnWs9VOwKanNvyBXcU8HIiXGkjV/C8rkPsv/H7w3Jseqzxxnyk+f4es0WQ+YXA/m9VG19FWuXO/F6m99mqMFavt+vb9+gjCMiIiIiIiIiZ6YCagh4qqwsfzXyDo+qjy9m1rBmrps7n32RHeveZ+1Xfwx7hn3ly6g8sJ2fXH4BHyxZH/b5xVgu5xfEJN6M12sxOkpINLb4afgeqiIiIiIiIiItjAqowWYyYTaZKFscuYdHnYlznY9Zo/aR+eb1DBt3Gd+8flPYMyx7L50RGYUqoLZA3or14KvGZGpNkLdojhjfvJLaoOeG3WvsQW8iIiIiIiIiLZH2QA0yk8/KijdrjI4RFHl3HKJscTvS7l9MXPteYZ3b4zrAnvKV3J3WP6zzSmSo3vE+FovJ6BgiIiIiIiIiIiqgBpvFamHVu03j8Kj6+PTPNcz5bQVDbn+dC64486lkwbRi7v1069iG1rHRYZ1XjOf68SMsZp/RMUREREREREREVEANJovFwpalbmoONa9lx1uXephl30un7rcz5I43wzr3jpKPuGtkv7DOKcbz1ezEV12O2ayvKBERERERERExlqoTQeQ6aGb5q82n+/R4/3frIXau6cxVWQuJjksIy5yOot/TJi6K87q0C8t8Ejmqt7+D2ew1OkZkchYyJWMq853HX8vFYViowxkySD/uV66hoUREREREREQaRwXUIGrVzkL5Ko/RMUJq3u+q+eRP1Qy/50N6Df5FWObcvPxFfnJ577DMJZGjZucnWK0xRseQs2Yjc0Y+BfmBXzMzbRTOLsR55gdFREREREREIpLV6ADNhdliYdv3zbt4eljJ526e+XwPD869j3N6pPLtu/eGdL7NK/5F0kWZDD4/kWUbdoR0LokgvhrcB4oxt+qLz6tO1LPhLJzKxAWpzJxsJwEHuRmzSZoxmYHFU5lYmkpmWR55JUBaDjOTZzMx8IJJ+Vmk4GT+1OzA+wC2zMA4jlzSZ4OdIgpLjrp+hiwJA1Kx5ZWyC0gAHLkZTCs6PPQMptgTAp2r2XkEprSROWMyoxIAHORmTKcQjsoXuEZOPlkptZ+1dCwFWZCbMRvSoLAoiUn5Y9he9zmOGvOYuQ6PeWwu0nIoyEoJwp+EiIiIiIiINAfqQA0Wj4V1n7mMThFWL445yP6yJEZmfo3ZHNqDntYu+APD+/cI6RwSeaq3vY3F1DL+YeLslZCXfdRS+bqi4BkULYAJ+RTMyMRWNJ1nmEBBfg52iljkAJy76DbhcAdpDvaSBaw83D5aUkbShMPX85hbj6X5zuIFlNiS6USg2DmNnLqxk/NmMd8Jjrl5kDmjtmMV8uY6ACfzp06ntO56GdOmnqmTtYTS5AkU5GfRqXAWeWQyMz+fgpwk8mYV4sRBbvYCUmfkHxkz1wHOQl4vSmPS4c9cNPvY7RFERERERESkRVMHapCYLWZKF7WsAirAe9lVpNwQjf2Jb9iw5O+UrSwIyTw7N36CbUg2owf15LMVm0Iyh0Qe9+4FmC54DIg1OkoEOrpTk9rOytJ6PJbKwASARJKxkTQgMECSDcoAElKO60K1kVn3cBLdEgA6Hbn/BIHCbt4xOQOdqo7SEiiaTnrRkbttxU6mDE2jZHo26XmBz1RgB3BQVmIjdUIg35FO1sTTfrzkxMD9u0pLsKVOCHTIpmRRMDnwe1RKCYXH5FuEI2sMqbY8pmUUBbpP8yef6XdRREREREREWhAVUIPAZDJRsctP1T6/0VEM4ZjnwjFvDz+b9xAJyWkse//+kMzz/Ye/ZMjtr6uA2sJ4KzZijhugZfzh4sglfXoR9px8ClICy//PzpHC7uGtBAYetc6/btn+MbIoyM8K3J+dQZ4tk5mTT18obbgjy/aPljI5n1G12wOkF4G9dosAERERERERES3hDwKz2cr6ohqjYxjuhRsOUL2nNyPv+zIk41fu28jBPRu47co+IRlfIpNr19dYaF7F02H3LmjQr/pKSEyCksC+ozgW1e4hehZsmYxJaeCzR+ewT2ZSUh4TcwNr/Tsl2yjJm0vglYPcjAxyHYH9R3MdgfsLctJqn+5Ekq2EBcWBtfRHtgIIdL+W7nACTlYuOPnGBZ2SbZQsKA4s+Xfkkp6RiyMhkWSKeL2wdszCqaRPLcTpLGTK1EKcpJCVP4NMWyM+tIiIiIiIiDQ76kANAp/LzKZvWt7y/ZN5c0Ilg8bFYP/FUhwL/sSOH94N6vhL37kb+wNLgzqmRDbP/hWYzF7wWoyOEhSr16wJ/SQpQ7EzvXZJehr2s322ZDoTM/IgLZNMWxFluxoRJSsHe8Z00smhIGsyk0ozArmo7UZNAVJyWJSRQXrgKpkzskgARk3OoSwjm/Q8CHSOBrYCGJhqIy8vsOTfnnbyameCPTDXxIzAYn17Tj4pQMqMTKZknzjmQ6lT6+4lLYcCdZ+KiIiIiIhILZPf7w/quvNNmzaR2LVro8dxzwr8lT9qQmP6n8LDaorl+ev3Gh0jopit8OAHbTngXM6KDycEdewB1/wvpvaDeOnT7xv0/NgRfUmM3syBlY8GNZeETodhH1LjivwtMk71vdWUvs9EREDfZyLSfOh7S0SkedlRXk7Pnj2DOmZ2dvYZ79ES/kayWCyUfes2OkbE8Xng+WsP4KsZSOpPg/t/Voo/+TXntGlF53bxQR1XIpfn4GrMlubRgSoiIiIiIiIiTYuW8DeSt8bC+qIqo2NErNfHVzJkfAz2B5ayan4OOzd9GpRxtzre4NYrb+H5ecuCMp5ENtfub4iN74vP6CCNFKzl+/369g3KOCIiIiIiIiJyZiqgNpI1xkTfG6KJijPh+EAHSZ3M4n/XUPxODfe9/me62K6l+LPHGz3m+m+eYuSFt5LSoxOOLY3YoFGaBM++FZiSPDSHr6zGFj/DsoeqiIiIiIiIiNRp+tUIA5lMJqqppLpnOcMvSsb+eDzuah97NvvY9I0LxwfVVO4xOmVkqNwDz169j3vyhzL83k/46pVrGj3mhsVPM/ryiSqgtgDeyo2YLdHgaeo9qAHPzFvRoOceumFQkJOIiIiIiIiIyJmogNoIJrOZ9XvWM/nzyQCYMXP9BddzeffL6X9Pb4be3xGP28ehH/2ULXHzw6c17FzrNTi1sf6TUcnwX8VgH/8t3334MHu3L27wWNvWzKbn4Alc2bcHX6/ZEsSUEoncB1ZjjuuPz9uy/zckIiIiIiIiIuGlAmpjmMDhdNS99OHjg/Uf8MH6D+quXXHuFVzZ40r6XzeA/re0B6Byj48dK72sL6ph01ct7wCqr/5Rw+o5bu7+v3/w48ZPWPP57xs81ur5v+Hy659RAbUFcO3+mtj4lCa/D6qIiIiIiIiINC0qoDaCy+di075Np71n4daFLNy6sO5173N6c1XyVQwafDHXjOyK1WKh+pCPnQ4vm75ysWpOy9hHdW+pj1mj9pHxmp0r757H16/e0LBxti+h6uB2brjsfOZ9uyHIKSWSuPcuI7b7WKCt0VFEREREREREpAUxGx2gKbNYLJTuLz2rZ9btXscLy19gwoe/5LY3biXrvSze3vQa1T03M/ThKB4q6sjPPmzP2OfbcVlmLK07N+8/ovy7DlHyRTxp9y+hTUK/Bo2xbM59pCQlBDmZRBpf9XYsMZ2MjhE5HLmkZ2Qc+ZXrONMD5GZMZb6z0ROTe3jOqYWcfLjD9+RyTCpnIVPqlfXooXJPHOc0nIVTa8d3Mn9qBmczlYiIiIiIiMjJqAO1EaIt0ZQfKm/UGLurdvPa6td4bfVrddeus13HkHOH0HdcHy6/rz1ej5+D5V62LPOw7jMX5as8jY0eUYr+WoPjQy+3/T2P7T+8ww9fTzur5z3V+9j7YzF3XdWf1z5fFaKUYji/G7+3ApMpGr/fb3QagznInV6EPSefrJTa1xnTmZI8gyn20P5jgrNwNqWZMyiwJ+DIzWCuw16b4Xg2bLYiFjmySKl931m8gJKQpoNdpYdnSGDU5PwQzyYiIiIiIiItgQqoDWQym9lxcEdIxv6o5CM+Kvmo7vXl3S5neNJwBoweSL8b22PCROU+HztW+tjweTUlXzT9fVTLV3mYNWovmW/+hCvuvJyFb9xyVs9/934W9geWEhdrpbK6eRWY5Qhv1XZM0T1VQHXuoBQbqXUNuSlk5R9VLHTkkj69qO7lkULr0bdkMK32FltmbeHVWciU7LzaIqeNzBmTGXVcPTYhMYmS2cU47YksKkpjaNapY6amprFghxNSEgAnKxeAPc1G4WlzOpk/NZuypDQKi8rI/GXSkY9dOJWJedTmChQW2b/lAAAgAElEQVSNC4/Ouiu39jNNJ3foDJJmZ1M2Np8xO6YysTQJe1FR4P60HAqyUgh0qWaTVwKkpWEvKiPpJJ9ZREREREREWrbmvT48hMwm0xn3Pw2WJduXMHPRTLLez+SW2bfw2KePMd/5ATGDfmT071vxUFFHxr/fnptntGHAbTGYm3BZPO+OCrZ915Gr7l9Eq7Y9zurZ8pKPuXvkgBAlk0jgrdiIyayvLRLsPJQJedmBpfRTCo9dSO9gKAX5+RTk5zMz00bhomPXsTsLpzKNnNp7ckjOm8V8Jzjm5kHmjNrnIG/uSda/p2QxKSmPiRmLGJqfxUmbTw9LTIYFxYFl/s5iFpDK0OT65SxkKAX5kxnV/vDNuUxckMrM/MmMSnAyf+p0yAk8W5CTRN6sQpwpWUxKA9JyTuyKLYKh+fkUzMjEVjSb+U5wFs4ij0xm5udTMJQjhV0RERERERGRozThUpuxfPhYu2utIXNv3LuRjXs31r1uF9OOa23XcmmPy7j85+cx4lfxeGp87NviZ/MiF46PajiwremcXf7x1GqSh3gYM/1tyopfZsOSv9fruTVFv+Oq+5eQ3LkdpTv3hzilGMFTUUJMxzSjY0SEBPtkCuwQWL6fTXrekU7TlJSUY7s7j/st21VaAkXTST/S/Imt2MmUoWmUTM8mPS/Q0RkY/2iBrk9yZpBZls3rhWN4iFlMLB1b29F5nE4DSGUWK512BhYvgNQJdGJB3duny2lLPnq/2yKmTbeROSOLQHPoLspKoHB6xlFFTxsrnXa6neo3zJZMJ4CERAI1XCcrF5RgS50QGDNlKHbKTvW0iIiIiIiItGAqoDaQ2+9h877NRscAYH/Nfmavmc3sNbPrro3uNZorzr2CPrencOlP2+Pz+jn4o4+ty9ysm+9i+/eRvcy9dLGHZ+x7Gf/eXXTscSVL3hpbr+c2f/ciY4aM55n3vw1xQjGCr2orJtxAlNFRIkhg+f6YwqlMXOQgK6VTYFl6bWclhVOZeJKz7uqW7R8ji4L8rMBS+ewM8myZzJxs5/Bdh/c/nZKSAJNzKMvIZiJgzzlVH2oCA1PhmWIHLIDUCQlQfPg9Z71yBqQxKQemzSpkYF2ek28xoDOjREREREREJNhUQG2gaGt0xBRQT+azjZ/x2cbP6l5f0vUSUpNTGZh2ESljzsEEVO3zU77Ky/ovqtkwPzL3Uf33zQcZ85euXJW1kK9euRaP68Bp79/83YskXZTJxbaufFfSuAO+JPJ4q7ZisUTh9hqdpHEeumFQ4wZw5JI+veyEAuLRXZv2sXYScDJ/QQkkHft4p2QbJXlzcdizSKnrKs1n6KIMFg3NJ8s+mYLEXNJnH/vckf1P7SSQwphMG4V5kNSJU0oYkAqzZrOgJIlxJ9lb9HQ5j5GSxaSkDJ4pHMAUeyeSbCXkzXUwKutwFytMyj/NhqwnJmNgqo28BbWfx7GIQiDzLEYQERERERGRpi87O/uM96iA2kAen4eDroNGx6i35eXLWV6+vO71ee3Ow97TzsUDLsF+RTeu/X0baip87FrvZdM3Lla/X4On2sDAR5n7/6q5YLSXa35XyKZlz7Hpu3+d9v61X/6BESP/oAJqM+Sr3o7fHAtEyA9nA6xes6bxg6RkMTOztkv08LW0HAqyAhXKgak28qZnUIiNzMw0WLADJ4l1jyfYJzOpNINpGYGl87bMGUxJAVJyWJSRQXrg6lFL5o/MOykpg4kZeUfmnLGDKdm5dDvVfqgJA0glj7y0sQSObap74xQ5T12NTRmTCdmzmD9gMqMm51CWcXgbgkA3agrgTLZBXu0hUmf4bUywTyBzQXbg86SlccKOBSIiIiIiIiKAyR/k46w3bdpEYteujR7HPSvwV9moCZF3rIfZbGa58zumfTXN6ChB0zqqNdfYruHybkPo1b4XsdExeFx+9m3xUrbEzdqPa9hbavw+qg/MbYOragPfvpt+2vuG3f0xa8vdzF9x4kFfY0f0JTF6MwdWPhqqmBJC7Ye8gdvXmiB/dQXFqb63Ivn7TGod1cV62oOxRFoIfZ+JSHOh7y0RkeZlR3k5PXv2DOqY27dvP+M96kBtAJPJhAmT0TGC6pD7EG+vfZu3175ddy3tvDSuOPcKUm7ux8V3tcPvg0M7fWz9zs36+S62Lg//Pqr/GnOQW/+ezMj7vuKLl4af8r7vP3qIy2979aQFVGnavJVbMcX1xe9t4uv4xXDOwqlMzCupe23PyVfxVERERERERE6gAmoDHTjDXpzNQdHmIoo2Hzmme1DXQYxIGsHA1Ivoc905mExmqvf7KF/tpeTLGn74xBWWXO88Us2AW6KxP7KU9YtmsmXVf064p2LvBg7t3citw/rwzjdrw5JLwsNzoBhrXF+jY0gzkGCfTIHW7YuIiIiIiMgZqIDaECY4UNP8C6jHW1G+ghXlK+pe92jTA3svO4NTLmXkkO6MzmmNq9LP7hIvm76pYfXcGlyHQpOl+F0Xxe/u4Wfzfk3CeXaWz33ghHu+fXsc9geWhiaAGMiPyWwGdaCKiIiIiIiISBiogNoAHr+XCleF0TEMt+XgFl76/iVe4iUAYq2xXGu7lsu7DeHizPMZ9vOOeN1+9m/zUbrYxQ8f17B7U3D3UX3hhgPc+VwfRmR8wZf5I094f9eWhWSMvoj8z74P6rxiHL8nRFV5EREREREREZGTUAG1AXx+H5XuSqNjRJxqTzXv/fAe7/3wXt21EUkjGNZjGH1v7M+gse3Ab+KQ08vW7zxsKKqhbEnj91F94xeVDL43BvsDS3F8MZUd69+ve2/lx78ibfy3JLSLw7lff2bNgd9bicnvNjqGiIiIiIiIiLQQKqA2gM/npcKtDtT6+LLsS74s+7Lu9YDOAxiRNIKLhg3ihmsSsJjMVB/0Ub7Gw8YvXTg+bNg+qsteqeH7d2p44J3f07nX1Xz/8a/r3tvqeIPbrryZ5+ctb/TnEeP5PZXg9wFmo6OIiIiIiIiISAugAmoD+E2oA7WBincWU7yzuO51YutERvUcxeDelzJ8cA/sv2mNu8rP7o1eNi90sXpuNdX76ze2pxKeu3Y/d/3fJaT+dD4LXh4FwPpvnuKqC2+jT49OrN2yKxQfS8LI76sCk9/oGCIiIiIiIiLSQqiA2gAmk0kF1CDZcWgHLxe/zMvFLwNgNVu5znYdQ84dwoD03gx9oCNej5/9W71sWerhh0+rca47/T6qr91fybCfxWJ/YCkrP32cXaWfs2Hx01x92WMqoDYDfm8VJpPRKURERERERESkpVABtQFMJpOW8IeIx+dh7vq5zF0/t+7a8B7DGdZjGP2u78/A29vh90Plbj/bVrjZ8LmLzd+cuB/mNy9Us/JdF+mvPMWuLZ+zav5v6HnpLxmWcm44P46EQGAJv9EpRERERERERKSlUAG1ASxmizpQw+irLV/x1Zav6l6ndEphZPJIBl1+CdfaE7BaLFQd8OFc62XjVy5Wv18DwKGdPp69eh8/fXkYV97zEas++y1Drv8n23YdMOqjSBD4fVWYTNr/VERERERERETCQwXUBrCarVS41IFqFMcuB45djrrXCXEJjO41mkttl3HFoCSumhiPq8rH3s0+Ni9y8fYjlVz601gG3fwPaip307FNW6gx8ANIo/g9lZjMFuD0WzmIiIiIiIiIiASDCqgNYDVZ1YEaQZyVTl5d9Sqvrnq17toN59/AkHOH0v/u3gzJ6ojX7efgjz7adDkHk8mERwXUJsvvrcRvUgFVRERERERERMJDBdQGKD9Ujl+bMEa0eRvmMW/DvLrXQ7sPZXjScPpVDOCc1h0wxXQ3MJ00iq8aX/UuoJ3RSURERERERESkBdBGgg2Q2CYREzoGvClZtG0Rf1v4N9q2ag1ATfkcgxNJg5msWFp1NjqFiIiIiIiIiLQQKqA2gMfnIS4qzugYchZ6te/FnLvmEGWJAsDlLDQ4kTSYOQr8Wr4vIiIiIiIiIuGhJfwN4PV7iY+Op8Ktg6Sagjv73slPB9yL59Ahyn2xnNvWgq96m9GxpIFMpij8KqCKiIiIiIiISJiogNoAXq9XHahNxOQRkxnYvg/7vv6GqMFDqHGD17XP6FiRofdLdOySdOR15UfsWfbksdc9K6hY+Bg13E6bKx4mynr0NYgfXIT1YBr714UxtzkaHSAlIiIiIiIiIuGiAmoD+PETHxVvdAw5g3+N+Ret9lRQMvUP9PnLX3h3nYtRPaPxHCg2OlpEiInpCJRRs+A+jvRS/5Z2XZJqi6nQLvU6Wg24nZrdw7FYy6hZsAZr6nCiu0ENTxMVvYKqcBZPAZM5Cvw6xE1EREREREREwkMF1AZSB2pke+vON9n7xQJ+mPk0l86Zw4ItLgDirFC9Z4nB6SKDNbo1eDbgOebqk+xf8GTgv3Z7+rRHpcUnDsK/O42a0EU8BSte90GgTdhnFhEREREREZGWRwXUBjD5VUCNVAM7D+RP9j+x8emZ7JlfSL/nn2f7QR+7qwLvW8wman782NiQEeH2wEp46yDiU4uI5xDukhs5uP3w+7+lnW0Q7Psn+4rfAsCb/DAxqYHu1P08TXsDuk8BzNEdMFvjwB3+uUVERERERESk5VEBtQEsZquW8EegzEGZ3Nr7FpaPHYuvspJzMzOxdO7Kko2BHsvubcz4/V44rueyZTofsxV8tQXS+MFFxNheIn774eX8T7J/wQbaXPEwHa8YTsXCxzi48K26p+MHF+HfnQYD3qdj+9acuBVA6Jii2mkFv4iIiIiIiIiEjdnoAE2RxWRRB2qEmW6fxk+6j2LZTTfhq6zE0qYNXe+4g3kbjxRLu8ab8VaXG5gykjzJ/gVpdd2lHtehk9zzFj4XYO147L+0dAvsfVq97rfEtgd3yT9xe5KIGnB7GHKDOaodYAnLXCIiIiIiIiIiKqA2hN9P+9j2RqeQWi/dnEeP/VEU331v3bWBeXmsKD92jXeneDOefcvDHS8ydXua9qlFtK8tegb2Q92D55jrtcv8K9cc01ka2Pv0MQP2Pg0wR3fAb4oyaHYRERERERERaWlUQG0Av99P25i2RscQ4O2xb1NTtJB1j2XXXevz1FPsd5vZvN93zL2xFnDt/jrcESPT9sfY92MZ5vYP0zG1iJi4MmoWPkbNMdcfJooVVCx78shzdd2nAE9SvQ+ibA8TZS3DXfzWqWYLKlN0An6t4RcRERERERGRMNEeqA3UOrq10RFatCvOvYKc4TmsnzqV/d9+W3f9nKuvptWFF/LZhmP3OY0xg8lkwrN3cbijRq5197HnZIdAneo6BAqv24+8rCm+MeydqCZzrAqoIiIiIiIiIhI2KqA2gLHFmxv5820PMqB6PjfN+3vg0pBZzOl57pFbDsznpnkbA/dFA65iXnz7d7wPPHLDHC7cfRMTmnAd8ReDf8G1Pa9m6ZgxJ7zX85FH+HD9iSW9c9uZ8XmNWnQuwRTVfiBun+/MN4qIiIiIiIiIBIEKqA3g8/no17mfATPfeKQoWn3U1fj2wFbmvzaBvx++2PvP9IzeyvzXfuDCu4YwtDe8z58ZElvMq024eDrzmpl0N3Xgu1tuPeG9i155hQ273dScpLbWpbUVX+UPYUgooWaK7oS/2mV0DBERERERERFpIbQHagNZTJYw74N6uHh6iEPH1Y56xbYG1142nmGER84fwL5tgU7UpuiVW16m0/ZKVqffd8J7vX7zG1zRcazadfLOxPYx4N67NNQRJcTMMV3Ap+KpiIiIiIiIiISPCqgN5PG6SW6XHOZZtzL/tVfZdMy1G+kcC0QP4MG75jDnrv/w597AukVscp3LqLtGce6Bxfyutvv0wybYfdo6ujXvjnuXg+9/xIb/N+mE9+NTUugwfDiflp16WXeUxUSNsyiUMSUMLHFJeL1uo2OIiIiIiIiISAuiJfwNFGWK4rz251G8szhMM77P795+H7iRPx9zvRcdouHQzhe5p/B9HrlhDqMumcUj6ybU3h/wyA1z2LftJrD/hzmdW3PCkv8IdXWvq/nV5b/C8dvfUrF69Unv6fPkk3y99dRFtQ4xgN+Pr/JMPboS6cytemAyRQM6REpEREREREREwkMdqA3lh5SEFKNTAH9nwms3cU9hoFi6sfrQibf0Ptx9+gjXd4bi5S9S7DqXIfYbw5z17EwcOpFfXvwzlo4Zc8riaf/nn6f8oI9dVaceJ7GNBZ/7YIhSSjhZW/fGh8XoGCIiIiIiIiLSgqiA2kA+v59e7XsZHQN6/5n/3DWH/9QWQ0+2H2pT3Pv0n9f/k8vjU1hx6+2nvOfc++7D0rkri8u9px2rc7wFX8XaYEcUA1jibfh9p96qQUREREREREQk2FRAbSC/z0eX+C5Gx4B1v+OeTVtp3flB5tw1h1FttzL/7aOKpb2P3vv073y4EwZc8iADoreyuDAyS6qv3f4arUt+ZE3W+FPeY27dmq533skHGz1nHK91NLj2NMHNX+UEllaJ+FRAFREREREREZEw0h6ojeDyuUhsnciOQzvCOOv7x+xtCsDiCdx0qvrgut9xz7qjni68J2I7URNbJ/LcT55ja/5L/PjGm6e996K8PFaU1+8wIavZxIGdnwQjohjJEgemaODMRXMRERERERERkWBRAbURvF4vye2Sw1xAbZ5u7nMz9190P6sfeojqsrLT3tvnySc54LGwef+ZOxET4834/V7wnGRvWGlSLK164PdWo68tEREREREREQknVSIaIdYSS88OPVm0bZHRUZq0SamTuLTTRSy78cyHWp0zejSt+qTw2Yb6dZ92bWPCW7OrsRElAljikvH59ZUlIiIiIiIiIuGlakQj+Hw++pzTx+gYTdoLY16g9QE3K26/s17393z0UT4qqan3+J1aWfDuXdHQeBJBojuPxo8FOP2hYSIiIiIiIiIiwaRDpBrB7/OR3D7Z6BhN1ht3vIF1xTrW/uyX9br/opdfpmS3m+qz2AIzLsqEa8/CBiaUSBLVtj9er4qnIiIiIiIiIhJeKqA2gt/vx4yZWGus0VGalAs6XMCcu+ZQ/sK/2fyXp+r1TK8nnsAVE0/xrvqfwG4GTCZw7/qigUklUljizgO/3+gYIiIiIiIiItICaQl/I1lNFoZ0H8IXpSrS1cc9/e9hXN+xrMjIwLNnT72eie/Thw6pI3hvveus5kpub8bnrf9yf4lcUe0vxue3APUvoIuIiIiIiIiIBIM6UBspxhzDlT2uNDpGkzB15FRu7zWGZTfdVO/iKUCfJ5/km231OzTqaJ3jzPiqt5z1cxJ5ojuNxOs3GR1DRERERERERFogFVAbyev1MjhxsNExIt7/3fhvbNVt+X7sXWf1XP/nnqP8kA9n5dkv3+7QyoR77/Kzfk4ij6VNCj7tfyoiIiIiIiIiBlABNQiqPdX07dTX6BgR660738K78DvW/eqRs3que3o65s5dWVzesGXbMRYTrl1fNuhZiRyW1r3x+86+A1lEREREREREJBhUQA2CGFM0w3oMMzpGxLmk6yXMuWsOZTNmsuV//vesnjXHxpI4bhzzNjWs67B1dOAAKe/B1Q16XiJHVPvB+PzarllEREREREREjKGqRBD4fX6G9RjGv777l9FRIsb4i8dz4wVjWHrLLeDxnPXzFxW8zMryhncdntvGgtdd0eDnJXJEd0rFp7OjRERERERERMQgKqAGgd/vJz46ns7xndlZsdPoOIZ7avRT9IzuyvKbbm7Q8xf+5S8c8FnYuL/hVbPO8Ra8h35o8PMSOSytzsXjVgVVRERERERERIyhJfzB4oNLEy81OoXh8m9+icTdforv+WmDnu84ahTxKX35YmvjCmZtYsC9b2mjxhDjRXUcih+L0TFEREREREREpAVTATVILH4zV513ldExDGM1W3ln7DtUffol67OfaPA4vR57jE82N/7AoCizCdfO+Y0eR4wV2/0OPD41youIiIiIiIiIcVSZCBKfz8eF51yICRN+/EbHCavUpFSeGPYE6/77vzmwfHmDx7no5Zcp2e2m+uy3TD1G5zgTfr8Pv8vZuIHEWKYorO0GUVPtMjqJiIiIiIiIiLRgKqAG0aGaQ1zW7TKWbF9idJSwefiyhxmdnMbSMWMaNU7Pxx/HHRtPcWnj97pMbGPG69rT6HHEWDFdrsXrbXw3soiIiIiIiIhIY2gJfxDFmmPo37m/0THC5n+u/R9SO1zC8ltubdQ48RdeSMeRI/kkCMVTgHNaWfAeKA7KWGKc2O534POajI4hIiIiIiIiIi2cCqhB5PV6uaXPLUbHCIv/3PoKHbYcYHVGZqPH6vPUUyzcGrxOw9bR4N6zKGjjSfiZY7piie2CzxecorqIiIiIiIiISEOpgBpkh2oOMeaCxi1nj2QdYzvy7rh32f/uXEom/b7R4/V/9lnKK3zsrAzevrFmkwnXzk+CNp6EX2zijXi8+noSEREREREREeOpQhFkUX4rd/S9w+gYIXGd7Trybsljbfbj7Ch4pdHjdUtPx9K1G4t3BK/LMKmtGZ9P+2Y2dTFdf4LXq+5TERERERERETGeDpEKMr/fjxULg7oOYkX5CqPjBM3jwx5nWNfLG31Y1GHm2Fi6jRvHuz/UBGW8w7rEm/FVbQ3qmBJe1jb98Jus+P3B60oWEREREREREWkodaCGQKw5tll1oT5z/TNcGnMBK24L3me6qKCAlT8Gv1O0Y5wZz/7mU7huiWK73YrXF2V0DBERERERERERQAXUkPD5fFzQ4QI6x3c2OkqjvX7767T6YRtrxj8YtDF7T5vGQZ+VjfuCv0Q71mLCtevLoI8r4RPVfjBer9foGCIiIiIiIiIigAqoIWP2mbjlwluMjtFgPdr24L273sOZ/wqb//CnoI3bMS2N1v368/nW4BdPW1nBZALP/uVBH1vCo1VSFl5TK6NjiIiIiIiIiIjUUQE1RPw+PzdccIPRMRrkjpQ7+Of1/2TVz37OznfeDerYvbKz+XRzaA556tHWjM9bFZKxJTxaJd2Dx6PDo0REREREREQkcqiAGkKVrkqutV1rdIyz8l8j/ou7et/BshtvpGb79qCOfVFBASW73VR5gjpsnYR4C96KktAMLiEXe+44vJ4Q/XCIiIiIiIiIiDSQCqghFOW3cmffO42OUW8vjnmBFF8XVt45Nuhj98zOxh3bmuJdoesubBdjwr3n25CNL6HVKjkTt8dvdAwRERERERERkWOogBpCfr+fWGss/RL6GR3ljN688w3My9ay9hcTgj52XO/edLzqKj4pC+3S7GiLCdeuopDOIaER0/VGfF4t3RcRERERERGRyKMCaojFEsPoXqONjnFKfTv1Zc5dc9g+6wVK//q3kMyR8te/snBbaPY9PaxjLPj9PnxVW0I6j4RGq/PG4/Hq60hEREREREREIo/V6ADNnc/nY3DiYPp26suaXWuMjnOMnw78KXem3MF3d9+N9+DBkMzR/9lnKa/wsbMitEuzu7ex4PMcCOkcEhrRnUfj95vx+7V8X0REREREREQij1q+wqAVsTwy9BGjYxzjj2l/5Jbk61l2400hK552u/dezF0SWbwj9EuzE+IteA+sDvk8EnxxPX+OxxdldAwRERERERERkZNSATUM/H4/cZZWjO4ZGUv5827Oo2dFPCvH3R2yOUzR0XS7+27mbfKGbI6jxUeBe8/isMwlwRN1znD8phh1n4qIiIiIiIhIxFIBNUxiiOGXl/3S6Bi8fedbuL5czLpfPxrSeQa98grFP4Z239OjWcwmanZ+HLb5JDhaJWfi8ar7VEREREREREQilwqoYVTjqiFrUJYhc1/W7TLm3DWHzU/9la3/eCakc/X+85855LNSsi88p6p3b2PG7/eCzxWW+SQ4YruPA2tndZ+KiIiIiIiISETTIVJhZPVbuO7863hv7Xvsqd4Ttnl/dsnPuMF2HUvHjAn5XB1HjqR1/wHM2RC+7tOu8WZ81T+GbT4JAksccT3HU13tMTqJiIiIiIiIiMhpqQM1zExeE78e8uuwzfe3q//G6C5XsvzmW8IyX68nnuCzzeErngKcE2fGvf/7sM4pjdOmz3/hdoenQ1lEREREREREpDFUQA03n5/zO5xPv4R+IZ+q4JYCOu90sere9JDPBXBRfgEbd7upDHNTYawV3Lu/Cu+k0mDW9oOxtE7B61UBVUREREREREQinwqoBoghmkeGPBKy8eOscbw77l0qPpzPhif+X8jmOVrPxx7DHdealbvCWxSLNoPZZMK955uwzisN16bPf+H2xRgdQ0RERERERESkXlRANYDf7yfeEsc1va4J+thXJV/Fa3e8xvrf/Z7t//6/oI9/Mq1sNjra7XxSGv6Owh5tzfi8NWGfVxqmVXIWXr9FB0eJiIiIiIiISJOhQ6QMEkUUd6TczicbPwnamL8e8mvSzh0RlsOijtZ35kwWbQvvvqeHdWljxVe13pC55eyYojoQ230sNS4VT0VERERERESk6VAHqoHaRLXhv0f8d1DG+vu1f2dY24v47tbbgjJeffWfNYsfK3z8WGFMUax9DLj3LjNkbjk7bVKm4PYanUJERERERERE5OyogGogi9/C+e1tXH/+9Y0a57XbXqVd6V7W3JcVpGT10+3uu7EkdmPRDuMOA4oyQ43zc8Pml/qxtr8UYrrj86r7VERERERERESaFhVQDRZriiXjogy6tu561s92juvMe+PeZc/st9n4++B0stab1Uq3e+/lg43GtRS2iw78p69inWEZpB7MsbTtPx2PP87oJCIiIiIiIiIiZ00F1Ahg9Vp4avRTZ/XMDRfcwL9u+hdrHnmU8tdeD1GyU7v41dco/tGYfU8P697Wgs9z0NAMcmbtLnmeGpexPysiIiIiIiIiIg2lAmoE8Pv9RBHF41c8Xq/7f3vlb3lgQCZLx4yhauPGEKc7Ue8//YlDfgsl+4xbug+QEG/Bd+gHQzPI6cWd/yh+U3v8xv6oiLl7a5wAAAjTSURBVIiIiIiIiIg0mAqoEcLiN3NRl4sYmTzytPc9e8OzDIo6jxW33RGmZMfqOHIkrQcOpGiL8RWxNtHg2rPE6BhyClEdhxHVcSQef5TRUUREREREREREGkwF1AgS44/m4csepm1M25O+P/v22USvKcXxwM/DnOyIXk88wWebImM5ttVsombnp0bHkJMwWeJpkzIZty/G6CgiIiIiIiIiIo2iAmqk8fiZcfWMYy716tCLOXfN4cfcfEr/NM2gYDAwP5+Ne9xUegyLUKdLvAm/3wee/UZHkZNoe/Hz1LiMO2BMRERERERERCRYVECNMH6/n3hLHBMumwDAuH7jePqamay8/36cc+YYluu8Rx/FG9eGlU7jl+4DJLY2463ZZXQMOYm4Cx7HZ2qN3290EhERERERERGRxrMaHUBOZMXKsO7DaBvdlkvPGciyG28yNE+rXr04Z9Qo3lvnMjTH0TrFWfDuW2l0DDlOdKcRWDteiccbbXQUEREREREREZGgUAdqhIr2RzGky2BWZ95vdBT6zpzJ4m0RsG7/KHFR4Nr9jdEx5GiWNrQ672d4vNr3VERERERERESaDxVQI5jb62PQK68YmqHfM8+ws8pPeUVkLN2HwA+t2WTCvavI6ChylI7D5uCmo9ExRERERERERESCSgXUCOfyeBiYm2vI3InjxmHt1p2F2yOneAqQ1M6Mzxc52wkIdBg2j+qqKqNjiIiIiIiIiIgEnQqoEc4P+OPi6PPXv4Z3YrOZ7unpfLAx8k5S7xxvxle1zegYUqv95a/jcuvEKBERERERERFpnlRAbQL8ZjPW7t2x/fa3YZvz4tdfZ9VOd9jmOxsdW5nx7FtudAwB2l78Ah5/PH6/yegoIiIiIiIiIiIhoQJqUxEVRasBA0i8886QT3XBH/9IhT+KDXsja+n+YbFWEy7nF0bHaPHa9P8rfmtXfH59jYiIiIiIiIhI86XKR1MS8//bu5fQuKo4juO/uffOnfdk2mn6TDWxJqVVk7YWX62iEtFNcSMUhFJciI+NK7WVCiJuipu6EDdCKYKguFBBRNC6EJSiiLboRpT6qJimWmvTZGbuPee68IFSRG0zc+6d+X42WWTmnh9zJ1n8+J97Clq2Y4fW7N7dtSWWbN+u+tQmHf42fVv3JamS/+1nfPaY2yADrrL+Mak0LpMErqMAAAAAAAB0FQVqxiSlkprT010rUdc9+qjeOZ7eA5pG6r5MfM51jIFWHntAXn2rTBK6jgIAAAAAANB1jI9lkC0W1ZyeliSdOHRo0a47eeiQjp+ONJfOR59KkpZXfNm5L1zHGFiV8Uek6lUySdF1FAAAAAAAgJ5gAjWjbLGo5m23ac099yzK9UYfekimUtcns+k+Tb0eStHPH7mOMZAq4w/Lb1yjxG+6jgIAAAAAANAzFKgZZgsFDd1wgy5//PGLuk5pdFTN6Wm99XU6D436q7yfU+fk265jDJzalU8rV79WcVJ2HQUAAAAAAKCnKFAzzms0VN64URNPPXXB19hw4ICOnIgXMVV3LCtJUiLbnnEdZaAMXX1QSXFcNkd5CgAAAAAABg8Fah+wQaDixISueO65//3eK559VrMLiX44l/7p09U1X6Zz2nWMgdK47lUZb1hWHBgFAAAAAAAGEwVqn7C5nLzhYW1+6SXJ+2+3ddXOnQpWj+iD79NfnkrScMVX/Msx1zEGQi5saumN76pjQtmEfxMAAAAAAGBw0Yz0kSRJFHmetr72msKVK//19Wt27dIbX6V/6/4fyoEU/XTEdYy+51fXq7H1BbUWFqR0nykGAAAAAADQdRSofajVamnD/v0avuOOf3zN5pdf1mcnox6muni+l1Nn5k3XMfpaOHyLalfuV7vjOgkAAAAAAEA6UKD2KVMua/Xu3Vq3d+95vxt/8kmdU6gvTmdj674kra15Smx2pmWzqLrhCRVGH1Qn5nmnAAAAAAAAf6BA7WMmCFTZskWTBw/KK5UkSY1t21Sb2qTD3xrH6f6fFVVPpvW96xh9yS+PqnH961J1i0xScR0HAAAAAAAgVShQ+5yVlNRq2vTii6pv3qzL9+zR4W+ytXVfkpolT/GZT13H6DvFkZ2qTz6jThTIJoHrOAAAAAAAAKlDYzIAkiRRJ461bt8+/ThvNZfB51sWA+nsqfdcx+gr9ckDUvESteO86ygAAAAAAACpxQTqAImsVS202jFe0IpKdm59MZByuZzinz90HaUvBENTWrL9bdnCuGJbdB0HAAAAAAAg1ZhAHTA2jmXjWFevLOjHlq8jJ9K/nX+k5smalusYfaE89oDCFber3epIyrmOAwAAAAAAkHrZGUPEorJRW8vCWHdOhFpTS/fXYEU1kDn3pesYmRYMTWloy/Pyl92uThy6jgMAAAAAAJAZTKAOMGOMjDGaWl7QWMPX+99FsonrVOerh4miUx+7jpFJuaCqysQe+dUJxUlVSQrvLwAAAAAAQJqle/QQPWGjtupBrB3jBY02fNdxzlMIPHVmD7uOkTnFtbvUuOYVqTKpyFKeAgAAAAAAXAgmUCFJssaobRa0sRlqVTWvz2djnWm7b9yWFKUkSWTnj7uOkhn5pdepun6vTJyo3bHizxwAAAAAAODC0azgb2zU0ZLA07aRvM50pKMzsc523BWpq6u+bPSLs/WzxCssV2X9PnmlUbXjvBg5BQAAAAAAuHgUqDiPtVaybQ0Fvm66JK+fWomOzcSai3pfyC2v+jJnP+v5upniFVUauVvFkbsUxTlFJpFEeQoAAAAAALAYKFDxj6wxkjFamvd186WBTi1IR09Gmo96l6Gal1qnP+rdghnihcMqjd2rwvCtiqL49+36FKcAAAAAAACLiQIV/8r8XqQ2Q1+3joaanU90dCbSQtz9tX0vp/bMW91fKEP8yjqVx+5TfmhSkcmp1eq4jgQAAAAAANC3KFDxn/21SJ2+rKAf5oyOzcRqme6st6rqKbFGsvPdWSBjgqFNKo/dL6+0VsYGarW79MEDAAAAAADgT78CfZMo7NMnSSYAAAAASUVORK5CYII=" height="600" width="800" />
<img src="data:image/png;base64,iVBORw0KGgoAAAANSUhEUgAABVAAAAJcCAYAAAAfG4+9AAAAAXNSR0IArs4c6QAAIABJREFUeJzs3XecVdW5//HP2nufMmd6Y2aYQhk6SLWgCAj2qNGosQfFkptrbmKuJDfRJJabq6ZZEn+5iTE3GNTYxYKJGAUVVBRpIgxIEYY6c6aX03ZZvz/OmYGBGQYTpSTP2xeRmb332muf2f6R7zzrWUprrRFCCCGEEEIIIYQQQoh/MbNmzer1HOMQzEMIIYQQQgghhBBCCCGOShKgCiGEEEIIIYQQQgghRA8kQBVCCCGEEEIIIYQQQogeSIAqhBBCCCGEEEIIIYQQPZAAVQghhBBCCCGEEEIIIXogAaoQQgghhBBCCCGEEEL0QAJUIYQQQgghhBBCCCGE6IEEqEIIIYQQQgghhBBCCNEDCVCFEEIIIYQQQgghhBCiBxKgCiGEEEIIIYQQQgghRA8kQBVCCCGEEEIIIYQQQogeSIAqhBBCCCGEEEIIIYQQPZAAVQghhBBCCCGEEEIIIXpgHe4JfF4aY01Ut+5gS/NWtrftZGf7LhpijcTcGJ72QKdOVOBpzaSS4/n66JkYSjJkIYQQQgghhBBCCCFE947qADXhJlhdV8WiHe+wum4tjfFGXJJhqUKhlAJAKVBaJTNUBbZnM6HPOAlPhRBCCCGEEEIIIYQQB3TUBqhVDRt4ct0zrKxfDRoMFMowsDCBZJWp67nkBnLw0LTbbSilcDyHsQWjGVc0+jA/gRBCCCGEEEIIIYQQ4kh3VAao6xs28uN3/wfbS2AaFkppdKrq1NMejueQH8znlNKTSXgJ3tm1JFl9qjUecNWwS7GMo/LRhRBCCCGEEEIIIYQQh9BRlyK2xFv42Yf34XgJLMNEJ5NTtNLYnkOWL4NLBl/IsLwhLN75HvO3vo6HxlCKhJtgWulUhuRWHu7HEEIIIYQQQgghhBBCHAWOugD15c2vsitSS8gMdn7P9hwsZXHhwPP4cuWXaIw18sCK31Ldug3LsFKVqRqf6WfGiEs7e6MKIYQQQgghhBBCCCHEgRxVAWpTrJlXtrxGwPCjAa01rnaZWHw8lw+9mIqsMl799HUeXvMIAD7DQgNKKRJOnBnDrqAgVHBYn0EIIYQQQgghhBBCCHH0OKoC1I1Nm2lOtBA0/NjaIS+Qy/Ujr2ZS6QnE3Ti/WfF7Xt++EFNZGBhoNEqB4zn0y6rg3MqzDvcjCCGEEEIIIYQQQgghjiJHVYD6SeMGtPZwtMsppZP52vDLKAzlUxdt4Ocf/op1jeuwlA+l2NMbVWs0mm+N+QYhX9rhfgQhhBBCCCGEEEIIIcRR5KgJUD3t8VH9Wkxl8s3RX+e0flMxlEFNey0/+/ABNjRtwm/60BrQyWsUEHFi3HjM9QzLH3w4py+EEEIIIYQQQgghhDgKHTUBatSJ4jd83DHxViYUjQEgHKnnjiU/ZUfbTvyGD0j2O+1IUaNOnAsrv8yXKs84jDMXQgghhBBCCCGEEEIcrY6aANVQBt8a+28UpjaBsl2bX634LdvadiQ3lVIatO7cWMpQBpcNvogrhn8VU5mHefZCCCGEEEIIIYQQQoij0VEToKZZaaRZyR6mWmv+vO5ZltYuI2ClEcNBaYXf9FOaXsLxfcZxYsnxDM7pf5hnLYQQQgghhBBCCCGEOJodNQHq3jY3V7Ow5gNOLJtC/7QC+qeX0Ce9iML0IgpCBShlHO4pCiGEEEIIIYQQQggh/gkclQFqeUYxf5j6U5Tr4LXXYUWb0Qkb7daC66CDOSh/6HBPUwghhBBCCCGEEEIIcZQ7cgJU7aHjbWBHIZCB8qVBD5WkvubteGtewVu/AKdxOzGtk5tHGSba9GPmlWGUjcWqnIxZcgwqkHmIH0YIIYQQQgghhBBCCPHPQGmt9eGcgG4PY29ahLtpEW7dZkhEIZiFmVuOWTIcs/+JmIVDwArsuSbWjNe8A91ai9dYjbtjFe7uKrzWMHSEqQAojMJB+MdegDXiHJQ//fA8pBBCCCGEEEIIIYQQ4ogza9asXs85fAGq55D4+CUS7z2C17QDDCPZu1QZaM9D4aE1KMPE7DsK37ivYA0+FWUFux1Ot9fjhjfgbHgTe91rEG0Fw0ADSmvMviMJTP53zIrjD+1zCiGEEEIIIYQQQgghjkhHbICq4y3E33wAe+WLYJjJPwCeB9rdc54yUIDWGgWY/SYQmHIjZsnoA47vNW0nsfpF7A8eR7s2yrTQrgNKEZx+E/5xl4Jx5HQvEEIIIYQQQgghhBBCHHpHZICq7QjRF76Ls/l9lOUHVDI01WCUjsQsn4CRnod2HXTzDrzwRtyaT5JL+7UHpo/ghb/EN/DkXu/lhtcTm38X3s61YPpAa7RrEzjhKgJTvw3K/OIfWAghhBBCCCGEEEIIcUQ68gJU7RH92z3Yy59D+VI9TT0HIz2fwKk3Y1ZO2X+JvmvjNW/H2bCQxMq56MYdYFqkffVXWP1P7P2WsWZif/spTtXrYFpoACdB8Mzv4x97yef+iEIIIYQQQgghhBBCiKPDwQSo3W9z/wWxP34RZ9mze4WnLio9PxmGDj2j+/6mpg8jbwD+E64l/ao/4j/ha2jPJfriD9DRpl7vqYLZBM+6DWvYdHBsFKBMH/H5P8Wt3/z5PqAQQgghhBBCCCGEEOKfyiELUL2WXcQW/hosf/IbGtAeaef/FKNw6EGNodILCUz7T0IX/RIdaSTx0QsHd50vjeAZP0QVDQbXBWWAUsQX3Aee85mfJR6PE4lG8TzvgOdprYnFYrRHIsTj8c98n94kEgnaIxFisX98bNu2iUQiRCJREokEjuP0+HwHW7TsuC7RaJRIJEIikfiH53g4eNqjJhIm6sT+7jESrk1tpA7vMO3XJoQQQgghhBBCCCH+fodsJyV7+ZMQbQYrVX3qxPCddC1m6djPPJY1aBqhSx4k9uaD+MdfivKl9XqNCmYRPONWoo/NBDww/Tib38XZvQar75gu59bU1LLk/ffJzc3B9TwmT5qEZVm0tLTw3Ny5zJ8/n5bWNh584AEqKwfud68dO3eyaNFi3nrrbT7dsoVYLEp+Xh6jjjmGKVMmc/JJJxEIBA4438amJt57bwkZGRk0NTVx8qSTyMvLQ2vNylUf8eqrr7L6449pamoiFEqjcmAlU6dOZdopU0lL6/3zAGiPRFi+YiULFyxgxcqVtLe3g1KYhkFubg6FhX1ID4UIBoOEQiGaW1uoqw3zrW99ixHDh3U7pm07rFy1kjffeoslS96noaEBrTWZmZmMGD6cU089leOOO5bcnJxur/+kcRMf7P6QDCud+lgj4/qMYXzRgTcNA/hg93I2NW4mYAaoizdwdr9TKc8qY9nuFawIr8bVDrn+HKJujHY7QkuiDReHkBWiKNSHobmDGZE/lLR9qqDbEm18a+H3OK5oPLMm/AeG+my/c9Bo/u/jR1m0413un3o3Rel9PtP1QgghhBBCCCGEEOLwOiQBqm6vI7F6XnIjJwCtIZCOf9zf34PUqpxKWigvOdbBXlM8HLPfBNyty8G0UEphf/TSfgHqx2vX8N3vfhcNTJx4AtOmTmXX7t1848Zvsubj1ZiGiTIM/PuEoG1tbTzyp0f5f7/5f/h8PkaNGkVFRTmJeJzly5ezbNkynnzySaZMmcKdd9xB35LiHucajUa59Yc/JBKJYJomL7/0IsFgkJ/+/Oc88cQTKBSWz0J7mngiwapVq3j++ec5YeJEfnrP3ZSVlh7ws1iztorbb7+dDz/8kP4DBnD9ddcxfvw4TMPko9WrmT17Nu+++y6ZmVl89atfxXFc6sJ1NDU3E493X425/pNPuO+BB3jj9dcxTYvLL7+ciRMnkhEKsXHzJubOncsTTz7JsOHDuOO22zjpxP172MbtGI+vfwafYaG1ZmBOvwM+R4fa9jBz1j2BL/WOnVh8HOXAyvDHPLfpRdLMNDw8rhxyCeWZ5SS8OJuaPmXB9reJuzEs5aN/ZgWzJnyL8qw9n11tpI64F+ftHe9y/sCzGZI3+KDm02FHy07mbfkrljKJO0dnFa4QQgghhBBCCCHEv7JDEqA6NVXo9gaUL1Xd59pYI8/GyPzHqvHMkmM+2wWGhTVkOu7WDzu/dje/g441o4LZnaelh9Lx+XzYts2gQYOIRKL8xzf/g1UrVpCbn4eTsIkn4qSHQp3XRKJRvv6Nf2fZsmX89J57mHzyyeTk5mCZJo7rUlNTy/0PPMBLL73EwoULaGlu5tE5f8Lv93c71fRQOoWFhVRXV5OVlYXf5+c7N3+XT9av456772bUqFHk5eZR31DPwoVv8pv//V+09ljy3nt869s38cTjjxEMdtNTFlhbtY5LL7uU1pZWLr30Um6/7cekp6d3Hh86dAhnnnE6//X9W/jbG3+jva2d79/5XQKBQI/L+pctX8E1115LW2sLQ4cO48Ff/5rBgyo7j5988iSuuOwynnn2OX70ox9x9TUzeeh3v2X6tGldxnGVJmD4MQ0DrTWm8h34Z5rit/z4TT+mMlEo/Gbyc7UMC7/hR+OR5cvgvMqzCO5VZXp+5Tn8Ytmv2dpazebWT7lr6S+5f8rdpKWqmhvjzcmWBQrmbnyF7x337YOuQvW0x6PrnkKh0EBLovWgrhNCCCGEEEIIIYQQR45D0gPV3boUtVfopNFYAycB6lDcvgsjfwC6477KwGurw2vd3eWcgvx8HM8FID0tnd//4WF219byx9mzeeH553n22We44447se09FYWtLa20NLfwyssv85ULzqegIB/LNAGwTJPSviXc9ZP/5pRTTsE0TT788ENemvdKj/O0LJO0YAClFJZp8sMf/5iA38fLL73IxRddxLChQ+nTp5Dhw4Zx479/g/vuvRetIZiWxooVK3hjwZvdjhuNRvnu975HPB6noLCQH3z/v7qEpx2ysrK4639+QnZ2Nn9+4nEe/sMfkp+fYWAYXV+bhoYGbvzmN4lHo+Tl5fPQ737XJTzt4Pf7ueLyy/jSOefguS7fuPFGtmzd2uWcTCsdpRRag4cm15/V42e0t6DhT71OGqUUGb5UuG0olDJQKJRhEXO7VoGWZfblG8dci9YePuVnR/tOVtet7Ty+u313MpA1LN7d/T6bmz49qPkArK1bxzu73sdvJMPc2mj4oK8VQgghhBBCCCGEEEeGQxOg7loLxp5iV2VYGDl9D8Wt96dMlLlXVaMGL7ypyynNLc1YpkkgEGDui3N59dVXefaZp5l+ylT6VVQwdMgQrrjsUoqKijqvSUsLct99v2RQN8Fhh0AgwI3//g0c18PyWcydOxfbtrs917IsTJ8fpRQNjY2sWbuWe+6+i8zMzG7PP/OM07nqqquIRqMEAn6ee+4ZHGf/DbI+XrOWdVVVgOLLX/4yeXl5Pc43Pz+PU6efit8f4Le//R27a2r2O0drza8f/A3hcC2u53HTt79Nv4ryHsdUSnHD9ddjWiau4/Cb3/xvl02pHO0AChQYyiCuu/989hWy0pLdHJQCpbB1MgDPtNLR2sPVmoDhw2/sX3TdN6OYdF8GHh4GBltbqzuPtcRb8fBAKzSap9Y/j6cPvHkYgOM5PLruKQylOnJdGmNNB/UsQgghhBBCCCGEEOLIcUgCVN1eB50VqDpZARrsfhOhL34yXjJkIxnaKcPAa+haBalJhncoRW04zPe++z1KinvuVwrJis0hg3vvj1laWkpuTg5KGWzbto1YPN7teaZpkh4K4Xke8Xicb//Hf5CRkXHAsS+5+OLOa9dWraM9EtnvnKVLl6YqSDVjxozZ7/i+hg4ZgmEYxOIxlq9Ysd/xXbt38+RTTxIMppEeCnHGGaf3Omb//v0oLi7G5/Pz6qvzaWho7DxmGtael1JD0DzwZlsdIl4CnzJTy/4NQmZymX6uPxtHuxhKYSmD7qqeXc9NvhIkq17zArmdx2qjdaBTVdPK4oPa5Wxu2tLrfD7cvYKPG9ZiKRNU8vqmRMtBPYsQQgghhBBCCCGEOHIckgA1WRrYUWWYSqqijT2d/cVSBjg2ewdpOt41aPT5/Gg0ruNQWlrK8ccd97ndPuD3k5+fj9YejuMQP0CAmhYI4LoulmkyZnTvO9Hn5eeRm5uL9iASaaetrW2/cz7dsgXLZwGKzIz9l+7vKyMzs3Ojrh3bd+53fNGixdi2jeu6HHvsBAoLCnofMz2dyoGVaK2JxWOsXbtnyXyaGUy+KVqj0Z1BaG/SzCAeHlprFIpAqgdquxvBUiaGUni6o8K1q9pImNZE8rMKGD7G9xkLQNxNsKt9N6ZhkoxAk/88tu5p3FSFa3eidpQ/VT2BpSxMlax4VUoRjoTRHPymZ0IIIYQQQgghhBDi8Ds0Aaoyu37t2Xith6cfpI42ofdegu15YHbdqKijd6njuowcMYLQXptF/aM8rYlGI533sazu9/HSOtnLUylFIBgkP7/npfZ7zzs/Ly8V80Estn84m5+fj+smg0bP7X0pelNTI8pQyT6g/q6fk+d5fLB0KaZp4jgOJ5wwEdM0exhpr3laVjLo1RrHsWndK+j1pd4VDV02g+pNhi+tc7MnRbKSFaAl0YZlWKljBtY+S/hbE208tu4pNBrHc7huxAxy05LV0a7nUBetB+Cc/mcRNANYymRpzTI2NHRt+7C393YuZVPLpwzOqeSCynNxPBeFoi5aT8I9uJYEQgghhBBCCCGEEOLI0H169zlTGfl4TdtRnUGqwt36Ab7BpxyK23fhhTem9kRP1cQaBvtuqm6aJujkSv/09HRM8x/LmbXWNDU3s3HjJh7/8+PU1oYxlIFhGvh93e8yr5SiubUVv9+PYSiMgwgmPc/DdmwMI7lpUiCw//L3YyeM56Hf/Q7TMtm6bVuvY27csKmzt+iQIUO6HEskEmzevBnDMDBNkzcWLKClpZWGhnoys7IJBHwEA0E87RGLxonFY0SjUfoUFvLhsmWYpkl7e4K21r0qZVNr6VXqf57Z8AJ90gowDYtWpw1DmQTNIAYGUS+G69mEzDR2RWpQyugSogIYqfE6fuIJN0HQDNASb2VdwwYerXqCT1u3khvIZsawKzi9/7TOqUTsKM2JFlzP4Uv9T8dv+Hhy43NYhsUf1szhZyffmapO3SNqR5mz7gksZfLVwRcQskI8teE5TGXSkmghakc7q2OFEEIIIYQQQgghxJHvkASoZp/BeNuWA8mwSZkWzrrX0Cf/GyqYfSimkOTauFs/gFToldzcx0PldN30SKlkxKo1GEbvweW+Ghub2LJ1C5s2b+aT9Z/wycYNNNQ3kkjEGNB/AHl5eTTU12P2UoHaUYVqGAbt3SzH35eXuqbjGTK76Zk6fvx48vLyaG5p5o3X3+DqGV/D18McWlpbeevtN1FKUVJSzKhRI7scb49ECIfDycBWKerqwry96G1C6emkh0IEAgHi8TiWaeD3+3EcF8d12LR5M/369aOiohytNSUl+/SXTbWoNVB82rqVmlgYAxO/6cdnWLieR0LboD209kiz0miKN++5dr+xdKoCNMyP3v0fsn0Z1ETraIg1MKZgNKdWTOOEkgmUZpR0uTQcrcPBxW8GyPCnc/aA03l641xMw2Rd4yd8FP6YcUVd+8jO2/wquyI1jC04hmOLxrG5eQtGalJNdutBbUAlhBBCCCGEEEIIIY4chyZALRmFrZ/a8w1l4LWGsT9ZiH/0BYdiCgC4zTtwd66BvZdxaxejeHiX85J9NFN/9w4+8NqxcydPP/MMTz/9NI2NTQwaNIjTTz+dGVd9jfLyMkpLS4lFo1xx1ddoaKjHsnxEIhH8/t4rEpXaf/Oj/c6BVOWswu/3E4vHyCaryzl5ubnceeed3PSdm/hw2YfMm/cKX7ng/P3G8rTm979/mLr6ekzD5LbbbtsvkPVZFolUD9dIJMLtP76Nk0+e1GWuhmF0CYM7Al6g8+/JTa32ktq0CRTfGXsjA3P69/rsa8JV3Pref7NfgqpBp0LUnGAeoFhVvwZLWVimxWVDLmRofvebfzXGmnBcm/xQHoZhUBDI57Tyqbyx/W1MZfLHtY9xX8EIfKkWEI3RRp7e+AJKwdXDL8c0TDJ9maAUCrDdBC2JVvLScru9nxBCCCGEEEIIIYQ48hyaALXvMeALgufuWaJtBYm/+QBW5SSM9MJDMQ3sj18GNwFWkGSypiGYjbFPoOV5XnIZuEoGiQdjzdq1zLz2Wmpqaqno14//+78/cOz48fsto29paaG9vR2AQCCA2jc8TFFKdW7edLBM08Sf2njK5/P1GLp+6eyzaGy8gwceuJ9bf3grLa0tnHH66eTm5KC1pjYc5o9/nM0jjzxCXl4eP/zRDzl12rT9xtGAlWpBYJkmkUi02x6oHb1cO5/roChc7eI3um9xsL9klel+31XJXqoemjQrxA8m3MSDqx5ibcM6HNfhlyse5GeT7uw21NzVvhsPTW4wm4CZ/DlePPgC3trxLhrNpy1beWfHEk6pmAzA8xvn0Zxo5qSiExialwxl/aaPkBkk5sbR2qMh1kj/7IqDfCYhhBBCCCGEEEIIcbgdkk2kjOy+GP1PQHt77YBumBBtJTb/bvQh2FjHbdqG/eGTYPrp6IiJ52KWjsJI77pzvLd31elBhJgtLa3MnHktDQ2N9C3ty+OPPsqkE0/stgepYzs4joPnaQJ+X+eGVfvSWpOekY7jOPvPqQeGYaIA13WxLJNQWvebXxmGwdeuupJf/erXKGVw9913c9XXZnDdDTcw87rr+dqMq3nvvfe4edYsXn7pJS6+8MJug8+0YJCyslJcNxmM79i5vdc59kbvs8Td0U4PZ3blaDf5F9UxTqq6VSerXg0g5kQozujDd8b9O1n+ZGVuTaSG+1b8Brubd3B72y4MFNn+LIxUo9zSzL6c0/9MbM/GUhaPrn+auJugtj3MS5/+BZ/h56phl3T2RlXKINOflXzjFNREaj/bByKEEEIIIYQQQgghDqtDUoGKMgkceymRDW/u9U0Nlh93wyLib/yM4Kn/lQo3P3860Ub8tbvRThxl7lXRqF18w8/s7InaIRlWKkAdVAXqGwveoDZci8/ycfFFF1NRXnbA8z3PxfM8TNPaf/l6ilIKy/Lh2Dau309GN/1M9xVPxLEdG6XANEwsq+f+re9/sJQ7f/ITZs68lssu+Sp+v49wfT1aawry8snNzSEYDB7wfn6/n3HjxrNi+QpQirVV6zuX6v+9bM9NVv+mPnbHPbgANeImn1uTDEztVFhfEMzH9mx8pg8FRJ0YxelF/Pi47/G9d36MpSxWhVfzyNo/c/0xMzqrWF3PZXekBo0mP5jfGaACnN3/NF7ZOh+0pjZSy183/40d7TuJuTHOrDiVytyBneeGfEEyfZnURGpx0bQmeu9lK4QQQgghhBBCCCGOHIekAhXALB2HVTYW9g3ELB/2irnEXv8ZOhH53O+r7Six1+7C3bJ0n/DUg1Au1sCT97umo9pTKfC8AweoWmsWLX6HQCAISlFWWnrA8xN2Asdx8fv9RGPRLj1B951DIpFItTzQhELdV5PuzXUcbNvGMi00mniqP+m+wuE6vjbja7i2zbe+eSPl5WUUFRUxasQIjhk5kpKS4l7D0w5fPu9ctEqGqQsWvEFtbfigrutJuxtN/kUpFIpW5+DeCcdLoDAwAE97RN0YkKxo1SQ/T1OZ+FTydwZD8wdzw8iriXsJ/IaPFza/wuLtSzrHizoxaiNhFAbZ/swu9+qbWcKZ5adiaxe/6WPOuid5Y9tbWMrivIFndwmQfYaPDH8o2dNVaxrjTX//hyOEEEIIIYQQQgghDrlDFqAq00/glG93HxhafuxVLxF94Wa8uo2f2z29ll3EXr4Fe+3rYHbtpakdG//Eq1Hd9L50XCdVh5jaDr4XiUQidb6mpbXlgOf6LB/t7e0opXqsPgVwHIf29nYsy0RraGjsPXjTWqeW0yc7DyQS3bdGmPvCC9i2Q0FhAT7fP1aEPHzYME6bfirxeJy2tjYefeyxz3R9XV1dl3fCb5h42kMByejz4PrAhqxgarl/st9pwks+e12sCZ9holRymX/H9wHOGXgm08umdoao96/4DZsaPwWgIdZIc6IFZUBOMGe/+3258myCRiDV4UGT8BJMK51MZc6ALucZyiDLn4VGYyhFTXsYt6PdgBBCCCGEEEIIIYQ44h2yABXALB2D/8SrwY51c9CHu2UZ7Y9dR+LDx9Ftf3+vSB1vw/74RSJ/vh5n4+Kulaco8ByM/Ar8Yy7qYQCNp5OBVzyR6LFKFJJL7cePG0sikcA0DN5a+GZn39J9xRMJ7r//fhzHwXXdAy7hdxyHWDzWuXN9NNp7JWYsFicWi+N5GsNQZGZ2v+w/Ho9jWRZVVet4ad48wnV1RCIRHMchEokQjUaJx+M9PsfeDMPg9ttvIysrC9M0+cP//R9PPfNMr9dprXnm2ef47UO/71KxGXcSqNQyfM3+PVF70hhrxsQANFqDTyXbFzg6kYpgFQk3gbHXvQxlcP3IGRSl9UFrD1e73LX0l7Ql2km4CRJeAqUVOal+qXsryShmevlUbM/u3Gzsq0Mu6LLUv0NuMBuNRmFQE6096LYEQgghhBBCCCGEEOLwOzQ9UDspAhOvxd26FHfnGpQVYE+FoQbTAidO/I37SCx7Et/o87AGTcPIKUP50g48tOfiNe/A2boE56OXcGvWAypVebpXAKpd0Jq0c3+C8qd3O1R2dg6O62AaJo7d+wZXZ591Nvfd/wCu67J02TJ++9DvueG6a7ssg1+3bj13/vd/M3LkSAYOHMjWrVuorq6mobGRviUl+43puC52woZUmNhTNeneQukhEvE4Wms8T/cY/E6fPo1fP/ggiUSCW2+5lbz8fLKzswn4/WjA7/MRCAYJBAIUFRUxYvhwTjrpRAb079/teCXFxfzh4Yf5xjf+jYaGRm6//Xa2b9/BFZddSsk+z5awbdaureKPs//ICy+8wEO/e6jL8bgbx9MelmGitEebHe31uQEsw8TWDn6V/Hk3JVoopS+i0U9qAAAgAElEQVRxNxWAq2SA6u6zGVd2MIvvH/sdZi36IT7DRzga5ncf/ZFhuYPRWmMqs8eerhcNOo+/VS8g7toc22cc5Vnd974NmAEMDJRSNMQaiDhRAtb+G4wJIYQQQgghhBBCiCPPIQ5QQfnTSbvgF0QevxbdUpsMTbucoMDyo1triS/6PYl3ZmP0GYRZPAKjsBIjuwSsYLKXqmmiW2twG6pxd63B210F8XZAgdHNo2mN9jyCZ92CWXJMj3PctWsXruMQt2PYiURqw6eeN2QqKSnmFz//OTd95ztorfnVrx7gncWLOWHiCfgsHx+t/ojlK1Yy6z//k8suvYQhzw7h+z/4AQ319Vx/w9eZMnkyF110EYMHVXaOGYvGqKnZ3dnHtK2ttdfPtrGxkYSdwE7YNDU2EolESUvbP3geMXw49993H79+8EG2bdtGOBympqYmufwfME2DZOaoMJRCGQaBQIDLL7+Mm779bULdjDl+3Fiefuppfv7LX/D662/w4K9/zZw//YnJU6YwcMAAQunpNDc1sfTDpaxe/TH9+/fnT4/8iSmTu/ag9bSHpz00Jhqw3e77uO737LHmVPWnSrYASGXHBgaOdgkok7hn0xhvIivQtafpkLxBzBx+JbOrHsdv+lm8cwnv7/4Qv+HHw8Pq7l0C+qQXcnrFNF7Y/AqXD76o2+pTgHQrneT2Voq4m6Au2kBuN20BhBBCCCGEEEIIIcSRR+kDrU//ArnNO4g9dSNu0459lth3w/MguQ0PkAz2UArdUU2YqjBUykhtutQNrdGeQ2DqjQROmAn0vFP8hg0bee75ueQX5OO6DjOvvppAoPeKwVUffcSjjz3GkiXv01Bfj2GaZGdnMX3aqcy85moGDkz2x3Rdl3mv/IUPPvgAwzA49tgJTJk8mdzcPf1Yd9fUMGfOoxQUFFJbW8t5553DyBEjDnj/DRs3MveFFynILyBcV8f1180kPy+v23Nb29q47/77eeKJJxgzZixDhg6hpLiE/Lw8mpqaqKmtYcP6DaxYtRLHcTBNk2g0whVXXMmdt9/WY6DsOA4ffbSaeX/5C+8sXszOXbtwHAfLNEkLhZg06STO+dI5nHTixG43xtrRtpua9hp8pg/HcygK9aFvRnGvn/2mpk9pS7ShDAPXdRiQ3Z+cYDafNm2lOdGCYRi4nsvwvCEErf03yIq7CZbXrCRkpeEz/aRbQRKeS7vTzoCsfmQH9l/GD9ASb2VTyxbGFIzsMUCtjYTZ1roDn+nD9VwGZvfvcTwhhBBCCCGEEEIIcejMmjWr13MOW4AK4DVVE3vlDtztq8DyQaqH5YFoukaf+37d/Y2SlZWBad/GP+EK6CHo6vGeWve4jLu7c+vq6gmHa0kLhehTWEh6evetAg6XJe+/zy23/pD8vHzuuON2hgwehN/v3+8827b5ZONGfvrTn/HBB+/j8/mJxWK89OKLjBg+rNf7tLdHaGxqpLm5mbS0NAry88nKkuBQCCGEEEIIIYQQQhwZjvgAFUDHmokv+SP20ieSlaT7Luk/2HHYN0hN7ePuOhiZfQh+6Xasfif84xM+ylWtW8+5553HkCFDePLPj5Odnd3rNS0trVxz7bWsXbsW205w++23M+Oqqw7BbIUQQgghhBBCCCGE+OIcTID62UoxvwAqmE3wlP8k7bLfYJaPBc/prBj9TOPs/YUGXBs8D/+4Cwld+QcJT4F4IsFtt9+GbSeYdfPNBxWeAmRlZXLFFZdj2zamYVJXV/8Fz1QIIYQQQgghhBBCiCPDId9EqidW+XGYF4/C3fQmiVVzcbetSgapykQr1fsSeq1Bp3qiGgbWiDPwj7sYs3TcFz/5o8SmTZtZ/dFqsrKyGDCg/2e6tqK8AtM0cRyHfhUVX9AMhRBCCCGEEEIIIYQ4shwxASqA8qVhDTsba9B03N1rcLZ+gLP5Hbzw5mRlqk5uJKU8F4zkjuvJTaMUWH7MPkMw+x+PNWQ6Zn5lzxtK/YtqaGggYdv4A4GD2hSrCwVojWVZDB4y5ICnep7Hjp07sRMJ0tPTKSoqAiAeTxCuC+O6yQrj7KwscnJy0FpTU1NLIpFAa41GY5omfUtKaG1rw7FtCgoKAGhsasJ1nM6vOyQSCXbt2oXruuTm5pGbu2eX+/b2COFwGNDk5eV19mFtaGjAcRz69OkDQFNTE05q7Lr6eiLtETztoVDk5OaQvVf/1vb2CLW1tRiGoqioiGAwiOM41NTU4rgO6GQ/XH/AT0lxcecvAOLxOOG6Ovr06YPf58O2bWpqaykuKsK2HcJ14eRnoDVpaWn0KSzs8ssD13Wpqa1Fa01JcTGGYdDe3k64ro683NzOZ3Mchx07d1JSXNzZ3zYWi1FXV0/fviUYhpGabw3FxcWdm4K1trbS2tZG35KSLp+v63rU1NQQj8cIBoMUp54pkUiwu6YGrTVo8LRHZkYGubm57K6pwVCq89zW1lYaGhrJz88jEAhQU1uL57ponXxnMjLSKSgooKamhoyMDDIyMgAIh8OkpaXhui4NjY1YloVSCse2CQbTKC4uOuD7KIQQQgghhBBCCPGPOKIC1E5WALNsPGbZePzHX41uq8VrrMZr3omONiXDKTuG4Q+h0rJRuRUYef0wQnlgfcZg8F+Iz+/DMk0SiQRNTc2UlZYe9LXVW6qJxWKMHT+OoYMH9Xiebdv8df5rbNnyKbm5uTQ0NjJ61DGcMnUKjY0NPPPcc+Tm5oKnaWpu5ktnnUVl5UDmvvQilmmSkZGJ53mkBYOcfdaZfLTqIz5csYKvX3ctGRkZLF36Ia2tLVx04YWd90zE47w0bx4tbW2YhklDYwMXnn8+/fr1Y/fu3cx98SUs08Ty+WhtbeUr559PeXkZ773/Pg2NjXztiisAWLlyJXX1DVx80YW8+eZb7Ni1i9ycbBzbIRqP8eUvnUN5RTl1dXU88/xc/D6LRDyB5fNx+aWXAPD0c8+Rk51NMBjA8zzycnIpOqNPZ0BZW1vLs8/P5corLqdPYSHNzS08+9zzXP21q6irq+OlV16hKBXoNjQ0MGb0aCaffDKGkey2EYvFePGll2lrb+P6mTPJzc3lnXffY+VHq5h04olMOukkADZs2MjzL77IOWedxdixYwCoqanh6Wef40tnncnIkSNpbW3lmeef5/prriEjMxOtNX+dP58tW6v5t+uv62zxkEgk+MtfX2Xbju3kZGUTrq9n1IjhnHbqqdQ3NPDUM8/SNxXmep7HwIEDOWbUSJ597nlc1+X6a2eSlZXFm2+9RdX6TzjjtFMpKy3j6WeeJS8vj0DAj207DBwwgJycHP766nx8fj+XX3oJpmny+oIFDB86FL/fz4fLl9Pe3k4iYZObk0NxcRHFxacf9HsshBBCCCGEEEII8VkdmQHqXpQvDZXbDyO33+GeylFvxLBh5OTmUFNTy4oVKxg1csRBXReLx3n08UdRhuKHt9x6wOrVlStXUl1dzYyrriIzM5OamhqeePoZBg+qJBhMQ3uaiy64gIyMDN56exFvL15MSUkxjuNwyuTJDBs2LDmQBmUoQBOLxVi0+B3OPutMlKFQ+2wXVldfz9Zt25lx5RUUFhbywdKlNLe04Lour772NwYOGMC0U6ZiGAbLly/nxZdf5vprZ+KzfF3HUip1T0jYCcaOPoapU6agtebFl1/mvQ/ep7SslL+++irDhgxm8sknk0gkeHX+a9TV11NYUID2PM45+ywKCwuTj6F1Z/i55zYKv8/XccvOClPP04TS0rjk4ovx+Xxs2LCBl1/5C2NGjyYnZ09Frc/nw2f52LlzF1lZWezcuZOAP4Dn6dQ4HqvXrKGkqIgVH61i1KiRyapNkq0wXl+wkMrKys5Qt6ODcGNjI7W1YbKzs1j/yQaOP+5YAFasXMmuXbu4OvUz3bVzFx8sXUo8HkcBpmFw0YVf6fJeRCIRTDNZ5VpfX09aWho1NWECAX+y20Zq77ovn3tOMlBP8TwPv9/Hlm3VrF+/nhEjRuBpjedphg8fztChQ3nnnXfZvnMHl1x0EUbnMwghhBBCCCGEEEJ8MY74AFV8fjIzM/ned/+LWd+9mXvvu4/jjjuWYUOHHvCaaCzGbXfcwbJly/jBD27pDNW6o7Xmk02bGDdmT+DXt29fystKWf/JBo4ZNRJlGDQ2NhKLxQiHw2RlZmJZFgGfj2UrV1G9fXtyWX1hIccdeyyup+lXUcGmzZuprq4mMzOTlqaWLvfNy8ujT2EBzzz3PP0qyhk6ZAgDBw6ktbWV+vp6zjrj9M5l7CNHjuTd99+ntjaMYXQTviVzPSzLoqa2lrVrq3Bdl3BtmBOOP47W1lZ219Zy9llnYVkWlmVx4VcuAKC1pRXTNFm0+B0yMjNwHIf+/fozcsTwzuGVYaDRvLVoEQF/gEg0gqc1SikMQ2HbNlVVVQQCATZv/pQ+fQoJhUJ7fcbgsywGDxrErt276dOnENOyKC4uxnUdIFm5Wl9fx+WXXsoTTz/D7t27KSsrw9Me2Tk5+H0Wi995h2MnTMAyzc4d2D5avZoRw4ZRWTmQV159lXFjx2BZFqs/XsP4cePIysoiFosRSg8xdeoULMtCa42nPV5/YwE+n49YPM4pUyYTDAYxTYvKgWVs27aNYDBIIOgnLRTE89zU8xq89fYiQqEQtm0zYvhw+vfvh2GYDB00iDffXkRpaSlpwTQcx0YplQx9U/+2UiG0EEIIIYQQQgghxBdJAtR/MRd+5XwaGur5+S9+wVcuvIif3nMPU6ZMJic7u0uvzda2Nj5e/TH33X8/K1au5I477mDm1Vf3upmX6zhYVtfXyjRMbDuR+koz76+vYhkGWdnZneGm42ky0kP0KSjEcZLLsyHZEqBfRTmjR43k9TcWUFZWiml2regMBoNcfOGFbNiwkU82bOCFl19myqRJVFZWAnSpAFUqWcHqeS6GAQH/XiGcBiM1tmEYNDe38PHatWzZsoWpkyczevRoamtrO8fZV0eYmJ2VRX5+Po7rkJmR3u15oWAa6aljOrX5mVIKx3HZvGUrmzZvpqS4mK9edFFn+Js8B2zHoaK8nHWfrGf1x2voW1JCPB6nIwmtWreOjPR0tNbk5+WybMUKysrKUCgCPh+nn3oqz86dS0Z6On6/H8MwsG2bj9esYeLxx+P3+4m0R9m9ezfl5eUk4nF8qbDyk08+YfG772LbDuefdy6hUDoKRX5eLoFAANu2sUwTrTWu6zKgf382bNxIwrapKCunobEhVX2q8bQmOzuL3JxcbNsmLS0IJPvEHn/ssWzYtJE3316E53ldwu6Ojz75/a7vghBCCCGEEEIIIcTnTQLUfzGmafJvX7+B4447jtmPPMKPfvRjQukhhg0bRn5eHh6aluZmPv10C60tLUw5ZSr/8z8/YWgvG0dBMgAs7duXtVXrGT9+PD6fj7a2Nqq3b+fM007DMAwMZXD+eeeSn5fXGd7F43Fcx2HUyJEMSoWeHbTWRCNRTpw4kTVVVaxavZoRQ4d1OWfd+vVUb9vGGaedxujRx/Dee++xes1aRo0ahT8QYOPGTZ0bRW2r3objOBQWFlIbrmPnrl2d40TjMbSXDDMTiQTDhg7hpBNP5I0FC6hav46xY8eQm5sMCnfu3El+fj5aa159dT5DhgymqKgI7WmOP/64zs2c9qU9D6UMTjjheLKysmhsbGTdJ+uT4avnkZaWxpfPPYdt27bxwksvU1NTQ79+e9pXaMBxHbJzsrFMiw+XL+eCL5/Hxg0bsXwWtm2ztmodSilefuUvOI7N9u07iEQi+Hw+orEohX0KmXLyycz/299ID4WwLIvdu3cTjcZYu249Ves/IRDws2LlSsrLyxk8eDDrN3zCmDGjGT16NMXFJfz5qSdJJGxCIQ1KccIJJ3QJM1tbW3Fcl9zcZDi6avVqLjjvPGrrwqkl/Mmf7cTjjyeUvidkdl0X1/NAKaacfDJ/mP0ItuMwaOCALp+BEEIIIYQQQgghxKEiAeq/qPHjxjJ+3APs2r2bLVu2sm3bNpqamkhLCxIMplFRUc7AAQM6e3kerGPHj2fjps08/cyzDOjfn6r16ynMz2fI4EHU1dejSVaMBoPBzmu0ToZwHy5bxu7dNcml6BqOPXYChqGIx+KYpslp06cze84c4olEl3uWFBUz75W/EIlE6VtSzPKVqxgzZjShUIjTpp3CvL/8lda2VnyWj+UrVzJ50iTS09MZ0L8fby9ezEvz5pGdlcWaNWs595wvAckANRGPo5Ti5EmTeHj2bBYsWMhZZ53JmaefzkvzXiFcV0dTUzObNm9m4sQT0Kml+G+9vYicnBxc1yEtmMb48eM6Kzg9rdGeRzQaIysrC8dxOsNEz/NwXQfXdenfvz+jjzmGuS++xHUzryEzM7PjwyIWjREMBCjt25eNmzeRn5fHqkiEgsJCtm7dSjQa5evXXYc/4MdxHP706GOs+mg1pX374jgunusycuQIVqxaRX19PfF4nCUffMDYsWM4ZcoUlFLU1dUx5/HHmdLUxEknTmTOY4/zxFNPUzlgINXbq1FKkZubg+d5aO2xYMFCAgE/jutSXFRE3759icfjBIMBivr0YXdNDXn5+bS3teN5Hsmd4DQL33qLrKxsXNchMyODkSNHoj031SognVOmTuEvr85PXZPkOi6ObX/2l14IIYQQQgghhBDi72DecccddxzuSYjDJzMjg/KyMkaOHMGECeMZM3o0I0eMoKy0lPT0/Zef9yYYDDJ4UCXRWIxwfT0DB/TnlKlTCQSDuK6HZZlUlJV1BoodTMPEsiwSiTiu62E7NhXl5QT8frJzcigoKCAUCpEeClFQUNC5U33HPQdVVlJfV099YwMjR4xgwrhxmKZJYWEhZaV9qQnXEU/EmXTiRI45ZhRKKdLT06koK6M2HCYai3H8cccxbOhQlFJ4nkdxURG5ublYlkVZ3740NDVRVlpKUVERJUXF7Ni5k1AoxFlnnE5BQUFngIoC205g2w6GoSgrLd2zYZPWWD4fFeXlnUvzlVL0q6jAsiyCwTTKy8owDIO+fUtwHIdQKET2XhWthmHQt6SEzMwsMjIyqKwciEaTn5dHPBFn4IABlJb2xTAMLMsiJycZUBYWFpCWlkZJSQk+n4++JSUEg0GKi4toaW1lwrhxhEIhDMMgFAqhlCIzI4O8vDwGD6rEtm1qw2H69OnD9KlTKSws7NwMytUejm2TsB1CaWkUFfXBNA0G9O9PVlYmOTnZ9O/XD601JcXFZGVld1as2nYC23EwTYuy0lIM06S4pJiM9HTy8/IxTYOy0tLOql6tNdnZ2RQXF/faUkIIIYQQQggh/plEIhGWLFnC4sWLmTdvHosWLaK6uprm5mYKCwv3+//aX7Tkfik/oKKigr59+x7Se4tD6+c//zn33nsvjz32GEuXLmX06NF7ir2Ocq+99lqv5yjdkYAIIYQQQgghhBBCiCNOJBJh/vz5zJ8/n0gkAkBaWhoA0WgUgFAoxJlnnsmZZ57ZZTPiL9Lvf/97Fi9ezOTJk7nhhhsOyT3FoXfnnXeyaNEiEnutCB46dCi33347ZWVlh3Fmn49Zs2b1eo7swCKEEEIIIYQQQvwzCi/gzhkzmF31dx7vRdXsGcz4uy6uYvaMO1kQPthz//45/jOIRCLcfffdzJ07l4qKCm666SbmzJnDQw89xEMPPcTvfvc7brrpJioqKpg7dy533313Z8j6RVm0aBE333wzixcv7vL1okWLvtD7isPj7bffZseOHYTDYa688kosy2Lx4sW0trYe7qkdMhKgCiGEEEIIIYQQ/7QqqX66u7CyitmzHmHT4ZiSOGgd4Wl1dTVXXnklt956KxMmTACgqqqKdevWEQqFmDBhArfeeitXXnkl1dXVX2iI+thjj/Hwww9TV1fX5ft1dXU8/PDDPP/881/IfTuFF3DnjNlU7fe9Gdy5z4t+UCF/1Wxm7DveESH5y4MZ+/65cwEH9buHAwkv4M6D/CXGsmXLqKuro7m5mWOPPZZTTz2VU045Ba01y5cvp7m5+R+dzVFBNpESQgghhBBCCCH+iU2eXMGi1WGmT99rk+CqJSycNo1pCxfu+V54AXd2CVUruebe25lemDr2vzC54hEeWQhMu4VbutwlzII7Z/HIpmncMmcmwzu/7hjqGu69fTqFVDF7xj0sBJg1g623zOHcXXcya+sl3MI93JOazrRb5jBzeDcPc6A5dnO88pp7ub3jYNVsZtyz53l7vMcR5Pnnn6e6upobbriByZMnA8lqz8cff7wzIO1Yuv+Vr3ylc/l+R5B51VVXfa7z2bp1a6/9Il944QUmTJhAv379Ptd7dyosoYJHWFI1k+EdP7+6rWyqrKRy0WrC06eT/IlXsWQhTLvlCP8h96Lre5r872rW7BLmHKKXd9GiRUyaNIkf/OAH5OXlAXDzzTdTW1vLqlWrmDRpEtnZ2YdkLoeTVKAKIYQQQgghhBD/zI6ZSMWi1V2q1qqWLGTaxIl7vpEKHitumcOcOXOYM+derqncxCP/u1e126ZHWNTv3uTxLuFNKiytuIU5e4Wniyanzp0zh1sqHmHW7CpgODPn3MI0Krnm3r2CoYX38HTH2PdeQ/U93Szb73WOyaraPcdvoeKRWclxqmYz4x64JTWf5D0Oto3A4REOh3nttdcYNmxYZ3i6detWHn74YSKRCOXl5ZSXlxOJRJg7d27n8vnJkyczbNgwXnvtNcLhz/cB58+ff1DnfbFL+YczcRpU79rzbFVLFjLtkkuo2LSVzrrY8C6qmcbEozs/3Uch0y+ZBguXHNKK2enTp+Pz+bBtu/PPhRdeSH5+/iGcxeElAaoQQgghhBBCCPFPbTgTKxaxujNvqmLJwn2CpcLp3D5n70q3Qo6ZXLnPOJVMPqaQfVXNnsUjXMO9HRdXzeMRruHGvSpeh8+8hWkLn+45sKzc6/zC6SQzon0iol7mGF7wNAsrr+HczuPDmTlnDjOHh1nw9EKm3TKT4XuNdeM18Mi8I2/hdofly5cDcOaZZ3Z+r7CwkDPOOIMzzjiDu+66i7vuuovx48cDyaXWHTqu6Rjj87Lvsv2eVFdXf6733VdBv0o2be2YS5hd1ZX0KxjOxGkL6Xxt6rayqbIf/5+9e4+Pqrr3//+eySTkQrhMCAG5DYUgweLjEDwCMkCxqO1XT72cXwmXcyy059h+kQI/03LKUQpWPfRLxS9Upaf9tQ85fEu4nO+pttVHxVopJAoo4KlWEBBJIMgtE4RAbnPZvz/23DOTTJKBTOD1fDxGzOy19157r73X3vsza63dL5DqrScT6gYfP11kl/pQgP+83nryYT351luh6U++pfP+YQVire/QS2Fd8js7wO+hlyK6+AeHMWjRTb9j4wl/+ctfltfr1blz59TY2Ci3262amhpduHBBTqez1SCq1+tVY1OTGhobY36awl5Klerowg8AAAAAwHWuaOJQbQt04z+0RzumT9R8SXtapAzrYi9JI6a0vuAdq7RK0oh5YxXsRX/6hHRsh0of3hCVeITmxVvO0IEKD832GzZCKj+t8xoYI3HsPNZUHZOGzlTLEG+Nqo5JO1Y9rB3Rk6bH3bIuV1VVJUnBMU8ls7t+eLf87du36+OPPw5OCwjMk+wWqIF1teVqB1Dzx07RiA17dGh+kYrOf6hyTdGCfEnDRmjHnkOaX1Sk86dPaMSU+8zj4dBLKt0wVMs2rlCRzABmzG7wcdP101tPrtKJeWu08c58f4vmJzUsbPiIYxuqNHPjRs33H5+l6+dpzcaNyve3nH710J2aX2QGaFedmKc1G+9Uvr+19pNvhQ010SrzxwBNX+b/MeCQXlp1QvPWbDTzceglPbzqVR26M+zHgk7YsGGDbrnlFr333nuqqqrSgw8+qJycHFVUVOj999/XAw88oNdee01Tp07VTTfdFHMZn1+4oMbGxpjTevfurR4ZGUnI6dVHABUAAAAAgOtd0UQN9QdWtGeHpk+cL0V0Ag4FJUf4g0Tn33pSpW31xB4xT2sWSOtL1+utsWFjkQbHPE2mDubRrzuMeRqurdaea9euDbYwHT16dMzxTq92IDOeq/UCq6D8gRqqcp0+LxXVVOnY0InmsTZ2ikaUn9Z59dOH5dKUBf7RUPfs0Ih5a4JBxaL75mlEqT8AG7bYQ3vCg5NS0fyN2ihJ599S+bERweWp6D7NG1HqH1vY/GrEvPv88/XTsBHSiCn+HxXyB2pocA3n9WH5MU2fucJ/bphd8jdsCx+7NVKLwP+IsNbeKtL8jStCSz99QgpbW0d99tlnevXVVzV8+HD1799fo0eP1meffaZNmzYF0zgcDg0YMEDZ2dl64403NG7cOI0ePVo9evQIpklLS1NOTo68Xq/cbnfEOnr06KGsrKxO5/VaIYAKAAAAAMB1r0gTp6/SnkMTpR3TNXF+1ORDe7SjI0HPoQOVn1+kmdM3aNX6tzR2xZ3KHzhU8o9FmfCyTpzWeRUF08dsTdpGHkOtVouippsBrfLT56Wi5IZ0r6Z+/frFnVZVVRUMns6dOzeim78UCmAOHdr5YFr4Otub/qq9SEpFmjj9mPbUBMbz9R/Q+WM1Rev14fmBqjo2VBPzJbOLv3RsR6kiG0WPMAOwwb/NdCOmxNjvNVU6pqGa2enDJ15r6Olxz5fWA/+RL2sbMSJ62I2Oee+99zRu3Dj1799fVqtVd9xxhyorK3X69Gl5vV7l5eVp+PDhys7OVm5urnJyclRVVaWbbrpJ+fmRW5GTk6PGpqbIAKrFouzs7Ihga6pjDFQAAAAAAG4ARROna8eqVdoxfWLs7r3hL+A59JJKNxyLlSr2sucv0/RjG7T+rfP+1nk7tCp8sMVDL+nhh1+K/+KbYxsUHI70/FvatmOE5t0XI5et5DH/zpmaHr6c4NiU0p0zp+vYhvVh40EGpqXuW6QCwcfwsU0D8vPztXjxYi1evDj4ghvnWfgAACAASURBVKlwgXmig1mdkegLpDqavr36DRuhE6cP+cc/DXybr4FDj6nqw9M6ETzO8zVwqL/VcuAlYhs3auPGsBbTYelCY6tGrEwjdEKnO324mMH86cs2RuWlg13uD72qDcemB1+OtmJmcgLmn376qXr16iWfzyePx6OsrCwVFRXpzjvv1F133aXi4mL17dtXhmHI4/GoZ8+eOnv2rBoaGlosy2q1Kic7WxlhXfWzMjOVmZkpi8WSlPxeCwRQAQAAAAC4ERRN1HRJ02O9lrxovpZN36FVgZfRbBumNcumS8fCXz7V6sI1f1kgSJmvO1cs0/Qdq0Ivt1klLQsGiczWgxtKwwKYI6ZL2/xpSzdo6LLo4FYieSzS/DXzdGJV4IU6pdowdJk5tmTRfK2ZJ20oDU0rn5LouJNdI/ByqFiByKqqKq1bt07r1q2L2TK0vLw8YhmddejQIVVUVLRrnoqKina3Wm2P/LFTpKo9qtIUhb/brGjidJ0oL1dYVFVFE6fr2IZXFYrRPxkzoF80MfIN9+ffetJ8AVT+WE0ZcUzlgZPh0KvacCz2S9XayLXGThmhHdtCL5U69FLrL7VqWyCw6x8fNbiqgRqq8DzvaTkGcAwXLlyQxWKR2+1Wc3Nzwh9Jqqura9FVX5IyMzOVHgigWizKzMyMCKh2B3ThBwAAAADgepR/p1ZsvDPsC/Ot9PH+Lpq/URujuvaHJkcvK2x8yNAXYenNZUePFBBrXeffkqRhum9FrPTtyaNibHP4pBWKMykl5efn6+6779Ybb7yh8vLyiJam4WObnjhxQkVFoaB44MVSd999d9JaoK5du7ZD861atUr//u//npQ8tJA/UEN3bNCO6csij5t+w6RjJ0LjlUr+APqTKn34Yf8XIzRvTYxWny3STdeyjeaQEXeuWKaqh0PDAExftrFlkD+RbN+5QsuqHg57yVpoHe3mH4t1Q+nD2qARmrdsnkas8o8Nm1+k++aNUOkGf56nz9O8EVJbIe0LFy4oLS0tZiC0NVarVVeuXJHH41F6enqLaTk5OXI3N8uWnt7tWp9KksUwDKOrMwEAAAAAAG5M5ougplyFl051f/X19XrmmWd08uTJFmOdBlqmRn+3adMmDRkyRI8//riys7OTko9f//rXHXoh1dChQ2O+3Aqp689//rOOHj2qcePGyWZLvN3lwYMH1adPH91xxx3q06dPzDQXL15URkZGyr08qrS0tM00tEAFAAAAAABIQdnZ2Xr88cf1zDPPaNOmTdq/f7++8pWvaPTo0cHAaX19vT7++GO9/vrr+vjjj5MePJUUMwhaVVUVMeZlVlbWVXxpFK6VK1euyGq1yuv1tquVqNVqVWNjo7xeb9w0vXv3TkYWuwQtUAEAAAAAAFJYfX29Xn/9dW3fvj0YtAwESOvr6yWZAcx77rlHDz300DXJU6C1a0B0C1l0T0eOHNELL7ygpqYm9ejRQ9nZ2crNzVVOTo6ysrJksVjU1NSk+vp61dXV6cqVK2psbJTP59PMmTM1adKkpAbvr4VEWqASQAUAAAAAAOgG6uvrtX//flVVVQW71A8dOlTDhg3T+PHjr2ngqr6+Xr/4xS904MABFRcX65FHHul2gTNAIoAKAAAAAAAAAHElEkC1XoN8AAAAAAAAAEC3RAAVAAAAAAAAAOIggAoAAAAAAAAAcRBABQAAAAAAAIA4CKACAAAAAAAAQBy2rs4AAABAexlXXGra9YI8lXtl1F9oK7X/X8vVztZ1wCJr74HKuv9/yZo/sqszAwAAAKQEWqACAIBup3HHWrkPvt5m8NQwDJmBU4KniTHku/iZ6l/+XldnBAAAAEgZBFABAEC34zm+O6F0hE07xqg729VZAAAAAFKG7cqVK12dBwAAgPZpTvD+xUIItaO4RwQAAABMNrNrGwAAABDCPSIAAABgogs/AAAAAAAAAMRBABUAAAAAAAAA4iCACgAAAAAAAABxEEAFAAAAAAAAgDgIoAIAAAAAAABAHARQAQAAAAAAACAOAqgAAAAAAAAAEAcBVAAAAAAAAACIgwAqAAAAAAAAAMRBABUAAAAAAAAA4rB1dQbiOlKmBWsr5Jj9lJZOyWs9ratcq5fv1qSnlqqtpEmd9xpwla/W8s2VLSc4ZuuppVNkZvmIyhaslZas15xRgXkGa8n6ORoVd5nxp199R1S24BUNSdF9fs24yrV6+WbFKF2Tc4nW33M2pY/P9jGP04pYk5xLtH5OFx2NZQu0Vub6XeWrtfzkA12TlyNlWvDKkLDz+ppnQGUL1qo6bp3b1vTWFl0ms4pKtM4JO1Yi6roU4b8+teTsZL2a4tvdjaXPfEOZQ3JbTqh9TXUvPZ2UdWTO3610xVveE8ouvVf66yTVb0/K6totfeYbysw/qsYXH5W7C9Yf934mqv53la/W8t2TrsLx71L56uU6+YB5r9T9JbfObs9+79JrZbcW7z7IodnXxX0eAADXtxQNoLpU/kqFnE6nKjZv15EpVzHQlzdFS9dPuVpLT44YwaUjZQu0fLXi3+g6qvXK6nJ9K3r6kTL/A8zgq5dfJCbi2Iv3YDcq9Y/Pdon1kGA+UKwe0oHAXBKMmrNe66/5WlPY7l+prGBp1HHoUvlq86HPcS3ycGSfKlI9gBgjf67y1Vq+oKzjQdTusN3dWYtgaYmyHl2i3PlKWhAVbWhxP2Ne+xaUhb7Pm7JU19Vl72pLUp3Nfr9WWt4HucpXa/nyMhV0WcMGAACQiNQMoLoOanelUw8svU2qWKt9R+ZoVNQdxZGyBQo0AHI4neFTzNaNSyZp91p/6z7HbD21tEDbg7/6ht28RLRA9c87e7A2bw78PtzZFkVXx6h7Zsux/KRcUpwH7UmaNHi3DrqmRNykHdnnD0zHbAaYQqJaeDmXRAYWw8vfn8B8+IrV0s1VrtXLT+oB/3eRrWBS/Ff/8ONT/u1YIq0NbHywlWqgJWvU8drGfkwNo3TPbIeW7z4o15RA4Mh8qA4VU1RQKar1brCluqtcq38lTRq8WZsrJDmX6Kkhr0S1qolssR1ogfrUkFf8x8VaLag21+cqW6BXhizRpN1r/Xkxj5eC7WH1T0TrnqjWJWHBArPFziTNrt4c3K7gvGHltHzByS6tcwZPmqTqfUcUUem6Dmq3nHI6KlQtxW65345WpkfKFuiVIbM1ePPm4L5yRrSgN3fQ8gWb/d9HHQ9d2GK5NXlTHpBz8ys665JG5UltHQ+/0qTgPrjtTof2vRW93dH1Vfj5fURlC/ZpyOxqbd5cKTlm67FJu/XcyQe0RGsVqiLW656zYcuI2HdR+1Xhx3MC18N452Ewf7G3PXVsVcOLhcouvVfZ9zztbxlqBlVtmaFUxsm1urxtq/lH8YvqOb1YlljTJEm3KLt0t9L8f3mjW5zetFm5pf6QVuOBqNagZivVwLzRy86cv1vp9rBlhQWEM+fvlvXKAVmHFMuiOnl23K2GA+HLq5O3tv176OrL05SlS3RywVqV3RZ2zPvrbEWdJ7HPi+jreKxjLy90rK9dENYqs5W6Jfp6Mnas9GHviHPg6rWWTVxCdXZAi9bzoXM6er/Hu16F9n3oWpmn1sokgbqkrXzFu3YGNre146Eb3AfljZkkh04G/w7vGSMp8prrit0DwjH7KS0t2B5/Wsre6AIA0H2kZADVdXC3Kp0PaJRGSU5p7b4jmhN2Y3ikbIHWVs/WU+unKC9w8yuHJgVTVGrzK5P01Pr1yvPfSC9f4NDsp9ZrfZ5//u1HNCXmHVSlNu8OzGsue23ZbSn44Ne2MbcN1q8OujQl7IF2X4VTty1RagdQg4GY9ebNtatcq5evVrn/hjiy/APpAw9ft8mpyKB76HgKe0BYvzQ0b7f61b9Ca/ct0fr1c/z7Za0WVDj9+8o8Xl8pvycsKBd/P6Yuczt2T3pK65f6Q55lC7S8rMB/Hh5R2fLNGrxkvZaOkvn3guUqK1ivOXmSKjeb8673h2LLE1tr3pSlekqR3RJdkio3v6JJ4XXH8gVyzPYv/0iZFqwNtJIPBWbXjwptx+rysAeXis06GZh+pEwL1v5K5WOWasqoOVq/RF3chd+vYIwm7d6uI2YNLMk8hzTpAQ3Z7X8YzxujSY7N2h1WvxzZZw65kuh5VLl5d3C/uspXa/naMt22fo5GTVmq9QXhwxn46/jBS7R+6SjFarGWmto+HsL3gSR989bIYRxCw60sDdVfES1cK7T55BKtXx8Iyu42f3Rcsl5mFbFay9cuUIXTn8ZVrtXLX1H5PUs1JS96vwbW5z8m86TWr4etnIejEjgXUsbT8tXeK1vvEkkyg6f1r6nuRTMwaXb9/5ayireaAcnpxfIFg6JPKLt0ibLv2RoKktrzZOyYpLoD/nm/uFmZ22er0T85zS6510xSo8ygZ+ajL0ovPiq3P3hqPblWddu2Bpfdc6Z0edtWM3iafUCNa/wB13s2K/eL4YFfKW2IPbhsRS/PH/gNZiSljNJtTumV0C8PEaLPk9av42bLy+rZT2l9WIB0dflTWrr0KSmip0cCdUvE9cQ8rkP3Fy4d3F0p5wNLU7/OlvzXnGrNfmp9WGBzbfx73HjXq1jXyjbvrVqpSxLJV7y85MnfsypUT0asu5vcB7kO7pZmfyux6+eoOeY9YGBe/3XigSl5klqbBgAAOstqGIZS63NY2zdXyjm+UIZhqPDuWXJUvKJdNaHp+yok5/1O2Q1DhmGX85uz5JCCy5DCpxdqvFOS83457eb0wvFOqfqMasLSx57XrqKJjoi01/4jSdHf1WjXrzar0jlehWH5VvQ8heM1ePdHobwf3qcK53gVBpN3XTnHX3+Ndr1SIefi2cFtM+xOfXOWtHn7YbP8Zr+oF78fKCNzO53B7TfLu2Lf4eDyPtodOJ4Oa/tmadY3w+edrcXOCr2yq6ZL94dhGDIiyjD2vpIcmnV3oX+/FGmiQ3LMutu/r8zjtfJkTUL7MXXK3TznHROLzHI5vF2bNUvfdNqDaQpnL5bTXw/U7HpFFY5ZurswMH+hZr/4omYXhvbRxCJ72PJbnkMR54vCp0elVYy6Q07dH8hb4Xg5Va0zgXw5FwfzEaibtHm7DgeWHZ7vwvFyqlIna+LnsyvKR4ZdRROrte9w4PsafbRb5j4N7jf/sRasXw5rX0X0fg//RNU5UfvVXjRRDv9+bLEvDm/X5kqnFs8ujNivkdeFa/2JXVaHy9aqwjFRRfZEjwczbezl+q+FYeew3flNzXKE6itJwWtlcP6wY8zcr9F1RuCYs8v5/Rf14uzQ/Gb6xK6HrZ2HbW97Eo/XJPBeqZMlp1Bmi9RJEd353Z8cVfw1Pa36NVEtTGt3qeFA+Lx5shSHreuvoWBq418OyMgslK1YSp85VWmNB9QUbHH6tOr/WinLkAeUKanxpUmqC2+tuv0jeaOzU/tRKD56zy1KU6U8geUdeFRNJ+sS2h/hrsV5YxiG7IMD167odIo6T9q4jvvri2Ad7T/Ovx/429yohOuWyOtJ1P1FzUfaXenU+ML27ocknwMJ1dnmfnrxxe8H693g/XHM65/acb1q+95KauXeOpF8xc2Lea8Tug8KLG+2ClP2PqhSm5cv0IIFoc/yzZVhx78RdV8SKusWy6vZpV9tlmb9KGwbE5nGhw8fPnz48GnxSUTqtUA9sl8Vjln6UeBn2LwxmujYoj2Blk6us6qWQxPDf0zNK2hzRE/H4G7862vFOj0a3WLUMUs/mt3Wb9WjNH7wb4Pd+I/sr5Bz/GxJ+69SRpPBpepKqWLdoy0H2XdGpSz/iX64pbLF5FHjndK6/Toye5RGuQ5qT6VT94+S/9ipVMUPH9WWqEU7ZiV3K66lwQWxju3E9+O1VaktMff/j/R9fwsJ19lqqbJCP3y0RSrNkuSqrpQG3991LX4cg2Ou22Xu8Jbnatfu8A7JGzNR1W/4u4S6DmqPJuqbedLBqDSOLdXmMCKus6p2TNTdV6FQXGerJcfEyH2eQJ1/1VVuiXGMOrX4RbP16JHOHg+xrnXKU0G7N3ywYlYRYY5sflTrgvl0aGIi2WvlPLwezoXI7vKBwOPTcp+cqswv7lbuF9WBF1DVyTgf9ueB0/JNL5YlX0rLyZXqT0e+3Ol8rQzZI5YQ/TKsFkHUQLreeVLj0Yjp7osuZea3I7upqI3reMz6Iu6i2l+3jBrvlH57Vi6NUp6rWpXO8SnReyWROjvIVa6f/HBL6AWWnT0tk3Vv1aF8mfc6g+/vTvdBDs360fcjW8Ae2axH1/1W5Xd/vx0tY49o8w+3SLN+FGOe1qYBAICOsiUaab02XCr/bYVUqZYPppVv6IhzlgqN8F9hI5NEfhc1vUVUOTLSHG9eI/xX9s5uXgcYhiTnYr0wqzDmxMg8mfkOz3Ph+MFa98YROWdJ+yucGj/LkHE03vzXVqwyDHAufkGxN9mQq/xZrdhaKcmpxS98T4U6qi0L1ylYboXj5dQ67T8yS/Yze1TpvD+spa5DJU9+L+YNZdeeC0ZYi4Pwr8OOT0Ufqy3nif63tf3YNSL3/9EtC7WuItRayMybJEeJnvxerK7shkKHb4xtiHE+xz+HI/d15DxRKWPVHbGmt3KuuhLKR9fVNSGGDHuRJlS/pF0139OYg3ukCfPNlkNSqC61F2mCY0vwPItIE3fRcfZb3HrYkFqpg1urQ666eMdoeD47fDzEuzaFrSOR61XYhGBdETaPef75t+WFKcpzlevZFXsTuh6GshK3Ek/wutVxlraTJCQtJ1fGFbNmCQZOG/3d5YtfVM/poe1wb7s7ogt9bum9McZBTb5Q4LRS7jV3q9HfRf9qS+a1Il79KplBd8cguyKub7HO/zau4+aQLfHq0cjjv7X7u9jXXJn3F5W/1Uc1Tg3YXyHn+FldfO8gJVxnu8r17IqtqpR5b/C9Qn8dILW938PXZUSVZZv3Vq6Ief1ZCi2/Hflq/doZe++k3n1QjHq98C6VOFZoz0c1cobtxPjXSJfKn12nCudivRB2/2RqbRoAAOgMa1dnIILroPZWOlTy5At64YWwz5MlcqhC+49KyhugwarUqfCXIbjORA6Sj5DC8XJW7NfRo/vN7vtdnZ822TXIIVWfccWZ7tLBvZVyLn5BL7wwK872+LvZ7S830473p4p17Fy32tqPqaFw1pMqcVRo3bPlCuQ0b8BgqfKU4hWT3dwwpdqWpWq+OiZPYyZIew8e1cG90oQxsZqw5GnMBIf/PIuXJgk5iXU8dIM6v9PHQ8z6yqUzSdvwo9pf4b/exvyxonWtbV/3OheekNUu+S5u9f9/nTw7orrLx7J9turWTFLjyTpZ8qcqPaF15coS3gK0eKCs/lap3it1UvbAyOXk2/1B4hLZ8nPl/esk1a2ZndAwpu6LLinTHnwhleRvlZqSjmp/hTR4QAL5a+M63tb1o820bdYthRrvrNTeg+Xmj9Ipc1PVdp3tOrhXlc7FeuGF2AHFjq+6c/dWnctXa/c63eM+KFxC54AkV/lL2lrp1OIYO6y1aQAAoHNSKoDqOrhXlY4JanHflzdF9zuliv1HJRXqrhKHKn4bCLi4VP7SVlW2WBpMhRrvrNC6dRWhQGJKy9OU+52q3PqSyoP3vC6VP7tQz4a+CLsh9v/SHrWUwvFOqWKrtlY6NCjYA9J/7KzbEmzFKB3VloULteWorjOJ7ceul6cp80vkqNyqFYFCKLzLDKqGF8rRLVq40Cy3vCn3y1m5VX8MTm59u8yH5L066J/sKv9ty+58ydgSf75eCsuHq/xZLQwLDncneWMmSFvXaati1MlhaRwVW1tN02ktjgd/ne+8P6W7Jnb+eGhZXwUejO9P2oaHBz2OasuKxK+lrZ2H3edcKFHWo/cqrfa1sHFMw4Oc5kujQi1dn1B26W5l3xOa35afK+P8rtaDrWHSRr7oD5KWKGtSsSz+MVPd23bJm1msHjNLQuv6okPGyVeCAVNr78A0f75bW9H2V+RpdMgWWF7xi+oR1vU/dYRayyUW72njOu6vL34bduwd3bJQC2Nd5DtYtxSOd6py69aU+1E6kTo7/IcNV/mzYUN3dEYS7q06nK/Avc4fQ+t2levZhc+q3NVd7oMkHf2jtlaGAvL2QQ6pYn9wm47+MaxuPrpFK7ZKJU/GaETQ2jQAANBpKdSF/6je2FopR8m8mN1ARxZPln76W5XPKJXTWapF1d/VioVml7nJJSVyVO4NDZQvRXRxbNHtMFbXyHjzBid3URf+sLy1lio839F5Hlk8WaqQikf6tyuiW3hXMGSoUltXLFRkp0eHSlaWyjmyRCtL1mhl2HRHyUqVOu0yDMk5r0R7V66Qv/g1edFKlfxupbbuO6KSkf5bxpHFmqwKve2Y4H/5hPm13X/srFsYujufvOh5zRoZv/vXtRGnu2748amw/zdizxNxvLS6H7vmaI4+vyRJdqdKF1Xruz9dp2cHrVSpM0/O0kWq/u46hYppshY9P0sjDUOGRqpkZYnWrFyohcHJi/S8065QT8GwdYws0aLJ39VP/fvBUbJIJY6fqjpwvoTVD/aiCXJsXaeFFeb6wrsxBpZr/hPVJdowZBiBfIWOTTlKtLLUfHFGKGux5pV5zFb+VCsW7jXPg2seHIzKj71IExySJvhf7hU6GEP7o0WaeIuO3G8t6+RQupZ1lF3O0pXSmpVaGCjwyYv0fMnIruuamFAd2t7joeVy7c5SrdQarQxtuBY9X+I/DxK4XrXo+hpeZ4xUyaLJ+u66hf4fFBwqWblIk1f+VHsP1sjpbGv5rZyHhr3Vbe+yLvx2s8t9OCP41nvJfHHTLcoNjHGqOnl2vCbv9HuVNrJEOhA9XeY4qAl336+T57xdmaW7lSmZwwQEx1B9WvVrpOzSJcotXRLMW2BogIbdU9Vzemia969r5Rm5RLabnpAUaxzWrWp4sTBseZXynKyTrZ1joCa1C78kVYTX6yZHyUo978wLriv8OAvPR+Cv1q/jdv/1I/rYGynDkIomOLR13UJVTF6k52cVtl63RNdLAf77CxV3YR0kqb11tt05TyV7VwbvnTV5kVaW/E4rt+7TkZKRwdF2Y+/3yHVFXysLWy2T1uuSvHbkK/a103+vEyxEc91OuyHDnor3QfHvf0cG635znwT25+RFizS54neSYejIPvO7FsuYvEiLFH/a87RIBQCg0ywXLlxIlQgqAKBbcalizQZpXlcEfHGjS/vVV7s6C9c977f+0NVZSEFHtXXRARX/tIRWfgAAANeJp556qs00KdQCFQDQrbgOaa8m6Bv2qBZaAK4L3CPGcHS/3r6jWDO7rBcPAAAAukJKjYEKAOgejm5drMU/2qsJ35jc7hcQAUD349Lbzy3W4hekhSW0PQUAALjRWFwuFz+gAwCAbiX9pXvbToROcc9/rauzAAAAAFx1zzzzTJtpaIEKAAAAAAAAAHEwBioAAABa4B4RAAAAMBFABQAAQAvcIwIAAAAmAqgAAABogXtEAAAAwMQYqAAAAAAAAAAQBy1QAQAA0AL3iAAAAICJACoAAABa4B4RAAAAMNGFHwAAAAAAAADioAUqAAAAWuAeEQAAADBZLv3vqdwdAwCA7sXb3NU5uP6lZXR1DgAAAICrbuXJ29pMY5PFcg2yAgAAgG6Fe0QAAABAkmSTp6mr8wAAAIBUwz0iAAAAIImXSAEAAAAAAABAXARQAQAAAAAAACAOAqgAAAAAAAAAEAcBVAAAAAAAAACIgwAqAAAAAAAAAMRBABUAAAAAAAAA4iCACgAAAAAAAABxEEAFAAAAAAAAgDgIoAIAAAAAAABAHARQAQAAAAAAACAOAqgAAAAAAAAAEAcBVAAAAAAAAACIgwAqAAAAAAAAAMRBABUAAAAAAAAA4iCACgAAAAAAAABxEEAFAAAAAAAAgDgIoAIAAAAAAABAHARQAQAAAAAAACAOm2F0dRYAAAAAAAAAIDXZiJ8CAAAAAAAAQGw2gyaoAAAAAAAAABATLVABAAAAAAAAIA7GQAUAAAAAAACAOGiBCgAAAAAAAABxMAYqAAAAAAAAAMRBC1QAAAAAAAAAiIMxUAEAAAAAAAAgDgKoAAAAAAAAABAHY6ACAAAAAAAAQByMgQoAAAAAAAAAcdh8RFABAAAAAAAAICabjy78AAAAAAAAABATL5ECAAAAAAAAgDgYAxUAAAAAAAAA4rD5GAQVAAAAAAAAAGLiJVIAAAAAAAAAEAdd+AEAAAAAAAAgDpuPt0gBAAAAAAAAQEw2W6/+XZ0HAAAAAAAAALj2LredxGIYNEEFAAAAAAAAcOMpLS1tM431GuQDAAAAAAAAALolAqgAAAAAAAAAEAcBVAAAAAAAAACIgwAqAAAAAAAAAMRBABUAAAAAAAAA4iCACgAAAAAAAABxEEAFAAAAAAAAgDgIoAIAAAAAAABAHARQAQAAAAAAACAOAqgAAAAAAAAAEAcBVAAAAAAAAACIgwAqAAAAAAAAAMRBABUAAAAAAAAA4iCACgAAAAAAAABx2K7GQi9evKhLly7J4/FcjcUDAAAAAAAAuEHYbDb16tVLvXv37pr1J3uBFy9e1OXLl5Wbmyub7arEZwEAAAAAAADcIDwejy5fvixJXRJETXqE89KlS+rduzfBUwAAAAAAAACdlpGRIavVqosXL14fAVSPx6O0tDQZhpHsRQMAAAAAAAC4AaWlpXXZcKG8RAoAAAAAAAAA4iCACgAAAAAAAABxXJWBSum+DwAAAAAAAOB6QAtUAAAAAAAAAIiDFqgAAAAAAAAAEActUAEAAAAAAAAgDgKoAAAAAAAAABAHXfgBAAAAAAAAIA5aoAIAAAAAAABAHCnZAvXolu/qp2/HmGDL1aDCCbrr7+/S+ILsTq0jPpcq1qzUVpVoZalTeZ1O19X8+Ry0SM/PKuzqzAAAAAAAAADdylUJoCZHlhwTijUoLIcNZw/p0NE3teHpvfrgf0dKpwAAIABJREFUn3+g+bf26rrsAQAAAAAAALjupXAAtUATvjpLzuimnfUHteXpn+ntl/4/FT5R2nI6AAAAAAAAACRJSnbhN/z/NQxDLRaVVaSSf56mA8/t1O92HNfkv3f4J9Sreu9v9Js/fKjK2gZ5JNlyB+nWr87VTOdgBTv811erYtsm/eGDU6rzxEoTWKdb9Ufe0Natf9Chcx7Zsvrr1r+bFzOd66P/q5f+421VNUhZ/W/V382bKefgyCEG6qv36je/+Z0OfFInj2zKHVmsrz30kCZEpEtkG1yqWPOktg3+hr5r+4N+tvOclHu75j3+D7o1W7p08L+0YdPb+qTOI1v/Ys39n3/nz6fBy70AAAAAAACAdkrhFqitcDg1w75Tv/+kUi45lCfp7B+f0+rf12rQ7Q9pbrFdWXWn9Paf/6AD255TQ9ZK/c/xvSS5VPGz1dpWO1LTHvqGiuxS7YE39Zttq1XteVxPfKkgtI5Tv9NzPytQ8UNz9R27R4d+v1U7tz0n9fpfmndrekS6n/2yl4q+NlffyW3QgTd/o22rj+rUd1eqpNBMV390q555/m01DLpdD32jWHbPJ9r5hz9r0+pDqvzu4yopNEOjiW2D395N+lnBBJV856ty12bJkS1d2v8zrfyPQ9KgaZo7t0j6ZKd+//wG5V79EgEAAAAAAACuS90zgKpc2QskHTqrWkl5qtQHb9cpd/L/1GMlhTLDlmM0prhAG/7llzrwyVlpfC/JdUh7q6Tbv7NIfz/Gv6gxRcpqeELbPjgq15cKQi+D8tj11cf/RXf5Y6pjCrNU9y+/1IEPjmrerWNCWfHY9dXHnwilG1+ogqef0e9/t1czSp3KU6X+8Mu3VTfsIa0o/ZJ/+WM0ZkKxfvf0ar259V196YkvqSDRbQiut0hzv1ui8cEGrJX6r22HpGEz9XjgpVZjxmjsyF/ryX+vSubOBwAAAAAAAG4YqdmF3wj9T+xFZSm3rxTs5q9hmrHix5oRmCeQzHaTRg6SDtTXq9kwlJ6bK7tNOvD7LSrK/arGDu6ldGWp+J/WqDg4r3/uQZM1rn/Y+gPLOlurGsNQXiDdyBm6PTyd+mvc5EH6/ct7dejiZE2u3a93G6RxM+6QPTxvGqRpM0bqzbI/64Mz0zSjIMFtCEwZVqRhWWHrPXtUHzZIY2fcHrGerKIZmmF/V7836MIPAAAAAAAAtFc3bYF6SedOxfrerXrXWZ06d07njh7SBx9+qE/OSVKdLknKS79Vfzd3rKo2vaP/+Mk7ki1LdsdYzZgxQ+OKChQxaqktPdYKWupvV6+or/IGDZP0vs7WSnK71SC7Bhe0XF4ve39Jn8h1SVJw9IA2tiFePi65VCu7JrdYT67s/RPbFAAAAAAAAACRumkAtVZnz0kaNlh2/zeuA7/UC5s+VK355iXZexVo2LjbNfb9nXo/bM684n/SiuJLqj70od7989s68Mm72vbv7+o3w2bqXx+bHD9A2W5Z6pUlyZ34HIluQ/uky5bV4ZkBAAAAAACAG1pKduEPLkdxuvBXHtC7DVL/4hFmd/VL76rsPz5Uw7iH9cM5xbIHG2Ge1Zvv79T7MiK7xStXg0bfoQdH36EH5dbZnS9o1cu/187jd+hBh/zpoudp+b0hSbWXVG8YCo9R1p6qktRffXMNGfXpylKtqs82y+gf2Tr0Uu05SYNUYDdkXEx8G2LmL9cue8z1uHS2StLo5JULAAAAAAAAcKOwdnUG2q3hkLb9aqcabKP1lXH+fu/nKvWJpLG3hwceJZ16V+/Whv50H3pZP1q2XC9Xhi8wXb1yozvht8PHOyPWoYZP9Oabp6SRxRqZJckxTrdnSe+/+Y5qI2Y8pZ1vfiLljtZIe+LbEFdBkcbltlxPwyc7tTOR+QEAAAAAAAC0kMJd+M/p3de36VRYDhvOfagPP6mTR7m6Y+E3VByIe/YfqdG2d/Tur36irJn3aXRug2rf36lXD5ySO2z+9JFjNdq2Uztf+IkufWWabh+Uq7pT72jn6x/KNuzrmuboQDZza/Xmv/1Epx78ssaln9LO13fq44Zh+vqc2/1jozr0lW/doQMvvKx/+8kpPfjlcbJ7PjHT1ebqjoUzNKgd2xDfIM34xh16N2w9WXXv6NXff6i6DmwWAAAAAAAAgBTtwm/O3aCqd99RVdj3tsy+GjbuXn35vhkqsoetJ3ecHl5Sr//c+KreLvu5dtoy1XfY7fp/vvdt2d/5kda984mqm+9Q3/QR+vqyR9V348va9XqZ3vePNTrijke07MEi9TUMc9gAfy6MiC780d/7/x47W0tGvKef/2eZ3m2UMoeN0z8+MkfFfUPDD2SO+LqWfW+YXn75Vb288V15ZFPuiDv0j498RcUFmeZ2JLwN8fIXWM9N+s+N5nqU2V9jH/hHjXvv/+hP/vQAAAAAAAAAEmcxkhxVO378uHr16kSXeAAAAAAAAACIcunSJQ0fPjypyywtLW0zTfcbAxUAAAAAAAAArhECqAAAAAAAAAAQBwFUAAAAAAAAAIgjJV8iBQAAAAAAAACpgBaoAAAAAAAAABAHAVQAAAAAAAAAiIMAKgAAAAAAAADEQQAVAAAAAAAAAOIggAoAAAAAAAAAcRBABQAAAAAAAIA4CKACAAAAAAAAQBwEUAEAAAAAAAAgDluyF5iZmam6urpkLxYAAAAAAADADSwzM7NL1pv0AGpjY6MGDhiQ7MUCAAAAAAAAuIGdPnOmS9ZLF34AAAAAAAAAiIMAKgAAAAAAAADEQQAVAAAAAAAAAOIggAoAAAAAAAAAcRBABQAAAAAAAIA4CKACAAAAAAAAQBwEUAEAAAAAAAAgDgKoAAAAAAAAABAHAVQAAAAAAAAAiIMAKgAAAAAAAADEQQAVAAAAAAAAAOIggAoAAAAAAAAAcRBABQAAAAAAAIA4CKACAAAAAAAAQBwEUAEAAAAAAAAgDgKoAAAAAAAAABAHAVQAAAAAAAAAiIMAKgAAAAAAAADEQQAVAAAAAAAAAOIggAoAAAAAAAAAcdi6OgPJd1i//vZz2hX+1fA5+rcfTFO/diylZueP9a9lxzV8zjNaNq2tOQPrnKrSn8/VzW0vXKseL9PxDuTr2mnnNgEAAAAAAADXoesrgHp4kx55blfL74+X6V+/Xd2uQGC/aT/QL6YlNXcAAAAAAAAAupnrKIBao50v+4OnUx/TL+beHPr+x49r0/FdWrPpNv/3MVpX+oOvgRansVqgBr4zDdfcZ36gmI1TAy1MW0vTppYtaac+9nP9g3+zDm/6ttbsCv/Onz7QqjWslevcIWXa5F9QdIvahLYpuD2K2rcAAAAAAADA9e36GQO15iO9c1xmd/2IAF8/TfvBY5oqSbv26XBHFx8RaJSk49r0+I+1syY65WH92h9snPpYR4OnNdr546hhCCTtem5T+/N/PBQ8Nf/8ZTDPiW3TLq0JBE/NTOjXHd2JAAAAAAAAQDeTsi1Q3evvbFf69C9/ywzyDRkQY0zRm/W3U6Vdu07qTI10c7uDmof1etlxhbfQDAQf3/moRtOCXf1P6jc/3iUzjvtMsLVo+/XTtB/8XKERBAKtaDuS/0CeA8s4rpMuSf0S3aZQK9fA9JP+TLS3jAAAQGpJX/BWV2cBAAAASHkpG0BNKTVndFKShk/SLf7gZeQYqS7/v8d13N9Uc8iA5LwaKtBVv8OCee6nWyYNVzCDCW/TVP2tPxDcb8AQSeEtVgEAAAAAAIDrW8oHUBNuGVGzU8MlHT95RjW6Wf38rTbfmfSMlt3ykX7TRhCy5szJTudVkjR8uIYfP65dL+/UV34wLUZr2EQEWosO19xnfq5fzA383dos/oDoNUSrFQAAuid6kQAAAACJu37GQO13i+4YLul4mf5102FJ/TTtn+ZIZY/rkeAYnkMU2TDU7BIv1eij3a1EJ/sN0BCZy349MP7n4U165Nvf1iObwgcEnarSH/xAD02NSttewfFcA61DXToZJ3snzQ1QzUe729c2NOFtAgAAAAAAAG5cKd8CNXH9NO3Bqdr03C5p13N6JEaL0+Fz7pHZGz1PQ4ZLOn5cmx7/tja1ueyb9ZU5w7Wr7Lh2PfftsJc7Ddfce26Wol7tdPM9czR8V1nbrVCPl+lfv10WnUn92z+1Mt0vb/BwScd1vOxxPRI7SVK3CQAAAAAAALgRXT8tUCXp5rn6xc8f09Q2E5qtU4cH/56q0sdan6vftB/o3+YMj/hu6mPmy5diJNY/zxne8VaogflDK9IvHpsqyXzBk5nknzQ3Ikki2x29mnZsEwAAAAAAAHADshiGYSRzgcePH9fAAQM6vZzA2FzJG2fzsH797eck/xvlAQAAblTJv88CAAAArr7TZ85o+PDhbSdsh9LS0jbTXEdd+Ntys/7h5z/v6kwAAAAAAAAA6EZuoABq6wzDUH19verr6+UzDPXokSGrNa2rsxWTz+dTU1OTLBaLcrKzlZ2dLYvF0tXZSirKI7VQHqmF8kgtlEdqoTwAAAAAJBsBVJkPWxcvXZJh+NS/IF82W7rMkQ0MJXeAg84zn6ssslgkj8ejCxc+1+cXL6p3r16yWq+PIW0pj9RCeaQWyiO1UB6phfIAAAAAcDUQQJXU0NAgw/AqPz9fhmHI4/EoyUPDJp3FYpHValW/fnmqqXGpoaFBOTk5XZ2tpKA8UgvlkVooj9RCeaQWygMAAADA1UAAVdKVK1eU37+fDMOQ1+uTz5faD1smQ4ZhPnT16dNbNedd180DF+WRWiiP1EJ5pBbKI7VQHgAAAACuBgKokrw+n9LT0+V2e+T1+lK+tUqAYZjjpNlsNvm6SZ4TQXmkFsojtVAeqYXySC2UBwAAAICrgUG2JKWlpcnnMx+0usvDlqRgfg3DUFpaar4goyMoj9RCeaQWyiO1UB6phfIAAAAAcDXQAlUKvvG2uz1wSep2+U0E5ZFaKI/UQnmkFsojtVAeAAAAAK4GWqACAAAAAAAAQBy0QPUL7z7XWV6vR1cuXdT509U6+pd9ev+dHTr32Sk1e7yyZWRq4LCRum3Kl/W3U6art92elHxfb5JZHtdSd8xzIq5GeQS62YazWCzBTzJQHm2jvuo86qvUQn0FAAAAINkIoAYZMt+E27GHF8Mw5HU363TlUf13xZ908C/v69z5GjXVX5Z8PlmtFtmskuFuUNWh/1bl4Y/01wPv6aslc/WFwtGy2TpWFGZ+r8cHrvaXR1NTk5qbm5WZman09PQW030+nxoaGiTpqr3hmPJoYymGIRleqem8bLVvKd31R9mufCCLt0nenFFy95kmd7+vypftkKwZnQ5MUB5x5qa+SjLqq9RCfQUAAAAguQighgk8a3Xkocvn9erTj97X9rJf6MSnx3SxwSOPYVFOZobcMtTc6JUtzaI0q5RmtcqQV3/ZvUPnzp3Vw4/+vxo15ovtXmeyWr2kqrbKwzAMNTU1ye12yzAMvf/++zp48KAmT54sh8PRIn1DQ4O2b9+u9PR03XvvvcHvLRaLMjIylJHRuQfgG708EluIR9ZLHymj+hfKOP+aLJ5LwUm2hs9kq90tm2uHmoZ8R968aTLSsjq8KsojPuqr5KO+Si3UVwAAAACSiQCqn2F0rtvf5zVn9af/+j+q/OSImrxWNXktSrelySIpKyNdXq9FDR6vvF6fLBZD6WmSzWrR8UMfaNtLv9SCf3lCffPyOpBvQ51sZJOS2ioPn8+nczXVOnpij87XVsvj8ajmM68u1Hr13gev6dDJlsP7etyGTp/1yGKR/lD+s+D36ekZ6p83VCOG/K3y7Td16g3IN2p5JLYQnyz1lUo/sUHpZ16VvFdktBiG2S1bzR7JKzXa+srbZ7xkoTyiUV+lFuqr1EJ9BQAAACDZCKC20P6nF8Pn00fvVejgfx+QJS1dV5oNNXulnKw0pdnSZPgM9chIk8UiNVuscnu9avYYMtIMZfZI11/efUc73viDvvb1We3sGmvm9fp+4Iq9cTWuM9r70X/qYPV/qcFdI1kNpfkGyto7XycaTshwfx5jUTalZY+UZOijc4eDX1ssVuXUFOhC3d9rwhdnKq9vgazWjrxf7cYtj4R4rij9zBtKP/MnqalRhuIFGgxZXX+RLfeP8uYUShl9O7hCyiPmHNRXVxH1VWqhvgIAAACQHARQJQXGSzPHTGt/l7/mpkb9ZU+5Gtw+eT0+XW72KSPNqp5Z6Ro5rJ8OfnJWPp/PTGyRMtLTJMOQzyfJYijDZtUfX/2dps24R/Z+/dqxZkvYmGnX01NX6+XR3Nysw8ffUZXrdVnSXerbyypbumTROUnn/KliPewako7GnG4Y5+Rq+rNOnxunPr36dbA75Y1ZHomyuOuUdvZt6bKrlWCEn7tJ1pr3ZRlUK196nw6tj/KIjfoq2aivUgv1FQAAAIDkI4AaFOju52t3C5BLn9fq3Gen1OSVGjw+WS2GevZI08hh+bp7cqGyMzNUse+YZEgWSR6PIa/hk9dryGIx5DXSdKKqStUnKtvZLdaQucTr8WErfnnU1tbqcuNBZfY4rfz+NuX0tMqWYVFnhpAzDMnwnNHFS2b32o51i70xyyNRVk+DLBerZLgTay1nuXhKcl/uxBiGlEcs1FdXA/VVaqG+AgAAAJBcBFCT4Mqli3I3N0mWNGWlWzSooK9u+5uRGl9UoAJ7tu678xYNHthHBz6qVvWZz9XQ4FazR2qSVx6v5PH6ZJVVx44c0Rf/prhdrYluxO5+9fX1yslu0OBMi+x5NmVmWWWxmo+eHWVIMnxeXalu6tRLR27E8kiUYUhGs2S4Ewv2GG6L5Ov8OhGJ+uraor7qnqivAAAAAIQjgOpndvXr2EscMnN6ypeWIZtV+sIIhx78+v0aNThXRl21fJ5GZdl6aNrEIk0cP0rnXXU6ffZznXNdUk3tZV283KCTZy/p0PEa+Xy+dj8MX68vnWitPAzDUM+sLPXOylMfu0229OSs06J0VZ9J79SLR27E8kh4GdYeMnoMkT4/nVj69JtkpGV1MkBEeUSjvko+6qvUQn0FAAAAINkIoIYJPLy09wGoZ+++6pGTq/QeF3XX331Nt0/9sppqjqmh0SWrxSpZ0tRsSGkZFg0e3FPDhg6UfF65G+slb5MOfnpOS//3G3J8YUQwH4kJtGG6Pp+4WiuPm/Ie0fDhq5KwEp/krpfRcFHeyzVqvrRX1pNvy9eznyy9BsnI6CmL1SZZE2mFdOOWR0Lz23Lk6Xe7LGcPS81XWk9sscrb51b50vt2IiBBecRCfXV1UF+lFuorAAAAAMlEANUv/JmnvQ9AGT0yNWrsePXN7aHxt98mS1oPKS1T1oyeMqw2yWINDm/mNgy5PV75vIa8zYbSLYa8Pp8GDRmiIcOHd+Dh6/p82GqtPAItrnw+nxoaGnTx4kXZbDb17t1bly5dktvtlsViUV5enmpra+Xz+ZSbm6ucnBzV1NTI4/FowIABMpouq/nke7JW75XF0yhrjl2jCnrJYrjkPfOJPJ+45M3oJWNAsYz80VKPXmZZtp7z5O+MFNCZ8yPAZ8uR+wv3yVJ7UmmVf5K8zbETWtLkyx8j97B75OvRu1MtuiiPlqivko/6KrVQXwEAAABINgKoQT4Zhq9D3VIl6bYpX9JfPBdls3hlsVpl7dFTaZm95WtOiwhIGDIkr1fyNMnnbpJ8PtXWefTQ7H9Qn772DnaJvR4fuuKXR3hA4rPPPtOePXvUq1cvTZgwQe+//75cLpfS09N111136e2331Z9fb2Ki4t18803691339WFCxc0+6F75T74O1069CflDbtFVnuhLBaLLD16ypLWQ2m9ByvD55HH9amaD26Tu+cgGaP+h2QfKVnjnzY3YnkkypBk5AySpahEam6W9dR+qflyWLTDIqX3kM9eKE/R1+Wxj5bPCMzZMZRHbNRXyUZ9lVqorwAAAAAkFwHUMJ15bhns+IKaxk9Rzfnzys0bqLQePZWW3TuUIPhyXUNGmsd8SLKmyWPYlD1gtMY5p7frZSyReb4+H7haK4/Ag6bD4ZDD4Qh+P2PGjIh0X/va1yLmueeee6TmOnn/slHWM39Vvy/cKhk+WXxuyWKVz/WpLFl9ZVhtslgssmb0VMbgW6XKvXLv+6WMv/mG1L8oblDiRi2PhJdhSZO7/1gZt31Htp6vylp9QJbL5ySfV0Z2Xxn9i+S5+avyDPwb+WxZScoz5RGN+ir5qK9SC/UVAAAAgGQigBqloy1AbLZ0OYpule/yOXkaLkvpmUrLskuGZHiaJYvF/3RkyOdtlpobZbFYZWQX6AvFtyozO7uDLU+u74etWOURaM3l9Xp15coV1dTUKCMjQ3a7XS6XS263W2lpaerfv79qamrkdruVm5urjIwMXfy8VvbTrym78jWlO6bLcNfJe+GkZE2TJT1Lhs8rNV02gxOGId/n1bL2vknpA0bLd/gtef66VcbERVJOfrwcX/2d0oU63ULK0yjr51WyXPhURk6+vIUzJItNkkXyuWXxNcl69gPZLnwqb6/B8tkL5etZkEBX5Lg57nheuwHqq9RCfZVaqK8AAAAAJAsBVL/QG3s7/sCV3iNLVtsANbnrlWF1Ky0zV5IhX/OVUHMYwydfo9mt0JLeU7KPUs/eBZ14i3JyWtqkmtbKIxCQ8Pl8qq+v17lz55Sdna2cnBxduHBB9fX1yszMVJ8+fVRbW6uGhgZJUnZ2thpP7VN61f+VLStXqq+SJXug0voOksXXKDU1S7LIcF+WfJIshiwZWZL7iixpPWTNLZD1xNvyDvpbGYX/I+aLWm7E8khsAT6lfV6p9E/flK36XVkvnzWDdJm9ZfTIlSxWWZovS/W1sjRelKw2+TL7yNd3uNzDp8n9hbtk2DI7mO/2ZzfVUV+lFuqr1EJ9BQAAACDZCKD6hT9sdabFii8tQw1er6wejzIyM5SW2UdWa4bZiks++dzNMgzJYsuSkTNIvpwBMgcb7GhAwqfrsdVKW+VhGIa8jQ3qcfmCBvfuqbTmJtmaG1VQUCC32y2bzSabzaaCggJ5PB5lZWXJlmZVb+O/lZXZJGvvL0hGkyy+ehlWqwyvR/JZJMNiFoXPbH0nWWR4mySLTdbMnpKvWZYjr8rn+JKU0TNGvm7M8ghntVpbpEk7+6F6/HWrrN5GKf9meQePl+VKjayfHZC15ogsMmRYrDJ6D5G38G4Z2XZZGi/KeqFSPT7cojTXMTXeOkdGTv/gMi0Wi3w+Xxv5pjxaQ32VHNRXqYX6CgAAAECyEUBNOou81kxdvFyjPharMnP7ymdNk7zNMjzNshg+WW3pavL0lDd7oCxpmTIHHER7GIYhn9erppOV+vy9CqUPcii9b57OXaxTQ0ODMjMzlZGRoXPnzqmhoUH9+vVTr7RL6t3wkWxZ6TIyM2SRVT7vRUlWWWSTIavZksv/MXxmcyDj/2fv3qOjutI773/PqdKVq4WEBZiSZdHG8q3daYMRaW5iJt3pxkk6GJJlbBnW24kH5n3bGeSVMea1uXhh98wgEmfSZrmn5wWLNmsCJp2JcSadxAJDAhjcbrdtLNMGyxIXy0iIi9C1Luf945y6SVWqklRChfT7rMWyVXVqn332rtp1zlPP3scCDBdgYbjcGBc/xrh0CmvKN4e1DdKR32jlqq+ODHMcOe58DNwYgG/K7XQXrKHVW0+L9zO6A1fJdc3g1rI/ZtLhHbhP/wu+md/lUtlyvur6JR3+ZrLMKeRlLGSs+zZMVw6GKwvLaMfCR7vvK3z+Dsa67sBljRnuw76Jaby6ETRepSeNVyIiIiIikiwFUENSk9FlM+hsu8YXn7/PlNJZ3DK1hAwDAr5Ouq58Rctnv6bb6yd3bBEmDGrOnmUFM49GWtZK/P4ITYk1DCzTRaCjDV9nB35/gO7ubrxeLwB+v5/u7m58Ph8+nw9X91kyzHZcbj/QRiBg2DfCsdyAC8MysSw7OBTAAH8Ay4+T2GWCrxMDMP3dBJpqCRT+Vu9aj8L+iOSjky+u/wNfdRwl13UrGeZ4O/PK8tHpv0Snrxmv1YZl+TGNTG7JOsQ3FlVSUPr7NN46ll+3bONy12+wLC+G4SbDGEOOO59sdz4GdqZYd+AqHf6LTM1dyMxxKzGt3Pi1HuX9kRyNV4On8Sq9aLwSEREREZHUUgDVYQXvOD2IgIRl2Zc9PgtcLgOj9Sy1/3SK3Gml3DKliO72Vq40fEKWt5kx02Zy3Rsg0+0nwzQwzYFndY3ENdP66o+cnBxaW1vxdXZA7hgyFv8BGX4fLgJMmDCB7OxsMjIyME2TCRMm0N3dTU5ODlkd7ZjuAIZrHBhduOjGJAPLcGFZJpgmAcsAv4mJgWVAwLCczC4Xlq8NAx+WaWC0fxX3fTLa+iOSy8jBZWTS4Wuiw9fUZ5l+q5Pmzg94r3kL8277S46ee4wOf3PEPrvpsrrp6r4M3Z/1er3bzMEkK+HndTT3R6IyNF6lhsar9KLxSkREREREUk0B1JDwVctAAhIW0BEwuNRtcqkbpnV6KZp6G7njO2i8WE/9hTrcWTlMnDiGW/Mm042bf2ts5SufwfRxJp6JWdyS48bVj8CEMfClCG8C8fvjlltu4auvvqK5tY28klIKjXCbTepRSn5+fuj/M3wuTNOHOfEejFt/l8D5/43R0YQV6AIgQAamc/PkgGWCy8C0sKfFBgwMfyuGGcB0G/hj1Gu09keQYRi4jCwmZs5gcvaDeAPX6fA30em/1GfJ/kAX3YFrUcGI2AyyXZPIcReQYYxhQsYdmEaGna8Vo06jvT8SvVrjVSppvEovGq9ERERERCS1FEANCWarBPodkPABTT4XZzpdnO90UzzeTX7AxG3lkD9tKuNLHuJaVzeYBrk5eWR0t+Buu0jRpFv4X8fa+bz+ArOmjWPhjIl8feo4xmUl1y3BOw2PzOl+8fvDNE2mTp3KV199FcrWcrl632G6l24Yb7qh9SRW0WMHuAeWAAAgAElEQVRw5w8xrn+C0X4B/F4MXFiXfoXVcRnL5UQmnKCEFfCDdR0ywfKZWDkTYkzVHZ39EeQy/GR1n+Ou7ixKXQtpc3VyIbuDT9rf5mp3XdySA5YFlkEg0He73ZI1g9KcBUz155JLFlYXeI3zdLqm2Zl4PWs8yvsjHo1XQ0HjVXrReCUiIiIiIqmlAGqEgawp2IXBJ90m5wKZXAmYtGNR7DJw592GddWPPyOHTvctdFz4a0x/Pd1jF5A17iFy8u4hN2MSLk7z2cWrXLh8nY8br/Dduwv47l2TmZSbkUR9GVAA5WbRV3+MGzeOQCDA1atXaWtrS3h3Y4DrAYt8Kxu39wKBz39M49jldLiLcbvuINPtZaK3lmyrzZ4u6zIJYGBh2hlD/g5wdWFkGQTcGfjzvhYnIDE6+8MwDDL9TYyt/wsyLh/E8F0jN7OACQV/gHfSH/LuV1vjlhswA1gW+L19t9udtyyh9NJJMpr2Y3qbsdwT6Z60GKtoPe3ECxCNzv6IR+PV0NF4lV40XomIiIiISCopgOoIr5mW/Gt8wHs+F7/BTXami3bL4rLX4khTG+Yt4/lGwf0Y7Z1cv/AWU7v+J9lj2mjvOMrVtm/QkvsdrPHl/M4debRdLeC9L5o503yN3e934vUH+P69hdyS03dQYiRfZyXqD9M0mThxImPGjKGzsxO/35/wwjODXALXPNBxCaP1Y1wtl7jSeTt+cpmY1caErLMYtIJpYlgGhsuwb84S8BIwOyAbLLdJIMuDf+LMOHUemZL5fGR4m3FfqMHyt9t3CO+8REb7Pjyef+RfO/9L3Nf5nGwxb6e/zzrclv1N3A0vgu8qAUzgGu6Of8J92/+DZYyPU+eRSeNVetF4lV40XomIiIiISKopgBoh8sYTyfjccPMr001+TgZXuiy+svz4Mwyu+g32nG/jk4sBHrK+4o7L1Uwcb2D4LbIzvmKs8c9c73yfy9ff4htZv8/t8xezrrOLLy5e4WJrG3/34TkmZLv53l2TyXKbSdZ75EmmPzIyMsjISJz9ZptIu7kYV9spMs02Jmc0Ms7VRAAXGQZkYmAYJmACBmDhMvwETC9mpoXhMrDcJm1TFhHIGBe34Udtf/gDBFq9QGR/tJFlTsTXR7DBa/jBos9tALKM8VjX2rGiyu+GQABc8dc6HLX90YPGq6Gl8Sq9aLwSEREREZFUUgA1JDzdL5mAxDXDxaGAC3dOBp0YnA34aDUCZJhgZBl0k8mV5ka8197i1oxPCNz2/2J1XcB1aS9Z1gUysy4yPruGS9ffZcLYv2DRXQ/wWmsH/rZuGpqv8HcfnOWOvFzuLxyLYcS/UYu9DttIvOLqX38ko6uri5buO7F8v0te50GmjLnKGHc3dm6eYf+z/KHmNOyl7jBdYJkGlmnROf5+OiYvxLKvgHvtYzT3h+V3YXWMAcsXfsyVjdffSXdH/CnLPmdKbF/bAHh9XQS6JmD4O8MPGhlYARPLjF2v0dwfkTReDTWNV+lF45WIiIiIiKRW4nShUSaZa18LOI3J1Uw3OW4XX/oDNFo+Ws0ArabFdVeADF8reU0n8Vz7B3L9Psy6/4OZcz++O/47vgkV0JlPZpefyWO6GZOTRcDthiw3mCYBr48P65o5UHuR6919Z7mMdKnMxvnss9/wy199xNiZf0zb1D/hi2v5dPozsYMRYPesheH8w7AwTAvDZQcl/DlTaZ3yx/izpti3TB6F+uoPr3sS3om/TaA9i0B7JoH2bLqn/QEfn/s7vJ2B+P+6AlgBq+9tOgPUfvUveAu/G1F+Ft5JC/Ga40btuoEar9KLxqv0ovFKRERERERSRRmogJ2tEghlqyS6wUeXYfKFYWBmuPAaFs0EaDXty1q3YeEK+Jh4/gumNB2icPwlfDOfx+i6gHnyL3FPvJPAlO/gH/tNaPwJ1wIePm67lzfrGsECK2BhBAL4vH5qL1yhqbWQMRmx49ymaRKeojiSLsj61x/JavzyS95//33OnjvH737n22TkPcKFa/soGvcVLiMi8GPPhsUwnBCFkYHXPYWreX9IZ87d2ElCves0mvvDMAw6Myfh+vqTuLOnw7ULdN/ioWPGv+OXHz3b53qB/owAVoCEawr+quEt7pj5DLmMIePKeayJ0/HPXEKnORYr0DujazT3RySNV0NN41V60XglIiIiIiKppwBqlOSmX14NwGXDIMsw6bQsLgcCtGFhmuCyIPfSRSZ8/h53+n5Nrns81B/FmDaHQMl/gMvvY9b9Da6sbLq6MqnP/Pe8fvYa1zq6sXxeAt1eAj4flt/gXHMrl693cXteTuzapnC6aHpK7fEZhkl7exsXzp1j3759zPvWXNozfpex5vtMNM9h+TrxByBg2dlaLheYGRPozLmH6+Pm05kzE4z46xeO5v6wLItuP/gnzCRr/r1cvv45p87+gtr3n+Hy9fo+U8F82Xaww9fVd+DpQtMn7O7aRKlnCXf+1h8xIcdDV5cXvz92IGM090ckjVc3isar9KLxSkREREREUkcB1AjBa5dEFzH+QIBuK0CX30+3YXDdb9FhWZiAu7OTcb/5hBmNxyiefAn37csgw0Xgi0OYGdlYt95LIN+Ddf7vuNBVyCGmc/zCNaz2DvytbVhdXeC3MAIGLguMPi4C7VmZI/eCK9n+SNbEiRPxer10d3fj9Xn55fu/5utfv5+srBnkZzZieq/S5TPo9pt0d3fh72wjJ7uY7Fu+iZkxNrpSMag/wOfzYXqh7sK/caL2NTq6riQs1++1y/N5E2XuBWhsPkXr9WZyMvPImTYFn88Xd2v1h03j1Y2h8Sq9aLwSEREREZFUUgDVYVnhDJBEF8ATsZjp6+aDNpPmTDftvgDdActema7lCnl1H/FA4AyTrn+F+fG/wIzfxipaTKCrBav5NGZ3C62dmXzUcR//cs3P1SvX8Ld2YHV0gs/CNN3k5WYz/87JTBmf3UcWjRFxp+FUt8jw6k9/JOu26dOZlJ/PF3V15I4ZQ0NDAxMmTCAn9246Al/jytUrXL161Q5adGXR1ZnB+PF+SqzLFE7JxuVyJaiz+gPAChhkZ9yC28jBCiQOSNg3Tok5yzgmtzmGLPdErEDfwRH1h03j1dDTeJVeNF6JiIiIiEiqKYAa4lwUJXHlkmXAN0w/470dvO910e61MAMBrhoGgW4flt/CZ2ZhBQzM+vexGk9jTLmTQMkcyLsH3+f/SF1zJv/alc/pNi++9gAZAYOJublMnOBm2vhsvjF9It+aUUDe2Mz4NbaCdU5NC6SX5PsjWRMnTmTOnDIav/yS69ev4+3u5tKlS1xqbuazlha+qK/ncksLXq+XQCBAZmYGt06+lTFjxpBfUJBEQEL9AeD3+7k1714KJ93N9c4mAoH4WVf95TIzmZp/P5PG3xl3KmyQ+sOm8epG0HiVXjReiYiIiIhIaimAGiX5i66xBtyLn9ssP/Nc8EXA4pwfrmXncKXwa/zvj8/S7MvlW2PP4/E1YtS9h/XlZ1gF07hmZvGrq/fSOnYyc6YXkOtyMSHTxeScTKZOyGJSbgZ5YzLJyXTZ9weJOyXWGOE3nEhtUMI0Te677358Xh8HDtZwvfU6BQUFXLlyhfff/yVdXV34/QH8fh+BQIC2NjvFyHSZuFyuhPVQf9h8Ph9jMqfw4MyVtHde5nzTr7D6bJPk2ss0XEyf/E1+684V5GZOxuvtO9Ch/gjTeHUjaLxKLxqvREREREQkdRRADQlP90v2AtgE8gzIc4HHhG7LwpeZRduc3+Lzibn88te/4tj5OublXWTh2LNM9n6J9dUZPnffy9WxM/j9r5dwyy234DLBbRi4TYMMl4FhL4YGVoLLOOdOwyNT//sjGVlZWXzzwQe5bfptXLzYRPHtt3Ot9RqNjY2cOXMGv9+HZVkYhsHkybfy9QceoGTG1zBNI2E91B9hXq+PSePu4Xdmb+CDz/4X55rex+3KZvyYKYzNmUx25jgsK8Dl1rNcaW3A7/eRlTGWGbeVM3HsbRiGQUf3Na63f8W1tkZ8gS5uL3yI++9YRm7mNLq7vYlrrP6IovFqKGm8Si8ar0REREREJLUUQO1lYBcwGQZkGAaYMH7COG6d9U3uLZ3JRydr+cdj7/HWV7fy3SmXuH1MO+9cK6bgjtu5vXASpmmmuP4jTeovKDMyMpg27TamTp2GYRhMmDiRR5Yt5+LFi1y61ITfH2Ds2LFMmTKFcePGO1NhjZTX4+aUXH9YloXPa5Hjms78+/8czC5M043LyKK724dl2S2anZNJw1cnyMmawO/P+wtuL5xLV2c3YGdkZWa58AW6CAS8WP5sfF4riZu3jCYar9KLxqv0ovFKRERERERSQwFUR+RNJwKBwV/wGIbB+HHj+O05s7n/nlJ++atf84tfnySz02Lm10q45647AQa1L8MwCWbajDSp7o/4+7HbLjs7G4/Hg8fjiblNMm2s/ugtEAjg84FhuLDbpiPq+c5OLwXjvoGvy8+t42dx9Upb1PMdHTgZjm4sK3EWVyT1R/I0Xg2Oxqv0ovFKRERERERSTQHUCMGLrlQbN24cC+d/i29+4+tYlsWYMWMS3uAjGameLppuhqo/hor6o6/Xxn9dV1fXgF+b6HXqj/7TeDUwGq/Si8YrERERERFJJQVQwVlDDsJL+Q3NRczYsWOj9jl49vqDoTUIR4gb1R+pp/5IL+qPwdB4lRx9PtKL+kNERERERIaCFrQD/P4AbreJy2VimjfPxYthGJimgdttDum00RtN/ZFe1B/pRf2RXtQf6UX9ISIiIiIiQ0EZqIDLtG+6kZWVgddr3zAiEAiQrokrhgGmaZKR4SYrKwMwcLlGTleqP9KL+iO9qD/Si/ojvag/RERERERkKOgsHXuq6rVrbYwfn4tlWbjdXnw+f9pO/TMMA5fLJDs7k9zcLFpbO8jOyh7uaqWM+iO9qD/Si/ojvag/0ov6Q0REREREhoICqNh3NO7q7ubatQ7GjcsmJycr4oIr3S667DXS3G77pi6trZ2Ai5ycnOGtVgqpP9KL+iO9qD/Si/ojvag/RERERERkKCiAip0BMm7sWLq7u7l8uY1AwJ/2a6cFAgFcpoucnFxycnIwzZGznK36I72oP9KL+iO9qD/Si/pDRERERESGggKoDpfLzvpQ5kd6UH+kF/VHelF/pBf1R3pRf4iIiIiISKopzUFEREREREREREQkDgVQRUREREREREREROIYQQHURvYuzyUnN5ec5XtpTFm5x9ma8jJvRNnp792tueTkLmdvuh58416W5+aSs/V4nKeXk5ObS5yn09vxrfZnJea/rbw7XO/NBG0+cjntPSTHPvC+vKnf40Ml8rMT1TARfZi7lXf7WazaOuI7vMf3QrBtcnJzWd6vL4zIMnv/W763cdjaPe2//0REREREJMrICaA2Hmbvfuf/9+/lsC5KJM007l2ePsGR2U/T0d5OR3s7BzcDLKH683bnsad5aLjrNySOszVdf6w4fojngv///KF+B99kmByvD7+fIvtQBmk/9Q3B/2/kcOjLvb8KWbbHGdc+f42HATYfDI19e5YVpqS26SatvmtEREREREaIERNAbTy8lzeBFzZvBvazN2UR1Nk83d5Ox55ljMxLLRmowmV76Ghv5+nZibdt3Luc4icGGgQYDiPtfX+crbkL0zbA9e6h54ElvLB5CfA8hxX8uDlE/FjXWH8cWMLDS4a1RiPGc4eCH4IG6vfDw0uGpmH7M47fDG6+7xoRERERkZvDCAmgBjNUNjPv6fm8ALy593CPTLPI6ZW9p1ja0+nC/8LZGz2nv0ZPCdy6dWvUtMLQdMC9zlTkwU6Dbowop9c0wzjH5Lwmcqpjr2mKUVO403UaYY/pl3Gnyw7Psfcqt0dfhfr9+NbQBe1zC2+W6enR7/uY7+vcrbwb2ZZR7/MB9F3U7rdG7yfiqajPas/PVsy+bWTvcid4uv8JikOPJ1GPG+I4h58HlizjsceW8TCRwaOIei7fytaYU5wTPR9ZVPR4BYOdStxXP/ecPh3ZHz36rufSDX2Oe+nh4c2beTj0Y53zHbRkNqE4nNp6gDbzwmbCmdhOZu/s2cGWbXKONeLzOoilP6LG8VCf7Y0YG5az9/jeuONRX98nkUsPxFt+YO8P4zzfZ7/EeS/clN81IiIiIiI3h5ERQA1O3988n4eYzbzN9JrG/+7WhTzHZg6GpvI9z8KIi46Fz8MLB9vpaP+c6iXw3MLYwZTGvT+kYn9426Ljz8es0nP1Rexpb6futSWw/wl+NpDrmMa9LL/jCd50phzWvbaE5xb2CAoteY26nsdUOI9lS+DNJ37mHEPw4v41HpttH2/Owud5+LXPnSnc+6m4Y7iCR/E0snf5HVTsj+iz5xc6F5jpeOyN7P3hE7wZrNPBzbD/CX64txFmP22/D3DeNzdxqlPU+5rnWbi1iLqI9/kPQ/0Tr+8SfBaD9s+mMsbz727NZeHzweUGDvLC/icojvgcx+7bQpbtOcgLAEteo659D8sKk6zHjeAEiB5eNo9C5/0bcxr//uMU/VVwjIrxvk30PMDsx6heEvkDUzh4O6/fqcaJ+jniufaDvMB+Kn64l0YKmbcsely0ZxAsofqx2QnGvTRSVMRs4M36BkJZksvmUxR8Xm09YEVFS4DjNDQGM3s3M29+8NkClj29mchM7dAMlPmpGVvf3AuPBcdx9lOxsN4ejw7a+12YcMwBGvfywyf2RzwHbz7xwx5tux+WxXg+4Xd/nPfCCPquERERERFJNyMigNrz4umh+fGm8T/PwtxctjYsY09774sLO2OjwVkzLdY6kBGZrrMBCp0Lud6CdSkssv97vL7/V6Q9j6tw3rKIjCdnbbc9RfwsN5ecO57gzdArnYvm4AWmE2B+eNk8CglPF17mXMXb7ZVm04ajguKEA6N7D9OYzscezHD0PD0i19h7uMgDhN/XwXYN/g0k6Lugvj+L4dfaQSp7rcmeASjnxxIn2Diwvk1Qjxsgut493r+RQscdZ5tEzxPxXPAHpsjgbX8rnqCfH3q6nY72x2hYnktOj+UT7LEsmGkb/JHDrn/f4146mRd+/wWzJJ3Ph01tPVCeUD2OO/UtCgemAWbbM02ijin0vZwCs4vsPvIUOeumOu0e/NuRzJjz5hN3kLN8L0VPt9Ph/HgTFn6tHTS2137ts1+SGl9FRERERCTVRkAANcbFk3ORE3lB8dBjr4UufJ5b2GO6nJMpBMDzC/uYdm9nGfW6mBtiwfoGA4V2xlNwCt9Cjr/2efgGGY7CZU+HLjCDGUfLotKe9lNxh1PuQjuLdiBB3iEX7I/cO6jYD+yvpz4tjz0ymB4uf6TNoJxd1I/QT8y+S/BZTMb+Jyh2pq7a3WdnqjlPJt23g65HSvTOSgwGo6On8UdL9MNMX89HBmN6BoAGJE4/29PV76Bi9kEnKzKyEsuoDAYfe/zIERR73EsvwUzJqq3PEyuAp7YeIOeHkzf3bo1Z36gfT3oGFFPg4ahAeCJxxpxgu0PEmNW/2Q599kuc94KIiIiIiAyNmz+AGrx4cjLJIi82oqbxFzoZZqHpx5HT6WLcqTc0HTmSBztJ5MZeqNjLBUT8e3p2RBbKwThZjsELzK38MCLjKCzyrutpfEfiiDsmh+4Qn67H3uvO9vGXghgVYvUdJPgsJiG4TELoX2RWVz/6drD1SIXgndsjgsLBIEzMafwOe1pz/IB2n8+HMtZ+SNWAp5RHiNnPwcDwa9TFyeoNZutV/TDWjxxxxr00EwyQvhnvhzW19QAFl+LZz5vEfh9HH1Pqpu/3X/wxx84MDi6rAPRzmZA++yXe+CoiIiIiIkPipg+gBqe6BdcZ64gKiIRv8BF504nCZXucANdsPIU9biJRuIw9TvSr90Vbz6mxjezdGnsN1FSInnoZ46ZF4Exthnd/FjmN3RZcyuDN/fDC0+G7qfdc4mBwNzYZIj3Xgox1k5C0Ovbomy499LS9lm4wqBI1xX2k67Pv+v4s9q3n+sY92rzPvnV+/AgZTD1Sx85K7B0osevSYwp+aB3LOFOWEz0fEpxabgenBjSlHJL7jDo/NjXu3Ro1rRwITcN+c/9+2Px0KAie1LiXLoJLTBCvHdXWA1UU+sDGeR9HHlMqp+/3Q59jTtRNxGbztPPjbDLZrX32S4L3wqj6rhERERERuYHcw12BwQkGCnpn1IQyg/YepnHZMpbt+RyW38HC3GDAcwnVnzsZG8v2UMdyihfmhi48H37tc2Il4RQu+yuq9+6nYmEuz7GE6tc2w/5BBlH3P0Fx7hNRDz382ufsWbYMu9oLyXm+Z72W8Vev7eXNJ5zXLtnMC0ue57nj9TQy275ID64T1/PicvbTdByEnIV3kOPs9oWDPddmu1Hs6Y8VkQ8teY26PTH6LJRhNfvGHvvz4fYPeuFgO49FPTKbp9sPQu7CiL7czMH2ZdH1WZhr3/xqz7KBBVJuCoV99B19fxYTeOjpdg6Sy8LQe2YzB4Nt2WffOoEs5z3zwsF2nh5EPVLDyRyMEfwJZtc9d+h4eBxa8hpFh3LJWRinromejxAaH5OcUv5cxNho28zB9qf77OenD27muYXPO89t5oXN+3nueTvIZ+8xmCneI3uwsK9xL90EjyHYjvGXTFBb90+o3eJOzQ8fUyqn7/dLX2NOYe/n2HyQjmS+aPvsl77H19H1XSMiIiIicuMYlmVZqSywrq6OKYWDP133vlIOQMaamkGXNaScu/C+cLA9LS46RWSkOc7W3IV9BEMSPR9D8C7fCrAMPbX1kHl3q70Osr5/B+amOc8SEREREYnwZWMjxcXFKS2zsrIy4TY3/RT+G82eohe+2Yy91uAS+nXPCRGRYRRa+mSgU8olaWrroRI/g1tERERERCTVFEDtp4eetm8G8eYTd5CTm0vxE/uHcfq7iEh/2Gu/Fj+xH5a8xl9p4BpCaushc3wrObkLeQ544aBuniQiIiIiIkNPU/hFRERERhmdZ4mIiIjIzUhT+EVERERERERERETSjAKoIiIiIiIiIiIiInEogCoiIiIiIiIiIiIShwKoIiIiIiIiIiIiInEogCoiIiIiIiIiIiIShwKoIiIiIiIiIiIiInEogCoiIiIiIiIiIiIShwKoIiIiIiIiIiIiInEogCoiIiIiIiIiIiIShwKoIiIiIiIiIiIiInEogCoiIiIiIiIiIiIShwKoIiIiIiIiIiIiInG4h7sCiXhfKR/uKoiIiIiIiIiIiMgopQxUERERERERERERkTjSNgM1Y03NcFdBRERERERERERERjlloIqIiIiIiIiIiIjEoQCqiIiIiIiIiIiISBwKoIqIiIiIiIiIiIjEoQCqiIiIiIiIiIiISBwKoIqIiIiIiIiIiIjEoQCqiIiIiIiIiIiISBwKoIqIiIiIiIiIiIjEoQCqiIiIiIiIiIiISBwKoIqIiIiIiIiIiIjEoQCqiIiIiIiIiIiISBwKoIqIiIiIiIiIiIjEoQCqiIiIiIiIiIiISBwKoIqIiIiIiIiIiIjEoQCqiIiIiIiIiIiISBwKoIqIiIiIiIiIiIjEoQCqiIiIiIiIiIiISBwKoIqIiIiIiIiIiIjEoQCqiIiIiIiIiIiISBwKoIqIiIiIiIiIiIjEoQCqiIiIiIiIiIiISBwKoIqIiIiIiIiIiIjEoQCqiIiIiIiIiIiISBwKoIqIiIiIiIiIiIjEoQCqiIiIiIiIiIiISBwKoIqIiIiIiIiIiIjEoQCqiIiIiIiIiIiISBzu4a5A6pziZ09u41CcZ4sf3cK6BflDs+fXn6TqEMxf+yqPzRySXQxC/HbpWd/+H8cpfvbke8x6dQXxNw/ufz6Vr65gZvM7vLR+N3XFj/LiMwsYeI80886Pfgo/eIYF+dD8zo94dnfdkPbzkO0j2CbBv/vZNjfi2CHW+yO6DySVenxuhrs6SXPqPejPt4iMHPHPQ4b6eyv4/Rj83hr687WbbOzuef4R6SYcx5vf+RH/gx8M6XtKRERERi9loI5ih7Y9yUvvNIf+nrniVX7yan+Cp/ED1mEzeezVV/lJSi8kmnnnR+t5PeKMP3/BM/zk1VdvwpPmU/ys58VL3W6e/dE7NMd7yTCJfn/07gMREZH+qNu9Puo8ZKj17zxnlKvbzbOvnxruWiQtGCwXERERGSojKAM1qK9f/YNBn2JWPDqd13fb4T87A4KIgFBEGREZkyum7+Z1J2KYMGvi1Ov86bZweDG8fazshN6PRZ8IFrNiS3SWXzCLIvExx9nGqV/d7p/yzj122b0yM3ocQzgbITJ4eoiqJw8xf+2rfKfRyYScPx8OHaKOYlZs+T5n18fOxjj5+pMx27N3hkhkVts9nAz1Ux2vr3+SI49u4U/4ae8szJ6ZFfPX8pMVwRqE23zFo2d5PdjWUdvEc5KfPbnbOf5g30S8t0J9FeuxHk69Z5cT2q9Tr7qjnGxewIL8GO8Xp196vwdj1SvY3X216QLyk3ifh8vYwvSf9+6Dmy94ffNLfpyI+CxGZRX1+CEk8v2f5NgXORbNX7t2iI5URG5+cc5Dzl0Cor9nem+f5Hd25Pd+8aNUlkXXIPq7cABlzl/Li7f9PCqrdUB6nJ9Ej6u9f6AMPR/r+z94rtbzPCLUjEmc1/TKNnXKOPQep1bMjD4fjlnnHt9H8x9lxdndvF4X7sOE5yEDaJdgWZH7rtu9nj896pQZ9zxWREREpP9GaQZqXSh4ClC3+6e8FHVSdoiqnr+614UDCPaf6/lZvB/me56wOdv/6eungJnMmm/v40Tw9aEg2oMxgqdOfde/TmjzqAsMp779zVicuYLK+XbZZy/FeL75HV7qcQzJZiPUHTrkXLyUcU+8s9T+tOdAxJqWdmgbf9qrnQ6FL5qcbRLVo2737ojM22Df5HNPWTFQx5GTzh6aT3Kkjr7bYdJtFEftN5ix2/9p8bHr1WEIQc8AACAASURBVE+9+uWn3MDkIOmHRONE8zs/ihgn6nj9pz/nbFQJMbLID23rnQ3Wx3sieh9waFsyWekiIr0ld27T13d2jxkddbupSiojsR9lHtrG/ziazNH0Icb5SeQ50KnXe8/uCI27Mx9kPlB39GSoXU69Zzfa/AdjBE+dOg86yzdBnTn1evT30aHd/Z+hMoB2ObTtR/HPUQZxHisiIiISS9pmoHpfKe/X9hlrtjv/Z2dERuudmRX8Vds+Ya+jjkd58dWIX6vPNtLMzIhfqcNlBAMXh947xWMze/6q38w7P3dOZnv+yn7o57zz7WdY8KCdoXm2sRlm5vc4+W3m5NE6iJFx+LfvfJt1Cy5x4hBRv6Lb9dnNP55a0K9siEm32QG/YD1iipO58Nira6Fn1mxjqHGjMtxiS7Y9e8pnwTNboEdmZ/M70Vud+oV9Eh7OXghmLvRup55ro/XZHlHHFyzzECdOreCxe8oopi6UTdN88qhdh7J74mc75N/D3GKoq7OXVHDeCQNbOy1OvRI2aXQhPTJqnQB71AHE7oP+fmZHsow1NVF/D3w8iyfxOPGPzsVsVIZO5MWn88NNr8/I7l9wakHk+y/ee+JUr330/PFI7wmRm1/qxrNY52fhwF+y5zbxvrOb3/m5/R3a67swcR2TL9M+nxvMRPHguUGvc8Sfv8N3nllgLzOwIrx98DzVHnftH+EPHQrPUjlh/wLPrJn0Y1zvoW43zz65u9fDxY9+2z6/S1DnS+9FzujK73tt1QG2i1Oj2DN6FjzDi/RYDz54YhjnPFbfT6NTz/FMRESkP9I2gDq0ipnrpAQGg4ihIJeTEdjrpG/+90MnbPkLvs/83ds45ARZo4SyDh/lO6GnZvKdR4s5tNs5AZ75IPM5xKGjJ2lecA+NZyF08sslztZBrAuNunOXoLnRziKLcbKbMPDXH8HA3qFt/GmyyxY4+gwYBkW2ZzDwGKs9ByR8QfGHofrms+D783l9WzBwHaqI0+4w0wlsJ656MDjsZJ3WBYPQwTazp7xxro7I91ps+Sx45lUKozJvDlH15Nn40/77Xa9+FBLKlg2XIekoyXEiYhwKjVvOds32wGNnx0cNJWeJ+ojEe0/E2EdobEvdgYrICBYKliU8twm9Iu539qVzzg86Mb4LE9SiH2WGz+cGKlhm+EdTR905In+vjLemZ7COR042s6AwGDB1Ap2JxvWkTweiA5V917nZOY+NON+J+HE4WYnaJXjcr69/kteBhD82D+I8VkRERCSWtA+gJv9LYTDTcYjufNorIzWO/EKmEyMAGyUig+AUdsDVmb6fuA7xRa4jlozgyer0wlivsQN7CyKmg0WtK5X0XuJItj0hfGGVtElMjxkFT434QcngxdohTpx6EPuqpo/p+xHCGSfB9raXAliwoPe2wQuk5OsVQ7/bNDH9qp84o6X/49kAJBgnEnN+6Jk0qEIAvSdEbmapH88Gdn5mn9uMBnaQk1+E1wr9yasxljaI+BH+nemHSPxDLYTG9Xib9VwPPXQOkqhcp84DkfR5iBP8nbmCn7y6IiKwHF6DP/bsqwTnsfp+GlWUcSwiIqmQ9gHUtBG6qQ/hKV3TC8kHok/tg8G7yGlnwamuxUx3ghKhX9K3OdkND87s8fp4Fxqn7ADtYBfCb36Hv42c9hWXvSbnY6GpcOF2GJTI9nSmbfVsz9AUuuDzScuncDpQF5zO7Exjc5ZWsAPGA78gqzt6kuYF9vRAexp1OAgdzKY9tG0bkDgbN3ghEM6KiJfdEsweCe+zP/UKlTLgNpX0kuQ4ETEOhcYtR779IYmfkZPoojj4Y1Ef+xARSUpwPIl7bpP4R6XgjKLglO98wsuMDNRQlhk78HeKn0WdmwWzOyMFf4R31hmN+KE24bieSP4C1q091+smo33XGU7ZXwbhoOupX8RdOiHeeUiifYSr+Aw/WUBoyZjEyz8N0XmsiIiIjDojMIAae40tew2kwaRU1UVMG3KKfDDWCVt4qnivaUgR09ajp7pGBjHDWYw9j8M+qQyfOEdPc+vjTu9AvHYJTvvqJcaNsOwX9MyotMstfnQLfxJv1zHFb8/gSXTvKWhxypi/lhdvi35m5rcfpfjQ7t5lRC2tMEC9phhG9F/UtLXEWSGh5Qt6HWv4tXagrHd79adeybdpf4X7IOFdfmUAYn1u7aBponEiGIgPjUPFxdHLkwTHoBifkeR+nImxDxGRARnouU1YaJmSOOt5DkSsMouLk5mbHn/snhn6obXnOeLaiLVP45zLOkLnOPT4oXbQ4zrOTUYPUXWojtd/+g73PLMg4sfhWHWeGUoK6OscI9F5SN/7mBR3Pdue5+J2+fOpXAtVSZ3HioiIiCTHHO4K3DSKH2XF/Mg/t8T/hXzmCn6ydn7UQ8WPbukRYLIvFoBe0/fzFzzDi48W93p9cH8zV7xKZXTxzF/b/7u2z1/7avwMhRjHAPOpfCZ6HbAB66M98xf8gBURRc9fu5bomthB6j7lL2DdlkeJquH8tfwkBcsPFD/6aER9ilmxJTID0AmAQ3In6bHqGXXBmM+CH0Q+P5/KXv2SuF6J27S/kugDGVKJxon8Bc9EjBPzqXzm+0yP2nomj73a830Q+RlPrg6VUZ/jRwf5vhKR0Wrw5zYzeWxL9PflisGcp8Qos/jRLfxJ2SCLjPW9X/woL66Yae9v7fzox51tD70XkYXr/Fjb+4fawY/rADNXOGXU7eZ/vNOcoM7AzBVR30fFj66NOuewDzvBeUif+7BvXtmzzOjvvO9Hl5fwPFZERESkfwzLsqxUFlhXV8eUwsJBlxNcq2bY19ALrgc12CnzMQTXtUo0XUluLr2n5ctoEW/cuvHjWfju073uijwEY5mIjDzpM54No9BsnPByKTp3S0bwO2iI7ksg0k+jatwSERkFvmxstGcFpVBlZWXCbUbgFP6bRfhO8X2vQSo3l+D6o8nc1EFkqATXAe59N+ZE6/KKiIhj0m3O0ic9p9Tr3E1ERERktFEAdRiE7yAK89fql/kRI2Ld2OJHf6AbFEgvJz/5JCXl3HP33Qm3mbliCyvO9lgzbv5aZUWLSEq0Xr8+3FUYetnf5P9eXUfl9qMRD3pYuv73mXr9Oq3DVrF0106nH8BLu9pJ0kD2cFdARERGBAVQE8lfwLpXF6S4SOcOojKyzFzBT15dkXg7GdWSCX72JfkgbD4LnnkVDTUiIoMw4xGqqh4Z7lrcZPKY+1QVc4e7GiIiIiIppACqiMgN1v7edwf0utwH/yHFNRERERERERGRRMzhroCIiIiIiIiIiIhIulIAVURERERERERERCQOBVBFRERERERERERE4lAAVUTkZtNUw8aKCjbWNPV4bAe1CV+XYJsBV2kTj+8YipL7Lr92R492SKiWHRUVPB76l6g9mnh7UwWDP7TIcmrZUbGJt/tTbRERERERERk2uomUiMhN6szO/dSWr6I02Rc013NmiOpSUL6BXUNUdnxNXGgAipJ/Re2Ol6hZtI5dq0qdvyt4cVMR2zaUUzA0lXQUsHhDtf2/TV9SD3iGdH8iIiIiIiKSKgqgiojclEpYuRJe3FEbCgZGaqrZxNqddri0ZGUVG8ub2fHSAQBe3DGnx2uaeHtTJTuD0dWSlU5AsZYdFS9R4zxcvq6aVaVO0PGA86ATjGyq2cTa+uXsWlUafr5kEeUcgOXVrCqtZUfFHlgENQfO2PWv2sDiAuzM2MqdTnB3Ec9WO0Hh2h08/tIBoITyRb1boKnmFbvOZ17h7fs2sLggsr4R5UQc54UGKJmXH3qkdFW1E/i12+DwvCo2lhfY+95TxLYN99kbHgvWJdgO8bf/cFMlDZ5F1BzovX3D8io8e+xjPfNKDfdvmML+GG0sIiIiIiIi6UNT+EVEblb3LWFlw57eU8Frd7B2p4dnq6vZVb2Oop2V7KgtZdW6RcAinu0ZoWtqZuqaanY525efOcyHTdBUs8fO1qyuZte6RdTsqaGpqYa/ObAoVHb5gR77r93Bi8Hn1xRRH5Xyeob6ojXsqq7m2UVn2Lm/FqhlR+Vh5lXZ+9+2soEXdziPv3SA8nXV7Kpeg6ehd+5sQfkaVpZAyco1LC5o4u1NL1G/sipczqYaopumgMVrVsLOSnv6fq/n46tpKGJbsB1eSrwMQg1znHqU2O3Wow4llLByTTnEauMk6yQiIiIiIiI3hjJQ5aZjGAamaWKYdvzfH7Cwgo8bBi7TxMLC6wvQ7fPT5fXT1e2j0+ujs9uHZ/IExrqu4m05juEei+Eeg+HOxTBzMFw54MrGMLPAyADDDYFOrIAXCxcWmQQsCysQwLKs4W0IEQpYvGYeG/fXsnhJ+NGmLxtg0XIn+7KUOYvgb75sginxiimlNCoLtYSVQMF98yjZ+RKPH7AzI3dtAGhiXslOXqw4YGefVm+w9+kUVXvMfrwUoOA+5pVAQ8SuiqbYE+Xzi0qgHmc6+xlqKivYGdrqGLVzoIZFPGsXxP3znO3jaqbhTAnz1tjl23Wvpxmip+YXlLOxutyu644K1lbsdLJo83uVGKlk3n12OaVzKGcPFxJEOUuK7PIKpvQ9UT92G4uIiIiIiEg6UQBV0pphmvj9Fn7LwuV2k5Pp5npnN80t7TRcvEprRxddXj+dXh9d3X66vD66vD78gfjBzeXz7yY380vaTlclUwPMzDxcudNx5UzHzC3GPWYGZs40zMw8LF8HFmDhJhCwCCiwKjdaQTl/RAU7Plo58DKcqfLl66rZFZxq75S9sbrceb7CDmhWr2LxhmoWO9P7g4G/JX3vIYEY0+1rdwyqxGSUrqpm15IaNlYeo3bV4I5gwOK0sWbxy83tNG9Ubudo2WqqHpkR8XgLR17ewoXvVRH1cDIlvlHJ9qMxnui1jxvNPqYTs9bz1Ny8YaxHtJYjL7NlHyxd/xSDrlbLEV7ecoJZ659iLhH/31e5LX1tl55tJiIiItIXBVAlbZimiYVBt9/C5TLJyXTTdLWdxsvXuXilnYtXrnPxSlufwdHUswh0XyLQfQnvlQ96PevKuQ1Xzm2YOdNxjb2TjAn3YWTlE/B7sSwXfr9fAVXpJffBf0hpeaWr1nGs4iXOYC8UWjDFAzuPUbuqlFJqOXYAitYluEVSyUqWlAK1x6gBVmKvo/pj1rCxfBW7qorYWFlvr1f6CvzHDeWsqq7Cs6kyKsO0dM4ieMnZd9NHHD6T4B5PBVMoYid/U7OEjeUF9lqqh+exbcMcynmJY7WrKC1t4sPDZxLcdSkfT8kZDn/UxOLyApo+OsyZknlE55XaQd/6lc66paFjLyKfAvDAmXo7Z7X22AGnFWxnDn9EU3k5BbXHqMHDswV9b5+smG0sMlIcfYsj5SkI4AX1DJa2HOHlLdt544H+B2RHthY+PQFlZXDi0xbmKkgpIiIiMmgKoMqwMQwDyzAJYJDhdnHpWjvnm69x8Wo7Fy+30XytfbirmJC/4xz+jnPAsfCDZjYZE75ORv48Mm95EDMrH38woBoIYAUCw1ZfGX4nP/lkCEotZcnKEmqCc+BLV7Ft5SbWVlQAzk2kSoGmIkrY2fsmUqVzKD/zkjOdfSUrSw7Q0AyLy9cwb1Mljzvllq+rprQA/uO8Tfa2YE9/L4WmL8P7fnZRhT3Fv2QR5SWJ676qaiUbK4P7WcSz1eUUAKvWLXKyMksoXxSroAKmeuDMTucmUhvW0VDRu5z4+wput4oCoGDOInjJyapdFH3XqhJPPT+uqOBMsB0A+ti+TwVTKOIMO1+pYduGGG2cfEkiac3jgX27jnDXU3MZkhBe3ly+V7aP7R+c5pEZiqCGnK5hH7NY/8AFtmyv4fTcRxhU6+TN5amqufb/t6SigiIiIiI3H8NKcXpcXV0dUwoLB12O9xV7jbqMNTUJtpSbiWHYGaZutxtfwKK2oYlT5y5x8UrbDavD8vl3MyXzC659+Gc3ZodmFhkTHiAz/1tkTHwQM6sAn7cDi0z8fv+NqYPcEPHGrVE7njXVsLHyMPOqNrA4QQKsiKSXRONZZ8Xf9/Fqewo/q1fD9u2cXxqcqt17Cr891dzJY/csZX2cYOvpNyrZTu/p+j0f77O8liO8vGWfkzXviZreHrVEQESm6+k3KnmLMjh6lIZgeZHleMoo4yjng9PRT79BZaggTx9T6O222BdK4S9jdZUd6Ey4zz7LdV4/dT1PzW1x+sFp79NvYP8ZDKj2mEofVXfwBPutryn8UfWKaLvga5ZOY9++o9HlxZjCH6/9RVIhu/r3gFF4HiYiMkJ92dhIcXFxSsusrKxMuI0yUGXIWRi0e/3kZGXS2e3j07PN/ObcJS61dgx31W6MQBfey+/ivfyu/beZhXvc3eTctozsvDL83W34LTcBZabKSOCspxpUsrJKwVORUWsGj6wuozJeFuTpN9iybxqrq55ihhNU2/LG5OSDZy1HeOsolK2eEaM8OygXLu80b2zZx7TVVTwVDCZueYPJVY+Qd+Rltp9fyvqqueQ5wd+Xp4aDew1HYXVVVTjouGsfLF1PVSjoCJ5Z2PvYfp6l66vs4OLpN6iMk4HbcmQX+6atpuqpGQQDim8dKY+zz/h1791Sp/ngqIdZ6/OAPMqXetgSzNCd8QBlbOeD048wYwbQ8iknGjzMejwvdt0TZq/abRGqV8sRXt7iLNtgHwX7TsxifVWVEwDewhuTey+30BLV/nZbvHxE66OKiIhIelEAVYaEaZp4A+Byubje0UVtQzOfnW/hSlvncFdt+AW68F39Fa1XfwVAZkE52VP/kIyxXyPg9+ELuDTNf4RK1fT9e+6+OyXlDInSVeyqXjXctRCRdDHjEVaXVbL9jQeoeiQ6IHb6g6NQttoJ0OUx93tl7Nv+AacfmRE7aHd0O5U9biTlWbo+FJA7/cFRPEvXh147o3wpni1Oeac/4ChlrA49+QhVVQAtHDnRgGfW406Qc4YddDzxKS1znWnrZQ+E6xMVdARmlLPUc5QToRo1sK/mNHMfmWHv46nYzZI39ynCt7Js4UIDMCtig8h9nv6Ao56lrA8fGEs9W8KB0EinP+Bo2feocqqXd9csPPuCbTqDB8oIL3nQcoGGsu/xVJ593I9EVLbl4nlgWuzKh4+CuU9F3JCz5QK9DuN7TvA4armFyPdBC5+eaKDse0857e+8D96y218hVBEREUkXCqBKSvkNk6yMDFpaOzhZ38Rn5y/R2tE93NVKa91NNXQ31WC4x5I5+XfInvL7mJmT8AUMAgFTN6EaYQYb/ByaNVRFRIaOHcjczhsPrGdq6NEWLp4Hz6x+hMjKek7Vn8b3QlmKdnkNR7dQuS/yRR4utkCevbMYATk7eDnte0nWo+UCDUwjvHkek0Nxxhk8UrUaKiMCvfGmo/eY6u/p4yZ5LfaBsSX6wPBcbIEewcgjbx2FhqO9As3B7NbIoDIfHKXsgUfCr41YUsDTV4WiDiNi6r3H0+Nefx6mRlQvb6oHLvQ6Oi40wNHtlURXuYwWUABVRERE0oYCqDJohmHQHbBvBHX4wy+oa7xCe5d3uKt107F81+m68Ld0XfhbzOxpZE3+92RNeRgsCx9jNcV/BPnHBnNAr/uOR+8BEbkJ5c3l8aUn2PJWDWXhB5k8DRouDCxMljf3KVZfqGT7y1OddU7t8jyz4kz9tncWIyiXx1QPnOgVjIy346l4OEF4cztwG44Mz+CRqioeAWdK+3beeKDntHU70NlrTdB4u7QPLO76sOFiP+VEQ1nEGqfOw0deDmXU5uXdxSzPPj44/QAcLSMUPz1dw77I1zpLE/Sp5QhvHY1Yj9VZ9zTu5hcaYjxqt3/Z93pP7RcRERFJJwO7ihfBXtu0K2DQ4Yd/PdnAj988wcn6JgVPUyDQeZ6Ohp1ceXcp109twez+ggxXN6bLGO6qiYiI9Fve3MdZylGORsTQZjxQBkc/4DQQyp6MnLqewIxHVlPWsI9dR1pC5TXsq3HKswOHlZVv2H/PeIAyjvJB+ElernyZIy153DXLQ8OJT50bzJ+mZl8Dnll3xQ5W5t3FLI89Td8u51NONPQsM7jtZKb1yMKMZAePcYKXfR3oA5Q17KMmqu6VvHE6erOWT0/QEKP98u6ahafhBJ+2ANjHe3T7ds4vLe+x7XkutkCoL5LSQPgwIm4m5TwXbidnvdoHetXOrs9bRwg22+k3Kql8Ofy3iIiISDpQBqr0m9dvETBMOrt9HK09x5kvLw93lUY039Vfce2D/4BrXCm5t/+ArDFfwxdw4Q8omCoiIjeL4BqnEYG5GY+wfunLbAne9dSzlPX9SkN01ivdF7w5UY/y8LB0fTAbcwaPrF/Ky1sqCT5bttq5YZKTzRqaIl+22r5BVLzjeGo1F0LT9MsoK4PzAHlzeWr1BSq3VBKcbO9Zup5HehUVbAunjLLVrC47yva42bi96x659qvNDvyGbqgVtTs76zS4NmveXbPwALPuitiXs67qvi2V7MPD0tVL8Wx3Mm3jtERoXVNn+n3Z6tWUHd1O+DA8LJ36AZVOKmvvOgeL6dH+lLG6SuufioiISHoxrBQvsFhXV8eUwsJBl+N9pRyAjDU1gy5LUiOAQQCT5mvtvPvpec41XxvuKg3I8vl3MyXzC659+GfDXZUBMXOLyClaReYts/H6AgQCSiRPF/HGreDjv1n419xz992DmsJ/8pNP0vsmUiIyIiQazzor/v6G10lEZCCyq38P0HWliMhI8WVjI8XFxSktszL0A3x8irxIYqaJ4c7kwuV2fv5vtez719qbNng6EgTa62mr3ciV9yqwrrxDVpYLl+kf7mrJcGiqYWNFBTtq+9pkE4/3tUGUWnZUbOLtpoGX17/9OXvdUcHGmqak9i8iIiIiIiJyo2kKv8TlcrsxXS5+c76FfzvZwNW2ruGukkSwuptp+81/o+3Mj8ktWknWlN/D5wO/XzcaGi2aPjoMixZRf6wWSktTUGIpq6o39LlFQfkGdvXxfHP9mX7us4kLDUBRcvsXERERERERudEUQJVeDMPA5bLo7mjEnzGZfzj+2XBXSfrib6f981dor9/JuNKNZI69C68/gxSvziFpp4kPD8O8NUvglVd4u2kDiwucp2p38PhLB4ASyhcFt69lR8UePCs97NxpP7eyajkNlS9RA5SsrGJjebO9TdUG7v9oE2vrPZQfOEANwKJ17FpVSlPNJtbWL2fXKthRYb8WoHxdNavYwYsHAF5ix5wqPHsqafAsouZAAyurNrC4OViv8GuWfPkKO88AZ17h7fuW01Bp739xQRNvb6q0n6PEfr3zmF3mgfB+UxE7FhEREREREYlDU/glitsFhtXGB//wHzi25/uMyXJTMuWW4a6WJMPfTuvHf8712g1kujpwa1r/yNb0EYc9y1lcUMD98+DwR8F577XseOkA5euq2VW9Bk9DZEboGXbWz2FXdTXPLjrDzspjzKmuZtvKEs4c/oheM+cPwJzqanZVraTkwJ6oqfVNNXuoWbSOXdXV7Fq3iJo9NTSVruLZRcCidaGgZg1z2FVtB3drsfe9y9lnzbFaCsrXsLIESlauCQeAgdodlez0BMv3sLNyB8GFAWqccratLLH3m8p2FREREREREelBAVQBwHS5yMrK4OzHu/jX17/NtaaTANS9/yq/O+trw1w76Q/f1V9x+dgf4v1yL9nZGbhc+piPRE0fHaZojh2lLLhvHgQDoLXHqGER9lMF3D+vJOp15c5r8otKYNEcSoGCKZ7YOykpIh+gYIo9wz5CwX3zKDnwEo9XVLCDVezaUE5BzCLyQ/9fWlpqZ8dWVLB2Z19T/e1p/cG6UjqHchq40BRdZtx6i4iIiIiIiKSQpvALLpdF++VPOPaL/4SvuzXqufoP/j8896/iwTun8t5vLgxTDWUgOs5W03HhDcaVbiBz7D14/S5N6x8xatm/8ww1VBC+n2wJHzaVs/hGVaGgnI3V5c5yARXUsIhnq1f18QJnSj4r2VZdDTWbWFt/oyorIiIiIiIiMnAKoI5ibreJaVh8fOB5musPxN2u9p3n+Nbi/6oA6s3I307rx/8Z94QHGHvX8wSsTHwBZaQOt+94Bnmjr9pj1JSsZFtE1mdTzSbW7q9l8ao5lPMSx2pXUVraxIeHz8AQJGo21Wzix6xhY/kqdlUVsbEyuWho+fJyCmji7T7rVcBUD+w8Vsuq0lInq9bDswWgUUhERERERERuNAVQRyHDMHC7LC7W/RO1hzYl3L65/iDdHS38zm+V8E/v9/cO25IOfFc/4Mq7f0jWtGXkeFbS7TWGu0qj1slPPhl0GbXHDlAyrypqynzBffMo2XmM2lWrWLVukZMVWkL5opK45QxGQfka5m2q5PGd9t/l66opBZqKSmCncxOp6Fdw/7wSdjr1WrlyERz+kiZKmeqBMzvtm0gFla6qYuWmSh6vgOBNpEppUgBVREREREREbjjDSvGc3rq6OqYUFg66HO8r5QBkrKlJsKX0h2kaeNsv8NHb/5n2K3VJvy5n/HTKlv+cqn1Hh7B2N8by+XczJfMLrn34Z8NdlWHhGnsnE77+3+n2WQT8g8yElCjxxi2NZyJys0k0nnVW/P0Nr5OIyEBkV/8eoPMwEZGR4svGRoqLi1NaZmVlZcJtNJd3FHGZAa41Hufdfcv7FTwF6Lh2lquXTvPIt0qHqHZyo/iv/4aWf/s2RsenZLgVQBURERERERER6Yum8I8SGW44feKvOf/J3gGX8cuf/zHlP3gPt2niCyjwdrNr/fDPyL7tj8ieXqEp/TdIKqbvA9xz990pKUdEREREREREElMAdYQzTftmUcf/dgXtV78YdHlN9Yd5bPE32fnPv05B7WS4dZ77G7pbjjHhge34fAb+QEpX9JAYBhv8TFUQVkRERERERESSowDqCGbgo+PqF/zy71elrMyP/vk/sej/Ok7hLWNovNyWsnJl+ATa67l85LuMu/e/4h5TV0+bLgAAIABJREFUis/vGu4qjXgfL1s2oNfdu3fgGeQiIqk0buzY4a6CiEhSvMNdARERGRG0BuoIZRpdNP5mX0qDp0FnT/4v/mCu1kIdaVo//nO6Gv4nbuP6cFdFRERERERERCRtKIA64gTIzMrgZM06zpz46yHZw+lj28hyW9x7e8GQlC/Dp+vLv6P1w6fIzlZyuoiIiIiIiIgIKIA6ogS812lv+ZhDry3g8oUTQ7qvz47+N8q/Xjyk+5DhYXV9yeWj3yc7OxPD0M2lRERERERERGR0UwB1pLB8BHxX+eD//EcC/q4h392Xp35OwNfGt+71DPm+5Maz/G20/Ou/I8PVialRIm3V7qjg8Yrgvx3UOo831Wzi8R21QC07KjbxdtMACm+qYWNEmdFPbYrYbwUbawaygx5qd/D4phpSUJKIiIiIiIhISik0MhIEuulua+D43/7xDd3tx/+8ltl3Tr2h+5Qb68qx7+PyX8RlWMNdFYnSxNubKniRdeyqrrb/rYMXewU8S1lVvYHFA1lto7meMzF3XcOPd8LKKme/VSthZyU7YkVa+6N0Fbs2lKOFQURERERERCTdaKHDm12gk87Wz3l//5M3fNdXv/qA9mvnWfLQnex/9zc3fP9yY1z95UrG3/+XuLK/hj+gKf1poekjDp9ZxLMbIm7mVrqKbVW1RKdw1rKjYg+eKjuIWrujghcP2M+UrKxiY3kBTTWbWFvvofzAAWoAFq1j1yrY8ZK94Ys75rBrVcR+mus5g4c/CkY6C8rZWF0erlrNJtbudEKvi9bZr63dweN7oJwD1BR8m5Jj3fxR9SpKg9sfnse25fWs3VPEtg3lFNTu4HFn/6EyiF1/mmrYWLnz/2fvzsOjLO/9j79nyULCLgECkgijSNhEUUEkYAZci7uCSxMT0S5oqxJtf6E9B+gC1RY8Pa24tScx0aq4I+JKoqKyCIgEGAQCJGyRYYdss/7+mBB2CMnMPJPk87ournaeeZ77/gykc5Uv3/u+a4u9NjJnNLBgLCIiIiIiInIK6kBtyrwVHNq9ypDi6WHfvnMPF557jmHzS3gcWPko/gOLsFq8RkcRwFm8gBJbMp2Ou56QkELCKYqHzsKpR3Ws5pCcN+vI0v4iGFrbTWorms18ZwpZOWlAGpOOLp4CpGQxKa2IabXL94/pPHXkBoqh+fkU5M8gs2z6kfdLykiakE/BhGtItRWxqPb6rtIS7GOP7jx1kDu9CHvOsWOcKr9jbh5kzqAgP5+ZmZA3t7GtsCIiIiIiIiLHUgdqU+WtZP+Py1ldNMnQGD5PJXt2fM89aQP4T1GxoVkktA6t/SNxPR/CfE4aPuKMjtOiJSSe/d7Du0pLoGg66UVHrtmKnQwEOFyMTUgkuR5jpWTlU5BFbfdnBum1nZ8Dd5RBSRETM/KO3LzIQdZQgCS6JQAkMDDVxoIdTkjZxaKiNIZmwZENXHdQShrjUgL3jpqcD4Bj0cnzTxmaRsn0bNLzAhkKjjTDioiIiIiIiASFCqhNkN9Xyb7t3+D4cqrRUQBY8cF47A8spW1cNAcqXUbHkRCq3PQM8dZYojpchdtnMTpOy9UpGVtJKbvgmD1DHbkZvJ48g4dO8VjdsvejOAsbkaN2+b4jN4PXDxdjj1pyfyTYomMfG5AKs4pxJpZSmDaUrHpOd7L8kEVBflZgK4DsDPJsmYFtABr4kURERERERESOpyX8TYzfc5Ddmz+LmOLpYTvWf8C4Ef2NjiFhULF+Bu69X2K1+IyO0mT1f+ONBv2qkzCAVFsR045eP+/IZVpRGuNOKDAGdEq2UZI3t7bR00Hu8cvv68lZOJX0Ew6rguTEhEBnbNHs2q0BAgddTSl0njhIwgBSWcAzs4uwDz2u2JqQSDKHl/gfGeNU+R25gf9MsE+mICft7D+QiIiIiIiIyBmoA7UJ8bkPcnDnMtYt/KvRUU7g+GIyV91/HbauHSgp32t0HAmxyvV/pU2/c7DED9DBUmdp9Zo1QRglgVGTZ8DUbNIzDl9LY9Lhg5lO9oR9MpNKM5iWEVgDb8ucwZQUcO44xRSdkrGRd8IhUsePc/RYkMXMzNpOUAh0o9oTOKHaSgKjxiaRNz2pdqn+0VLImpFZuzUAYMtkpj2BBE6en5QcFmXU3ouNzBlZ6j4VERERERGRoDL5/X5/MAfctGkTiV27Nnoc96zARnZRExqzvrT5MJm8HNy5jJWfZBsd5ZTOu/hBug8czz/nfGt0lNMaO6IvidGbObDyUaOjNHntLnkRr7U7PjWjAqf+3tL3mYg0Nfo+E5HmQt9bIiLNy47ycnr27BnUMbOzz1xrUwdqE2A2m3BXOSO6eAqw+bsX6TEgg0t7d2Ppuu1Gx5Ew2L/8QdpfPhu3qQ1B/reYZik43afQr2/foIwjIiIiIiIiImemAmoTYLXAV2/eaXSMenF8MZnho/6iAmoLsm/JWDpc+SE1NUYnaRoaW/wMVhFWREREREREROpHBdQIFx1t5utXf2J0jHrbVVqIu2oPV1/Si0+XbzQ6joTJ3q9/QsfUz6iuqjY6SpMw9r1xDXpu9s2vBzmJiIiIiIiIiJyJ2egAcmpmk5sVH/4ad/U+o6OclRXzfs7Anl2MjiFh5WPf4nHExOgrRURERERERESaF1U7IpQJN5uWP8e+8mVGRzlrlftLObC7hNuHn3C8tjRjPpeTg6smEWVxGx1FRERERERERCRoVECNQGaTh92lhWxbM9voKA229J1xnNelPWb9hLUonv3L8ewuwmoxOomIiIiIiIiISHBoD9QIYzJD1b6NrP3qT0ZHabSdpV+RMeoS8j793ugoEkYVG/6H9u0HYzIn4Pf5jI7TPDkLmZKdR8lxl22ZM5hiTzjLwRzkZswmacZkRp3toxExvoiIiIiIiEhoqYAaQUwmE1EWCz+sLDA6SlCs+vRR0sYvoWuHeMr3VhgdR8Jo3/IH6DDsA2qqXUZHacZsZAalKJlCVv7kYAQyaHwRERERERGR0FIBNYKYfNG889hBbnn6SXZv/ZJVnz1hdKRG27r6dW4ZdgfPfbDU6CgSTr4aKhxTaHX+b3B79TUTXoGOT9KgsKiEYwqtjlzSpxcBNuxpUMhYCrKo6xAdWDyViaVJ2IuKKARIy6EgK7CXsSM3g2lFgRmO7nQ92XVn4ZFxSjN/SXLeJ2cY38n8qdnklQBpadiLytSxKiIiIiIiIhFDO1RGCr+V1e/XUL7Ky3NX7yfaegVX3vOR0akabf2iGcRYoV+yKiEtjWv3V3j2foXV7Dc6SjNVQl52BukZR37lOo68V5o8gYL8fCallZA31wE4yJ1ehD0nn4L8CSSVHb8BQK0iGJqfT8GMTGxFs5nvBGfhVKaRQ0F+PgX5OSTnzTrt9aPHmWJvX4/xZ5FHJjPz8ykYSqC4KiIiIiIiIhIh1BoWAUwmE64DFr557mDdtVfSKxnxSCxp479lxYe/ZO/2ptvBuWHx3xg15DesLnWe+WZpVirWPUW7yy7GZGqP369CanCdfgl/cmLgjU7JNigFHIsoJI1JKQAJDEytvX7CsMl0AkhIJLn20q7SEiiaTnrRUbcVO+l2iusDjx7njOM7WbmgBFvqBBIAUoZip6xevwMiIiIiIiIi4aACagQw+2N4b+L+E65/+XcXq9/3MO7FZykv+QDHF1MMSNd42x1v0Wvwwwzv14OvVm8xOo6E2YHvfkb7IW9SU+M1Ooo0wskOqHLknvy6Uy2kIiIiIiIi0oyogGo0bxTfvVnN/u0nP61890Yfs0bt5b7ZV3PFuMEsfP3GMAcMjuLPsrn8J8+rgNoC+T0HqVg3nVa2ibg9+soBmH3z6+GfNGUodqazyJFFSkqg65Ok+j3aKdlGSd5cHPYsUnCQmzEdcvIZc6rrZxUs0A2bt6AYp91OgmMRhUDm2X9CERERERERkZBQNcNAJrOZSqeJb1+qOuO9L42tYPSkdqSNX8K37/6UQ7vXhSFh8OwvX07F/q2MGXIBcxevNzqOhJnL+TnRna/D0noQXu/J/7GgpVi9Zk2QRgrsgZp39CVbJjMnJ57i/hSyctJIn55BITbsabZ6z5Rgn8yk0gymZRTVTjODKSlAysmvO3ec3SdJsE8gc0E2EzPyAodInd3jIiIiIiIiIiFl8gd5Y8JNmzaR2LVro8dxzwr8FTpqQvNdC2o1xfJy+j4qdtX/j6DbRVZueboN29bMZt3Cv4YwXfBZo9swIqOIGW8tNDTH2BF9SYzezIGVjxqao6UxWeLpcMU7VFd7jI4SMqf63oq877PAqfcLUk9cfm84Ry7p02FSfhYpRmcRacGazveZiMjp6XtLRKR52VFeTs+ePYM6ZnZ29hnvUQeqQUz+aL4tqDqr4inA9u89zLLv5f53bmXoHVew6M3bQpQw+Dyug+wp/5670wbwalGx0XEkzPzeCqrKCohKHIfHazY6TgsUWGJf91cHWyYzI6R46iycysS8krrX9px8FU9FREREREQkYqiAagCz2czBbbD81eoGj/F/tx7i+j924qqshSx64zaqD53lmlmDrJg7HvsDS2nTKpqDVS6j40iYVZUVEJN4KyZTK4Lc/N4kBGv5fr++fRvwVApZ+flkBSVBcCXYJ1OgdfsiIiIiIiISoVRANYCn0sqcJw40epwP/6uansM93PDH9yld+RIlS/4RhHSht2P9PMaNtPOvj74zOooY4NDaP9K6zxRc3iijoxiiYcXPI4K3h6qIiIiIiIiI1IcKqGFmMlnZ8q2Hyj3B6b7b9JWHZ9L2MH7OPZzT/UqWvHNXUMYNJccX/81V919Lz67t2VS+z+g4Emae/d/hrfgBS/wAvN6W14UK8O8bznxw3MmMn9cqyElERERERERE5Ey0EWGYRUVF8fnMiqCP+++bDrJnU3euyvwGa3TroI8fbJtX/JsbLrvA6BhikEOOqURFWYyOISIiIiIiIiJyRiqghpEJK9+/VYWnJjTjv/9EFYV/czEi43OSB0XiTodHbF7+AhaTm0svSDQ6ihjA762gsqwAq8VndBQRERERERERkdNSATWMoqOj+ObZhi3dra8fPnbxTNoeevT9GZfe9FJI52qstV9OYXi/JKNjiEGqywqwmDyYTCajo4iIiIiIiIiInJL2QA0XTzTf5FWGbboXf3KQ2//RixH3fcmXL40I27xnw7lpPu4r9jL64l589t1Go+OIAQ46JhPf5w+4W+iBUg3mLGRKdh4lx12258wgaXY2ZWPzyUoxJJmIiIiIiIhIs6MCapiYTGZWzK4O65xv/aqKi+6Ixv7QUn74+i9sc7wZ1vnrY8UHv2DInbNVQG2hPPu/B18lJlN7/P6WeaBUw9nInDGZUQnHXZ6cb0gaERERERERkeZKBdRwcEex4JngHxxVH9+/6eL7N/fw84+foHPPUXw375eG5DiVyv2bOLh7A7cNT+HtrxxGxxEDVG16nlYXPIHbraX8jedk/tTaDlRySZ8NdoooLAFsmcycbCcBcORmMK3o8DNpTMrPIsVRv/vtOYe7Wx3kZkynEDhlMVdERERERESkGdAeqCFmMplwV5n54ROXoTmev3Y/nsoBjEj/3NAcJ7P0nbvp2aW9fhhbKNeuzzH5XdoL9ayVkJedQXpG7a/ck/wDREkZSRPyKcjPwV6Sx1wHgAOG5lOQn09B/gwybUUscpzmfkcu04rSmJSfT8GMTEqn5+LAyfyp0yGndpycJPJmFeIM34cXERERERERCRt1oIaYt9LK508b0316vNkPVnLZfdHYH1jK6qLf82PJR0ZHquMs+4b0qwfx0qffGx1FDFC1+V/EnPcQHo/RSZqSk3V9Hl/CTKJbAkAnkmxQBkAKKSnHdZWe5n7njjJIG0sKQIKdKfkADhaVQOH0jNoO1ECelU67ulBFRERERESk2VEBNYTMZjPbVvkoW+w2Okqdb19yUfzOHjLfnEoX23Ws/ORRoyMBUPzJr0kb/y1dOsTz497IKDhL+NSUf0Bcr4dQ/TQMag+gInMGBfkElvw3aCAt2xcREREREZGWQQXUEPJUWVlfWGl0jBNUH4DnrtnPPS8NZvi9n/HVK6ONjgTAltWvceuw23nug2VGRxEDVJW9REz3+3B7jU4SeuPntTI4QRrj7AngLGRBCSSf5s6ExCTIW4QjK4UUZyFTsheQOmMCSbYS8uY6GJWVAo5c0qcT2Es1bJ9BREREREREJDxUQA2hqFgLJV9ETvfp8f5zXxVXTojF/sC3fP/xRHZvWWBong2LZtA95Q76JnViTdkuQ7NI+FVvfZ1W5z0IXmP3Cw611WvWGBsgYQCptjymZRSBLZPMNFiwwwmJp7g/JYuZmVOZmJEBgC1zBqMSEmByDmUZ00kvgsPdqCqeioiIiIiISHNk8vv9/mAOuGnTJhK7dm30OO5ZgV35oiYUnuHOCOWzsmaOh4UvVBmd5Izadjdz70ttcZZ+xurCSYZm6Z5yJ72GPM7/vrckZHOMHdGXxOjNHFgZGdsXyBGtznuAqK534PH4jI7SIKf63mry32ci0uLo+0xEmgt9b4mINC87ysvp2bNnUMfMzs4+4z06+DxELJYoVr5dbXSMejmwzcezo/fRqtVIrrz7Q0OzbHO8gd9TyZV9exiaQ4xRVZqL1RpldAwRERERERERkTpawh8CZrOZnWs9VOwKanNvyBXcU8HIiXGkjV/C8rkPsv/H7w3Jseqzxxnyk+f4es0WQ+YXA/m9VG19FWuXO/F6m99mqMFavt+vb9+gjCMiIiIiIiIiZ6YCagh4qqwsfzXyDo+qjy9m1rBmrps7n32RHeveZ+1Xfwx7hn3ly6g8sJ2fXH4BHyxZH/b5xVgu5xfEJN6M12sxOkpINLb4afgeqiIiIiIiIiItjAqowWYyYTaZKFscuYdHnYlznY9Zo/aR+eb1DBt3Gd+8flPYMyx7L50RGYUqoLZA3or14KvGZGpNkLdojhjfvJLaoOeG3WvsQW8iIiIiIiIiLZH2QA0yk8/KijdrjI4RFHl3HKJscTvS7l9MXPteYZ3b4zrAnvKV3J3WP6zzSmSo3vE+FovJ6BgiIiIiIiIiIiqgBpvFamHVu03j8Kj6+PTPNcz5bQVDbn+dC64486lkwbRi7v1069iG1rHRYZ1XjOf68SMsZp/RMUREREREREREVEANJovFwpalbmoONa9lx1uXephl30un7rcz5I43wzr3jpKPuGtkv7DOKcbz1ezEV12O2ayvKBERERERERExlqoTQeQ6aGb5q82n+/R4/3frIXau6cxVWQuJjksIy5yOot/TJi6K87q0C8t8Ejmqt7+D2ew1OkZkchYyJWMq853HX8vFYViowxkySD/uV66hoUREREREREQaRwXUIGrVzkL5Ko/RMUJq3u+q+eRP1Qy/50N6Df5FWObcvPxFfnJ577DMJZGjZucnWK0xRseQs2Yjc0Y+BfmBXzMzbRTOLsR55gdFREREREREIpLV6ADNhdliYdv3zbt4eljJ526e+XwPD869j3N6pPLtu/eGdL7NK/5F0kWZDD4/kWUbdoR0LokgvhrcB4oxt+qLz6tO1LPhLJzKxAWpzJxsJwEHuRmzSZoxmYHFU5lYmkpmWR55JUBaDjOTZzMx8IJJ+Vmk4GT+1OzA+wC2zMA4jlzSZ4OdIgpLjrp+hiwJA1Kx5ZWyC0gAHLkZTCs6PPQMptgTAp2r2XkEprSROWMyoxIAHORmTKcQjsoXuEZOPlkptZ+1dCwFWZCbMRvSoLAoiUn5Y9he9zmOGvOYuQ6PeWwu0nIoyEoJwp+EiIiIiIiINAfqQA0Wj4V1n7mMThFWL445yP6yJEZmfo3ZHNqDntYu+APD+/cI6RwSeaq3vY3F1DL+YeLslZCXfdRS+bqi4BkULYAJ+RTMyMRWNJ1nmEBBfg52iljkAJy76DbhcAdpDvaSBaw83D5aUkbShMPX85hbj6X5zuIFlNiS6USg2DmNnLqxk/NmMd8Jjrl5kDmjtmMV8uY6ACfzp06ntO56GdOmnqmTtYTS5AkU5GfRqXAWeWQyMz+fgpwk8mYV4sRBbvYCUmfkHxkz1wHOQl4vSmPS4c9cNPvY7RFERERERESkRVMHapCYLWZKF7WsAirAe9lVpNwQjf2Jb9iw5O+UrSwIyTw7N36CbUg2owf15LMVm0Iyh0Qe9+4FmC54DIg1OkoEOrpTk9rOytJ6PJbKwASARJKxkTQgMECSDcoAElKO60K1kVn3cBLdEgA6Hbn/BIHCbt4xOQOdqo7SEiiaTnrRkbttxU6mDE2jZHo26XmBz1RgB3BQVmIjdUIg35FO1sTTfrzkxMD9u0pLsKVOCHTIpmRRMDnwe1RKCYXH5FuEI2sMqbY8pmUUBbpP8yef6XdRREREREREWhAVUIPAZDJRsctP1T6/0VEM4ZjnwjFvDz+b9xAJyWkse//+kMzz/Ye/ZMjtr6uA2sJ4KzZijhugZfzh4sglfXoR9px8ClICy//PzpHC7uGtBAYetc6/btn+MbIoyM8K3J+dQZ4tk5mTT18obbgjy/aPljI5n1G12wOkF4G9dosAERERERERES3hDwKz2cr6ohqjYxjuhRsOUL2nNyPv+zIk41fu28jBPRu47co+IRlfIpNr19dYaF7F02H3LmjQr/pKSEyCksC+ozgW1e4hehZsmYxJaeCzR+ewT2ZSUh4TcwNr/Tsl2yjJm0vglYPcjAxyHYH9R3MdgfsLctJqn+5Ekq2EBcWBtfRHtgIIdL+W7nACTlYuOPnGBZ2SbZQsKA4s+Xfkkp6RiyMhkWSKeL2wdszCqaRPLcTpLGTK1EKcpJCVP4NMWyM+tIiIiIiIiDQ76kANAp/LzKZvWt7y/ZN5c0Ilg8bFYP/FUhwL/sSOH94N6vhL37kb+wNLgzqmRDbP/hWYzF7wWoyOEhSr16wJ/SQpQ7EzvXZJehr2s322ZDoTM/IgLZNMWxFluxoRJSsHe8Z00smhIGsyk0ozArmo7UZNAVJyWJSRQXrgKpkzskgARk3OoSwjm/Q8CHSOBrYCGJhqIy8vsOTfnnbyameCPTDXxIzAYn17Tj4pQMqMTKZknzjmQ6lT6+4lLYcCdZ+KiIiIiIhILZPf7w/quvNNmzaR2LVro8dxzwr8lT9qQmP6n8LDaorl+ev3Gh0jopit8OAHbTngXM6KDycEdewB1/wvpvaDeOnT7xv0/NgRfUmM3syBlY8GNZeETodhH1LjivwtMk71vdWUvs9EREDfZyLSfOh7S0SkedlRXk7Pnj2DOmZ2dvYZ79ES/kayWCyUfes2OkbE8Xng+WsP4KsZSOpPg/t/Voo/+TXntGlF53bxQR1XIpfn4GrMlubRgSoiIiIiIiIiTYuW8DeSt8bC+qIqo2NErNfHVzJkfAz2B5ayan4OOzd9GpRxtzre4NYrb+H5ecuCMp5ENtfub4iN74vP6CCNFKzl+/369g3KOCIiIiIiIiJyZiqgNpI1xkTfG6KJijPh+EAHSZ3M4n/XUPxODfe9/me62K6l+LPHGz3m+m+eYuSFt5LSoxOOLY3YoFGaBM++FZiSPDSHr6zGFj/DsoeqiIiIiIiIiNRp+tUIA5lMJqqppLpnOcMvSsb+eDzuah97NvvY9I0LxwfVVO4xOmVkqNwDz169j3vyhzL83k/46pVrGj3mhsVPM/ryiSqgtgDeyo2YLdHgaeo9qAHPzFvRoOceumFQkJOIiIiIiIiIyJmogNoIJrOZ9XvWM/nzyQCYMXP9BddzeffL6X9Pb4be3xGP28ehH/2ULXHzw6c17FzrNTi1sf6TUcnwX8VgH/8t3334MHu3L27wWNvWzKbn4Alc2bcHX6/ZEsSUEoncB1ZjjuuPz9uy/zckIiIiIiIiIuGlAmpjmMDhdNS99OHjg/Uf8MH6D+quXXHuFVzZ40r6XzeA/re0B6Byj48dK72sL6ph01ct7wCqr/5Rw+o5bu7+v3/w48ZPWPP57xs81ur5v+Hy659RAbUFcO3+mtj4lCa/D6qIiIiIiIiINC0qoDaCy+di075Np71n4daFLNy6sO5173N6c1XyVQwafDHXjOyK1WKh+pCPnQ4vm75ysWpOy9hHdW+pj1mj9pHxmp0r757H16/e0LBxti+h6uB2brjsfOZ9uyHIKSWSuPcuI7b7WKCt0VFEREREREREpAUxGx2gKbNYLJTuLz2rZ9btXscLy19gwoe/5LY3biXrvSze3vQa1T03M/ThKB4q6sjPPmzP2OfbcVlmLK07N+8/ovy7DlHyRTxp9y+hTUK/Bo2xbM59pCQlBDmZRBpf9XYsMZ2MjhE5HLmkZ2Qc+ZXrONMD5GZMZb6z0ROTe3jOqYWcfLjD9+RyTCpnIVPqlfXooXJPHOc0nIVTa8d3Mn9qBmczlYiIiIiIiMjJqAO1EaIt0ZQfKm/UGLurdvPa6td4bfVrddeus13HkHOH0HdcHy6/rz1ej5+D5V62LPOw7jMX5as8jY0eUYr+WoPjQy+3/T2P7T+8ww9fTzur5z3V+9j7YzF3XdWf1z5fFaKUYji/G7+3ApMpGr/fb3QagznInV6EPSefrJTa1xnTmZI8gyn20P5jgrNwNqWZMyiwJ+DIzWCuw16b4Xg2bLYiFjmySKl931m8gJKQpoNdpYdnSGDU5PwQzyYiIiIiIiItgQqoDWQym9lxcEdIxv6o5CM+Kvmo7vXl3S5neNJwBoweSL8b22PCROU+HztW+tjweTUlXzT9fVTLV3mYNWovmW/+hCvuvJyFb9xyVs9/934W9geWEhdrpbK6eRWY5Qhv1XZM0T1VQHXuoBQbqXUNuSlk5R9VLHTkkj69qO7lkULr0bdkMK32FltmbeHVWciU7LzaIqeNzBmTGXVcPTYhMYmS2cU47YksKkpjaNapY6amprFghxNSEgAnKxeAPc1G4WlzOpk/NZuypDQKi8rI/GXSkY9dOJWJedTmChQW2b/lAAAgAElEQVSNC4/Ouiu39jNNJ3foDJJmZ1M2Np8xO6YysTQJe1FR4P60HAqyUgh0qWaTVwKkpWEvKiPpJJ9ZREREREREWrbmvT48hMwm0xn3Pw2WJduXMHPRTLLez+SW2bfw2KePMd/5ATGDfmT071vxUFFHxr/fnptntGHAbTGYm3BZPO+OCrZ915Gr7l9Eq7Y9zurZ8pKPuXvkgBAlk0jgrdiIyayvLRLsPJQJedmBpfRTCo9dSO9gKAX5+RTk5zMz00bhomPXsTsLpzKNnNp7ckjOm8V8Jzjm5kHmjNrnIG/uSda/p2QxKSmPiRmLGJqfxUmbTw9LTIYFxYFl/s5iFpDK0OT65SxkKAX5kxnV/vDNuUxckMrM/MmMSnAyf+p0yAk8W5CTRN6sQpwpWUxKA9JyTuyKLYKh+fkUzMjEVjSb+U5wFs4ij0xm5udTMJQjhV0RERERERGRozThUpuxfPhYu2utIXNv3LuRjXs31r1uF9OOa23XcmmPy7j85+cx4lfxeGp87NviZ/MiF46PajiwremcXf7x1GqSh3gYM/1tyopfZsOSv9fruTVFv+Oq+5eQ3LkdpTv3hzilGMFTUUJMxzSjY0SEBPtkCuwQWL6fTXrekU7TlJSUY7s7j/st21VaAkXTST/S/Imt2MmUoWmUTM8mPS/Q0RkY/2iBrk9yZpBZls3rhWN4iFlMLB1b29F5nE4DSGUWK512BhYvgNQJdGJB3duny2lLPnq/2yKmTbeROSOLQHPoLspKoHB6xlFFTxsrnXa6neo3zJZMJ4CERAI1XCcrF5RgS50QGDNlKHbKTvW0iIiIiIiItGAqoDaQ2+9h877NRscAYH/Nfmavmc3sNbPrro3uNZorzr2CPrencOlP2+Pz+jn4o4+ty9ysm+9i+/eRvcy9dLGHZ+x7Gf/eXXTscSVL3hpbr+c2f/ciY4aM55n3vw1xQjGCr2orJtxAlNFRIkhg+f6YwqlMXOQgK6VTYFl6bWclhVOZeJKz7uqW7R8ji4L8rMBS+ewM8myZzJxs5/Bdh/c/nZKSAJNzKMvIZiJgzzlVH2oCA1PhmWIHLIDUCQlQfPg9Z71yBqQxKQemzSpkYF2ek28xoDOjREREREREJNhUQG2gaGt0xBRQT+azjZ/x2cbP6l5f0vUSUpNTGZh2ESljzsEEVO3zU77Ky/ovqtkwPzL3Uf33zQcZ85euXJW1kK9euRaP68Bp79/83YskXZTJxbaufFfSuAO+JPJ4q7ZisUTh9hqdpHEeumFQ4wZw5JI+veyEAuLRXZv2sXYScDJ/QQkkHft4p2QbJXlzcdizSKnrKs1n6KIMFg3NJ8s+mYLEXNJnH/vckf1P7SSQwphMG4V5kNSJU0oYkAqzZrOgJIlxJ9lb9HQ5j5GSxaSkDJ4pHMAUeyeSbCXkzXUwKutwFytMyj/NhqwnJmNgqo28BbWfx7GIQiDzLEYQERERERGRpi87O/uM96iA2kAen4eDroNGx6i35eXLWV6+vO71ee3Ow97TzsUDLsF+RTeu/X0baip87FrvZdM3Lla/X4On2sDAR5n7/6q5YLSXa35XyKZlz7Hpu3+d9v61X/6BESP/oAJqM+Sr3o7fHAtEyA9nA6xes6bxg6RkMTOztkv08LW0HAqyAhXKgak28qZnUIiNzMw0WLADJ4l1jyfYJzOpNINpGYGl87bMGUxJAVJyWJSRQXrg6lFL5o/MOykpg4kZeUfmnLGDKdm5dDvVfqgJA0glj7y0sQSObap74xQ5T12NTRmTCdmzmD9gMqMm51CWcXgbgkA3agrgTLZBXu0hUmf4bUywTyBzQXbg86SlccKOBSIiIiIiIiKAyR/k46w3bdpEYteujR7HPSvwV9moCZF3rIfZbGa58zumfTXN6ChB0zqqNdfYruHybkPo1b4XsdExeFx+9m3xUrbEzdqPa9hbavw+qg/MbYOragPfvpt+2vuG3f0xa8vdzF9x4kFfY0f0JTF6MwdWPhqqmBJC7Ye8gdvXmiB/dQXFqb63Ivn7TGod1cV62oOxRFoIfZ+JSHOh7y0RkeZlR3k5PXv2DOqY27dvP+M96kBtAJPJhAmT0TGC6pD7EG+vfZu3175ddy3tvDSuOPcKUm7ux8V3tcPvg0M7fWz9zs36+S62Lg//Pqr/GnOQW/+ezMj7vuKLl4af8r7vP3qIy2979aQFVGnavJVbMcX1xe9t4uv4xXDOwqlMzCupe23PyVfxVERERERERE6gAmoDHTjDXpzNQdHmIoo2Hzmme1DXQYxIGsHA1Ivoc905mExmqvf7KF/tpeTLGn74xBWWXO88Us2AW6KxP7KU9YtmsmXVf064p2LvBg7t3citw/rwzjdrw5JLwsNzoBhrXF+jY0gzkGCfTIHW7YuIiIiIiMgZqIDaECY4UNP8C6jHW1G+ghXlK+pe92jTA3svO4NTLmXkkO6MzmmNq9LP7hIvm76pYfXcGlyHQpOl+F0Xxe/u4Wfzfk3CeXaWz33ghHu+fXsc9geWhiaAGMiPyWwGdaCKiIiIiIiISBiogNoAHr+XCleF0TEMt+XgFl76/iVe4iUAYq2xXGu7lsu7DeHizPMZ9vOOeN1+9m/zUbrYxQ8f17B7U3D3UX3hhgPc+VwfRmR8wZf5I094f9eWhWSMvoj8z74P6rxiHL8nRFV5EREREREREZGTUAG1AXx+H5XuSqNjRJxqTzXv/fAe7/3wXt21EUkjGNZjGH1v7M+gse3Ab+KQ08vW7zxsKKqhbEnj91F94xeVDL43BvsDS3F8MZUd69+ve2/lx78ibfy3JLSLw7lff2bNgd9bicnvNjqGiIiIiIiIiLQQKqA2gM/npcKtDtT6+LLsS74s+7Lu9YDOAxiRNIKLhg3ihmsSsJjMVB/0Ub7Gw8YvXTg+bNg+qsteqeH7d2p44J3f07nX1Xz/8a/r3tvqeIPbrryZ5+ctb/TnEeP5PZXg9wFmo6OIiIiIiIiISAugAmoD+E2oA7WBincWU7yzuO51YutERvUcxeDelzJ8cA/sv2mNu8rP7o1eNi90sXpuNdX76ze2pxKeu3Y/d/3fJaT+dD4LXh4FwPpvnuKqC2+jT49OrN2yKxQfS8LI76sCk9/oGCIiIiIiIiLSQqiA2gAmk0kF1CDZcWgHLxe/zMvFLwNgNVu5znYdQ84dwoD03gx9oCNej5/9W71sWerhh0+rca47/T6qr91fybCfxWJ/YCkrP32cXaWfs2Hx01x92WMqoDYDfm8VJpPRKURERERERESkpVABtQFMJpOW8IeIx+dh7vq5zF0/t+7a8B7DGdZjGP2u78/A29vh90Plbj/bVrjZ8LmLzd+cuB/mNy9Us/JdF+mvPMWuLZ+zav5v6HnpLxmWcm44P46EQGAJv9EpRERERERERKSlUAG1ASxmizpQw+irLV/x1Zav6l6ndEphZPJIBl1+CdfaE7BaLFQd8OFc62XjVy5Wv18DwKGdPp69eh8/fXkYV97zEas++y1Drv8n23YdMOqjSBD4fVWYTNr/VERERERERETCQwXUBrCarVS41IFqFMcuB45djrrXCXEJjO41mkttl3HFoCSumhiPq8rH3s0+Ni9y8fYjlVz601gG3fwPaip307FNW6gx8ANIo/g9lZjMFuD0WzmIiIiIiIiIiASDCqgNYDVZ1YEaQZyVTl5d9Sqvrnq17toN59/AkHOH0v/u3gzJ6ojX7efgjz7adDkHk8mERwXUJsvvrcRvUgFVRERERERERMJDBdQGKD9Ujl+bMEa0eRvmMW/DvLrXQ7sPZXjScPpVDOCc1h0wxXQ3MJ00iq8aX/UuoJ3RSURERERERESkBdBGgg2Q2CYREzoGvClZtG0Rf1v4N9q2ag1ATfkcgxNJg5msWFp1NjqFiIiIiIiIiLQQKqA2gMfnIS4qzugYchZ6te/FnLvmEGWJAsDlLDQ4kTSYOQr8Wr4vIiIiIiIiIuGhJfwN4PV7iY+Op8Ktg6Sagjv73slPB9yL59Ahyn2xnNvWgq96m9GxpIFMpij8KqCKiIiIiIiISJiogNoAXq9XHahNxOQRkxnYvg/7vv6GqMFDqHGD17XP6FiRofdLdOySdOR15UfsWfbksdc9K6hY+Bg13E6bKx4mynr0NYgfXIT1YBr714UxtzkaHSAlIiIiIiIiIuGiAmoD+PETHxVvdAw5g3+N+Ret9lRQMvUP9PnLX3h3nYtRPaPxHCg2OlpEiInpCJRRs+A+jvRS/5Z2XZJqi6nQLvU6Wg24nZrdw7FYy6hZsAZr6nCiu0ENTxMVvYKqcBZPAZM5Cvw6xE1EREREREREwkMF1AZSB2pke+vON9n7xQJ+mPk0l86Zw4ItLgDirFC9Z4nB6SKDNbo1eDbgOebqk+xf8GTgv3Z7+rRHpcUnDsK/O42a0EU8BSte90GgTdhnFhEREREREZGWRwXUBjD5VUCNVAM7D+RP9j+x8emZ7JlfSL/nn2f7QR+7qwLvW8wman782NiQEeH2wEp46yDiU4uI5xDukhs5uP3w+7+lnW0Q7Psn+4rfAsCb/DAxqYHu1P08TXsDuk8BzNEdMFvjwB3+uUVERERERESk5VEBtQEsZquW8EegzEGZ3Nr7FpaPHYuvspJzMzOxdO7Kko2BHsvubcz4/V44rueyZTofsxV8tQXS+MFFxNheIn774eX8T7J/wQbaXPEwHa8YTsXCxzi48K26p+MHF+HfnQYD3qdj+9acuBVA6Jii2mkFv4iIiIiIiIiEjdnoAE2RxWRRB2qEmW6fxk+6j2LZTTfhq6zE0qYNXe+4g3kbjxRLu8ab8VaXG5gykjzJ/gVpdd2lHtehk9zzFj4XYO147L+0dAvsfVq97rfEtgd3yT9xe5KIGnB7GHKDOaodYAnLXCIiIiIiIiIiKqA2hN9P+9j2RqeQWi/dnEeP/VEU331v3bWBeXmsKD92jXeneDOefcvDHS8ydXua9qlFtK8tegb2Q92D55jrtcv8K9cc01ka2Pv0MQP2Pg0wR3fAb4oyaHYRERERERERaWlUQG0Av99P25i2RscQ4O2xb1NTtJB1j2XXXevz1FPsd5vZvN93zL2xFnDt/jrcESPT9sfY92MZ5vYP0zG1iJi4MmoWPkbNMdcfJooVVCx78shzdd2nAE9SvQ+ibA8TZS3DXfzWqWYLKlN0An6t4RcRERERERGRMNEeqA3UOrq10RFatCvOvYKc4TmsnzqV/d9+W3f9nKuvptWFF/LZhmP3OY0xg8lkwrN3cbijRq5197HnZIdAneo6BAqv24+8rCm+MeydqCZzrAqoIiIiIiIiIhI2KqA2gLHFmxv5820PMqB6PjfN+3vg0pBZzOl57pFbDsznpnkbA/dFA65iXnz7d7wPPHLDHC7cfRMTmnAd8ReDf8G1Pa9m6ZgxJ7zX85FH+HD9iSW9c9uZ8XmNWnQuwRTVfiBun+/MN4qIiIiIiIiIBIEKqA3g8/no17mfATPfeKQoWn3U1fj2wFbmvzaBvx++2PvP9IzeyvzXfuDCu4YwtDe8z58ZElvMq024eDrzmpl0N3Xgu1tuPeG9i155hQ273dScpLbWpbUVX+UPYUgooWaK7oS/2mV0DBERERERERFpIbQHagNZTJYw74N6uHh6iEPH1Y56xbYG1142nmGER84fwL5tgU7UpuiVW16m0/ZKVqffd8J7vX7zG1zRcazadfLOxPYx4N67NNQRJcTMMV3Ap+KpiIiIiIiIiISPCqgN5PG6SW6XHOZZtzL/tVfZdMy1G+kcC0QP4MG75jDnrv/w597AukVscp3LqLtGce6Bxfyutvv0wybYfdo6ujXvjnuXg+9/xIb/N+mE9+NTUugwfDiflp16WXeUxUSNsyiUMSUMLHFJeL1uo2OIiIiIiIiISAuiJfwNFGWK4rz251G8szhMM77P795+H7iRPx9zvRcdouHQzhe5p/B9HrlhDqMumcUj6ybU3h/wyA1z2LftJrD/hzmdW3PCkv8IdXWvq/nV5b/C8dvfUrF69Unv6fPkk3y99dRFtQ4xgN+Pr/JMPboS6cytemAyRQM6REpEREREREREwkMdqA3lh5SEFKNTAH9nwms3cU9hoFi6sfrQibf0Ptx9+gjXd4bi5S9S7DqXIfYbw5z17EwcOpFfXvwzlo4Zc8riaf/nn6f8oI9dVaceJ7GNBZ/7YIhSSjhZW/fGh8XoGCIiIiIiIiLSgqiA2kA+v59e7XsZHQN6/5n/3DWH/9QWQ0+2H2pT3Pv0n9f/k8vjU1hx6+2nvOfc++7D0rkri8u9px2rc7wFX8XaYEcUA1jibfh9p96qQUREREREREQk2FRAbSC/z0eX+C5Gx4B1v+OeTVtp3flB5tw1h1FttzL/7aOKpb2P3vv073y4EwZc8iADoreyuDAyS6qv3f4arUt+ZE3W+FPeY27dmq533skHGz1nHK91NLj2NMHNX+UEllaJ+FRAFREREREREZEw0h6ojeDyuUhsnciOQzvCOOv7x+xtCsDiCdx0qvrgut9xz7qjni68J2I7URNbJ/LcT55ja/5L/PjGm6e996K8PFaU1+8wIavZxIGdnwQjohjJEgemaODMRXMRERERERERkWBRAbURvF4vye2Sw1xAbZ5u7nMz9190P6sfeojqsrLT3tvnySc54LGwef+ZOxET4834/V7wnGRvWGlSLK164PdWo68tEREREREREQknVSIaIdYSS88OPVm0bZHRUZq0SamTuLTTRSy78cyHWp0zejSt+qTw2Yb6dZ92bWPCW7OrsRElAljikvH59ZUlIiIiIiIiIuGlakQj+Hw++pzTx+gYTdoLY16g9QE3K26/s17393z0UT4qqan3+J1aWfDuXdHQeBJBojuPxo8FOP2hYSIiIiIiIiIiwaRDpBrB7/OR3D7Z6BhN1ht3vIF1xTrW/uyX9br/opdfpmS3m+qz2AIzLsqEa8/CBiaUSBLVtj9er4qnIiIiIiIiIhJeKqA2gt/vx4yZWGus0VGalAs6XMCcu+ZQ/sK/2fyXp+r1TK8nnsAVE0/xrvqfwG4GTCZw7/qigUklUljizgO/3+gYIiIiIiIiItICaQl/I1lNFoZ0H8IXpSrS1cc9/e9hXN+xrMjIwLNnT72eie/Thw6pI3hvveus5kpub8bnrf9yf4lcUe0vxue3APUvoIuIiIiIiIiIBIM6UBspxhzDlT2uNDpGkzB15FRu7zWGZTfdVO/iKUCfJ5/km231OzTqaJ3jzPiqt5z1cxJ5ojuNxOs3GR1DRERERERERFogFVAbyev1MjhxsNExIt7/3fhvbNVt+X7sXWf1XP/nnqP8kA9n5dkv3+7QyoR77/Kzfk4ij6VNCj7tfyoiIiIiIiIiBlABNQiqPdX07dTX6BgR660738K78DvW/eqRs3que3o65s5dWVzesGXbMRYTrl1fNuhZiRyW1r3x+86+A1lEREREREREJBhUQA2CGFM0w3oMMzpGxLmk6yXMuWsOZTNmsuV//vesnjXHxpI4bhzzNjWs67B1dOAAKe/B1Q16XiJHVPvB+PzarllEREREREREjKGqRBD4fX6G9RjGv777l9FRIsb4i8dz4wVjWHrLLeDxnPXzFxW8zMryhncdntvGgtdd0eDnJXJEd0rFp7OjRERERERERMQgKqAGgd/vJz46ns7xndlZsdPoOIZ7avRT9IzuyvKbbm7Q8xf+5S8c8FnYuL/hVbPO8Ra8h35o8PMSOSytzsXjVgVVRERERERERIyhJfzB4oNLEy81OoXh8m9+icTdforv+WmDnu84ahTxKX35YmvjCmZtYsC9b2mjxhDjRXUcih+L0TFEREREREREpAVTATVILH4zV513ldExDGM1W3ln7DtUffol67OfaPA4vR57jE82N/7AoCizCdfO+Y0eR4wV2/0OPD41youIiIiIiIiIcVSZCBKfz8eF51yICRN+/EbHCavUpFSeGPYE6/77vzmwfHmDx7no5Zcp2e2m+uy3TD1G5zgTfr8Pv8vZuIHEWKYorO0GUVPtMjqJiIiIiIiIiLRgKqAG0aGaQ1zW7TKWbF9idJSwefiyhxmdnMbSMWMaNU7Pxx/HHRtPcWnj97pMbGPG69rT6HHEWDFdrsXrbXw3soiIiIiIiIhIY2gJfxDFmmPo37m/0THC5n+u/R9SO1zC8ltubdQ48RdeSMeRI/kkCMVTgHNaWfAeKA7KWGKc2O534POajI4hIiIiIiIiIi2cCqhB5PV6uaXPLUbHCIv/3PoKHbYcYHVGZqPH6vPUUyzcGrxOw9bR4N6zKGjjSfiZY7piie2CzxecorqIiIiIiIiISEOpgBpkh2oOMeaCxi1nj2QdYzvy7rh32f/uXEom/b7R4/V/9lnKK3zsrAzevrFmkwnXzk+CNp6EX2zijXi8+noSEREREREREeOpQhFkUX4rd/S9w+gYIXGd7Trybsljbfbj7Ch4pdHjdUtPx9K1G4t3BK/LMKmtGZ9P+2Y2dTFdf4LXq+5TERERERERETGeDpEKMr/fjxULg7oOYkX5CqPjBM3jwx5nWNfLG31Y1GHm2Fi6jRvHuz/UBGW8w7rEm/FVbQ3qmBJe1jb98Jus+P3B60oWEREREREREWkodaCGQKw5tll1oT5z/TNcGnMBK24L3me6qKCAlT8Gv1O0Y5wZz/7mU7huiWK73YrXF2V0DBERERERERERQAXUkPD5fFzQ4QI6x3c2OkqjvX7767T6YRtrxj8YtDF7T5vGQZ+VjfuCv0Q71mLCtevLoI8r4RPVfjBer9foGCIiIiIiIiIigAqoIWP2mbjlwluMjtFgPdr24L273sOZ/wqb//CnoI3bMS2N1v368/nW4BdPW1nBZALP/uVBH1vCo1VSFl5TK6NjiIiIiIiIiIjUUQE1RPw+PzdccIPRMRrkjpQ7+Of1/2TVz37OznfeDerYvbKz+XRzaA556tHWjM9bFZKxJTxaJd2Dx6PDo0REREREREQkcqiAGkKVrkqutV1rdIyz8l8j/ou7et/BshtvpGb79qCOfVFBASW73VR5gjpsnYR4C96KktAMLiEXe+44vJ4Q/XCIiIiIiIiIiDSQCqghFOW3cmffO42OUW8vjnmBFF8XVt45Nuhj98zOxh3bmuJdoesubBdjwr3n25CNL6HVKjkTt8dvdAwRERERERERkWOogBpCfr+fWGss/RL6GR3ljN688w3My9ay9hcTgj52XO/edLzqKj4pC+3S7GiLCdeuopDOIaER0/VGfF4t3RcRERERERGRyKMCaojFEsPoXqONjnFKfTv1Zc5dc9g+6wVK//q3kMyR8te/snBbaPY9PaxjLPj9PnxVW0I6j4RGq/PG4/Hq60hEREREREREIo/V6ADNnc/nY3DiYPp26suaXWuMjnOMnw78KXem3MF3d9+N9+DBkMzR/9lnKa/wsbMitEuzu7ex4PMcCOkcEhrRnUfj95vx+7V8X0REREREREQij1q+wqAVsTwy9BGjYxzjj2l/5Jbk61l2400hK552u/dezF0SWbwj9EuzE+IteA+sDvk8EnxxPX+OxxdldAwRERERERERkZNSATUM/H4/cZZWjO4ZGUv5827Oo2dFPCvH3R2yOUzR0XS7+27mbfKGbI6jxUeBe8/isMwlwRN1znD8phh1n4qIiIiIiIhIxFIBNUxiiOGXl/3S6Bi8fedbuL5czLpfPxrSeQa98grFP4Z239OjWcwmanZ+HLb5JDhaJWfi8ar7VEREREREREQilwqoYVTjqiFrUJYhc1/W7TLm3DWHzU/9la3/eCakc/X+85855LNSsi88p6p3b2PG7/eCzxWW+SQ4YruPA2tndZ+KiIiIiIiISETTIVJhZPVbuO7863hv7Xvsqd4Ttnl/dsnPuMF2HUvHjAn5XB1HjqR1/wHM2RC+7tOu8WZ81T+GbT4JAksccT3HU13tMTqJiIiIiIiIiMhpqQM1zExeE78e8uuwzfe3q//G6C5XsvzmW8IyX68nnuCzzeErngKcE2fGvf/7sM4pjdOmz3/hdoenQ1lEREREREREpDFUQA03n5/zO5xPv4R+IZ+q4JYCOu90sere9JDPBXBRfgEbd7upDHNTYawV3Lu/Cu+k0mDW9oOxtE7B61UBVUREREREREQinwqoBoghmkeGPBKy8eOscbw77l0qPpzPhif+X8jmOVrPxx7DHdealbvCWxSLNoPZZMK955uwzisN16bPf+H2xRgdQ0RERERERESkXlRANYDf7yfeEsc1va4J+thXJV/Fa3e8xvrf/Z7t//6/oI9/Mq1sNjra7XxSGv6Owh5tzfi8NWGfVxqmVXIWXr9FB0eJiIiIiIiISJOhQ6QMEkUUd6TczicbPwnamL8e8mvSzh0RlsOijtZ35kwWbQvvvqeHdWljxVe13pC55eyYojoQ230sNS4VT0VERERERESk6VAHqoHaRLXhv0f8d1DG+vu1f2dY24v47tbbgjJeffWfNYsfK3z8WGFMUax9DLj3LjNkbjk7bVKm4PYanUJERERERERE5OyogGogi9/C+e1tXH/+9Y0a57XbXqVd6V7W3JcVpGT10+3uu7EkdmPRDuMOA4oyQ43zc8Pml/qxtr8UYrrj86r7VERERERERESaFhVQDRZriiXjogy6tu561s92juvMe+PeZc/st9n4++B0stab1Uq3e+/lg43GtRS2iw78p69inWEZpB7MsbTtPx2PP87oJCIiIiIiIiIiZ00F1Ahg9Vp4avRTZ/XMDRfcwL9u+hdrHnmU8tdeD1GyU7v41dco/tGYfU8P697Wgs9z0NAMcmbtLnmeGpexPysiIiIiIiIiIg2lAmoE8Pv9RBHF41c8Xq/7f3vlb3lgQCZLx4yhauPGEKc7Ue8//YlDfgsl+4xbug+QEG/Bd+gHQzPI6cWd/yh+U3v8xv6oiLl7a5wAAAjTSURBVIiIiIiIiIg0mAqoEcLiN3NRl4sYmTzytPc9e8OzDIo6jxW33RGmZMfqOHIkrQcOpGiL8RWxNtHg2rPE6BhyClEdhxHVcSQef5TRUUREREREREREGkwF1AgS44/m4csepm1M25O+P/v22USvKcXxwM/DnOyIXk88wWebImM5ttVsombnp0bHkJMwWeJpkzIZty/G6CgiIiIiIiIiIo2iAmqk8fiZcfWMYy716tCLOXfN4cfcfEr/NM2gYDAwP5+Ne9xUegyLUKdLvAm/3wee/UZHkZNoe/Hz1LiMO2BMRERERERERCRYVECNMH6/n3hLHBMumwDAuH7jePqamay8/36cc+YYluu8Rx/FG9eGlU7jl+4DJLY2463ZZXQMOYm4Cx7HZ2qN3290EhERERERERGRxrMaHUBOZMXKsO7DaBvdlkvPGciyG28yNE+rXr04Z9Qo3lvnMjTH0TrFWfDuW2l0DDlOdKcRWDteiccbbXQUEREREREREZGgUAdqhIr2RzGky2BWZ95vdBT6zpzJ4m0RsG7/KHFR4Nr9jdEx5GiWNrQ672d4vNr3VERERERERESaDxVQI5jb62PQK68YmqHfM8+ws8pPeUVkLN2HwA+t2WTCvavI6ChylI7D5uCmo9ExRERERERERESCSgXUCOfyeBiYm2vI3InjxmHt1p2F2yOneAqQ1M6Mzxc52wkIdBg2j+qqKqNjiIiIiIiIiIgEnQqoEc4P+OPi6PPXv4Z3YrOZ7unpfLAx8k5S7xxvxle1zegYUqv95a/jcuvEKBERERERERFpnlRAbQL8ZjPW7t2x/fa3YZvz4tdfZ9VOd9jmOxsdW5nx7FtudAwB2l78Ah5/PH6/yegoIiIiIiIiIiIhoQJqUxEVRasBA0i8886QT3XBH/9IhT+KDXsja+n+YbFWEy7nF0bHaPHa9P8rfmtXfH59jYiIiIiIiIhI86XKR1MS8//bu5fQuKo4juO/uffOnfdk2mn6TDWxJqVVk7YWX62iEtFNcSMUhFJciI+NK7WVCiJuipu6EDdCKYKguFBBRNC6EJSiiLboRpT6qJimWmvTZGbuPee68IFSRG0zc+6d+X42WWTmnh9zJ1n8+J97Clq2Y4fW7N7dtSWWbN+u+tQmHf42fVv3JamS/+1nfPaY2yADrrL+Mak0LpMErqMAAAAAAAB0FQVqxiSlkprT010rUdc9+qjeOZ7eA5pG6r5MfM51jIFWHntAXn2rTBK6jgIAAAAAANB1jI9lkC0W1ZyeliSdOHRo0a47eeiQjp+ONJfOR59KkpZXfNm5L1zHGFiV8Uek6lUySdF1FAAAAAAAgJ5gAjWjbLGo5m23ac099yzK9UYfekimUtcns+k+Tb0eStHPH7mOMZAq4w/Lb1yjxG+6jgIAAAAAANAzFKgZZgsFDd1wgy5//PGLuk5pdFTN6Wm99XU6D436q7yfU+fk265jDJzalU8rV79WcVJ2HQUAAAAAAKCnKFAzzms0VN64URNPPXXB19hw4ICOnIgXMVV3LCtJUiLbnnEdZaAMXX1QSXFcNkd5CgAAAAAABg8Fah+wQaDixISueO65//3eK559VrMLiX44l/7p09U1X6Zz2nWMgdK47lUZb1hWHBgFAAAAAAAGEwVqn7C5nLzhYW1+6SXJ+2+3ddXOnQpWj+iD79NfnkrScMVX/Msx1zEGQi5saumN76pjQtmEfxMAAAAAAGBw0Yz0kSRJFHmetr72msKVK//19Wt27dIbX6V/6/4fyoEU/XTEdYy+51fXq7H1BbUWFqR0nykGAAAAAADQdRSofajVamnD/v0avuOOf3zN5pdf1mcnox6muni+l1Nn5k3XMfpaOHyLalfuV7vjOgkAAAAAAEA6UKD2KVMua/Xu3Vq3d+95vxt/8kmdU6gvTmdj674kra15Smx2pmWzqLrhCRVGH1Qn5nmnAAAAAAAAf6BA7WMmCFTZskWTBw/KK5UkSY1t21Sb2qTD3xrH6f6fFVVPpvW96xh9yS+PqnH961J1i0xScR0HAAAAAAAgVShQ+5yVlNRq2vTii6pv3qzL9+zR4W+ytXVfkpolT/GZT13H6DvFkZ2qTz6jThTIJoHrOAAAAAAAAKlDYzIAkiRRJ461bt8+/ThvNZfB51sWA+nsqfdcx+gr9ckDUvESteO86ygAAAAAAACpxQTqAImsVS202jFe0IpKdm59MZByuZzinz90HaUvBENTWrL9bdnCuGJbdB0HAAAAAAAg1ZhAHTA2jmXjWFevLOjHlq8jJ9K/nX+k5smalusYfaE89oDCFber3epIyrmOAwAAAAAAkHrZGUPEorJRW8vCWHdOhFpTS/fXYEU1kDn3pesYmRYMTWloy/Pyl92uThy6jgMAAAAAAJAZTKAOMGOMjDGaWl7QWMPX+99FsonrVOerh4miUx+7jpFJuaCqysQe+dUJxUlVSQrvLwAAAAAAQJqle/QQPWGjtupBrB3jBY02fNdxzlMIPHVmD7uOkTnFtbvUuOYVqTKpyFKeAgAAAAAAXAgmUCFJssaobRa0sRlqVTWvz2djnWm7b9yWFKUkSWTnj7uOkhn5pdepun6vTJyo3bHizxwAAAAAAODC0azgb2zU0ZLA07aRvM50pKMzsc523BWpq6u+bPSLs/WzxCssV2X9PnmlUbXjvBg5BQAAAAAAuHgUqDiPtVaybQ0Fvm66JK+fWomOzcSai3pfyC2v+jJnP+v5upniFVUauVvFkbsUxTlFJpFEeQoAAAAAALAYKFDxj6wxkjFamvd186WBTi1IR09Gmo96l6Gal1qnP+rdghnihcMqjd2rwvCtiqL49+36FKcAAAAAAACLiQIV/8r8XqQ2Q1+3joaanU90dCbSQtz9tX0vp/bMW91fKEP8yjqVx+5TfmhSkcmp1eq4jgQAAAAAANC3KFDxn/21SJ2+rKAf5oyOzcRqme6st6rqKbFGsvPdWSBjgqFNKo/dL6+0VsYGarW79MEDAAAAAADgT78CfZMo7NMnSSYAAAAASUVORK5CYII=" height="600" width="800" />
[Assign Leave, Leave List, Timesheets, Apply Leave, My Leave, My Timesheet]--->[Assign Leave, Leave List, Timesheets, Apply Leave, My Leave, My Timesheet]]]>
  </system-out>
  <testcase name="getDashboardQuickLaunchItemsCount_006" time="4.815" classname="testcases.DashboardTest"/>
  <system-out>
    <![CDATA[<img src="data:image/png;base64,iVBORw0KGgoAAAANSUhEUgAABVAAAAJcCAYAAAAfG4+9AAAAAXNSR0IArs4c6QAAIABJREFUeJzs3XecVdW5//HP2nufMmd6Y2aYQhk6SLWgCAj2qNGosQfFkptrbmKuJDfRJJabq6ZZEn+5iTE3GNTYxYKJGAUVVBRpIgxIEYY6c6aX03ZZvz/OmYGBGQYTpSTP2xeRmb332muf2f6R7zzrWUprrRFCCCGEEEIIIYQQQoh/MbNmzer1HOMQzEMIIYQQQgghhBBCCCGOShKgCiGEEEIIIYQQQgghRA8kQBVCCCGEEEIIIYQQQogeSIAqhBBCCCGEEEIIIYQQPZAAVQghhBBCCCGEEEIIIXogAaoQQgghhBBCCCGEEEL0QAJUIYQQQgghhBBCCCGE6IEEqEIIIYQQQgghhBBCCNEDCVCFEEIIIYQQQgghhBCiBxKgCiGEEEIIIYQQQgghRA8kQBVCCCGEEEIIIYQQQogeSIAqhBBCCCGEEEIIIYQQPZAAVQghhBBCCCGEEEIIIXpgHe4JfF4aY01Ut+5gS/NWtrftZGf7LhpijcTcGJ72QKdOVOBpzaSS4/n66JkYSjJkIYQQQgghhBBCCCFE947qADXhJlhdV8WiHe+wum4tjfFGXJJhqUKhlAJAKVBaJTNUBbZnM6HPOAlPhRBCCCGEEEIIIYQQB3TUBqhVDRt4ct0zrKxfDRoMFMowsDCBZJWp67nkBnLw0LTbbSilcDyHsQWjGVc0+jA/gRBCCCGEEEIIIYQQ4kh3VAao6xs28uN3/wfbS2AaFkppdKrq1NMejueQH8znlNKTSXgJ3tm1JFl9qjUecNWwS7GMo/LRhRBCCCGEEEIIIYQQh9BRlyK2xFv42Yf34XgJLMNEJ5NTtNLYnkOWL4NLBl/IsLwhLN75HvO3vo6HxlCKhJtgWulUhuRWHu7HEEIIIYQQQgghhBBCHAWOugD15c2vsitSS8gMdn7P9hwsZXHhwPP4cuWXaIw18sCK31Ldug3LsFKVqRqf6WfGiEs7e6MKIYQQQgghhBBCCCHEgRxVAWpTrJlXtrxGwPCjAa01rnaZWHw8lw+9mIqsMl799HUeXvMIAD7DQgNKKRJOnBnDrqAgVHBYn0EIIYQQQgghhBBCCHH0OKoC1I1Nm2lOtBA0/NjaIS+Qy/Ujr2ZS6QnE3Ti/WfF7Xt++EFNZGBhoNEqB4zn0y6rg3MqzDvcjCCGEEEIIIYQQQgghjiJHVYD6SeMGtPZwtMsppZP52vDLKAzlUxdt4Ocf/op1jeuwlA+l2NMbVWs0mm+N+QYhX9rhfgQhhBBCCCGEEEIIIcRR5KgJUD3t8VH9Wkxl8s3RX+e0flMxlEFNey0/+/ABNjRtwm/60BrQyWsUEHFi3HjM9QzLH3w4py+EEEIIIYQQQgghhDgKHTUBatSJ4jd83DHxViYUjQEgHKnnjiU/ZUfbTvyGD0j2O+1IUaNOnAsrv8yXKs84jDMXQgghhBBCCCGEEEIcrY6aANVQBt8a+28UpjaBsl2bX634LdvadiQ3lVIatO7cWMpQBpcNvogrhn8VU5mHefZCCCGEEEIIIYQQQoij0VEToKZZaaRZyR6mWmv+vO5ZltYuI2ClEcNBaYXf9FOaXsLxfcZxYsnxDM7pf5hnLYQQQgghhBBCCCGEOJodNQHq3jY3V7Ow5gNOLJtC/7QC+qeX0Ce9iML0IgpCBShlHO4pCiGEEEIIIYQQQggh/gkclQFqeUYxf5j6U5Tr4LXXYUWb0Qkb7daC66CDOSh/6HBPUwghhBBCCCGEEEIIcZQ7cgJU7aHjbWBHIZCB8qVBD5WkvubteGtewVu/AKdxOzGtk5tHGSba9GPmlWGUjcWqnIxZcgwqkHmIH0YIIYQQQgghhBBCCPHPQGmt9eGcgG4PY29ahLtpEW7dZkhEIZiFmVuOWTIcs/+JmIVDwArsuSbWjNe8A91ai9dYjbtjFe7uKrzWMHSEqQAojMJB+MdegDXiHJQ//fA8pBBCCCGEEEIIIYQQ4ogza9asXs85fAGq55D4+CUS7z2C17QDDCPZu1QZaM9D4aE1KMPE7DsK37ivYA0+FWUFux1Ot9fjhjfgbHgTe91rEG0Fw0ADSmvMviMJTP53zIrjD+1zCiGEEEIIIYQQQgghjkhHbICq4y3E33wAe+WLYJjJPwCeB9rdc54yUIDWGgWY/SYQmHIjZsnoA47vNW0nsfpF7A8eR7s2yrTQrgNKEZx+E/5xl4Jx5HQvEEIIIYQQQgghhBBCHHpHZICq7QjRF76Ls/l9lOUHVDI01WCUjsQsn4CRnod2HXTzDrzwRtyaT5JL+7UHpo/ghb/EN/DkXu/lhtcTm38X3s61YPpAa7RrEzjhKgJTvw3K/OIfWAghhBBCCCGEEEIIcUQ68gJU7RH92z3Yy59D+VI9TT0HIz2fwKk3Y1ZO2X+JvmvjNW/H2bCQxMq56MYdYFqkffVXWP1P7P2WsWZif/spTtXrYFpoACdB8Mzv4x97yef+iEIIIYQQQgghhBBCiKPDwQSo3W9z/wWxP34RZ9mze4WnLio9PxmGDj2j+/6mpg8jbwD+E64l/ao/4j/ha2jPJfriD9DRpl7vqYLZBM+6DWvYdHBsFKBMH/H5P8Wt3/z5PqAQQgghhBBCCCGEEOKfyiELUL2WXcQW/hosf/IbGtAeaef/FKNw6EGNodILCUz7T0IX/RIdaSTx0QsHd50vjeAZP0QVDQbXBWWAUsQX3Aee85mfJR6PE4lG8TzvgOdprYnFYrRHIsTj8c98n94kEgnaIxFisX98bNu2iUQiRCJREokEjuP0+HwHW7TsuC7RaJRIJEIikfiH53g4eNqjJhIm6sT+7jESrk1tpA7vMO3XJoQQQgghhBBCCCH+fodsJyV7+ZMQbQYrVX3qxPCddC1m6djPPJY1aBqhSx4k9uaD+MdfivKl9XqNCmYRPONWoo/NBDww/Tib38XZvQar75gu59bU1LLk/ffJzc3B9TwmT5qEZVm0tLTw3Ny5zJ8/n5bWNh584AEqKwfud68dO3eyaNFi3nrrbT7dsoVYLEp+Xh6jjjmGKVMmc/JJJxEIBA4438amJt57bwkZGRk0NTVx8qSTyMvLQ2vNylUf8eqrr7L6449pamoiFEqjcmAlU6dOZdopU0lL6/3zAGiPRFi+YiULFyxgxcqVtLe3g1KYhkFubg6FhX1ID4UIBoOEQiGaW1uoqw3zrW99ixHDh3U7pm07rFy1kjffeoslS96noaEBrTWZmZmMGD6cU089leOOO5bcnJxur/+kcRMf7P6QDCud+lgj4/qMYXzRgTcNA/hg93I2NW4mYAaoizdwdr9TKc8qY9nuFawIr8bVDrn+HKJujHY7QkuiDReHkBWiKNSHobmDGZE/lLR9qqDbEm18a+H3OK5oPLMm/AeG+my/c9Bo/u/jR1m0413un3o3Rel9PtP1QgghhBBCCCGEEOLwOiQBqm6vI7F6XnIjJwCtIZCOf9zf34PUqpxKWigvOdbBXlM8HLPfBNyty8G0UEphf/TSfgHqx2vX8N3vfhcNTJx4AtOmTmXX7t1848Zvsubj1ZiGiTIM/PuEoG1tbTzyp0f5f7/5f/h8PkaNGkVFRTmJeJzly5ezbNkynnzySaZMmcKdd9xB35LiHucajUa59Yc/JBKJYJomL7/0IsFgkJ/+/Oc88cQTKBSWz0J7mngiwapVq3j++ec5YeJEfnrP3ZSVlh7ws1iztorbb7+dDz/8kP4DBnD9ddcxfvw4TMPko9WrmT17Nu+++y6ZmVl89atfxXFc6sJ1NDU3E493X425/pNPuO+BB3jj9dcxTYvLL7+ciRMnkhEKsXHzJubOncsTTz7JsOHDuOO22zjpxP172MbtGI+vfwafYaG1ZmBOvwM+R4fa9jBz1j2BL/WOnVh8HOXAyvDHPLfpRdLMNDw8rhxyCeWZ5SS8OJuaPmXB9reJuzEs5aN/ZgWzJnyL8qw9n11tpI64F+ftHe9y/sCzGZI3+KDm02FHy07mbfkrljKJO0dnFa4QQgghhBBCCCHEv7JDEqA6NVXo9gaUL1Xd59pYI8/GyPzHqvHMkmM+2wWGhTVkOu7WDzu/dje/g441o4LZnaelh9Lx+XzYts2gQYOIRKL8xzf/g1UrVpCbn4eTsIkn4qSHQp3XRKJRvv6Nf2fZsmX89J57mHzyyeTk5mCZJo7rUlNTy/0PPMBLL73EwoULaGlu5tE5f8Lv93c71fRQOoWFhVRXV5OVlYXf5+c7N3+XT9av456772bUqFHk5eZR31DPwoVv8pv//V+09ljy3nt869s38cTjjxEMdtNTFlhbtY5LL7uU1pZWLr30Um6/7cekp6d3Hh86dAhnnnE6//X9W/jbG3+jva2d79/5XQKBQI/L+pctX8E1115LW2sLQ4cO48Ff/5rBgyo7j5988iSuuOwynnn2OX70ox9x9TUzeeh3v2X6tGldxnGVJmD4MQ0DrTWm8h34Z5rit/z4TT+mMlEo/Gbyc7UMC7/hR+OR5cvgvMqzCO5VZXp+5Tn8Ytmv2dpazebWT7lr6S+5f8rdpKWqmhvjzcmWBQrmbnyF7x337YOuQvW0x6PrnkKh0EBLovWgrhNCCCGEEEIIIYQQR45D0gPV3boUtVfopNFYAycB6lDcvgsjfwC6477KwGurw2vd3eWcgvx8HM8FID0tnd//4WF219byx9mzeeH553n22We44447se09FYWtLa20NLfwyssv85ULzqegIB/LNAGwTJPSviXc9ZP/5pRTTsE0TT788ENemvdKj/O0LJO0YAClFJZp8sMf/5iA38fLL73IxRddxLChQ+nTp5Dhw4Zx479/g/vuvRetIZiWxooVK3hjwZvdjhuNRvnu975HPB6noLCQH3z/v7qEpx2ysrK4639+QnZ2Nn9+4nEe/sMfkp+fYWAYXV+bhoYGbvzmN4lHo+Tl5fPQ737XJTzt4Pf7ueLyy/jSOefguS7fuPFGtmzd2uWcTCsdpRRag4cm15/V42e0t6DhT71OGqUUGb5UuG0olDJQKJRhEXO7VoGWZfblG8dci9YePuVnR/tOVtet7Ty+u313MpA1LN7d/T6bmz49qPkArK1bxzu73sdvJMPc2mj4oK8VQgghhBBCCCGEEEeGQxOg7loLxp5iV2VYGDl9D8Wt96dMlLlXVaMGL7ypyynNLc1YpkkgEGDui3N59dVXefaZp5l+ylT6VVQwdMgQrrjsUoqKijqvSUsLct99v2RQN8Fhh0AgwI3//g0c18PyWcydOxfbtrs917IsTJ8fpRQNjY2sWbuWe+6+i8zMzG7PP/OM07nqqquIRqMEAn6ee+4ZHGf/DbI+XrOWdVVVgOLLX/4yeXl5Pc43Pz+PU6efit8f4Le//R27a2r2O0drza8f/A3hcC2u53HTt79Nv4ryHsdUSnHD9ddjWiau4/Cb3/xvl02pHO0AChQYyiCuu/989hWy0pLdHJQCpbB1MgDPtNLR2sPVmoDhw2/sX3TdN6OYdF8GHh4GBltbqzuPtcRb8fBAKzSap9Y/j6cPvHkYgOM5PLruKQylOnJdGmNNB/UsQgghhBBCCCGEEOLIcUgCVN1eB50VqDpZARrsfhOhL34yXjJkIxnaKcPAa+haBalJhncoRW04zPe++z1KinvuVwrJis0hg3vvj1laWkpuTg5KGWzbto1YPN7teaZpkh4K4Xke8Xicb//Hf5CRkXHAsS+5+OLOa9dWraM9EtnvnKVLl6YqSDVjxozZ7/i+hg4ZgmEYxOIxlq9Ysd/xXbt38+RTTxIMppEeCnHGGaf3Omb//v0oLi7G5/Pz6qvzaWho7DxmGtael1JD0DzwZlsdIl4CnzJTy/4NQmZymX6uPxtHuxhKYSmD7qqeXc9NvhIkq17zArmdx2qjdaBTVdPK4oPa5Wxu2tLrfD7cvYKPG9ZiKRNU8vqmRMtBPYsQQgghhBBCCCGEOHIckgA1WRrYUWWYSqqijT2d/cVSBjg2ewdpOt41aPT5/Gg0ruNQWlrK8ccd97ndPuD3k5+fj9YejuMQP0CAmhYI4LoulmkyZnTvO9Hn5eeRm5uL9iASaaetrW2/cz7dsgXLZwGKzIz9l+7vKyMzs3Ojrh3bd+53fNGixdi2jeu6HHvsBAoLCnofMz2dyoGVaK2JxWOsXbtnyXyaGUy+KVqj0Z1BaG/SzCAeHlprFIpAqgdquxvBUiaGUni6o8K1q9pImNZE8rMKGD7G9xkLQNxNsKt9N6ZhkoxAk/88tu5p3FSFa3eidpQ/VT2BpSxMlax4VUoRjoTRHPymZ0IIIYQQQgghhBDi8Ds0Aaoyu37t2Xith6cfpI42ofdegu15YHbdqKijd6njuowcMYLQXptF/aM8rYlGI533sazu9/HSOtnLUylFIBgkP7/npfZ7zzs/Ly8V80Estn84m5+fj+smg0bP7X0pelNTI8pQyT6g/q6fk+d5fLB0KaZp4jgOJ5wwEdM0exhpr3laVjLo1RrHsWndK+j1pd4VDV02g+pNhi+tc7MnRbKSFaAl0YZlWKljBtY+S/hbE208tu4pNBrHc7huxAxy05LV0a7nUBetB+Cc/mcRNANYymRpzTI2NHRt+7C393YuZVPLpwzOqeSCynNxPBeFoi5aT8I9uJYEQgghhBBCCCGEEOLI0H169zlTGfl4TdtRnUGqwt36Ab7BpxyK23fhhTem9kRP1cQaBvtuqm6aJujkSv/09HRM8x/LmbXWNDU3s3HjJh7/8+PU1oYxlIFhGvh93e8yr5SiubUVv9+PYSiMgwgmPc/DdmwMI7lpUiCw//L3YyeM56Hf/Q7TMtm6bVuvY27csKmzt+iQIUO6HEskEmzevBnDMDBNkzcWLKClpZWGhnoys7IJBHwEA0E87RGLxonFY0SjUfoUFvLhsmWYpkl7e4K21r0qZVNr6VXqf57Z8AJ90gowDYtWpw1DmQTNIAYGUS+G69mEzDR2RWpQyugSogIYqfE6fuIJN0HQDNASb2VdwwYerXqCT1u3khvIZsawKzi9/7TOqUTsKM2JFlzP4Uv9T8dv+Hhy43NYhsUf1szhZyffmapO3SNqR5mz7gksZfLVwRcQskI8teE5TGXSkmghakc7q2OFEEIIIYQQQgghxJHvkASoZp/BeNuWA8mwSZkWzrrX0Cf/GyqYfSimkOTauFs/gFToldzcx0PldN30SKlkxKo1GEbvweW+Ghub2LJ1C5s2b+aT9Z/wycYNNNQ3kkjEGNB/AHl5eTTU12P2UoHaUYVqGAbt3SzH35eXuqbjGTK76Zk6fvx48vLyaG5p5o3X3+DqGV/D18McWlpbeevtN1FKUVJSzKhRI7scb49ECIfDycBWKerqwry96G1C6emkh0IEAgHi8TiWaeD3+3EcF8d12LR5M/369aOiohytNSUl+/SXTbWoNVB82rqVmlgYAxO/6cdnWLieR0LboD209kiz0miKN++5dr+xdKoCNMyP3v0fsn0Z1ETraIg1MKZgNKdWTOOEkgmUZpR0uTQcrcPBxW8GyPCnc/aA03l641xMw2Rd4yd8FP6YcUVd+8jO2/wquyI1jC04hmOLxrG5eQtGalJNdutBbUAlhBBCCCGEEEIIIY4chyZALRmFrZ/a8w1l4LWGsT9ZiH/0BYdiCgC4zTtwd66BvZdxaxejeHiX85J9NFN/9w4+8NqxcydPP/MMTz/9NI2NTQwaNIjTTz+dGVd9jfLyMkpLS4lFo1xx1ddoaKjHsnxEIhH8/t4rEpXaf/Oj/c6BVOWswu/3E4vHyCaryzl5ubnceeed3PSdm/hw2YfMm/cKX7ng/P3G8rTm979/mLr6ekzD5LbbbtsvkPVZFolUD9dIJMLtP76Nk0+e1GWuhmF0CYM7Al6g8+/JTa32ktq0CRTfGXsjA3P69/rsa8JV3Pref7NfgqpBp0LUnGAeoFhVvwZLWVimxWVDLmRofvebfzXGmnBcm/xQHoZhUBDI57Tyqbyx/W1MZfLHtY9xX8EIfKkWEI3RRp7e+AJKwdXDL8c0TDJ9maAUCrDdBC2JVvLScru9nxBCCCGEEEIIIYQ48hyaALXvMeALgufuWaJtBYm/+QBW5SSM9MJDMQ3sj18GNwFWkGSypiGYjbFPoOV5XnIZuEoGiQdjzdq1zLz2Wmpqaqno14//+78/cOz48fsto29paaG9vR2AQCCA2jc8TFFKdW7edLBM08Sf2njK5/P1GLp+6eyzaGy8gwceuJ9bf3grLa0tnHH66eTm5KC1pjYc5o9/nM0jjzxCXl4eP/zRDzl12rT9xtGAlWpBYJkmkUi02x6oHb1cO5/roChc7eI3um9xsL9klel+31XJXqoemjQrxA8m3MSDqx5ibcM6HNfhlyse5GeT7uw21NzVvhsPTW4wm4CZ/DlePPgC3trxLhrNpy1beWfHEk6pmAzA8xvn0Zxo5qSiExialwxl/aaPkBkk5sbR2qMh1kj/7IqDfCYhhBBCCCGEEEIIcbgdkk2kjOy+GP1PQHt77YBumBBtJTb/bvQh2FjHbdqG/eGTYPrp6IiJ52KWjsJI77pzvLd31elBhJgtLa3MnHktDQ2N9C3ty+OPPsqkE0/stgepYzs4joPnaQJ+X+eGVfvSWpOekY7jOPvPqQeGYaIA13WxLJNQWvebXxmGwdeuupJf/erXKGVw9913c9XXZnDdDTcw87rr+dqMq3nvvfe4edYsXn7pJS6+8MJug8+0YJCyslJcNxmM79i5vdc59kbvs8Td0U4PZ3blaDf5F9UxTqq6VSerXg0g5kQozujDd8b9O1n+ZGVuTaSG+1b8Brubd3B72y4MFNn+LIxUo9zSzL6c0/9MbM/GUhaPrn+auJugtj3MS5/+BZ/h56phl3T2RlXKINOflXzjFNREaj/bByKEEEIIIYQQQgghDqtDUoGKMgkceymRDW/u9U0Nlh93wyLib/yM4Kn/lQo3P3860Ub8tbvRThxl7lXRqF18w8/s7InaIRlWKkAdVAXqGwveoDZci8/ycfFFF1NRXnbA8z3PxfM8TNPaf/l6ilIKy/Lh2Dau309GN/1M9xVPxLEdG6XANEwsq+f+re9/sJQ7f/ITZs68lssu+Sp+v49wfT1aawry8snNzSEYDB7wfn6/n3HjxrNi+QpQirVV6zuX6v+9bM9NVv+mPnbHPbgANeImn1uTDEztVFhfEMzH9mx8pg8FRJ0YxelF/Pi47/G9d36MpSxWhVfzyNo/c/0xMzqrWF3PZXekBo0mP5jfGaACnN3/NF7ZOh+0pjZSy183/40d7TuJuTHOrDiVytyBneeGfEEyfZnURGpx0bQmeu9lK4QQQgghhBBCCCGOHIekAhXALB2HVTYW9g3ELB/2irnEXv8ZOhH53O+r7Six1+7C3bJ0n/DUg1Au1sCT97umo9pTKfC8AweoWmsWLX6HQCAISlFWWnrA8xN2Asdx8fv9RGPRLj1B951DIpFItTzQhELdV5PuzXUcbNvGMi00mniqP+m+wuE6vjbja7i2zbe+eSPl5WUUFRUxasQIjhk5kpKS4l7D0w5fPu9ctEqGqQsWvEFtbfigrutJuxtN/kUpFIpW5+DeCcdLoDAwAE97RN0YkKxo1SQ/T1OZ+FTydwZD8wdzw8iriXsJ/IaPFza/wuLtSzrHizoxaiNhFAbZ/swu9+qbWcKZ5adiaxe/6WPOuid5Y9tbWMrivIFndwmQfYaPDH8o2dNVaxrjTX//hyOEEEIIIYQQQgghDrlDFqAq00/glG93HxhafuxVLxF94Wa8uo2f2z29ll3EXr4Fe+3rYHbtpakdG//Eq1Hd9L50XCdVh5jaDr4XiUQidb6mpbXlgOf6LB/t7e0opXqsPgVwHIf29nYsy0RraGjsPXjTWqeW0yc7DyQS3bdGmPvCC9i2Q0FhAT7fP1aEPHzYME6bfirxeJy2tjYefeyxz3R9XV1dl3fCb5h42kMByejz4PrAhqxgarl/st9pwks+e12sCZ9holRymX/H9wHOGXgm08umdoao96/4DZsaPwWgIdZIc6IFZUBOMGe/+3258myCRiDV4UGT8BJMK51MZc6ALucZyiDLn4VGYyhFTXsYt6PdgBBCCCGEEEIIIYQ44h2yABXALB2D/8SrwY51c9CHu2UZ7Y9dR+LDx9Ftf3+vSB1vw/74RSJ/vh5n4+Kulaco8ByM/Ar8Yy7qYQCNp5OBVzyR6LFKFJJL7cePG0sikcA0DN5a+GZn39J9xRMJ7r//fhzHwXXdAy7hdxyHWDzWuXN9NNp7JWYsFicWi+N5GsNQZGZ2v+w/Ho9jWRZVVet4ad48wnV1RCIRHMchEokQjUaJx+M9PsfeDMPg9ttvIysrC9M0+cP//R9PPfNMr9dprXnm2ef47UO/71KxGXcSqNQyfM3+PVF70hhrxsQANFqDTyXbFzg6kYpgFQk3gbHXvQxlcP3IGRSl9UFrD1e73LX0l7Ql2km4CRJeAqUVOal+qXsryShmevlUbM/u3Gzsq0Mu6LLUv0NuMBuNRmFQE6096LYEQgghhBBCCCGEEOLwOzQ9UDspAhOvxd26FHfnGpQVYE+FoQbTAidO/I37SCx7Et/o87AGTcPIKUP50g48tOfiNe/A2boE56OXcGvWAypVebpXAKpd0Jq0c3+C8qd3O1R2dg6O62AaJo7d+wZXZ591Nvfd/wCu67J02TJ++9DvueG6a7ssg1+3bj13/vd/M3LkSAYOHMjWrVuorq6mobGRviUl+43puC52woZUmNhTNeneQukhEvE4Wms8T/cY/E6fPo1fP/ggiUSCW2+5lbz8fLKzswn4/WjA7/MRCAYJBAIUFRUxYvhwTjrpRAb079/teCXFxfzh4Yf5xjf+jYaGRm6//Xa2b9/BFZddSsk+z5awbdaureKPs//ICy+8wEO/e6jL8bgbx9MelmGitEebHe31uQEsw8TWDn6V/Hk3JVoopS+i0U9qAAAgAElEQVRxNxWAq2SA6u6zGVd2MIvvH/sdZi36IT7DRzga5ncf/ZFhuYPRWmMqs8eerhcNOo+/VS8g7toc22cc5Vnd974NmAEMDJRSNMQaiDhRAtb+G4wJIYQQQgghhBBCiCPPIQ5QQfnTSbvgF0QevxbdUpsMTbucoMDyo1triS/6PYl3ZmP0GYRZPAKjsBIjuwSsYLKXqmmiW2twG6pxd63B210F8XZAgdHNo2mN9jyCZ92CWXJMj3PctWsXruMQt2PYiURqw6eeN2QqKSnmFz//OTd95ztorfnVrx7gncWLOWHiCfgsHx+t/ojlK1Yy6z//k8suvYQhzw7h+z/4AQ319Vx/w9eZMnkyF110EYMHVXaOGYvGqKnZ3dnHtK2ttdfPtrGxkYSdwE7YNDU2EolESUvbP3geMXw49993H79+8EG2bdtGOBympqYmufwfME2DZOaoMJRCGQaBQIDLL7+Mm779bULdjDl+3Fiefuppfv7LX/D662/w4K9/zZw//YnJU6YwcMAAQunpNDc1sfTDpaxe/TH9+/fnT4/8iSmTu/ag9bSHpz00Jhqw3e77uO737LHmVPWnSrYASGXHBgaOdgkok7hn0xhvIivQtafpkLxBzBx+JbOrHsdv+lm8cwnv7/4Qv+HHw8Pq7l0C+qQXcnrFNF7Y/AqXD76o2+pTgHQrneT2Voq4m6Au2kBuN20BhBBCCCGEEEIIIcSRR+kDrU//ArnNO4g9dSNu0459lth3w/MguQ0PkAz2UArdUU2YqjBUykhtutQNrdGeQ2DqjQROmAn0vFP8hg0bee75ueQX5OO6DjOvvppAoPeKwVUffcSjjz3GkiXv01Bfj2GaZGdnMX3aqcy85moGDkz2x3Rdl3mv/IUPPvgAwzA49tgJTJk8mdzcPf1Yd9fUMGfOoxQUFFJbW8t5553DyBEjDnj/DRs3MveFFynILyBcV8f1180kPy+v23Nb29q47/77eeKJJxgzZixDhg6hpLiE/Lw8mpqaqKmtYcP6DaxYtRLHcTBNk2g0whVXXMmdt9/WY6DsOA4ffbSaeX/5C+8sXszOXbtwHAfLNEkLhZg06STO+dI5nHTixG43xtrRtpua9hp8pg/HcygK9aFvRnGvn/2mpk9pS7ShDAPXdRiQ3Z+cYDafNm2lOdGCYRi4nsvwvCEErf03yIq7CZbXrCRkpeEz/aRbQRKeS7vTzoCsfmQH9l/GD9ASb2VTyxbGFIzsMUCtjYTZ1roDn+nD9VwGZvfvcTwhhBBCCCGEEEIIcejMmjWr13MOW4AK4DVVE3vlDtztq8DyQaqH5YFoukaf+37d/Y2SlZWBad/GP+EK6CHo6vGeWve4jLu7c+vq6gmHa0kLhehTWEh6evetAg6XJe+/zy23/pD8vHzuuON2hgwehN/v3+8827b5ZONGfvrTn/HBB+/j8/mJxWK89OKLjBg+rNf7tLdHaGxqpLm5mbS0NAry88nKkuBQCCGEEEIIIYQQQhwZjvgAFUDHmokv+SP20ieSlaT7Luk/2HHYN0hN7ePuOhiZfQh+6Xasfif84xM+ylWtW8+5553HkCFDePLPj5Odnd3rNS0trVxz7bWsXbsW205w++23M+Oqqw7BbIUQQgghhBBCCCGE+OIcTID62UoxvwAqmE3wlP8k7bLfYJaPBc/prBj9TOPs/YUGXBs8D/+4Cwld+QcJT4F4IsFtt9+GbSeYdfPNBxWeAmRlZXLFFZdj2zamYVJXV/8Fz1QIIYQQQgghhBBCiCPDId9EqidW+XGYF4/C3fQmiVVzcbetSgapykQr1fsSeq1Bp3qiGgbWiDPwj7sYs3TcFz/5o8SmTZtZ/dFqsrKyGDCg/2e6tqK8AtM0cRyHfhUVX9AMhRBCCCGEEEIIIYQ4shwxASqA8qVhDTsba9B03N1rcLZ+gLP5Hbzw5mRlqk5uJKU8F4zkjuvJTaMUWH7MPkMw+x+PNWQ6Zn5lzxtK/YtqaGggYdv4A4GD2hSrCwVojWVZDB4y5ICnep7Hjp07sRMJ0tPTKSoqAiAeTxCuC+O6yQrj7KwscnJy0FpTU1NLIpFAa41GY5omfUtKaG1rw7FtCgoKAGhsasJ1nM6vOyQSCXbt2oXruuTm5pGbu2eX+/b2COFwGNDk5eV19mFtaGjAcRz69OkDQFNTE05q7Lr6eiLtETztoVDk5OaQvVf/1vb2CLW1tRiGoqioiGAwiOM41NTU4rgO6GQ/XH/AT0lxcecvAOLxOOG6Ovr06YPf58O2bWpqaykuKsK2HcJ14eRnoDVpaWn0KSzs8ssD13Wpqa1Fa01JcTGGYdDe3k64ro683NzOZ3Mchx07d1JSXNzZ3zYWi1FXV0/fviUYhpGabw3FxcWdm4K1trbS2tZG35KSLp+v63rU1NQQj8cIBoMUp54pkUiwu6YGrTVo8LRHZkYGubm57K6pwVCq89zW1lYaGhrJz88jEAhQU1uL57ponXxnMjLSKSgooKamhoyMDDIyMgAIh8OkpaXhui4NjY1YloVSCse2CQbTKC4uOuD7KIQQQgghhBBCCPGPOKIC1E5WALNsPGbZePzHX41uq8VrrMZr3omONiXDKTuG4Q+h0rJRuRUYef0wQnlgfcZg8F+Iz+/DMk0SiQRNTc2UlZYe9LXVW6qJxWKMHT+OoYMH9Xiebdv8df5rbNnyKbm5uTQ0NjJ61DGcMnUKjY0NPPPcc+Tm5oKnaWpu5ktnnUVl5UDmvvQilmmSkZGJ53mkBYOcfdaZfLTqIz5csYKvX3ctGRkZLF36Ia2tLVx04YWd90zE47w0bx4tbW2YhklDYwMXnn8+/fr1Y/fu3cx98SUs08Ty+WhtbeUr559PeXkZ773/Pg2NjXztiisAWLlyJXX1DVx80YW8+eZb7Ni1i9ycbBzbIRqP8eUvnUN5RTl1dXU88/xc/D6LRDyB5fNx+aWXAPD0c8+Rk51NMBjA8zzycnIpOqNPZ0BZW1vLs8/P5corLqdPYSHNzS08+9zzXP21q6irq+OlV16hKBXoNjQ0MGb0aCaffDKGkey2EYvFePGll2lrb+P6mTPJzc3lnXffY+VHq5h04olMOukkADZs2MjzL77IOWedxdixYwCoqanh6Wef40tnncnIkSNpbW3lmeef5/prriEjMxOtNX+dP58tW6v5t+uv62zxkEgk+MtfX2Xbju3kZGUTrq9n1IjhnHbqqdQ3NPDUM8/SNxXmep7HwIEDOWbUSJ597nlc1+X6a2eSlZXFm2+9RdX6TzjjtFMpKy3j6WeeJS8vj0DAj207DBwwgJycHP766nx8fj+XX3oJpmny+oIFDB86FL/fz4fLl9Pe3k4iYZObk0NxcRHFxacf9HsshBBCCCGEEEII8VkdmQHqXpQvDZXbDyO33+GeylFvxLBh5OTmUFNTy4oVKxg1csRBXReLx3n08UdRhuKHt9x6wOrVlStXUl1dzYyrriIzM5OamhqeePoZBg+qJBhMQ3uaiy64gIyMDN56exFvL15MSUkxjuNwyuTJDBs2LDmQBmUoQBOLxVi0+B3OPutMlKFQ+2wXVldfz9Zt25lx5RUUFhbywdKlNLe04Lour772NwYOGMC0U6ZiGAbLly/nxZdf5vprZ+KzfF3HUip1T0jYCcaOPoapU6agtebFl1/mvQ/ep7SslL+++irDhgxm8sknk0gkeHX+a9TV11NYUID2PM45+ywKCwuTj6F1Z/i55zYKv8/XccvOClPP04TS0rjk4ovx+Xxs2LCBl1/5C2NGjyYnZ09Frc/nw2f52LlzF1lZWezcuZOAP4Dn6dQ4HqvXrKGkqIgVH61i1KiRyapNkq0wXl+wkMrKys5Qt6ODcGNjI7W1YbKzs1j/yQaOP+5YAFasXMmuXbu4OvUz3bVzFx8sXUo8HkcBpmFw0YVf6fJeRCIRTDNZ5VpfX09aWho1NWECAX+y20Zq77ovn3tOMlBP8TwPv9/Hlm3VrF+/nhEjRuBpjedphg8fztChQ3nnnXfZvnMHl1x0EUbnMwghhBBCCCGEEEJ8MY74AFV8fjIzM/ned/+LWd+9mXvvu4/jjjuWYUOHHvCaaCzGbXfcwbJly/jBD27pDNW6o7Xmk02bGDdmT+DXt29fystKWf/JBo4ZNRJlGDQ2NhKLxQiHw2RlZmJZFgGfj2UrV1G9fXtyWX1hIccdeyyup+lXUcGmzZuprq4mMzOTlqaWLvfNy8ujT2EBzzz3PP0qyhk6ZAgDBw6ktbWV+vp6zjrj9M5l7CNHjuTd99+ntjaMYXQTviVzPSzLoqa2lrVrq3Bdl3BtmBOOP47W1lZ219Zy9llnYVkWlmVx4VcuAKC1pRXTNFm0+B0yMjNwHIf+/fozcsTwzuGVYaDRvLVoEQF/gEg0gqc1SikMQ2HbNlVVVQQCATZv/pQ+fQoJhUJ7fcbgsywGDxrErt276dOnENOyKC4uxnUdIFm5Wl9fx+WXXsoTTz/D7t27KSsrw9Me2Tk5+H0Wi995h2MnTMAyzc4d2D5avZoRw4ZRWTmQV159lXFjx2BZFqs/XsP4cePIysoiFosRSg8xdeoULMtCa42nPV5/YwE+n49YPM4pUyYTDAYxTYvKgWVs27aNYDBIIOgnLRTE89zU8xq89fYiQqEQtm0zYvhw+vfvh2GYDB00iDffXkRpaSlpwTQcx0YplQx9U/+2UiG0EEIIIYQQQgghxBdJAtR/MRd+5XwaGur5+S9+wVcuvIif3nMPU6ZMJic7u0uvzda2Nj5e/TH33X8/K1au5I477mDm1Vf3upmX6zhYVtfXyjRMbDuR+koz76+vYhkGWdnZneGm42ky0kP0KSjEcZLLsyHZEqBfRTmjR43k9TcWUFZWiml2regMBoNcfOGFbNiwkU82bOCFl19myqRJVFZWAnSpAFUqWcHqeS6GAQH/XiGcBiM1tmEYNDe38PHatWzZsoWpkyczevRoamtrO8fZV0eYmJ2VRX5+Po7rkJmR3u15oWAa6aljOrX5mVIKx3HZvGUrmzZvpqS4mK9edFFn+Js8B2zHoaK8nHWfrGf1x2voW1JCPB6nIwmtWreOjPR0tNbk5+WybMUKysrKUCgCPh+nn3oqz86dS0Z6On6/H8MwsG2bj9esYeLxx+P3+4m0R9m9ezfl5eUk4nF8qbDyk08+YfG772LbDuefdy6hUDoKRX5eLoFAANu2sUwTrTWu6zKgf382bNxIwrapKCunobEhVX2q8bQmOzuL3JxcbNsmLS0IJPvEHn/ssWzYtJE3316E53ldwu6Ojz75/a7vghBCCCGEEEIIIcTnTQLUfzGmafJvX7+B4447jtmPPMKPfvRjQukhhg0bRn5eHh6aluZmPv10C60tLUw5ZSr/8z8/YWgvG0dBMgAs7duXtVXrGT9+PD6fj7a2Nqq3b+fM007DMAwMZXD+eeeSn5fXGd7F43Fcx2HUyJEMSoWeHbTWRCNRTpw4kTVVVaxavZoRQ4d1OWfd+vVUb9vGGaedxujRx/Dee++xes1aRo0ahT8QYOPGTZ0bRW2r3objOBQWFlIbrmPnrl2d40TjMbSXDDMTiQTDhg7hpBNP5I0FC6hav46xY8eQm5sMCnfu3El+fj5aa159dT5DhgymqKgI7WmOP/64zs2c9qU9D6UMTjjheLKysmhsbGTdJ+uT4avnkZaWxpfPPYdt27bxwksvU1NTQ79+e9pXaMBxHbJzsrFMiw+XL+eCL5/Hxg0bsXwWtm2ztmodSilefuUvOI7N9u07iEQi+Hw+orEohX0KmXLyycz/299ID4WwLIvdu3cTjcZYu249Ves/IRDws2LlSsrLyxk8eDDrN3zCmDGjGT16NMXFJfz5qSdJJGxCIQ1KccIJJ3QJM1tbW3Fcl9zcZDi6avVqLjjvPGrrwqkl/Mmf7cTjjyeUvidkdl0X1/NAKaacfDJ/mP0ItuMwaOCALp+BEEIIIYQQQgghxKEiAeq/qPHjxjJ+3APs2r2bLVu2sm3bNpqamkhLCxIMplFRUc7AAQM6e3kerGPHj2fjps08/cyzDOjfn6r16ynMz2fI4EHU1dejSVaMBoPBzmu0ToZwHy5bxu7dNcml6BqOPXYChqGIx+KYpslp06cze84c4olEl3uWFBUz75W/EIlE6VtSzPKVqxgzZjShUIjTpp3CvL/8lda2VnyWj+UrVzJ50iTS09MZ0L8fby9ezEvz5pGdlcWaNWs595wvAckANRGPo5Ti5EmTeHj2bBYsWMhZZ53JmaefzkvzXiFcV0dTUzObNm9m4sQT0Kml+G+9vYicnBxc1yEtmMb48eM6Kzg9rdGeRzQaIysrC8dxOsNEz/NwXQfXdenfvz+jjzmGuS++xHUzryEzM7PjwyIWjREMBCjt25eNmzeRn5fHqkiEgsJCtm7dSjQa5evXXYc/4MdxHP706GOs+mg1pX374jgunusycuQIVqxaRX19PfF4nCUffMDYsWM4ZcoUlFLU1dUx5/HHmdLUxEknTmTOY4/zxFNPUzlgINXbq1FKkZubg+d5aO2xYMFCAgE/jutSXFRE3759icfjBIMBivr0YXdNDXn5+bS3teN5Hsmd4DQL33qLrKxsXNchMyODkSNHoj031SognVOmTuEvr85PXZPkOi6ObX/2l14IIYQQQgghhBDi72DecccddxzuSYjDJzMjg/KyMkaOHMGECeMZM3o0I0eMoKy0lPT0/Zef9yYYDDJ4UCXRWIxwfT0DB/TnlKlTCQSDuK6HZZlUlJV1BoodTMPEsiwSiTiu62E7NhXl5QT8frJzcigoKCAUCpEeClFQUNC5U33HPQdVVlJfV099YwMjR4xgwrhxmKZJYWEhZaV9qQnXEU/EmXTiRI45ZhRKKdLT06koK6M2HCYai3H8cccxbOhQlFJ4nkdxURG5ublYlkVZ3740NDVRVlpKUVERJUXF7Ni5k1AoxFlnnE5BQUFngIoC205g2w6GoSgrLd2zYZPWWD4fFeXlnUvzlVL0q6jAsiyCwTTKy8owDIO+fUtwHIdQKET2XhWthmHQt6SEzMwsMjIyqKwciEaTn5dHPBFn4IABlJb2xTAMLMsiJycZUBYWFpCWlkZJSQk+n4++JSUEg0GKi4toaW1lwrhxhEIhDMMgFAqhlCIzI4O8vDwGD6rEtm1qw2H69OnD9KlTKSws7NwMytUejm2TsB1CaWkUFfXBNA0G9O9PVlYmOTnZ9O/XD601JcXFZGVld1as2nYC23EwTYuy0lIM06S4pJiM9HTy8/IxTYOy0tLOql6tNdnZ2RQXF/faUkIIIYQQQggh/plEIhGWLFnC4sWLmTdvHosWLaK6uprm5mYKCwv3+//aX7Tkfik/oKKigr59+x7Se4tD6+c//zn33nsvjz32GEuXLmX06NF7ir2Ocq+99lqv5yjdkYAIIYQQQgghhBBCiCNOJBJh/vz5zJ8/n0gkAkBaWhoA0WgUgFAoxJlnnsmZZ57ZZTPiL9Lvf/97Fi9ezOTJk7nhhhsOyT3FoXfnnXeyaNEiEnutCB46dCi33347ZWVlh3Fmn49Zs2b1eo7swCKEEEIIIYQQQvwzCi/gzhkzmF31dx7vRdXsGcz4uy6uYvaMO1kQPthz//45/jOIRCLcfffdzJ07l4qKCm666SbmzJnDQw89xEMPPcTvfvc7brrpJioqKpg7dy533313Z8j6RVm0aBE333wzixcv7vL1okWLvtD7isPj7bffZseOHYTDYa688kosy2Lx4sW0trYe7qkdMhKgCiGEEEIIIYQQ/7QqqX66u7CyitmzHmHT4ZiSOGgd4Wl1dTVXXnklt956KxMmTACgqqqKdevWEQqFmDBhArfeeitXXnkl1dXVX2iI+thjj/Hwww9TV1fX5ft1dXU8/PDDPP/881/IfTuFF3DnjNlU7fe9Gdy5z4t+UCF/1Wxm7DveESH5y4MZ+/65cwEH9buHAwkv4M6D/CXGsmXLqKuro7m5mWOPPZZTTz2VU045Ba01y5cvp7m5+R+dzVFBNpESQgghhBBCCCH+iU2eXMGi1WGmT99rk+CqJSycNo1pCxfu+V54AXd2CVUruebe25lemDr2vzC54hEeWQhMu4VbutwlzII7Z/HIpmncMmcmwzu/7hjqGu69fTqFVDF7xj0sBJg1g623zOHcXXcya+sl3MI93JOazrRb5jBzeDcPc6A5dnO88pp7ub3jYNVsZtyz53l7vMcR5Pnnn6e6upobbriByZMnA8lqz8cff7wzIO1Yuv+Vr3ylc/l+R5B51VVXfa7z2bp1a6/9Il944QUmTJhAv379Ptd7dyosoYJHWFI1k+EdP7+6rWyqrKRy0WrC06eT/IlXsWQhTLvlCP8h96Lre5r872rW7BLmHKKXd9GiRUyaNIkf/OAH5OXlAXDzzTdTW1vLqlWrmDRpEtnZ2YdkLoeTVKAKIYQQQgghhBD/zI6ZSMWi1V2q1qqWLGTaxIl7vpEKHitumcOcOXOYM+derqncxCP/u1e126ZHWNTv3uTxLuFNKiytuIU5e4Wniyanzp0zh1sqHmHW7CpgODPn3MI0Krnm3r2CoYX38HTH2PdeQ/U93Szb73WOyaraPcdvoeKRWclxqmYz4x64JTWf5D0Oto3A4REOh3nttdcYNmxYZ3i6detWHn74YSKRCOXl5ZSXlxOJRJg7d27n8vnJkyczbNgwXnvtNcLhz/cB58+ff1DnfbFL+YczcRpU79rzbFVLFjLtkkuo2LSVzrrY8C6qmcbEozs/3Uch0y+ZBguXHNKK2enTp+Pz+bBtu/PPhRdeSH5+/iGcxeElAaoQQgghhBBCCPFPbTgTKxaxujNvqmLJwn2CpcLp3D5n70q3Qo6ZXLnPOJVMPqaQfVXNnsUjXMO9HRdXzeMRruHGvSpeh8+8hWkLn+45sKzc6/zC6SQzon0iol7mGF7wNAsrr+HczuPDmTlnDjOHh1nw9EKm3TKT4XuNdeM18Mi8I2/hdofly5cDcOaZZ3Z+r7CwkDPOOIMzzjiDu+66i7vuuovx48cDyaXWHTqu6Rjj87Lvsv2eVFdXf6733VdBv0o2be2YS5hd1ZX0KxjOxGkL6Xxt6rayqbIf/5+9e4+Pqrr3//+eySTkQrhMCAG5DYUgweLjEDwCMkCxqO1XT72cXwmXcyy059h+kQI/03LKUQpWPfRLxS9Upaf9tQ85fEu4nO+pttVHxVopJAoo4KlWEBBJIMgtE4RAbnPZvz/23DOTTJKBTOD1fDxGzOy19157r73X3vsza63dL5DqrScT6gYfP11kl/pQgP+83nryYT351luh6U++pfP+YQVire/QS2Fd8js7wO+hlyK6+AeHMWjRTb9j4wl/+ctfltfr1blz59TY2Ci3262amhpduHBBTqez1SCq1+tVY1OTGhobY36awl5Klerowg8AAAAAwHWuaOJQbQt04z+0RzumT9R8SXtapAzrYi9JI6a0vuAdq7RK0oh5YxXsRX/6hHRsh0of3hCVeITmxVvO0IEKD832GzZCKj+t8xoYI3HsPNZUHZOGzlTLEG+Nqo5JO1Y9rB3Rk6bH3bIuV1VVJUnBMU8ls7t+eLf87du36+OPPw5OCwjMk+wWqIF1teVqB1Dzx07RiA17dGh+kYrOf6hyTdGCfEnDRmjHnkOaX1Sk86dPaMSU+8zj4dBLKt0wVMs2rlCRzABmzG7wcdP101tPrtKJeWu08c58f4vmJzUsbPiIYxuqNHPjRs33H5+l6+dpzcaNyve3nH710J2aX2QGaFedmKc1G+9Uvr+19pNvhQ010SrzxwBNX+b/MeCQXlp1QvPWbDTzceglPbzqVR26M+zHgk7YsGGDbrnlFr333nuqqqrSgw8+qJycHFVUVOj999/XAw88oNdee01Tp07VTTfdFHMZn1+4oMbGxpjTevfurR4ZGUnI6dVHABUAAAAAgOtd0UQN9QdWtGeHpk+cL0V0Ag4FJUf4g0Tn33pSpW31xB4xT2sWSOtL1+utsWFjkQbHPE2mDubRrzuMeRqurdaea9euDbYwHT16dMzxTq92IDOeq/UCq6D8gRqqcp0+LxXVVOnY0InmsTZ2ikaUn9Z59dOH5dKUBf7RUPfs0Ih5a4JBxaL75mlEqT8AG7bYQ3vCg5NS0fyN2ihJ599S+bERweWp6D7NG1HqH1vY/GrEvPv88/XTsBHSiCn+HxXyB2pocA3n9WH5MU2fucJ/bphd8jdsCx+7NVKLwP+IsNbeKtL8jStCSz99QgpbW0d99tlnevXVVzV8+HD1799fo0eP1meffaZNmzYF0zgcDg0YMEDZ2dl64403NG7cOI0ePVo9evQIpklLS1NOTo68Xq/cbnfEOnr06KGsrKxO5/VaIYAKAAAAAMB1r0gTp6/SnkMTpR3TNXF+1ORDe7SjI0HPoQOVn1+kmdM3aNX6tzR2xZ3KHzhU8o9FmfCyTpzWeRUF08dsTdpGHkOtVouippsBrfLT56Wi5IZ0r6Z+/frFnVZVVRUMns6dOzeim78UCmAOHdr5YFr4Otub/qq9SEpFmjj9mPbUBMbz9R/Q+WM1Rev14fmBqjo2VBPzJbOLv3RsR6kiG0WPMAOwwb/NdCOmxNjvNVU6pqGa2enDJ15r6Olxz5fWA/+RL2sbMSJ62I2Oee+99zRu3Dj1799fVqtVd9xxhyorK3X69Gl5vV7l5eVp+PDhys7OVm5urnJyclRVVaWbbrpJ+fmRW5GTk6PGpqbIAKrFouzs7Ihga6pjDFQAAAAAAG4ARROna8eqVdoxfWLs7r3hL+A59JJKNxyLlSr2sucv0/RjG7T+rfP+1nk7tCp8sMVDL+nhh1+K/+KbYxsUHI70/FvatmOE5t0XI5et5DH/zpmaHr6c4NiU0p0zp+vYhvVh40EGpqXuW6QCwcfwsU0D8vPztXjxYi1evDj4ghvnWfgAACAASURBVKlwgXmig1mdkegLpDqavr36DRuhE6cP+cc/DXybr4FDj6nqw9M6ETzO8zVwqL/VcuAlYhs3auPGsBbTYelCY6tGrEwjdEKnO324mMH86cs2RuWlg13uD72qDcemB1+OtmJmcgLmn376qXr16iWfzyePx6OsrCwVFRXpzjvv1F133aXi4mL17dtXhmHI4/GoZ8+eOnv2rBoaGlosy2q1Kic7WxlhXfWzMjOVmZkpi8WSlPxeCwRQAQAAAAC4ERRN1HRJ02O9lrxovpZN36FVgZfRbBumNcumS8fCXz7V6sI1f1kgSJmvO1cs0/Qdq0Ivt1klLQsGiczWgxtKwwKYI6ZL2/xpSzdo6LLo4FYieSzS/DXzdGJV4IU6pdowdJk5tmTRfK2ZJ20oDU0rn5LouJNdI/ByqFiByKqqKq1bt07r1q2L2TK0vLw8YhmddejQIVVUVLRrnoqKina3Wm2P/LFTpKo9qtIUhb/brGjidJ0oL1dYVFVFE6fr2IZXFYrRPxkzoF80MfIN9+ffetJ8AVT+WE0ZcUzlgZPh0KvacCz2S9XayLXGThmhHdtCL5U69FLrL7VqWyCw6x8fNbiqgRqq8DzvaTkGcAwXLlyQxWKR2+1Wc3Nzwh9Jqqura9FVX5IyMzOVHgigWizKzMyMCKh2B3ThBwAAAADgepR/p1ZsvDPsC/Ot9PH+Lpq/URujuvaHJkcvK2x8yNAXYenNZUePFBBrXeffkqRhum9FrPTtyaNibHP4pBWKMykl5efn6+6779Ybb7yh8vLyiJam4WObnjhxQkVFoaB44MVSd999d9JaoK5du7ZD861atUr//u//npQ8tJA/UEN3bNCO6csij5t+w6RjJ0LjlUr+APqTKn34Yf8XIzRvTYxWny3STdeyjeaQEXeuWKaqh0PDAExftrFlkD+RbN+5QsuqHg57yVpoHe3mH4t1Q+nD2qARmrdsnkas8o8Nm1+k++aNUOkGf56nz9O8EVJbIe0LFy4oLS0tZiC0NVarVVeuXJHH41F6enqLaTk5OXI3N8uWnt7tWp9KksUwDKOrMwEAAAAAAG5M5ougplyFl051f/X19XrmmWd08uTJFmOdBlqmRn+3adMmDRkyRI8//riys7OTko9f//rXHXoh1dChQ2O+3Aqp689//rOOHj2qcePGyWZLvN3lwYMH1adPH91xxx3q06dPzDQXL15URkZGyr08qrS0tM00tEAFAAAAAABIQdnZ2Xr88cf1zDPPaNOmTdq/f7++8pWvaPTo0cHAaX19vT7++GO9/vrr+vjjj5MePJUUMwhaVVUVMeZlVlbWVXxpFK6VK1euyGq1yuv1tquVqNVqVWNjo7xeb9w0vXv3TkYWuwQtUAEAAAAAAFJYfX29Xn/9dW3fvj0YtAwESOvr6yWZAcx77rlHDz300DXJU6C1a0B0C1l0T0eOHNELL7ygpqYm9ejRQ9nZ2crNzVVOTo6ysrJksVjU1NSk+vp61dXV6cqVK2psbJTP59PMmTM1adKkpAbvr4VEWqASQAUAAAAAAOgG6uvrtX//flVVVQW71A8dOlTDhg3T+PHjr2ngqr6+Xr/4xS904MABFRcX65FHHul2gTNAIoAKAAAAAAAAAHElEkC1XoN8AAAAAAAAAEC3RAAVAAAAAAAAAOIggAoAAAAAAAAAcRBABQAAAAAAAIA4CKACAAAAAAAAQBy2rs4AAABAexlXXGra9YI8lXtl1F9oK7X/X8vVztZ1wCJr74HKuv9/yZo/sqszAwAAAKQEWqACAIBup3HHWrkPvt5m8NQwDJmBU4KniTHku/iZ6l/+XldnBAAAAEgZBFABAEC34zm+O6F0hE07xqg729VZAAAAAFKG7cqVK12dBwAAgPZpTvD+xUIItaO4RwQAAABMNrNrGwAAABDCPSIAAABgogs/AAAAAAAAAMRBABUAAAAAAAAA4iCACgAAAAAAAABxEEAFAAAAAAAAgDgIoAIAAAAAAABAHARQAQAAAAAAACAOAqgAAAAAAAAAEAcBVAAAAAAAAACIgwAqAAAAAAAAAMRBABUAAAAAAAAA4rB1dQbiOlKmBWsr5Jj9lJZOyWs9ratcq5fv1qSnlqqtpEmd9xpwla/W8s2VLSc4ZuuppVNkZvmIyhaslZas15xRgXkGa8n6ORoVd5nxp199R1S24BUNSdF9fs24yrV6+WbFKF2Tc4nW33M2pY/P9jGP04pYk5xLtH5OFx2NZQu0Vub6XeWrtfzkA12TlyNlWvDKkLDz+ppnQGUL1qo6bp3b1vTWFl0ms4pKtM4JO1Yi6roU4b8+teTsZL2a4tvdjaXPfEOZQ3JbTqh9TXUvPZ2UdWTO3610xVveE8ouvVf66yTVb0/K6totfeYbysw/qsYXH5W7C9Yf934mqv53la/W8t2TrsLx71L56uU6+YB5r9T9JbfObs9+79JrZbcW7z7IodnXxX0eAADXtxQNoLpU/kqFnE6nKjZv15EpVzHQlzdFS9dPuVpLT44YwaUjZQu0fLXi3+g6qvXK6nJ9K3r6kTL/A8zgq5dfJCbi2Iv3YDcq9Y/Pdon1kGA+UKwe0oHAXBKMmrNe66/5WlPY7l+prGBp1HHoUvlq86HPcS3ycGSfKlI9gBgjf67y1Vq+oKzjQdTusN3dWYtgaYmyHl2i3PlKWhAVbWhxP2Ne+xaUhb7Pm7JU19Vl72pLUp3Nfr9WWt4HucpXa/nyMhV0WcMGAACQiNQMoLoOanelUw8svU2qWKt9R+ZoVNQdxZGyBQo0AHI4neFTzNaNSyZp91p/6z7HbD21tEDbg7/6ht28RLRA9c87e7A2bw78PtzZFkVXx6h7Zsux/KRcUpwH7UmaNHi3DrqmRNykHdnnD0zHbAaYQqJaeDmXRAYWw8vfn8B8+IrV0s1VrtXLT+oB/3eRrWBS/Ff/8ONT/u1YIq0NbHywlWqgJWvU8drGfkwNo3TPbIeW7z4o15RA4Mh8qA4VU1RQKar1brCluqtcq38lTRq8WZsrJDmX6Kkhr0S1qolssR1ogfrUkFf8x8VaLag21+cqW6BXhizRpN1r/Xkxj5eC7WH1T0TrnqjWJWHBArPFziTNrt4c3K7gvGHltHzByS6tcwZPmqTqfUcUUem6Dmq3nHI6KlQtxW65345WpkfKFuiVIbM1ePPm4L5yRrSgN3fQ8gWb/d9HHQ9d2GK5NXlTHpBz8ys665JG5UltHQ+/0qTgPrjtTof2vRW93dH1Vfj5fURlC/ZpyOxqbd5cKTlm67FJu/XcyQe0RGsVqiLW656zYcuI2HdR+1Xhx3MC18N452Ewf7G3PXVsVcOLhcouvVfZ9zztbxlqBlVtmaFUxsm1urxtq/lH8YvqOb1YlljTJEm3KLt0t9L8f3mjW5zetFm5pf6QVuOBqNagZivVwLzRy86cv1vp9rBlhQWEM+fvlvXKAVmHFMuiOnl23K2GA+HLq5O3tv176OrL05SlS3RywVqV3RZ2zPvrbEWdJ7HPi+jreKxjLy90rK9dENYqs5W6Jfp6Mnas9GHviHPg6rWWTVxCdXZAi9bzoXM6er/Hu16F9n3oWpmn1sokgbqkrXzFu3YGNre146Eb3AfljZkkh04G/w7vGSMp8prrit0DwjH7KS0t2B5/Wsre6AIA0H2kZADVdXC3Kp0PaJRGSU5p7b4jmhN2Y3ikbIHWVs/WU+unKC9w8yuHJgVTVGrzK5P01Pr1yvPfSC9f4NDsp9ZrfZ5//u1HNCXmHVSlNu8OzGsue23ZbSn44Ne2MbcN1q8OujQl7IF2X4VTty1RagdQg4GY9ebNtatcq5evVrn/hjiy/APpAw9ft8mpyKB76HgKe0BYvzQ0b7f61b9Ca/ct0fr1c/z7Za0WVDj9+8o8Xl8pvycsKBd/P6Yuczt2T3pK65f6Q55lC7S8rMB/Hh5R2fLNGrxkvZaOkvn3guUqK1ivOXmSKjeb8673h2LLE1tr3pSlekqR3RJdkio3v6JJ4XXH8gVyzPYv/0iZFqwNtJIPBWbXjwptx+rysAeXis06GZh+pEwL1v5K5WOWasqoOVq/RF3chd+vYIwm7d6uI2YNLMk8hzTpAQ3Z7X8YzxujSY7N2h1WvxzZZw65kuh5VLl5d3C/uspXa/naMt22fo5GTVmq9QXhwxn46/jBS7R+6SjFarGWmto+HsL3gSR989bIYRxCw60sDdVfES1cK7T55BKtXx8Iyu42f3Rcsl5mFbFay9cuUIXTn8ZVrtXLX1H5PUs1JS96vwbW5z8m86TWr4etnIejEjgXUsbT8tXeK1vvEkkyg6f1r6nuRTMwaXb9/5ayireaAcnpxfIFg6JPKLt0ibLv2RoKktrzZOyYpLoD/nm/uFmZ22er0T85zS6510xSo8ygZ+ajL0ovPiq3P3hqPblWddu2Bpfdc6Z0edtWM3iafUCNa/wB13s2K/eL4YFfKW2IPbhsRS/PH/gNZiSljNJtTumV0C8PEaLPk9av42bLy+rZT2l9WIB0dflTWrr0KSmip0cCdUvE9cQ8rkP3Fy4d3F0p5wNLU7/OlvzXnGrNfmp9WGBzbfx73HjXq1jXyjbvrVqpSxLJV7y85MnfsypUT0asu5vcB7kO7pZmfyux6+eoOeY9YGBe/3XigSl5klqbBgAAOstqGIZS63NY2zdXyjm+UIZhqPDuWXJUvKJdNaHp+yok5/1O2Q1DhmGX85uz5JCCy5DCpxdqvFOS83457eb0wvFOqfqMasLSx57XrqKJjoi01/4jSdHf1WjXrzar0jlehWH5VvQ8heM1ePdHobwf3qcK53gVBpN3XTnHX3+Ndr1SIefi2cFtM+xOfXOWtHn7YbP8Zr+oF78fKCNzO53B7TfLu2Lf4eDyPtodOJ4Oa/tmadY3w+edrcXOCr2yq6ZL94dhGDIiyjD2vpIcmnV3oX+/FGmiQ3LMutu/r8zjtfJkTUL7MXXK3TznHROLzHI5vF2bNUvfdNqDaQpnL5bTXw/U7HpFFY5ZurswMH+hZr/4omYXhvbRxCJ72PJbnkMR54vCp0elVYy6Q07dH8hb4Xg5Va0zgXw5FwfzEaibtHm7DgeWHZ7vwvFyqlIna+LnsyvKR4ZdRROrte9w4PsafbRb5j4N7jf/sRasXw5rX0X0fg//RNU5UfvVXjRRDv9+bLEvDm/X5kqnFs8ujNivkdeFa/2JXVaHy9aqwjFRRfZEjwczbezl+q+FYeew3flNzXKE6itJwWtlcP6wY8zcr9F1RuCYs8v5/Rf14uzQ/Gb6xK6HrZ2HbW97Eo/XJPBeqZMlp1Bmi9RJEd353Z8cVfw1Pa36NVEtTGt3qeFA+Lx5shSHreuvoWBq418OyMgslK1YSp85VWmNB9QUbHH6tOr/WinLkAeUKanxpUmqC2+tuv0jeaOzU/tRKD56zy1KU6U8geUdeFRNJ+sS2h/hrsV5YxiG7IMD167odIo6T9q4jvvri2Ad7T/Ovx/429yohOuWyOtJ1P1FzUfaXenU+ML27ocknwMJ1dnmfnrxxe8H693g/XHM65/acb1q+95KauXeOpF8xc2Lea8Tug8KLG+2ClP2PqhSm5cv0IIFoc/yzZVhx78RdV8SKusWy6vZpV9tlmb9KGwbE5nGhw8fPnz48GnxSUTqtUA9sl8Vjln6UeBn2LwxmujYoj2Blk6us6qWQxPDf0zNK2hzRE/H4G7862vFOj0a3WLUMUs/mt3Wb9WjNH7wb4Pd+I/sr5Bz/GxJ+69SRpPBpepKqWLdoy0H2XdGpSz/iX64pbLF5FHjndK6/Toye5RGuQ5qT6VT94+S/9ipVMUPH9WWqEU7ZiV3K66lwQWxju3E9+O1VaktMff/j/R9fwsJ19lqqbJCP3y0RSrNkuSqrpQG3991LX4cg2Ou22Xu8Jbnatfu8A7JGzNR1W/4u4S6DmqPJuqbedLBqDSOLdXmMCKus6p2TNTdV6FQXGerJcfEyH2eQJ1/1VVuiXGMOrX4RbP16JHOHg+xrnXKU0G7N3ywYlYRYY5sflTrgvl0aGIi2WvlPLwezoXI7vKBwOPTcp+cqswv7lbuF9WBF1DVyTgf9ueB0/JNL5YlX0rLyZXqT0e+3Ol8rQzZI5YQ/TKsFkHUQLreeVLj0Yjp7osuZea3I7upqI3reMz6Iu6i2l+3jBrvlH57Vi6NUp6rWpXO8SnReyWROjvIVa6f/HBL6AWWnT0tk3Vv1aF8mfc6g+/vTvdBDs360fcjW8Ae2axH1/1W5Xd/vx0tY49o8w+3SLN+FGOe1qYBAICOsiUaab02XCr/bYVUqZYPppVv6IhzlgqN8F9hI5NEfhc1vUVUOTLSHG9eI/xX9s5uXgcYhiTnYr0wqzDmxMg8mfkOz3Ph+MFa98YROWdJ+yucGj/LkHE03vzXVqwyDHAufkGxN9mQq/xZrdhaKcmpxS98T4U6qi0L1ylYboXj5dQ67T8yS/Yze1TpvD+spa5DJU9+L+YNZdeeC0ZYi4Pwr8OOT0Ufqy3nif63tf3YNSL3/9EtC7WuItRayMybJEeJnvxerK7shkKHb4xtiHE+xz+HI/d15DxRKWPVHbGmt3KuuhLKR9fVNSGGDHuRJlS/pF0139OYg3ukCfPNlkNSqC61F2mCY0vwPItIE3fRcfZb3HrYkFqpg1urQ666eMdoeD47fDzEuzaFrSOR61XYhGBdETaPef75t+WFKcpzlevZFXsTuh6GshK3Ek/wutVxlraTJCQtJ1fGFbNmCQZOG/3d5YtfVM/poe1wb7s7ogt9bum9McZBTb5Q4LRS7jV3q9HfRf9qS+a1Il79KplBd8cguyKub7HO/zau4+aQLfHq0cjjv7X7u9jXXJn3F5W/1Uc1Tg3YXyHn+FldfO8gJVxnu8r17IqtqpR5b/C9Qn8dILW938PXZUSVZZv3Vq6Ief1ZCi2/Hflq/doZe++k3n1QjHq98C6VOFZoz0c1cobtxPjXSJfKn12nCudivRB2/2RqbRoAAOgMa1dnIILroPZWOlTy5At64YWwz5MlcqhC+49KyhugwarUqfCXIbjORA6Sj5DC8XJW7NfRo/vN7vtdnZ822TXIIVWfccWZ7tLBvZVyLn5BL7wwK872+LvZ7S830473p4p17Fy32tqPqaFw1pMqcVRo3bPlCuQ0b8BgqfKU4hWT3dwwpdqWpWq+OiZPYyZIew8e1cG90oQxsZqw5GnMBIf/PIuXJgk5iXU8dIM6v9PHQ8z6yqUzSdvwo9pf4b/exvyxonWtbV/3OheekNUu+S5u9f9/nTw7orrLx7J9turWTFLjyTpZ8qcqPaF15coS3gK0eKCs/lap3it1UvbAyOXk2/1B4hLZ8nPl/esk1a2ZndAwpu6LLinTHnwhleRvlZqSjmp/hTR4QAL5a+M63tb1o820bdYthRrvrNTeg+Xmj9Ipc1PVdp3tOrhXlc7FeuGF2AHFjq+6c/dWnctXa/c63eM+KFxC54AkV/lL2lrp1OIYO6y1aQAAoHNSKoDqOrhXlY4JanHflzdF9zuliv1HJRXqrhKHKn4bCLi4VP7SVlW2WBpMhRrvrNC6dRWhQGJKy9OU+52q3PqSyoP3vC6VP7tQz4a+CLsh9v/SHrWUwvFOqWKrtlY6NCjYA9J/7KzbEmzFKB3VloULteWorjOJ7ceul6cp80vkqNyqFYFCKLzLDKqGF8rRLVq40Cy3vCn3y1m5VX8MTm59u8yH5L066J/sKv9ty+58ydgSf75eCsuHq/xZLQwLDncneWMmSFvXaati1MlhaRwVW1tN02ktjgd/ne+8P6W7Jnb+eGhZXwUejO9P2oaHBz2OasuKxK+lrZ2H3edcKFHWo/cqrfa1sHFMw4Oc5kujQi1dn1B26W5l3xOa35afK+P8rtaDrWHSRr7oD5KWKGtSsSz+MVPd23bJm1msHjNLQuv6okPGyVeCAVNr78A0f75bW9H2V+RpdMgWWF7xi+oR1vU/dYRayyUW72njOu6vL34bduwd3bJQC2Nd5DtYtxSOd6py69aU+1E6kTo7/IcNV/mzYUN3dEYS7q06nK/Avc4fQ+t2levZhc+q3NVd7oMkHf2jtlaGAvL2QQ6pYn9wm47+MaxuPrpFK7ZKJU/GaETQ2jQAANBpKdSF/6je2FopR8m8mN1ARxZPln76W5XPKJXTWapF1d/VioVml7nJJSVyVO4NDZQvRXRxbNHtMFbXyHjzBid3URf+sLy1lio839F5Hlk8WaqQikf6tyuiW3hXMGSoUltXLFRkp0eHSlaWyjmyRCtL1mhl2HRHyUqVOu0yDMk5r0R7V66Qv/g1edFKlfxupbbuO6KSkf5bxpHFmqwKve2Y4H/5hPm13X/srFsYujufvOh5zRoZv/vXtRGnu2748amw/zdizxNxvLS6H7vmaI4+vyRJdqdKF1Xruz9dp2cHrVSpM0/O0kWq/u46hYppshY9P0sjDUOGRqpkZYnWrFyohcHJi/S8065QT8GwdYws0aLJ39VP/fvBUbJIJY6fqjpwvoTVD/aiCXJsXaeFFeb6wrsxBpZr/hPVJdowZBiBfIWOTTlKtLLUfHFGKGux5pV5zFb+VCsW7jXPg2seHIzKj71IExySJvhf7hU6GEP7o0WaeIuO3G8t6+RQupZ1lF3O0pXSmpVaGCjwyYv0fMnIruuamFAd2t7joeVy7c5SrdQarQxtuBY9X+I/DxK4XrXo+hpeZ4xUyaLJ+u66hf4fFBwqWblIk1f+VHsP1sjpbGv5rZyHhr3Vbe+yLvx2s8t9OCP41nvJfHHTLcoNjHGqOnl2vCbv9HuVNrJEOhA9XeY4qAl336+T57xdmaW7lSmZwwQEx1B9WvVrpOzSJcotXRLMW2BogIbdU9Vzemia969r5Rm5RLabnpAUaxzWrWp4sTBseZXynKyTrZ1joCa1C78kVYTX6yZHyUo978wLriv8OAvPR+Cv1q/jdv/1I/rYGynDkIomOLR13UJVTF6k52cVtl63RNdLAf77CxV3YR0kqb11tt05TyV7VwbvnTV5kVaW/E4rt+7TkZKRwdF2Y+/3yHVFXysLWy2T1uuSvHbkK/a103+vEyxEc91OuyHDnor3QfHvf0cG635znwT25+RFizS54neSYejIPvO7FsuYvEiLFH/a87RIBQCg0ywXLlxIlQgqAKBbcalizQZpXlcEfHGjS/vVV7s6C9c977f+0NVZSEFHtXXRARX/tIRWfgAAANeJp556qs00KdQCFQDQrbgOaa8m6Bv2qBZaAK4L3CPGcHS/3r6jWDO7rBcPAAAAukJKjYEKAOgejm5drMU/2qsJ35jc7hcQAUD349Lbzy3W4hekhSW0PQUAALjRWFwuFz+gAwCAbiX9pXvbToROcc9/rauzAAAAAFx1zzzzTJtpaIEKAAAAAAAAAHEwBioAAABa4B4RAAAAMBFABQAAQAvcIwIAAAAmAqgAAABogXtEAAAAwMQYqAAAAAAAAAAQBy1QAQAA0AL3iAAAAICJACoAAABa4B4RAAAAMNGFHwAAAAAAAADioAUqAAAAWuAeEQAAADBZLv3vqdwdAwCA7sXb3NU5uP6lZXR1DgAAAICrbuXJ29pMY5PFcg2yAgAAgG6Fe0QAAABAkmSTp6mr8wAAAIBUwz0iAAAAIImXSAEAAAAAAABAXARQAQAAAAAAACAOAqgAAAAAAAAAEAcBVAAAAAAAAACIgwAqAAAAAAAAAMRBABUAAAAAAAAA4iCACgAAAAAAAABxEEAFAAAAAAAAgDgIoAIAAAAAAABAHARQAQAAAAAAACAOAqgAAAAAAAAAEAcBVAAAAAAAAACIgwAqAAAAAAAAAMRBABUAAAAAAAAA4iCACgAAAAAAAABxEEAFAAAAAAAAgDgIoAIAAAAAAABAHARQAQAAAAAAACAOm2F0dRYAAAAAAAAAIDXZiJ8CAAAAAAAAQGw2gyaoAAAAAAAAABATLVABAAAAAAAAIA7GQAUAAAAAAACAOGiBCgAAAAAAAABxMAYqAAAAAAAAAMRBC1QAAAAAAAAAiIMxUAEAAAAAAAAgDgKoAAAAAAAAABAHY6ACAAAAAAAAQByMgQoAAAAAAAAAcdh8RFABAAAAAAAAICabjy78AAAAAAAAABATL5ECAAAAAAAAgDgYAxUAAAAAAAAA4rD5GAQVAAAAAAAAAGLiJVIAAAAAAAAAEAdd+AEAAAAAAAAgDpuPt0gBAAAAAAAAQEw2W6/+XZ0HAAAAAAAAALj2LredxGIYNEEFAAAAAAAAcOMpLS1tM431GuQDAAAAAAAAALolAqgAAAAAAAAAEAcBVAAAAAAAAACIgwAqAAAAAAAAAMRBABUAAAAAAAAA4iCACgAAAAAAAABxEEAFAAAAAAAAgDgIoAIAAAAAAABAHARQAQAAAAAAACAOAqgAAAAAAAAAEAcBVAAAAAAAAACIgwAqAAAAAAAAAMRBABUAAAAAAAAA4iCACgAAAAAAAABx2K7GQi9evKhLly7J4/FcjcUDAAAAAAAAuEHYbDb16tVLvXv37pr1J3uBFy9e1OXLl5Wbmyub7arEZwEAAAAAAADcIDwejy5fvixJXRJETXqE89KlS+rduzfBUwAAAAAAAACdlpGRIavVqosXL14fAVSPx6O0tDQZhpHsRQMAAAAAAAC4AaWlpXXZcKG8RAoAAAAAAAAA4iCACgAAAAAAAABxXJWBSum+DwAAAAAAAOB6QAtUAAAAAAAAAIiDFqgAAAAAAAAAEActUAEAAAAAAAAgDgKoAAAAAAAAABAHXfgBAAAAAAAAIA5aoAIAAAAAAABAHCnZAvXolu/qp2/HmGDL1aDCCbrr7+/S+ILsTq0jPpcq1qzUVpVoZalTeZ1O19X8+Ry0SM/PKuzqzAAAAAAAAADdylUJoCZHlhwTijUoLIcNZw/p0NE3teHpvfrgf0dKpwAAIABJREFUn3+g+bf26rrsAQAAAAAAALjupXAAtUATvjpLzuimnfUHteXpn+ntl/4/FT5R2nI6AAAAAAAAACRJSnbhN/z/NQxDLRaVVaSSf56mA8/t1O92HNfkv3f4J9Sreu9v9Js/fKjK2gZ5JNlyB+nWr87VTOdgBTv811erYtsm/eGDU6rzxEoTWKdb9Ufe0Natf9Chcx7Zsvrr1r+bFzOd66P/q5f+421VNUhZ/W/V382bKefgyCEG6qv36je/+Z0OfFInj2zKHVmsrz30kCZEpEtkG1yqWPOktg3+hr5r+4N+tvOclHu75j3+D7o1W7p08L+0YdPb+qTOI1v/Ys39n3/nz6fBy70AAAAAAACAdkrhFqitcDg1w75Tv/+kUi45lCfp7B+f0+rf12rQ7Q9pbrFdWXWn9Paf/6AD255TQ9ZK/c/xvSS5VPGz1dpWO1LTHvqGiuxS7YE39Zttq1XteVxPfKkgtI5Tv9NzPytQ8UNz9R27R4d+v1U7tz0n9fpfmndrekS6n/2yl4q+NlffyW3QgTd/o22rj+rUd1eqpNBMV390q555/m01DLpdD32jWHbPJ9r5hz9r0+pDqvzu4yopNEOjiW2D395N+lnBBJV856ty12bJkS1d2v8zrfyPQ9KgaZo7t0j6ZKd+//wG5V79EgEAAAAAAACuS90zgKpc2QskHTqrWkl5qtQHb9cpd/L/1GMlhTLDlmM0prhAG/7llzrwyVlpfC/JdUh7q6Tbv7NIfz/Gv6gxRcpqeELbPjgq15cKQi+D8tj11cf/RXf5Y6pjCrNU9y+/1IEPjmrerWNCWfHY9dXHnwilG1+ogqef0e9/t1czSp3KU6X+8Mu3VTfsIa0o/ZJ/+WM0ZkKxfvf0ar259V196YkvqSDRbQiut0hzv1ui8cEGrJX6r22HpGEz9XjgpVZjxmjsyF/ryX+vSubOBwAAAAAAAG4YqdmF3wj9T+xFZSm3rxTs5q9hmrHix5oRmCeQzHaTRg6SDtTXq9kwlJ6bK7tNOvD7LSrK/arGDu6ldGWp+J/WqDg4r3/uQZM1rn/Y+gPLOlurGsNQXiDdyBm6PTyd+mvc5EH6/ct7dejiZE2u3a93G6RxM+6QPTxvGqRpM0bqzbI/64Mz0zSjIMFtCEwZVqRhWWHrPXtUHzZIY2fcHrGerKIZmmF/V7836MIPAAAAAAAAtFc3bYF6SedOxfrerXrXWZ06d07njh7SBx9+qE/OSVKdLknKS79Vfzd3rKo2vaP/+Mk7ki1LdsdYzZgxQ+OKChQxaqktPdYKWupvV6+or/IGDZP0vs7WSnK71SC7Bhe0XF4ve39Jn8h1SVJw9IA2tiFePi65VCu7JrdYT67s/RPbFAAAAAAAAACRumkAtVZnz0kaNlh2/zeuA7/UC5s+VK355iXZexVo2LjbNfb9nXo/bM684n/SiuJLqj70od7989s68Mm72vbv7+o3w2bqXx+bHD9A2W5Z6pUlyZ34HIluQ/uky5bV4ZkBAAAAAACAG1pKduEPLkdxuvBXHtC7DVL/4hFmd/VL76rsPz5Uw7iH9cM5xbIHG2Ge1Zvv79T7MiK7xStXg0bfoQdH36EH5dbZnS9o1cu/187jd+hBh/zpoudp+b0hSbWXVG8YCo9R1p6qktRffXMNGfXpylKtqs82y+gf2Tr0Uu05SYNUYDdkXEx8G2LmL9cue8z1uHS2StLo5JULAAAAAAAAcKOwdnUG2q3hkLb9aqcabKP1lXH+fu/nKvWJpLG3hwceJZ16V+/Whv50H3pZP1q2XC9Xhi8wXb1yozvht8PHOyPWoYZP9Oabp6SRxRqZJckxTrdnSe+/+Y5qI2Y8pZ1vfiLljtZIe+LbEFdBkcbltlxPwyc7tTOR+QEAAAAAAAC0kMJd+M/p3de36VRYDhvOfagPP6mTR7m6Y+E3VByIe/YfqdG2d/Tur36irJn3aXRug2rf36lXD5ySO2z+9JFjNdq2Uztf+IkufWWabh+Uq7pT72jn6x/KNuzrmuboQDZza/Xmv/1Epx78ssaln9LO13fq44Zh+vqc2/1jozr0lW/doQMvvKx/+8kpPfjlcbJ7PjHT1ebqjoUzNKgd2xDfIM34xh16N2w9WXXv6NXff6i6DmwWAAAAAAAAgBTtwm/O3aCqd99RVdj3tsy+GjbuXn35vhkqsoetJ3ecHl5Sr//c+KreLvu5dtoy1XfY7fp/vvdt2d/5kda984mqm+9Q3/QR+vqyR9V348va9XqZ3vePNTrijke07MEi9TUMc9gAfy6MiC780d/7/x47W0tGvKef/2eZ3m2UMoeN0z8+MkfFfUPDD2SO+LqWfW+YXn75Vb288V15ZFPuiDv0j498RcUFmeZ2JLwN8fIXWM9N+s+N5nqU2V9jH/hHjXvv/+hP/vQAAAAAAAAAEmcxkhxVO378uHr16kSXeAAAAAAAAACIcunSJQ0fPjypyywtLW0zTfcbAxUAAAAAAAAArhECqAAAAAAAAAAQBwFUAAAAAAAAAIgjJV8iBQAAAAAAAACpgBaoAAAAAAAAABAHAVQAAAAAAAAAiIMAKgAAAAAAAADEQQAVAAAAAAAAAOIggAoAAAAAAAAAcRBABQAAAAAAAIA4CKACAAAAAAAAQBwEUAEAAAAAAAAgDluyF5iZmam6urpkLxYAAAAAAADADSwzM7NL1pv0AGpjY6MGDhiQ7MUCAAAAAAAAuIGdPnOmS9ZLF34AAAAAAAAAiIMAKgAAAAAAAADEQQAVAAAAAAAAAOIggAoAAAAAAAAAcRBABQAAAAAAAIA4CKACAAAAAAAAQBwEUAEAAAAAAAAgDgKoAAAAAAAAABAHAVQAAAAAAAAAiIMAKgAAAAAAAADEQQAVAAAAAAAAAOIggAoAAAAAAAAAcRBABQAAAAAAAIA4CKACAAAAAAAAQBwEUAEAAAAAAAAgDgKoAAAAAAAAABAHAVQAAAAAAAAAiIMAKgAAAAAAAADEQQAVAAAAAAAAAOIggAoAAAAAAAAAcdi6OgPJd1i//vZz2hX+1fA5+rcfTFO/diylZueP9a9lxzV8zjNaNq2tOQPrnKrSn8/VzW0vXKseL9PxDuTr2mnnNgEAAAAAAADXoesrgHp4kx55blfL74+X6V+/Xd2uQGC/aT/QL6YlNXcAAAAAAAAAupnrKIBao50v+4OnUx/TL+beHPr+x49r0/FdWrPpNv/3MVpX+oOvgRansVqgBr4zDdfcZ36gmI1TAy1MW0vTppYtaac+9nP9g3+zDm/6ttbsCv/Onz7QqjWslevcIWXa5F9QdIvahLYpuD2K2rcAAAAAAADA9e36GQO15iO9c1xmd/2IAF8/TfvBY5oqSbv26XBHFx8RaJSk49r0+I+1syY65WH92h9snPpYR4OnNdr546hhCCTtem5T+/N/PBQ8Nf/8ZTDPiW3TLq0JBE/NTOjXHd2JAAAAAAAAQDeTsi1Q3evvbFf69C9/ywzyDRkQY0zRm/W3U6Vdu07qTI10c7uDmof1etlxhbfQDAQf3/moRtOCXf1P6jc/3iUzjvtMsLVo+/XTtB/8XKERBAKtaDuS/0CeA8s4rpMuSf0S3aZQK9fA9JP+TLS3jAAAQGpJX/BWV2cBAAAASHkpG0BNKTVndFKShk/SLf7gZeQYqS7/v8d13N9Uc8iA5LwaKtBVv8OCee6nWyYNVzCDCW/TVP2tPxDcb8AQSeEtVgEAAAAAAIDrW8oHUBNuGVGzU8MlHT95RjW6Wf38rTbfmfSMlt3ykX7TRhCy5szJTudVkjR8uIYfP65dL+/UV34wLUZr2EQEWosO19xnfq5fzA383dos/oDoNUSrFQAAuid6kQAAAACJu37GQO13i+4YLul4mf5102FJ/TTtn+ZIZY/rkeAYnkMU2TDU7BIv1eij3a1EJ/sN0BCZy349MP7n4U165Nvf1iObwgcEnarSH/xAD02NSttewfFcA61DXToZJ3snzQ1QzUe729c2NOFtAgAAAAAAAG5cKd8CNXH9NO3Bqdr03C5p13N6JEaL0+Fz7pHZGz1PQ4ZLOn5cmx7/tja1ueyb9ZU5w7Wr7Lh2PfftsJc7Ddfce26Wol7tdPM9czR8V1nbrVCPl+lfv10WnUn92z+1Mt0vb/BwScd1vOxxPRI7SVK3CQAAAAAAALgRXT8tUCXp5rn6xc8f09Q2E5qtU4cH/56q0sdan6vftB/o3+YMj/hu6mPmy5diJNY/zxne8VaogflDK9IvHpsqyXzBk5nknzQ3Ikki2x29mnZsEwAAAAAAAHADshiGYSRzgcePH9fAAQM6vZzA2FzJG2fzsH797eck/xvlAQAAblTJv88CAAAArr7TZ85o+PDhbSdsh9LS0jbTXEdd+Ntys/7h5z/v6kwAAAAAAAAA6EZuoABq6wzDUH19verr6+UzDPXokSGrNa2rsxWTz+dTU1OTLBaLcrKzlZ2dLYvF0tXZSirKI7VQHqmF8kgtlEdqoTwAAAAAJBsBVJkPWxcvXZJh+NS/IF82W7rMkQ0MJXeAg84zn6ssslgkj8ejCxc+1+cXL6p3r16yWq+PIW0pj9RCeaQWyiO1UB6phfIAAAAAcDUQQJXU0NAgw/AqPz9fhmHI4/EoyUPDJp3FYpHValW/fnmqqXGpoaFBOTk5XZ2tpKA8UgvlkVooj9RCeaQWygMAAADA1UAAVdKVK1eU37+fDMOQ1+uTz5faD1smQ4ZhPnT16dNbNedd180DF+WRWiiP1EJ5pBbKI7VQHgAAAACuBgKokrw+n9LT0+V2e+T1+lK+tUqAYZjjpNlsNvm6SZ4TQXmkFsojtVAeqYXySC2UBwAAAICrgUG2JKWlpcnnMx+0usvDlqRgfg3DUFpaar4goyMoj9RCeaQWyiO1UB6phfIAAAAAcDXQAlUKvvG2uz1wSep2+U0E5ZFaKI/UQnmkFsojtVAeAAAAAK4GWqACAAAAAAAAQBy0QPUL7z7XWV6vR1cuXdT509U6+pd9ev+dHTr32Sk1e7yyZWRq4LCRum3Kl/W3U6art92elHxfb5JZHtdSd8xzIq5GeQS62YazWCzBTzJQHm2jvuo86qvUQn0FAAAAINkIoAYZMt+E27GHF8Mw5HU363TlUf13xZ908C/v69z5GjXVX5Z8PlmtFtmskuFuUNWh/1bl4Y/01wPv6aslc/WFwtGy2TpWFGZ+r8cHrvaXR1NTk5qbm5WZman09PQW030+nxoaGiTpqr3hmPJoYymGIRleqem8bLVvKd31R9mufCCLt0nenFFy95kmd7+vypftkKwZnQ5MUB5x5qa+SjLqq9RCfQUAAAAguQighgk8a3Xkocvn9erTj97X9rJf6MSnx3SxwSOPYVFOZobcMtTc6JUtzaI0q5RmtcqQV3/ZvUPnzp3Vw4/+vxo15ovtXmeyWr2kqrbKwzAMNTU1ye12yzAMvf/++zp48KAmT54sh8PRIn1DQ4O2b9+u9PR03XvvvcHvLRaLMjIylJHRuQfgG708EluIR9ZLHymj+hfKOP+aLJ5LwUm2hs9kq90tm2uHmoZ8R968aTLSsjq8KsojPuqr5KO+Si3UVwAAAACSiQCqn2F0rtvf5zVn9af/+j+q/OSImrxWNXktSrelySIpKyNdXq9FDR6vvF6fLBZD6WmSzWrR8UMfaNtLv9SCf3lCffPyOpBvQ51sZJOS2ioPn8+nczXVOnpij87XVsvj8ajmM68u1Hr13gev6dDJlsP7etyGTp/1yGKR/lD+s+D36ekZ6p83VCOG/K3y7Td16g3IN2p5JLYQnyz1lUo/sUHpZ16VvFdktBiG2S1bzR7JKzXa+srbZ7xkoTyiUV+lFuqr1EJ9BQAAACDZCKC20P6nF8Pn00fvVejgfx+QJS1dV5oNNXulnKw0pdnSZPgM9chIk8UiNVuscnu9avYYMtIMZfZI11/efUc73viDvvb1We3sGmvm9fp+4Iq9cTWuM9r70X/qYPV/qcFdI1kNpfkGyto7XycaTshwfx5jUTalZY+UZOijc4eDX1ssVuXUFOhC3d9rwhdnKq9vgazWjrxf7cYtj4R4rij9zBtKP/MnqalRhuIFGgxZXX+RLfeP8uYUShl9O7hCyiPmHNRXVxH1VWqhvgIAAACQHARQJQXGSzPHTGt/l7/mpkb9ZU+5Gtw+eT0+XW72KSPNqp5Z6Ro5rJ8OfnJWPp/PTGyRMtLTJMOQzyfJYijDZtUfX/2dps24R/Z+/dqxZkvYmGnX01NX6+XR3Nysw8ffUZXrdVnSXerbyypbumTROUnn/KliPewako7GnG4Y5+Rq+rNOnxunPr36dbA75Y1ZHomyuOuUdvZt6bKrlWCEn7tJ1pr3ZRlUK196nw6tj/KIjfoq2aivUgv1FQAAAIDkI4AaFOju52t3C5BLn9fq3Gen1OSVGjw+WS2GevZI08hh+bp7cqGyMzNUse+YZEgWSR6PIa/hk9dryGIx5DXSdKKqStUnKtvZLdaQucTr8WErfnnU1tbqcuNBZfY4rfz+NuX0tMqWYVFnhpAzDMnwnNHFS2b32o51i70xyyNRVk+DLBerZLgTay1nuXhKcl/uxBiGlEcs1FdXA/VVaqG+AgAAAJBcBFCT4Mqli3I3N0mWNGWlWzSooK9u+5uRGl9UoAJ7tu678xYNHthHBz6qVvWZz9XQ4FazR2qSVx6v5PH6ZJVVx44c0Rf/prhdrYluxO5+9fX1yslu0OBMi+x5NmVmWWWxmo+eHWVIMnxeXalu6tRLR27E8kiUYUhGs2S4Ewv2GG6L5Ov8OhGJ+uraor7qnqivAAAAAIQjgOpndvXr2EscMnN6ypeWIZtV+sIIhx78+v0aNThXRl21fJ5GZdl6aNrEIk0cP0rnXXU6ffZznXNdUk3tZV283KCTZy/p0PEa+Xy+dj8MX68vnWitPAzDUM+sLPXOylMfu0229OSs06J0VZ9J79SLR27E8kh4GdYeMnoMkT4/nVj69JtkpGV1MkBEeUSjvko+6qvUQn0FAAAAINkIoIYJPLy09wGoZ+++6pGTq/QeF3XX331Nt0/9sppqjqmh0SWrxSpZ0tRsSGkZFg0e3FPDhg6UfF65G+slb5MOfnpOS//3G3J8YUQwH4kJtGG6Pp+4WiuPm/Ie0fDhq5KwEp/krpfRcFHeyzVqvrRX1pNvy9eznyy9BsnI6CmL1SZZE2mFdOOWR0Lz23Lk6Xe7LGcPS81XWk9sscrb51b50vt2IiBBecRCfXV1UF+lFuorAAAAAMlEANUv/JmnvQ9AGT0yNWrsePXN7aHxt98mS1oPKS1T1oyeMqw2yWINDm/mNgy5PV75vIa8zYbSLYa8Pp8GDRmiIcOHd+Dh6/p82GqtPAItrnw+nxoaGnTx4kXZbDb17t1bly5dktvtlsViUV5enmpra+Xz+ZSbm6ucnBzV1NTI4/FowIABMpouq/nke7JW75XF0yhrjl2jCnrJYrjkPfOJPJ+45M3oJWNAsYz80VKPXmZZtp7z5O+MFNCZ8yPAZ8uR+wv3yVJ7UmmVf5K8zbETWtLkyx8j97B75OvRu1MtuiiPlqivko/6KrVQXwEAAABINgKoQT4Zhq9D3VIl6bYpX9JfPBdls3hlsVpl7dFTaZm95WtOiwhIGDIkr1fyNMnnbpJ8PtXWefTQ7H9Qn772DnaJvR4fuuKXR3hA4rPPPtOePXvUq1cvTZgwQe+//75cLpfS09N111136e2331Z9fb2Ki4t18803691339WFCxc0+6F75T74O1069CflDbtFVnuhLBaLLD16ypLWQ2m9ByvD55HH9amaD26Tu+cgGaP+h2QfKVnjnzY3YnkkypBk5AySpahEam6W9dR+qflyWLTDIqX3kM9eKE/R1+Wxj5bPCMzZMZRHbNRXyUZ9lVqorwAAAAAkFwHUMJ15bhns+IKaxk9Rzfnzys0bqLQePZWW3TuUIPhyXUNGmsd8SLKmyWPYlD1gtMY5p7frZSyReb4+H7haK4/Ag6bD4ZDD4Qh+P2PGjIh0X/va1yLmueeee6TmOnn/slHWM39Vvy/cKhk+WXxuyWKVz/WpLFl9ZVhtslgssmb0VMbgW6XKvXLv+6WMv/mG1L8oblDiRi2PhJdhSZO7/1gZt31Htp6vylp9QJbL5ySfV0Z2Xxn9i+S5+avyDPwb+WxZScoz5RGN+ir5qK9SC/UVAAAAgGQigBqloy1AbLZ0OYpule/yOXkaLkvpmUrLskuGZHiaJYvF/3RkyOdtlpobZbFYZWQX6AvFtyozO7uDLU+u74etWOURaM3l9Xp15coV1dTUKCMjQ3a7XS6XS263W2lpaerfv79qamrkdruVm5urjIwMXfy8VvbTrym78jWlO6bLcNfJe+GkZE2TJT1Lhs8rNV02gxOGId/n1bL2vknpA0bLd/gtef66VcbERVJOfrwcX/2d0oU63ULK0yjr51WyXPhURk6+vIUzJItNkkXyuWXxNcl69gPZLnwqb6/B8tkL5etZkEBX5Lg57nheuwHqq9RCfZVaqK8AAAAAJAsBVL/QG3s7/sCV3iNLVtsANbnrlWF1Ky0zV5IhX/OVUHMYwydfo9mt0JLeU7KPUs/eBZ14i3JyWtqkmtbKIxCQ8Pl8qq+v17lz55Sdna2cnBxduHBB9fX1yszMVJ8+fVRbW6uGhgZJUnZ2thpP7VN61f+VLStXqq+SJXug0voOksXXKDU1S7LIcF+WfJIshiwZWZL7iixpPWTNLZD1xNvyDvpbGYX/I+aLWm7E8khsAT6lfV6p9E/flK36XVkvnzWDdJm9ZfTIlSxWWZovS/W1sjRelKw2+TL7yNd3uNzDp8n9hbtk2DI7mO/2ZzfVUV+lFuqr1EJ9BQAAACDZCKD6hT9sdabFii8tQw1er6wejzIyM5SW2UdWa4bZiks++dzNMgzJYsuSkTNIvpwBMgcb7GhAwqfrsdVKW+VhGIa8jQ3qcfmCBvfuqbTmJtmaG1VQUCC32y2bzSabzaaCggJ5PB5lZWXJlmZVb+O/lZXZJGvvL0hGkyy+ehlWqwyvR/JZJMNiFoXPbH0nWWR4mySLTdbMnpKvWZYjr8rn+JKU0TNGvm7M8ghntVpbpEk7+6F6/HWrrN5GKf9meQePl+VKjayfHZC15ogsMmRYrDJ6D5G38G4Z2XZZGi/KeqFSPT7cojTXMTXeOkdGTv/gMi0Wi3w+Xxv5pjxaQ32VHNRXqYX6CgAAAECyEUBNOou81kxdvFyjPharMnP7ymdNk7zNMjzNshg+WW3pavL0lDd7oCxpmTIHHER7GIYhn9erppOV+vy9CqUPcii9b57OXaxTQ0ODMjMzlZGRoXPnzqmhoUH9+vVTr7RL6t3wkWxZ6TIyM2SRVT7vRUlWWWSTIavZksv/MXxmcyDj/2/v/oPkLA87wX+7e0ajGf0EBIifQtixQnBwHGPZzhpJce42Tk6U11srbgtRZv9I4qtUHX8AdUXig6uDwvFVyexW9m6v8PrqCpdR7aHKOlsoe/Fe1hGy18QYY3ttTCmOGfPDeAAJ0K/53d33R3fP9Px454c0g1qjz6eKYjTd8/bT7/P208/7fZ/neetJSpUk9ZQqXSm98eOUjh1J/YoPndN90ImqpZM5Pt6f7vK69HZtSildKSUZv+K6jF76xzk59lLeGvtpRmvH01d5by7/2D/PJd/8v9P1D3+T8W2/n2Mfuy2vj3wvQ9Wj6SlfkYu7d2Vt19UpV3pTqvSkXhpMPeMZHH8949WhrK1cn0p9zbl+2+cx7dW7QXvVmbRXAADAQglQJyzNiK6GUoZPn8jPX3wuV9zw4Vx05XvSXUpq48MZeef1vPXTH2Z0rJq+tVtSTs5qzl693hp5tNJGrRTXx8SU2FIp9XIltaHTGR8eSrVay+joaMbGxpIk1Wo1o6OjGR8fz/j4eCqjr6S7PJhKVzXJ6dRqpcaNcOpdSSop1cup1xvhUC2lpFpLvZrmwK5yMj6cUpJydTS1N19IbfNvziz1BVgf7cYznJ+f+o95fejp9FUuT3d5fWPkVX08w9VjGR4/mrH66dTr1ZRLq3JRz+F88LfvyaU3fCoDl6/ND996JG+P/H3q9bGUSl3pLq1Jb9emrO7alFIaI8VGa8czVH0jV/btyrZ1/yLlel9xqS/w+lgY7dXZ0151Fu0VAACwtASoTfXWHafPIpCo1xunPeP1pFIppXTylbzwn46k76obctEVWzI6eDLvvPyT9IwdzZqrtuXUWC2ruqrpLpdSLp/5qK6VuGbaXPXR29ubkydPZnx4KOlbk+7f+Sfpro6nklo2bNiQ1atXp7u7O+VyORs2bMjo6Gh6e3vTMzSYclctpcq6pDSSSkZTTnfqpUrq9XJSLqdWLyXVcsoppV5KaqV6c2RXJfXx0yllPPVyKaXB1wuPkwutPtpVSr2plFZlaPzNDI2/Oec2q/XhHB3+QZ49+nBuufpf5elX78hQ9Wjba45mpD6akdG3k9Gfzvj7rnJvyumZ9/N6IdfHfNvQXi0N7VVn0V4BAABLTYA6YfKs5UwCiXqSoVopx0bLOTaaXDU8li1XXp2+9UMZeOOlvPRaf7p6erNx45pcfvFlGU1X/svAybw+Xso168q5dmNPLurtSmURwUTpzJciPA8U18dFF12U119/PUdPns7F77khm0uT++ySaVvZtGnTxM/d45WUy+Mpb7wxpct/L7Vf/IeUht5MvTaSJKmlO+XmzZNr9XJSKaVcT2NabK2UUvVkSuVayl2lVGcp14VaHy2lUimVUk82rnpvLlt9c8ZqpzJUfTPD1WNzbrlaG8lo7cSUMGJ2payuXJLerkvTXVqTDd3Xp1zqbozXmqVMF3p9zPfX2qulpL3qLNorAABgaQlQJ7RGq9QWHUiMJ3lzvJKfDVfyi+GubF3flU21crrqvdl01ZVZ/56P5MSoA+UyAAAgAElEQVTIaFIupa/34nSPvpWu029kyyUX5d/93WBefOm1fPiqddn13o35wJXrsq5nYdXSutPwypzuV1wf5XI5V155ZV5//fWJ0VqVysw7TM8wmqwvdyUnn099yx3J++5K6dRPUhp8LamOpZRK6se+n/rQ26lXmslEM5So16pJ/VSyKqmPl1Pv3TDLVN0Lsz5aKqVqekZfza+O9uSGyq6crgzntdVD+cngf87x0f7CLdfq9aReSq029367qOe9uaF3Z66s9qUvPamPJGOlX2S4clVjJN70El/g9VFEe7UctFedRXsFAAAsLQFqmzNZU3AkpfxktJxXa6vyTq2cwdSztVJK18VXp368mmp3b4a7LsrQa/97ytWXMrp2Z3rWfSS9F9+Yvu5LUsk/5KdvHM9rb5/Kjwfeye//2qX5/V+9LJf0dS+gvDmjAOV8MVd9rFu3LrVaLcePH8/p06fnvbtxkpyq1bOpvjpdY6+l9uL/kYG1t2Woa2u6KtdnVddYNo69kNX1043pspVyaimlnnJjxFB1KKmMpNRTSq2rO9WLf6UgkLgw66NUKmVV9c2sfelfpvvtQymNn0jfqkuz4dJ/krFL/mm+8/q+wu3WyrXU60l1bO799r6LdueGY8+n+82DKY8dTb1rY0Yv+Z3Ut3wugykKiC7M+iiivVo+2qvOor0CAACWkgC1aXLNtIX/zXiSZ8cr+ft0ZfWqSgbr9bw9Vs+33zyd8kXr88FLb0ppcDinXvurXDnyf2X1mtMZHHo6x09/MG/1fTL19Z/IP77+4pw+fmme/fnR/Ozoiex/bjhj1Vo+/f7Nuah37lBiJZ9nzVcf5XI5GzduzJo1azI8PJxqtTrviWd3+lI7cW0ydCylkz9O5a1jeWf4ulTTl409p7Oh55WUcjIpl1Oql1KqlBo3Z6mNpVYeSlYn9a5yaj3XprpxW0GZV6aFfD66x46m67VvpF4dbNwhfPhYugf/Itde+9f51vD/Vvh3483RYmPD1TnLcPXqD6Xr5c8n48dTSznJiXQN/ad0Xf0/pl5aX1DmlUl71Vm0V51FewUAACw1AWqb9htPLMSLpa58v9yVTb3deWekntfr1VS7SzleLeWJX5zOT96o5SP113P921/JxvWllKr1rO5+PWtL/19ODT+Xt0/9VT7Y86lct+N38ifDI/n5G+/kjZOn85f/9dVsWN2V/+5XL0tPV3mB5V55FlIf3d3d6e6ef/Rbw8YMln8nldNHsqp8Opd1D2Rd5c3UUkl3KVmVUkqlcpJyklKSeiqlamrlsZRX1VOqlFLvKuf0Fb+dWve6wh1/wdZHtZbaybEk7fVxOj3ljRmfI2wYK1WTeuZ8TpL0lNanfmIw9SnbH01qtaRSvNbhBVsf02ivlpf2qrNorwAAgKUkQJ0wOd1vIYHEiVIlh2uVdPV2ZzilvFIbz8lSLd3lpNRTymhW5Z2jAxk78Ve5vPsnqV39P6c+8loqxw6kp/5aVvW8kfWrv5Fjp76TDWv/ZX77V38jj50cSvX0aF4++k7+8gev5PqL+3LT5rUplYpv1NJYh20lnnEtrj4WYmRkJG+Nvi/18d/LxcOHcsWa41nTNZrG2LxS4796dWJ3lhpL3aVcSerlUurleobX35Shy3al3jgDnvEaF3J91KuV1IfWJPXxyd9VVmesOpzRoeIpy+PNKbFzPSdJxsZHUhvZkFJ1ePKXpe7Ua+XUy7OX60Kuj3baq+Wmveos2isAAGBpzT9c6AKzkHPfepJ/SDnHV3Wlt6uSX1ZrGaiP52S5lpPlek5VaukeP5mL33w+1574j+mrjqfc//+m3HtTxq//1xnf8JlkeFNWjVRz2ZrRrOntSa2rK+npSsrl1MbG81/7j+ZvX3gjp0bnHuWy0i3laJyf/vTv873v/yhrt/3znL7yD/PzE5syXF2VRhiRNGq2nlLzv5TqKZXrKVUaoUS198qcvOKfp9pzReOWyReguepjrOuSjG38R6kN9qQ2uCq1wdUZveqf5Mev/mXGhmvF/43UUq/V537OcC0vvP43Gdv8+23b78nYJbsyVl53wa4bqL3qLNqrzqK9AgAAlooRqEkao1VqE6NV5rvBx0ipnJ+XSil3VzJWqudoajlZbpzWdpXqqdTGs/EXP88Vbx7O5vXHMr7tgZRGXkv5+X+Vro3vS+2KT6a69kPJwJdyonZtfnz6/XmyfyCpJ/VaPaVaLeNj1bzw2jt58+TmrOmePecul8uZnKK4kk7IFlcfCzXwy1/mueeeyyuvvprf++Tvpvvif5bXTvxFtqx7PZVSW/DTmA2bUqkZUZS6M9Z1RY5f/E8z3PtraQwSmlmmC7k+SqVShlddksoHPpuu1dckJ17L6EXXZui9/02+96M/nXO9wGp3LfVa5l1T8Psv/1Wu33Zf+rIm3e/8IvWN16S6bXeGy2tTr80c0XUh10c77dVy0151Fu0VAACw9ASoUyxs+uXxWvJ2qZSeUjnD9XrertVyOvWUy0mlnvQdeyMbXnw27xv/Yfq61icvPZ3SVR9N7T3/Q/L2cyn3/z+p9KzOyMiqvLTqv83jr5zIiaHR1MfHUhsdS218PPVqKa8ePZm3T43kuot7Zy/tEk4X7UxL+/5KpXIGB0/ntVdfzV/8xV/klo//Vga7fy9ry89lY/nV1MeHU60ltXpjtFalkpS7N2S498acWrcjw73bklLx+oUXcn3U6/WMVpPqhm3p2fH+vH3qxRx55et54bn78vapl+YcCja+uhF2jI/MHTy99uZPsn/kf80N1+7O+37zv8+G3mszMjKWanX2IONCro922qt3i/aqs2ivAACApSNAbdM6d5nvJKZaq2W0XstItZrRUimnqvUM1espJ+kaHs66v/9J3jvwd9l62bF0Xbcn6a6k9vPDKXevTv3y96e26drUf/GXeW1kcw7nmjzz2onUB4dSPXk69ZGRpFpPqVZKpZ6U5jgJbMzKXLknXAutj4XauHFjxsbGMjo6mrHxsXzvuR/mAx+4KT09782mVQMpjx3PyHgpo9VyRkdHUh0+nd7VW7P6og+l3L12aqFmoT6S8fHxlMeS/tf+S777wmMZGnln3u1WxxrbGx+bb+ReLQNHj+TkqaPpXXVxeq+6IuPj44XPVh8N2qt3h/aqs2ivAACApSRAbarXJ0eAzHcCvDH1bBsfzQ9Ol3N0VVcGx2sZrdUbK9O99U4u7v9RfqP2s1xy6vWUf/w3yXv/Uepbfie1kbdSP/oPKY++lZPDq/KjoV/P35yo5vg7J1I9OZT60HAyXk+53JWL+1Znx/suyxXrV88xiqbUdqfhpd4j59Zi6mOhrr7mmlyyaVN+3t+fvjVr8vLLL2fDhg3p7fu1DNV+Je8cfyfHjx9vhBYjPRkZ7s769dW8p/52Nl+xOpVKZZ4yq48kqddKWd19UbpKvanX5g8kGjdOmXWW8ay6ymvS07Ux9drc4Yj6aNBeLT/tVWfRXgEAAEtNgDqheVK0gDOXnlLywXI168eG8txYJYNj9ZRrtRwvlVIbHU+9Ws94uSf1Winll55LfeAfUrrifam956PJxTdm/MW/Tv/RVfnWyKb8w+mxjA/W0l0rZWNfXzZu6MpV61fng9dszMffe2kuXruquMT1VpmXZg90loXXx0Jt3LgxH/3oxzLwy1/m1KlTGRsdzbFjx3Ls6NH89K238vOXXsrbb72VsbGx1Gq1rFrVncsvuzxr1qzJpksvXUAgoT6SpFqt5vKL35/Nl/xaTg2/mVqteNTVYlXKq3Llpptyyfr3FU6FbVEfDdqrd4P2qrNorwAAgKUlQJ1i4Sdda0vJ+1PN1fVqbqkkP6/V82o1ObG6N+9s/pX8hx+/kqPjffn42l/k2vGBlPqfTf2XP0390qtyotyT7x9/f06uvSwfvebS9FUq2bCqkst6V+XKDT25pK87F69Zld5Vlcb9QQqnxJZW+A0nljaUKJfL+fVfvynjY+P520PfyKmTp3LppZfmnXfeyXPPfS8jIyOpVmupVsdTq9Vy+nRjiFG5Uk6lUpm3HOqjYXx8PGtWXZGbt/2LDA6/nV+8+f3U59wnC9tf5VIl11z2ofzm+/amb9VlGRubO+hQH5O0V+8G7VVn0V4BAABLR4A6YXK630JPgMtJLi4lF1eSa8vJaL2e8VU9Of3R38yLG/vyvR9+P3/3i/7ccvEb2bX2lVw29svUX/9ZXux6f46vfW8+9YH35KKLLkqlnHSVSukql9JdKaXUWAwtqc9zGte80/DKtPj6WIienp586Oabc/U1V+eNN97M1uuuy4mTJzIwMJCf/exnqVbHU6/XUyqVctlll+cDv/Ebec97fyXlcmnecqiPSWNj47lk3Y35x9v/l/zgp/8ur775XLoqq7N+zRVZ23tZVq9al3q9lrdPvpJ3Tr6canU8Pd1r896rP5GNa69OqVTK0OiJnBp8PSdOD2S8NpLrNn8kN12/J32rrsro6Nj8JVYfU2ivlpP2qrNorwAAgKUlQJ3hzE5guktJd6mUlJP1G9bl8g9/KO+/YVt+9PwL+eu/ezZ/9frl+f0rjuW6NYN56sTWXHr9dblu8yUpl8tLXP6VZulPKLu7u3PVVVfnyiuvSqlUyoaNG/PP9tyWN954I8eOvZlqtZa1a9fmiiuuyLp165tTYUtLXo7z08Lqo16vZ3ysnt7KNdlx0/+UlEdSLnelUurJ6Oh46vXGHl3duyovv/7d9PZsyKdu+Ze5bvNvZWR4NEljRNaqnkrGayOp1cZSr67O+Fh9ATdvuZBorzqL9qqzaK8AAIClIUBtar/pRK129ic8pVIp69etyz/66PbcdOMN+d73f5iv//D5rBquZ9uvvCc3/ur7kuSsXqtUKqc10malWer6KH6dxr5bvXp1rr322lx77bWzPmch+1h9zFSr1TI+npRKlTT2zdCUx4eHx3Lpug9mfKSay9d/OMffOT3l8aGhNEc4dqVen38UVzv1sXDaq7Ojveos2isAAGCpCVDbtE66ltq6deuya8fH86EPfiD1ej1r1qyZ9wYfC7HU00U7zXLVx3JRH3P9bfHfjYyMnPHfzvd36mPxtFdnRnvVWbRXAADAUhKgJs015JLJpfyW5yRm7dq1U17z7DXWH5xYg3CFeLfqY+mpj86iPs6G9mphfD46i/oAAACWgwXtklSrtXR1lVOplFMunz8nL6VSKeVyKV1d5WWdNvpuUx+dRX10FvXRWdRHZ1EfAADAcjACNUml3LjpRk9Pd8bGGjeMqNVq6dSBK6VSUi6X093dlZ6e7iSlVCorpyrVR2dRH51FfXQW9dFZ1AcAALAc9NLTmKp64sTprF/fl3q9nq6usYyPVzt26l+pVEqlUs7q1avS19eTkyeHsrpn9bku1pJRH51FfXQW9dFZ1EdnUR8AAMByEKCmcUfjkdHRnDgxlHXrVqe3t6fthKvTTroaa6R1dTVu6nLy5HCSSnp7e89tsZaQ+ugs6qOzqI/Ooj46i/oAAACWgwA1jREg69auzejoaN5++3RqtWrHr51Wq9VSKVfS29uX3t7elMsrZzlb9dFZ1EdnUR+dRX10FvUBAAAsBwFqU6XSGPVh5EdnUB+dRX10FvXRWdRHZ1EfAADAUjPMAQAAAACggAAVAAAAAKDACgpQB3Lgtr709vWl97YDGViy7T6TfUu+zXdj253vO/v60tt3Ww506psfOJDb+vrSu++ZgodvS29fXwoe7mzP7Gt8Vmb9b1++c66OzXn2+crV3N/L8t7PvC7P62N8ubR/dqbsmLY67NuX7yxys/Z123f4tO+F1r7p7evLbYv6wmjf5sz/bjswcM72e8d//wEAAFOsnAB14Js5cLD588ED+aaTEjrMwIHbOicc2X5vhgYHMzQ4mEMPJsnufOXFwebv7s1HznX5lsUz2depFyueOZz7Wz8/cHjR4RvnyDMvTR5P7XXIWTqYl15u/TyQb058uS/W5ux5otmuvfhYbk2SBw9NtH1P7Nm8JKXtNB31XQMAACvEiglQB755IE8meejBB5MczIElS1C3597BwQw9sScr81SLM7V5zxMZGhzMvdvnf+7Agduy9c4zDQHOhZV23D+TfX27Ojbg+s7hB5LszkMP7k7yQL4p/Dg/tF2sG3jpmSS7c+vuc1qiFeP+w60Pwct56WBy6+7l2bGLacfPB+ffdw0AAJwfVkiA2hqh8mBuuXdHHkry5IFvThtp1j69cuYUy8Z0usn/JkdvTJ/+OnVK4L59+6ZMK5yYDnigORX5bKdBD7RtZ8Y0w4L31Pyb9qmOM6YpTpnC3anTCKdNvyycLntu3vuM7U6rq4l6f2bfxAnt/bvOl+npU4/7WY/rvn35Tvu+nHKcn0HdTXn5fVNfp+2hKZ/V6Z+tWet2IAdua4anB+/M1onfL6Ac74pn8s0Hkuzekzvu2JNb0x4etZXztn3ZN+sU5/keb9/U1PYqOdupxHPV8/Tp0+31Ma3upi/dMGe71xluffDB3Dpxsa75HbR7eyZyOPv6DD2Yhx7M5Ejs5sje7dtbe/bN5ntt+7yexdIfU9rxiTo70NY23JYDzxwobI/m+j5pX3qgaPmBA3cVPD5nvRQcC+fldw0AAJwfVkaA2pq+/+COfCTbc8uDmTGN/zv7duX+PJhDE1P5HsiutpOOXQ8kDx0azNDgi/nK7uT+XbOHKQMH7spnDk4+d8szD8xapPtf2pInBgfT/9ju5OCd+eqZnMcMHMht19+ZJ5tTDvsf2537d00LhXY/lv7p72nzLdmzO3nyzq8230Pr5P6x3LG98X57dz2QWx97sTmF+2A+c/25Co+KDOTAbdfnMwfb6uyBXc0TzE587wM5cNedebJVpkMPJgfvzF0HBpLt9zaOgzSPm/N4qNOU4zoPZNe+LelvO87vmqiforqb57PYcnB77pnl8e/s68uuB1rLDRzKQwfvzNa2z/Hsdbs5e544lIeSZPdj6R98Ins2L7Ac74ZmQHTrnluyuXn8zjqN/+Az2fLnrTZqluN2vseTZPsd+cru9gtMk+HtLYseajxfPbc9NngoD+VgPnPXgQxkc27ZM7VdbMwg2J2v3LF9nnavg2zZku1Jnnzp5UyMktyzI1taj9vXZ2zLlt1JnsnLA62RvQ/mlh2tRy/NnnsfTPtI7YkZKDuWpm198kByR6sdz8F8ZtdLjfboUON1d83b5iQZOJC77jzY9ljy5J13Tdu3B5M9szw+73d/wbGwgr5rAACg06yIAHX6ydNHdhRN438gu/r6su/lPXlicObJRWPExsvNNdNmWweybaTr9iTZ3DyRm6lVls1bGv9/5qXFn5FOf1+bb9nTNuKpubbbE1vy1b6+9F5/Z56c+MvmSXPrBLMZMN+655ZszuR04T3Ns/jG/uqwacNTQvFMBqMHvpmBTn7vrRGO1967ItfYu3XLtUkmj+vWfm39O8k8ddcy92dx8m8bIVVjrcnpAVTzYkkzbDyzup2nHO+CqeWedvy2m3jfBc+Z7/G0Pda6wNQe3i624PPU80fuHczQ4B15+ba+9E5bPqHRlrVG2rYucjTKP3e710lumTz+WqMkm5+PBvv6TF07UY5nmuXdMhlMJ8n2xkyTKe9p4nt5CWzf0qija7c0101t7vfWv5sW0uY8eef16b3tQLbcO5ih5sWbSZN/2wiNG2u/zlkvC2pfAQCApbYCAtRZTp6aJzntJxQfueOxiROf+3dNmy7XHCmUJHlg1xzT7hujjGaczC2zVnlbQWFjxFNrCt+uPPPYi5M3yGjavOfeiRPM1oijPVOGPR3MZ65vbndXYxTtmYS8y65VH33X5zMHkxx8KS915HtvD9Mnt7/SZlBu37KI6GfWupvns7gQB+/M1ubU1Ub1NUaqNR9ccN2edTmWxMxRia0weuo0/qnmuzAz1+PtYcz0AOiMFNRzY7r69fnM9kPNUZHthdiTe1rh47SLHC2zt3udpTVS8ov7HshsAZ59fYaaF06ePLBv1vJOuXgyPVBcArdOCcLnU9DmtPZ70tZmLW62w5z1UnAsAAAAy+P8D1BbJ0/NkWTtJxtTpvFvbo4wm5h+3D6dbpY79U5MR253bRqDRN7dE5XGcgFt/927vW0UyqGCUY6tE8x9uattxNGk9ruud/AdidvumDxxh/hOfe8z7mxfvBTEBWG2ukvm+SwuQGuZhIn/2kd1LaJuz7YcS6F15/a2ULgVwsw6jb+pMa25ONCe8/GJEWt35YtnPKW8zaz13AqGH0t/waje1mi9L94120WOgnavw7QC0ieLLqzZ12eotRTPwTyZ2Y/jqe9p6abvL15xm9MYGdxaViHJIpcJmbNeitpXAABgWZz3AWprqltrnbGhKYHI5A0+2m86sXnPE82Aa3uu3TztJhKb9+SJZvo186Rt+tTYgRzYN/saqEth6tTLWW5alDSnNiff+Wr7NPaG1lIGTx5MHrp38m7q05c4OLsbmyyT6WtBznaTkI5671NvuvSRextr6bZClSlT3Fe6Oetu7s/i3Kavbzxtn89Zt82LHxPOphxLpzEqcWZQ0ijLtCn4E+tYFkxZnu/xCa2p5Y1w6oymlCcL+4w2LzYNHNg3ZVp5kolp2E8ePJg8eO9ECL6gdq9TtJaYSNF+tK/P1JaJD2zBcdz+npZy+v4izNnmTLmJ2Pbc27w4u5DRrXPWyzzHwgX1XQMAAO+irnNdgLPTCgpmjqiZGBl04JsZ2LMne554Mbnt+uzqawWeu/OVF5sjNvY8kf7clq27+iZOPG997MXMNghn854/z1cOHMxndvXl/uzOVx57MDl4liHqwTuzte/OKb+69bEX88SePWkUe1d6H5herj3588cO5Mk7m3+7+8E8tPuB3P/MSxnI9sZJemuduOknl9vvzdChpHfX9eltvuxDh6avzfZuaUx//Ez7r3Y/lv4nZqmziRFW29/d9/7A5P5veejQYO6Y8pvtuXfwUNK3q60uH8yhwT1Ty7Orr3Hzqyf2nFmQcl7YPEfdZe7P4jw+cu9gDqUvuyaOmQdzqLUv56zbZpDVPGYeOjSYe8+iHEujOXJwlvCnNbru/sPPTLZDux/LlsN96d1VUNb5Hm8z0T4ucEr5/W1tY8ODOTR475z1fO+hB3P/rgeajz2Yhx48mPsfaIR8jVdsjRSfNnpw81ztXqdpvYfWfixeMsG+XpyJ/VY4NX/yPS3l9P1FmavN2TzzsTx4KEML+aKds17mbl8vrO8aAAB495Tq9Xp9KTfY39+fKzaffXd97N98IknS/cffOOttLavmXXgfOjTYESedwErzTPb17ZojDJnv8Vm07vItYFl+9vWy+c6+xjrIvn/PzHnTzwIAgDa/HBjI1q1bl3Sb99xzz7zPOe+n8L/bGlP0Jm8201hrcHcWdc8JgHNoYumTM51SzoLZ18uleAQ3AADAUhOgLtJH7m3cDOLJO69Pb19ftt558BxOfwdYjMbar1vvPJjsfix/ruFaRvb1snlmX3r7duX+JA8dcvMkAABg+ZnCDwBwgdHPAgDgfGQKPwAAAABAhxGgAgAAAAAUEKACAAAAABQQoAIAAAAAFBCgAgAAAAAUEKACAAAAABQQoAIAAAAAFBCgAgAAAAAUEKACAAAAABQQoAIAAAAAFBCgAgAAAAAUEKACAAAAABToOtcFmM/Yv/nEuS4CAAAAAHCBMgIVAAAAAKBAx45A7f7jb5zrIgAAAAAAFzgjUAEAAAAACghQAQAAAAAKCFABAAAAAAoIUAEAAAAACghQAQAAAAAKCFABAAAAAAoIUAEAAAAACghQAQAAAAAKCFABAAAAAAoIUAEAAAAACghQAQAAAAAKCFABAAAAAAoIUAEAAAAACghQAQAAAAAKCFABAAAAAAoIUAEAAAAACghQAQAAAAAKCFABAAAAAAoIUAEAAAAACghQAQAAAAAKCFABAAAAAAoIUAEAAAAACghQAQAAAAAKCFABAAAAAAoIUAEAAAAACghQAQAAAAAKdJ3rAiydI/nqZx/J4YJHt97+cP5k56bleeXHP5svHk523P1o7ti2LC9xFor3y/TyLv59HMlXP/tsPvzo3hQ/vfX6O3LPo3uz7ehT+bPP7U//1tvz+ft25sxr5Gie+sKXkz+4Lzs3JUef+kL+dH//stbzsr1Ga5+0/r3IffNuvPdktuNjah2wlKZ9bs51cRasWe6z/nwDK0dxP2S5v7da34+t763l76+dZ2339P5Hu/OwHT/61Bfyb/MHy3pMAQAXLiNQL2CHH/ls/uypoxP/3rb30Xzp0cWEp8WB9aRtuePRR/OlJT2ROJqnvvC5PN7W49+087586dFHz8NO85F8dfrJS//+/OkXnsrRoj85R6YeHzPrAAAWo3//56b0Q5bb4vo5F7j+/fnTx4+c61IsWCssBwBYLitoBGrLXFf9W6HP1uy9/Zo8vr8R/zVGQKQtEGrbRtuIyb3X7M/jzcRw3lETRx7PHz0yGS9OPn+20Qkzfze1I7g1ex+eOsqvNYpi/vdc8Jxm+fr3fzlP3djY9oyRGdPew+RohPbw9HC++NnD2XH3o/nkQHMk5I4dyeHD6c/W7H3403nlc7OPxnj+8c/Ouj9njhBpH9V2Y56fqKf+PP65z+bbtz+cP8yXZ47CnD6yYsfd+dLeVgkm9/ne21/J4619PeU5RZ7PVz+7v/n+W3XTdmxN1NVsv5vmyLON7Uy8brNc/U/n+aM7s3PTLMdLs15mHoOzlatV3XPt053ZtIDjfHIbD+ear82sg/MvvD7/LbydaPssThlVNO1CSPvxv8C2r70t2nH33cv0ToHzX0E/5NVjSaZ+z8x8/gK/s9u/97fenns+NrUEU78Lz2CbO+7O56/+2pRRrWdkWv9kars68wLlxOOzff+3+mrT+xETu3EB/ZoZo02b2zj8bI7s3Ta1Pzxrmad9H+24PXtf2Z/H+yfrcN5+yBnslwCO9JUAABLRSURBVNa22l+7f//n8kdPN7dZ2I8FAFi8C3QEav9EeJok/fu/nD+b0ik7nC9Ov+rePxkgNP75uXy16ML89A5b8/l/9PiRJNvy4R2N1/hu6+8nQrSbZwlPm+X93OOZePqUE4xmeRc7YnHb3tyzo7HtV47N8vjRp/Jn097DQkcj9B8+3Dx5+VhuLOqlLmZ/nonZpqUdfiR/NGM/HZ48aWo+Z75y9O/f3zbytlU3m3Ljx7Ym6c+3n2++wtHn8+3+zL0fLrk6W6e8bmvE7uKnxc9erkWaUS9fzrs4OIhFmK+dOPrUF9raif48/uWv5ZUpW5hlFPnhR2aOBpvjmJj6GsnhRxYyKh1gpoX1beb6zp42o6N/f764oBGJi9jm4Ufyb59eyLuZwyz9k/Y+0JHHZ87umGh3t92cHUn6n35+Yr8cebax03bcPEt42izzWY/ynafMOfL41O+jw/sXP0PlDPbL4Ue+UNxHOYt+LADAbDp2BOrYv/nEop7f/cf/Z/OnxojIqWaOzGpd1W502PvTn9vz+Ufbrla/MpCj2dZ2lXpyG63g4vCzR3LHtulX9Y/mqa81O7PTr7If/lqe+t37svPmxgjNVwaOJts2Tev8Hs3zT/cns4w4/PdP/W7+ZOexfPdwplxFb5Rnf/76yM5FjYa45OpG4Ncqx6wKRi7c8ejdyfRRswMTO3fKCLfZLXR/TrcpO+97OJk2svPoU1OfdeTrjU745OiF1siFmftp+tpoc+6PKe+vtc3D+e6Rvbnjxo9la/onRtMcff7pRhk+dmPxaIdNN+a3tib9/Y0lFZpHwpmtnVZQrnl36dSNTBtR2wzYp7yB2etgsZ/Zlaz7j78x5d9n3p4Vmb+d+OvmyeyUETrtJ5/NCzczPiP7v54jO9uPv6Jj4siM15h+8cgxAee/pWvPZuufTQZ/C+3bFH1nH33qa43v0BnfhfOXceHbbPTnzmaieKtvMKOP+LWn8sn7djaWGdg7+fxWP7XR7jYuwh8+PDlL5buNK/D58LYsol2fpn9//vSz+2f8euvtv9vo381T5mPPts/o2jT32qpnuF+aJZp9Rs/O+/L5TFsPvtUxLOjH+n66ME1vzwBgMTo2QF1eW/NbzSGBrRBxIuRqjgic0enb8emJDtumnZ/Ojv2P5HAzZJ1iYtTh7fnkxEPb8snbt+bw/mYHeNvN2ZHDOfz08zm688YMvJJMdH5zLK/0J7OdaPS/eiw5OtAYRTZLZ3fe4G8xWsHe4UfyRwtdtqBpzsCwpX1/toLH2fbnGZk8ofinE+XdlJ2f3pHHH2kF1xMFae73ZFsz2J6/6K1wuDnqtL8VQrf2WWPKW17tT/uxNrtN2Xnfo9k8ZeTN4Xzxs68UT/tfdLkWsZGJ0bKT26ATLbCdaGuHJtqt5vOONhqexuj4KU3JK5nyESk6JmZ5jYm2beneKLCCTYRl8/ZtJv6i8Dv72KvNCzqzfBfOU4pFbHOyP3emWtucvGja1P9q2q9XFq3p2Srjt58/mp2bW4FpM+icr11fcHdgalA5d5mPNvuxbf2dtovDCzXffmm978c/99k8nmTei81n0Y8FAJhNxweoC79S2BrpuEx3Pp0xIrXAps25JrMEsFO0jSA4kkbg2py+P38ZirWvI7YQrc7qNZtn+5tGsLezbTrYlHWlFvwqBRa6P5PJE6sFuyTXzJqCL43iULJ1snY43z1ycxpnNXNM328zOeKktb8bSwHs3Dnzua0TpIWXaxaL3qfzc1V//hEti2/PzsA87cT8mhd6LjmrjSRxTMD5bOnbszPrnzX6NheCRsiZr0+uFfqlR2dZ2qDtIvxT1xzO/Bdqk4l2vehp09dDn+iDzLfdZpnPxIL7Ic3wd9vefOnRvW3B8uQa/LPPvpqnH+v76YJixDEAS6HjA9SOMXFTn0xO6bpmczYlmdq1b4V37dPOWlNdt+aaZigxcSX9kebohpu3Tfv7ohONI42A9mwXwj/6VP59+7SvQo01Oe+YmAo3uR/OSvv+bE7bmr4/J6bQtR5fsE3ZfE2S/tZ05uY0tubSCo3A+MxPyPqffj5HdzamBzamUU+G0K3RtIcfeSTJ/KNxWycCk6Miika3tEaPTL7mYso1sZUz3qd0lgW2E23t0ES71bSp8SEpHpEz30lx62LRHK8BsCCt9qSwbzP/RaXWjKLWlO9NmVxm5Ewt5zZnD/6O5KtT+mat0Z3tWhfhm+uMtl2onbddn8+mnfmTu1+dcZPRucucHGl8GUyGrke+Xrh0QlE/ZL7XmCziffnSzkwsGTP/8k/L1I8FAC44KzBAnX2NrcYaSGczpKq/bdpQc5M3z9Zhm5wqPmMaUtu09alTXdtDzMlRjNPfR6NTOdlxnjrNbY47vScp2i+taV8zzHIjrMYfTB9R2dju1tsfzh8WvfSsivdnqxM9cwpawTZ23J3PXz31kW2/e3u2Ht4/cxtTllY4QzOmGLbV35Rpa/OPCplYvmDGe53820ZQNnN/LaZcC9+nizVZB/Pe5ZczMNvnthGaztdOtIL4iXZo69apy5O02qBZPiMLuzgzy2sAnJEz7dtMmlimpGA9zzMx2za3bl3I3PTitnvbxIXW6X3Eu9vWPi3oyzZN9HEy7ULtWbfrad5k9HC+eLg/j3/5qdx43862i8OzlXnbxKCAufoY8/VD5n6NSwrXs53eF29sf0fuuTv54oL6sQAAC1M+1wU4b2y9PXt3tP/z4eIr5Nv25kt375jyq623PzwtYGqcLCSZMX1/08778vnbt874+9brbdv7aO6ZuvnsuHvxd23fcfejxSMUZnkPyY7cc9/UdcDO2Bz7c9POP8jetk3vuPvuTC1JI6Se06ad+ZOHb8+UEu64O19aguUHtt5+e1t5tmbvw+0jAJsBeLKwTvps5ZxywrgpO/+g/fEduWdGvcxfrvn36WItoA5YVvO1E5t23tfWTuzIPfd9OtdMefa23PHo9OOg/TO+sDLcM+VzfPtZHlfAhers+zbbcsfDU78v955NP2WWbW69/eH84cfOcpOzfe9vvT2f37ut8Xp375j6++ZzDz/bNgq3ebF25oXas2/Xk2Tb3uY2+vfn3z51dJ4yJ9m2d8r30dbb757S52i87Xn6IXO+RuPmldO3OfU779NTtzdvPxYAYHFK9Xq9vpQb7O/vzxWbN5/1dlpr1ZzzNfRa60Gd7ZT5WbTWtZpvuhLnl5nT8rlQFLVb7357Nnn36Rl3RV6GtgxYeTqnPTuHJmbjTC6Xou+2EK3voGW6LwEs0gXVbgFcAH45MNCYFbSE7rnnnnmfswKn8J8vJu8UP/capJxfWuuPLuSmDrBcWusAz7wb83zr8gLQdMnVzaVPpk+p13cDALjQdHyAWi6f41UG1l6fHZ/6VG7aeH3WlstLsubB4Evfyn/+0Tu56FOfyl0f250bLKSwMhz7UZ58+qXkpk/lzr2fyC2XqVjOnW17H87eV6atGbfjbqOigSVxzvtn74bLfjuf+8Kmxnf7hI359U98PNddAG//zK3N1h2fyqdu2pJLl6jvDABwrnV8gHrO9W3JLbu3LPEmP55bl3aTdIJLfj237v71c10KaNqUnfc9mp3nuhgA5zPf7WegL9d9fHeuO9fFAABYQi4KAwAAAAAUEKACAAAAABQQoAIAAAAAFBCgAgAAAAAUEKACAAAAABQQoAIAAAAAFBCgAgAAAAAUEKACAAAAABQQoAIAAAAAFBCgAgAAAAAUEKACAAAAABQQoAIAAAAAFBCgAgAAAAAUEKACAAAAABQQoAIAAAAAFBCgAgAAAAAUEKACAAAAABQQoAIAAAAAFBCgAgAAAAAUEKACAAAAABQQoAIAAAAAFBCgAgAAAAAUEKACAAAAABQQoAIAAAAAFBCgAgAAAAAUEKACAAAAABQQoAIAAAAAFBCgAgAAAAAUEKACAAAAABQQoAIAAAAAFBCgAgAAAAAUEKACAAAAABQQoAIAAAAAFBCgAgAAAAAUEKACAAAAABQQoAIAAAAAFBCgAgAAAAAUEKACAAAAABQQoAIAAAAAFBCgAgAAAAAUEKACAAAAABQQoAIAAAAAFBCgAgAAAAAUEKACAAAAABQQoAIAAAAAFBCgAgAAAAAUEKACAAAAABQQoAIAAAAAFBCgAgAAAAAUEKACAAAAABQQoAIAAAAAFBCgAgAAAAAUEKACAAAAABQQoAIAAAAAFBCgAgAAAAAUEKACAAAAABQQoAIAAAAAFBCgAgAAAAAUEKACAAAAABQQoAIAAAAAFBCgAgAAAAAUEKACAAAAABQQoAIAAAAAFBCgAgAAAAAUEKACAAAAABQQoAIAAAAAFBCgAgAAAAAUEKACAAAAABQQoAIAAAAAFBCgAgAAAAAUEKACAAAAABQQoAIAAAAAFBCgAgAAAAAUEKACAAAAABQQoAIAAAAAFBCgAgAAAAAUEKACAAAAABQQoAIAAAAAFBCgAgAAAAAUEKACAAAAABQQoAIAAAAAFBCgAgAAAAAUEKACAAAAABQQoAIAAAAAFBCgAgAAAAAUEKACAAAAABQQoAIAAAAAFBCgAgAAAAAUEKACAAAAABQQoAIAAAAAFBCgAgAAAAAUEKACAAAAABQQoAIAAAAAFBCgAgAAAAAUEKACAAAAABQQoAIAAAAAFBCgAgAAAAAUEKACAAAAABQQoAIAAAAAFBCgAgAAAAAUEKACAAAAABQQoAIAAAAAFBCgAgAAAAAUEKACAAAAABQQoAIAAAAAFOg61wUAAAAAADgX7rnnnnmfYwQqAAAAAEABASoAAAAAQAEBKgAAAABAAQEqAAAAAEABASoAAAAAQAEBKgAAAABAAQEqAAAAAEABASoAAAAAQAEBKgAAAABAAQEqAAAAAEABASoAAAAAQAEBKgAAAABAAQEqAAAAAEABASoAAAAAQAEBKgAAAABAAQEqAAAAAEABASoAAAAAQAEBKgAAAABAAQEqAAAAAEABASoXnGee+Xaeeebb57oYAAA06Z8BAJ1MgMoF5bttHXOddACAc0//DADodAJUVrwf/uDZ/PAHzxY+/q1v/W2+9a2/fRdLBABwYdM/AwDOJwJUVrT2jvkPf/BsPrz9tyb+vX37b03pmOukAwAsP/0zAOB803WuCwDvtu1tnXQAAM49/TMAoJMZgcqK9oHfuHnWn1s+/vHfnvVnAACWh/4ZAHC+MQKVFeuFF36UZPaOebtWx/wb//nrSZJP/M7vLm/BAAAuUPpnAMD5yAhUVqQXXvivSepJ6s2f59bqnE//GQCApaF/BgCcrwSoAAAAAAAFBKisSDfccNOsPxdpnxZmihgAwNLTPwMAzlfWQGXFanXMX/zZkSTJ9e/ZNuvz3njjF0l0zAEAlpv+GQBwPjIClRWt1Tmf/nNLq3M+/WcAAJaH/hkAcL4RoHLBefWV/rz6Sv+5LgYAAE36ZwBAJxOgsqK1Twu7/j3bpnTMX32lP5dddtXEv9t/BgBgeeifAQDnG2ugsuIVra3VomMOAPDu0j8DAM4nRqByQbn6mq2z/gwAwLmhfwYAdDojULng6JgDAHQW/TMAoJMZgQoAAAAAUECACgAAAABQQIAKAAAAAFBAgAoAAAAAUECACgAAAABQQIAKAAAAAFBAgAoAAAAAUECACgAAAABQQIAKAAAAAFBAgAoAAAAAUECACgAAAABQQIAKAAAAAFBAgAoAAAAAUECACgAAAABQQIAKAAAAAFBAgAoAAAAAUECACgAAAABQQIAKAAAAAFBAgAoAAAAAUECACgAAAABQQIAKAAAAAFBAgAoAAAAAUECACgAAAABQQIAKAAAAAFBAgAoAAAAAUECACgAAAABQQIAKAAAAAFBAgAoAAAAAUECACgAAAABQQIAKAAAAAFBAgAoAAAAAUECACgAAAABQQIAKAAAAAFBAgAoAAAAAUECACgAAAABQQIAKAAAAAFBAgAoAAAAAUECACgAAAABQQIAKAAAAAFBAgAoAAAAAUECACgAAAABQQIAKAAAAAFBAgAoAAAAAUECACgAAAABQQIAKAAAAAFBAgAoAAAAAUECACgAAAABQQIAKAAAAAFBAgAoAAAAAUECACgAAAABQQIAKAAAAAFBAgAoAAAAAUECACgAAAABQQIAKAAAAAFBAgAoAAAAAUECACgAAAABQQIAKAAAAAFBAgAoAAAAAUECACgAAAABQQIAKAAAAAFBAgAoAAAAAUECACgAAAABQQIAKAAAAAFBAgAoAAAAAUECACgAAAABQQIAKAAAAAFBAgAoAAAAAUECACgAAAABQQIAKAAAAAFBAgAoAAAAAUECACgAAAABQQIAKAAAAAFBAgAoAAAAAUECACgAAAABQQIAKAAAAAFBAgAoAAAAAUECACgAAAABQQIAKAAAAAFBAgAoAAAAAUECACgAAAABQQIAKAAAAAFDg/weurWqhcIulNwAAAABJRU5ErkJggg==" height="600" width="800" />
<img src="data:image/png;base64,iVBORw0KGgoAAAANSUhEUgAABVAAAAJcCAYAAAAfG4+9AAAAAXNSR0IArs4c6QAAIABJREFUeJzs3XecVdW5//HP2nufMmd6Y2aYQhk6SLWgCAj2qNGosQfFkptrbmKuJDfRJJabq6ZZEn+5iTE3GNTYxYKJGAUVVBRpIgxIEYY6c6aX03ZZvz/OmYGBGQYTpSTP2xeRmb332muf2f6R7zzrWUprrRFCCCGEEEIIIYQQQoh/MbNmzer1HOMQzEMIIYQQQgghhBBCCCGOShKgCiGEEEIIIYQQQgghRA8kQBVCCCGEEEIIIYQQQogeSIAqhBBCCCGEEEIIIYQQPZAAVQghhBBCCCGEEEIIIXogAaoQQgghhBBCCCGEEEL0QAJUIYQQQgghhBBCCCGE6IEEqEIIIYQQQgghhBBCCNEDCVCFEEIIIYQQQgghhBCiBxKgCiGEEEIIIYQQQgghRA8kQBVCCCGEEEIIIYQQQogeSIAqhBBCCCGEEEIIIYQQPZAAVQghhBBCCCGEEEIIIXpgHe4JfF4aY01Ut+5gS/NWtrftZGf7LhpijcTcGJ72QKdOVOBpzaSS4/n66JkYSjJkIYQQQgghhBBCCCFE947qADXhJlhdV8WiHe+wum4tjfFGXJJhqUKhlAJAKVBaJTNUBbZnM6HPOAlPhRBCCCGEEEIIIYQQB3TUBqhVDRt4ct0zrKxfDRoMFMowsDCBZJWp67nkBnLw0LTbbSilcDyHsQWjGVc0+jA/gRBCCCGEEEIIIYQQ4kh3VAao6xs28uN3/wfbS2AaFkppdKrq1NMejueQH8znlNKTSXgJ3tm1JFl9qjUecNWwS7GMo/LRhRBCCCGEEEIIIYQQh9BRlyK2xFv42Yf34XgJLMNEJ5NTtNLYnkOWL4NLBl/IsLwhLN75HvO3vo6HxlCKhJtgWulUhuRWHu7HEEIIIYQQQgghhBBCHAWOugD15c2vsitSS8gMdn7P9hwsZXHhwPP4cuWXaIw18sCK31Ldug3LsFKVqRqf6WfGiEs7e6MKIYQQQgghhBBCCCHEgRxVAWpTrJlXtrxGwPCjAa01rnaZWHw8lw+9mIqsMl799HUeXvMIAD7DQgNKKRJOnBnDrqAgVHBYn0EIIYQQQgghhBBCCHH0OKoC1I1Nm2lOtBA0/NjaIS+Qy/Ujr2ZS6QnE3Ti/WfF7Xt++EFNZGBhoNEqB4zn0y6rg3MqzDvcjCCGEEEIIIYQQQgghjiJHVYD6SeMGtPZwtMsppZP52vDLKAzlUxdt4Ocf/op1jeuwlA+l2NMbVWs0mm+N+QYhX9rhfgQhhBBCCCGEEEIIIcRR5KgJUD3t8VH9Wkxl8s3RX+e0flMxlEFNey0/+/ABNjRtwm/60BrQyWsUEHFi3HjM9QzLH3w4py+EEEIIIYQQQgghhDgKHTUBatSJ4jd83DHxViYUjQEgHKnnjiU/ZUfbTvyGD0j2O+1IUaNOnAsrv8yXKs84jDMXQgghhBBCCCGEEEIcrY6aANVQBt8a+28UpjaBsl2bX634LdvadiQ3lVIatO7cWMpQBpcNvogrhn8VU5mHefZCCCGEEEIIIYQQQoij0VEToKZZaaRZyR6mWmv+vO5ZltYuI2ClEcNBaYXf9FOaXsLxfcZxYsnxDM7pf5hnLYQQQgghhBBCCCGEOJodNQHq3jY3V7Ow5gNOLJtC/7QC+qeX0Ce9iML0IgpCBShlHO4pCiGEEEIIIYQQQggh/gkclQFqeUYxf5j6U5Tr4LXXYUWb0Qkb7daC66CDOSh/6HBPUwghhBBCCCGEEEIIcZQ7cgJU7aHjbWBHIZCB8qVBD5WkvubteGtewVu/AKdxOzGtk5tHGSba9GPmlWGUjcWqnIxZcgwqkHmIH0YIIYQQQgghhBBCCPHPQGmt9eGcgG4PY29ahLtpEW7dZkhEIZiFmVuOWTIcs/+JmIVDwArsuSbWjNe8A91ai9dYjbtjFe7uKrzWMHSEqQAojMJB+MdegDXiHJQ//fA8pBBCCCGEEEIIIYQQ4ogza9asXs85fAGq55D4+CUS7z2C17QDDCPZu1QZaM9D4aE1KMPE7DsK37ivYA0+FWUFux1Ot9fjhjfgbHgTe91rEG0Fw0ADSmvMviMJTP53zIrjD+1zCiGEEEIIIYQQQgghjkhHbICq4y3E33wAe+WLYJjJPwCeB9rdc54yUIDWGgWY/SYQmHIjZsnoA47vNW0nsfpF7A8eR7s2yrTQrgNKEZx+E/5xl4Jx5HQvEEIIIYQQQgghhBBCHHpHZICq7QjRF76Ls/l9lOUHVDI01WCUjsQsn4CRnod2HXTzDrzwRtyaT5JL+7UHpo/ghb/EN/DkXu/lhtcTm38X3s61YPpAa7RrEzjhKgJTvw3K/OIfWAghhBBCCCGEEEIIcUQ68gJU7RH92z3Yy59D+VI9TT0HIz2fwKk3Y1ZO2X+JvmvjNW/H2bCQxMq56MYdYFqkffVXWP1P7P2WsWZif/spTtXrYFpoACdB8Mzv4x97yef+iEIIIYQQQgghhBBCiKPDwQSo3W9z/wWxP34RZ9mze4WnLio9PxmGDj2j+/6mpg8jbwD+E64l/ao/4j/ha2jPJfriD9DRpl7vqYLZBM+6DWvYdHBsFKBMH/H5P8Wt3/z5PqAQQgghhBBCCCGEEOKfyiELUL2WXcQW/hosf/IbGtAeaef/FKNw6EGNodILCUz7T0IX/RIdaSTx0QsHd50vjeAZP0QVDQbXBWWAUsQX3Aee85mfJR6PE4lG8TzvgOdprYnFYrRHIsTj8c98n94kEgnaIxFisX98bNu2iUQiRCJREokEjuP0+HwHW7TsuC7RaJRIJEIikfiH53g4eNqjJhIm6sT+7jESrk1tpA7vMO3XJoQQQgghhBBCCCH+fodsJyV7+ZMQbQYrVX3qxPCddC1m6djPPJY1aBqhSx4k9uaD+MdfivKl9XqNCmYRPONWoo/NBDww/Tib38XZvQar75gu59bU1LLk/ffJzc3B9TwmT5qEZVm0tLTw3Ny5zJ8/n5bWNh584AEqKwfud68dO3eyaNFi3nrrbT7dsoVYLEp+Xh6jjjmGKVMmc/JJJxEIBA4438amJt57bwkZGRk0NTVx8qSTyMvLQ2vNylUf8eqrr7L6449pamoiFEqjcmAlU6dOZdopU0lL6/3zAGiPRFi+YiULFyxgxcqVtLe3g1KYhkFubg6FhX1ID4UIBoOEQiGaW1uoqw3zrW99ixHDh3U7pm07rFy1kjffeoslS96noaEBrTWZmZmMGD6cU089leOOO5bcnJxur/+kcRMf7P6QDCud+lgj4/qMYXzRgTcNA/hg93I2NW4mYAaoizdwdr9TKc8qY9nuFawIr8bVDrn+HKJujHY7QkuiDReHkBWiKNSHobmDGZE/lLR9qqDbEm18a+H3OK5oPLMm/AeG+my/c9Bo/u/jR1m0413un3o3Rel9PtP1QgghhBBCCCGEEOLwOiQBqm6vI7F6XnIjJwCtIZCOf9zf34PUqpxKWigvOdbBXlM8HLPfBNyty8G0UEphf/TSfgHqx2vX8N3vfhcNTJx4AtOmTmXX7t1848Zvsubj1ZiGiTIM/PuEoG1tbTzyp0f5f7/5f/h8PkaNGkVFRTmJeJzly5ezbNkynnzySaZMmcKdd9xB35LiHucajUa59Yc/JBKJYJomL7/0IsFgkJ/+/Oc88cQTKBSWz0J7mngiwapVq3j++ec5YeJEfnrP3ZSVlh7ws1iztorbb7+dDz/8kP4DBnD9ddcxfvw4TMPko9WrmT17Nu+++y6ZmVl89atfxXFc6sJ1NDU3E493X425/pNPuO+BB3jj9dcxTYvLL7+ciRMnkhEKsXHzJubOncsTTz7JsOHDuOO22zjpxP172MbtGI+vfwafYaG1ZmBOvwM+R4fa9jBz1j2BL/WOnVh8HOXAyvDHPLfpRdLMNDw8rhxyCeWZ5SS8OJuaPmXB9reJuzEs5aN/ZgWzJnyL8qw9n11tpI64F+ftHe9y/sCzGZI3+KDm02FHy07mbfkrljKJO0dnFa4QQgghhBBCCCHEv7JDEqA6NVXo9gaUL1Xd59pYI8/GyPzHqvHMkmM+2wWGhTVkOu7WDzu/dje/g441o4LZnaelh9Lx+XzYts2gQYOIRKL8xzf/g1UrVpCbn4eTsIkn4qSHQp3XRKJRvv6Nf2fZsmX89J57mHzyyeTk5mCZJo7rUlNTy/0PPMBLL73EwoULaGlu5tE5f8Lv93c71fRQOoWFhVRXV5OVlYXf5+c7N3+XT9av456772bUqFHk5eZR31DPwoVv8pv//V+09ljy3nt869s38cTjjxEMdtNTFlhbtY5LL7uU1pZWLr30Um6/7cekp6d3Hh86dAhnnnE6//X9W/jbG3+jva2d79/5XQKBQI/L+pctX8E1115LW2sLQ4cO48Ff/5rBgyo7j5988iSuuOwynnn2OX70ox9x9TUzeeh3v2X6tGldxnGVJmD4MQ0DrTWm8h34Z5rit/z4TT+mMlEo/Gbyc7UMC7/hR+OR5cvgvMqzCO5VZXp+5Tn8Ytmv2dpazebWT7lr6S+5f8rdpKWqmhvjzcmWBQrmbnyF7x337YOuQvW0x6PrnkKh0EBLovWgrhNCCCGEEEIIIYQQR45D0gPV3boUtVfopNFYAycB6lDcvgsjfwC6477KwGurw2vd3eWcgvx8HM8FID0tnd//4WF219byx9mzeeH553n22We44447se09FYWtLa20NLfwyssv85ULzqegIB/LNAGwTJPSviXc9ZP/5pRTTsE0TT788ENemvdKj/O0LJO0YAClFJZp8sMf/5iA38fLL73IxRddxLChQ+nTp5Dhw4Zx479/g/vuvRetIZiWxooVK3hjwZvdjhuNRvnu975HPB6noLCQH3z/v7qEpx2ysrK4639+QnZ2Nn9+4nEe/sMfkp+fYWAYXV+bhoYGbvzmN4lHo+Tl5fPQ737XJTzt4Pf7ueLyy/jSOefguS7fuPFGtmzd2uWcTCsdpRRag4cm15/V42e0t6DhT71OGqUUGb5UuG0olDJQKJRhEXO7VoGWZfblG8dci9YePuVnR/tOVtet7Ty+u313MpA1LN7d/T6bmz49qPkArK1bxzu73sdvJMPc2mj4oK8VQgghhBBCCCGEEEeGQxOg7loLxp5iV2VYGDl9D8Wt96dMlLlXVaMGL7ypyynNLc1YpkkgEGDui3N59dVXefaZp5l+ylT6VVQwdMgQrrjsUoqKijqvSUsLct99v2RQN8Fhh0AgwI3//g0c18PyWcydOxfbtrs917IsTJ8fpRQNjY2sWbuWe+6+i8zMzG7PP/OM07nqqquIRqMEAn6ee+4ZHGf/DbI+XrOWdVVVgOLLX/4yeXl5Pc43Pz+PU6efit8f4Le//R27a2r2O0drza8f/A3hcC2u53HTt79Nv4ryHsdUSnHD9ddjWiau4/Cb3/xvl02pHO0AChQYyiCuu/989hWy0pLdHJQCpbB1MgDPtNLR2sPVmoDhw2/sX3TdN6OYdF8GHh4GBltbqzuPtcRb8fBAKzSap9Y/j6cPvHkYgOM5PLruKQylOnJdGmNNB/UsQgghhBBCCCGEEOLIcUgCVN1eB50VqDpZARrsfhOhL34yXjJkIxnaKcPAa+haBalJhncoRW04zPe++z1KinvuVwrJis0hg3vvj1laWkpuTg5KGWzbto1YPN7teaZpkh4K4Xke8Xicb//Hf5CRkXHAsS+5+OLOa9dWraM9EtnvnKVLl6YqSDVjxozZ7/i+hg4ZgmEYxOIxlq9Ysd/xXbt38+RTTxIMppEeCnHGGaf3Omb//v0oLi7G5/Pz6qvzaWho7DxmGtael1JD0DzwZlsdIl4CnzJTy/4NQmZymX6uPxtHuxhKYSmD7qqeXc9NvhIkq17zArmdx2qjdaBTVdPK4oPa5Wxu2tLrfD7cvYKPG9ZiKRNU8vqmRMtBPYsQQgghhBBCCCGEOHIckgA1WRrYUWWYSqqijT2d/cVSBjg2ewdpOt41aPT5/Gg0ruNQWlrK8ccd97ndPuD3k5+fj9YejuMQP0CAmhYI4LoulmkyZnTvO9Hn5eeRm5uL9iASaaetrW2/cz7dsgXLZwGKzIz9l+7vKyMzs3Ojrh3bd+53fNGixdi2jeu6HHvsBAoLCnofMz2dyoGVaK2JxWOsXbtnyXyaGUy+KVqj0Z1BaG/SzCAeHlprFIpAqgdquxvBUiaGUni6o8K1q9pImNZE8rMKGD7G9xkLQNxNsKt9N6ZhkoxAk/88tu5p3FSFa3eidpQ/VT2BpSxMlax4VUoRjoTRHPymZ0IIIYQQQgghhBDi8Ds0Aaoyu37t2Xith6cfpI42ofdegu15YHbdqKijd6njuowcMYLQXptF/aM8rYlGI533sazu9/HSOtnLUylFIBgkP7/npfZ7zzs/Ly8V80Estn84m5+fj+smg0bP7X0pelNTI8pQyT6g/q6fk+d5fLB0KaZp4jgOJ5wwEdM0exhpr3laVjLo1RrHsWndK+j1pd4VDV02g+pNhi+tc7MnRbKSFaAl0YZlWKljBtY+S/hbE208tu4pNBrHc7huxAxy05LV0a7nUBetB+Cc/mcRNANYymRpzTI2NHRt+7C393YuZVPLpwzOqeSCynNxPBeFoi5aT8I9uJYEQgghhBBCCCGEEOLI0H169zlTGfl4TdtRnUGqwt36Ab7BpxyK23fhhTem9kRP1cQaBvtuqm6aJujkSv/09HRM8x/LmbXWNDU3s3HjJh7/8+PU1oYxlIFhGvh93e8yr5SiubUVv9+PYSiMgwgmPc/DdmwMI7lpUiCw//L3YyeM56Hf/Q7TMtm6bVuvY27csKmzt+iQIUO6HEskEmzevBnDMDBNkzcWLKClpZWGhnoys7IJBHwEA0E87RGLxonFY0SjUfoUFvLhsmWYpkl7e4K21r0qZVNr6VXqf57Z8AJ90gowDYtWpw1DmQTNIAYGUS+G69mEzDR2RWpQyugSogIYqfE6fuIJN0HQDNASb2VdwwYerXqCT1u3khvIZsawKzi9/7TOqUTsKM2JFlzP4Uv9T8dv+Hhy43NYhsUf1szhZyffmapO3SNqR5mz7gksZfLVwRcQskI8teE5TGXSkmghakc7q2OFEEIIIYQQQgghxJHvkASoZp/BeNuWA8mwSZkWzrrX0Cf/GyqYfSimkOTauFs/gFToldzcx0PldN30SKlkxKo1GEbvweW+Ghub2LJ1C5s2b+aT9Z/wycYNNNQ3kkjEGNB/AHl5eTTU12P2UoHaUYVqGAbt3SzH35eXuqbjGTK76Zk6fvx48vLyaG5p5o3X3+DqGV/D18McWlpbeevtN1FKUVJSzKhRI7scb49ECIfDycBWKerqwry96G1C6emkh0IEAgHi8TiWaeD3+3EcF8d12LR5M/369aOiohytNSUl+/SXTbWoNVB82rqVmlgYAxO/6cdnWLieR0LboD209kiz0miKN++5dr+xdKoCNMyP3v0fsn0Z1ETraIg1MKZgNKdWTOOEkgmUZpR0uTQcrcPBxW8GyPCnc/aA03l641xMw2Rd4yd8FP6YcUVd+8jO2/wquyI1jC04hmOLxrG5eQtGalJNdutBbUAlhBBCCCGEEEIIIY4chyZALRmFrZ/a8w1l4LWGsT9ZiH/0BYdiCgC4zTtwd66BvZdxaxejeHiX85J9NFN/9w4+8NqxcydPP/MMTz/9NI2NTQwaNIjTTz+dGVd9jfLyMkpLS4lFo1xx1ddoaKjHsnxEIhH8/t4rEpXaf/Oj/c6BVOWswu/3E4vHyCaryzl5ubnceeed3PSdm/hw2YfMm/cKX7ng/P3G8rTm979/mLr6ekzD5LbbbtsvkPVZFolUD9dIJMLtP76Nk0+e1GWuhmF0CYM7Al6g8+/JTa32ktq0CRTfGXsjA3P69/rsa8JV3Pref7NfgqpBp0LUnGAeoFhVvwZLWVimxWVDLmRofvebfzXGmnBcm/xQHoZhUBDI57Tyqbyx/W1MZfLHtY9xX8EIfKkWEI3RRp7e+AJKwdXDL8c0TDJ9maAUCrDdBC2JVvLScru9nxBCCCGEEEIIIYQ48hyaALXvMeALgufuWaJtBYm/+QBW5SSM9MJDMQ3sj18GNwFWkGSypiGYjbFPoOV5XnIZuEoGiQdjzdq1zLz2Wmpqaqno14//+78/cOz48fsto29paaG9vR2AQCCA2jc8TFFKdW7edLBM08Sf2njK5/P1GLp+6eyzaGy8gwceuJ9bf3grLa0tnHH66eTm5KC1pjYc5o9/nM0jjzxCXl4eP/zRDzl12rT9xtGAlWpBYJkmkUi02x6oHb1cO5/roChc7eI3um9xsL9klel+31XJXqoemjQrxA8m3MSDqx5ibcM6HNfhlyse5GeT7uw21NzVvhsPTW4wm4CZ/DlePPgC3trxLhrNpy1beWfHEk6pmAzA8xvn0Zxo5qSiExialwxl/aaPkBkk5sbR2qMh1kj/7IqDfCYhhBBCCCGEEEIIcbgdkk2kjOy+GP1PQHt77YBumBBtJTb/bvQh2FjHbdqG/eGTYPrp6IiJ52KWjsJI77pzvLd31elBhJgtLa3MnHktDQ2N9C3ty+OPPsqkE0/stgepYzs4joPnaQJ+X+eGVfvSWpOekY7jOPvPqQeGYaIA13WxLJNQWvebXxmGwdeuupJf/erXKGVw9913c9XXZnDdDTcw87rr+dqMq3nvvfe4edYsXn7pJS6+8MJug8+0YJCyslJcNxmM79i5vdc59kbvs8Td0U4PZ3blaDf5F9UxTqq6VSerXg0g5kQozujDd8b9O1n+ZGVuTaSG+1b8Brubd3B72y4MFNn+LIxUo9zSzL6c0/9MbM/GUhaPrn+auJugtj3MS5/+BZ/h56phl3T2RlXKINOflXzjFNREaj/bByKEEEIIIYQQQgghDqtDUoGKMgkceymRDW/u9U0Nlh93wyLib/yM4Kn/lQo3P3860Ub8tbvRThxl7lXRqF18w8/s7InaIRlWKkAdVAXqGwveoDZci8/ycfFFF1NRXnbA8z3PxfM8TNPaf/l6ilIKy/Lh2Dau309GN/1M9xVPxLEdG6XANEwsq+f+re9/sJQ7f/ITZs68lssu+Sp+v49wfT1aawry8snNzSEYDB7wfn6/n3HjxrNi+QpQirVV6zuX6v+9bM9NVv+mPnbHPbgANeImn1uTDEztVFhfEMzH9mx8pg8FRJ0YxelF/Pi47/G9d36MpSxWhVfzyNo/c/0xMzqrWF3PZXekBo0mP5jfGaACnN3/NF7ZOh+0pjZSy183/40d7TuJuTHOrDiVytyBneeGfEEyfZnURGpx0bQmeu9lK4QQQgghhBBCCCGOHIekAhXALB2HVTYW9g3ELB/2irnEXv8ZOhH53O+r7Six1+7C3bJ0n/DUg1Au1sCT97umo9pTKfC8AweoWmsWLX6HQCAISlFWWnrA8xN2Asdx8fv9RGPRLj1B951DIpFItTzQhELdV5PuzXUcbNvGMi00mniqP+m+wuE6vjbja7i2zbe+eSPl5WUUFRUxasQIjhk5kpKS4l7D0w5fPu9ctEqGqQsWvEFtbfigrutJuxtN/kUpFIpW5+DeCcdLoDAwAE97RN0YkKxo1SQ/T1OZ+FTydwZD8wdzw8iriXsJ/IaPFza/wuLtSzrHizoxaiNhFAbZ/swu9+qbWcKZ5adiaxe/6WPOuid5Y9tbWMrivIFndwmQfYaPDH8o2dNVaxrjTX//hyOEEEIIIYQQQgghDrlDFqAq00/glG93HxhafuxVLxF94Wa8uo2f2z29ll3EXr4Fe+3rYHbtpakdG//Eq1Hd9L50XCdVh5jaDr4XiUQidb6mpbXlgOf6LB/t7e0opXqsPgVwHIf29nYsy0RraGjsPXjTWqeW0yc7DyQS3bdGmPvCC9i2Q0FhAT7fP1aEPHzYME6bfirxeJy2tjYefeyxz3R9XV1dl3fCb5h42kMByejz4PrAhqxgarl/st9pwks+e12sCZ9holRymX/H9wHOGXgm08umdoao96/4DZsaPwWgIdZIc6IFZUBOMGe/+3258myCRiDV4UGT8BJMK51MZc6ALucZyiDLn4VGYyhFTXsYt6PdgBBCCCGEEEIIIYQ44h2yABXALB2D/8SrwY51c9CHu2UZ7Y9dR+LDx9Ftf3+vSB1vw/74RSJ/vh5n4+Kulaco8ByM/Ar8Yy7qYQCNp5OBVzyR6LFKFJJL7cePG0sikcA0DN5a+GZn39J9xRMJ7r//fhzHwXXdAy7hdxyHWDzWuXN9NNp7JWYsFicWi+N5GsNQZGZ2v+w/Ho9jWRZVVet4ad48wnV1RCIRHMchEokQjUaJx+M9PsfeDMPg9ttvIysrC9M0+cP//R9PPfNMr9dprXnm2ef47UO/71KxGXcSqNQyfM3+PVF70hhrxsQANFqDTyXbFzg6kYpgFQk3gbHXvQxlcP3IGRSl9UFrD1e73LX0l7Ql2km4CRJeAqUVOal+qXsryShmevlUbM/u3Gzsq0Mu6LLUv0NuMBuNRmFQE6096LYEQgghhBBCCCGEEOLwOzQ9UDspAhOvxd26FHfnGpQVYE+FoQbTAidO/I37SCx7Et/o87AGTcPIKUP50g48tOfiNe/A2boE56OXcGvWAypVebpXAKpd0Jq0c3+C8qd3O1R2dg6O62AaJo7d+wZXZ591Nvfd/wCu67J02TJ++9DvueG6a7ssg1+3bj13/vd/M3LkSAYOHMjWrVuorq6mobGRviUl+43puC52woZUmNhTNeneQukhEvE4Wms8T/cY/E6fPo1fP/ggiUSCW2+5lbz8fLKzswn4/WjA7/MRCAYJBAIUFRUxYvhwTjrpRAb079/teCXFxfzh4Yf5xjf+jYaGRm6//Xa2b9/BFZddSsk+z5awbdaureKPs//ICy+8wEO/e6jL8bgbx9MelmGitEebHe31uQEsw8TWDn6V/Hk3JVoopS+i0U9qAAAgAElEQVRxNxWAq2SA6u6zGVd2MIvvH/sdZi36IT7DRzga5ncf/ZFhuYPRWmMqs8eerhcNOo+/VS8g7toc22cc5Vnd974NmAEMDJRSNMQaiDhRAtb+G4wJIYQQQgghhBBCiCPPIQ5QQfnTSbvgF0QevxbdUpsMTbucoMDyo1triS/6PYl3ZmP0GYRZPAKjsBIjuwSsYLKXqmmiW2twG6pxd63B210F8XZAgdHNo2mN9jyCZ92CWXJMj3PctWsXruMQt2PYiURqw6eeN2QqKSnmFz//OTd95ztorfnVrx7gncWLOWHiCfgsHx+t/ojlK1Yy6z//k8suvYQhzw7h+z/4AQ319Vx/w9eZMnkyF110EYMHVXaOGYvGqKnZ3dnHtK2ttdfPtrGxkYSdwE7YNDU2EolESUvbP3geMXw49993H79+8EG2bdtGOBympqYmufwfME2DZOaoMJRCGQaBQIDLL7+Mm779bULdjDl+3Fiefuppfv7LX/D662/w4K9/zZw//YnJU6YwcMAAQunpNDc1sfTDpaxe/TH9+/fnT4/8iSmTu/ag9bSHpz00Jhqw3e77uO737LHmVPWnSrYASGXHBgaOdgkok7hn0xhvIivQtafpkLxBzBx+JbOrHsdv+lm8cwnv7/4Qv+HHw8Pq7l0C+qQXcnrFNF7Y/AqXD76o2+pTgHQrneT2Voq4m6Au2kBuN20BhBBCCCGEEEIIIcSRR+kDrU//ArnNO4g9dSNu0459lth3w/MguQ0PkAz2UArdUU2YqjBUykhtutQNrdGeQ2DqjQROmAn0vFP8hg0bee75ueQX5OO6DjOvvppAoPeKwVUffcSjjz3GkiXv01Bfj2GaZGdnMX3aqcy85moGDkz2x3Rdl3mv/IUPPvgAwzA49tgJTJk8mdzcPf1Yd9fUMGfOoxQUFFJbW8t5553DyBEjDnj/DRs3MveFFynILyBcV8f1180kPy+v23Nb29q47/77eeKJJxgzZixDhg6hpLiE/Lw8mpqaqKmtYcP6DaxYtRLHcTBNk2g0whVXXMmdt9/WY6DsOA4ffbSaeX/5C+8sXszOXbtwHAfLNEkLhZg06STO+dI5nHTixG43xtrRtpua9hp8pg/HcygK9aFvRnGvn/2mpk9pS7ShDAPXdRiQ3Z+cYDafNm2lOdGCYRi4nsvwvCEErf03yIq7CZbXrCRkpeEz/aRbQRKeS7vTzoCsfmQH9l/GD9ASb2VTyxbGFIzsMUCtjYTZ1roDn+nD9VwGZvfvcTwhhBBCCCGEEEIIcejMmjWr13MOW4AK4DVVE3vlDtztq8DyQaqH5YFoukaf+37d/Y2SlZWBad/GP+EK6CHo6vGeWve4jLu7c+vq6gmHa0kLhehTWEh6evetAg6XJe+/zy23/pD8vHzuuON2hgwehN/v3+8827b5ZONGfvrTn/HBB+/j8/mJxWK89OKLjBg+rNf7tLdHaGxqpLm5mbS0NAry88nKkuBQCCGEEEIIIYQQQhwZjvgAFUDHmokv+SP20ieSlaT7Luk/2HHYN0hN7ePuOhiZfQh+6Xasfif84xM+ylWtW8+5553HkCFDePLPj5Odnd3rNS0trVxz7bWsXbsW205w++23M+Oqqw7BbIUQQgghhBBCCCGE+OIcTID62UoxvwAqmE3wlP8k7bLfYJaPBc/prBj9TOPs/YUGXBs8D/+4Cwld+QcJT4F4IsFtt9+GbSeYdfPNBxWeAmRlZXLFFZdj2zamYVJXV/8Fz1QIIYQQQgghhBBCiCPDId9EqidW+XGYF4/C3fQmiVVzcbetSgapykQr1fsSeq1Bp3qiGgbWiDPwj7sYs3TcFz/5o8SmTZtZ/dFqsrKyGDCg/2e6tqK8AtM0cRyHfhUVX9AMhRBCCCGEEEIIIYQ4shwxASqA8qVhDTsba9B03N1rcLZ+gLP5Hbzw5mRlqk5uJKU8F4zkjuvJTaMUWH7MPkMw+x+PNWQ6Zn5lzxtK/YtqaGggYdv4A4GD2hSrCwVojWVZDB4y5ICnep7Hjp07sRMJ0tPTKSoqAiAeTxCuC+O6yQrj7KwscnJy0FpTU1NLIpFAa41GY5omfUtKaG1rw7FtCgoKAGhsasJ1nM6vOyQSCXbt2oXruuTm5pGbu2eX+/b2COFwGNDk5eV19mFtaGjAcRz69OkDQFNTE05q7Lr6eiLtETztoVDk5OaQvVf/1vb2CLW1tRiGoqioiGAwiOM41NTU4rgO6GQ/XH/AT0lxcecvAOLxOOG6Ovr06YPf58O2bWpqaykuKsK2HcJ14eRnoDVpaWn0KSzs8ssD13Wpqa1Fa01JcTGGYdDe3k64ro683NzOZ3Mchx07d1JSXNzZ3zYWi1FXV0/fviUYhpGabw3FxcWdm4K1trbS2tZG35KSLp+v63rU1NQQj8cIBoMUp54pkUiwu6YGrTVo8LRHZkYGubm57K6pwVCq89zW1lYaGhrJz88jEAhQU1uL57ponXxnMjLSKSgooKamhoyMDDIyMgAIh8OkpaXhui4NjY1YloVSCse2CQbTKC4uOuD7KIQQQgghhBBCCPGPOKIC1E5WALNsPGbZePzHX41uq8VrrMZr3omONiXDKTuG4Q+h0rJRuRUYef0wQnlgfcZg8F+Iz+/DMk0SiQRNTc2UlZYe9LXVW6qJxWKMHT+OoYMH9Xiebdv8df5rbNnyKbm5uTQ0NjJ61DGcMnUKjY0NPPPcc+Tm5oKnaWpu5ktnnUVl5UDmvvQilmmSkZGJ53mkBYOcfdaZfLTqIz5csYKvX3ctGRkZLF36Ia2tLVx04YWd90zE47w0bx4tbW2YhklDYwMXnn8+/fr1Y/fu3cx98SUs08Ty+WhtbeUr559PeXkZ773/Pg2NjXztiisAWLlyJXX1DVx80YW8+eZb7Ni1i9ycbBzbIRqP8eUvnUN5RTl1dXU88/xc/D6LRDyB5fNx+aWXAPD0c8+Rk51NMBjA8zzycnIpOqNPZ0BZW1vLs8/P5corLqdPYSHNzS08+9zzXP21q6irq+OlV16hKBXoNjQ0MGb0aCaffDKGkey2EYvFePGll2lrb+P6mTPJzc3lnXffY+VHq5h04olMOukkADZs2MjzL77IOWedxdixYwCoqanh6Wef40tnncnIkSNpbW3lmeef5/prriEjMxOtNX+dP58tW6v5t+uv62zxkEgk+MtfX2Xbju3kZGUTrq9n1IjhnHbqqdQ3NPDUM8/SNxXmep7HwIEDOWbUSJ597nlc1+X6a2eSlZXFm2+9RdX6TzjjtFMpKy3j6WeeJS8vj0DAj207DBwwgJycHP766nx8fj+XX3oJpmny+oIFDB86FL/fz4fLl9Pe3k4iYZObk0NxcRHFxacf9HsshBBCCCGEEEII8VkdmQHqXpQvDZXbDyO33+GeylFvxLBh5OTmUFNTy4oVKxg1csRBXReLx3n08UdRhuKHt9x6wOrVlStXUl1dzYyrriIzM5OamhqeePoZBg+qJBhMQ3uaiy64gIyMDN56exFvL15MSUkxjuNwyuTJDBs2LDmQBmUoQBOLxVi0+B3OPutMlKFQ+2wXVldfz9Zt25lx5RUUFhbywdKlNLe04Lour772NwYOGMC0U6ZiGAbLly/nxZdf5vprZ+KzfF3HUip1T0jYCcaOPoapU6agtebFl1/mvQ/ep7SslL+++irDhgxm8sknk0gkeHX+a9TV11NYUID2PM45+ywKCwuTj6F1Z/i55zYKv8/XccvOClPP04TS0rjk4ovx+Xxs2LCBl1/5C2NGjyYnZ09Frc/nw2f52LlzF1lZWezcuZOAP4Dn6dQ4HqvXrKGkqIgVH61i1KiRyapNkq0wXl+wkMrKys5Qt6ODcGNjI7W1YbKzs1j/yQaOP+5YAFasXMmuXbu4OvUz3bVzFx8sXUo8HkcBpmFw0YVf6fJeRCIRTDNZ5VpfX09aWho1NWECAX+y20Zq77ovn3tOMlBP8TwPv9/Hlm3VrF+/nhEjRuBpjedphg8fztChQ3nnnXfZvnMHl1x0EUbnMwghhBBCCCGEEEJ8MY74AFV8fjIzM/ned/+LWd+9mXvvu4/jjjuWYUOHHvCaaCzGbXfcwbJly/jBD27pDNW6o7Xmk02bGDdmT+DXt29fystKWf/JBo4ZNRJlGDQ2NhKLxQiHw2RlZmJZFgGfj2UrV1G9fXtyWX1hIccdeyyup+lXUcGmzZuprq4mMzOTlqaWLvfNy8ujT2EBzzz3PP0qyhk6ZAgDBw6ktbWV+vp6zjrj9M5l7CNHjuTd99+ntjaMYXQTviVzPSzLoqa2lrVrq3Bdl3BtmBOOP47W1lZ219Zy9llnYVkWlmVx4VcuAKC1pRXTNFm0+B0yMjNwHIf+/fozcsTwzuGVYaDRvLVoEQF/gEg0gqc1SikMQ2HbNlVVVQQCATZv/pQ+fQoJhUJ7fcbgsywGDxrErt276dOnENOyKC4uxnUdIFm5Wl9fx+WXXsoTTz/D7t27KSsrw9Me2Tk5+H0Wi995h2MnTMAyzc4d2D5avZoRw4ZRWTmQV159lXFjx2BZFqs/XsP4cePIysoiFosRSg8xdeoULMtCa42nPV5/YwE+n49YPM4pUyYTDAYxTYvKgWVs27aNYDBIIOgnLRTE89zU8xq89fYiQqEQtm0zYvhw+vfvh2GYDB00iDffXkRpaSlpwTQcx0YplQx9U/+2UiG0EEIIIYQQQgghxBdJAtR/MRd+5XwaGur5+S9+wVcuvIif3nMPU6ZMJic7u0uvzda2Nj5e/TH33X8/K1au5I477mDm1Vf3upmX6zhYVtfXyjRMbDuR+koz76+vYhkGWdnZneGm42ky0kP0KSjEcZLLsyHZEqBfRTmjR43k9TcWUFZWiml2regMBoNcfOGFbNiwkU82bOCFl19myqRJVFZWAnSpAFUqWcHqeS6GAQH/XiGcBiM1tmEYNDe38PHatWzZsoWpkyczevRoamtrO8fZV0eYmJ2VRX5+Po7rkJmR3u15oWAa6aljOrX5mVIKx3HZvGUrmzZvpqS4mK9edFFn+Js8B2zHoaK8nHWfrGf1x2voW1JCPB6nIwmtWreOjPR0tNbk5+WybMUKysrKUCgCPh+nn3oqz86dS0Z6On6/H8MwsG2bj9esYeLxx+P3+4m0R9m9ezfl5eUk4nF8qbDyk08+YfG772LbDuefdy6hUDoKRX5eLoFAANu2sUwTrTWu6zKgf382bNxIwrapKCunobEhVX2q8bQmOzuL3JxcbNsmLS0IJPvEHn/ssWzYtJE3316E53ldwu6Ojz75/a7vghBCCCGEEEIIIcTnTQLUfzGmafJvX7+B4447jtmPPMKPfvRjQukhhg0bRn5eHh6aluZmPv10C60tLUw5ZSr/8z8/YWgvG0dBMgAs7duXtVXrGT9+PD6fj7a2Nqq3b+fM007DMAwMZXD+eeeSn5fXGd7F43Fcx2HUyJEMSoWeHbTWRCNRTpw4kTVVVaxavZoRQ4d1OWfd+vVUb9vGGaedxujRx/Dee++xes1aRo0ahT8QYOPGTZ0bRW2r3objOBQWFlIbrmPnrl2d40TjMbSXDDMTiQTDhg7hpBNP5I0FC6hav46xY8eQm5sMCnfu3El+fj5aa159dT5DhgymqKgI7WmOP/64zs2c9qU9D6UMTjjheLKysmhsbGTdJ+uT4avnkZaWxpfPPYdt27bxwksvU1NTQ79+e9pXaMBxHbJzsrFMiw+XL+eCL5/Hxg0bsXwWtm2ztmodSilefuUvOI7N9u07iEQi+Hw+orEohX0KmXLyycz/299ID4WwLIvdu3cTjcZYu249Ves/IRDws2LlSsrLyxk8eDDrN3zCmDGjGT16NMXFJfz5qSdJJGxCIQ1KccIJJ3QJM1tbW3Fcl9zcZDi6avVqLjjvPGrrwqkl/Mmf7cTjjyeUvidkdl0X1/NAKaacfDJ/mP0ItuMwaOCALp+BEEIIIYQQQgghxKEiAeq/qPHjxjJ+3APs2r2bLVu2sm3bNpqamkhLCxIMplFRUc7AAQM6e3kerGPHj2fjps08/cyzDOjfn6r16ynMz2fI4EHU1dejSVaMBoPBzmu0ToZwHy5bxu7dNcml6BqOPXYChqGIx+KYpslp06cze84c4olEl3uWFBUz75W/EIlE6VtSzPKVqxgzZjShUIjTpp3CvL/8lda2VnyWj+UrVzJ50iTS09MZ0L8fby9ezEvz5pGdlcWaNWs595wvAckANRGPo5Ti5EmTeHj2bBYsWMhZZ53JmaefzkvzXiFcV0dTUzObNm9m4sQT0Kml+G+9vYicnBxc1yEtmMb48eM6Kzg9rdGeRzQaIysrC8dxOsNEz/NwXQfXdenfvz+jjzmGuS++xHUzryEzM7PjwyIWjREMBCjt25eNmzeRn5fHqkiEgsJCtm7dSjQa5evXXYc/4MdxHP706GOs+mg1pX374jgunusycuQIVqxaRX19PfF4nCUffMDYsWM4ZcoUlFLU1dUx5/HHmdLUxEknTmTOY4/zxFNPUzlgINXbq1FKkZubg+d5aO2xYMFCAgE/jutSXFRE3759icfjBIMBivr0YXdNDXn5+bS3teN5Hsmd4DQL33qLrKxsXNchMyODkSNHoj031SognVOmTuEvr85PXZPkOi6ObX/2l14IIYQQQgghhBDi72DecccddxzuSYjDJzMjg/KyMkaOHMGECeMZM3o0I0eMoKy0lPT0/Zef9yYYDDJ4UCXRWIxwfT0DB/TnlKlTCQSDuK6HZZlUlJV1BoodTMPEsiwSiTiu62E7NhXl5QT8frJzcigoKCAUCpEeClFQUNC5U33HPQdVVlJfV099YwMjR4xgwrhxmKZJYWEhZaV9qQnXEU/EmXTiRI45ZhRKKdLT06koK6M2HCYai3H8cccxbOhQlFJ4nkdxURG5ublYlkVZ3740NDVRVlpKUVERJUXF7Ni5k1AoxFlnnE5BQUFngIoC205g2w6GoSgrLd2zYZPWWD4fFeXlnUvzlVL0q6jAsiyCwTTKy8owDIO+fUtwHIdQKET2XhWthmHQt6SEzMwsMjIyqKwciEaTn5dHPBFn4IABlJb2xTAMLMsiJycZUBYWFpCWlkZJSQk+n4++JSUEg0GKi4toaW1lwrhxhEIhDMMgFAqhlCIzI4O8vDwGD6rEtm1qw2H69OnD9KlTKSws7NwMytUejm2TsB1CaWkUFfXBNA0G9O9PVlYmOTnZ9O/XD601JcXFZGVld1as2nYC23EwTYuy0lIM06S4pJiM9HTy8/IxTYOy0tLOql6tNdnZ2RQXF/faUkIIIYQQQggh/plEIhGWLFnC4sWLmTdvHosWLaK6uprm5mYKCwv3+//aX7Tkfik/oKKigr59+x7Se4tD6+c//zn33nsvjz32GEuXLmX06NF7ir2Ocq+99lqv5yjdkYAIIYQQQgghhBBCiCNOJBJh/vz5zJ8/n0gkAkBaWhoA0WgUgFAoxJlnnsmZZ57ZZTPiL9Lvf/97Fi9ezOTJk7nhhhsOyT3FoXfnnXeyaNEiEnutCB46dCi33347ZWVlh3Fmn49Zs2b1eo7swCKEEEIIIYQQQvwzCi/gzhkzmF31dx7vRdXsGcz4uy6uYvaMO1kQPthz//45/jOIRCLcfffdzJ07l4qKCm666SbmzJnDQw89xEMPPcTvfvc7brrpJioqKpg7dy533313Z8j6RVm0aBE333wzixcv7vL1okWLvtD7isPj7bffZseOHYTDYa688kosy2Lx4sW0trYe7qkdMhKgCiGEEEIIIYQQ/7QqqX66u7CyitmzHmHT4ZiSOGgd4Wl1dTVXXnklt956KxMmTACgqqqKdevWEQqFmDBhArfeeitXXnkl1dXVX2iI+thjj/Hwww9TV1fX5ft1dXU8/PDDPP/881/IfTuFF3DnjNlU7fe9Gdy5z4t+UCF/1Wxm7DveESH5y4MZ+/65cwEH9buHAwkv4M6D/CXGsmXLqKuro7m5mWOPPZZTTz2VU045Ba01y5cvp7m5+R+dzVFBNpESQgghhBBCCCH+iU2eXMGi1WGmT99rk+CqJSycNo1pCxfu+V54AXd2CVUruebe25lemDr2vzC54hEeWQhMu4VbutwlzII7Z/HIpmncMmcmwzu/7hjqGu69fTqFVDF7xj0sBJg1g623zOHcXXcya+sl3MI93JOazrRb5jBzeDcPc6A5dnO88pp7ub3jYNVsZtyz53l7vMcR5Pnnn6e6upobbriByZMnA8lqz8cff7wzIO1Yuv+Vr3ylc/l+R5B51VVXfa7z2bp1a6/9Il944QUmTJhAv379Ptd7dyosoYJHWFI1k+EdP7+6rWyqrKRy0WrC06eT/IlXsWQhTLvlCP8h96Lre5r872rW7BLmHKKXd9GiRUyaNIkf/OAH5OXlAXDzzTdTW1vLqlWrmDRpEtnZ2YdkLoeTVKAKIYQQQgghhBD/zI6ZSMWi1V2q1qqWLGTaxIl7vpEKHitumcOcOXOYM+derqncxCP/u1e126ZHWNTv3uTxLuFNKiytuIU5e4Wniyanzp0zh1sqHmHW7CpgODPn3MI0Krnm3r2CoYX38HTH2PdeQ/U93Szb73WOyaraPcdvoeKRWclxqmYz4x64JTWf5D0Oto3A4REOh3nttdcYNmxYZ3i6detWHn74YSKRCOXl5ZSXlxOJRJg7d27n8vnJkyczbNgwXnvtNcLhz/cB58+ff1DnfbFL+YczcRpU79rzbFVLFjLtkkuo2LSVzrrY8C6qmcbEozs/3Uch0y+ZBguXHNKK2enTp+Pz+bBtu/PPhRdeSH5+/iGcxeElAaoQQgghhBBCCPFPbTgTKxaxujNvqmLJwn2CpcLp3D5n70q3Qo6ZXLnPOJVMPqaQfVXNnsUjXMO9HRdXzeMRruHGvSpeh8+8hWkLn+45sKzc6/zC6SQzon0iol7mGF7wNAsrr+HczuPDmTlnDjOHh1nw9EKm3TKT4XuNdeM18Mi8I2/hdofly5cDcOaZZ3Z+r7CwkDPOOIMzzjiDu+66i7vuuovx48cDyaXWHTqu6Rjj87Lvsv2eVFdXf6733VdBv0o2be2YS5hd1ZX0KxjOxGkL6Xxt6rayqbIf/5+9e4+Pqrr3//+eySTkQrhMCAG5DYUgweLjEDwCMkCxqO1XT72cXwmXcyy059h+kQI/03LKUQpWPfRLxS9Upaf9tQ85fEu4nO+pttVHxVopJAoo4KlWEBBJIMgtE4RAbnPZvz/23DOTTJKBTOD1fDxGzOy19157r73X3vsza63dL5DqrScT6gYfP11kl/pQgP+83nryYT351luh6U++pfP+YQVire/QS2Fd8js7wO+hlyK6+AeHMWjRTb9j4wl/+ctfltfr1blz59TY2Ci3262amhpduHBBTqez1SCq1+tVY1OTGhobY36awl5Klerowg8AAAAAwHWuaOJQbQt04z+0RzumT9R8SXtapAzrYi9JI6a0vuAdq7RK0oh5YxXsRX/6hHRsh0of3hCVeITmxVvO0IEKD832GzZCKj+t8xoYI3HsPNZUHZOGzlTLEG+Nqo5JO1Y9rB3Rk6bH3bIuV1VVJUnBMU8ls7t+eLf87du36+OPPw5OCwjMk+wWqIF1teVqB1Dzx07RiA17dGh+kYrOf6hyTdGCfEnDRmjHnkOaX1Sk86dPaMSU+8zj4dBLKt0wVMs2rlCRzABmzG7wcdP101tPrtKJeWu08c58f4vmJzUsbPiIYxuqNHPjRs33H5+l6+dpzcaNyve3nH710J2aX2QGaFedmKc1G+9Uvr+19pNvhQ010SrzxwBNX+b/MeCQXlp1QvPWbDTzceglPbzqVR26M+zHgk7YsGGDbrnlFr333nuqqqrSgw8+qJycHFVUVOj999/XAw88oNdee01Tp07VTTfdFHMZn1+4oMbGxpjTevfurR4ZGUnI6dVHABUAAAAAgOtd0UQN9QdWtGeHpk+cL0V0Ag4FJUf4g0Tn33pSpW31xB4xT2sWSOtL1+utsWFjkQbHPE2mDubRrzuMeRqurdaea9euDbYwHT16dMzxTq92IDOeq/UCq6D8gRqqcp0+LxXVVOnY0InmsTZ2ikaUn9Z59dOH5dKUBf7RUPfs0Ih5a4JBxaL75mlEqT8AG7bYQ3vCg5NS0fyN2ihJ599S+bERweWp6D7NG1HqH1vY/GrEvPv88/XTsBHSiCn+HxXyB2pocA3n9WH5MU2fucJ/bphd8jdsCx+7NVKLwP+IsNbeKtL8jStCSz99QgpbW0d99tlnevXVVzV8+HD1799fo0eP1meffaZNmzYF0zgcDg0YMEDZ2dl64403NG7cOI0ePVo9evQIpklLS1NOTo68Xq/cbnfEOnr06KGsrKxO5/VaIYAKAAAAAMB1r0gTp6/SnkMTpR3TNXF+1ORDe7SjI0HPoQOVn1+kmdM3aNX6tzR2xZ3KHzhU8o9FmfCyTpzWeRUF08dsTdpGHkOtVouippsBrfLT56Wi5IZ0r6Z+/frFnVZVVRUMns6dOzeim78UCmAOHdr5YFr4Otub/qq9SEpFmjj9mPbUBMbz9R/Q+WM1Rev14fmBqjo2VBPzJbOLv3RsR6kiG0WPMAOwwb/NdCOmxNjvNVU6pqGa2enDJ15r6Olxz5fWA/+RL2sbMSJ62I2Oee+99zRu3Dj1799fVqtVd9xxhyorK3X69Gl5vV7l5eVp+PDhys7OVm5urnJyclRVVaWbbrpJ+fmRW5GTk6PGpqbIAKrFouzs7Ihga6pjDFQAAAAAAG4ARROna8eqVdoxfWLs7r3hL+A59JJKNxyLlSr2sucv0/RjG7T+rfP+1nk7tCp8sMVDL+nhh1+K/+KbYxsUHI70/FvatmOE5t0XI5et5DH/zpmaHr6c4NiU0p0zp+vYhvVh40EGpqXuW6QCwcfwsU0D8vPztXjxYi1evDj4ghvnWfgAACAASURBVKlwgXmig1mdkegLpDqavr36DRuhE6cP+cc/DXybr4FDj6nqw9M6ETzO8zVwqL/VcuAlYhs3auPGsBbTYelCY6tGrEwjdEKnO324mMH86cs2RuWlg13uD72qDcemB1+OtmJmcgLmn376qXr16iWfzyePx6OsrCwVFRXpzjvv1F133aXi4mL17dtXhmHI4/GoZ8+eOnv2rBoaGlosy2q1Kic7WxlhXfWzMjOVmZkpi8WSlPxeCwRQAQAAAAC4ERRN1HRJ02O9lrxovpZN36FVgZfRbBumNcumS8fCXz7V6sI1f1kgSJmvO1cs0/Qdq0Ivt1klLQsGiczWgxtKwwKYI6ZL2/xpSzdo6LLo4FYieSzS/DXzdGJV4IU6pdowdJk5tmTRfK2ZJ20oDU0rn5LouJNdI/ByqFiByKqqKq1bt07r1q2L2TK0vLw8YhmddejQIVVUVLRrnoqKina3Wm2P/LFTpKo9qtIUhb/brGjidJ0oL1dYVFVFE6fr2IZXFYrRPxkzoF80MfIN9+ffetJ8AVT+WE0ZcUzlgZPh0KvacCz2S9XayLXGThmhHdtCL5U69FLrL7VqWyCw6x8fNbiqgRqq8DzvaTkGcAwXLlyQxWKR2+1Wc3Nzwh9Jqqura9FVX5IyMzOVHgigWizKzMyMCKh2B3ThBwAAAADgepR/p1ZsvDPsC/Ot9PH+Lpq/URujuvaHJkcvK2x8yNAXYenNZUePFBBrXeffkqRhum9FrPTtyaNibHP4pBWKMykl5efn6+6779Ybb7yh8vLyiJam4WObnjhxQkVFoaB44MVSd999d9JaoK5du7ZD861atUr//u//npQ8tJA/UEN3bNCO6csij5t+w6RjJ0LjlUr+APqTKn34Yf8XIzRvTYxWny3STdeyjeaQEXeuWKaqh0PDAExftrFlkD+RbN+5QsuqHg57yVpoHe3mH4t1Q+nD2qARmrdsnkas8o8Nm1+k++aNUOkGf56nz9O8EVJbIe0LFy4oLS0tZiC0NVarVVeuXJHH41F6enqLaTk5OXI3N8uWnt7tWp9KksUwDKOrMwEAAAAAAG5M5ougplyFl051f/X19XrmmWd08uTJFmOdBlqmRn+3adMmDRkyRI8//riys7OTko9f//rXHXoh1dChQ2O+3Aqp689//rOOHj2qcePGyWZLvN3lwYMH1adPH91xxx3q06dPzDQXL15URkZGyr08qrS0tM00tEAFAAAAAABIQdnZ2Xr88cf1zDPPaNOmTdq/f7++8pWvaPTo0cHAaX19vT7++GO9/vrr+vjjj5MePJUUMwhaVVUVMeZlVlbWVXxpFK6VK1euyGq1yuv1tquVqNVqVWNjo7xeb9w0vXv3TkYWuwQtUAEAAAAAAFJYfX29Xn/9dW3fvj0YtAwESOvr6yWZAcx77rlHDz300DXJU6C1a0B0C1l0T0eOHNELL7ygpqYm9ejRQ9nZ2crNzVVOTo6ysrJksVjU1NSk+vp61dXV6cqVK2psbJTP59PMmTM1adKkpAbvr4VEWqASQAUAAAAAAOgG6uvrtX//flVVVQW71A8dOlTDhg3T+PHjr2ngqr6+Xr/4xS904MABFRcX65FHHul2gTNAIoAKAAAAAAAAAHElEkC1XoN8AAAAAAAAAEC3RAAVAAAAAAAAAOIggAoAAAAAAAAAcRBABQAAAAAAAIA4CKACAAAAAAAAQBy2rs4AAABAexlXXGra9YI8lXtl1F9oK7X/X8vVztZ1wCJr74HKuv9/yZo/sqszAwAAAKQEWqACAIBup3HHWrkPvt5m8NQwDJmBU4KniTHku/iZ6l/+XldnBAAAAEgZBFABAEC34zm+O6F0hE07xqg729VZAAAAAFKG7cqVK12dBwAAgPZpTvD+xUIItaO4RwQAAABMNrNrGwAAABDCPSIAAABgogs/AAAAAAAAAMRBABUAAAAAAAAA4iCACgAAAAAAAABxEEAFAAAAAAAAgDgIoAIAAAAAAABAHARQAQAAAAAAACAOAqgAAAAAAAAAEAcBVAAAAAAAAACIgwAqAAAAAAAAAMRBABUAAAAAAAAA4rB1dQbiOlKmBWsr5Jj9lJZOyWs9ratcq5fv1qSnlqqtpEmd9xpwla/W8s2VLSc4ZuuppVNkZvmIyhaslZas15xRgXkGa8n6ORoVd5nxp199R1S24BUNSdF9fs24yrV6+WbFKF2Tc4nW33M2pY/P9jGP04pYk5xLtH5OFx2NZQu0Vub6XeWrtfzkA12TlyNlWvDKkLDz+ppnQGUL1qo6bp3b1vTWFl0ms4pKtM4JO1Yi6roU4b8+teTsZL2a4tvdjaXPfEOZQ3JbTqh9TXUvPZ2UdWTO3610xVveE8ouvVf66yTVb0/K6totfeYbysw/qsYXH5W7C9Yf934mqv53la/W8t2TrsLx71L56uU6+YB5r9T9JbfObs9+79JrZbcW7z7IodnXxX0eAADXtxQNoLpU/kqFnE6nKjZv15EpVzHQlzdFS9dPuVpLT44YwaUjZQu0fLXi3+g6qvXK6nJ9K3r6kTL/A8zgq5dfJCbi2Iv3YDcq9Y/Pdon1kGA+UKwe0oHAXBKMmrNe66/5WlPY7l+prGBp1HHoUvlq86HPcS3ycGSfKlI9gBgjf67y1Vq+oKzjQdTusN3dWYtgaYmyHl2i3PlKWhAVbWhxP2Ne+xaUhb7Pm7JU19Vl72pLUp3Nfr9WWt4HucpXa/nyMhV0WcMGAACQiNQMoLoOanelUw8svU2qWKt9R+ZoVNQdxZGyBQo0AHI4neFTzNaNSyZp91p/6z7HbD21tEDbg7/6ht28RLRA9c87e7A2bw78PtzZFkVXx6h7Zsux/KRcUpwH7UmaNHi3DrqmRNykHdnnD0zHbAaYQqJaeDmXRAYWw8vfn8B8+IrV0s1VrtXLT+oB/3eRrWBS/Ff/8ONT/u1YIq0NbHywlWqgJWvU8drGfkwNo3TPbIeW7z4o15RA4Mh8qA4VU1RQKar1brCluqtcq38lTRq8WZsrJDmX6Kkhr0S1qolssR1ogfrUkFf8x8VaLag21+cqW6BXhizRpN1r/Xkxj5eC7WH1T0TrnqjWJWHBArPFziTNrt4c3K7gvGHltHzByS6tcwZPmqTqfUcUUem6Dmq3nHI6KlQtxW65345WpkfKFuiVIbM1ePPm4L5yRrSgN3fQ8gWb/d9HHQ9d2GK5NXlTHpBz8ys665JG5UltHQ+/0qTgPrjtTof2vRW93dH1Vfj5fURlC/ZpyOxqbd5cKTlm67FJu/XcyQe0RGsVqiLW656zYcuI2HdR+1Xhx3MC18N452Ewf7G3PXVsVcOLhcouvVfZ9zztbxlqBlVtmaFUxsm1urxtq/lH8YvqOb1YlljTJEm3KLt0t9L8f3mjW5zetFm5pf6QVuOBqNagZivVwLzRy86cv1vp9rBlhQWEM+fvlvXKAVmHFMuiOnl23K2GA+HLq5O3tv176OrL05SlS3RywVqV3RZ2zPvrbEWdJ7HPi+jreKxjLy90rK9dENYqs5W6Jfp6Mnas9GHviHPg6rWWTVxCdXZAi9bzoXM6er/Hu16F9n3oWpmn1sokgbqkrXzFu3YGNre146Eb3AfljZkkh04G/w7vGSMp8prrit0DwjH7KS0t2B5/Wsre6AIA0H2kZADVdXC3Kp0PaJRGSU5p7b4jmhN2Y3ikbIHWVs/WU+unKC9w8yuHJgVTVGrzK5P01Pr1yvPfSC9f4NDsp9ZrfZ5//u1HNCXmHVSlNu8OzGsue23ZbSn44Ne2MbcN1q8OujQl7IF2X4VTty1RagdQg4GY9ebNtatcq5evVrn/hjiy/APpAw9ft8mpyKB76HgKe0BYvzQ0b7f61b9Ca/ct0fr1c/z7Za0WVDj9+8o8Xl8pvycsKBd/P6Yuczt2T3pK65f6Q55lC7S8rMB/Hh5R2fLNGrxkvZaOkvn3guUqK1ivOXmSKjeb8673h2LLE1tr3pSlekqR3RJdkio3v6JJ4XXH8gVyzPYv/0iZFqwNtJIPBWbXjwptx+rysAeXis06GZh+pEwL1v5K5WOWasqoOVq/RF3chd+vYIwm7d6uI2YNLMk8hzTpAQ3Z7X8YzxujSY7N2h1WvxzZZw65kuh5VLl5d3C/uspXa/naMt22fo5GTVmq9QXhwxn46/jBS7R+6SjFarGWmto+HsL3gSR989bIYRxCw60sDdVfES1cK7T55BKtXx8Iyu42f3Rcsl5mFbFay9cuUIXTn8ZVrtXLX1H5PUs1JS96vwbW5z8m86TWr4etnIejEjgXUsbT8tXeK1vvEkkyg6f1r6nuRTMwaXb9/5ayireaAcnpxfIFg6JPKLt0ibLv2RoKktrzZOyYpLoD/nm/uFmZ22er0T85zS6510xSo8ygZ+ajL0ovPiq3P3hqPblWddu2Bpfdc6Z0edtWM3iafUCNa/wB13s2K/eL4YFfKW2IPbhsRS/PH/gNZiSljNJtTumV0C8PEaLPk9av42bLy+rZT2l9WIB0dflTWrr0KSmip0cCdUvE9cQ8rkP3Fy4d3F0p5wNLU7/OlvzXnGrNfmp9WGBzbfx73HjXq1jXyjbvrVqpSxLJV7y85MnfsypUT0asu5vcB7kO7pZmfyux6+eoOeY9YGBe/3XigSl5klqbBgAAOstqGIZS63NY2zdXyjm+UIZhqPDuWXJUvKJdNaHp+yok5/1O2Q1DhmGX85uz5JCCy5DCpxdqvFOS83457eb0wvFOqfqMasLSx57XrqKJjoi01/4jSdHf1WjXrzar0jlehWH5VvQ8heM1ePdHobwf3qcK53gVBpN3XTnHX3+Ndr1SIefi2cFtM+xOfXOWtHn7YbP8Zr+oF78fKCNzO53B7TfLu2Lf4eDyPtodOJ4Oa/tmadY3w+edrcXOCr2yq6ZL94dhGDIiyjD2vpIcmnV3oX+/FGmiQ3LMutu/r8zjtfJkTUL7MXXK3TznHROLzHI5vF2bNUvfdNqDaQpnL5bTXw/U7HpFFY5ZurswMH+hZr/4omYXhvbRxCJ72PJbnkMR54vCp0elVYy6Q07dH8hb4Xg5Va0zgXw5FwfzEaibtHm7DgeWHZ7vwvFyqlIna+LnsyvKR4ZdRROrte9w4PsafbRb5j4N7jf/sRasXw5rX0X0fg//RNU5UfvVXjRRDv9+bLEvDm/X5kqnFs8ujNivkdeFa/2JXVaHy9aqwjFRRfZEjwczbezl+q+FYeew3flNzXKE6itJwWtlcP6wY8zcr9F1RuCYs8v5/Rf14uzQ/Gb6xK6HrZ2HbW97Eo/XJPBeqZMlp1Bmi9RJEd353Z8cVfw1Pa36NVEtTGt3qeFA+Lx5shSHreuvoWBq418OyMgslK1YSp85VWmNB9QUbHH6tOr/WinLkAeUKanxpUmqC2+tuv0jeaOzU/tRKD56zy1KU6U8geUdeFRNJ+sS2h/hrsV5YxiG7IMD167odIo6T9q4jvvri2Ad7T/Ovx/429yohOuWyOtJ1P1FzUfaXenU+ML27ocknwMJ1dnmfnrxxe8H693g/XHM65/acb1q+95KauXeOpF8xc2Lea8Tug8KLG+2ClP2PqhSm5cv0IIFoc/yzZVhx78RdV8SKusWy6vZpV9tlmb9KGwbE5nGhw8fPnz48GnxSUTqtUA9sl8Vjln6UeBn2LwxmujYoj2Blk6us6qWQxPDf0zNK2hzRE/H4G7862vFOj0a3WLUMUs/mt3Wb9WjNH7wb4Pd+I/sr5Bz/GxJ+69SRpPBpepKqWLdoy0H2XdGpSz/iX64pbLF5FHjndK6/Toye5RGuQ5qT6VT94+S/9ipVMUPH9WWqEU7ZiV3K66lwQWxju3E9+O1VaktMff/j/R9fwsJ19lqqbJCP3y0RSrNkuSqrpQG3991LX4cg2Ou22Xu8Jbnatfu8A7JGzNR1W/4u4S6DmqPJuqbedLBqDSOLdXmMCKus6p2TNTdV6FQXGerJcfEyH2eQJ1/1VVuiXGMOrX4RbP16JHOHg+xrnXKU0G7N3ywYlYRYY5sflTrgvl0aGIi2WvlPLwezoXI7vKBwOPTcp+cqswv7lbuF9WBF1DVyTgf9ueB0/JNL5YlX0rLyZXqT0e+3Ol8rQzZI5YQ/TKsFkHUQLreeVLj0Yjp7osuZea3I7upqI3reMz6Iu6i2l+3jBrvlH57Vi6NUp6rWpXO8SnReyWROjvIVa6f/HBL6AWWnT0tk3Vv1aF8mfc6g+/vTvdBDs360fcjW8Ae2axH1/1W5Xd/vx0tY49o8w+3SLN+FGOe1qYBAICOsiUaab02XCr/bYVUqZYPppVv6IhzlgqN8F9hI5NEfhc1vUVUOTLSHG9eI/xX9s5uXgcYhiTnYr0wqzDmxMg8mfkOz3Ph+MFa98YROWdJ+yucGj/LkHE03vzXVqwyDHAufkGxN9mQq/xZrdhaKcmpxS98T4U6qi0L1ylYboXj5dQ67T8yS/Yze1TpvD+spa5DJU9+L+YNZdeeC0ZYi4Pwr8OOT0Ufqy3nif63tf3YNSL3/9EtC7WuItRayMybJEeJnvxerK7shkKHb4xtiHE+xz+HI/d15DxRKWPVHbGmt3KuuhLKR9fVNSGGDHuRJlS/pF0139OYg3ukCfPNlkNSqC61F2mCY0vwPItIE3fRcfZb3HrYkFqpg1urQ666eMdoeD47fDzEuzaFrSOR61XYhGBdETaPef75t+WFKcpzlevZFXsTuh6GshK3Ek/wutVxlraTJCQtJ1fGFbNmCQZOG/3d5YtfVM/poe1wb7s7ogt9bum9McZBTb5Q4LRS7jV3q9HfRf9qS+a1Il79KplBd8cguyKub7HO/zau4+aQLfHq0cjjv7X7u9jXXJn3F5W/1Uc1Tg3YXyHn+FldfO8gJVxnu8r17IqtqpR5b/C9Qn8dILW938PXZUSVZZv3Vq6Ief1ZCi2/Hflq/doZe++k3n1QjHq98C6VOFZoz0c1cobtxPjXSJfKn12nCudivRB2/2RqbRoAAOgMa1dnIILroPZWOlTy5At64YWwz5MlcqhC+49KyhugwarUqfCXIbjORA6Sj5DC8XJW7NfRo/vN7vtdnZ822TXIIVWfccWZ7tLBvZVyLn5BL7wwK872+LvZ7S830473p4p17Fy32tqPqaFw1pMqcVRo3bPlCuQ0b8BgqfKU4hWT3dwwpdqWpWq+OiZPYyZIew8e1cG90oQxsZqw5GnMBIf/PIuXJgk5iXU8dIM6v9PHQ8z6yqUzSdvwo9pf4b/exvyxonWtbV/3OheekNUu+S5u9f9/nTw7orrLx7J9turWTFLjyTpZ8qcqPaF15coS3gK0eKCs/lap3it1UvbAyOXk2/1B4hLZ8nPl/esk1a2ZndAwpu6LLinTHnwhleRvlZqSjmp/hTR4QAL5a+M63tb1o820bdYthRrvrNTeg+Xmj9Ipc1PVdp3tOrhXlc7FeuGF2AHFjq+6c/dWnctXa/c63eM+KFxC54AkV/lL2lrp1OIYO6y1aQAAoHNSKoDqOrhXlY4JanHflzdF9zuliv1HJRXqrhKHKn4bCLi4VP7SVlW2WBpMhRrvrNC6dRWhQGJKy9OU+52q3PqSyoP3vC6VP7tQz4a+CLsh9v/SHrWUwvFOqWKrtlY6NCjYA9J/7KzbEmzFKB3VloULteWorjOJ7ceul6cp80vkqNyqFYFCKLzLDKqGF8rRLVq40Cy3vCn3y1m5VX8MTm59u8yH5L066J/sKv9ty+58ydgSf75eCsuHq/xZLQwLDncneWMmSFvXaati1MlhaRwVW1tN02ktjgd/ne+8P6W7Jnb+eGhZXwUejO9P2oaHBz2OasuKxK+lrZ2H3edcKFHWo/cqrfa1sHFMw4Oc5kujQi1dn1B26W5l3xOa35afK+P8rtaDrWHSRr7oD5KWKGtSsSz+MVPd23bJm1msHjNLQuv6okPGyVeCAVNr78A0f75bW9H2V+RpdMgWWF7xi+oR1vU/dYRayyUW72njOu6vL34bduwd3bJQC2Nd5DtYtxSOd6py69aU+1E6kTo7/IcNV/mzYUN3dEYS7q06nK/Avc4fQ+t2levZhc+q3NVd7oMkHf2jtlaGAvL2QQ6pYn9wm47+MaxuPrpFK7ZKJU/GaETQ2jQAANBpKdSF/6je2FopR8m8mN1ARxZPln76W5XPKJXTWapF1d/VioVml7nJJSVyVO4NDZQvRXRxbNHtMFbXyHjzBid3URf+sLy1lio839F5Hlk8WaqQikf6tyuiW3hXMGSoUltXLFRkp0eHSlaWyjmyRCtL1mhl2HRHyUqVOu0yDMk5r0R7V66Qv/g1edFKlfxupbbuO6KSkf5bxpHFmqwKve2Y4H/5hPm13X/srFsYujufvOh5zRoZv/vXtRGnu2748amw/zdizxNxvLS6H7vmaI4+vyRJdqdKF1Xruz9dp2cHrVSpM0/O0kWq/u46hYppshY9P0sjDUOGRqpkZYnWrFyohcHJi/S8065QT8GwdYws0aLJ39VP/fvBUbJIJY6fqjpwvoTVD/aiCXJsXaeFFeb6wrsxBpZr/hPVJdowZBiBfIWOTTlKtLLUfHFGKGux5pV5zFb+VCsW7jXPg2seHIzKj71IExySJvhf7hU6GEP7o0WaeIuO3G8t6+RQupZ1lF3O0pXSmpVaGCjwyYv0fMnIruuamFAd2t7joeVy7c5SrdQarQxtuBY9X+I/DxK4XrXo+hpeZ4xUyaLJ+u66hf4fFBwqWblIk1f+VHsP1sjpbGv5rZyHhr3Vbe+yLvx2s8t9OCP41nvJfHHTLcoNjHGqOnl2vCbv9HuVNrJEOhA9XeY4qAl336+T57xdmaW7lSmZwwQEx1B9WvVrpOzSJcotXRLMW2BogIbdU9Vzemia969r5Rm5RLabnpAUaxzWrWp4sTBseZXynKyTrZ1joCa1C78kVYTX6yZHyUo978wLriv8OAvPR+Cv1q/jdv/1I/rYGynDkIomOLR13UJVTF6k52cVtl63RNdLAf77CxV3YR0kqb11tt05TyV7VwbvnTV5kVaW/E4rt+7TkZKRwdF2Y+/3yHVFXysLWy2T1uuSvHbkK/a103+vEyxEc91OuyHDnor3QfHvf0cG635znwT25+RFizS54neSYejIPvO7FsuYvEiLFH/a87RIBQCg0ywXLlxIlQgqAKBbcalizQZpXlcEfHGjS/vVV7s6C9c977f+0NVZSEFHtXXRARX/tIRWfgAAANeJp556qs00KdQCFQDQrbgOaa8m6Bv2qBZaAK4L3CPGcHS/3r6jWDO7rBcPAAAAukJKjYEKAOgejm5drMU/2qsJ35jc7hcQAUD349Lbzy3W4hekhSW0PQUAALjRWFwuFz+gAwCAbiX9pXvbToROcc9/rauzAAAAAFx1zzzzTJtpaIEKAAAAAAAAAHEwBioAAABa4B4RAAAAMBFABQAAQAvcIwIAAAAmAqgAAABogXtEAAAAwMQYqAAAAAAAAAAQBy1QAQAA0AL3iAAAAICJACoAAABa4B4RAAAAMNGFHwAAAAAAAADioAUqAAAAWuAeEQAAADBZLv3vqdwdAwCA7sXb3NU5uP6lZXR1DgAAAICrbuXJ29pMY5PFcg2yAgAAgG6Fe0QAAABAkmSTp6mr8wAAAIBUwz0iAAAAIImXSAEAAAAAAABAXARQAQAAAAAAACAOAqgAAAAAAAAAEAcBVAAAAAAAAACIgwAqAAAAAAAAAMRBABUAAAAAAAAA4iCACgAAAAAAAABxEEAFAAAAAAAAgDgIoAIAAAAAAABAHARQAQAAAAAAACAOAqgAAAAAAAAAEAcBVAAAAAAAAACIgwAqAAAAAAAAAMRBABUAAAAAAAAA4iCACgAAAAAAAABxEEAFAAAAAAAAgDgIoAIAAAAAAABAHARQAQAAAAAAACAOm2F0dRYAAAAAAAAAIDXZiJ8CAAAAAAAAQGw2gyaoAAAAAAAAABATLVABAAAAAAAAIA7GQAUAAAAAAACAOGiBCgAAAAAAAABxMAYqAAAAAAAAAMRBC1QAAAAAAAAAiIMxUAEAAAAAAAAgDgKoAAAAAAAAABAHY6ACAAAAAAAAQByMgQoAAAAAAAAAcdh8RFABAAAAAAAAICabjy78AAAAAAAAABATL5ECAAAAAAAAgDgYAxUAAAAAAAAA4rD5GAQVAAAAAAAAAGLiJVIAAAAAAAAAEAdd+AEAAAAAAAAgDpuPt0gBAAAAAAAAQEw2W6/+XZ0HAAAAAAAAALj2LredxGIYNEEFAAAAAAAAcOMpLS1tM431GuQDAAAAAAAAALolAqgAAAAAAAAAEAcBVAAAAAAAAACIgwAqAAAAAAAAAMRBABUAAAAAAAAA4iCACgAAAAAAAABxEEAFAAAAAAAAgDgIoAIAAAAAAABAHARQAQAAAAAAACAOAqgAAAAAAAAAEAcBVAAAAAAAAACIgwAqAAAAAAAAAMRBABUAAAAAAAAA4iCACgAAAAAAAABx2K7GQi9evKhLly7J4/FcjcUDAAAAAAAAuEHYbDb16tVLvXv37pr1J3uBFy9e1OXLl5Wbmyub7arEZwEAAAAAAADcIDwejy5fvixJXRJETXqE89KlS+rduzfBUwAAAAAAAACdlpGRIavVqosXL14fAVSPx6O0tDQZhpHsRQMAAAAAAAC4AaWlpXXZcKG8RAoAAAAAAAAA4iCACgAAAAAAAABxXJWBSum+DwAAAAAAAOB6QAtUAAAAAAAAAIiDFqgAAAAAAAAAEActUAEAAAAAAAAgDgKoAAAAAAAAABAHXfgBAAAAAAAAIA5aoAIAAAAAAABAHCnZAvXolu/qp2/HmGDL1aDCCbrr7+/S+ILsTq0jPpcq1qzUVpVoZalTeZ1O19X8+Ry0SM/PKuzqzAAAAAAAAADdylUJoCZHlhwTijUoLIcNZw/p0NE3teHpvfrgf0dKpwAAIABJREFUn3+g+bf26rrsAQAAAAAAALjupXAAtUATvjpLzuimnfUHteXpn+ntl/4/FT5R2nI6AAAAAAAAACRJSnbhN/z/NQxDLRaVVaSSf56mA8/t1O92HNfkv3f4J9Sreu9v9Js/fKjK2gZ5JNlyB+nWr87VTOdgBTv811erYtsm/eGDU6rzxEoTWKdb9Ufe0Natf9Chcx7Zsvrr1r+bFzOd66P/q5f+421VNUhZ/W/V382bKefgyCEG6qv36je/+Z0OfFInj2zKHVmsrz30kCZEpEtkG1yqWPOktg3+hr5r+4N+tvOclHu75j3+D7o1W7p08L+0YdPb+qTOI1v/Ys39n3/nz6fBy70AAAAAAACAdkrhFqitcDg1w75Tv/+kUi45lCfp7B+f0+rf12rQ7Q9pbrFdWXWn9Paf/6AD255TQ9ZK/c/xvSS5VPGz1dpWO1LTHvqGiuxS7YE39Zttq1XteVxPfKkgtI5Tv9NzPytQ8UNz9R27R4d+v1U7tz0n9fpfmndrekS6n/2yl4q+NlffyW3QgTd/o22rj+rUd1eqpNBMV390q555/m01DLpdD32jWHbPJ9r5hz9r0+pDqvzu4yopNEOjiW2D395N+lnBBJV856ty12bJkS1d2v8zrfyPQ9KgaZo7t0j6ZKd+//wG5V79EgEAAAAAAACuS90zgKpc2QskHTqrWkl5qtQHb9cpd/L/1GMlhTLDlmM0prhAG/7llzrwyVlpfC/JdUh7q6Tbv7NIfz/Gv6gxRcpqeELbPjgq15cKQi+D8tj11cf/RXf5Y6pjCrNU9y+/1IEPjmrerWNCWfHY9dXHnwilG1+ogqef0e9/t1czSp3KU6X+8Mu3VTfsIa0o/ZJ/+WM0ZkKxfvf0ar259V196YkvqSDRbQiut0hzv1ui8cEGrJX6r22HpGEz9XjgpVZjxmjsyF/ryX+vSubOBwAAAAAAAG4YqdmF3wj9T+xFZSm3rxTs5q9hmrHix5oRmCeQzHaTRg6SDtTXq9kwlJ6bK7tNOvD7LSrK/arGDu6ldGWp+J/WqDg4r3/uQZM1rn/Y+gPLOlurGsNQXiDdyBm6PTyd+mvc5EH6/ct7dejiZE2u3a93G6RxM+6QPTxvGqRpM0bqzbI/64Mz0zSjIMFtCEwZVqRhWWHrPXtUHzZIY2fcHrGerKIZmmF/V7836MIPAAAAAAAAtFc3bYF6SedOxfrerXrXWZ06d07njh7SBx9+qE/OSVKdLknKS79Vfzd3rKo2vaP/+Mk7ki1LdsdYzZgxQ+OKChQxaqktPdYKWupvV6+or/IGDZP0vs7WSnK71SC7Bhe0XF4ve39Jn8h1SVJw9IA2tiFePi65VCu7JrdYT67s/RPbFAAAAAAAAACRumkAtVZnz0kaNlh2/zeuA7/UC5s+VK355iXZexVo2LjbNfb9nXo/bM684n/SiuJLqj70od7989s68Mm72vbv7+o3w2bqXx+bHD9A2W5Z6pUlyZ34HIluQ/uky5bV4ZkBAAAAAACAG1pKduEPLkdxuvBXHtC7DVL/4hFmd/VL76rsPz5Uw7iH9cM5xbIHG2Ge1Zvv79T7MiK7xStXg0bfoQdH36EH5dbZnS9o1cu/187jd+hBh/zpoudp+b0hSbWXVG8YCo9R1p6qktRffXMNGfXpylKtqs82y+gf2Tr0Uu05SYNUYDdkXEx8G2LmL9cue8z1uHS2StLo5JULAAAAAAAAcKOwdnUG2q3hkLb9aqcabKP1lXH+fu/nKvWJpLG3hwceJZ16V+/Whv50H3pZP1q2XC9Xhi8wXb1yozvht8PHOyPWoYZP9Oabp6SRxRqZJckxTrdnSe+/+Y5qI2Y8pZ1vfiLljtZIe+LbEFdBkcbltlxPwyc7tTOR+QEAAAAAAAC0kMJd+M/p3de36VRYDhvOfagPP6mTR7m6Y+E3VByIe/YfqdG2d/Tur36irJn3aXRug2rf36lXD5ySO2z+9JFjNdq2Uztf+IkufWWabh+Uq7pT72jn6x/KNuzrmuboQDZza/Xmv/1Epx78ssaln9LO13fq44Zh+vqc2/1jozr0lW/doQMvvKx/+8kpPfjlcbJ7PjHT1ebqjoUzNKgd2xDfIM34xh16N2w9WXXv6NXff6i6DmwWAAAAAAAAgBTtwm/O3aCqd99RVdj3tsy+GjbuXn35vhkqsoetJ3ecHl5Sr//c+KreLvu5dtoy1XfY7fp/vvdt2d/5kda984mqm+9Q3/QR+vqyR9V348va9XqZ3vePNTrijke07MEi9TUMc9gAfy6MiC780d/7/x47W0tGvKef/2eZ3m2UMoeN0z8+MkfFfUPDD2SO+LqWfW+YXn75Vb288V15ZFPuiDv0j498RcUFmeZ2JLwN8fIXWM9N+s+N5nqU2V9jH/hHjXvv/+hP/vQAAAAAAAAAEmcxkhxVO378uHr16kSXeAAAAAAAAACIcunSJQ0fPjypyywtLW0zTfcbAxUAAAAAAAAArhECqAAAAAAAAAAQBwFUAAAAAAAAAIgjJV8iBQAAAAAAAACpgBaoAAAAAAAAABAHAVQAAAAAAAAAiIMAKgAAAAAAAADEQQAVAAAAAAAAAOIggAoAAAAAAAAAcRBABQAAAAAAAIA4CKACAAAAAAAAQBwEUAEAAAAAAAAgDluyF5iZmam6urpkLxYAAAAAAADADSwzM7NL1pv0AGpjY6MGDhiQ7MUCAAAAAAAAuIGdPnOmS9ZLF34AAAAAAAAAiIMAKgAAAAAAAADEQQAVAAAAAAAAAOIggAoAAAAAAAAAcRBABQAAAAAAAIA4CKACAAAAAAAAQBwEUAEAAAAAAAAgDgKoAAAAAAAAABAHAVQAAAAAAAAAiIMAKgAAAAAAAADEQQAVAAAAAAAAAOIggAoAAAAAAAAAcRBABQAAAAAAAIA4CKACAAAAAAAAQBwEUAEAAAAAAAAgDgKoAAAAAAAAABAHAVQAAAAAAAAAiIMAKgAAAAAAAADEQQAVAAAAAAAAAOIggAoAAAAAAAAAcdi6OgPJd1i//vZz2hX+1fA5+rcfTFO/diylZueP9a9lxzV8zjNaNq2tOQPrnKrSn8/VzW0vXKseL9PxDuTr2mnnNgEAAAAAAADXoesrgHp4kx55blfL74+X6V+/Xd2uQGC/aT/QL6YlNXcAAAAAAAAAupnrKIBao50v+4OnUx/TL+beHPr+x49r0/FdWrPpNv/3MVpX+oOvgRansVqgBr4zDdfcZ36gmI1TAy1MW0vTppYtaac+9nP9g3+zDm/6ttbsCv/Onz7QqjWslevcIWXa5F9QdIvahLYpuD2K2rcAAAAAAADA9e36GQO15iO9c1xmd/2IAF8/TfvBY5oqSbv26XBHFx8RaJSk49r0+I+1syY65WH92h9snPpYR4OnNdr546hhCCTtem5T+/N/PBQ8Nf/8ZTDPiW3TLq0JBE/NTOjXHd2JAAAAAAAAQDeTsi1Q3evvbFf69C9/ywzyDRkQY0zRm/W3U6Vdu07qTI10c7uDmof1etlxhbfQDAQf3/moRtOCXf1P6jc/3iUzjvtMsLVo+/XTtB/8XKERBAKtaDuS/0CeA8s4rpMuSf0S3aZQK9fA9JP+TLS3jAAAQGpJX/BWV2cBAAAASHkpG0BNKTVndFKShk/SLf7gZeQYqS7/v8d13N9Uc8iA5LwaKtBVv8OCee6nWyYNVzCDCW/TVP2tPxDcb8AQSeEtVgEAAAAAAIDrW8oHUBNuGVGzU8MlHT95RjW6Wf38rTbfmfSMlt3ykX7TRhCy5szJTudVkjR8uIYfP65dL+/UV34wLUZr2EQEWosO19xnfq5fzA383dos/oDoNUSrFQAAuid6kQAAAACJu37GQO13i+4YLul4mf5102FJ/TTtn+ZIZY/rkeAYnkMU2TDU7BIv1eij3a1EJ/sN0BCZy349MP7n4U165Nvf1iObwgcEnarSH/xAD02NSttewfFcA61DXToZJ3snzQ1QzUe729c2NOFtAgAAAAAAAG5cKd8CNXH9NO3Bqdr03C5p13N6JEaL0+Fz7pHZGz1PQ4ZLOn5cmx7/tja1ueyb9ZU5w7Wr7Lh2PfftsJc7Ddfce26Wol7tdPM9czR8V1nbrVCPl+lfv10WnUn92z+1Mt0vb/BwScd1vOxxPRI7SVK3CQAAAAAAALgRXT8tUCXp5rn6xc8f09Q2E5qtU4cH/56q0sdan6vftB/o3+YMj/hu6mPmy5diJNY/zxne8VaogflDK9IvHpsqyXzBk5nknzQ3Ikki2x29mnZsEwAAAAAAAHADshiGYSRzgcePH9fAAQM6vZzA2FzJG2fzsH797eck/xvlAQAAblTJv88CAAAArr7TZ85o+PDhbSdsh9LS0jbTXEdd+Ntys/7h5z/v6kwAAAAAAAAA6EZuoABq6wzDUH19verr6+UzDPXokSGrNa2rsxWTz+dTU1OTLBaLcrKzlZ2dLYvF0tXZSirKI7VQHqmF8kgtlEdqoTwAAAAAJBsBVJkPWxcvXZJh+NS/IF82W7rMkQ0MJXeAg84zn6ssslgkj8ejCxc+1+cXL6p3r16yWq+PIW0pj9RCeaQWyiO1UB6phfIAAAAAcDUQQJXU0NAgw/AqPz9fhmHI4/EoyUPDJp3FYpHValW/fnmqqXGpoaFBOTk5XZ2tpKA8UgvlkVooj9RCeaQWygMAAADA1UAAVdKVK1eU37+fDMOQ1+uTz5faD1smQ4ZhPnT16dNbNedd180DF+WRWiiP1EJ5pBbKI7VQHgAAAACuBgKokrw+n9LT0+V2e+T1+lK+tUqAYZjjpNlsNvm6SZ4TQXmkFsojtVAeqYXySC2UBwAAAICrgUG2JKWlpcnnMx+0usvDlqRgfg3DUFpaar4goyMoj9RCeaQWyiO1UB6phfIAAAAAcDXQAlUKvvG2uz1wSep2+U0E5ZFaKI/UQnmkFsojtVAeAAAAAK4GWqACAAAAAAAAQBy0QPUL7z7XWV6vR1cuXdT509U6+pd9ev+dHTr32Sk1e7yyZWRq4LCRum3Kl/W3U6art92elHxfb5JZHtdSd8xzIq5GeQS62YazWCzBTzJQHm2jvuo86qvUQn0FAAAAINkIoAYZMt+E27GHF8Mw5HU363TlUf13xZ908C/v69z5GjXVX5Z8PlmtFtmskuFuUNWh/1bl4Y/01wPv6aslc/WFwtGy2TpWFGZ+r8cHrvaXR1NTk5qbm5WZman09PQW030+nxoaGiTpqr3hmPJoYymGIRleqem8bLVvKd31R9mufCCLt0nenFFy95kmd7+vypftkKwZnQ5MUB5x5qa+SjLqq9RCfQUAAAAguQighgk8a3Xkocvn9erTj97X9rJf6MSnx3SxwSOPYVFOZobcMtTc6JUtzaI0q5RmtcqQV3/ZvUPnzp3Vw4/+vxo15ovtXmeyWr2kqrbKwzAMNTU1ye12yzAMvf/++zp48KAmT54sh8PRIn1DQ4O2b9+u9PR03XvvvcHvLRaLMjIylJHRuQfgG708EluIR9ZLHymj+hfKOP+aLJ5LwUm2hs9kq90tm2uHmoZ8R968aTLSsjq8KsojPuqr5KO+Si3UVwAAAACSiQCqn2F0rtvf5zVn9af/+j+q/OSImrxWNXktSrelySIpKyNdXq9FDR6vvF6fLBZD6WmSzWrR8UMfaNtLv9SCf3lCffPyOpBvQ51sZJOS2ioPn8+nczXVOnpij87XVsvj8ajmM68u1Hr13gev6dDJlsP7etyGTp/1yGKR/lD+s+D36ekZ6p83VCOG/K3y7Td16g3IN2p5JLYQnyz1lUo/sUHpZ16VvFdktBiG2S1bzR7JKzXa+srbZ7xkoTyiUV+lFuqr1EJ9BQAAACDZCKC20P6nF8Pn00fvVejgfx+QJS1dV5oNNXulnKw0pdnSZPgM9chIk8UiNVuscnu9avYYMtIMZfZI11/efUc73viDvvb1We3sGmvm9fp+4Iq9cTWuM9r70X/qYPV/qcFdI1kNpfkGyto7XycaTshwfx5jUTalZY+UZOijc4eDX1ssVuXUFOhC3d9rwhdnKq9vgazWjrxf7cYtj4R4rij9zBtKP/MnqalRhuIFGgxZXX+RLfeP8uYUShl9O7hCyiPmHNRXVxH1VWqhvgIAAACQHARQJQXGSzPHTGt/l7/mpkb9ZU+5Gtw+eT0+XW72KSPNqp5Z6Ro5rJ8OfnJWPp/PTGyRMtLTJMOQzyfJYijDZtUfX/2dps24R/Z+/dqxZkvYmGnX01NX6+XR3Nysw8ffUZXrdVnSXerbyypbumTROUnn/KliPewako7GnG4Y5+Rq+rNOnxunPr36dbA75Y1ZHomyuOuUdvZt6bKrlWCEn7tJ1pr3ZRlUK196nw6tj/KIjfoq2aivUgv1FQAAAIDkI4AaFOju52t3C5BLn9fq3Gen1OSVGjw+WS2GevZI08hh+bp7cqGyMzNUse+YZEgWSR6PIa/hk9dryGIx5DXSdKKqStUnKtvZLdaQucTr8WErfnnU1tbqcuNBZfY4rfz+NuX0tMqWYVFnhpAzDMnwnNHFS2b32o51i70xyyNRVk+DLBerZLgTay1nuXhKcl/uxBiGlEcs1FdXA/VVaqG+AgAAAJBcBFCT4Mqli3I3N0mWNGWlWzSooK9u+5uRGl9UoAJ7tu678xYNHthHBz6qVvWZz9XQ4FazR2qSVx6v5PH6ZJVVx44c0Rf/prhdrYluxO5+9fX1yslu0OBMi+x5NmVmWWWxmo+eHWVIMnxeXalu6tRLR27E8kiUYUhGs2S4Ewv2GG6L5Ov8OhGJ+uraor7qnqivAAAAAIQjgOpndvXr2EscMnN6ypeWIZtV+sIIhx78+v0aNThXRl21fJ5GZdl6aNrEIk0cP0rnXXU6ffZznXNdUk3tZV283KCTZy/p0PEa+Xy+dj8MX68vnWitPAzDUM+sLPXOylMfu0229OSs06J0VZ9J79SLR27E8kh4GdYeMnoMkT4/nVj69JtkpGV1MkBEeUSjvko+6qvUQn0FAAAAINkIoIYJPLy09wGoZ+++6pGTq/QeF3XX331Nt0/9sppqjqmh0SWrxSpZ0tRsSGkZFg0e3FPDhg6UfF65G+slb5MOfnpOS//3G3J8YUQwH4kJtGG6Pp+4WiuPm/Ie0fDhq5KwEp/krpfRcFHeyzVqvrRX1pNvy9eznyy9BsnI6CmL1SZZE2mFdOOWR0Lz23Lk6Xe7LGcPS81XWk9sscrb51b50vt2IiBBecRCfXV1UF+lFuorAAAAAMlEANUv/JmnvQ9AGT0yNWrsePXN7aHxt98mS1oPKS1T1oyeMqw2yWINDm/mNgy5PV75vIa8zYbSLYa8Pp8GDRmiIcOHd+Dh6/p82GqtPAItrnw+nxoaGnTx4kXZbDb17t1bly5dktvtlsViUV5enmpra+Xz+ZSbm6ucnBzV1NTI4/FowIABMpouq/nke7JW75XF0yhrjl2jCnrJYrjkPfOJPJ+45M3oJWNAsYz80VKPXmZZtp7z5O+MFNCZ8yPAZ8uR+wv3yVJ7UmmVf5K8zbETWtLkyx8j97B75OvRu1MtuiiPlqivko/6KrVQXwEAAABINgKoQT4Zhq9D3VIl6bYpX9JfPBdls3hlsVpl7dFTaZm95WtOiwhIGDIkr1fyNMnnbpJ8PtXWefTQ7H9Qn772DnaJvR4fuuKXR3hA4rPPPtOePXvUq1cvTZgwQe+//75cLpfS09N111136e2331Z9fb2Ki4t18803691339WFCxc0+6F75T74O1069CflDbtFVnuhLBaLLD16ypLWQ2m9ByvD55HH9amaD26Tu+cgGaP+h2QfKVnjnzY3YnkkypBk5AySpahEam6W9dR+qflyWLTDIqX3kM9eKE/R1+Wxj5bPCMzZMZRHbNRXyUZ9lVqorwAAAAAkFwHUMJ15bhns+IKaxk9Rzfnzys0bqLQePZWW3TuUIPhyXUNGmsd8SLKmyWPYlD1gtMY5p7frZSyReb4+H7haK4/Ag6bD4ZDD4Qh+P2PGjIh0X/va1yLmueeee6TmOnn/slHWM39Vvy/cKhk+WXxuyWKVz/WpLFl9ZVhtslgssmb0VMbgW6XKvXLv+6WMv/mG1L8oblDiRi2PhJdhSZO7/1gZt31Htp6vylp9QJbL5ySfV0Z2Xxn9i+S5+avyDPwb+WxZScoz5RGN+ir5qK9SC/UVAAAAgGQigBqloy1AbLZ0OYpule/yOXkaLkvpmUrLskuGZHiaJYvF/3RkyOdtlpobZbFYZWQX6AvFtyozO7uDLU+u74etWOURaM3l9Xp15coV1dTUKCMjQ3a7XS6XS263W2lpaerfv79qamrkdruVm5urjIwMXfy8VvbTrym78jWlO6bLcNfJe+GkZE2TJT1Lhs8rNV02gxOGId/n1bL2vknpA0bLd/gtef66VcbERVJOfrwcX/2d0oU63ULK0yjr51WyXPhURk6+vIUzJItNkkXyuWXxNcl69gPZLnwqb6/B8tkL5etZkEBX5Lg57nheuwHqq9RCfZVaqK8AAAAAJAsBVL/QG3s7/sCV3iNLVtsANbnrlWF1Ky0zV5IhX/OVUHMYwydfo9mt0JLeU7KPUs/eBZ14i3JyWtqkmtbKIxCQ8Pl8qq+v17lz55Sdna2cnBxduHBB9fX1yszMVJ8+fVRbW6uGhgZJUnZ2thpP7VN61f+VLStXqq+SJXug0voOksXXKDU1S7LIcF+WfJIshiwZWZL7iixpPWTNLZD1xNvyDvpbGYX/I+aLWm7E8khsAT6lfV6p9E/flK36XVkvnzWDdJm9ZfTIlSxWWZovS/W1sjRelKw2+TL7yNd3uNzDp8n9hbtk2DI7mO/2ZzfVUV+lFuqr1EJ9BQAAACDZCKD6hT9sdabFii8tQw1er6wejzIyM5SW2UdWa4bZiks++dzNMgzJYsuSkTNIvpwBMgcb7GhAwqfrsdVKW+VhGIa8jQ3qcfmCBvfuqbTmJtmaG1VQUCC32y2bzSabzaaCggJ5PB5lZWXJlmZVb+O/lZXZJGvvL0hGkyy+ehlWqwyvR/JZJMNiFoXPbH0nWWR4mySLTdbMnpKvWZYjr8rn+JKU0TNGvm7M8ghntVpbpEk7+6F6/HWrrN5GKf9meQePl+VKjayfHZC15ogsMmRYrDJ6D5G38G4Z2XZZGi/KeqFSPT7cojTXMTXeOkdGTv/gMi0Wi3w+Xxv5pjxaQ32VHNRXqYX6CgAAAECyEUBNOou81kxdvFyjPharMnP7ymdNk7zNMjzNshg+WW3pavL0lDd7oCxpmTIHHER7GIYhn9erppOV+vy9CqUPcii9b57OXaxTQ0ODMjMzlZGRoXPnzqmhoUH9+vVTr7RL6t3wkWxZ6TIyM2SRVT7vRUlWWWSTIavZksv/MXxmcyDj/2fv3qOjutI773/PqdKVq4WEBZiSZdHG8q3daYMRaW5iJt3pxkk6GJJlbBnW24kH5n3bGeSVMea1uXhh98wgEmfSZrmn5wWLNmsCJp2JcSadxAJDAhjcbrdtLNMGyxIXy0iIi9C1Luf945y6SVWqklRChfT7rMWyVXVqn332rtp1zlPP3scCDBdgYbjcGBc/xrh0CmvKN4e1DdKR32jlqq+ODHMcOe58DNwYgG/K7XQXrKHVW0+L9zO6A1fJdc3g1rI/ZtLhHbhP/wu+md/lUtlyvur6JR3+ZrLMKeRlLGSs+zZMVw6GKwvLaMfCR7vvK3z+Dsa67sBljRnuw76Jaby6ETRepSeNVyIiIiIikiwFUENSk9FlM+hsu8YXn7/PlNJZ3DK1hAwDAr5Ouq58Rctnv6bb6yd3bBEmDGrOnmUFM49GWtZK/P4ITYk1DCzTRaCjDV9nB35/gO7ubrxeLwB+v5/u7m58Ph8+nw9X91kyzHZcbj/QRiBg2DfCsdyAC8MysSw7OBTAAH8Ay4+T2GWCrxMDMP3dBJpqCRT+Vu9aj8L+iOSjky+u/wNfdRwl13UrGeZ4O/PK8tHpv0Snrxmv1YZl+TGNTG7JOsQ3FlVSUPr7NN46ll+3bONy12+wLC+G4SbDGEOOO59sdz4GdqZYd+AqHf6LTM1dyMxxKzGt3Pi1HuX9kRyNV4On8Sq9aLwSEREREZHUUgDVYQXvOD2IgIRl2Zc9PgtcLgOj9Sy1/3SK3Gml3DKliO72Vq40fEKWt5kx02Zy3Rsg0+0nwzQwzYFndY3ENdP66o+cnBxaW1vxdXZA7hgyFv8BGX4fLgJMmDCB7OxsMjIyME2TCRMm0N3dTU5ODlkd7ZjuAIZrHBhduOjGJAPLcGFZJpgmAcsAv4mJgWVAwLCczC4Xlq8NAx+WaWC0fxX3fTLa+iOSy8jBZWTS4Wuiw9fUZ5l+q5Pmzg94r3kL8277S46ee4wOf3PEPrvpsrrp6r4M3Z/1er3bzMEkK+HndTT3R6IyNF6lhsar9KLxSkREREREUk0B1JDwVctAAhIW0BEwuNRtcqkbpnV6KZp6G7njO2i8WE/9hTrcWTlMnDiGW/Mm042bf2ts5SufwfRxJp6JWdyS48bVj8CEMfClCG8C8fvjlltu4auvvqK5tY28klIKjXCbTepRSn5+fuj/M3wuTNOHOfEejFt/l8D5/43R0YQV6AIgQAamc/PkgGWCy8C0sKfFBgwMfyuGGcB0G/hj1Gu09keQYRi4jCwmZs5gcvaDeAPX6fA30em/1GfJ/kAX3YFrUcGI2AyyXZPIcReQYYxhQsYdmEaGna8Vo06jvT8SvVrjVSppvEovGq9ERERERCS1FEANCWarBPodkPABTT4XZzpdnO90UzzeTX7AxG3lkD9tKuNLHuJaVzeYBrk5eWR0t+Buu0jRpFv4X8fa+bz+ArOmjWPhjIl8feo4xmUl1y3BOw2PzOl+8fvDNE2mTp3KV199FcrWcrl632G6l24Yb7qh9SRW0WMHuAeWAAAgAElEQVRw5w8xrn+C0X4B/F4MXFiXfoXVcRnL5UQmnKCEFfCDdR0ywfKZWDkTYkzVHZ39EeQy/GR1n+Ou7ixKXQtpc3VyIbuDT9rf5mp3XdySA5YFlkEg0He73ZI1g9KcBUz155JLFlYXeI3zdLqm2Zl4PWs8yvsjHo1XQ0HjVXrReCUiIiIiIqmlAGqEgawp2IXBJ90m5wKZXAmYtGNR7DJw592GddWPPyOHTvctdFz4a0x/Pd1jF5A17iFy8u4hN2MSLk7z2cWrXLh8nY8br/Dduwv47l2TmZSbkUR9GVAA5WbRV3+MGzeOQCDA1atXaWtrS3h3Y4DrAYt8Kxu39wKBz39M49jldLiLcbvuINPtZaK3lmyrzZ4u6zIJYGBh2hlD/g5wdWFkGQTcGfjzvhYnIDE6+8MwDDL9TYyt/wsyLh/E8F0jN7OACQV/gHfSH/LuV1vjlhswA1gW+L19t9udtyyh9NJJMpr2Y3qbsdwT6Z60GKtoPe3ECxCNzv6IR+PV0NF4lV40XomIiIiISCopgOoIr5mW/Gt8wHs+F7/BTXami3bL4rLX4khTG+Yt4/lGwf0Y7Z1cv/AWU7v+J9lj2mjvOMrVtm/QkvsdrPHl/M4debRdLeC9L5o503yN3e934vUH+P69hdyS03dQYiRfZyXqD9M0mThxImPGjKGzsxO/35/wwjODXALXPNBxCaP1Y1wtl7jSeTt+cpmY1caErLMYtIJpYlgGhsuwb84S8BIwOyAbLLdJIMuDf+LMOHUemZL5fGR4m3FfqMHyt9t3CO+8REb7Pjyef+RfO/9L3Nf5nGwxb6e/zzrclv1N3A0vgu8qAUzgGu6Of8J92/+DZYyPU+eRSeNVetF4lV40XomIiIiISKopgBoh8sYTyfjccPMr001+TgZXuiy+svz4Mwyu+g32nG/jk4sBHrK+4o7L1Uwcb2D4LbIzvmKs8c9c73yfy9ff4htZv8/t8xezrrOLLy5e4WJrG3/34TkmZLv53l2TyXKbSdZ75EmmPzIyMsjISJz9ZptIu7kYV9spMs02Jmc0Ms7VRAAXGQZkYmAYJmACBmDhMvwETC9mpoXhMrDcJm1TFhHIGBe34Udtf/gDBFq9QGR/tJFlTsTXR7DBa/jBos9tALKM8VjX2rGiyu+GQABc8dc6HLX90YPGq6Gl8Sq9aLwSEREREZFUUgA1JDzdL5mAxDXDxaGAC3dOBp0YnA34aDUCZJhgZBl0k8mV5ka8197i1oxPCNz2/2J1XcB1aS9Z1gUysy4yPruGS9ffZcLYv2DRXQ/wWmsH/rZuGpqv8HcfnOWOvFzuLxyLYcS/UYu9DttIvOLqX38ko6uri5buO7F8v0te50GmjLnKGHc3dm6eYf+z/KHmNOyl7jBdYJkGlmnROf5+OiYvxLKvgHvtYzT3h+V3YXWMAcsXfsyVjdffSXdH/CnLPmdKbF/bAHh9XQS6JmD4O8MPGhlYARPLjF2v0dwfkTReDTWNV+lF45WIiIiIiKRW4nShUSaZa18LOI3J1Uw3OW4XX/oDNFo+Ws0ArabFdVeADF8reU0n8Vz7B3L9Psy6/4OZcz++O/47vgkV0JlPZpefyWO6GZOTRcDthiw3mCYBr48P65o5UHuR6919Z7mMdKnMxvnss9/wy199xNiZf0zb1D/hi2v5dPozsYMRYPesheH8w7AwTAvDZQcl/DlTaZ3yx/izpti3TB6F+uoPr3sS3om/TaA9i0B7JoH2bLqn/QEfn/s7vJ2B+P+6AlgBq+9tOgPUfvUveAu/G1F+Ft5JC/Ga40btuoEar9KLxqv0ovFKRERERERSRRmogJ2tEghlqyS6wUeXYfKFYWBmuPAaFs0EaDXty1q3YeEK+Jh4/gumNB2icPwlfDOfx+i6gHnyL3FPvJPAlO/gH/tNaPwJ1wIePm67lzfrGsECK2BhBAL4vH5qL1yhqbWQMRmx49ymaRKeojiSLsj61x/JavzyS95//33OnjvH737n22TkPcKFa/soGvcVLiMi8GPPhsUwnBCFkYHXPYWreX9IZ87d2ElCves0mvvDMAw6Myfh+vqTuLOnw7ULdN/ioWPGv+OXHz3b53qB/owAVoCEawr+quEt7pj5DLmMIePKeayJ0/HPXEKnORYr0DujazT3RySNV0NN41V60XglIiIiIiKppwBqlOSmX14NwGXDIMsw6bQsLgcCtGFhmuCyIPfSRSZ8/h53+n5Nrns81B/FmDaHQMl/gMvvY9b9Da6sbLq6MqnP/Pe8fvYa1zq6sXxeAt1eAj4flt/gXHMrl693cXteTuzapnC6aHpK7fEZhkl7exsXzp1j3759zPvWXNozfpex5vtMNM9h+TrxByBg2dlaLheYGRPozLmH6+Pm05kzE4z46xeO5v6wLItuP/gnzCRr/r1cvv45p87+gtr3n+Hy9fo+U8F82Xaww9fVd+DpQtMn7O7aRKlnCXf+1h8xIcdDV5cXvz92IGM090ckjVc3isar9KLxSkREREREUkcB1AjBa5dEFzH+QIBuK0CX30+3YXDdb9FhWZiAu7OTcb/5hBmNxyiefAn37csgw0Xgi0OYGdlYt95LIN+Ddf7vuNBVyCGmc/zCNaz2DvytbVhdXeC3MAIGLguMPi4C7VmZI/eCK9n+SNbEiRPxer10d3fj9Xn55fu/5utfv5+srBnkZzZieq/S5TPo9pt0d3fh72wjJ7uY7Fu+iZkxNrpSMag/wOfzYXqh7sK/caL2NTq6riQs1++1y/N5E2XuBWhsPkXr9WZyMvPImTYFn88Xd2v1h03j1Y2h8Sq9aLwSEREREZFUUgDVYVnhDJBEF8ATsZjp6+aDNpPmTDftvgDdActema7lCnl1H/FA4AyTrn+F+fG/wIzfxipaTKCrBav5NGZ3C62dmXzUcR//cs3P1SvX8Ld2YHV0gs/CNN3k5WYz/87JTBmf3UcWjRFxp+FUt8jw6k9/JOu26dOZlJ/PF3V15I4ZQ0NDAxMmTCAn9246Al/jytUrXL161Q5adGXR1ZnB+PF+SqzLFE7JxuVyJaiz+gPAChhkZ9yC28jBCiQOSNg3Tok5yzgmtzmGLPdErEDfwRH1h03j1dDTeJVeNF6JiIiIiEiqKYAa4lwUJXHlkmXAN0w/470dvO910e61MAMBrhoGgW4flt/CZ2ZhBQzM+vexGk9jTLmTQMkcyLsH3+f/SF1zJv/alc/pNi++9gAZAYOJublMnOBm2vhsvjF9It+aUUDe2Mz4NbaCdU5NC6SX5PsjWRMnTmTOnDIav/yS69ev4+3u5tKlS1xqbuazlha+qK/ncksLXq+XQCBAZmYGt06+lTFjxpBfUJBEQEL9AeD3+7k1714KJ93N9c4mAoH4WVf95TIzmZp/P5PG3xl3KmyQ+sOm8epG0HiVXjReiYiIiIhIaimAGiX5i66xBtyLn9ssP/Nc8EXA4pwfrmXncKXwa/zvj8/S7MvlW2PP4/E1YtS9h/XlZ1gF07hmZvGrq/fSOnYyc6YXkOtyMSHTxeScTKZOyGJSbgZ5YzLJyXTZ9weJOyXWGOE3nEhtUMI0Te677358Xh8HDtZwvfU6BQUFXLlyhfff/yVdXV34/QH8fh+BQIC2NjvFyHSZuFyuhPVQf9h8Ph9jMqfw4MyVtHde5nzTr7D6bJPk2ss0XEyf/E1+684V5GZOxuvtO9Ch/gjTeHUjaLxKLxqvREREREQkdRRADQlP90v2AtgE8gzIc4HHhG7LwpeZRduc3+Lzibn88te/4tj5OublXWTh2LNM9n6J9dUZPnffy9WxM/j9r5dwyy234DLBbRi4TYMMl4FhL4YGVoLLOOdOwyNT//sjGVlZWXzzwQe5bfptXLzYRPHtt3Ot9RqNjY2cOXMGv9+HZVkYhsHkybfy9QceoGTG1zBNI2E91B9hXq+PSePu4Xdmb+CDz/4X55rex+3KZvyYKYzNmUx25jgsK8Dl1rNcaW3A7/eRlTGWGbeVM3HsbRiGQUf3Na63f8W1tkZ8gS5uL3yI++9YRm7mNLq7vYlrrP6IovFqKGm8Si8ar0REREREJLUUQO1lYBcwGQZkGAaYMH7COG6d9U3uLZ3JRydr+cdj7/HWV7fy3SmXuH1MO+9cK6bgjtu5vXASpmmmuP4jTeovKDMyMpg27TamTp2GYRhMmDiRR5Yt5+LFi1y61ITfH2Ds2LFMmTKFcePGO1NhjZTX4+aUXH9YloXPa5Hjms78+/8czC5M043LyKK724dl2S2anZNJw1cnyMmawO/P+wtuL5xLV2c3YGdkZWa58AW6CAS8WP5sfF4riZu3jCYar9KLxqv0ovFKRERERERSQwFUR+RNJwKBwV/wGIbB+HHj+O05s7n/nlJ++atf84tfnySz02Lm10q45647AQa1L8MwCWbajDSp7o/4+7HbLjs7G4/Hg8fjiblNMm2s/ugtEAjg84FhuLDbpiPq+c5OLwXjvoGvy8+t42dx9Upb1PMdHTgZjm4sK3EWVyT1R/I0Xg2Oxqv0ovFKRERERERSTQHUCMGLrlQbN24cC+d/i29+4+tYlsWYMWMS3uAjGameLppuhqo/hor6o6/Xxn9dV1fXgF+b6HXqj/7TeDUwGq/Si8YrERERERFJJQVQwVlDDsJL+Q3NRczYsWOj9jl49vqDoTUIR4gb1R+pp/5IL+qPwdB4lRx9PtKL+kNERERERIaCFrQD/P4AbreJy2VimjfPxYthGJimgdttDum00RtN/ZFe1B/pRf2RXtQf6UX9ISIiIiIiQ0EZqIDLtG+6kZWVgddr3zAiEAiQrokrhgGmaZKR4SYrKwMwcLlGTleqP9KL+iO9qD/Si/ojvag/RERERERkKOgsHXuq6rVrbYwfn4tlWbjdXnw+f9pO/TMMA5fLJDs7k9zcLFpbO8jOyh7uaqWM+iO9qD/Si/ojvag/0ov6Q0REREREhoICqNh3NO7q7ubatQ7GjcsmJycr4oIr3S667DXS3G77pi6trZ2Ai5ycnOGtVgqpP9KL+iO9qD/Si/ojvag/RERERERkKCiAip0BMm7sWLq7u7l8uY1AwJ/2a6cFAgFcpoucnFxycnIwzZGznK36I72oP9KL+iO9qD/Si/pDRERERESGggKoDpfLzvpQ5kd6UH+kF/VHelF/pBf1R3pRf4iIiIiISKopzUFEREREREREREQkDgVQRUREREREREREROIYQQHURvYuzyUnN5ec5XtpTFm5x9ma8jJvRNnp792tueTkLmdvuh58416W5+aSs/V4nKeXk5ObS5yn09vxrfZnJea/rbw7XO/NBG0+cjntPSTHPvC+vKnf40Ml8rMT1TARfZi7lXf7WazaOuI7vMf3QrBtcnJzWd6vL4zIMnv/W763cdjaPe2//0REREREJMrICaA2Hmbvfuf/9+/lsC5KJM007l2ePsGR2U/T0d5OR3s7BzcDLKH683bnsad5aLjrNySOszVdf6w4fojngv///KF+B99kmByvD7+fIvtQBmk/9Q3B/2/kcOjLvb8KWbbHGdc+f42HATYfDI19e5YVpqS26SatvmtEREREREaIERNAbTy8lzeBFzZvBvazN2UR1Nk83d5Ox55ljMxLLRmowmV76Ghv5+nZibdt3Luc4icGGgQYDiPtfX+crbkL0zbA9e6h54ElvLB5CfA8hxX8uDlE/FjXWH8cWMLDS4a1RiPGc4eCH4IG6vfDw0uGpmH7M47fDG6+7xoRERERkZvDCAmgBjNUNjPv6fm8ALy593CPTLPI6ZW9p1ja0+nC/8LZGz2nv0ZPCdy6dWvUtMLQdMC9zlTkwU6Dbowop9c0wzjH5Lwmcqpjr2mKUVO403UaYY/pl3Gnyw7Psfcqt0dfhfr9+NbQBe1zC2+W6enR7/uY7+vcrbwb2ZZR7/MB9F3U7rdG7yfiqajPas/PVsy+bWTvcid4uv8JikOPJ1GPG+I4h58HlizjsceW8TCRwaOIei7fytaYU5wTPR9ZVPR4BYOdStxXP/ecPh3ZHz36rufSDX2Oe+nh4c2beTj0Y53zHbRkNqE4nNp6gDbzwmbCmdhOZu/s2cGWbXKONeLzOoilP6LG8VCf7Y0YG5az9/jeuONRX98nkUsPxFt+YO8P4zzfZ7/EeS/clN81IiIiIiI3h5ERQA1O3988n4eYzbzN9JrG/+7WhTzHZg6GpvI9z8KIi46Fz8MLB9vpaP+c6iXw3MLYwZTGvT+kYn9426Ljz8es0nP1Rexpb6futSWw/wl+NpDrmMa9LL/jCd50phzWvbaE5xb2CAoteY26nsdUOI9lS+DNJ37mHEPw4v41HpttH2/Owud5+LXPnSnc+6m4Y7iCR/E0snf5HVTsj+iz5xc6F5jpeOyN7P3hE7wZrNPBzbD/CX64txFmP22/D3DeNzdxqlPU+5rnWbi1iLqI9/kPQ/0Tr+8SfBaD9s+mMsbz727NZeHzweUGDvLC/icojvgcx+7bQpbtOcgLAEteo659D8sKk6zHjeAEiB5eNo9C5/0bcxr//uMU/VVwjIrxvk30PMDsx6heEvkDUzh4O6/fqcaJ+jniufaDvMB+Kn64l0YKmbcsely0ZxAsofqx2QnGvTRSVMRs4M36BkJZksvmUxR8Xm09YEVFS4DjNDQGM3s3M29+8NkClj29mchM7dAMlPmpGVvf3AuPBcdx9lOxsN4ejw7a+12YcMwBGvfywyf2RzwHbz7xwx5tux+WxXg+4Xd/nPfCCPquERERERFJNyMigNrz4umh+fGm8T/PwtxctjYsY09774sLO2OjwVkzLdY6kBGZrrMBCp0Lud6CdSkssv97vL7/V6Q9j6tw3rKIjCdnbbc9RfwsN5ecO57gzdArnYvm4AWmE2B+eNk8CglPF17mXMXb7ZVm04ajguKEA6N7D9OYzscezHD0PD0i19h7uMgDhN/XwXYN/g0k6Lugvj+L4dfaQSp7rcmeASjnxxIn2Diwvk1Qjxsgut493r+RQscdZ5tEzxPxXPAHpsjgbX8rnqCfH3q6nY72x2hYnktOj+UT7LEsmGkb/JHDrn/f4146mRd+/wWzJJ3Ph01tPVCeUD2OO/UtCgemAWbbM02ijin0vZwCs4vsPvIUOeumOu0e/NuRzJjz5hN3kLN8L0VPt9Ph/HgTFn6tHTS2137ts1+SGl9FRERERCTVRkAANcbFk3ORE3lB8dBjr4UufJ5b2GO6nJMpBMDzC/uYdm9nGfW6mBtiwfoGA4V2xlNwCt9Cjr/2efgGGY7CZU+HLjCDGUfLotKe9lNxh1PuQjuLdiBB3iEX7I/cO6jYD+yvpz4tjz0ymB4uf6TNoJxd1I/QT8y+S/BZTMb+Jyh2pq7a3WdnqjlPJt23g65HSvTOSgwGo6On8UdL9MNMX89HBmN6BoAGJE4/29PV76Bi9kEnKzKyEsuoDAYfe/zIERR73EsvwUzJqq3PEyuAp7YeIOeHkzf3bo1Z36gfT3oGFFPg4ahAeCJxxpxgu0PEmNW/2Q599kuc94KIiIiIiAyNmz+AGrx4cjLJIi82oqbxFzoZZqHpx5HT6WLcqTc0HTmSBztJ5MZeqNjLBUT8e3p2RBbKwThZjsELzK38MCLjKCzyrutpfEfiiDsmh+4Qn67H3uvO9vGXghgVYvUdJPgsJiG4TELoX2RWVz/6drD1SIXgndsjgsLBIEzMafwOe1pz/IB2n8+HMtZ+SNWAp5RHiNnPwcDwa9TFyeoNZutV/TDWjxxxxr00EwyQvhnvhzW19QAFl+LZz5vEfh9HH1Pqpu/3X/wxx84MDi6rAPRzmZA++yXe+CoiIiIiIkPipg+gBqe6BdcZ64gKiIRv8BF504nCZXucANdsPIU9biJRuIw9TvSr90Vbz6mxjezdGnsN1FSInnoZ46ZF4Exthnd/FjmN3RZcyuDN/fDC0+G7qfdc4mBwNzYZIj3Xgox1k5C0Ovbomy499LS9lm4wqBI1xX2k67Pv+v4s9q3n+sY92rzPvnV+/AgZTD1Sx85K7B0osevSYwp+aB3LOFOWEz0fEpxabgenBjSlHJL7jDo/NjXu3Ro1rRwITcN+c/9+2Px0KAie1LiXLoJLTBCvHdXWA1UU+sDGeR9HHlMqp+/3Q59jTtRNxGbztPPjbDLZrX32S4L3wqj6rhERERERuYHcw12BwQkGCnpn1IQyg/YepnHZMpbt+RyW38HC3GDAcwnVnzsZG8v2UMdyihfmhi48H37tc2Il4RQu+yuq9+6nYmEuz7GE6tc2w/5BBlH3P0Fx7hNRDz382ufsWbYMu9oLyXm+Z72W8Vev7eXNJ5zXLtnMC0ue57nj9TQy275ID64T1/PicvbTdByEnIV3kOPs9oWDPddmu1Hs6Y8VkQ8teY26PTH6LJRhNfvGHvvz4fYPeuFgO49FPTKbp9sPQu7CiL7czMH2ZdH1WZhr3/xqz7KBBVJuCoV99B19fxYTeOjpdg6Sy8LQe2YzB4Nt2WffOoEs5z3zwsF2nh5EPVLDyRyMEfwJZtc9d+h4eBxa8hpFh3LJWRinromejxAaH5OcUv5cxNho28zB9qf77OenD27muYXPO89t5oXN+3nueTvIZ+8xmCneI3uwsK9xL90EjyHYjvGXTFBb90+o3eJOzQ8fUyqn7/dLX2NOYe/n2HyQjmS+aPvsl77H19H1XSMiIiIicuMYlmVZqSywrq6OKYWDP133vlIOQMaamkGXNaScu/C+cLA9LS46RWSkOc7W3IV9BEMSPR9D8C7fCrAMPbX1kHl3q70Osr5/B+amOc8SEREREYnwZWMjxcXFKS2zsrIy4TY3/RT+G82eohe+2Yy91uAS+nXPCRGRYRRa+mSgU8olaWrroRI/g1tERERERCTVFEDtp4eetm8G8eYTd5CTm0vxE/uHcfq7iEh/2Gu/Fj+xH5a8xl9p4BpCaushc3wrObkLeQ544aBuniQiIiIiIkNPU/hFRERERhmdZ4mIiIjIzUhT+EVERERERERERETSjAKoIiIiIiIiIiIiInEogCoiIiIiIiIiIiIShwKoIiIiIiIiIiIiInEogCoiIiIiIiIiIiIShwKoIiIiIiIiIiIiInEogCoiIiIiIiIiIiIShwKoIiIiIiIiIiIiInEogCoiIiIiIiIiIiIShwKoIiIiIiIiIiIiInEogCoiIiIiIiIiIiIShwKoIiIiIiIiIiIiInG4h7sCiXhfKR/uKoiIiIiIiIiIiMgopQxUERERERERERERkTjSNgM1Y03NcFdBRERERERERERERjlloIqIiIiIiIiIiIjEoQCqiIiIiIiIiIiISBwKoIqIiIiIiIiIiIjEoQCqiIiIiIiIiIiISBwKoIqIiIiIiIiIiIjEoQCqiIiIiIiIiIiISBwKoIqIiIiIiIiIiIjEoQCqiIiIiIiIiIiISBwKoIqIiIiIiIiIiIjEoQCqiIiIiIiIiIiISBwKoIqIiIiIiIiIiIjEoQCqiIiIiIiIiIiISBwKoIqIiIiIiIiIiIjEoQCqiIiIiIiIiIiISBwKoIqIiIiIiIiIiIjEoQCqiIiIiIiIiIiISBwKoIqIiIiIiIiIiIjEoQCqiIiIiIiIiIiISBwKoIqIiIiIiIiIiIjEoQCqiIiIiIiIiIiISBwKoIqIiIiIiIiIiIjEoQCqiIiIiIiIiIiISBwKoIqIiIiIiIiIiIjEoQCqiIiIiIiIiIiISBwKoIqIiIiIiIiIiIjEoQCqiIiIiIiIiIiISBzu4a5A6pziZ09u41CcZ4sf3cK6BflDs+fXn6TqEMxf+yqPzRySXQxC/HbpWd/+H8cpfvbke8x6dQXxNw/ufz6Vr65gZvM7vLR+N3XFj/LiMwsYeI80886Pfgo/eIYF+dD8zo94dnfdkPbzkO0j2CbBv/vZNjfi2CHW+yO6DySVenxuhrs6SXPqPejPt4iMHPHPQ4b6eyv4/Rj83hr687WbbOzuef4R6SYcx5vf+RH/gx8M6XtKRERERi9loI5ih7Y9yUvvNIf+nrniVX7yan+Cp/ED1mEzeezVV/lJSi8kmnnnR+t5PeKMP3/BM/zk1VdvwpPmU/ys58VL3W6e/dE7NMd7yTCJfn/07gMREZH+qNu9Puo8ZKj17zxnlKvbzbOvnxruWiQtGCwXERERGSojKAM1qK9f/YNBn2JWPDqd13fb4T87A4KIgFBEGREZkyum7+Z1J2KYMGvi1Ov86bZweDG8fazshN6PRZ8IFrNiS3SWXzCLIvExx9nGqV/d7p/yzj122b0yM3ocQzgbITJ4eoiqJw8xf+2rfKfRyYScPx8OHaKOYlZs+T5n18fOxjj5+pMx27N3hkhkVts9nAz1Ux2vr3+SI49u4U/4ae8szJ6ZFfPX8pMVwRqE23zFo2d5PdjWUdvEc5KfPbnbOf5g30S8t0J9FeuxHk69Z5cT2q9Tr7qjnGxewIL8GO8Xp196vwdj1SvY3X216QLyk3ifh8vYwvSf9+6Dmy94ffNLfpyI+CxGZRX1+CEk8v2f5NgXORbNX7t2iI5URG5+cc5Dzl0Cor9nem+f5Hd25Pd+8aNUlkXXIPq7cABlzl/Li7f9PCqrdUB6nJ9Ej6u9f6AMPR/r+z94rtbzPCLUjEmc1/TKNnXKOPQep1bMjD4fjlnnHt9H8x9lxdndvF4X7sOE5yEDaJdgWZH7rtu9nj896pQZ9zxWREREpP9GaQZqXSh4ClC3+6e8FHVSdoiqnr+614UDCPaf6/lZvB/me56wOdv/6eungJnMmm/v40Tw9aEg2oMxgqdOfde/TmjzqAsMp779zVicuYLK+XbZZy/FeL75HV7qcQzJZiPUHTrkXLyUcU+8s9T+tOdAxJqWdmgbf9qrnQ6FL5qcbRLVo2737ojM22Df5HNPWTFQx5GTzh6aT3Kkjr7bYdJtFEftN5ix2/9p8bHr1WEIQc8AACAASURBVE+9+uWn3MDkIOmHRONE8zs/ihgn6nj9pz/nbFQJMbLID23rnQ3Wx3sieh9waFsyWekiIr0ld27T13d2jxkddbupSiojsR9lHtrG/ziazNH0Icb5SeQ50KnXe8/uCI27Mx9kPlB39GSoXU69Zzfa/AdjBE+dOg86yzdBnTn1evT30aHd/Z+hMoB2ObTtR/HPUQZxHisiIiISS9pmoHpfKe/X9hlrtjv/Z2dERuudmRX8Vds+Ya+jjkd58dWIX6vPNtLMzIhfqcNlBAMXh947xWMze/6q38w7P3dOZnv+yn7o57zz7WdY8KCdoXm2sRlm5vc4+W3m5NE6iJFx+LfvfJt1Cy5x4hBRv6Lb9dnNP55a0K9siEm32QG/YD1iipO58Nira6Fn1mxjqHGjMtxiS7Y9e8pnwTNboEdmZ/M70Vud+oV9Eh7OXghmLvRup55ro/XZHlHHFyzzECdOreCxe8oopi6UTdN88qhdh7J74mc75N/D3GKoq7OXVHDeCQNbOy1OvRI2aXQhPTJqnQB71AHE7oP+fmZHsow1NVF/D3w8iyfxOPGPzsVsVIZO5MWn88NNr8/I7l9wakHk+y/ee+JUr330/PFI7wmRm1/qxrNY52fhwF+y5zbxvrOb3/m5/R3a67swcR2TL9M+nxvMRPHguUGvc8Sfv8N3nllgLzOwIrx98DzVHnftH+EPHQrPUjlh/wLPrJn0Y1zvoW43zz65u9fDxY9+2z6/S1DnS+9FzujK73tt1QG2i1Oj2DN6FjzDi/RYDz54YhjnPFbfT6NTz/FMRESkP9I2gDq0ipnrpAQGg4ihIJeTEdjrpG/+90MnbPkLvs/83ds45ARZo4SyDh/lO6GnZvKdR4s5tNs5AZ75IPM5xKGjJ2lecA+NZyF08sslztZBrAuNunOXoLnRziKLcbKbMPDXH8HA3qFt/GmyyxY4+gwYBkW2ZzDwGKs9ByR8QfGHofrms+D783l9WzBwHaqI0+4w0wlsJ656MDjsZJ3WBYPQwTazp7xxro7I91ps+Sx45lUKozJvDlH15Nn40/77Xa9+FBLKlg2XIekoyXEiYhwKjVvOds32wGNnx0cNJWeJ+ojEe0/E2EdobEvdgYrICBYKliU8twm9Iu539qVzzg86Mb4LE9SiH2WGz+cGKlhm+EdTR905In+vjLemZ7COR042s6AwGDB1Ap2JxvWkTweiA5V917nZOY+NON+J+HE4WYnaJXjcr69/kteBhD82D+I8VkRERCSWtA+gJv9LYTDTcYjufNorIzWO/EKmEyMAGyUig+AUdsDVmb6fuA7xRa4jlozgyer0wlivsQN7CyKmg0WtK5X0XuJItj0hfGGVtElMjxkFT434QcngxdohTpx6EPuqpo/p+xHCGSfB9raXAliwoPe2wQuk5OsVQ7/bNDH9qp84o6X/49kAJBgnEnN+6Jk0qEIAvSdEbmapH88Gdn5mn9uMBnaQk1+E1wr9yasxljaI+BH+nemHSPxDLYTG9Xib9VwPPXQOkqhcp84DkfR5iBP8nbmCn7y6IiKwHF6DP/bsqwTnsfp+GlWUcSwiIqmQ9gHUtBG6qQ/hKV3TC8kHok/tg8G7yGlnwamuxUx3ghKhX9K3OdkND87s8fp4Fxqn7ADtYBfCb36Hv42c9hWXvSbnY6GpcOF2GJTI9nSmbfVsz9AUuuDzScuncDpQF5zO7Exjc5ZWsAPGA78gqzt6kuYF9vRAexp1OAgdzKY9tG0bkDgbN3ghEM6KiJfdEsweCe+zP/UKlTLgNpX0kuQ4ETEOhcYtR779IYmfkZPoojj4Y1Ef+xARSUpwPIl7bpP4R6XgjKLglO98wsuMDNRQlhk78HeKn0WdmwWzOyMFf4R31hmN+KE24bieSP4C1q091+smo33XGU7ZXwbhoOupX8RdOiHeeUiifYSr+Aw/WUBoyZjEyz8N0XmsiIiIjDojMIAae40tew2kwaRU1UVMG3KKfDDWCVt4qnivaUgR09ajp7pGBjHDWYw9j8M+qQyfOEdPc+vjTu9AvHYJTvvqJcaNsOwX9MyotMstfnQLfxJv1zHFb8/gSXTvKWhxypi/lhdvi35m5rcfpfjQ7t5lRC2tMEC9phhG9F/UtLXEWSGh5Qt6HWv4tXagrHd79adeybdpf4X7IOFdfmUAYn1u7aBponEiGIgPjUPFxdHLkwTHoBifkeR+nImxDxGRARnouU1YaJmSOOt5DkSsMouLk5mbHn/snhn6obXnOeLaiLVP45zLOkLnOPT4oXbQ4zrOTUYPUXWojtd/+g73PLMg4sfhWHWeGUoK6OscI9F5SN/7mBR3Pdue5+J2+fOpXAtVSZ3HioiIiCTHHO4K3DSKH2XF/Mg/t8T/hXzmCn6ydn7UQ8WPbukRYLIvFoBe0/fzFzzDi48W93p9cH8zV7xKZXTxzF/b/7u2z1/7avwMhRjHAPOpfCZ6HbAB66M98xf8gBURRc9fu5bomthB6j7lL2DdlkeJquH8tfwkBcsPFD/6aER9ilmxJTID0AmAQ3In6bHqGXXBmM+CH0Q+P5/KXv2SuF6J27S/kugDGVKJxon8Bc9EjBPzqXzm+0yP2nomj73a830Q+RlPrg6VUZ/jRwf5vhKR0Wrw5zYzeWxL9PflisGcp8Qos/jRLfxJ2SCLjPW9X/woL66Yae9v7fzox51tD70XkYXr/Fjb+4fawY/rADNXOGXU7eZ/vNOcoM7AzBVR30fFj66NOuewDzvBeUif+7BvXtmzzOjvvO9Hl5fwPFZERESkfwzLsqxUFlhXV8eUwsJBlxNcq2bY19ALrgc12CnzMQTXtUo0XUluLr2n5ctoEW/cuvHjWfju073uijwEY5mIjDzpM54No9BsnPByKTp3S0bwO2iI7ksg0k+jatwSERkFvmxstGcFpVBlZWXCbUbgFP6bRfhO8X2vQSo3l+D6o8nc1EFkqATXAe59N+ZE6/KKiIhj0m3O0ic9p9Tr3E1ERERktFEAdRiE7yAK89fql/kRI2Ld2OJHf6AbFEgvJz/5JCXl3HP33Qm3mbliCyvO9lgzbv5aZUWLSEq0Xr8+3FUYetnf5P9eXUfl9qMRD3pYuv73mXr9Oq3DVrF0106nH8BLu9pJ0kD2cFdARERGBAVQE8lfwLpXF6S4SOcOojKyzFzBT15dkXg7GdWSCX72JfkgbD4LnnkVDTUiIoMw4xGqqh4Z7lrcZPKY+1QVc4e7GiIiIiIppACqiMgN1v7edwf0utwH/yHFNRERERERERGRRMzhroCIiIiIiIiIiIhIulIAVURERERERERERCQOBVBFRERERERERERE4lAAVUTkZtNUw8aKCjbWNPV4bAe1CV+XYJsBV2kTj+8YipL7Lr92R492SKiWHRUVPB76l6g9mnh7UwWDP7TIcmrZUbGJt/tTbRERERERERk2uomUiMhN6szO/dSWr6I02Rc013NmiOpSUL6BXUNUdnxNXGgAipJ/Re2Ol6hZtI5dq0qdvyt4cVMR2zaUUzA0lXQUsHhDtf2/TV9SD3iGdH8iIiIiIiKSKgqgiojclEpYuRJe3FEbCgZGaqrZxNqddri0ZGUVG8ub2fHSAQBe3DGnx2uaeHtTJTuD0dWSlU5AsZYdFS9R4zxcvq6aVaVO0PGA86ATjGyq2cTa+uXsWlUafr5kEeUcgOXVrCqtZUfFHlgENQfO2PWv2sDiAuzM2MqdTnB3Ec9WO0Hh2h08/tIBoITyRb1boKnmFbvOZ17h7fs2sLggsr4R5UQc54UGKJmXH3qkdFW1E/i12+DwvCo2lhfY+95TxLYN99kbHgvWJdgO8bf/cFMlDZ5F1BzovX3D8io8e+xjPfNKDfdvmML+GG0sIiIiIiIi6UNT+EVEblb3LWFlw57eU8Frd7B2p4dnq6vZVb2Oop2V7KgtZdW6RcAinu0ZoWtqZuqaanY525efOcyHTdBUs8fO1qyuZte6RdTsqaGpqYa/ObAoVHb5gR77r93Bi8Hn1xRRH5Xyeob6ojXsqq7m2UVn2Lm/FqhlR+Vh5lXZ+9+2soEXdziPv3SA8nXV7Kpeg6ehd+5sQfkaVpZAyco1LC5o4u1NL1G/sipczqYaopumgMVrVsLOSnv6fq/n46tpKGJbsB1eSrwMQg1znHqU2O3Wow4llLByTTnEauMk6yQiIiIiIiI3hjJQ5aZjGAamaWKYdvzfH7Cwgo8bBi7TxMLC6wvQ7fPT5fXT1e2j0+ujs9uHZ/IExrqu4m05juEei+Eeg+HOxTBzMFw54MrGMLPAyADDDYFOrIAXCxcWmQQsCysQwLKs4W0IEQpYvGYeG/fXsnhJ+NGmLxtg0XIn+7KUOYvgb75sginxiimlNCoLtYSVQMF98yjZ+RKPH7AzI3dtAGhiXslOXqw4YGefVm+w9+kUVXvMfrwUoOA+5pVAQ8SuiqbYE+Xzi0qgHmc6+xlqKivYGdrqGLVzoIZFPGsXxP3znO3jaqbhTAnz1tjl23Wvpxmip+YXlLOxutyu644K1lbsdLJo83uVGKlk3n12OaVzKGcPFxJEOUuK7PIKpvQ9UT92G4uIiIiIiEg6UQBV0pphmvj9Fn7LwuV2k5Pp5npnN80t7TRcvEprRxddXj+dXh9d3X66vD66vD78gfjBzeXz7yY380vaTlclUwPMzDxcudNx5UzHzC3GPWYGZs40zMw8LF8HFmDhJhCwCCiwKjdaQTl/RAU7Plo58DKcqfLl66rZFZxq75S9sbrceb7CDmhWr2LxhmoWO9P7g4G/JX3vIYEY0+1rdwyqxGSUrqpm15IaNlYeo3bV4I5gwOK0sWbxy83tNG9Ubudo2WqqHpkR8XgLR17ewoXvVRH1cDIlvlHJ9qMxnui1jxvNPqYTs9bz1Ny8YaxHtJYjL7NlHyxd/xSDrlbLEV7ecoJZ659iLhH/31e5LX1tl55tJiIiItIXBVAlbZimiYVBt9/C5TLJyXTTdLWdxsvXuXilnYtXrnPxSlufwdHUswh0XyLQfQnvlQ96PevKuQ1Xzm2YOdNxjb2TjAn3YWTlE/B7sSwXfr9fAVXpJffBf0hpeaWr1nGs4iXOYC8UWjDFAzuPUbuqlFJqOXYAitYluEVSyUqWlAK1x6gBVmKvo/pj1rCxfBW7qorYWFlvr1f6CvzHDeWsqq7Cs6kyKsO0dM4ieMnZd9NHHD6T4B5PBVMoYid/U7OEjeUF9lqqh+exbcMcynmJY7WrKC1t4sPDZxLcdSkfT8kZDn/UxOLyApo+OsyZknlE55XaQd/6lc66paFjLyKfAvDAmXo7Z7X22AGnFWxnDn9EU3k5BbXHqMHDswV9b5+smG0sMlIcfYsj5SkI4AX1DJa2HOHlLdt544H+B2RHthY+PQFlZXDi0xbmKkgpIiIiMmgKoMqwMQwDyzAJYJDhdnHpWjvnm69x8Wo7Fy+30XytfbirmJC/4xz+jnPAsfCDZjYZE75ORv48Mm95EDMrH38woBoIYAUCw1ZfGX4nP/lkCEotZcnKEmqCc+BLV7Ft5SbWVlQAzk2kSoGmIkrY2fsmUqVzKD/zkjOdfSUrSw7Q0AyLy9cwb1Mljzvllq+rprQA/uO8Tfa2YE9/L4WmL8P7fnZRhT3Fv2QR5SWJ676qaiUbK4P7WcSz1eUUAKvWLXKyMksoXxSroAKmeuDMTucmUhvW0VDRu5z4+wput4oCoGDOInjJyapdFH3XqhJPPT+uqOBMsB0A+ti+TwVTKOIMO1+pYduGGG2cfEkiac3jgX27jnDXU3MZkhBe3ly+V7aP7R+c5pEZiqCGnK5hH7NY/8AFtmyv4fTcRxhU6+TN5amqufb/t6SigiIiIiI3H8NKcXpcXV0dUwoLB12O9xV7jbqMNTUJtpSbiWHYGaZutxtfwKK2oYlT5y5x8UrbDavD8vl3MyXzC659+Gc3ZodmFhkTHiAz/1tkTHwQM6sAn7cDi0z8fv+NqYPcEPHGrVE7njXVsLHyMPOqNrA4QQKsiKSXRONZZ8Xf9/Fqewo/q1fD9u2cXxqcqt17Cr891dzJY/csZX2cYOvpNyrZTu/p+j0f77O8liO8vGWfkzXviZreHrVEQESm6+k3KnmLMjh6lIZgeZHleMoo4yjng9PRT79BZaggTx9T6O222BdK4S9jdZUd6Ey4zz7LdV4/dT1PzW1x+sFp79NvYP8ZDKj2mEofVXfwBPutryn8UfWKaLvga5ZOY9++o9HlxZjCH6/9RVIhu/r3gFF4HiYiMkJ92dhIcXFxSsusrKxMuI0yUGXIWRi0e/3kZGXS2e3j07PN/ObcJS61dgx31W6MQBfey+/ivfyu/beZhXvc3eTctozsvDL83W34LTcBZabKSOCspxpUsrJKwVORUWsGj6wuozJeFuTpN9iybxqrq55ihhNU2/LG5OSDZy1HeOsolK2eEaM8OygXLu80b2zZx7TVVTwVDCZueYPJVY+Qd+Rltp9fyvqqueQ5wd+Xp4aDew1HYXVVVTjouGsfLF1PVSjoCJ5Z2PvYfp6l66vs4OLpN6iMk4HbcmQX+6atpuqpGQQDim8dKY+zz/h1791Sp/ngqIdZ6/OAPMqXetgSzNCd8QBlbOeD048wYwbQ8iknGjzMejwvdt0TZq/abRGqV8sRXt7iLNtgHwX7TsxifVWVEwDewhuTey+30BLV/nZbvHxE66OKiIhIelEAVYaEaZp4A+Byubje0UVtQzOfnW/hSlvncFdt+AW68F39Fa1XfwVAZkE52VP/kIyxXyPg9+ELuDTNf4RK1fT9e+6+OyXlDInSVeyqXjXctRCRdDHjEVaXVbL9jQeoeiQ6IHb6g6NQttoJ0OUx93tl7Nv+AacfmRE7aHd0O5U9biTlWbo+FJA7/cFRPEvXh147o3wpni1Oeac/4ChlrA49+QhVVQAtHDnRgGfW406Qc4YddDzxKS1znWnrZQ+E6xMVdARmlLPUc5QToRo1sK/mNHMfmWHv46nYzZI39ynCt7Js4UIDMCtig8h9nv6Ao56lrA8fGEs9W8KB0EinP+Bo2feocqqXd9csPPuCbTqDB8oIL3nQcoGGsu/xVJ593I9EVLbl4nlgWuzKh4+CuU9F3JCz5QK9DuN7TvA4armFyPdBC5+eaKDse0857e+8D96y218hVBEREUkXCqBKSvkNk6yMDFpaOzhZ38Rn5y/R2tE93NVKa91NNXQ31WC4x5I5+XfInvL7mJmT8AUMAgFTN6EaYQYb/ByaNVRFRIaOHcjczhsPrGdq6NEWLp4Hz6x+hMjKek7Vn8b3QlmKdnkNR7dQuS/yRR4utkCevbMYATk7eDnte0nWo+UCDUwjvHkek0Nxxhk8UrUaKiMCvfGmo/eY6u/p4yZ5LfaBsSX6wPBcbIEewcgjbx2FhqO9As3B7NbIoDIfHKXsgUfCr41YUsDTV4WiDiNi6r3H0+Nefx6mRlQvb6oHLvQ6Oi40wNHtlURXuYwWUABVRERE0oYCqDJohmHQHbBvBHX4wy+oa7xCe5d3uKt107F81+m68Ld0XfhbzOxpZE3+92RNeRgsCx9jNcV/BPnHBnNAr/uOR+8BEbkJ5c3l8aUn2PJWDWXhB5k8DRouDCxMljf3KVZfqGT7y1OddU7t8jyz4kz9tncWIyiXx1QPnOgVjIy346l4OEF4cztwG44Mz+CRqioeAWdK+3beeKDntHU70NlrTdB4u7QPLO76sOFiP+VEQ1nEGqfOw0deDmXU5uXdxSzPPj44/QAcLSMUPz1dw77I1zpLE/Sp5QhvHY1Yj9VZ9zTu5hcaYjxqt3/Z93pP7RcRERFJJwO7ihfBXtu0K2DQ4Yd/PdnAj988wcn6JgVPUyDQeZ6Ohp1ceXcp109twez+ggxXN6bLGO6qiYiI9Fve3MdZylGORsTQZjxQBkc/4DQQyp6MnLqewIxHVlPWsI9dR1pC5TXsq3HKswOHlZVv2H/PeIAyjvJB+ElernyZIy153DXLQ8OJT50bzJ+mZl8Dnll3xQ5W5t3FLI89Td8u51NONPQsM7jtZKb1yMKMZAePcYKXfR3oA5Q17KMmqu6VvHE6erOWT0/QEKP98u6ahafhBJ+2ANjHe3T7ds4vLe+x7XkutkCoL5LSQPgwIm4m5TwXbidnvdoHetXOrs9bRwg22+k3Kql8Ofy3iIiISDpQBqr0m9dvETBMOrt9HK09x5kvLw93lUY039Vfce2D/4BrXCm5t/+ArDFfwxdw4Q8omCoiIjeL4BqnEYG5GY+wfunLbAne9dSzlPX9SkN01ivdF7w5UY/y8LB0fTAbcwaPrF/Ky1sqCT5bttq5YZKTzRqaIl+22r5BVLzjeGo1F0LT9MsoK4PzAHlzeWr1BSq3VBKcbO9Zup5HehUVbAunjLLVrC47yva42bi96x659qvNDvyGbqgVtTs76zS4NmveXbPwALPuitiXs67qvi2V7MPD0tVL8Wx3Mm3jtERoXVNn+n3Z6tWUHd1O+DA8LJ36AZVOKmvvOgeL6dH+lLG6SuufioiISHoxrBQvsFhXV8eUwsJBl+N9pRyAjDU1gy5LUiOAQQCT5mvtvPvpec41XxvuKg3I8vl3MyXzC659+GfDXZUBMXOLyClaReYts/H6AgQCSiRPF/HGreDjv1n419xz992DmsJ/8pNP0vsmUiIyIiQazzor/v6G10lEZCCyq38P0HWliMhI8WVjI8XFxSktszL0A3x8irxIYqaJ4c7kwuV2fv5vtez719qbNng6EgTa62mr3ciV9yqwrrxDVpYLl+kf7mrJcGiqYWNFBTtq+9pkE4/3tUGUWnZUbOLtpoGX17/9OXvdUcHGmqak9i8iIiIiIiJyo2kKv8TlcrsxXS5+c76FfzvZwNW2ruGukkSwuptp+81/o+3Mj8ktWknWlN/D5wO/XzcaGi2aPjoMixZRf6wWSktTUGIpq6o39LlFQfkGdvXxfHP9mX7us4kLDUBRcvsXERERERERudEUQJVeDMPA5bLo7mjEnzGZfzj+2XBXSfrib6f981dor9/JuNKNZI69C68/gxSvziFpp4kPD8O8NUvglVd4u2kDiwucp2p38PhLB4ASyhcFt69lR8UePCs97NxpP7eyajkNlS9RA5SsrGJjebO9TdUG7v9oE2vrPZQfOEANwKJ17FpVSlPNJtbWL2fXKthRYb8WoHxdNavYwYsHAF5ix5wqPHsqafAsouZAAyurNrC4OViv8GuWfPkKO88AZ17h7fuW01Bp739xQRNvb6q0n6PEfr3zmF3mgfB+UxE7FhEREREREYlDU/glitsFhtXGB//wHzi25/uMyXJTMuWW4a6WJMPfTuvHf8712g1kujpwa1r/yNb0EYc9y1lcUMD98+DwR8F577XseOkA5euq2VW9Bk9DZEboGXbWz2FXdTXPLjrDzspjzKmuZtvKEs4c/oheM+cPwJzqanZVraTkwJ6oqfVNNXuoWbSOXdXV7Fq3iJo9NTSVruLZRcCidaGgZg1z2FVtB3drsfe9y9lnzbFaCsrXsLIESlauCQeAgdodlez0BMv3sLNyB8GFAWqccratLLH3m8p2FREREREREelBAVQBwHS5yMrK4OzHu/jX17/NtaaTANS9/yq/O+trw1w76Q/f1V9x+dgf4v1yL9nZGbhc+piPRE0fHaZojh2lLLhvHgQDoLXHqGER9lMF3D+vJOp15c5r8otKYNEcSoGCKZ7YOykpIh+gYIo9wz5CwX3zKDnwEo9XVLCDVezaUE5BzCLyQ/9fWlpqZ8dWVLB2Z19T/e1p/cG6UjqHchq40BRdZtx6i4iIiIiIiKSQpvALLpdF++VPOPaL/4SvuzXqufoP/j8896/iwTun8t5vLgxTDWUgOs5W03HhDcaVbiBz7D14/S5N6x8xatm/8ww1VBC+n2wJHzaVs/hGVaGgnI3V5c5yARXUsIhnq1f18QJnSj4r2VZdDTWbWFt/oyorIiIiIiIiMnAKoI5ibreJaVh8fOB5musPxN2u9p3n+Nbi/6oA6s3I307rx/8Z94QHGHvX8wSsTHwBZaQOt+94Bnmjr9pj1JSsZFtE1mdTzSbW7q9l8ao5lPMSx2pXUVraxIeHz8AQJGo21Wzix6xhY/kqdlUVsbEyuWho+fJyCmji7T7rVcBUD+w8Vsuq0lInq9bDswWgUUhERERERERuNAVQRyHDMHC7LC7W/RO1hzYl3L65/iDdHS38zm+V8E/v9/cO25IOfFc/4Mq7f0jWtGXkeFbS7TWGu0qj1slPPhl0GbXHDlAyrypqynzBffMo2XmM2lWrWLVukZMVWkL5opK45QxGQfka5m2q5PGd9t/l66opBZqKSmCncxOp6Fdw/7wSdjr1WrlyERz+kiZKmeqBMzvtm0gFla6qYuWmSh6vgOBNpEppUgBVREREREREbjjDSvGc3rq6OqYUFg66HO8r5QBkrKlJsKX0h2kaeNsv8NHb/5n2K3VJvy5n/HTKlv+cqn1Hh7B2N8by+XczJfMLrn34Z8NdlWHhGnsnE77+3+n2WQT8g8yElCjxxi2NZyJys0k0nnVW/P0Nr5OIyEBkV/8eoPMwEZGR4svGRoqLi1NaZmVlZcJtNJd3FHGZAa41Hufdfcv7FTwF6Lh2lquXTvPIt0qHqHZyo/iv/4aWf/s2RsenZLgVQBURERERERER6Yum8I8SGW44feKvOf/J3gGX8cuf/zHlP3gPt2niCyjwdrNr/fDPyL7tj8ieXqEp/TdIKqbvA9xz990pKUdEREREREREElMAdYQzTftmUcf/dgXtV78YdHlN9Yd5bPE32fnPv05B7WS4dZ77G7pbjjHhge34fAb+QEpX9JAYBhv8TFUQVkRERERERESSowDqCGbgo+PqF/zy71elrMyP/vk/sej/Ok7hLWNovNyWsnJl+ATa67l85LuMu/e/4h5TV0+bLgAAIABJREFUis/vGu4qjXgfL1s2oNfdu3fgGeQiIqk0buzY4a6CiEhSvMNdARERGRG0BuoIZRpdNP5mX0qDp0FnT/4v/mCu1kIdaVo//nO6Gv4nbuP6cFdFRERERERERCRtKIA64gTIzMrgZM06zpz46yHZw+lj28hyW9x7e8GQlC/Dp+vLv6P1w6fIzlZyuoiIiIiIiIgIKIA6ogS812lv+ZhDry3g8oUTQ7qvz47+N8q/Xjyk+5DhYXV9yeWj3yc7OxPD0M2lRERERERERGR0UwB1pLB8BHxX+eD//EcC/q4h392Xp35OwNfGt+71DPm+5Maz/G20/Ou/I8PVialRIm3V7qjg8Yrgvx3UOo831Wzi8R21QC07KjbxdtMACm+qYWNEmdFPbYrYbwUbawaygx5qd/D4phpSUJKIiIiIiIhISik0MhIEuulua+D43/7xDd3tx/+8ltl3Tr2h+5Qb68qx7+PyX8RlWMNdFYnSxNubKniRdeyqrrb/rYMXewU8S1lVvYHFA1lto7meMzF3XcOPd8LKKme/VSthZyU7YkVa+6N0Fbs2lKOFQURERERERCTdaKHDm12gk87Wz3l//5M3fNdXv/qA9mvnWfLQnex/9zc3fP9yY1z95UrG3/+XuLK/hj+gKf1poekjDp9ZxLMbIm7mVrqKbVW1RKdw1rKjYg+eKjuIWrujghcP2M+UrKxiY3kBTTWbWFvvofzAAWoAFq1j1yrY8ZK94Ys75rBrVcR+mus5g4c/CkY6C8rZWF0erlrNJtbudEKvi9bZr63dweN7oJwD1BR8m5Jj3fxR9SpKg9sfnse25fWs3VPEtg3lFNTu4HFn/6EyiF1/mmrYWLnz/2fvzsOjLO/9j79nyULCLgECkgijSNhEUUEkYAZci7uCSxMT0S5oqxJtf6E9B+gC1RY8Pa24tScx0aq4I+JKoqKyCIgEGAQCJGyRYYdss/7+mBB2CMnMPJPk87ournaeeZ77/gykc5Uv3/u+a4u9NjJnNLBgLCIiIiIiInIK6kBtyrwVHNq9ypDi6WHfvnMPF557jmHzS3gcWPko/gOLsFq8RkcRwFm8gBJbMp2Ou56QkELCKYqHzsKpR3Ws5pCcN+vI0v4iGFrbTWorms18ZwpZOWlAGpOOLp4CpGQxKa2IabXL94/pPHXkBoqh+fkU5M8gs2z6kfdLykiakE/BhGtItRWxqPb6rtIS7GOP7jx1kDu9CHvOsWOcKr9jbh5kzqAgP5+ZmZA3t7GtsCIiIiIiIiLHUgdqU+WtZP+Py1ldNMnQGD5PJXt2fM89aQP4T1GxoVkktA6t/SNxPR/CfE4aPuKMjtOiJSSe/d7Du0pLoGg66UVHrtmKnQwEOFyMTUgkuR5jpWTlU5BFbfdnBum1nZ8Dd5RBSRETM/KO3LzIQdZQgCS6JQAkMDDVxoIdTkjZxaKiNIZmwZENXHdQShrjUgL3jpqcD4Bj0cnzTxmaRsn0bNLzAhkKjjTDioiIiIiIiASFCqhNkN9Xyb7t3+D4cqrRUQBY8cF47A8spW1cNAcqXUbHkRCq3PQM8dZYojpchdtnMTpOy9UpGVtJKbvgmD1DHbkZvJ48g4dO8VjdsvejOAsbkaN2+b4jN4PXDxdjj1pyfyTYomMfG5AKs4pxJpZSmDaUrHpOd7L8kEVBflZgK4DsDPJsmYFtABr4kURERERERESOpyX8TYzfc5Ddmz+LmOLpYTvWf8C4Ef2NjiFhULF+Bu69X2K1+IyO0mT1f+ONBv2qkzCAVFsR045eP+/IZVpRGuNOKDAGdEq2UZI3t7bR00Hu8cvv68lZOJX0Ew6rguTEhEBnbNHs2q0BAgddTSl0njhIwgBSWcAzs4uwDz2u2JqQSDKHl/gfGeNU+R25gf9MsE+mICft7D+QiIiIiIiIyBmoA7UJ8bkPcnDnMtYt/KvRUU7g+GIyV91/HbauHSgp32t0HAmxyvV/pU2/c7DED9DBUmdp9Zo1QRglgVGTZ8DUbNIzDl9LY9Lhg5lO9oR9MpNKM5iWEVgDb8ucwZQUcO44xRSdkrGRd8IhUsePc/RYkMXMzNpOUAh0o9oTOKHaSgKjxiaRNz2pdqn+0VLImpFZuzUAYMtkpj2BBE6en5QcFmXU3ouNzBlZ6j4VERERERGRoDL5/X5/MAfctGkTiV27Nnoc96zARnZRExqzvrT5MJm8HNy5jJWfZBsd5ZTOu/hBug8czz/nfGt0lNMaO6IvidGbObDyUaOjNHntLnkRr7U7PjWjAqf+3tL3mYg0Nfo+E5HmQt9bIiLNy47ycnr27BnUMbOzz1xrUwdqE2A2m3BXOSO6eAqw+bsX6TEgg0t7d2Ppuu1Gx5Ew2L/8QdpfPhu3qQ1B/reYZik43afQr2/foIwjIiIiIiIiImemAmoTYLXAV2/eaXSMenF8MZnho/6iAmoLsm/JWDpc+SE1NUYnaRoaW/wMVhFWREREREREROpHBdQIFx1t5utXf2J0jHrbVVqIu2oPV1/Si0+XbzQ6joTJ3q9/QsfUz6iuqjY6SpMw9r1xDXpu9s2vBzmJiIiIiIiIiJyJ2egAcmpmk5sVH/4ad/U+o6OclRXzfs7Anl2MjiFh5WPf4nHExOgrRURERERERESaF1U7IpQJN5uWP8e+8mVGRzlrlftLObC7hNuHn3C8tjRjPpeTg6smEWVxGx1FRERERERERCRoVECNQGaTh92lhWxbM9voKA229J1xnNelPWb9hLUonv3L8ewuwmoxOomIiIiIiIiISHBoD9QIYzJD1b6NrP3qT0ZHabSdpV+RMeoS8j793ugoEkYVG/6H9u0HYzIn4Pf5jI7TPDkLmZKdR8lxl22ZM5hiTzjLwRzkZswmacZkRp3toxExvoiIiIiIiEhoqYAaQUwmE1EWCz+sLDA6SlCs+vRR0sYvoWuHeMr3VhgdR8Jo3/IH6DDsA2qqXUZHacZsZAalKJlCVv7kYAQyaHwRERERERGR0FIBNYKYfNG889hBbnn6SXZv/ZJVnz1hdKRG27r6dW4ZdgfPfbDU6CgSTr4aKhxTaHX+b3B79TUTXoGOT9KgsKiEYwqtjlzSpxcBNuxpUMhYCrKo6xAdWDyViaVJ2IuKKARIy6EgK7CXsSM3g2lFgRmO7nQ92XVn4ZFxSjN/SXLeJ2cY38n8qdnklQBpadiLytSxKiIiIiIiIhFDO1RGCr+V1e/XUL7Ky3NX7yfaegVX3vOR0akabf2iGcRYoV+yKiEtjWv3V3j2foXV7Dc6SjNVQl52BukZR37lOo68V5o8gYL8fCallZA31wE4yJ1ehD0nn4L8CSSVHb8BQK0iGJqfT8GMTGxFs5nvBGfhVKaRQ0F+PgX5OSTnzTrt9aPHmWJvX4/xZ5FHJjPz8ykYSqC4KiIiIiIiIhIh1BoWAUwmE64DFr557mDdtVfSKxnxSCxp479lxYe/ZO/2ptvBuWHx3xg15DesLnWe+WZpVirWPUW7yy7GZGqP369CanCdfgl/cmLgjU7JNigFHIsoJI1JKQAJDEytvX7CsMl0AkhIJLn20q7SEiiaTnrRUbcVO+l2iusDjx7njOM7WbmgBFvqBBIAUoZip6xevwMiIiIiIiIi4aACagQw+2N4b+L+E65/+XcXq9/3MO7FZykv+QDHF1MMSNd42x1v0Wvwwwzv14OvVm8xOo6E2YHvfkb7IW9SU+M1Ooo0wskOqHLknvy6Uy2kIiIiIiIi0oyogGo0bxTfvVnN/u0nP61890Yfs0bt5b7ZV3PFuMEsfP3GMAcMjuLPsrn8J8+rgNoC+T0HqVg3nVa2ibg9+soBmH3z6+GfNGUodqazyJFFSkqg65Ok+j3aKdlGSd5cHPYsUnCQmzEdcvIZc6rrZxUs0A2bt6AYp91OgmMRhUDm2X9CERERERERkZBQNcNAJrOZSqeJb1+qOuO9L42tYPSkdqSNX8K37/6UQ7vXhSFh8OwvX07F/q2MGXIBcxevNzqOhJnL+TnRna/D0noQXu/J/7GgpVi9Zk2QRgrsgZp39CVbJjMnJ57i/hSyctJIn55BITbsabZ6z5Rgn8yk0gymZRTVTjODKSlAysmvO3ec3SdJsE8gc0E2EzPyAodInd3jIiIiIiIiIiFl8gd5Y8JNmzaR2LVro8dxzwr8FTpqQvNdC2o1xfJy+j4qdtX/j6DbRVZueboN29bMZt3Cv4YwXfBZo9swIqOIGW8tNDTH2BF9SYzezIGVjxqao6UxWeLpcMU7VFd7jI4SMqf63oq877PAqfcLUk9cfm84Ry7p02FSfhYpRmcRacGazveZiMjp6XtLRKR52VFeTs+ePYM6ZnZ29hnvUQeqQUz+aL4tqDqr4inA9u89zLLv5f53bmXoHVew6M3bQpQw+Dyug+wp/5670wbwalGx0XEkzPzeCqrKCohKHIfHazY6TgsUWGJf91cHWyYzI6R46iycysS8krrX9px8FU9FREREREQkYqiAagCz2czBbbD81eoGj/F/tx7i+j924qqshSx64zaqD53lmlmDrJg7HvsDS2nTKpqDVS6j40iYVZUVEJN4KyZTK4Lc/N4kBGv5fr++fRvwVApZ+flkBSVBcCXYJ1OgdfsiIiIiIiISoVRANYCn0sqcJw40epwP/6uansM93PDH9yld+RIlS/4RhHSht2P9PMaNtPOvj74zOooY4NDaP9K6zxRc3iijoxiiYcXPI4K3h6qIiIiIiIiI1IcKqGFmMlnZ8q2Hyj3B6b7b9JWHZ9L2MH7OPZzT/UqWvHNXUMYNJccX/81V919Lz67t2VS+z+g4Emae/d/hrfgBS/wAvN6W14UK8O8bznxw3MmMn9cqyElERERERERE5Ey0EWGYRUVF8fnMiqCP+++bDrJnU3euyvwGa3TroI8fbJtX/JsbLrvA6BhikEOOqURFWYyOISIiIiIiIiJyRiqghpEJK9+/VYWnJjTjv/9EFYV/czEi43OSB0XiTodHbF7+AhaTm0svSDQ6ihjA762gsqwAq8VndBQRERERERERkdNSATWMoqOj+ObZhi3dra8fPnbxTNoeevT9GZfe9FJI52qstV9OYXi/JKNjiEGqywqwmDyYTCajo4iIiIiIiIiInJL2QA0XTzTf5FWGbboXf3KQ2//RixH3fcmXL40I27xnw7lpPu4r9jL64l589t1Go+OIAQ46JhPf5w+4W+iBUg3mLGRKdh4lx12258wgaXY2ZWPzyUoxJJmIiIiIiIhIs6MCapiYTGZWzK4O65xv/aqKi+6Ixv7QUn74+i9sc7wZ1vnrY8UHv2DInbNVQG2hPPu/B18lJlN7/P6WeaBUw9nInDGZUQnHXZ6cb0gaERERERERkeZKBdRwcEex4JngHxxVH9+/6eL7N/fw84+foHPPUXw375eG5DiVyv2bOLh7A7cNT+HtrxxGxxEDVG16nlYXPIHbraX8jedk/tTaDlRySZ8NdoooLAFsmcycbCcBcORmMK3o8DNpTMrPIsVRv/vtOYe7Wx3kZkynEDhlMVdERERERESkGdAeqCFmMplwV5n54ROXoTmev3Y/nsoBjEj/3NAcJ7P0nbvp2aW9fhhbKNeuzzH5XdoL9ayVkJedQXpG7a/ck/wDREkZSRPyKcjPwV6Sx1wHgAOG5lOQn09B/gwybUUscpzmfkcu04rSmJSfT8GMTEqn5+LAyfyp0yGndpycJPJmFeIM34cXERERERERCRt1oIaYt9LK508b0316vNkPVnLZfdHYH1jK6qLf82PJR0ZHquMs+4b0qwfx0qffGx1FDFC1+V/EnPcQHo/RSZqSk3V9Hl/CTKJbAkAnkmxQBkAKKSnHdZWe5n7njjJIG0sKQIKdKfkADhaVQOH0jNoO1ECelU67ulBFRERERESk2VEBNYTMZjPbVvkoW+w2Okqdb19yUfzOHjLfnEoX23Ws/ORRoyMBUPzJr0kb/y1dOsTz497IKDhL+NSUf0Bcr4dQ/TQMag+gInMGBfkElvw3aCAt2xcREREREZGWQQXUEPJUWVlfWGl0jBNUH4DnrtnPPS8NZvi9n/HVK6ONjgTAltWvceuw23nug2VGRxEDVJW9REz3+3B7jU4SeuPntTI4QRrj7AngLGRBCSSf5s6ExCTIW4QjK4UUZyFTsheQOmMCSbYS8uY6GJWVAo5c0qcT2Es1bJ9BREREREREJDxUQA2hqFgLJV9ETvfp8f5zXxVXTojF/sC3fP/xRHZvWWBong2LZtA95Q76JnViTdkuQ7NI+FVvfZ1W5z0IXmP3Cw611WvWGBsgYQCptjymZRSBLZPMNFiwwwmJp7g/JYuZmVOZmJEBgC1zBqMSEmByDmUZ00kvgsPdqCqeioiIiIiISHNk8vv9/mAOuGnTJhK7dm30OO5ZgV35oiYUnuHOCOWzsmaOh4UvVBmd5Izadjdz70ttcZZ+xurCSYZm6Z5yJ72GPM7/vrckZHOMHdGXxOjNHFgZGdsXyBGtznuAqK534PH4jI7SIKf63mry32ci0uLo+0xEmgt9b4mINC87ysvp2bNnUMfMzs4+4z06+DxELJYoVr5dbXSMejmwzcezo/fRqtVIrrz7Q0OzbHO8gd9TyZV9exiaQ4xRVZqL1RpldAwRERERERERkTpawh8CZrOZnWs9VOwKanNvyBXcU8HIiXGkjV/C8rkPsv/H7w3Jseqzxxnyk+f4es0WQ+YXA/m9VG19FWuXO/F6m99mqMFavt+vb9+gjCMiIiIiIiIiZ6YCagh4qqwsfzXyDo+qjy9m1rBmrps7n32RHeveZ+1Xfwx7hn3ly6g8sJ2fXH4BHyxZH/b5xVgu5xfEJN6M12sxOkpINLb4afgeqiIiIiIiIiItjAqowWYyYTaZKFscuYdHnYlznY9Zo/aR+eb1DBt3Gd+8flPYMyx7L50RGYUqoLZA3or14KvGZGpNkLdojhjfvJLaoOeG3WvsQW8iIiIiIiIiLZH2QA0yk8/KijdrjI4RFHl3HKJscTvS7l9MXPteYZ3b4zrAnvKV3J3WP6zzSmSo3vE+FovJ6BgiIiIiIiIiIiqgBpvFamHVu03j8Kj6+PTPNcz5bQVDbn+dC64486lkwbRi7v1069iG1rHRYZ1XjOf68SMsZp/RMUREREREREREVEANJovFwpalbmoONa9lx1uXephl30un7rcz5I43wzr3jpKPuGtkv7DOKcbz1ezEV12O2ayvKBERERERERExlqoTQeQ6aGb5q82n+/R4/3frIXau6cxVWQuJjksIy5yOot/TJi6K87q0C8t8Ejmqt7+D2ew1OkZkchYyJWMq853HX8vFYViowxkySD/uV66hoUREREREREQaRwXUIGrVzkL5Ko/RMUJq3u+q+eRP1Qy/50N6Df5FWObcvPxFfnJ577DMJZGjZucnWK0xRseQs2Yjc0Y+BfmBXzMzbRTOLsR55gdFREREREREIpLV6ADNhdliYdv3zbt4eljJ526e+XwPD869j3N6pPLtu/eGdL7NK/5F0kWZDD4/kWUbdoR0LokgvhrcB4oxt+qLz6tO1LPhLJzKxAWpzJxsJwEHuRmzSZoxmYHFU5lYmkpmWR55JUBaDjOTZzMx8IJJ+Vmk4GT+1OzA+wC2zMA4jlzSZ4OdIgpLjrp+hiwJA1Kx5ZWyC0gAHLkZTCs6PPQMptgTAp2r2XkEprSROWMyoxIAHORmTKcQjsoXuEZOPlkptZ+1dCwFWZCbMRvSoLAoiUn5Y9he9zmOGvOYuQ6PeWwu0nIoyEoJwp+EiIiIiIiINAfqQA0Wj4V1n7mMThFWL445yP6yJEZmfo3ZHNqDntYu+APD+/cI6RwSeaq3vY3F1DL+YeLslZCXfdRS+bqi4BkULYAJ+RTMyMRWNJ1nmEBBfg52iljkAJy76DbhcAdpDvaSBaw83D5aUkbShMPX85hbj6X5zuIFlNiS6USg2DmNnLqxk/NmMd8Jjrl5kDmjtmMV8uY6ACfzp06ntO56GdOmnqmTtYTS5AkU5GfRqXAWeWQyMz+fgpwk8mYV4sRBbvYCUmfkHxkz1wHOQl4vSmPS4c9cNPvY7RFERERERESkRVMHapCYLWZKF7WsAirAe9lVpNwQjf2Jb9iw5O+UrSwIyTw7N36CbUg2owf15LMVm0Iyh0Qe9+4FmC54DIg1OkoEOrpTk9rOytJ6PJbKwASARJKxkTQgMECSDcoAElKO60K1kVn3cBLdEgA6Hbn/BIHCbt4xOQOdqo7SEiiaTnrRkbttxU6mDE2jZHo26XmBz1RgB3BQVmIjdUIg35FO1sTTfrzkxMD9u0pLsKVOCHTIpmRRMDnwe1RKCYXH5FuEI2sMqbY8pmUUBbpP8yef6XdRREREREREWhAVUIPAZDJRsctP1T6/0VEM4ZjnwjFvDz+b9xAJyWkse//+kMzz/Ye/ZMjtr6uA2sJ4KzZijhugZfzh4sglfXoR9px8ClICy//PzpHC7uGtBAYetc6/btn+MbIoyM8K3J+dQZ4tk5mTT18obbgjy/aPljI5n1G12wOkF4G9dosAERERERERES3hDwKz2cr6ohqjYxjuhRsOUL2nNyPv+zIk41fu28jBPRu47co+IRlfIpNr19dYaF7F02H3LmjQr/pKSEyCksC+ozgW1e4hehZsmYxJaeCzR+ewT2ZSUh4TcwNr/Tsl2yjJm0vglYPcjAxyHYH9R3MdgfsLctJqn+5Ekq2EBcWBtfRHtgIIdL+W7nACTlYuOPnGBZ2SbZQsKA4s+Xfkkp6RiyMhkWSKeL2wdszCqaRPLcTpLGTK1EKcpJCVP4NMWyM+tIiIiIiIiDQ76kANAp/LzKZvWt7y/ZN5c0Ilg8bFYP/FUhwL/sSOH94N6vhL37kb+wNLgzqmRDbP/hWYzF7wWoyOEhSr16wJ/SQpQ7EzvXZJehr2s322ZDoTM/IgLZNMWxFluxoRJSsHe8Z00smhIGsyk0ozArmo7UZNAVJyWJSRQXrgKpkzskgARk3OoSwjm/Q8CHSOBrYCGJhqIy8vsOTfnnbyameCPTDXxIzAYn17Tj4pQMqMTKZknzjmQ6lT6+4lLYcCdZ+KiIiIiIhILZPf7w/quvNNmzaR2LVro8dxzwr8lT9qQmP6n8LDaorl+ev3Gh0jopit8OAHbTngXM6KDycEdewB1/wvpvaDeOnT7xv0/NgRfUmM3syBlY8GNZeETodhH1LjivwtMk71vdWUvs9EREDfZyLSfOh7S0SkedlRXk7Pnj2DOmZ2dvYZ79ES/kayWCyUfes2OkbE8Xng+WsP4KsZSOpPg/t/Voo/+TXntGlF53bxQR1XIpfn4GrMlubRgSoiIiIiIiIiTYuW8DeSt8bC+qIqo2NErNfHVzJkfAz2B5ayan4OOzd9GpRxtzre4NYrb+H5ecuCMp5ENtfub4iN74vP6CCNFKzl+/369g3KOCIiIiIiIiJyZiqgNpI1xkTfG6KJijPh+EAHSZ3M4n/XUPxODfe9/me62K6l+LPHGz3m+m+eYuSFt5LSoxOOLY3YoFGaBM++FZiSPDSHr6zGFj/DsoeqiIiIiIiIiNRp+tUIA5lMJqqppLpnOcMvSsb+eDzuah97NvvY9I0LxwfVVO4xOmVkqNwDz169j3vyhzL83k/46pVrGj3mhsVPM/ryiSqgtgDeyo2YLdHgaeo9qAHPzFvRoOceumFQkJOIiIiIiIiIyJmogNoIJrOZ9XvWM/nzyQCYMXP9BddzeffL6X9Pb4be3xGP28ehH/2ULXHzw6c17FzrNTi1sf6TUcnwX8VgH/8t3334MHu3L27wWNvWzKbn4Alc2bcHX6/ZEsSUEoncB1ZjjuuPz9uy/zckIiIiIiIiIuGlAmpjmMDhdNS99OHjg/Uf8MH6D+quXXHuFVzZ40r6XzeA/re0B6Byj48dK72sL6ph01ct7wCqr/5Rw+o5bu7+v3/w48ZPWPP57xs81ur5v+Hy659RAbUFcO3+mtj4lCa/D6qIiIiIiIiINC0qoDaCy+di075Np71n4daFLNy6sO5173N6c1XyVQwafDHXjOyK1WKh+pCPnQ4vm75ysWpOy9hHdW+pj1mj9pHxmp0r757H16/e0LBxti+h6uB2brjsfOZ9uyHIKSWSuPcuI7b7WKCt0VFEREREREREpAUxGx2gKbNYLJTuLz2rZ9btXscLy19gwoe/5LY3biXrvSze3vQa1T03M/ThKB4q6sjPPmzP2OfbcVlmLK07N+8/ovy7DlHyRTxp9y+hTUK/Bo2xbM59pCQlBDmZRBpf9XYsMZ2MjhE5HLmkZ2Qc+ZXrONMD5GZMZb6z0ROTe3jOqYWcfLjD9+RyTCpnIVPqlfXooXJPHOc0nIVTa8d3Mn9qBmczlYiIiIiIiMjJqAO1EaIt0ZQfKm/UGLurdvPa6td4bfVrddeus13HkHOH0HdcHy6/rz1ej5+D5V62LPOw7jMX5as8jY0eUYr+WoPjQy+3/T2P7T+8ww9fTzur5z3V+9j7YzF3XdWf1z5fFaKUYji/G7+3ApMpGr/fb3QagznInV6EPSefrJTa1xnTmZI8gyn20P5jgrNwNqWZMyiwJ+DIzWCuw16b4Xg2bLYiFjmySKl931m8gJKQpoNdpYdnSGDU5PwQzyYiIiIiIiItgQqoDWQym9lxcEdIxv6o5CM+Kvmo7vXl3S5neNJwBoweSL8b22PCROU+HztW+tjweTUlXzT9fVTLV3mYNWovmW/+hCvuvJyFb9xyVs9/934W9geWEhdrpbK6eRWY5Qhv1XZM0T1VQHXuoBQbqXUNuSlk5R9VLHTkkj69qO7lkULr0bdkMK32FltmbeHVWciU7LzaIqeNzBmTGXVcPTYhMYmS2cU47YksKkpjaNapY6amprFghxNSEgAnKxeAPc1G4WlzOpk/NZuypDQKi8rI/GXSkY9dOJWJedTmChQW2b/lAAAgAElEQVSNC4/Ouiu39jNNJ3foDJJmZ1M2Np8xO6YysTQJe1FR4P60HAqyUgh0qWaTVwKkpWEvKiPpJJ9ZREREREREWrbmvT48hMwm0xn3Pw2WJduXMHPRTLLez+SW2bfw2KePMd/5ATGDfmT071vxUFFHxr/fnptntGHAbTGYm3BZPO+OCrZ915Gr7l9Eq7Y9zurZ8pKPuXvkgBAlk0jgrdiIyayvLRLsPJQJedmBpfRTCo9dSO9gKAX5+RTk5zMz00bhomPXsTsLpzKNnNp7ckjOm8V8Jzjm5kHmjNrnIG/uSda/p2QxKSmPiRmLGJqfxUmbTw9LTIYFxYFl/s5iFpDK0OT65SxkKAX5kxnV/vDNuUxckMrM/MmMSnAyf+p0yAk8W5CTRN6sQpwpWUxKA9JyTuyKLYKh+fkUzMjEVjSb+U5wFs4ij0xm5udTMJQjhV0RERERERGRozThUpuxfPhYu2utIXNv3LuRjXs31r1uF9OOa23XcmmPy7j85+cx4lfxeGp87NviZ/MiF46PajiwremcXf7x1GqSh3gYM/1tyopfZsOSv9fruTVFv+Oq+5eQ3LkdpTv3hzilGMFTUUJMxzSjY0SEBPtkCuwQWL6fTXrekU7TlJSUY7s7j/st21VaAkXTST/S/Imt2MmUoWmUTM8mPS/Q0RkY/2iBrk9yZpBZls3rhWN4iFlMLB1b29F5nE4DSGUWK512BhYvgNQJdGJB3duny2lLPnq/2yKmTbeROSOLQHPoLspKoHB6xlFFTxsrnXa6neo3zJZMJ4CERAI1XCcrF5RgS50QGDNlKHbKTvW0iIiIiIiItGAqoDaQ2+9h877NRscAYH/Nfmavmc3sNbPrro3uNZorzr2CPrencOlP2+Pz+jn4o4+ty9ysm+9i+/eRvcy9dLGHZ+x7Gf/eXXTscSVL3hpbr+c2f/ciY4aM55n3vw1xQjGCr2orJtxAlNFRIkhg+f6YwqlMXOQgK6VTYFl6bWclhVOZeJKz7uqW7R8ji4L8rMBS+ewM8myZzJxs5/Bdh/c/nZKSAJNzKMvIZiJgzzlVH2oCA1PhmWIHLIDUCQlQfPg9Z71yBqQxKQemzSpkYF2ek28xoDOjREREREREJNhUQG2gaGt0xBRQT+azjZ/x2cbP6l5f0vUSUpNTGZh2ESljzsEEVO3zU77Ky/ovqtkwPzL3Uf33zQcZ85euXJW1kK9euRaP68Bp79/83YskXZTJxbaufFfSuAO+JPJ4q7ZisUTh9hqdpHEeumFQ4wZw5JI+veyEAuLRXZv2sXYScDJ/QQkkHft4p2QbJXlzcdizSKnrKs1n6KIMFg3NJ8s+mYLEXNJnH/vckf1P7SSQwphMG4V5kNSJU0oYkAqzZrOgJIlxJ9lb9HQ5j5GSxaSkDJ4pHMAUeyeSbCXkzXUwKutwFytMyj/NhqwnJmNgqo28BbWfx7GIQiDzLEYQERERERGRpi87O/uM96iA2kAen4eDroNGx6i35eXLWV6+vO71ee3Ow97TzsUDLsF+RTeu/X0baip87FrvZdM3Lla/X4On2sDAR5n7/6q5YLSXa35XyKZlz7Hpu3+d9v61X/6BESP/oAJqM+Sr3o7fHAtEyA9nA6xes6bxg6RkMTOztkv08LW0HAqyAhXKgak28qZnUIiNzMw0WLADJ4l1jyfYJzOpNINpGYGl87bMGUxJAVJyWJSRQXrg6lFL5o/MOykpg4kZeUfmnLGDKdm5dDvVfqgJA0glj7y0sQSObap74xQ5T12NTRmTCdmzmD9gMqMm51CWcXgbgkA3agrgTLZBXu0hUmf4bUywTyBzQXbg86SlccKOBSIiIiIiIiKAyR/k46w3bdpEYteujR7HPSvwV9moCZF3rIfZbGa58zumfTXN6ChB0zqqNdfYruHybkPo1b4XsdExeFx+9m3xUrbEzdqPa9hbavw+qg/MbYOragPfvpt+2vuG3f0xa8vdzF9x4kFfY0f0JTF6MwdWPhqqmBJC7Ye8gdvXmiB/dQXFqb63Ivn7TGod1cV62oOxRFoIfZ+JSHOh7y0RkeZlR3k5PXv2DOqY27dvP+M96kBtAJPJhAmT0TGC6pD7EG+vfZu3175ddy3tvDSuOPcKUm7ux8V3tcPvg0M7fWz9zs36+S62Lg//Pqr/GnOQW/+ezMj7vuKLl4af8r7vP3qIy2979aQFVGnavJVbMcX1xe9t4uv4xXDOwqlMzCupe23PyVfxVERERERERE6gAmoDHTjDXpzNQdHmIoo2Hzmme1DXQYxIGsHA1Ivoc905mExmqvf7KF/tpeTLGn74xBWWXO88Us2AW6KxP7KU9YtmsmXVf064p2LvBg7t3citw/rwzjdrw5JLwsNzoBhrXF+jY0gzkGCfTIHW7YuIiIiIiMgZqIDaECY4UNP8C6jHW1G+ghXlK+pe92jTA3svO4NTLmXkkO6MzmmNq9LP7hIvm76pYfXcGlyHQpOl+F0Xxe/u4Wfzfk3CeXaWz33ghHu+fXsc9geWhiaAGMiPyWwGdaCKiIiIiIiISBiogNoAHr+XCleF0TEMt+XgFl76/iVe4iUAYq2xXGu7lsu7DeHizPMZ9vOOeN1+9m/zUbrYxQ8f17B7U3D3UX3hhgPc+VwfRmR8wZf5I094f9eWhWSMvoj8z74P6rxiHL8nRFV5EREREREREZGTUAG1AXx+H5XuSqNjRJxqTzXv/fAe7/3wXt21EUkjGNZjGH1v7M+gse3Ab+KQ08vW7zxsKKqhbEnj91F94xeVDL43BvsDS3F8MZUd69+ve2/lx78ibfy3JLSLw7lff2bNgd9bicnvNjqGiIiIiIiIiLQQKqA2gM/npcKtDtT6+LLsS74s+7Lu9YDOAxiRNIKLhg3ihmsSsJjMVB/0Ub7Gw8YvXTg+bNg+qsteqeH7d2p44J3f07nX1Xz/8a/r3tvqeIPbrryZ5+ctb/TnEeP5PZXg9wFmo6OIiIiIiIiISAugAmoD+E2oA7WBincWU7yzuO51YutERvUcxeDelzJ8cA/sv2mNu8rP7o1eNi90sXpuNdX76ze2pxKeu3Y/d/3fJaT+dD4LXh4FwPpvnuKqC2+jT49OrN2yKxQfS8LI76sCk9/oGCIiIiIiIiLSQqiA2gAmk0kF1CDZcWgHLxe/zMvFLwNgNVu5znYdQ84dwoD03gx9oCNej5/9W71sWerhh0+rca47/T6qr91fybCfxWJ/YCkrP32cXaWfs2Hx01x92WMqoDYDfm8VJpPRKURERERERESkpVABtQFMJpOW8IeIx+dh7vq5zF0/t+7a8B7DGdZjGP2u78/A29vh90Plbj/bVrjZ8LmLzd+cuB/mNy9Us/JdF+mvPMWuLZ+zav5v6HnpLxmWcm44P46EQGAJv9EpRERERERERKSlUAG1ASxmizpQw+irLV/x1Zav6l6ndEphZPJIBl1+CdfaE7BaLFQd8OFc62XjVy5Wv18DwKGdPp69eh8/fXkYV97zEas++y1Drv8n23YdMOqjSBD4fVWYTNr/VERERERERETCQwXUBrCarVS41IFqFMcuB45djrrXCXEJjO41mkttl3HFoCSumhiPq8rH3s0+Ni9y8fYjlVz601gG3fwPaip307FNW6gx8ANIo/g9lZjMFuD0WzmIiIiIiIiIiASDCqgNYDVZ1YEaQZyVTl5d9Sqvrnq17toN59/AkHOH0v/u3gzJ6ojX7efgjz7adDkHk8mERwXUJsvvrcRvUgFVRERERERERMJDBdQGKD9Ujl+bMEa0eRvmMW/DvLrXQ7sPZXjScPpVDOCc1h0wxXQ3MJ00iq8aX/UuoJ3RSURERERERESkBdBGgg2Q2CYREzoGvClZtG0Rf1v4N9q2ag1ATfkcgxNJg5msWFp1NjqFiIiIiIiIiLQQKqA2gMfnIS4qzugYchZ6te/FnLvmEGWJAsDlLDQ4kTSYOQr8Wr4vIiIiIiIiIuGhJfwN4PV7iY+Op8Ktg6Sagjv73slPB9yL59Ahyn2xnNvWgq96m9GxpIFMpij8KqCKiIiIiIiISJiogNoAXq9XHahNxOQRkxnYvg/7vv6GqMFDqHGD17XP6FiRofdLdOySdOR15UfsWfbksdc9K6hY+Bg13E6bKx4mynr0NYgfXIT1YBr714UxtzkaHSAlIiIiIiIiIuGiAmoD+PETHxVvdAw5g3+N+Ret9lRQMvUP9PnLX3h3nYtRPaPxHCg2OlpEiInpCJRRs+A+jvRS/5Z2XZJqi6nQLvU6Wg24nZrdw7FYy6hZsAZr6nCiu0ENTxMVvYKqcBZPAZM5Cvw6xE1EREREREREwkMF1AZSB2pke+vON9n7xQJ+mPk0l86Zw4ItLgDirFC9Z4nB6SKDNbo1eDbgOebqk+xf8GTgv3Z7+rRHpcUnDsK/O42a0EU8BSte90GgTdhnFhEREREREZGWRwXUBjD5VUCNVAM7D+RP9j+x8emZ7JlfSL/nn2f7QR+7qwLvW8wman782NiQEeH2wEp46yDiU4uI5xDukhs5uP3w+7+lnW0Q7Psn+4rfAsCb/DAxqYHu1P08TXsDuk8BzNEdMFvjwB3+uUVERERERESk5VEBtQEsZquW8EegzEGZ3Nr7FpaPHYuvspJzMzOxdO7Kko2BHsvubcz4/V44rueyZTofsxV8tQXS+MFFxNheIn774eX8T7J/wQbaXPEwHa8YTsXCxzi48K26p+MHF+HfnQYD3qdj+9acuBVA6Jii2mkFv4iIiIiIiIiEjdnoAE2RxWRRB2qEmW6fxk+6j2LZTTfhq6zE0qYNXe+4g3kbjxRLu8ab8VaXG5gykjzJ/gVpdd2lHtehk9zzFj4XYO147L+0dAvsfVq97rfEtgd3yT9xe5KIGnB7GHKDOaodYAnLXCIiIiIiIiIiKqA2hN9P+9j2RqeQWi/dnEeP/VEU331v3bWBeXmsKD92jXeneDOefcvDHS8ydXua9qlFtK8tegb2Q92D55jrtcv8K9cc01ka2Pv0MQP2Pg0wR3fAb4oyaHYRERERERERaWlUQG0Av99P25i2RscQ4O2xb1NTtJB1j2XXXevz1FPsd5vZvN93zL2xFnDt/jrcESPT9sfY92MZ5vYP0zG1iJi4MmoWPkbNMdcfJooVVCx78shzdd2nAE9SvQ+ibA8TZS3DXfzWqWYLKlN0An6t4RcRERERERGRMNEeqA3UOrq10RFatCvOvYKc4TmsnzqV/d9+W3f9nKuvptWFF/LZhmP3OY0xg8lkwrN3cbijRq5197HnZIdAneo6BAqv24+8rCm+MeydqCZzrAqoIiIiIiIiIhI2KqA2gLHFmxv5820PMqB6PjfN+3vg0pBZzOl57pFbDsznpnkbA/dFA65iXnz7d7wPPHLDHC7cfRMTmnAd8ReDf8G1Pa9m6ZgxJ7zX85FH+HD9iSW9c9uZ8XmNWnQuwRTVfiBun+/MN4qIiIiIiIiIBIEKqA3g8/no17mfATPfeKQoWn3U1fj2wFbmvzaBvx++2PvP9IzeyvzXfuDCu4YwtDe8z58ZElvMq024eDrzmpl0N3Xgu1tuPeG9i155hQ273dScpLbWpbUVX+UPYUgooWaK7oS/2mV0DBERERERERFpIbQHagNZTJYw74N6uHh6iEPH1Y56xbYG1142nmGER84fwL5tgU7UpuiVW16m0/ZKVqffd8J7vX7zG1zRcazadfLOxPYx4N67NNQRJcTMMV3Ap+KpiIiIiIiIiISPCqgN5PG6SW6XHOZZtzL/tVfZdMy1G+kcC0QP4MG75jDnrv/w597AukVscp3LqLtGce6Bxfyutvv0wybYfdo6ujXvjnuXg+9/xIb/N+mE9+NTUugwfDiflp16WXeUxUSNsyiUMSUMLHFJeL1uo2OIiIiIiIiISAuiJfwNFGWK4rz251G8szhMM77P795+H7iRPx9zvRcdouHQzhe5p/B9HrlhDqMumcUj6ybU3h/wyA1z2LftJrD/hzmdW3PCkv8IdXWvq/nV5b/C8dvfUrF69Unv6fPkk3y99dRFtQ4xgN+Pr/JMPboS6cytemAyRQM6REpEREREREREwkMdqA3lh5SEFKNTAH9nwms3cU9hoFi6sfrQibf0Ptx9+gjXd4bi5S9S7DqXIfYbw5z17EwcOpFfXvwzlo4Zc8riaf/nn6f8oI9dVaceJ7GNBZ/7YIhSSjhZW/fGh8XoGCIiIiIiIiLSgqiA2kA+v59e7XsZHQN6/5n/3DWH/9QWQ0+2H2pT3Pv0n9f/k8vjU1hx6+2nvOfc++7D0rkri8u9px2rc7wFX8XaYEcUA1jibfh9p96qQUREREREREQk2FRAbSC/z0eX+C5Gx4B1v+OeTVtp3flB5tw1h1FttzL/7aOKpb2P3vv073y4EwZc8iADoreyuDAyS6qv3f4arUt+ZE3W+FPeY27dmq533skHGz1nHK91NLj2NMHNX+UEllaJ+FRAFREREREREZEw0h6ojeDyuUhsnciOQzvCOOv7x+xtCsDiCdx0qvrgut9xz7qjni68J2I7URNbJ/LcT55ja/5L/PjGm6e996K8PFaU1+8wIavZxIGdnwQjohjJEgemaODMRXMRERERERERkWBRAbURvF4vye2Sw1xAbZ5u7nMz9190P6sfeojqsrLT3tvnySc54LGwef+ZOxET4834/V7wnGRvWGlSLK164PdWo68tEREREREREQknVSIaIdYSS88OPVm0bZHRUZq0SamTuLTTRSy78cyHWp0zejSt+qTw2Yb6dZ92bWPCW7OrsRElAljikvH59ZUlIiIiIiIiIuGlakQj+Hw++pzTx+gYTdoLY16g9QE3K26/s17393z0UT4qqan3+J1aWfDuXdHQeBJBojuPxo8FOP2hYSIiIiIiIiIiwaRDpBrB7/OR3D7Z6BhN1ht3vIF1xTrW/uyX9br/opdfpmS3m+qz2AIzLsqEa8/CBiaUSBLVtj9er4qnIiIiIiIiIhJeKqA2gt/vx4yZWGus0VGalAs6XMCcu+ZQ/sK/2fyXp+r1TK8nnsAVE0/xrvqfwG4GTCZw7/qigUklUljizgO/3+gYIiIiIiIiItICaQl/I1lNFoZ0H8IXpSrS1cc9/e9hXN+xrMjIwLNnT72eie/Thw6pI3hvveus5kpub8bnrf9yf4lcUe0vxue3APUvoIuIiIiIiIiIBIM6UBspxhzDlT2uNDpGkzB15FRu7zWGZTfdVO/iKUCfJ5/km231OzTqaJ3jzPiqt5z1cxJ5ojuNxOs3GR1DRERERERERFogFVAbyev1MjhxsNExIt7/3fhvbNVt+X7sXWf1XP/nnqP8kA9n5dkv3+7QyoR77/Kzfk4ij6VNCj7tfyoiIiIiIiIiBlABNQiqPdX07dTX6BgR660738K78DvW/eqRs3que3o65s5dWVzesGXbMRYTrl1fNuhZiRyW1r3x+86+A1lEREREREREJBhUQA2CGFM0w3oMMzpGxLmk6yXMuWsOZTNmsuV//vesnjXHxpI4bhzzNjWs67B1dOAAKe/B1Q16XiJHVPvB+PzarllEREREREREjKGqRBD4fX6G9RjGv777l9FRIsb4i8dz4wVjWHrLLeDxnPXzFxW8zMryhncdntvGgtdd0eDnJXJEd0rFp7OjRERERERERMQgKqAGgd/vJz46ns7xndlZsdPoOIZ7avRT9IzuyvKbbm7Q8xf+5S8c8FnYuL/hVbPO8Ra8h35o8PMSOSytzsXjVgVVRERERERERIyhJfzB4oNLEy81OoXh8m9+icTdforv+WmDnu84ahTxKX35YmvjCmZtYsC9b2mjxhDjRXUcih+L0TFEREREREREpAVTATVILH4zV513ldExDGM1W3ln7DtUffol67OfaPA4vR57jE82N/7AoCizCdfO+Y0eR4wV2/0OPD41youIiIiIiIiIcVSZCBKfz8eF51yICRN+/EbHCavUpFSeGPYE6/77vzmwfHmDx7no5Zcp2e2m+uy3TD1G5zgTfr8Pv8vZuIHEWKYorO0GUVPtMjqJiIiIiIiIiLRgKqAG0aGaQ1zW7TKWbF9idJSwefiyhxmdnMbSMWMaNU7Pxx/HHRtPcWnj97pMbGPG69rT6HHEWDFdrsXrbXw3soiIiIiIiIhIY2gJfxDFmmPo37m/0THC5n+u/R9SO1zC8ltubdQ48RdeSMeRI/kkCMVTgHNaWfAeKA7KWGKc2O534POajI4hIiIiIiIiIi2cCqhB5PV6uaXPLUbHCIv/3PoKHbYcYHVGZqPH6vPUUyzcGrxOw9bR4N6zKGjjSfiZY7piie2CzxecorqIiIiIiIiISEOpgBpkh2oOMeaCxi1nj2QdYzvy7rh32f/uXEom/b7R4/V/9lnKK3zsrAzevrFmkwnXzk+CNp6EX2zijXi8+noSEREREREREeOpQhFkUX4rd/S9w+gYIXGd7Trybsljbfbj7Ch4pdHjdUtPx9K1G4t3BK/LMKmtGZ9P+2Y2dTFdf4LXq+5TERERERERETGeDpEKMr/fjxULg7oOYkX5CqPjBM3jwx5nWNfLG31Y1GHm2Fi6jRvHuz/UBGW8w7rEm/FVbQ3qmBJe1jb98Jus+P3B60oWEREREREREWkodaCGQKw5tll1oT5z/TNcGnMBK24L3me6qKCAlT8Gv1O0Y5wZz/7mU7huiWK73YrXF2V0DBERERERERERQAXUkPD5fFzQ4QI6x3c2OkqjvX7767T6YRtrxj8YtDF7T5vGQZ+VjfuCv0Q71mLCtevLoI8r4RPVfjBer9foGCIiIiIiIiIigAqoIWP2mbjlwluMjtFgPdr24L273sOZ/wqb//CnoI3bMS2N1v368/nW4BdPW1nBZALP/uVBH1vCo1VSFl5TK6NjiIiIiIiIiIjUUQE1RPw+PzdccIPRMRrkjpQ7+Of1/2TVz37OznfeDerYvbKz+XRzaA556tHWjM9bFZKxJTxaJd2Dx6PDo0REREREREQkcqiAGkKVrkqutV1rdIyz8l8j/ou7et/BshtvpGb79qCOfVFBASW73VR5gjpsnYR4C96KktAMLiEXe+44vJ4Q/XCIiIiIiIiIiDSQCqghFOW3cmffO42OUW8vjnmBFF8XVt45Nuhj98zOxh3bmuJdoesubBdjwr3n25CNL6HVKjkTt8dvdAwRERERERERkWOogBpCfr+fWGss/RL6GR3ljN688w3My9ay9hcTgj52XO/edLzqKj4pC+3S7GiLCdeuopDOIaER0/VGfF4t3RcRERERERGRyKMCaojFEsPoXqONjnFKfTv1Zc5dc9g+6wVK//q3kMyR8te/snBbaPY9PaxjLPj9PnxVW0I6j4RGq/PG4/Hq60hEREREREREIo/V6ADNnc/nY3DiYPp26suaXWuMjnOMnw78KXem3MF3d9+N9+DBkMzR/9lnKa/wsbMitEuzu7ex4PMcCOkcEhrRnUfj95vx+7V8X0REREREREQij1q+wqAVsTwy9BGjYxzjj2l/5Jbk61l2400hK552u/dezF0SWbwj9EuzE+IteA+sDvk8EnxxPX+OxxdldAwRERERERERkZNSATUM/H4/cZZWjO4ZGUv5827Oo2dFPCvH3R2yOUzR0XS7+27mbfKGbI6jxUeBe8/isMwlwRN1znD8phh1n4qIiIiIiIhIxFIBNUxiiOGXl/3S6Bi8fedbuL5czLpfPxrSeQa98grFP4Z239OjWcwmanZ+HLb5JDhaJWfi8ar7VEREREREREQilwqoYVTjqiFrUJYhc1/W7TLm3DWHzU/9la3/eCakc/X+85855LNSsi88p6p3b2PG7/eCzxWW+SQ4YruPA2tndZ+KiIiIiIiISETTIVJhZPVbuO7863hv7Xvsqd4Ttnl/dsnPuMF2HUvHjAn5XB1HjqR1/wHM2RC+7tOu8WZ81T+GbT4JAksccT3HU13tMTqJiIiIiIiIiMhpqQM1zExeE78e8uuwzfe3q//G6C5XsvzmW8IyX68nnuCzzeErngKcE2fGvf/7sM4pjdOmz3/hdoenQ1lEREREREREpDFUQA03n5/zO5xPv4R+IZ+q4JYCOu90sere9JDPBXBRfgEbd7upDHNTYawV3Lu/Cu+k0mDW9oOxtE7B61UBVUREREREREQinwqoBoghmkeGPBKy8eOscbw77l0qPpzPhif+X8jmOVrPxx7DHdealbvCWxSLNoPZZMK955uwzisN16bPf+H2xRgdQ0RERERERESkXlRANYDf7yfeEsc1va4J+thXJV/Fa3e8xvrf/Z7t//6/oI9/Mq1sNjra7XxSGv6Owh5tzfi8NWGfVxqmVXIWXr9FB0eJiIiIiIiISJOhQ6QMEkUUd6TczicbPwnamL8e8mvSzh0RlsOijtZ35kwWbQvvvqeHdWljxVe13pC55eyYojoQ230sNS4VT0VERERERESk6VAHqoHaRLXhv0f8d1DG+vu1f2dY24v47tbbgjJeffWfNYsfK3z8WGFMUax9DLj3LjNkbjk7bVKm4PYanUJERERERERE5OyogGogi9/C+e1tXH/+9Y0a57XbXqVd6V7W3JcVpGT10+3uu7EkdmPRDuMOA4oyQ43zc8Pml/qxtr8UYrrj86r7VERERERERESaFhVQDRZriiXjogy6tu561s92juvMe+PeZc/st9n4++B0stab1Uq3e+/lg43GtRS2iw78p69inWEZpB7MsbTtPx2PP87oJCIiIiIiIiIiZ00F1Ahg9Vp4avRTZ/XMDRfcwL9u+hdrHnmU8tdeD1GyU7v41dco/tGYfU8P697Wgs9z0NAMcmbtLnmeGpexPysiIiIiIiIiIg2lAmoE8Pv9RBHF41c8Xq/7f3vlb3lgQCZLx4yhauPGEKc7Ue8//YlDfgsl+4xbug+QEG/Bd+gHQzPI6cWd/yh+U3v8xv6oiLl7a5wAAAjTSURBVIiIiIiIiIg0mAqoEcLiN3NRl4sYmTzytPc9e8OzDIo6jxW33RGmZMfqOHIkrQcOpGiL8RWxNtHg2rPE6BhyClEdhxHVcSQef5TRUUREREREREREGkwF1AgS44/m4csepm1M25O+P/v22USvKcXxwM/DnOyIXk88wWebImM5ttVsombnp0bHkJMwWeJpkzIZty/G6CgiIiIiIiIiIo2iAmqk8fiZcfWMYy716tCLOXfN4cfcfEr/NM2gYDAwP5+Ne9xUegyLUKdLvAm/3wee/UZHkZNoe/Hz1LiMO2BMRERERERERCRYVECNMH6/n3hLHBMumwDAuH7jePqamay8/36cc+YYluu8Rx/FG9eGlU7jl+4DJLY2463ZZXQMOYm4Cx7HZ2qN3290EhERERERERGRxrMaHUBOZMXKsO7DaBvdlkvPGciyG28yNE+rXr04Z9Qo3lvnMjTH0TrFWfDuW2l0DDlOdKcRWDteiccbbXQUEREREREREZGgUAdqhIr2RzGky2BWZ95vdBT6zpzJ4m0RsG7/KHFR4Nr9jdEx5GiWNrQ672d4vNr3VERERERERESaDxVQI5jb62PQK68YmqHfM8+ws8pPeUVkLN2HwA+t2WTCvavI6ChylI7D5uCmo9ExRERERERERESCSgXUCOfyeBiYm2vI3InjxmHt1p2F2yOneAqQ1M6Mzxc52wkIdBg2j+qqKqNjiIiIiIiIiIgEnQqoEc4P+OPi6PPXv4Z3YrOZ7unpfLAx8k5S7xxvxle1zegYUqv95a/jcuvEKBERERERERFpnlRAbQL8ZjPW7t2x/fa3YZvz4tdfZ9VOd9jmOxsdW5nx7FtudAwB2l78Ah5/PH6/yegoIiIiIiIiIiIhoQJqUxEVRasBA0i8886QT3XBH/9IhT+KDXsja+n+YbFWEy7nF0bHaPHa9P8rfmtXfH59jYiIiIiIiIhI86XKR1MS8//bu5fQuKo4juO/uffOnfdk2mn6TDWxJqVVk7YWX62iEtFNcSMUhFJciI+NK7WVCiJuipu6EDdCKYKguFBBRNC6EJSiiLboRpT6qJimWmvTZGbuPee68IFSRG0zc+6d+X42WWTmnh9zJ1n8+J97Clq2Y4fW7N7dtSWWbN+u+tQmHf42fVv3JamS/+1nfPaY2yADrrL+Mak0LpMErqMAAAAAAAB0FQVqxiSlkprT010rUdc9+qjeOZ7eA5pG6r5MfM51jIFWHntAXn2rTBK6jgIAAAAAANB1jI9lkC0W1ZyeliSdOHRo0a47eeiQjp+ONJfOR59KkpZXfNm5L1zHGFiV8Uek6lUySdF1FAAAAAAAgJ5gAjWjbLGo5m23ac099yzK9UYfekimUtcns+k+Tb0eStHPH7mOMZAq4w/Lb1yjxG+6jgIAAAAAANAzFKgZZgsFDd1wgy5//PGLuk5pdFTN6Wm99XU6D436q7yfU+fk265jDJzalU8rV79WcVJ2HQUAAAAAAKCnKFAzzms0VN64URNPPXXB19hw4ICOnIgXMVV3LCtJUiLbnnEdZaAMXX1QSXFcNkd5CgAAAAAABg8Fah+wQaDixISueO65//3eK559VrMLiX44l/7p09U1X6Zz2nWMgdK47lUZb1hWHBgFAAAAAAAGEwVqn7C5nLzhYW1+6SXJ+2+3ddXOnQpWj+iD79NfnkrScMVX/Msx1zEGQi5saumN76pjQtmEfxMAAAAAAGBw0Yz0kSRJFHmetr72msKVK//19Wt27dIbX6V/6/4fyoEU/XTEdYy+51fXq7H1BbUWFqR0nykGAAAAAADQdRSofajVamnD/v0avuOOf3zN5pdf1mcnox6muni+l1Nn5k3XMfpaOHyLalfuV7vjOgkAAAAAAEA6UKD2KVMua/Xu3Vq3d+95vxt/8kmdU6gvTmdj674kra15Smx2pmWzqLrhCRVGH1Qn5nmnAAAAAAAAf6BA7WMmCFTZskWTBw/KK5UkSY1t21Sb2qTD3xrH6f6fFVVPpvW96xh9yS+PqnH961J1i0xScR0HAAAAAAAgVShQ+5yVlNRq2vTii6pv3qzL9+zR4W+ytXVfkpolT/GZT13H6DvFkZ2qTz6jThTIJoHrOAAAAAAAAKlDYzIAkiRRJ461bt8+/ThvNZfB51sWA+nsqfdcx+gr9ckDUvESteO86ygAAAAAAACpxQTqAImsVS202jFe0IpKdm59MZByuZzinz90HaUvBENTWrL9bdnCuGJbdB0HAAAAAAAg1ZhAHTA2jmXjWFevLOjHlq8jJ9K/nX+k5smalusYfaE89oDCFber3epIyrmOAwAAAAAAkHrZGUPEorJRW8vCWHdOhFpTS/fXYEU1kDn3pesYmRYMTWloy/Pyl92uThy6jgMAAAAAAJAZTKAOMGOMjDGaWl7QWMPX+99FsonrVOerh4miUx+7jpFJuaCqysQe+dUJxUlVSQrvLwAAAAAAQJqle/QQPWGjtupBrB3jBY02fNdxzlMIPHVmD7uOkTnFtbvUuOYVqTKpyFKeAgAAAAAAXAgmUCFJssaobRa0sRlqVTWvz2djnWm7b9yWFKUkSWTnj7uOkhn5pdepun6vTJyo3bHizxwAAAAAAODC0azgb2zU0ZLA07aRvM50pKMzsc523BWpq6u+bPSLs/WzxCssV2X9PnmlUbXjvBg5BQAAAAAAuHgUqDiPtVaybQ0Fvm66JK+fWomOzcSai3pfyC2v+jJnP+v5upniFVUauVvFkbsUxTlFJpFEeQoAAAAAALAYKFDxj6wxkjFamvd186WBTi1IR09Gmo96l6Gal1qnP+rdghnihcMqjd2rwvCtiqL49+36FKcAAAAAAACLiQIV/8r8XqQ2Q1+3joaanU90dCbSQtz9tX0vp/bMW91fKEP8yjqVx+5TfmhSkcmp1eq4jgQAAAAAANC3KFDxn/21SJ2+rKAf5oyOzcRqme6st6rqKbFGsvPdWSBjgqFNKo/dL6+0VsYGarW79MEDAAAAAADgT78CfZMo7NMnSSYAAAAASUVORK5CYII=" height="600" width="800" />
<img src="data:image/png;base64,iVBORw0KGgoAAAANSUhEUgAABVAAAAJcCAYAAAAfG4+9AAAAAXNSR0IArs4c6QAAIABJREFUeJzs3XecVdW5//HP2nufMmd6Y2aYQhk6SLWgCAj2qNGosQfFkptrbmKuJDfRJJabq6ZZEn+5iTE3GNTYxYKJGAUVVBRpIgxIEYY6c6aX03ZZvz/OmYGBGQYTpSTP2xeRmb332muf2f6R7zzrWUprrRFCCCGEEEIIIYQQQoh/MbNmzer1HOMQzEMIIYQQQgghhBBCCCGOShKgCiGEEEIIIYQQQgghRA8kQBVCCCGEEEIIIYQQQogeSIAqhBBCCCGEEEIIIYQQPZAAVQghhBBCCCGEEEIIIXogAaoQQgghhBBCCCGEEEL0QAJUIYQQQgghhBBCCCGE6IEEqEIIIYQQQgghhBBCCNEDCVCFEEIIIYQQQgghhBCiBxKgCiGEEEIIIYQQQgghRA8kQBVCCCGEEEIIIYQQQogeSIAqhBBCCCGEEEIIIYQQPZAAVQghhBBCCCGEEEIIIXpgHe4JfF4aY01Ut+5gS/NWtrftZGf7LhpijcTcGJ72QKdOVOBpzaSS4/n66JkYSjJkIYQQQgghhBBCCCFE947qADXhJlhdV8WiHe+wum4tjfFGXJJhqUKhlAJAKVBaJTNUBbZnM6HPOAlPhRBCCCGEEEIIIYQQB3TUBqhVDRt4ct0zrKxfDRoMFMowsDCBZJWp67nkBnLw0LTbbSilcDyHsQWjGVc0+jA/gRBCCCGEEEIIIYQQ4kh3VAao6xs28uN3/wfbS2AaFkppdKrq1NMejueQH8znlNKTSXgJ3tm1JFl9qjUecNWwS7GMo/LRhRBCCCGEEEIIIYQQh9BRlyK2xFv42Yf34XgJLMNEJ5NTtNLYnkOWL4NLBl/IsLwhLN75HvO3vo6HxlCKhJtgWulUhuRWHu7HEEIIIYQQQgghhBBCHAWOugD15c2vsitSS8gMdn7P9hwsZXHhwPP4cuWXaIw18sCK31Ldug3LsFKVqRqf6WfGiEs7e6MKIYQQQgghhBBCCCHEgRxVAWpTrJlXtrxGwPCjAa01rnaZWHw8lw+9mIqsMl799HUeXvMIAD7DQgNKKRJOnBnDrqAgVHBYn0EIIYQQQgghhBBCCHH0OKoC1I1Nm2lOtBA0/NjaIS+Qy/Ujr2ZS6QnE3Ti/WfF7Xt++EFNZGBhoNEqB4zn0y6rg3MqzDvcjCCGEEEIIIYQQQgghjiJHVYD6SeMGtPZwtMsppZP52vDLKAzlUxdt4Ocf/op1jeuwlA+l2NMbVWs0mm+N+QYhX9rhfgQhhBBCCCGEEEIIIcRR5KgJUD3t8VH9Wkxl8s3RX+e0flMxlEFNey0/+/ABNjRtwm/60BrQyWsUEHFi3HjM9QzLH3w4py+EEEIIIYQQQgghhDgKHTUBatSJ4jd83DHxViYUjQEgHKnnjiU/ZUfbTvyGD0j2O+1IUaNOnAsrv8yXKs84jDMXQgghhBBCCCGEEEIcrY6aANVQBt8a+28UpjaBsl2bX634LdvadiQ3lVIatO7cWMpQBpcNvogrhn8VU5mHefZCCCGEEEIIIYQQQoij0VEToKZZaaRZyR6mWmv+vO5ZltYuI2ClEcNBaYXf9FOaXsLxfcZxYsnxDM7pf5hnLYQQQgghhBBCCCGEOJodNQHq3jY3V7Ow5gNOLJtC/7QC+qeX0Ce9iML0IgpCBShlHO4pCiGEEEIIIYQQQggh/gkclQFqeUYxf5j6U5Tr4LXXYUWb0Qkb7daC66CDOSh/6HBPUwghhBBCCCGEEEIIcZQ7cgJU7aHjbWBHIZCB8qVBD5WkvubteGtewVu/AKdxOzGtk5tHGSba9GPmlWGUjcWqnIxZcgwqkHmIH0YIIYQQQgghhBBCCPHPQGmt9eGcgG4PY29ahLtpEW7dZkhEIZiFmVuOWTIcs/+JmIVDwArsuSbWjNe8A91ai9dYjbtjFe7uKrzWMHSEqQAojMJB+MdegDXiHJQ//fA8pBBCCCGEEEIIIYQQ4ogza9asXs85fAGq55D4+CUS7z2C17QDDCPZu1QZaM9D4aE1KMPE7DsK37ivYA0+FWUFux1Ot9fjhjfgbHgTe91rEG0Fw0ADSmvMviMJTP53zIrjD+1zCiGEEEIIIYQQQgghjkhHbICq4y3E33wAe+WLYJjJPwCeB9rdc54yUIDWGgWY/SYQmHIjZsnoA47vNW0nsfpF7A8eR7s2yrTQrgNKEZx+E/5xl4Jx5HQvEEIIIYQQQgghhBBCHHpHZICq7QjRF76Ls/l9lOUHVDI01WCUjsQsn4CRnod2HXTzDrzwRtyaT5JL+7UHpo/ghb/EN/DkXu/lhtcTm38X3s61YPpAa7RrEzjhKgJTvw3K/OIfWAghhBBCCCGEEEIIcUQ68gJU7RH92z3Yy59D+VI9TT0HIz2fwKk3Y1ZO2X+JvmvjNW/H2bCQxMq56MYdYFqkffVXWP1P7P2WsWZif/spTtXrYFpoACdB8Mzv4x97yef+iEIIIYQQQgghhBBCiKPDwQSo3W9z/wWxP34RZ9mze4WnLio9PxmGDj2j+/6mpg8jbwD+E64l/ao/4j/ha2jPJfriD9DRpl7vqYLZBM+6DWvYdHBsFKBMH/H5P8Wt3/z5PqAQQgghhBBCCCGEEOKfyiELUL2WXcQW/hosf/IbGtAeaef/FKNw6EGNodILCUz7T0IX/RIdaSTx0QsHd50vjeAZP0QVDQbXBWWAUsQX3Aee85mfJR6PE4lG8TzvgOdprYnFYrRHIsTj8c98n94kEgnaIxFisX98bNu2iUQiRCJREokEjuP0+HwHW7TsuC7RaJRIJEIikfiH53g4eNqjJhIm6sT+7jESrk1tpA7vMO3XJoQQQgghhBBCCCH+fodsJyV7+ZMQbQYrVX3qxPCddC1m6djPPJY1aBqhSx4k9uaD+MdfivKl9XqNCmYRPONWoo/NBDww/Tib38XZvQar75gu59bU1LLk/ffJzc3B9TwmT5qEZVm0tLTw3Ny5zJ8/n5bWNh584AEqKwfud68dO3eyaNFi3nrrbT7dsoVYLEp+Xh6jjjmGKVMmc/JJJxEIBA4438amJt57bwkZGRk0NTVx8qSTyMvLQ2vNylUf8eqrr7L6449pamoiFEqjcmAlU6dOZdopU0lL6/3zAGiPRFi+YiULFyxgxcqVtLe3g1KYhkFubg6FhX1ID4UIBoOEQiGaW1uoqw3zrW99ixHDh3U7pm07rFy1kjffeoslS96noaEBrTWZmZmMGD6cU089leOOO5bcnJxur/+kcRMf7P6QDCud+lgj4/qMYXzRgTcNA/hg93I2NW4mYAaoizdwdr9TKc8qY9nuFawIr8bVDrn+HKJujHY7QkuiDReHkBWiKNSHobmDGZE/lLR9qqDbEm18a+H3OK5oPLMm/AeG+my/c9Bo/u/jR1m0413un3o3Rel9PtP1QgghhBBCCCGEEOLwOiQBqm6vI7F6XnIjJwCtIZCOf9zf34PUqpxKWigvOdbBXlM8HLPfBNyty8G0UEphf/TSfgHqx2vX8N3vfhcNTJx4AtOmTmXX7t1848Zvsubj1ZiGiTIM/PuEoG1tbTzyp0f5f7/5f/h8PkaNGkVFRTmJeJzly5ezbNkynnzySaZMmcKdd9xB35LiHucajUa59Yc/JBKJYJomL7/0IsFgkJ/+/Oc88cQTKBSWz0J7mngiwapVq3j++ec5YeJEfnrP3ZSVlh7ws1iztorbb7+dDz/8kP4DBnD9ddcxfvw4TMPko9WrmT17Nu+++y6ZmVl89atfxXFc6sJ1NDU3E493X425/pNPuO+BB3jj9dcxTYvLL7+ciRMnkhEKsXHzJubOncsTTz7JsOHDuOO22zjpxP172MbtGI+vfwafYaG1ZmBOvwM+R4fa9jBz1j2BL/WOnVh8HOXAyvDHPLfpRdLMNDw8rhxyCeWZ5SS8OJuaPmXB9reJuzEs5aN/ZgWzJnyL8qw9n11tpI64F+ftHe9y/sCzGZI3+KDm02FHy07mbfkrljKJO0dnFa4QQgghhBBCCCHEv7JDEqA6NVXo9gaUL1Xd59pYI8/GyPzHqvHMkmM+2wWGhTVkOu7WDzu/dje/g441o4LZnaelh9Lx+XzYts2gQYOIRKL8xzf/g1UrVpCbn4eTsIkn4qSHQp3XRKJRvv6Nf2fZsmX89J57mHzyyeTk5mCZJo7rUlNTy/0PPMBLL73EwoULaGlu5tE5f8Lv93c71fRQOoWFhVRXV5OVlYXf5+c7N3+XT9av456772bUqFHk5eZR31DPwoVv8pv//V+09ljy3nt869s38cTjjxEMdtNTFlhbtY5LL7uU1pZWLr30Um6/7cekp6d3Hh86dAhnnnE6//X9W/jbG3+jva2d79/5XQKBQI/L+pctX8E1115LW2sLQ4cO48Ff/5rBgyo7j5988iSuuOwynnn2OX70ox9x9TUzeeh3v2X6tGldxnGVJmD4MQ0DrTWm8h34Z5rit/z4TT+mMlEo/Gbyc7UMC7/hR+OR5cvgvMqzCO5VZXp+5Tn8Ytmv2dpazebWT7lr6S+5f8rdpKWqmhvjzcmWBQrmbnyF7x337YOuQvW0x6PrnkKh0EBLovWgrhNCCCGEEEIIIYQQR45D0gPV3boUtVfopNFYAycB6lDcvgsjfwC6477KwGurw2vd3eWcgvx8HM8FID0tnd//4WF219byx9mzeeH553n22We44447se09FYWtLa20NLfwyssv85ULzqegIB/LNAGwTJPSviXc9ZP/5pRTTsE0TT788ENemvdKj/O0LJO0YAClFJZp8sMf/5iA38fLL73IxRddxLChQ+nTp5Dhw4Zx479/g/vuvRetIZiWxooVK3hjwZvdjhuNRvnu975HPB6noLCQH3z/v7qEpx2ysrK4639+QnZ2Nn9+4nEe/sMfkp+fYWAYXV+bhoYGbvzmN4lHo+Tl5fPQ737XJTzt4Pf7ueLyy/jSOefguS7fuPFGtmzd2uWcTCsdpRRag4cm15/V42e0t6DhT71OGqUUGb5UuG0olDJQKJRhEXO7VoGWZfblG8dci9YePuVnR/tOVtet7Ty+u313MpA1LN7d/T6bmz49qPkArK1bxzu73sdvJMPc2mj4oK8VQgghhBBCCCGEEEeGQxOg7loLxp5iV2VYGDl9D8Wt96dMlLlXVaMGL7ypyynNLc1YpkkgEGDui3N59dVXefaZp5l+ylT6VVQwdMgQrrjsUoqKijqvSUsLct99v2RQN8Fhh0AgwI3//g0c18PyWcydOxfbtrs917IsTJ8fpRQNjY2sWbuWe+6+i8zMzG7PP/OM07nqqquIRqMEAn6ee+4ZHGf/DbI+XrOWdVVVgOLLX/4yeXl5Pc43Pz+PU6efit8f4Le//R27a2r2O0drza8f/A3hcC2u53HTt79Nv4ryHsdUSnHD9ddjWiau4/Cb3/xvl02pHO0AChQYyiCuu/989hWy0pLdHJQCpbB1MgDPtNLR2sPVmoDhw2/sX3TdN6OYdF8GHh4GBltbqzuPtcRb8fBAKzSap9Y/j6cPvHkYgOM5PLruKQylOnJdGmNNB/UsQgghhBBCCCGEEOLIcUgCVN1eB50VqDpZARrsfhOhL34yXjJkIxnaKcPAa+haBalJhncoRW04zPe++z1KinvuVwrJis0hg3vvj1laWkpuTg5KGWzbto1YPN7teaZpkh4K4Xke8Xicb//Hf5CRkXHAsS+5+OLOa9dWraM9EtnvnKVLl6YqSDVjxozZ7/i+hg4ZgmEYxOIxlq9Ysd/xXbt38+RTTxIMppEeCnHGGaf3Omb//v0oLi7G5/Pz6qvzaWho7DxmGtael1JD0DzwZlsdIl4CnzJTy/4NQmZymX6uPxtHuxhKYSmD7qqeXc9NvhIkq17zArmdx2qjdaBTVdPK4oPa5Wxu2tLrfD7cvYKPG9ZiKRNU8vqmRMtBPYsQQgghhBBCCCGEOHIckgA1WRrYUWWYSqqijT2d/cVSBjg2ewdpOt41aPT5/Gg0ruNQWlrK8ccd97ndPuD3k5+fj9YejuMQP0CAmhYI4LoulmkyZnTvO9Hn5eeRm5uL9iASaaetrW2/cz7dsgXLZwGKzIz9l+7vKyMzs3Ojrh3bd+53fNGixdi2jeu6HHvsBAoLCnofMz2dyoGVaK2JxWOsXbtnyXyaGUy+KVqj0Z1BaG/SzCAeHlprFIpAqgdquxvBUiaGUni6o8K1q9pImNZE8rMKGD7G9xkLQNxNsKt9N6ZhkoxAk/88tu5p3FSFa3eidpQ/VT2BpSxMlax4VUoRjoTRHPymZ0IIIYQQQgghhBDi8Ds0Aaoyu37t2Xith6cfpI42ofdegu15YHbdqKijd6njuowcMYLQXptF/aM8rYlGI533sazu9/HSOtnLUylFIBgkP7/npfZ7zzs/Ly8V80Estn84m5+fj+smg0bP7X0pelNTI8pQyT6g/q6fk+d5fLB0KaZp4jgOJ5wwEdM0exhpr3laVjLo1RrHsWndK+j1pd4VDV02g+pNhi+tc7MnRbKSFaAl0YZlWKljBtY+S/hbE208tu4pNBrHc7huxAxy05LV0a7nUBetB+Cc/mcRNANYymRpzTI2NHRt+7C393YuZVPLpwzOqeSCynNxPBeFoi5aT8I9uJYEQgghhBBCCCGEEOLI0H169zlTGfl4TdtRnUGqwt36Ab7BpxyK23fhhTem9kRP1cQaBvtuqm6aJujkSv/09HRM8x/LmbXWNDU3s3HjJh7/8+PU1oYxlIFhGvh93e8yr5SiubUVv9+PYSiMgwgmPc/DdmwMI7lpUiCw//L3YyeM56Hf/Q7TMtm6bVuvY27csKmzt+iQIUO6HEskEmzevBnDMDBNkzcWLKClpZWGhnoys7IJBHwEA0E87RGLxonFY0SjUfoUFvLhsmWYpkl7e4K21r0qZVNr6VXqf57Z8AJ90gowDYtWpw1DmQTNIAYGUS+G69mEzDR2RWpQyugSogIYqfE6fuIJN0HQDNASb2VdwwYerXqCT1u3khvIZsawKzi9/7TOqUTsKM2JFlzP4Uv9T8dv+Hhy43NYhsUf1szhZyffmapO3SNqR5mz7gksZfLVwRcQskI8teE5TGXSkmghakc7q2OFEEIIIYQQQgghxJHvkASoZp/BeNuWA8mwSZkWzrrX0Cf/GyqYfSimkOTauFs/gFToldzcx0PldN30SKlkxKo1GEbvweW+Ghub2LJ1C5s2b+aT9Z/wycYNNNQ3kkjEGNB/AHl5eTTU12P2UoHaUYVqGAbt3SzH35eXuqbjGTK76Zk6fvx48vLyaG5p5o3X3+DqGV/D18McWlpbeevtN1FKUVJSzKhRI7scb49ECIfDycBWKerqwry96G1C6emkh0IEAgHi8TiWaeD3+3EcF8d12LR5M/369aOiohytNSUl+/SXTbWoNVB82rqVmlgYAxO/6cdnWLieR0LboD209kiz0miKN++5dr+xdKoCNMyP3v0fsn0Z1ETraIg1MKZgNKdWTOOEkgmUZpR0uTQcrcPBxW8GyPCnc/aA03l641xMw2Rd4yd8FP6YcUVd+8jO2/wquyI1jC04hmOLxrG5eQtGalJNdutBbUAlhBBCCCGEEEIIIY4chyZALRmFrZ/a8w1l4LWGsT9ZiH/0BYdiCgC4zTtwd66BvZdxaxejeHiX85J9NFN/9w4+8NqxcydPP/MMTz/9NI2NTQwaNIjTTz+dGVd9jfLyMkpLS4lFo1xx1ddoaKjHsnxEIhH8/t4rEpXaf/Oj/c6BVOWswu/3E4vHyCaryzl5ubnceeed3PSdm/hw2YfMm/cKX7ng/P3G8rTm979/mLr6ekzD5LbbbtsvkPVZFolUD9dIJMLtP76Nk0+e1GWuhmF0CYM7Al6g8+/JTa32ktq0CRTfGXsjA3P69/rsa8JV3Pref7NfgqpBp0LUnGAeoFhVvwZLWVimxWVDLmRofvebfzXGmnBcm/xQHoZhUBDI57Tyqbyx/W1MZfLHtY9xX8EIfKkWEI3RRp7e+AJKwdXDL8c0TDJ9maAUCrDdBC2JVvLScru9nxBCCCGEEEIIIYQ48hyaALXvMeALgufuWaJtBYm/+QBW5SSM9MJDMQ3sj18GNwFWkGSypiGYjbFPoOV5XnIZuEoGiQdjzdq1zLz2Wmpqaqno14//+78/cOz48fsto29paaG9vR2AQCCA2jc8TFFKdW7edLBM08Sf2njK5/P1GLp+6eyzaGy8gwceuJ9bf3grLa0tnHH66eTm5KC1pjYc5o9/nM0jjzxCXl4eP/zRDzl12rT9xtGAlWpBYJkmkUi02x6oHb1cO5/roChc7eI3um9xsL9klel+31XJXqoemjQrxA8m3MSDqx5ibcM6HNfhlyse5GeT7uw21NzVvhsPTW4wm4CZ/DlePPgC3trxLhrNpy1beWfHEk6pmAzA8xvn0Zxo5qSiExialwxl/aaPkBkk5sbR2qMh1kj/7IqDfCYhhBBCCCGEEEIIcbgdkk2kjOy+GP1PQHt77YBumBBtJTb/bvQh2FjHbdqG/eGTYPrp6IiJ52KWjsJI77pzvLd31elBhJgtLa3MnHktDQ2N9C3ty+OPPsqkE0/stgepYzs4joPnaQJ+X+eGVfvSWpOekY7jOPvPqQeGYaIA13WxLJNQWvebXxmGwdeuupJf/erXKGVw9913c9XXZnDdDTcw87rr+dqMq3nvvfe4edYsXn7pJS6+8MJug8+0YJCyslJcNxmM79i5vdc59kbvs8Td0U4PZ3blaDf5F9UxTqq6VSerXg0g5kQozujDd8b9O1n+ZGVuTaSG+1b8Brubd3B72y4MFNn+LIxUo9zSzL6c0/9MbM/GUhaPrn+auJugtj3MS5/+BZ/h56phl3T2RlXKINOflXzjFNREaj/bByKEEEIIIYQQQgghDqtDUoGKMgkceymRDW/u9U0Nlh93wyLib/yM4Kn/lQo3P3860Ub8tbvRThxl7lXRqF18w8/s7InaIRlWKkAdVAXqGwveoDZci8/ycfFFF1NRXnbA8z3PxfM8TNPaf/l6ilIKy/Lh2Dau309GN/1M9xVPxLEdG6XANEwsq+f+re9/sJQ7f/ITZs68lssu+Sp+v49wfT1aawry8snNzSEYDB7wfn6/n3HjxrNi+QpQirVV6zuX6v+9bM9NVv+mPnbHPbgANeImn1uTDEztVFhfEMzH9mx8pg8FRJ0YxelF/Pi47/G9d36MpSxWhVfzyNo/c/0xMzqrWF3PZXekBo0mP5jfGaACnN3/NF7ZOh+0pjZSy183/40d7TuJuTHOrDiVytyBneeGfEEyfZnURGpx0bQmeu9lK4QQQgghhBBCCCGOHIekAhXALB2HVTYW9g3ELB/2irnEXv8ZOhH53O+r7Six1+7C3bJ0n/DUg1Au1sCT97umo9pTKfC8AweoWmsWLX6HQCAISlFWWnrA8xN2Asdx8fv9RGPRLj1B951DIpFItTzQhELdV5PuzXUcbNvGMi00mniqP+m+wuE6vjbja7i2zbe+eSPl5WUUFRUxasQIjhk5kpKS4l7D0w5fPu9ctEqGqQsWvEFtbfigrutJuxtN/kUpFIpW5+DeCcdLoDAwAE97RN0YkKxo1SQ/T1OZ+FTydwZD8wdzw8iriXsJ/IaPFza/wuLtSzrHizoxaiNhFAbZ/swu9+qbWcKZ5adiaxe/6WPOuid5Y9tbWMrivIFndwmQfYaPDH8o2dNVaxrjTX//hyOEEEIIIYQQQgghDrlDFqAq00/glG93HxhafuxVLxF94Wa8uo2f2z29ll3EXr4Fe+3rYHbtpakdG//Eq1Hd9L50XCdVh5jaDr4XiUQidb6mpbXlgOf6LB/t7e0opXqsPgVwHIf29nYsy0RraGjsPXjTWqeW0yc7DyQS3bdGmPvCC9i2Q0FhAT7fP1aEPHzYME6bfirxeJy2tjYefeyxz3R9XV1dl3fCb5h42kMByejz4PrAhqxgarl/st9pwks+e12sCZ9holRymX/H9wHOGXgm08umdoao96/4DZsaPwWgIdZIc6IFZUBOMGe/+3258myCRiDV4UGT8BJMK51MZc6ALucZyiDLn4VGYyhFTXsYt6PdgBBCCCGEEEIIIYQ44h2yABXALB2D/8SrwY51c9CHu2UZ7Y9dR+LDx9Ftf3+vSB1vw/74RSJ/vh5n4+Kulaco8ByM/Ar8Yy7qYQCNp5OBVzyR6LFKFJJL7cePG0sikcA0DN5a+GZn39J9xRMJ7r//fhzHwXXdAy7hdxyHWDzWuXN9NNp7JWYsFicWi+N5GsNQZGZ2v+w/Ho9jWRZVVet4ad48wnV1RCIRHMchEokQjUaJx+M9PsfeDMPg9ttvIysrC9M0+cP//R9PPfNMr9dprXnm2ef47UO/71KxGXcSqNQyfM3+PVF70hhrxsQANFqDTyXbFzg6kYpgFQk3gbHXvQxlcP3IGRSl9UFrD1e73LX0l7Ql2km4CRJeAqUVOal+qXsryShmevlUbM/u3Gzsq0Mu6LLUv0NuMBuNRmFQE6096LYEQgghhBBCCCGEEOLwOzQ9UDspAhOvxd26FHfnGpQVYE+FoQbTAidO/I37SCx7Et/o87AGTcPIKUP50g48tOfiNe/A2boE56OXcGvWAypVebpXAKpd0Jq0c3+C8qd3O1R2dg6O62AaJo7d+wZXZ591Nvfd/wCu67J02TJ++9DvueG6a7ssg1+3bj13/vd/M3LkSAYOHMjWrVuorq6mobGRviUl+43puC52woZUmNhTNeneQukhEvE4Wms8T/cY/E6fPo1fP/ggiUSCW2+5lbz8fLKzswn4/WjA7/MRCAYJBAIUFRUxYvhwTjrpRAb079/teCXFxfzh4Yf5xjf+jYaGRm6//Xa2b9/BFZddSsk+z5awbdaureKPs//ICy+8wEO/e6jL8bgbx9MelmGitEebHe31uQEsw8TWDn6V/Hk3JVoopS+i0U9qAAAgAElEQVRxNxWAq2SA6u6zGVd2MIvvH/sdZi36IT7DRzga5ncf/ZFhuYPRWmMqs8eerhcNOo+/VS8g7toc22cc5Vnd974NmAEMDJRSNMQaiDhRAtb+G4wJIYQQQgghhBBCiCPPIQ5QQfnTSbvgF0QevxbdUpsMTbucoMDyo1triS/6PYl3ZmP0GYRZPAKjsBIjuwSsYLKXqmmiW2twG6pxd63B210F8XZAgdHNo2mN9jyCZ92CWXJMj3PctWsXruMQt2PYiURqw6eeN2QqKSnmFz//OTd95ztorfnVrx7gncWLOWHiCfgsHx+t/ojlK1Yy6z//k8suvYQhzw7h+z/4AQ319Vx/w9eZMnkyF110EYMHVXaOGYvGqKnZ3dnHtK2ttdfPtrGxkYSdwE7YNDU2EolESUvbP3geMXw49993H79+8EG2bdtGOBympqYmufwfME2DZOaoMJRCGQaBQIDLL7+Mm779bULdjDl+3Fiefuppfv7LX/D662/w4K9/zZw//YnJU6YwcMAAQunpNDc1sfTDpaxe/TH9+/fnT4/8iSmTu/ag9bSHpz00Jhqw3e77uO737LHmVPWnSrYASGXHBgaOdgkok7hn0xhvIivQtafpkLxBzBx+JbOrHsdv+lm8cwnv7/4Qv+HHw8Pq7l0C+qQXcnrFNF7Y/AqXD76o2+pTgHQrneT2Voq4m6Au2kBuN20BhBBCCCGEEEIIIcSRR+kDrU//ArnNO4g9dSNu0459lth3w/MguQ0PkAz2UArdUU2YqjBUykhtutQNrdGeQ2DqjQROmAn0vFP8hg0bee75ueQX5OO6DjOvvppAoPeKwVUffcSjjz3GkiXv01Bfj2GaZGdnMX3aqcy85moGDkz2x3Rdl3mv/IUPPvgAwzA49tgJTJk8mdzcPf1Yd9fUMGfOoxQUFFJbW8t5553DyBEjDnj/DRs3MveFFynILyBcV8f1180kPy+v23Nb29q47/77eeKJJxgzZixDhg6hpLiE/Lw8mpqaqKmtYcP6DaxYtRLHcTBNk2g0whVXXMmdt9/WY6DsOA4ffbSaeX/5C+8sXszOXbtwHAfLNEkLhZg06STO+dI5nHTixG43xtrRtpua9hp8pg/HcygK9aFvRnGvn/2mpk9pS7ShDAPXdRiQ3Z+cYDafNm2lOdGCYRi4nsvwvCEErf03yIq7CZbXrCRkpeEz/aRbQRKeS7vTzoCsfmQH9l/GD9ASb2VTyxbGFIzsMUCtjYTZ1roDn+nD9VwGZvfvcTwhhBBCCCGEEEIIcejMmjWr13MOW4AK4DVVE3vlDtztq8DyQaqH5YFoukaf+37d/Y2SlZWBad/GP+EK6CHo6vGeWve4jLu7c+vq6gmHa0kLhehTWEh6evetAg6XJe+/zy23/pD8vHzuuON2hgwehN/v3+8827b5ZONGfvrTn/HBB+/j8/mJxWK89OKLjBg+rNf7tLdHaGxqpLm5mbS0NAry88nKkuBQCCGEEEIIIYQQQhwZjvgAFUDHmokv+SP20ieSlaT7Luk/2HHYN0hN7ePuOhiZfQh+6Xasfif84xM+ylWtW8+5553HkCFDePLPj5Odnd3rNS0trVxz7bWsXbsW205w++23M+Oqqw7BbIUQQgghhBBCCCGE+OIcTID62UoxvwAqmE3wlP8k7bLfYJaPBc/prBj9TOPs/YUGXBs8D/+4Cwld+QcJT4F4IsFtt9+GbSeYdfPNBxWeAmRlZXLFFZdj2zamYVJXV/8Fz1QIIYQQQgghhBBCiCPDId9EqidW+XGYF4/C3fQmiVVzcbetSgapykQr1fsSeq1Bp3qiGgbWiDPwj7sYs3TcFz/5o8SmTZtZ/dFqsrKyGDCg/2e6tqK8AtM0cRyHfhUVX9AMhRBCCCGEEEIIIYQ4shwxASqA8qVhDTsba9B03N1rcLZ+gLP5Hbzw5mRlqk5uJKU8F4zkjuvJTaMUWH7MPkMw+x+PNWQ6Zn5lzxtK/YtqaGggYdv4A4GD2hSrCwVojWVZDB4y5ICnep7Hjp07sRMJ0tPTKSoqAiAeTxCuC+O6yQrj7KwscnJy0FpTU1NLIpFAa41GY5omfUtKaG1rw7FtCgoKAGhsasJ1nM6vOyQSCXbt2oXruuTm5pGbu2eX+/b2COFwGNDk5eV19mFtaGjAcRz69OkDQFNTE05q7Lr6eiLtETztoVDk5OaQvVf/1vb2CLW1tRiGoqioiGAwiOM41NTU4rgO6GQ/XH/AT0lxcecvAOLxOOG6Ovr06YPf58O2bWpqaykuKsK2HcJ14eRnoDVpaWn0KSzs8ssD13Wpqa1Fa01JcTGGYdDe3k64ro683NzOZ3Mchx07d1JSXNzZ3zYWi1FXV0/fviUYhpGabw3FxcWdm4K1trbS2tZG35KSLp+v63rU1NQQj8cIBoMUp54pkUiwu6YGrTVo8LRHZkYGubm57K6pwVCq89zW1lYaGhrJz88jEAhQU1uL57ponXxnMjLSKSgooKamhoyMDDIyMgAIh8OkpaXhui4NjY1YloVSCse2CQbTKC4uOuD7KIQQQgghhBBCCPGPOKIC1E5WALNsPGbZePzHX41uq8VrrMZr3omONiXDKTuG4Q+h0rJRuRUYef0wQnlgfcZg8F+Iz+/DMk0SiQRNTc2UlZYe9LXVW6qJxWKMHT+OoYMH9Xiebdv8df5rbNnyKbm5uTQ0NjJ61DGcMnUKjY0NPPPcc+Tm5oKnaWpu5ktnnUVl5UDmvvQilmmSkZGJ53mkBYOcfdaZfLTqIz5csYKvX3ctGRkZLF36Ia2tLVx04YWd90zE47w0bx4tbW2YhklDYwMXnn8+/fr1Y/fu3cx98SUs08Ty+WhtbeUr559PeXkZ773/Pg2NjXztiisAWLlyJXX1DVx80YW8+eZb7Ni1i9ycbBzbIRqP8eUvnUN5RTl1dXU88/xc/D6LRDyB5fNx+aWXAPD0c8+Rk51NMBjA8zzycnIpOqNPZ0BZW1vLs8/P5corLqdPYSHNzS08+9zzXP21q6irq+OlV16hKBXoNjQ0MGb0aCaffDKGkey2EYvFePGll2lrb+P6mTPJzc3lnXffY+VHq5h04olMOukkADZs2MjzL77IOWedxdixYwCoqanh6Wef40tnncnIkSNpbW3lmeef5/prriEjMxOtNX+dP58tW6v5t+uv62zxkEgk+MtfX2Xbju3kZGUTrq9n1IjhnHbqqdQ3NPDUM8/SNxXmep7HwIEDOWbUSJ597nlc1+X6a2eSlZXFm2+9RdX6TzjjtFMpKy3j6WeeJS8vj0DAj207DBwwgJycHP766nx8fj+XX3oJpmny+oIFDB86FL/fz4fLl9Pe3k4iYZObk0NxcRHFxacf9HsshBBCCCGEEEII8VkdmQHqXpQvDZXbDyO33+GeylFvxLBh5OTmUFNTy4oVKxg1csRBXReLx3n08UdRhuKHt9x6wOrVlStXUl1dzYyrriIzM5OamhqeePoZBg+qJBhMQ3uaiy64gIyMDN56exFvL15MSUkxjuNwyuTJDBs2LDmQBmUoQBOLxVi0+B3OPutMlKFQ+2wXVldfz9Zt25lx5RUUFhbywdKlNLe04Lour772NwYOGMC0U6ZiGAbLly/nxZdf5vprZ+KzfF3HUip1T0jYCcaOPoapU6agtebFl1/mvQ/ep7SslL+++irDhgxm8sknk0gkeHX+a9TV11NYUID2PM45+ywKCwuTj6F1Z/i55zYKv8/XccvOClPP04TS0rjk4ovx+Xxs2LCBl1/5C2NGjyYnZ09Frc/nw2f52LlzF1lZWezcuZOAP4Dn6dQ4HqvXrKGkqIgVH61i1KiRyapNkq0wXl+wkMrKys5Qt6ODcGNjI7W1YbKzs1j/yQaOP+5YAFasXMmuXbu4OvUz3bVzFx8sXUo8HkcBpmFw0YVf6fJeRCIRTDNZ5VpfX09aWho1NWECAX+y20Zq77ovn3tOMlBP8TwPv9/Hlm3VrF+/nhEjRuBpjedphg8fztChQ3nnnXfZvnMHl1x0EUbnMwghhBBCCCGEEEJ8MY74AFV8fjIzM/ned/+LWd+9mXvvu4/jjjuWYUOHHvCaaCzGbXfcwbJly/jBD27pDNW6o7Xmk02bGDdmT+DXt29fystKWf/JBo4ZNRJlGDQ2NhKLxQiHw2RlZmJZFgGfj2UrV1G9fXtyWX1hIccdeyyup+lXUcGmzZuprq4mMzOTlqaWLvfNy8ujT2EBzzz3PP0qyhk6ZAgDBw6ktbWV+vp6zjrj9M5l7CNHjuTd99+ntjaMYXQTviVzPSzLoqa2lrVrq3Bdl3BtmBOOP47W1lZ219Zy9llnYVkWlmVx4VcuAKC1pRXTNFm0+B0yMjNwHIf+/fozcsTwzuGVYaDRvLVoEQF/gEg0gqc1SikMQ2HbNlVVVQQCATZv/pQ+fQoJhUJ7fcbgsywGDxrErt276dOnENOyKC4uxnUdIFm5Wl9fx+WXXsoTTz/D7t27KSsrw9Me2Tk5+H0Wi995h2MnTMAyzc4d2D5avZoRw4ZRWTmQV159lXFjx2BZFqs/XsP4cePIysoiFosRSg8xdeoULMtCa42nPV5/YwE+n49YPM4pUyYTDAYxTYvKgWVs27aNYDBIIOgnLRTE89zU8xq89fYiQqEQtm0zYvhw+vfvh2GYDB00iDffXkRpaSlpwTQcx0YplQx9U/+2UiG0EEIIIYQQQgghxBdJAtR/MRd+5XwaGur5+S9+wVcuvIif3nMPU6ZMJic7u0uvzda2Nj5e/TH33X8/K1au5I477mDm1Vf3upmX6zhYVtfXyjRMbDuR+koz76+vYhkGWdnZneGm42ky0kP0KSjEcZLLsyHZEqBfRTmjR43k9TcWUFZWiml2regMBoNcfOGFbNiwkU82bOCFl19myqRJVFZWAnSpAFUqWcHqeS6GAQH/XiGcBiM1tmEYNDe38PHatWzZsoWpkyczevRoamtrO8fZV0eYmJ2VRX5+Po7rkJmR3u15oWAa6aljOrX5mVIKx3HZvGUrmzZvpqS4mK9edFFn+Js8B2zHoaK8nHWfrGf1x2voW1JCPB6nIwmtWreOjPR0tNbk5+WybMUKysrKUCgCPh+nn3oqz86dS0Z6On6/H8MwsG2bj9esYeLxx+P3+4m0R9m9ezfl5eUk4nF8qbDyk08+YfG772LbDuefdy6hUDoKRX5eLoFAANu2sUwTrTWu6zKgf382bNxIwrapKCunobEhVX2q8bQmOzuL3JxcbNsmLS0IJPvEHn/ssWzYtJE3316E53ldwu6Ojz75/a7vghBCCCGEEEIIIcTnTQLUfzGmafJvX7+B4447jtmPPMKPfvRjQukhhg0bRn5eHh6aluZmPv10C60tLUw5ZSr/8z8/YWgvG0dBMgAs7duXtVXrGT9+PD6fj7a2Nqq3b+fM007DMAwMZXD+eeeSn5fXGd7F43Fcx2HUyJEMSoWeHbTWRCNRTpw4kTVVVaxavZoRQ4d1OWfd+vVUb9vGGaedxujRx/Dee++xes1aRo0ahT8QYOPGTZ0bRW2r3objOBQWFlIbrmPnrl2d40TjMbSXDDMTiQTDhg7hpBNP5I0FC6hav46xY8eQm5sMCnfu3El+fj5aa159dT5DhgymqKgI7WmOP/64zs2c9qU9D6UMTjjheLKysmhsbGTdJ+uT4avnkZaWxpfPPYdt27bxwksvU1NTQ79+e9pXaMBxHbJzsrFMiw+XL+eCL5/Hxg0bsXwWtm2ztmodSilefuUvOI7N9u07iEQi+Hw+orEohX0KmXLyycz/299ID4WwLIvdu3cTjcZYu249Ves/IRDws2LlSsrLyxk8eDDrN3zCmDGjGT16NMXFJfz5qSdJJGxCIQ1KccIJJ3QJM1tbW3Fcl9zcZDi6avVqLjjvPGrrwqkl/Mmf7cTjjyeUvidkdl0X1/NAKaacfDJ/mP0ItuMwaOCALp+BEEIIIYQQQgghxKEiAeq/qPHjxjJ+3APs2r2bLVu2sm3bNpqamkhLCxIMplFRUc7AAQM6e3kerGPHj2fjps08/cyzDOjfn6r16ynMz2fI4EHU1dejSVaMBoPBzmu0ToZwHy5bxu7dNcml6BqOPXYChqGIx+KYpslp06cze84c4olEl3uWFBUz75W/EIlE6VtSzPKVqxgzZjShUIjTpp3CvL/8lda2VnyWj+UrVzJ50iTS09MZ0L8fby9ezEvz5pGdlcWaNWs595wvAckANRGPo5Ti5EmTeHj2bBYsWMhZZ53JmaefzkvzXiFcV0dTUzObNm9m4sQT0Kml+G+9vYicnBxc1yEtmMb48eM6Kzg9rdGeRzQaIysrC8dxOsNEz/NwXQfXdenfvz+jjzmGuS++xHUzryEzM7PjwyIWjREMBCjt25eNmzeRn5fHqkiEgsJCtm7dSjQa5evXXYc/4MdxHP706GOs+mg1pX374jgunusycuQIVqxaRX19PfF4nCUffMDYsWM4ZcoUlFLU1dUx5/HHmdLUxEknTmTOY4/zxFNPUzlgINXbq1FKkZubg+d5aO2xYMFCAgE/jutSXFRE3759icfjBIMBivr0YXdNDXn5+bS3teN5Hsmd4DQL33qLrKxsXNchMyODkSNHoj031SognVOmTuEvr85PXZPkOi6ObX/2l14IIYQQQgghhBDi72DecccddxzuSYjDJzMjg/KyMkaOHMGECeMZM3o0I0eMoKy0lPT0/Zef9yYYDDJ4UCXRWIxwfT0DB/TnlKlTCQSDuK6HZZlUlJV1BoodTMPEsiwSiTiu62E7NhXl5QT8frJzcigoKCAUCpEeClFQUNC5U33HPQdVVlJfV099YwMjR4xgwrhxmKZJYWEhZaV9qQnXEU/EmXTiRI45ZhRKKdLT06koK6M2HCYai3H8cccxbOhQlFJ4nkdxURG5ublYlkVZ3740NDVRVlpKUVERJUXF7Ni5k1AoxFlnnE5BQUFngIoC205g2w6GoSgrLd2zYZPWWD4fFeXlnUvzlVL0q6jAsiyCwTTKy8owDIO+fUtwHIdQKET2XhWthmHQt6SEzMwsMjIyqKwciEaTn5dHPBFn4IABlJb2xTAMLMsiJycZUBYWFpCWlkZJSQk+n4++JSUEg0GKi4toaW1lwrhxhEIhDMMgFAqhlCIzI4O8vDwGD6rEtm1qw2H69OnD9KlTKSws7NwMytUejm2TsB1CaWkUFfXBNA0G9O9PVlYmOTnZ9O/XD601JcXFZGVld1as2nYC23EwTYuy0lIM06S4pJiM9HTy8/IxTYOy0tLOql6tNdnZ2RQXF/faUkIIIYQQQggh/plEIhGWLFnC4sWLmTdvHosWLaK6uprm5mYKCwv3+//aX7Tkfik/oKKigr59+x7Se4tD6+c//zn33nsvjz32GEuXLmX06NF7ir2Ocq+99lqv5yjdkYAIIYQQQgghhBBCiCNOJBJh/vz5zJ8/n0gkAkBaWhoA0WgUgFAoxJlnnsmZZ57ZZTPiL9Lvf/97Fi9ezOTJk7nhhhsOyT3FoXfnnXeyaNEiEnutCB46dCi33347ZWVlh3Fmn49Zs2b1eo7swCKEEEIIIYQQQvwzCi/gzhkzmF31dx7vRdXsGcz4uy6uYvaMO1kQPthz//45/jOIRCLcfffdzJ07l4qKCm666SbmzJnDQw89xEMPPcTvfvc7brrpJioqKpg7dy533313Z8j6RVm0aBE333wzixcv7vL1okWLvtD7isPj7bffZseOHYTDYa688kosy2Lx4sW0trYe7qkdMhKgCiGEEEIIIYQQ/7QqqX66u7CyitmzHmHT4ZiSOGgd4Wl1dTVXXnklt956KxMmTACgqqqKdevWEQqFmDBhArfeeitXXnkl1dXVX2iI+thjj/Hwww9TV1fX5ft1dXU8/PDDPP/881/IfTuFF3DnjNlU7fe9Gdy5z4t+UCF/1Wxm7DveESH5y4MZ+/65cwEH9buHAwkv4M6D/CXGsmXLqKuro7m5mWOPPZZTTz2VU045Ba01y5cvp7m5+R+dzVFBNpESQgghhBBCCCH+iU2eXMGi1WGmT99rk+CqJSycNo1pCxfu+V54AXd2CVUruebe25lemDr2vzC54hEeWQhMu4VbutwlzII7Z/HIpmncMmcmwzu/7hjqGu69fTqFVDF7xj0sBJg1g623zOHcXXcya+sl3MI93JOazrRb5jBzeDcPc6A5dnO88pp7ub3jYNVsZtyz53l7vMcR5Pnnn6e6upobbriByZMnA8lqz8cff7wzIO1Yuv+Vr3ylc/l+R5B51VVXfa7z2bp1a6/9Il944QUmTJhAv379Ptd7dyosoYJHWFI1k+EdP7+6rWyqrKRy0WrC06eT/IlXsWQhTLvlCP8h96Lre5r872rW7BLmHKKXd9GiRUyaNIkf/OAH5OXlAXDzzTdTW1vLqlWrmDRpEtnZ2YdkLoeTVKAKIYQQQgghhBD/zI6ZSMWi1V2q1qqWLGTaxIl7vpEKHitumcOcOXOYM+derqncxCP/u1e126ZHWNTv3uTxLuFNKiytuIU5e4Wniyanzp0zh1sqHmHW7CpgODPn3MI0Krnm3r2CoYX38HTH2PdeQ/U93Szb73WOyaraPcdvoeKRWclxqmYz4x64JTWf5D0Oto3A4REOh3nttdcYNmxYZ3i6detWHn74YSKRCOXl5ZSXlxOJRJg7d27n8vnJkyczbNgwXnvtNcLhz/cB58+ff1DnfbFL+YczcRpU79rzbFVLFjLtkkuo2LSVzrrY8C6qmcbEozs/3Uch0y+ZBguXHNKK2enTp+Pz+bBtu/PPhRdeSH5+/iGcxeElAaoQQgghhBBCCPFPbTgTKxaxujNvqmLJwn2CpcLp3D5n70q3Qo6ZXLnPOJVMPqaQfVXNnsUjXMO9HRdXzeMRruHGvSpeh8+8hWkLn+45sKzc6/zC6SQzon0iol7mGF7wNAsrr+HczuPDmTlnDjOHh1nw9EKm3TKT4XuNdeM18Mi8I2/hdofly5cDcOaZZ3Z+r7CwkDPOOIMzzjiDu+66i7vuuovx48cDyaXWHTqu6Rjj87Lvsv2eVFdXf6733VdBv0o2be2YS5hd1ZX0KxjOxGkL6Xxt6rayqbIf/5+9e4+Pqrr3//+eySTkQrhMCAG5DYUgweLjEDwCMkCxqO1XT72cXwmXcyy059h+kQI/03LKUQpWPfRLxS9Upaf9tQ85fEu4nO+pttVHxVopJAoo4KlWEBBJIMgtE4RAbnPZvz/23DOTTJKBTOD1fDxGzOy19157r73X3vsza63dL5DqrScT6gYfP11kl/pQgP+83nryYT351luh6U++pfP+YQVire/QS2Fd8js7wO+hlyK6+AeHMWjRTb9j4wl/+ctfltfr1blz59TY2Ci3262amhpduHBBTqez1SCq1+tVY1OTGhobY36awl5Klerowg8AAAAAwHWuaOJQbQt04z+0RzumT9R8SXtapAzrYi9JI6a0vuAdq7RK0oh5YxXsRX/6hHRsh0of3hCVeITmxVvO0IEKD832GzZCKj+t8xoYI3HsPNZUHZOGzlTLEG+Nqo5JO1Y9rB3Rk6bH3bIuV1VVJUnBMU8ls7t+eLf87du36+OPPw5OCwjMk+wWqIF1teVqB1Dzx07RiA17dGh+kYrOf6hyTdGCfEnDRmjHnkOaX1Sk86dPaMSU+8zj4dBLKt0wVMs2rlCRzABmzG7wcdP101tPrtKJeWu08c58f4vmJzUsbPiIYxuqNHPjRs33H5+l6+dpzcaNyve3nH710J2aX2QGaFedmKc1G+9Uvr+19pNvhQ010SrzxwBNX+b/MeCQXlp1QvPWbDTzceglPbzqVR26M+zHgk7YsGGDbrnlFr333nuqqqrSgw8+qJycHFVUVOj999/XAw88oNdee01Tp07VTTfdFHMZn1+4oMbGxpjTevfurR4ZGUnI6dVHABUAAAAAgOtd0UQN9QdWtGeHpk+cL0V0Ag4FJUf4g0Tn33pSpW31xB4xT2sWSOtL1+utsWFjkQbHPE2mDubRrzuMeRqurdaea9euDbYwHT16dMzxTq92IDOeq/UCq6D8gRqqcp0+LxXVVOnY0InmsTZ2ikaUn9Z59dOH5dKUBf7RUPfs0Ih5a4JBxaL75mlEqT8AG7bYQ3vCg5NS0fyN2ihJ599S+bERweWp6D7NG1HqH1vY/GrEvPv88/XTsBHSiCn+HxXyB2pocA3n9WH5MU2fucJ/bphd8jdsCx+7NVKLwP+IsNbeKtL8jStCSz99QgpbW0d99tlnevXVVzV8+HD1799fo0eP1meffaZNmzYF0zgcDg0YMEDZ2dl64403NG7cOI0ePVo9evQIpklLS1NOTo68Xq/cbnfEOnr06KGsrKxO5/VaIYAKAAAAAMB1r0gTp6/SnkMTpR3TNXF+1ORDe7SjI0HPoQOVn1+kmdM3aNX6tzR2xZ3KHzhU8o9FmfCyTpzWeRUF08dsTdpGHkOtVouippsBrfLT56Wi5IZ0r6Z+/frFnVZVVRUMns6dOzeim78UCmAOHdr5YFr4Otub/qq9SEpFmjj9mPbUBMbz9R/Q+WM1Rev14fmBqjo2VBPzJbOLv3RsR6kiG0WPMAOwwb/NdCOmxNjvNVU6pqGa2enDJ15r6Olxz5fWA/+RL2sbMSJ62I2Oee+99zRu3Dj1799fVqtVd9xxhyorK3X69Gl5vV7l5eVp+PDhys7OVm5urnJyclRVVaWbbrpJ+fmRW5GTk6PGpqbIAKrFouzs7Ihga6pjDFQAAAAAAG4ARROna8eqVdoxfWLs7r3hL+A59JJKNxyLlSr2sucv0/RjG7T+rfP+1nk7tCp8sMVDL+nhh1+K/+KbYxsUHI70/FvatmOE5t0XI5et5DH/zpmaHr6c4NiU0p0zp+vYhvVh40EGpqXuW6QCwcfwsU0D8vPztXjxYi1evDj4ghvnWfgAACAASURBVKlwgXmig1mdkegLpDqavr36DRuhE6cP+cc/DXybr4FDj6nqw9M6ETzO8zVwqL/VcuAlYhs3auPGsBbTYelCY6tGrEwjdEKnO324mMH86cs2RuWlg13uD72qDcemB1+OtmJmcgLmn376qXr16iWfzyePx6OsrCwVFRXpzjvv1F133aXi4mL17dtXhmHI4/GoZ8+eOnv2rBoaGlosy2q1Kic7WxlhXfWzMjOVmZkpi8WSlPxeCwRQAQAAAAC4ERRN1HRJ02O9lrxovpZN36FVgZfRbBumNcumS8fCXz7V6sI1f1kgSJmvO1cs0/Qdq0Ivt1klLQsGiczWgxtKwwKYI6ZL2/xpSzdo6LLo4FYieSzS/DXzdGJV4IU6pdowdJk5tmTRfK2ZJ20oDU0rn5LouJNdI/ByqFiByKqqKq1bt07r1q2L2TK0vLw8YhmddejQIVVUVLRrnoqKina3Wm2P/LFTpKo9qtIUhb/brGjidJ0oL1dYVFVFE6fr2IZXFYrRPxkzoF80MfIN9+ffetJ8AVT+WE0ZcUzlgZPh0KvacCz2S9XayLXGThmhHdtCL5U69FLrL7VqWyCw6x8fNbiqgRqq8DzvaTkGcAwXLlyQxWKR2+1Wc3Nzwh9Jqqura9FVX5IyMzOVHgigWizKzMyMCKh2B3ThBwAAAADgepR/p1ZsvDPsC/Ot9PH+Lpq/URujuvaHJkcvK2x8yNAXYenNZUePFBBrXeffkqRhum9FrPTtyaNibHP4pBWKMykl5efn6+6779Ybb7yh8vLyiJam4WObnjhxQkVFoaB44MVSd999d9JaoK5du7ZD861atUr//u//npQ8tJA/UEN3bNCO6csij5t+w6RjJ0LjlUr+APqTKn34Yf8XIzRvTYxWny3STdeyjeaQEXeuWKaqh0PDAExftrFlkD+RbN+5QsuqHg57yVpoHe3mH4t1Q+nD2qARmrdsnkas8o8Nm1+k++aNUOkGf56nz9O8EVJbIe0LFy4oLS0tZiC0NVarVVeuXJHH41F6enqLaTk5OXI3N8uWnt7tWp9KksUwDKOrMwEAAAAAAG5M5ougplyFl051f/X19XrmmWd08uTJFmOdBlqmRn+3adMmDRkyRI8//riys7OTko9f//rXHXoh1dChQ2O+3Aqp689//rOOHj2qcePGyWZLvN3lwYMH1adPH91xxx3q06dPzDQXL15URkZGyr08qrS0tM00tEAFAAAAAABIQdnZ2Xr88cf1zDPPaNOmTdq/f7++8pWvaPTo0cHAaX19vT7++GO9/vrr+vjjj5MePJUUMwhaVVUVMeZlVlbWVXxpFK6VK1euyGq1yuv1tquVqNVqVWNjo7xeb9w0vXv3TkYWuwQtUAEAAAAAAFJYfX29Xn/9dW3fvj0YtAwESOvr6yWZAcx77rlHDz300DXJU6C1a0B0C1l0T0eOHNELL7ygpqYm9ejRQ9nZ2crNzVVOTo6ysrJksVjU1NSk+vp61dXV6cqVK2psbJTP59PMmTM1adKkpAbvr4VEWqASQAUAAAAAAOgG6uvrtX//flVVVQW71A8dOlTDhg3T+PHjr2ngqr6+Xr/4xS904MABFRcX65FHHul2gTNAIoAKAAAAAAAAAHElEkC1XoN8AAAAAAAAAEC3RAAVAAAAAAAAAOIggAoAAAAAAAAAcRBABQAAAAAAAIA4CKACAAAAAAAAQBy2rs4AAABAexlXXGra9YI8lXtl1F9oK7X/X8vVztZ1wCJr74HKuv9/yZo/sqszAwAAAKQEWqACAIBup3HHWrkPvt5m8NQwDJmBU4KniTHku/iZ6l/+XldnBAAAAEgZBFABAEC34zm+O6F0hE07xqg729VZAAAAAFKG7cqVK12dBwAAgPZpTvD+xUIItaO4RwQAAABMNrNrGwAAABDCPSIAAABgogs/AAAAAAAAAMRBABUAAAAAAAAA4iCACgAAAAAAAABxEEAFAAAAAAAAgDgIoAIAAAAAAABAHARQAQAAAAAAACAOAqgAAAAAAAAAEAcBVAAAAAAAAACIgwAqAAAAAAAAAMRBABUAAAAAAAAA4rB1dQbiOlKmBWsr5Jj9lJZOyWs9ratcq5fv1qSnlqqtpEmd9xpwla/W8s2VLSc4ZuuppVNkZvmIyhaslZas15xRgXkGa8n6ORoVd5nxp199R1S24BUNSdF9fs24yrV6+WbFKF2Tc4nW33M2pY/P9jGP04pYk5xLtH5OFx2NZQu0Vub6XeWrtfzkA12TlyNlWvDKkLDz+ppnQGUL1qo6bp3b1vTWFl0ms4pKtM4JO1Yi6roU4b8+teTsZL2a4tvdjaXPfEOZQ3JbTqh9TXUvPZ2UdWTO3610xVveE8ouvVf66yTVb0/K6totfeYbysw/qsYXH5W7C9Yf934mqv53la/W8t2TrsLx71L56uU6+YB5r9T9JbfObs9+79JrZbcW7z7IodnXxX0eAADXtxQNoLpU/kqFnE6nKjZv15EpVzHQlzdFS9dPuVpLT44YwaUjZQu0fLXi3+g6qvXK6nJ9K3r6kTL/A8zgq5dfJCbi2Iv3YDcq9Y/Pdon1kGA+UKwe0oHAXBKMmrNe66/5WlPY7l+prGBp1HHoUvlq86HPcS3ycGSfKlI9gBgjf67y1Vq+oKzjQdTusN3dWYtgaYmyHl2i3PlKWhAVbWhxP2Ne+xaUhb7Pm7JU19Vl72pLUp3Nfr9WWt4HucpXa/nyMhV0WcMGAACQiNQMoLoOanelUw8svU2qWKt9R+ZoVNQdxZGyBQo0AHI4neFTzNaNSyZp91p/6z7HbD21tEDbg7/6ht28RLRA9c87e7A2bw78PtzZFkVXx6h7Zsux/KRcUpwH7UmaNHi3DrqmRNykHdnnD0zHbAaYQqJaeDmXRAYWw8vfn8B8+IrV0s1VrtXLT+oB/3eRrWBS/Ff/8ONT/u1YIq0NbHywlWqgJWvU8drGfkwNo3TPbIeW7z4o15RA4Mh8qA4VU1RQKar1brCluqtcq38lTRq8WZsrJDmX6Kkhr0S1qolssR1ogfrUkFf8x8VaLag21+cqW6BXhizRpN1r/Xkxj5eC7WH1T0TrnqjWJWHBArPFziTNrt4c3K7gvGHltHzByS6tcwZPmqTqfUcUUem6Dmq3nHI6KlQtxW65345WpkfKFuiVIbM1ePPm4L5yRrSgN3fQ8gWb/d9HHQ9d2GK5NXlTHpBz8ys665JG5UltHQ+/0qTgPrjtTof2vRW93dH1Vfj5fURlC/ZpyOxqbd5cKTlm67FJu/XcyQe0RGsVqiLW656zYcuI2HdR+1Xhx3MC18N452Ewf7G3PXVsVcOLhcouvVfZ9zztbxlqBlVtmaFUxsm1urxtq/lH8YvqOb1YlljTJEm3KLt0t9L8f3mjW5zetFm5pf6QVuOBqNagZivVwLzRy86cv1vp9rBlhQWEM+fvlvXKAVmHFMuiOnl23K2GA+HLq5O3tv176OrL05SlS3RywVqV3RZ2zPvrbEWdJ7HPi+jreKxjLy90rK9dENYqs5W6Jfp6Mnas9GHviHPg6rWWTVxCdXZAi9bzoXM6er/Hu16F9n3oWpmn1sokgbqkrXzFu3YGNre146Eb3AfljZkkh04G/w7vGSMp8prrit0DwjH7KS0t2B5/Wsre6AIA0H2kZADVdXC3Kp0PaJRGSU5p7b4jmhN2Y3ikbIHWVs/WU+unKC9w8yuHJgVTVGrzK5P01Pr1yvPfSC9f4NDsp9ZrfZ5//u1HNCXmHVSlNu8OzGsue23ZbSn44Ne2MbcN1q8OujQl7IF2X4VTty1RagdQg4GY9ebNtatcq5evVrn/hjiy/APpAw9ft8mpyKB76HgKe0BYvzQ0b7f61b9Ca/ct0fr1c/z7Za0WVDj9+8o8Xl8pvycsKBd/P6Yuczt2T3pK65f6Q55lC7S8rMB/Hh5R2fLNGrxkvZaOkvn3guUqK1ivOXmSKjeb8673h2LLE1tr3pSlekqR3RJdkio3v6JJ4XXH8gVyzPYv/0iZFqwNtJIPBWbXjwptx+rysAeXis06GZh+pEwL1v5K5WOWasqoOVq/RF3chd+vYIwm7d6uI2YNLMk8hzTpAQ3Z7X8YzxujSY7N2h1WvxzZZw65kuh5VLl5d3C/uspXa/naMt22fo5GTVmq9QXhwxn46/jBS7R+6SjFarGWmto+HsL3gSR989bIYRxCw60sDdVfES1cK7T55BKtXx8Iyu42f3Rcsl5mFbFay9cuUIXTn8ZVrtXLX1H5PUs1JS96vwbW5z8m86TWr4etnIejEjgXUsbT8tXeK1vvEkkyg6f1r6nuRTMwaXb9/5ayireaAcnpxfIFg6JPKLt0ibLv2RoKktrzZOyYpLoD/nm/uFmZ22er0T85zS6510xSo8ygZ+ajL0ovPiq3P3hqPblWddu2Bpfdc6Z0edtWM3iafUCNa/wB13s2K/eL4YFfKW2IPbhsRS/PH/gNZiSljNJtTumV0C8PEaLPk9av42bLy+rZT2l9WIB0dflTWrr0KSmip0cCdUvE9cQ8rkP3Fy4d3F0p5wNLU7/OlvzXnGrNfmp9WGBzbfx73HjXq1jXyjbvrVqpSxLJV7y85MnfsypUT0asu5vcB7kO7pZmfyux6+eoOeY9YGBe/3XigSl5klqbBgAAOstqGIZS63NY2zdXyjm+UIZhqPDuWXJUvKJdNaHp+yok5/1O2Q1DhmGX85uz5JCCy5DCpxdqvFOS83457eb0wvFOqfqMasLSx57XrqKJjoi01/4jSdHf1WjXrzar0jlehWH5VvQ8heM1ePdHobwf3qcK53gVBpN3XTnHX3+Ndr1SIefi2cFtM+xOfXOWtHn7YbP8Zr+oF78fKCNzO53B7TfLu2Lf4eDyPtodOJ4Oa/tmadY3w+edrcXOCr2yq6ZL94dhGDIiyjD2vpIcmnV3oX+/FGmiQ3LMutu/r8zjtfJkTUL7MXXK3TznHROLzHI5vF2bNUvfdNqDaQpnL5bTXw/U7HpFFY5ZurswMH+hZr/4omYXhvbRxCJ72PJbnkMR54vCp0elVYy6Q07dH8hb4Xg5Va0zgXw5FwfzEaibtHm7DgeWHZ7vwvFyqlIna+LnsyvKR4ZdRROrte9w4PsafbRb5j4N7jf/sRasXw5rX0X0fg//RNU5UfvVXjRRDv9+bLEvDm/X5kqnFs8ujNivkdeFa/2JXVaHy9aqwjFRRfZEjwczbezl+q+FYeew3flNzXKE6itJwWtlcP6wY8zcr9F1RuCYs8v5/Rf14uzQ/Gb6xK6HrZ2HbW97Eo/XJPBeqZMlp1Bmi9RJEd353Z8cVfw1Pa36NVEtTGt3qeFA+Lx5shSHreuvoWBq418OyMgslK1YSp85VWmNB9QUbHH6tOr/WinLkAeUKanxpUmqC2+tuv0jeaOzU/tRKD56zy1KU6U8geUdeFRNJ+sS2h/hrsV5YxiG7IMD167odIo6T9q4jvvri2Ad7T/Ovx/429yohOuWyOtJ1P1FzUfaXenU+ML27ocknwMJ1dnmfnrxxe8H693g/XHM65/acb1q+95KauXeOpF8xc2Lea8Tug8KLG+2ClP2PqhSm5cv0IIFoc/yzZVhx78RdV8SKusWy6vZpV9tlmb9KGwbE5nGhw8fPnz48GnxSUTqtUA9sl8Vjln6UeBn2LwxmujYoj2Blk6us6qWQxPDf0zNK2hzRE/H4G7862vFOj0a3WLUMUs/mt3Wb9WjNH7wb4Pd+I/sr5Bz/GxJ+69SRpPBpepKqWLdoy0H2XdGpSz/iX64pbLF5FHjndK6/Toye5RGuQ5qT6VT94+S/9ipVMUPH9WWqEU7ZiV3K66lwQWxju3E9+O1VaktMff/j/R9fwsJ19lqqbJCP3y0RSrNkuSqrpQG3991LX4cg2Ou22Xu8Jbnatfu8A7JGzNR1W/4u4S6DmqPJuqbedLBqDSOLdXmMCKus6p2TNTdV6FQXGerJcfEyH2eQJ1/1VVuiXGMOrX4RbP16JHOHg+xrnXKU0G7N3ywYlYRYY5sflTrgvl0aGIi2WvlPLwezoXI7vKBwOPTcp+cqswv7lbuF9WBF1DVyTgf9ueB0/JNL5YlX0rLyZXqT0e+3Ol8rQzZI5YQ/TKsFkHUQLreeVLj0Yjp7osuZea3I7upqI3reMz6Iu6i2l+3jBrvlH57Vi6NUp6rWpXO8SnReyWROjvIVa6f/HBL6AWWnT0tk3Vv1aF8mfc6g+/vTvdBDs360fcjW8Ae2axH1/1W5Xd/vx0tY49o8w+3SLN+FGOe1qYBAICOsiUaab02XCr/bYVUqZYPppVv6IhzlgqN8F9hI5NEfhc1vUVUOTLSHG9eI/xX9s5uXgcYhiTnYr0wqzDmxMg8mfkOz3Ph+MFa98YROWdJ+yucGj/LkHE03vzXVqwyDHAufkGxN9mQq/xZrdhaKcmpxS98T4U6qi0L1ylYboXj5dQ67T8yS/Yze1TpvD+spa5DJU9+L+YNZdeeC0ZYi4Pwr8OOT0Ufqy3nif63tf3YNSL3/9EtC7WuItRayMybJEeJnvxerK7shkKHb4xtiHE+xz+HI/d15DxRKWPVHbGmt3KuuhLKR9fVNSGGDHuRJlS/pF0139OYg3ukCfPNlkNSqC61F2mCY0vwPItIE3fRcfZb3HrYkFqpg1urQ666eMdoeD47fDzEuzaFrSOR61XYhGBdETaPef75t+WFKcpzlevZFXsTuh6GshK3Ek/wutVxlraTJCQtJ1fGFbNmCQZOG/3d5YtfVM/poe1wb7s7ogt9bum9McZBTb5Q4LRS7jV3q9HfRf9qS+a1Il79KplBd8cguyKub7HO/zau4+aQLfHq0cjjv7X7u9jXXJn3F5W/1Uc1Tg3YXyHn+FldfO8gJVxnu8r17IqtqpR5b/C9Qn8dILW938PXZUSVZZv3Vq6Ief1ZCi2/Hflq/doZe++k3n1QjHq98C6VOFZoz0c1cobtxPjXSJfKn12nCudivRB2/2RqbRoAAOgMa1dnIILroPZWOlTy5At64YWwz5MlcqhC+49KyhugwarUqfCXIbjORA6Sj5DC8XJW7NfRo/vN7vtdnZ822TXIIVWfccWZ7tLBvZVyLn5BL7wwK872+LvZ7S830473p4p17Fy32tqPqaFw1pMqcVRo3bPlCuQ0b8BgqfKU4hWT3dwwpdqWpWq+OiZPYyZIew8e1cG90oQxsZqw5GnMBIf/PIuXJgk5iXU8dIM6v9PHQ8z6yqUzSdvwo9pf4b/exvyxonWtbV/3OheekNUu+S5u9f9/nTw7orrLx7J9turWTFLjyTpZ8qcqPaF15coS3gK0eKCs/lap3it1UvbAyOXk2/1B4hLZ8nPl/esk1a2ZndAwpu6LLinTHnwhleRvlZqSjmp/hTR4QAL5a+M63tb1o820bdYthRrvrNTeg+Xmj9Ipc1PVdp3tOrhXlc7FeuGF2AHFjq+6c/dWnctXa/c63eM+KFxC54AkV/lL2lrp1OIYO6y1aQAAoHNSKoDqOrhXlY4JanHflzdF9zuliv1HJRXqrhKHKn4bCLi4VP7SVlW2WBpMhRrvrNC6dRWhQGJKy9OU+52q3PqSyoP3vC6VP7tQz4a+CLsh9v/SHrWUwvFOqWKrtlY6NCjYA9J/7KzbEmzFKB3VloULteWorjOJ7ceul6cp80vkqNyqFYFCKLzLDKqGF8rRLVq40Cy3vCn3y1m5VX8MTm59u8yH5L066J/sKv9ty+58ydgSf75eCsuHq/xZLQwLDncneWMmSFvXaati1MlhaRwVW1tN02ktjgd/ne+8P6W7Jnb+eGhZXwUejO9P2oaHBz2OasuKxK+lrZ2H3edcKFHWo/cqrfa1sHFMw4Oc5kujQi1dn1B26W5l3xOa35afK+P8rtaDrWHSRr7oD5KWKGtSsSz+MVPd23bJm1msHjNLQuv6okPGyVeCAVNr78A0f75bW9H2V+RpdMgWWF7xi+oR1vU/dYRayyUW72njOu6vL34bduwd3bJQC2Nd5DtYtxSOd6py69aU+1E6kTo7/IcNV/mzYUN3dEYS7q06nK/Avc4fQ+t2levZhc+q3NVd7oMkHf2jtlaGAvL2QQ6pYn9wm47+MaxuPrpFK7ZKJU/GaETQ2jQAANBpKdSF/6je2FopR8m8mN1ARxZPln76W5XPKJXTWapF1d/VioVml7nJJSVyVO4NDZQvRXRxbNHtMFbXyHjzBid3URf+sLy1lio839F5Hlk8WaqQikf6tyuiW3hXMGSoUltXLFRkp0eHSlaWyjmyRCtL1mhl2HRHyUqVOu0yDMk5r0R7V66Qv/g1edFKlfxupbbuO6KSkf5bxpHFmqwKve2Y4H/5hPm13X/srFsYujufvOh5zRoZv/vXtRGnu2748amw/zdizxNxvLS6H7vmaI4+vyRJdqdKF1Xruz9dp2cHrVSpM0/O0kWq/u46hYppshY9P0sjDUOGRqpkZYnWrFyohcHJi/S8065QT8GwdYws0aLJ39VP/fvBUbJIJY6fqjpwvoTVD/aiCXJsXaeFFeb6wrsxBpZr/hPVJdowZBiBfIWOTTlKtLLUfHFGKGux5pV5zFb+VCsW7jXPg2seHIzKj71IExySJvhf7hU6GEP7o0WaeIuO3G8t6+RQupZ1lF3O0pXSmpVaGCjwyYv0fMnIruuamFAd2t7joeVy7c5SrdQarQxtuBY9X+I/DxK4XrXo+hpeZ4xUyaLJ+u66hf4fFBwqWblIk1f+VHsP1sjpbGv5rZyHhr3Vbe+yLvx2s8t9OCP41nvJfHHTLcoNjHGqOnl2vCbv9HuVNrJEOhA9XeY4qAl336+T57xdmaW7lSmZwwQEx1B9WvVrpOzSJcotXRLMW2BogIbdU9Vzemia969r5Rm5RLabnpAUaxzWrWp4sTBseZXynKyTrZ1joCa1C78kVYTX6yZHyUo978wLriv8OAvPR+Cv1q/jdv/1I/rYGynDkIomOLR13UJVTF6k52cVtl63RNdLAf77CxV3YR0kqb11tt05TyV7VwbvnTV5kVaW/E4rt+7TkZKRwdF2Y+/3yHVFXysLWy2T1uuSvHbkK/a103+vEyxEc91OuyHDnor3QfHvf0cG635znwT25+RFizS54neSYejIPvO7FsuYvEiLFH/a87RIBQCg0ywXLlxIlQgqAKBbcalizQZpXlcEfHGjS/vVV7s6C9c977f+0NVZSEFHtXXRARX/tIRWfgAAANeJp556qs00KdQCFQDQrbgOaa8m6Bv2qBZaAK4L3CPGcHS/3r6jWDO7rBcPAAAAukJKjYEKAOgejm5drMU/2qsJ35jc7hcQAUD349Lbzy3W4hekhSW0PQUAALjRWFwuFz+gAwCAbiX9pXvbToROcc9/rauzAAAAAFx1zzzzTJtpaIEKAAAAAAAAAHEwBioAAABa4B4RAAAAMBFABQAAQAvcIwIAAAAmAqgAAABogXtEAAAAwMQYqAAAAAAAAAAQBy1QAQAA0AL3iAAAAICJACoAAABa4B4RAAAAMNGFHwAAAAAAAADioAUqAAAAWuAeEQAAADBZLv3vqdwdAwCA7sXb3NU5uP6lZXR1DgAAAICrbuXJ29pMY5PFcg2yAgAAgG6Fe0QAAABAkmSTp6mr8wAAAIBUwz0iAAAAIImXSAEAAAAAAABAXARQAQAAAAAAACAOAqgAAAAAAAAAEAcBVAAAAAAAAACIgwAqAAAAAAAAAMRBABUAAAAAAAAA4iCACgAAAAAAAABxEEAFAAAAAAAAgDgIoAIAAAAAAABAHARQAQAAAAAAACAOAqgAAAAAAAAAEAcBVAAAAAAAAACIgwAqAAAAAAAAAMRBABUAAAAAAAAA4iCACgAAAAAAAABxEEAFAAAAAAAAgDgIoAIAAAAAAABAHARQAQAAAAAAACAOm2F0dRYAAAAAAAAAIDXZiJ8CAAAAAAAAQGw2gyaoAAAAAAAAABATLVABAAAAAAAAIA7GQAUAAAAAAACAOGiBCgAAAAAAAABxMAYqAAAAAAAAAMRBC1QAAAAAAAAAiIMxUAEAAAAAAAAgDgKoAAAAAAAAABAHY6ACAAAAAAAAQByMgQoAAAAAAAAAcdh8RFABAAAAAAAAICabjy78AAAAAAAAABATL5ECAAAAAAAAgDgYAxUAAAAAAAAA4rD5GAQVAAAAAAAAAGLiJVIAAAAAAAAAEAdd+AEAAAAAAAAgDpuPt0gBAAAAAAAAQEw2W6/+XZ0HAAAAAAAAALj2LredxGIYNEEFAAAAAAAAcOMpLS1tM431GuQDAAAAAAAAALolAqgAAAAAAAAAEAcBVAAAAAAAAACIgwAqAAAAAAAAAMRBABUAAAAAAAAA4iCACgAAAAAAAABxEEAFAAAAAAAAgDgIoAIAAAAAAABAHARQAQAAAAAAACAOAqgAAAAAAAAAEAcBVAAAAAAAAACIgwAqAAAAAAAAAMRBABUAAAAAAAAA4iCACgAAAAAAAABx2K7GQi9evKhLly7J4/FcjcUDAAAAAAAAuEHYbDb16tVLvXv37pr1J3uBFy9e1OXLl5Wbmyub7arEZwEAAAAAAADcIDwejy5fvixJXRJETXqE89KlS+rduzfBUwAAAAAAAACdlpGRIavVqosXL14fAVSPx6O0tDQZhpHsRQMAAAAAAAC4AaWlpXXZcKG8RAoAAAAAAAAA4iCACgAAAAAAAABxXJWBSum+DwAAAAAAAOB6QAtUAAAAAAAAAIiDFqgAAAAAAAAAEActUAEAAAAAAAAgDgKoAAAAAAAAABAHXfgBAAAAAAAAIA5aoAIAAAAAAABAHCnZAvXolu/qp2/HmGDL1aDCCbrr7+/S+ILsTq0jPpcq1qzUVpVoZalTeZ1O19X8+Ry0SM/PKuzqzAAAAAAAAADdylUJoCZHlhwTijUoLIcNZw/p0NE3teHpvfrgf0dKpwAAIABJREFUn3+g+bf26rrsAQAAAAAAALjupXAAtUATvjpLzuimnfUHteXpn+ntl/4/FT5R2nI6AAAAAAAAACRJSnbhN/z/NQxDLRaVVaSSf56mA8/t1O92HNfkv3f4J9Sreu9v9Js/fKjK2gZ5JNlyB+nWr87VTOdgBTv811erYtsm/eGDU6rzxEoTWKdb9Ufe0Natf9Chcx7Zsvrr1r+bFzOd66P/q5f+421VNUhZ/W/V382bKefgyCEG6qv36je/+Z0OfFInj2zKHVmsrz30kCZEpEtkG1yqWPOktg3+hr5r+4N+tvOclHu75j3+D7o1W7p08L+0YdPb+qTOI1v/Ys39n3/nz6fBy70AAAAAAACAdkrhFqitcDg1w75Tv/+kUi45lCfp7B+f0+rf12rQ7Q9pbrFdWXWn9Paf/6AD255TQ9ZK/c/xvSS5VPGz1dpWO1LTHvqGiuxS7YE39Zttq1XteVxPfKkgtI5Tv9NzPytQ8UNz9R27R4d+v1U7tz0n9fpfmndrekS6n/2yl4q+NlffyW3QgTd/o22rj+rUd1eqpNBMV390q555/m01DLpdD32jWHbPJ9r5hz9r0+pDqvzu4yopNEOjiW2D395N+lnBBJV856ty12bJkS1d2v8zrfyPQ9KgaZo7t0j6ZKd+//wG5V79EgEAAAAAAACuS90zgKpc2QskHTqrWkl5qtQHb9cpd/L/1GMlhTLDlmM0prhAG/7llzrwyVlpfC/JdUh7q6Tbv7NIfz/Gv6gxRcpqeELbPjgq15cKQi+D8tj11cf/RXf5Y6pjCrNU9y+/1IEPjmrerWNCWfHY9dXHnwilG1+ogqef0e9/t1czSp3KU6X+8Mu3VTfsIa0o/ZJ/+WM0ZkKxfvf0ar259V196YkvqSDRbQiut0hzv1ui8cEGrJX6r22HpGEz9XjgpVZjxmjsyF/ryX+vSubOBwAAAAAAAG4YqdmF3wj9T+xFZSm3rxTs5q9hmrHix5oRmCeQzHaTRg6SDtTXq9kwlJ6bK7tNOvD7LSrK/arGDu6ldGWp+J/WqDg4r3/uQZM1rn/Y+gPLOlurGsNQXiDdyBm6PTyd+mvc5EH6/ct7dejiZE2u3a93G6RxM+6QPTxvGqRpM0bqzbI/64Mz0zSjIMFtCEwZVqRhWWHrPXtUHzZIY2fcHrGerKIZmmF/V7836MIPAAAAAAAAtFc3bYF6SedOxfrerXrXWZ06d07njh7SBx9+qE/OSVKdLknKS79Vfzd3rKo2vaP/+Mk7ki1LdsdYzZgxQ+OKChQxaqktPdYKWupvV6+or/IGDZP0vs7WSnK71SC7Bhe0XF4ve39Jn8h1SVJw9IA2tiFePi65VCu7JrdYT67s/RPbFAAAAAAAAACRumkAtVZnz0kaNlh2/zeuA7/UC5s+VK355iXZexVo2LjbNfb9nXo/bM684n/SiuJLqj70od7989s68Mm72vbv7+o3w2bqXx+bHD9A2W5Z6pUlyZ34HIluQ/uky5bV4ZkBAAAAAACAG1pKduEPLkdxuvBXHtC7DVL/4hFmd/VL76rsPz5Uw7iH9cM5xbIHG2Ge1Zvv79T7MiK7xStXg0bfoQdH36EH5dbZnS9o1cu/187jd+hBh/zpoudp+b0hSbWXVG8YCo9R1p6qktRffXMNGfXpylKtqs82y+gf2Tr0Uu05SYNUYDdkXEx8G2LmL9cue8z1uHS2StLo5JULAAAAAAAAcKOwdnUG2q3hkLb9aqcabKP1lXH+fu/nKvWJpLG3hwceJZ16V+/Whv50H3pZP1q2XC9Xhi8wXb1yozvht8PHOyPWoYZP9Oabp6SRxRqZJckxTrdnSe+/+Y5qI2Y8pZ1vfiLljtZIe+LbEFdBkcbltlxPwyc7tTOR+QEAAAAAAAC0kMJd+M/p3de36VRYDhvOfagPP6mTR7m6Y+E3VByIe/YfqdG2d/Tur36irJn3aXRug2rf36lXD5ySO2z+9JFjNdq2Uztf+IkufWWabh+Uq7pT72jn6x/KNuzrmuboQDZza/Xmv/1Epx78ssaln9LO13fq44Zh+vqc2/1jozr0lW/doQMvvKx/+8kpPfjlcbJ7PjHT1ebqjoUzNKgd2xDfIM34xh16N2w9WXXv6NXff6i6DmwWAAAAAAAAgBTtwm/O3aCqd99RVdj3tsy+GjbuXn35vhkqsoetJ3ecHl5Sr//c+KreLvu5dtoy1XfY7fp/vvdt2d/5kda984mqm+9Q3/QR+vqyR9V348va9XqZ3vePNTrijke07MEi9TUMc9gAfy6MiC780d/7/x47W0tGvKef/2eZ3m2UMoeN0z8+MkfFfUPDD2SO+LqWfW+YXn75Vb288V15ZFPuiDv0j498RcUFmeZ2JLwN8fIXWM9N+s+N5nqU2V9jH/hHjXvv/+hP/vQAAAAAAAAAEmcxkhxVO378uHr16kSXeAAAAAAAAACIcunSJQ0fPjypyywtLW0zTfcbAxUAAAAAAAAArhECqAAAAAAAAAAQBwFUAAAAAAAAAIgjJV8iBQAAAAAAAACpgBaoAAAAAAAAABAHAVQAAAAAAAAAiIMAKgAAAAAAAADEQQAVAAAAAAAAAOIggAoAAAAAAAAAcRBABQAAAAAAAIA4CKACAAAAAAAAQBwEUAEAAAAAAAAgDluyF5iZmam6urpkLxYAAAAAAADADSwzM7NL1pv0AGpjY6MGDhiQ7MUCAAAAAAAAuIGdPnOmS9ZLF34AAAAAAAAAiIMAKgAAAAAAAADEQQAVAAAAAAAAAOIggAoAAAAAAAAAcRBABQAAAAAAAIA4CKACAAAAAAAAQBwEUAEAAAAAAAAgDgKoAAAAAAAAABAHAVQAAAAAAAAAiIMAKgAAAAAAAADEQQAVAAAAAAAAAOIggAoAAAAAAAAAcRBABQAAAAAAAIA4CKACAAAAAAAAQBwEUAEAAAAAAAAgDgKoAAAAAAAAABAHAVQAAAAAAAAAiIMAKgAAAAAAAADEQQAVAAAAAAAAAOIggAoAAAAAAAAAcdi6OgPJd1i//vZz2hX+1fA5+rcfTFO/diylZueP9a9lxzV8zjNaNq2tOQPrnKrSn8/VzW0vXKseL9PxDuTr2mnnNgEAAAAAAADXoesrgHp4kx55blfL74+X6V+/Xd2uQGC/aT/QL6YlNXcAAAAAAAAAupnrKIBao50v+4OnUx/TL+beHPr+x49r0/FdWrPpNv/3MVpX+oOvgRansVqgBr4zDdfcZ36gmI1TAy1MW0vTppYtaac+9nP9g3+zDm/6ttbsCv/Onz7QqjWslevcIWXa5F9QdIvahLYpuD2K2rcAAAAAAADA9e36GQO15iO9c1xmd/2IAF8/TfvBY5oqSbv26XBHFx8RaJSk49r0+I+1syY65WH92h9snPpYR4OnNdr546hhCCTtem5T+/N/PBQ8Nf/8ZTDPiW3TLq0JBE/NTOjXHd2JAAAAAAAAQDeTsi1Q3evvbFf69C9/ywzyDRkQY0zRm/W3U6Vdu07qTI10c7uDmof1etlxhbfQDAQf3/moRtOCXf1P6jc/3iUzjvtMsLVo+/XTtB/8XKERBAKtaDuS/0CeA8s4rpMuSf0S3aZQK9fA9JP+TLS3jAAAQGpJX/BWV2cBAAAASHkpG0BNKTVndFKShk/SLf7gZeQYqS7/v8d13N9Uc8iA5LwaKtBVv8OCee6nWyYNVzCDCW/TVP2tPxDcb8AQSeEtVgEAAAAAAIDrW8oHUBNuGVGzU8MlHT95RjW6Wf38rTbfmfSMlt3ykX7TRhCy5szJTudVkjR8uIYfP65dL+/UV34wLUZr2EQEWosO19xnfq5fzA383dos/oDoNUSrFQAAuid6kQAAAACJu37GQO13i+4YLul4mf5102FJ/TTtn+ZIZY/rkeAYnkMU2TDU7BIv1eij3a1EJ/sN0BCZy349MP7n4U165Nvf1iObwgcEnarSH/xAD02NSttewfFcA61DXToZJ3snzQ1QzUe729c2NOFtAgAAAAAAAG5cKd8CNXH9NO3Bqdr03C5p13N6JEaL0+Fz7pHZGz1PQ4ZLOn5cmx7/tja1ueyb9ZU5w7Wr7Lh2PfftsJc7Ddfce26Wol7tdPM9czR8V1nbrVCPl+lfv10WnUn92z+1Mt0vb/BwScd1vOxxPRI7SVK3CQAAAAAAALgRXT8tUCXp5rn6xc8f09Q2E5qtU4cH/56q0sdan6vftB/o3+YMj/hu6mPmy5diJNY/zxne8VaogflDK9IvHpsqyXzBk5nknzQ3Ikki2x29mnZsEwAAAAAAAHADshiGYSRzgcePH9fAAQM6vZzA2FzJG2fzsH797eck/xvlAQAAblTJv88CAAAArr7TZ85o+PDhbSdsh9LS0jbTXEdd+Ntys/7h5z/v6kwAAAAAAAAA6EZuoABq6wzDUH19verr6+UzDPXokSGrNa2rsxWTz+dTU1OTLBaLcrKzlZ2dLYvF0tXZSirKI7VQHqmF8kgtlEdqoTwAAAAAJBsBVJkPWxcvXZJh+NS/IF82W7rMkQ0MJXeAg84zn6ssslgkj8ejCxc+1+cXL6p3r16yWq+PIW0pj9RCeaQWyiO1UB6phfIAAAAAcDUQQJXU0NAgw/AqPz9fhmHI4/EoyUPDJp3FYpHValW/fnmqqXGpoaFBOTk5XZ2tpKA8UgvlkVooj9RCeaQWygMAAADA1UAAVdKVK1eU37+fDMOQ1+uTz5faD1smQ4ZhPnT16dNbNedd180DF+WRWiiP1EJ5pBbKI7VQHgAAAACuBgKokrw+n9LT0+V2e+T1+lK+tUqAYZjjpNlsNvm6SZ4TQXmkFsojtVAeqYXySC2UBwAAAICrgUG2JKWlpcnnMx+0usvDlqRgfg3DUFpaar4goyMoj9RCeaQWyiO1UB6phfIAAAAAcDXQAlUKvvG2uz1wSep2+U0E5ZFaKI/UQnmkFsojtVAeAAAAAK4GWqACAAAAAAAAQBy0QPUL7z7XWV6vR1cuXdT509U6+pd9ev+dHTr32Sk1e7yyZWRq4LCRum3Kl/W3U6art92elHxfb5JZHtdSd8xzIq5GeQS62YazWCzBTzJQHm2jvuo86qvUQn0FAAAAINkIoAYZMt+E27GHF8Mw5HU363TlUf13xZ908C/v69z5GjXVX5Z8PlmtFtmskuFuUNWh/1bl4Y/01wPv6aslc/WFwtGy2TpWFGZ+r8cHrvaXR1NTk5qbm5WZman09PQW030+nxoaGiTpqr3hmPJoYymGIRleqem8bLVvKd31R9mufCCLt0nenFFy95kmd7+vypftkKwZnQ5MUB5x5qa+SjLqq9RCfQUAAAAguQighgk8a3Xkocvn9erTj97X9rJf6MSnx3SxwSOPYVFOZobcMtTc6JUtzaI0q5RmtcqQV3/ZvUPnzp3Vw4/+vxo15ovtXmeyWr2kqrbKwzAMNTU1ye12yzAMvf/++zp48KAmT54sh8PRIn1DQ4O2b9+u9PR03XvvvcHvLRaLMjIylJHRuQfgG708EluIR9ZLHymj+hfKOP+aLJ5LwUm2hs9kq90tm2uHmoZ8R968aTLSsjq8KsojPuqr5KO+Si3UVwAAAACSiQCqn2F0rtvf5zVn9af/+j+q/OSImrxWNXktSrelySIpKyNdXq9FDR6vvF6fLBZD6WmSzWrR8UMfaNtLv9SCf3lCffPyOpBvQ51sZJOS2ioPn8+nczXVOnpij87XVsvj8ajmM68u1Hr13gev6dDJlsP7etyGTp/1yGKR/lD+s+D36ekZ6p83VCOG/K3y7Td16g3IN2p5JLYQnyz1lUo/sUHpZ16VvFdktBiG2S1bzR7JKzXa+srbZ7xkoTyiUV+lFuqr1EJ9BQAAACDZCKC20P6nF8Pn00fvVejgfx+QJS1dV5oNNXulnKw0pdnSZPgM9chIk8UiNVuscnu9avYYMtIMZfZI11/efUc73viDvvb1We3sGmvm9fp+4Iq9cTWuM9r70X/qYPV/qcFdI1kNpfkGyto7XycaTshwfx5jUTalZY+UZOijc4eDX1ssVuXUFOhC3d9rwhdnKq9vgazWjrxf7cYtj4R4rij9zBtKP/MnqalRhuIFGgxZXX+RLfeP8uYUShl9O7hCyiPmHNRXVxH1VWqhvgIAAACQHARQJQXGSzPHTGt/l7/mpkb9ZU+5Gtw+eT0+XW72KSPNqp5Z6Ro5rJ8OfnJWPp/PTGyRMtLTJMOQzyfJYijDZtUfX/2dps24R/Z+/dqxZkvYmGnX01NX6+XR3Nysw8ffUZXrdVnSXerbyypbumTROUnn/KliPewako7GnG4Y5+Rq+rNOnxunPr36dbA75Y1ZHomyuOuUdvZt6bKrlWCEn7tJ1pr3ZRlUK196nw6tj/KIjfoq2aivUgv1FQAAAIDkI4AaFOju52t3C5BLn9fq3Gen1OSVGjw+WS2GevZI08hh+bp7cqGyMzNUse+YZEgWSR6PIa/hk9dryGIx5DXSdKKqStUnKtvZLdaQucTr8WErfnnU1tbqcuNBZfY4rfz+NuX0tMqWYVFnhpAzDMnwnNHFS2b32o51i70xyyNRVk+DLBerZLgTay1nuXhKcl/uxBiGlEcs1FdXA/VVaqG+AgAAAJBcBFCT4Mqli3I3N0mWNGWlWzSooK9u+5uRGl9UoAJ7tu678xYNHthHBz6qVvWZz9XQ4FazR2qSVx6v5PH6ZJVVx44c0Rf/prhdrYluxO5+9fX1yslu0OBMi+x5NmVmWWWxmo+eHWVIMnxeXalu6tRLR27E8kiUYUhGs2S4Ewv2GG6L5Ov8OhGJ+uraor7qnqivAAAAAIQjgOpndvXr2EscMnN6ypeWIZtV+sIIhx78+v0aNThXRl21fJ5GZdl6aNrEIk0cP0rnXXU6ffZznXNdUk3tZV283KCTZy/p0PEa+Xy+dj8MX68vnWitPAzDUM+sLPXOylMfu0229OSs06J0VZ9J79SLR27E8kh4GdYeMnoMkT4/nVj69JtkpGV1MkBEeUSjvko+6qvUQn0FAAAAINkIoIYJPLy09wGoZ+++6pGTq/QeF3XX331Nt0/9sppqjqmh0SWrxSpZ0tRsSGkZFg0e3FPDhg6UfF65G+slb5MOfnpOS//3G3J8YUQwH4kJtGG6Pp+4WiuPm/Ie0fDhq5KwEp/krpfRcFHeyzVqvrRX1pNvy9eznyy9BsnI6CmL1SZZE2mFdOOWR0Lz23Lk6Xe7LGcPS81XWk9sscrb51b50vt2IiBBecRCfXV1UF+lFuorAAAAAMlEANUv/JmnvQ9AGT0yNWrsePXN7aHxt98mS1oPKS1T1oyeMqw2yWINDm/mNgy5PV75vIa8zYbSLYa8Pp8GDRmiIcOHd+Dh6/p82GqtPAItrnw+nxoaGnTx4kXZbDb17t1bly5dktvtlsViUV5enmpra+Xz+ZSbm6ucnBzV1NTI4/FowIABMpouq/nke7JW75XF0yhrjl2jCnrJYrjkPfOJPJ+45M3oJWNAsYz80VKPXmZZtp7z5O+MFNCZ8yPAZ8uR+wv3yVJ7UmmVf5K8zbETWtLkyx8j97B75OvRu1MtuiiPlqivko/6KrVQXwEAAABINgKoQT4Zhq9D3VIl6bYpX9JfPBdls3hlsVpl7dFTaZm95WtOiwhIGDIkr1fyNMnnbpJ8PtXWefTQ7H9Qn772DnaJvR4fuuKXR3hA4rPPPtOePXvUq1cvTZgwQe+//75cLpfS09N111136e2331Z9fb2Ki4t18803691339WFCxc0+6F75T74O1069CflDbtFVnuhLBaLLD16ypLWQ2m9ByvD55HH9amaD26Tu+cgGaP+h2QfKVnjnzY3YnkkypBk5AySpahEam6W9dR+qflyWLTDIqX3kM9eKE/R1+Wxj5bPCMzZMZRHbNRXyUZ9lVqorwAAAAAkFwHUMJ15bhns+IKaxk9Rzfnzys0bqLQePZWW3TuUIPhyXUNGmsd8SLKmyWPYlD1gtMY5p7frZSyReb4+H7haK4/Ag6bD4ZDD4Qh+P2PGjIh0X/va1yLmueeee6TmOnn/slHWM39Vvy/cKhk+WXxuyWKVz/WpLFl9ZVhtslgssmb0VMbgW6XKvXLv+6WMv/mG1L8oblDiRi2PhJdhSZO7/1gZt31Htp6vylp9QJbL5ySfV0Z2Xxn9i+S5+avyDPwb+WxZScoz5RGN+ir5qK9SC/UVAAAAgGQigBqloy1AbLZ0OYpule/yOXkaLkvpmUrLskuGZHiaJYvF/3RkyOdtlpobZbFYZWQX6AvFtyozO7uDLU+u74etWOURaM3l9Xp15coV1dTUKCMjQ3a7XS6XS263W2lpaerfv79qamrkdruVm5urjIwMXfy8VvbTrym78jWlO6bLcNfJe+GkZE2TJT1Lhs8rNV02gxOGId/n1bL2vknpA0bLd/gtef66VcbERVJOfrwcX/2d0oU63ULK0yjr51WyXPhURk6+vIUzJItNkkXyuWXxNcl69gPZLnwqb6/B8tkL5etZkEBX5Lg57nheuwHqq9RCfZVaqK8AAAAAJAsBVL/QG3s7/sCV3iNLVtsANbnrlWF1Ky0zV5IhX/OVUHMYwydfo9mt0JLeU7KPUs/eBZ14i3JyWtqkmtbKIxCQ8Pl8qq+v17lz55Sdna2cnBxduHBB9fX1yszMVJ8+fVRbW6uGhgZJUnZ2thpP7VN61f+VLStXqq+SJXug0voOksXXKDU1S7LIcF+WfJIshiwZWZL7iixpPWTNLZD1xNvyDvpbGYX/I+aLWm7E8khsAT6lfV6p9E/flK36XVkvnzWDdJm9ZfTIlSxWWZovS/W1sjRelKw2+TL7yNd3uNzDp8n9hbtk2DI7mO/2ZzfVUV+lFuqr1EJ9BQAAACDZCKD6hT9sdabFii8tQw1er6wejzIyM5SW2UdWa4bZiks++dzNMgzJYsuSkTNIvpwBMgcb7GhAwqfrsdVKW+VhGIa8jQ3qcfmCBvfuqbTmJtmaG1VQUCC32y2bzSabzaaCggJ5PB5lZWXJlmZVb+O/lZXZJGvvL0hGkyy+ehlWqwyvR/JZJMNiFoXPbH0nWWR4mySLTdbMnpKvWZYjr8rn+JKU0TNGvm7M8ghntVpbpEk7+6F6/HWrrN5GKf9meQePl+VKjayfHZC15ogsMmRYrDJ6D5G38G4Z2XZZGi/KeqFSPT7cojTXMTXeOkdGTv/gMi0Wi3w+Xxv5pjxaQ32VHNRXqYX6CgAAAECyEUBNOou81kxdvFyjPharMnP7ymdNk7zNMjzNshg+WW3pavL0lDd7oCxpmTIHHER7GIYhn9erppOV+vy9CqUPcii9b57OXaxTQ0ODMjMzlZGRoXPnzqmhoUH9+vVTr7RL6t3wkWxZ6TIyM2SRVT7vRUlWWWSTIavZksv/MXxmcyDj/2fv3qOjutI773/PqdKVq4WEBZiSZdHG8q3daYMRaW5iJt3pxkk6GJJlbBnW24kH5n3bGeSVMea1uXhh98wgEmfSZrmn5wWLNmsCJp2JcSadxAJDAhjcbrdtLNMGyxIXy0iIi9C1Luf945y6SVWqklRChfT7rMWyVXVqn332rtp1zlPP3scCDBdgYbjcGBc/xrh0CmvKN4e1DdKR32jlqq+ODHMcOe58DNwYgG/K7XQXrKHVW0+L9zO6A1fJdc3g1rI/ZtLhHbhP/wu+md/lUtlyvur6JR3+ZrLMKeRlLGSs+zZMVw6GKwvLaMfCR7vvK3z+Dsa67sBljRnuw76Jaby6ETRepSeNVyIiIiIikiwFUENSk9FlM+hsu8YXn7/PlNJZ3DK1hAwDAr5Ouq58Rctnv6bb6yd3bBEmDGrOnmUFM49GWtZK/P4ITYk1DCzTRaCjDV9nB35/gO7ubrxeLwB+v5/u7m58Ph8+nw9X91kyzHZcbj/QRiBg2DfCsdyAC8MysSw7OBTAAH8Ay4+T2GWCrxMDMP3dBJpqCRT+Vu9aj8L+iOSjky+u/wNfdRwl13UrGeZ4O/PK8tHpv0Snrxmv1YZl+TGNTG7JOsQ3FlVSUPr7NN46ll+3bONy12+wLC+G4SbDGEOOO59sdz4GdqZYd+AqHf6LTM1dyMxxKzGt3Pi1HuX9kRyNV4On8Sq9aLwSEREREZHUUgDVYQXvOD2IgIRl2Zc9PgtcLgOj9Sy1/3SK3Gml3DKliO72Vq40fEKWt5kx02Zy3Rsg0+0nwzQwzYFndY3ENdP66o+cnBxaW1vxdXZA7hgyFv8BGX4fLgJMmDCB7OxsMjIyME2TCRMm0N3dTU5ODlkd7ZjuAIZrHBhduOjGJAPLcGFZJpgmAcsAv4mJgWVAwLCczC4Xlq8NAx+WaWC0fxX3fTLa+iOSy8jBZWTS4Wuiw9fUZ5l+q5Pmzg94r3kL8277S46ee4wOf3PEPrvpsrrp6r4M3Z/1er3bzMEkK+HndTT3R6IyNF6lhsar9KLxSkREREREUk0B1JDwVctAAhIW0BEwuNRtcqkbpnV6KZp6G7njO2i8WE/9hTrcWTlMnDiGW/Mm042bf2ts5SufwfRxJp6JWdyS48bVj8CEMfClCG8C8fvjlltu4auvvqK5tY28klIKjXCbTepRSn5+fuj/M3wuTNOHOfEejFt/l8D5/43R0YQV6AIgQAamc/PkgGWCy8C0sKfFBgwMfyuGGcB0G/hj1Gu09keQYRi4jCwmZs5gcvaDeAPX6fA30em/1GfJ/kAX3YFrUcGI2AyyXZPIcReQYYxhQsYdmEaGna8Vo06jvT8SvVrjVSppvEovGq9ERERERCS1FEANCWarBPodkPABTT4XZzpdnO90UzzeTX7AxG3lkD9tKuNLHuJaVzeYBrk5eWR0t+Buu0jRpFv4X8fa+bz+ArOmjWPhjIl8feo4xmUl1y3BOw2PzOl+8fvDNE2mTp3KV199FcrWcrl632G6l24Yb7qh9SRW0WMHuAeWAAAgAElEQVRw5w8xrn+C0X4B/F4MXFiXfoXVcRnL5UQmnKCEFfCDdR0ywfKZWDkTYkzVHZ39EeQy/GR1n+Ou7ixKXQtpc3VyIbuDT9rf5mp3XdySA5YFlkEg0He73ZI1g9KcBUz155JLFlYXeI3zdLqm2Zl4PWs8yvsjHo1XQ0HjVXrReCUiIiIiIqmlAGqEgawp2IXBJ90m5wKZXAmYtGNR7DJw592GddWPPyOHTvctdFz4a0x/Pd1jF5A17iFy8u4hN2MSLk7z2cWrXLh8nY8br/Dduwv47l2TmZSbkUR9GVAA5WbRV3+MGzeOQCDA1atXaWtrS3h3Y4DrAYt8Kxu39wKBz39M49jldLiLcbvuINPtZaK3lmyrzZ4u6zIJYGBh2hlD/g5wdWFkGQTcGfjzvhYnIDE6+8MwDDL9TYyt/wsyLh/E8F0jN7OACQV/gHfSH/LuV1vjlhswA1gW+L19t9udtyyh9NJJMpr2Y3qbsdwT6Z60GKtoPe3ECxCNzv6IR+PV0NF4lV40XomIiIiISCopgOoIr5mW/Gt8wHs+F7/BTXami3bL4rLX4khTG+Yt4/lGwf0Y7Z1cv/AWU7v+J9lj2mjvOMrVtm/QkvsdrPHl/M4debRdLeC9L5o503yN3e934vUH+P69hdyS03dQYiRfZyXqD9M0mThxImPGjKGzsxO/35/wwjODXALXPNBxCaP1Y1wtl7jSeTt+cpmY1caErLMYtIJpYlgGhsuwb84S8BIwOyAbLLdJIMuDf+LMOHUemZL5fGR4m3FfqMHyt9t3CO+8REb7Pjyef+RfO/9L3Nf5nGwxb6e/zzrclv1N3A0vgu8qAUzgGu6Of8J92/+DZYyPU+eRSeNVetF4lV40XomIiIiISKopgBoh8sYTyfjccPMr001+TgZXuiy+svz4Mwyu+g32nG/jk4sBHrK+4o7L1Uwcb2D4LbIzvmKs8c9c73yfy9ff4htZv8/t8xezrrOLLy5e4WJrG3/34TkmZLv53l2TyXKbSdZ75EmmPzIyMsjISJz9ZptIu7kYV9spMs02Jmc0Ms7VRAAXGQZkYmAYJmACBmDhMvwETC9mpoXhMrDcJm1TFhHIGBe34Udtf/gDBFq9QGR/tJFlTsTXR7DBa/jBos9tALKM8VjX2rGiyu+GQABc8dc6HLX90YPGq6Gl8Sq9aLwSEREREZFUUgA1JDzdL5mAxDXDxaGAC3dOBp0YnA34aDUCZJhgZBl0k8mV5ka8197i1oxPCNz2/2J1XcB1aS9Z1gUysy4yPruGS9ffZcLYv2DRXQ/wWmsH/rZuGpqv8HcfnOWOvFzuLxyLYcS/UYu9DttIvOLqX38ko6uri5buO7F8v0te50GmjLnKGHc3dm6eYf+z/KHmNOyl7jBdYJkGlmnROf5+OiYvxLKvgHvtYzT3h+V3YXWMAcsXfsyVjdffSXdH/CnLPmdKbF/bAHh9XQS6JmD4O8MPGhlYARPLjF2v0dwfkTReDTWNV+lF45WIiIiIiKRW4nShUSaZa18LOI3J1Uw3OW4XX/oDNFo+Ws0ArabFdVeADF8reU0n8Vz7B3L9Psy6/4OZcz++O/47vgkV0JlPZpefyWO6GZOTRcDthiw3mCYBr48P65o5UHuR6919Z7mMdKnMxvnss9/wy199xNiZf0zb1D/hi2v5dPozsYMRYPesheH8w7AwTAvDZQcl/DlTaZ3yx/izpti3TB6F+uoPr3sS3om/TaA9i0B7JoH2bLqn/QEfn/s7vJ2B+P+6AlgBq+9tOgPUfvUveAu/G1F+Ft5JC/Ga40btuoEar9KLxqv0ovFKRERERERSRRmogJ2tEghlqyS6wUeXYfKFYWBmuPAaFs0EaDXty1q3YeEK+Jh4/gumNB2icPwlfDOfx+i6gHnyL3FPvJPAlO/gH/tNaPwJ1wIePm67lzfrGsECK2BhBAL4vH5qL1yhqbWQMRmx49ymaRKeojiSLsj61x/JavzyS95//33OnjvH737n22TkPcKFa/soGvcVLiMi8GPPhsUwnBCFkYHXPYWreX9IZ87d2ElCves0mvvDMAw6Myfh+vqTuLOnw7ULdN/ioWPGv+OXHz3b53qB/owAVoCEawr+quEt7pj5DLmMIePKeayJ0/HPXEKnORYr0DujazT3RySNV0NN41V60XglIiIiIiKppwBqlOSmX14NwGXDIMsw6bQsLgcCtGFhmuCyIPfSRSZ8/h53+n5Nrns81B/FmDaHQMl/gMvvY9b9Da6sbLq6MqnP/Pe8fvYa1zq6sXxeAt1eAj4flt/gXHMrl693cXteTuzapnC6aHpK7fEZhkl7exsXzp1j3759zPvWXNozfpex5vtMNM9h+TrxByBg2dlaLheYGRPozLmH6+Pm05kzE4z46xeO5v6wLItuP/gnzCRr/r1cvv45p87+gtr3n+Hy9fo+U8F82Xaww9fVd+DpQtMn7O7aRKlnCXf+1h8xIcdDV5cXvz92IGM090ckjVc3isar9KLxSkREREREUkcB1AjBa5dEFzH+QIBuK0CX30+3YXDdb9FhWZiAu7OTcb/5hBmNxyiefAn37csgw0Xgi0OYGdlYt95LIN+Ddf7vuNBVyCGmc/zCNaz2DvytbVhdXeC3MAIGLguMPi4C7VmZI/eCK9n+SNbEiRPxer10d3fj9Xn55fu/5utfv5+srBnkZzZieq/S5TPo9pt0d3fh72wjJ7uY7Fu+iZkxNrpSMag/wOfzYXqh7sK/caL2NTq6riQs1++1y/N5E2XuBWhsPkXr9WZyMvPImTYFn88Xd2v1h03j1Y2h8Sq9aLwSEREREZFUUgDVYVnhDJBEF8ATsZjp6+aDNpPmTDftvgDdActema7lCnl1H/FA4AyTrn+F+fG/wIzfxipaTKCrBav5NGZ3C62dmXzUcR//cs3P1SvX8Ld2YHV0gs/CNN3k5WYz/87JTBmf3UcWjRFxp+FUt8jw6k9/JOu26dOZlJ/PF3V15I4ZQ0NDAxMmTCAn9246Al/jytUrXL161Q5adGXR1ZnB+PF+SqzLFE7JxuVyJaiz+gPAChhkZ9yC28jBCiQOSNg3Tok5yzgmtzmGLPdErEDfwRH1h03j1dDTeJVeNF6JiIiIiEiqKYAa4lwUJXHlkmXAN0w/470dvO910e61MAMBrhoGgW4flt/CZ2ZhBQzM+vexGk9jTLmTQMkcyLsH3+f/SF1zJv/alc/pNi++9gAZAYOJublMnOBm2vhsvjF9It+aUUDe2Mz4NbaCdU5NC6SX5PsjWRMnTmTOnDIav/yS69ev4+3u5tKlS1xqbuazlha+qK/ncksLXq+XQCBAZmYGt06+lTFjxpBfUJBEQEL9AeD3+7k1714KJ93N9c4mAoH4WVf95TIzmZp/P5PG3xl3KmyQ+sOm8epG0HiVXjReiYiIiIhIaimAGiX5i66xBtyLn9ssP/Nc8EXA4pwfrmXncKXwa/zvj8/S7MvlW2PP4/E1YtS9h/XlZ1gF07hmZvGrq/fSOnYyc6YXkOtyMSHTxeScTKZOyGJSbgZ5YzLJyXTZ9weJOyXWGOE3nEhtUMI0Te677358Xh8HDtZwvfU6BQUFXLlyhfff/yVdXV34/QH8fh+BQIC2NjvFyHSZuFyuhPVQf9h8Ph9jMqfw4MyVtHde5nzTr7D6bJPk2ss0XEyf/E1+684V5GZOxuvtO9Ch/gjTeHUjaLxKLxqvREREREQkdRRADQlP90v2AtgE8gzIc4HHhG7LwpeZRduc3+Lzibn88te/4tj5OublXWTh2LNM9n6J9dUZPnffy9WxM/j9r5dwyy234DLBbRi4TYMMl4FhL4YGVoLLOOdOwyNT//sjGVlZWXzzwQe5bfptXLzYRPHtt3Ot9RqNjY2cOXMGv9+HZVkYhsHkybfy9QceoGTG1zBNI2E91B9hXq+PSePu4Xdmb+CDz/4X55rex+3KZvyYKYzNmUx25jgsK8Dl1rNcaW3A7/eRlTGWGbeVM3HsbRiGQUf3Na63f8W1tkZ8gS5uL3yI++9YRm7mNLq7vYlrrP6IovFqKGm8Si8ar0REREREJLUUQO1lYBcwGQZkGAaYMH7COG6d9U3uLZ3JRydr+cdj7/HWV7fy3SmXuH1MO+9cK6bgjtu5vXASpmmmuP4jTeovKDMyMpg27TamTp2GYRhMmDiRR5Yt5+LFi1y61ITfH2Ds2LFMmTKFcePGO1NhjZTX4+aUXH9YloXPa5Hjms78+/8czC5M043LyKK724dl2S2anZNJw1cnyMmawO/P+wtuL5xLV2c3YGdkZWa58AW6CAS8WP5sfF4riZu3jCYar9KLxqv0ovFKRERERERSQwFUR+RNJwKBwV/wGIbB+HHj+O05s7n/nlJ++atf84tfnySz02Lm10q45647AQa1L8MwCWbajDSp7o/4+7HbLjs7G4/Hg8fjiblNMm2s/ugtEAjg84FhuLDbpiPq+c5OLwXjvoGvy8+t42dx9Upb1PMdHTgZjm4sK3EWVyT1R/I0Xg2Oxqv0ovFKRERERERSTQHUCMGLrlQbN24cC+d/i29+4+tYlsWYMWMS3uAjGameLppuhqo/hor6o6/Xxn9dV1fXgF+b6HXqj/7TeDUwGq/Si8YrERERERFJJQVQwVlDDsJL+Q3NRczYsWOj9jl49vqDoTUIR4gb1R+pp/5IL+qPwdB4lRx9PtKL+kNERERERIaCFrQD/P4AbreJy2VimjfPxYthGJimgdttDum00RtN/ZFe1B/pRf2RXtQf6UX9ISIiIiIiQ0EZqIDLtG+6kZWVgddr3zAiEAiQrokrhgGmaZKR4SYrKwMwcLlGTleqP9KL+iO9qD/Si/ojvag/RERERERkKOgsHXuq6rVrbYwfn4tlWbjdXnw+f9pO/TMMA5fLJDs7k9zcLFpbO8jOyh7uaqWM+iO9qD/Si/ojvag/0ov6Q0REREREhoICqNh3NO7q7ubatQ7GjcsmJycr4oIr3S667DXS3G77pi6trZ2Ai5ycnOGtVgqpP9KL+iO9qD/Si/ojvag/RERERERkKCiAip0BMm7sWLq7u7l8uY1AwJ/2a6cFAgFcpoucnFxycnIwzZGznK36I72oP9KL+iO9qD/Si/pDRERERESGggKoDpfLzvpQ5kd6UH+kF/VHelF/pBf1R3pRf4iIiIiISKopzUFEREREREREREQkDgVQRUREREREREREROIYQQHURvYuzyUnN5ec5XtpTFm5x9ma8jJvRNnp792tueTkLmdvuh58416W5+aSs/V4nKeXk5ObS5yn09vxrfZnJea/rbw7XO/NBG0+cjntPSTHPvC+vKnf40Ml8rMT1TARfZi7lXf7WazaOuI7vMf3QrBtcnJzWd6vL4zIMnv/W763cdjaPe2//0REREREJMrICaA2Hmbvfuf/9+/lsC5KJM007l2ePsGR2U/T0d5OR3s7BzcDLKH683bnsad5aLjrNySOszVdf6w4fojngv///KF+B99kmByvD7+fIvtQBmk/9Q3B/2/kcOjLvb8KWbbHGdc+f42HATYfDI19e5YVpqS26SatvmtEREREREaIERNAbTy8lzeBFzZvBvazN2UR1Nk83d5Ox55ljMxLLRmowmV76Ghv5+nZibdt3Luc4icGGgQYDiPtfX+crbkL0zbA9e6h54ElvLB5CfA8hxX8uDlE/FjXWH8cWMLDS4a1RiPGc4eCH4IG6vfDw0uGpmH7M47fDG6+7xoRERERkZvDCAmgBjNUNjPv6fm8ALy593CPTLPI6ZW9p1ja0+nC/8LZGz2nv0ZPCdy6dWvUtMLQdMC9zlTkwU6Dbowop9c0wzjH5Lwmcqpjr2mKUVO403UaYY/pl3Gnyw7Psfcqt0dfhfr9+NbQBe1zC2+W6enR7/uY7+vcrbwb2ZZR7/MB9F3U7rdG7yfiqajPas/PVsy+bWTvcid4uv8JikOPJ1GPG+I4h58HlizjsceW8TCRwaOIei7fytaYU5wTPR9ZVPR4BYOdStxXP/ecPh3ZHz36rufSDX2Oe+nh4c2beTj0Y53zHbRkNqE4nNp6gDbzwmbCmdhOZu/s2cGWbXKONeLzOoilP6LG8VCf7Y0YG5az9/jeuONRX98nkUsPxFt+YO8P4zzfZ7/EeS/clN81IiIiIiI3h5ERQA1O3988n4eYzbzN9JrG/+7WhTzHZg6GpvI9z8KIi46Fz8MLB9vpaP+c6iXw3MLYwZTGvT+kYn9426Ljz8es0nP1Rexpb6futSWw/wl+NpDrmMa9LL/jCd50phzWvbaE5xb2CAoteY26nsdUOI9lS+DNJ37mHEPw4v41HpttH2/Owud5+LXPnSnc+6m4Y7iCR/E0snf5HVTsj+iz5xc6F5jpeOyN7P3hE7wZrNPBzbD/CX64txFmP22/D3DeNzdxqlPU+5rnWbi1iLqI9/kPQ/0Tr+8SfBaD9s+mMsbz727NZeHzweUGDvLC/icojvgcx+7bQpbtOcgLAEteo659D8sKk6zHjeAEiB5eNo9C5/0bcxr//uMU/VVwjIrxvk30PMDsx6heEvkDUzh4O6/fqcaJ+jniufaDvMB+Kn64l0YKmbcsely0ZxAsofqx2QnGvTRSVMRs4M36BkJZksvmUxR8Xm09YEVFS4DjNDQGM3s3M29+8NkClj29mchM7dAMlPmpGVvf3AuPBcdx9lOxsN4ejw7a+12YcMwBGvfywyf2RzwHbz7xwx5tux+WxXg+4Xd/nPfCCPquERERERFJNyMigNrz4umh+fGm8T/PwtxctjYsY09774sLO2OjwVkzLdY6kBGZrrMBCp0Lud6CdSkssv97vL7/V6Q9j6tw3rKIjCdnbbc9RfwsN5ecO57gzdArnYvm4AWmE2B+eNk8CglPF17mXMXb7ZVm04ajguKEA6N7D9OYzscezHD0PD0i19h7uMgDhN/XwXYN/g0k6Lugvj+L4dfaQSp7rcmeASjnxxIn2Diwvk1Qjxsgut493r+RQscdZ5tEzxPxXPAHpsjgbX8rnqCfH3q6nY72x2hYnktOj+UT7LEsmGkb/JHDrn/f4146mRd+/wWzJJ3Ph01tPVCeUD2OO/UtCgemAWbbM02ijin0vZwCs4vsPvIUOeumOu0e/NuRzJjz5hN3kLN8L0VPt9Ph/HgTFn6tHTS2137ts1+SGl9FRERERCTVRkAANcbFk3ORE3lB8dBjr4UufJ5b2GO6nJMpBMDzC/uYdm9nGfW6mBtiwfoGA4V2xlNwCt9Cjr/2efgGGY7CZU+HLjCDGUfLotKe9lNxh1PuQjuLdiBB3iEX7I/cO6jYD+yvpz4tjz0ymB4uf6TNoJxd1I/QT8y+S/BZTMb+Jyh2pq7a3WdnqjlPJt23g65HSvTOSgwGo6On8UdL9MNMX89HBmN6BoAGJE4/29PV76Bi9kEnKzKyEsuoDAYfe/zIERR73EsvwUzJqq3PEyuAp7YeIOeHkzf3bo1Z36gfT3oGFFPg4ahAeCJxxpxgu0PEmNW/2Q599kuc94KIiIiIiAyNmz+AGrx4cjLJIi82oqbxFzoZZqHpx5HT6WLcqTc0HTmSBztJ5MZeqNjLBUT8e3p2RBbKwThZjsELzK38MCLjKCzyrutpfEfiiDsmh+4Qn67H3uvO9vGXghgVYvUdJPgsJiG4TELoX2RWVz/6drD1SIXgndsjgsLBIEzMafwOe1pz/IB2n8+HMtZ+SNWAp5RHiNnPwcDwa9TFyeoNZutV/TDWjxxxxr00EwyQvhnvhzW19QAFl+LZz5vEfh9HH1Pqpu/3X/wxx84MDi6rAPRzmZA++yXe+CoiIiIiIkPipg+gBqe6BdcZ64gKiIRv8BF504nCZXucANdsPIU9biJRuIw9TvSr90Vbz6mxjezdGnsN1FSInnoZ46ZF4Exthnd/FjmN3RZcyuDN/fDC0+G7qfdc4mBwNzYZIj3Xgox1k5C0Ovbomy499LS9lm4wqBI1xX2k67Pv+v4s9q3n+sY92rzPvnV+/AgZTD1Sx85K7B0osevSYwp+aB3LOFOWEz0fEpxabgenBjSlHJL7jDo/NjXu3Ro1rRwITcN+c/9+2Px0KAie1LiXLoJLTBCvHdXWA1UU+sDGeR9HHlMqp+/3Q59jTtRNxGbztPPjbDLZrX32S4L3wqj6rhERERERuYHcw12BwQkGCnpn1IQyg/YepnHZMpbt+RyW38HC3GDAcwnVnzsZG8v2UMdyihfmhi48H37tc2Il4RQu+yuq9+6nYmEuz7GE6tc2w/5BBlH3P0Fx7hNRDz382ufsWbYMu9oLyXm+Z72W8Vev7eXNJ5zXLtnMC0ue57nj9TQy275ID64T1/PicvbTdByEnIV3kOPs9oWDPddmu1Hs6Y8VkQ8teY26PTH6LJRhNfvGHvvz4fYPeuFgO49FPTKbp9sPQu7CiL7czMH2ZdH1WZhr3/xqz7KBBVJuCoV99B19fxYTeOjpdg6Sy8LQe2YzB4Nt2WffOoEs5z3zwsF2nh5EPVLDyRyMEfwJZtc9d+h4eBxa8hpFh3LJWRinromejxAaH5OcUv5cxNho28zB9qf77OenD27muYXPO89t5oXN+3nueTvIZ+8xmCneI3uwsK9xL90EjyHYjvGXTFBb90+o3eJOzQ8fUyqn7/dLX2NOYe/n2HyQjmS+aPvsl77H19H1XSMiIiIicuMYlmVZqSywrq6OKYWDP133vlIOQMaamkGXNaScu/C+cLA9LS46RWSkOc7W3IV9BEMSPR9D8C7fCrAMPbX1kHl3q70Osr5/B+amOc8SEREREYnwZWMjxcXFKS2zsrIy4TY3/RT+G82eohe+2Yy91uAS+nXPCRGRYRRa+mSgU8olaWrroRI/g1tERERERCTVFEDtp4eetm8G8eYTd5CTm0vxE/uHcfq7iEh/2Gu/Fj+xH5a8xl9p4BpCaushc3wrObkLeQ544aBuniQiIiIiIkNPU/hFRERERhmdZ4mIiIjIzUhT+EVERERERERERETSjAKoIiIiIiIiIiIiInEogCoiIiIiIiIiIiIShwKoIiIiIiIiIiIiInEogCoiIiIiIiIiIiIShwKoIiIiIiIiIiIiInEogCoiIiIiIiIiIiIShwKoIiIiIiIiIiIiInEogCoiIiIiIiIiIiIShwKoIiIiIiIiIiIiInEogCoiIiIiIiIiIiIShwKoIiIiIiIiIiIiInG4h7sCiXhfKR/uKoiIiIiIiIiIiMgopQxUERERERERERERkTjSNgM1Y03NcFdBRERERERERERERjlloIqIiIiIiIiIiIjEoQCqiIiIiIiIiIiISBwKoIqIiIiIiIiIiIjEoQCqiIiIiIiIiIiISBwKoIqIiIiIiIiIiIjEoQCqiIiIiIiIiIiISBwKoIqIiIiIiIiIiIjEoQCqiIiIiIiIiIiISBwKoIqIiIiIiIiIiIjEoQCqiIiIiIiIiIiISBwKoIqIiIiIiIiIiIjEoQCqiIiIiIiIiIiISBwKoIqIiIiIiIiIiIjEoQCqiIiIiIiIiIiISBwKoIqIiIiIiIiIiIjEoQCqiIiIiIiIiIiISBwKoIqIiIiIiIiIiIjEoQCqiIiIiIiIiIiISBwKoIqIiIiIiIiIiIjEoQCqiIiIiIiIiIiISBwKoIqIiIiIiIiIiIjEoQCqiIiIiIiIiIiISBwKoIqIiIiIiIiIiIjEoQCqiIiIiIiIiIiISBwKoIqIiIiIiIiIiIjEoQCqiIiIiIiIiIiISBzu4a5A6pziZ09u41CcZ4sf3cK6BflDs+fXn6TqEMxf+yqPzRySXQxC/HbpWd/+H8cpfvbke8x6dQXxNw/ufz6Vr65gZvM7vLR+N3XFj/LiMwsYeI80886Pfgo/eIYF+dD8zo94dnfdkPbzkO0j2CbBv/vZNjfi2CHW+yO6DySVenxuhrs6SXPqPejPt4iMHPHPQ4b6eyv4/Rj83hr687WbbOzuef4R6SYcx5vf+RH/gx8M6XtKRERERi9loI5ih7Y9yUvvNIf+nrniVX7yan+Cp/ED1mEzeezVV/lJSi8kmnnnR+t5PeKMP3/BM/zk1VdvwpPmU/ys58VL3W6e/dE7NMd7yTCJfn/07gMREZH+qNu9Puo8ZKj17zxnlKvbzbOvnxruWiQtGCwXERERGSojKAM1qK9f/YNBn2JWPDqd13fb4T87A4KIgFBEGREZkyum7+Z1J2KYMGvi1Ov86bZweDG8fazshN6PRZ8IFrNiS3SWXzCLIvExx9nGqV/d7p/yzj122b0yM3ocQzgbITJ4eoiqJw8xf+2rfKfRyYScPx8OHaKOYlZs+T5n18fOxjj5+pMx27N3hkhkVts9nAz1Ux2vr3+SI49u4U/4ae8szJ6ZFfPX8pMVwRqE23zFo2d5PdjWUdvEc5KfPbnbOf5g30S8t0J9FeuxHk69Z5cT2q9Tr7qjnGxewIL8GO8Xp196vwdj1SvY3X216QLyk3ifh8vYwvSf9+6Dmy94ffNLfpyI+CxGZRX1+CEk8v2f5NgXORbNX7t2iI5URG5+cc5Dzl0Cor9nem+f5Hd25Pd+8aNUlkXXIPq7cABlzl/Li7f9PCqrdUB6nJ9Ej6u9f6AMPR/r+z94rtbzPCLUjEmc1/TKNnXKOPQep1bMjD4fjlnnHt9H8x9lxdndvF4X7sOE5yEDaJdgWZH7rtu9nj896pQZ9zxWREREpP9GaQZqXSh4ClC3+6e8FHVSdoiqnr+614UDCPaf6/lZvB/me56wOdv/6eungJnMmm/v40Tw9aEg2oMxgqdOfde/TmjzqAsMp779zVicuYLK+XbZZy/FeL75HV7qcQzJZiPUHTrkXLyUcU+8s9T+tOdAxJqWdmgbf9qrnQ6FL5qcbRLVo2737ojM22Df5HNPWTFQx5GTzh6aT3Kkjr7bYdJtFEftN5ix2/9p8bHr1WEIQc8AACAASURBVE+9+uWn3MDkIOmHRONE8zs/ihgn6nj9pz/nbFQJMbLID23rnQ3Wx3sieh9waFsyWekiIr0ld27T13d2jxkddbupSiojsR9lHtrG/ziazNH0Icb5SeQ50KnXe8/uCI27Mx9kPlB39GSoXU69Zzfa/AdjBE+dOg86yzdBnTn1evT30aHd/Z+hMoB2ObTtR/HPUQZxHisiIiISS9pmoHpfKe/X9hlrtjv/Z2dERuudmRX8Vds+Ya+jjkd58dWIX6vPNtLMzIhfqcNlBAMXh947xWMze/6q38w7P3dOZnv+yn7o57zz7WdY8KCdoXm2sRlm5vc4+W3m5NE6iJFx+LfvfJt1Cy5x4hBRv6Lb9dnNP55a0K9siEm32QG/YD1iipO58Nira6Fn1mxjqHGjMtxiS7Y9e8pnwTNboEdmZ/M70Vud+oV9Eh7OXghmLvRup55ro/XZHlHHFyzzECdOreCxe8oopi6UTdN88qhdh7J74mc75N/D3GKoq7OXVHDeCQNbOy1OvRI2aXQhPTJqnQB71AHE7oP+fmZHsow1NVF/D3w8iyfxOPGPzsVsVIZO5MWn88NNr8/I7l9wakHk+y/ee+JUr330/PFI7wmRm1/qxrNY52fhwF+y5zbxvrOb3/m5/R3a67swcR2TL9M+nxvMRPHguUGvc8Sfv8N3nllgLzOwIrx98DzVHnftH+EPHQrPUjlh/wLPrJn0Y1zvoW43zz65u9fDxY9+2z6/S1DnS+9FzujK73tt1QG2i1Oj2DN6FjzDi/RYDz54YhjnPFbfT6NTz/FMRESkP9I2gDq0ipnrpAQGg4ihIJeTEdjrpG/+90MnbPkLvs/83ds45ARZo4SyDh/lO6GnZvKdR4s5tNs5AZ75IPM5xKGjJ2lecA+NZyF08sslztZBrAuNunOXoLnRziKLcbKbMPDXH8HA3qFt/GmyyxY4+gwYBkW2ZzDwGKs9ByR8QfGHofrms+D783l9WzBwHaqI0+4w0wlsJ656MDjsZJ3WBYPQwTazp7xxro7I91ps+Sx45lUKozJvDlH15Nn40/77Xa9+FBLKlg2XIekoyXEiYhwKjVvOds32wGNnx0cNJWeJ+ojEe0/E2EdobEvdgYrICBYKliU8twm9Iu539qVzzg86Mb4LE9SiH2WGz+cGKlhm+EdTR905In+vjLemZ7COR042s6AwGDB1Ap2JxvWkTweiA5V917nZOY+NON+J+HE4WYnaJXjcr69/kteBhD82D+I8VkRERCSWtA+gJv9LYTDTcYjufNorIzWO/EKmEyMAGyUig+AUdsDVmb6fuA7xRa4jlozgyer0wlivsQN7CyKmg0WtK5X0XuJItj0hfGGVtElMjxkFT434QcngxdohTpx6EPuqpo/p+xHCGSfB9raXAliwoPe2wQuk5OsVQ7/bNDH9qp84o6X/49kAJBgnEnN+6Jk0qEIAvSdEbmapH88Gdn5mn9uMBnaQk1+E1wr9yasxljaI+BH+nemHSPxDLYTG9Xib9VwPPXQOkqhcp84DkfR5iBP8nbmCn7y6IiKwHF6DP/bsqwTnsfp+GlWUcSwiIqmQ9gHUtBG6qQ/hKV3TC8kHok/tg8G7yGlnwamuxUx3ghKhX9K3OdkND87s8fp4Fxqn7ADtYBfCb36Hv42c9hWXvSbnY6GpcOF2GJTI9nSmbfVsz9AUuuDzScuncDpQF5zO7Exjc5ZWsAPGA78gqzt6kuYF9vRAexp1OAgdzKY9tG0bkDgbN3ghEM6KiJfdEsweCe+zP/UKlTLgNpX0kuQ4ETEOhcYtR779IYmfkZPoojj4Y1Ef+xARSUpwPIl7bpP4R6XgjKLglO98wsuMDNRQlhk78HeKn0WdmwWzOyMFf4R31hmN+KE24bieSP4C1q091+smo33XGU7ZXwbhoOupX8RdOiHeeUiifYSr+Aw/WUBoyZjEyz8N0XmsiIiIjDojMIAae40tew2kwaRU1UVMG3KKfDDWCVt4qnivaUgR09ajp7pGBjHDWYw9j8M+qQyfOEdPc+vjTu9AvHYJTvvqJcaNsOwX9MyotMstfnQLfxJv1zHFb8/gSXTvKWhxypi/lhdvi35m5rcfpfjQ7t5lRC2tMEC9phhG9F/UtLXEWSGh5Qt6HWv4tXagrHd79adeybdpf4X7IOFdfmUAYn1u7aBponEiGIgPjUPFxdHLkwTHoBifkeR+nImxDxGRARnouU1YaJmSOOt5DkSsMouLk5mbHn/snhn6obXnOeLaiLVP45zLOkLnOPT4oXbQ4zrOTUYPUXWojtd/+g73PLMg4sfhWHWeGUoK6OscI9F5SN/7mBR3Pdue5+J2+fOpXAtVSZ3HioiIiCTHHO4K3DSKH2XF/Mg/t8T/hXzmCn6ydn7UQ8WPbukRYLIvFoBe0/fzFzzDi48W93p9cH8zV7xKZXTxzF/b/7u2z1/7avwMhRjHAPOpfCZ6HbAB66M98xf8gBURRc9fu5bomthB6j7lL2DdlkeJquH8tfwkBcsPFD/6aER9ilmxJTID0AmAQ3In6bHqGXXBmM+CH0Q+P5/KXv2SuF6J27S/kugDGVKJxon8Bc9EjBPzqXzm+0yP2nomj73a830Q+RlPrg6VUZ/jRwf5vhKR0Wrw5zYzeWxL9PflisGcp8Qos/jRLfxJ2SCLjPW9X/woL66Yae9v7fzox51tD70XkYXr/Fjb+4fawY/rADNXOGXU7eZ/vNOcoM7AzBVR30fFj66NOuewDzvBeUif+7BvXtmzzOjvvO9Hl5fwPFZERESkfwzLsqxUFlhXV8eUwsJBlxNcq2bY19ALrgc12CnzMQTXtUo0XUluLr2n5ctoEW/cuvHjWfju073uijwEY5mIjDzpM54No9BsnPByKTp3S0bwO2iI7ksg0k+jatwSERkFvmxstGcFpVBlZWXCbUbgFP6bRfhO8X2vQSo3l+D6o8nc1EFkqATXAe59N+ZE6/KKiIhj0m3O0ic9p9Tr3E1ERERktFEAdRiE7yAK89fql/kRI2Ld2OJHf6AbFEgvJz/5JCXl3HP33Qm3mbliCyvO9lgzbv5aZUWLSEq0Xr8+3FUYetnf5P9eXUfl9qMRD3pYuv73mXr9Oq3DVrF0106nH8BLu9pJ0kD2cFdARERGBAVQE8lfwLpXF6S4SOcOojKyzFzBT15dkXg7GdWSCX72JfkgbD4LnnkVDTUiIoMw4xGqqh4Z7lrcZPKY+1QVc4e7GiIiIiIppACqiMgN1v7edwf0utwH/yHFNRERERERERGRRMzhroCIiIiIiIiIiIhIulIAVURERERERERERCQOBVBFRERERERERERE4lAAVUTkZtNUw8aKCjbWNPV4bAe1CV+XYJsBV2kTj+8YipL7Lr92R492SKiWHRUVPB76l6g9mnh7UwWDP7TIcmrZUbGJt/tTbRERERERERk2uomUiMhN6szO/dSWr6I02Rc013NmiOpSUL6BXUNUdnxNXGgAipJ/Re2Ol6hZtI5dq0qdvyt4cVMR2zaUUzA0lXQUsHhDtf2/TV9SD3iGdH8iIiIiIiKSKgqgiojclEpYuRJe3FEbCgZGaqrZxNqddri0ZGUVG8ub2fHSAQBe3DGnx2uaeHtTJTuD0dWSlU5AsZYdFS9R4zxcvq6aVaVO0PGA86ATjGyq2cTa+uXsWlUafr5kEeUcgOXVrCqtZUfFHlgENQfO2PWv2sDiAuzM2MqdTnB3Ec9WO0Hh2h08/tIBoITyRb1boKnmFbvOZ17h7fs2sLggsr4R5UQc54UGKJmXH3qkdFW1E/i12+DwvCo2lhfY+95TxLYN99kbHgvWJdgO8bf/cFMlDZ5F1BzovX3D8io8e+xjPfNKDfdvmML+GG0sIiIiIiIi6UNT+EVEblb3LWFlw57eU8Frd7B2p4dnq6vZVb2Oop2V7KgtZdW6RcAinu0ZoWtqZuqaanY525efOcyHTdBUs8fO1qyuZte6RdTsqaGpqYa/ObAoVHb5gR77r93Bi8Hn1xRRH5Xyeob6ojXsqq7m2UVn2Lm/FqhlR+Vh5lXZ+9+2soEXdziPv3SA8nXV7Kpeg6ehd+5sQfkaVpZAyco1LC5o4u1NL1G/sipczqYaopumgMVrVsLOSnv6fq/n46tpKGJbsB1eSrwMQg1znHqU2O3Wow4llLByTTnEauMk6yQiIiIiIiI3hjJQ5aZjGAamaWKYdvzfH7Cwgo8bBi7TxMLC6wvQ7fPT5fXT1e2j0+ujs9uHZ/IExrqu4m05juEei+Eeg+HOxTBzMFw54MrGMLPAyADDDYFOrIAXCxcWmQQsCysQwLKs4W0IEQpYvGYeG/fXsnhJ+NGmLxtg0XIn+7KUOYvgb75sginxiimlNCoLtYSVQMF98yjZ+RKPH7AzI3dtAGhiXslOXqw4YGefVm+w9+kUVXvMfrwUoOA+5pVAQ8SuiqbYE+Xzi0qgHmc6+xlqKivYGdrqGLVzoIZFPGsXxP3znO3jaqbhTAnz1tjl23Wvpxmip+YXlLOxutyu644K1lbsdLJo83uVGKlk3n12OaVzKGcPFxJEOUuK7PIKpvQ9UT92G4uIiIiIiEg6UQBV0pphmvj9Fn7LwuV2k5Pp5npnN80t7TRcvEprRxddXj+dXh9d3X66vD66vD78gfjBzeXz7yY380vaTlclUwPMzDxcudNx5UzHzC3GPWYGZs40zMw8LF8HFmDhJhCwCCiwKjdaQTl/RAU7Plo58DKcqfLl66rZFZxq75S9sbrceb7CDmhWr2LxhmoWO9P7g4G/JX3vIYEY0+1rdwyqxGSUrqpm15IaNlYeo3bV4I5gwOK0sWbxy83tNG9Ubudo2WqqHpkR8XgLR17ewoXvVRH1cDIlvlHJ9qMxnui1jxvNPqYTs9bz1Ny8YaxHtJYjL7NlHyxd/xSDrlbLEV7ecoJZ659iLhH/31e5LX1tl55tJiIiItIXBVAlbZimiYVBt9/C5TLJyXTTdLWdxsvXuXilnYtXrnPxSlufwdHUswh0XyLQfQnvlQ96PevKuQ1Xzm2YOdNxjb2TjAn3YWTlE/B7sSwXfr9fAVXpJffBf0hpeaWr1nGs4iXOYC8UWjDFAzuPUbuqlFJqOXYAitYluEVSyUqWlAK1x6gBVmKvo/pj1rCxfBW7qorYWFlvr1f6CvzHDeWsqq7Cs6kyKsO0dM4ieMnZd9NHHD6T4B5PBVMoYid/U7OEjeUF9lqqh+exbcMcynmJY7WrKC1t4sPDZxLcdSkfT8kZDn/UxOLyApo+OsyZknlE55XaQd/6lc66paFjLyKfAvDAmXo7Z7X22AGnFWxnDn9EU3k5BbXHqMHDswV9b5+smG0sMlIcfYsj5SkI4AX1DJa2HOHlLdt544H+B2RHthY+PQFlZXDi0xbmKkgpIiIiMmgKoMqwMQwDyzAJYJDhdnHpWjvnm69x8Wo7Fy+30XytfbirmJC/4xz+jnPAsfCDZjYZE75ORv48Mm95EDMrH38woBoIYAUCw1ZfGX4nP/lkCEotZcnKEmqCc+BLV7Ft5SbWVlQAzk2kSoGmIkrY2fsmUqVzKD/zkjOdfSUrSw7Q0AyLy9cwb1Mljzvllq+rprQA/uO8Tfa2YE9/L4WmL8P7fnZRhT3Fv2QR5SWJ676qaiUbK4P7WcSz1eUUAKvWLXKyMksoXxSroAKmeuDMTucmUhvW0VDRu5z4+wput4oCoGDOInjJyapdFH3XqhJPPT+uqOBMsB0A+ti+TwVTKOIMO1+pYduGGG2cfEkiac3jgX27jnDXU3MZkhBe3ly+V7aP7R+c5pEZiqCGnK5hH7NY/8AFtmyv4fTcRxhU6+TN5amqufb/t6SigiIiIiI3H8NKcXpcXV0dUwoLB12O9xV7jbqMNTUJtpSbiWHYGaZutxtfwKK2oYlT5y5x8UrbDavD8vl3MyXzC659+Gc3ZodmFhkTHiAz/1tkTHwQM6sAn7cDi0z8fv+NqYPcEPHGrVE7njXVsLHyMPOqNrA4QQKsiKSXRONZZ8Xf9/Fqewo/q1fD9u2cXxqcqt17Cr891dzJY/csZX2cYOvpNyrZTu/p+j0f77O8liO8vGWfkzXviZreHrVEQESm6+k3KnmLMjh6lIZgeZHleMoo4yjng9PRT79BZaggTx9T6O222BdK4S9jdZUd6Ey4zz7LdV4/dT1PzW1x+sFp79NvYP8ZDKj2mEofVXfwBPutryn8UfWKaLvga5ZOY9++o9HlxZjCH6/9RVIhu/r3gFF4HiYiMkJ92dhIcXFxSsusrKxMuI0yUGXIWRi0e/3kZGXS2e3j07PN/ObcJS61dgx31W6MQBfey+/ivfyu/beZhXvc3eTctozsvDL83W34LTcBZabKSOCspxpUsrJKwVORUWsGj6wuozJeFuTpN9iybxqrq55ihhNU2/LG5OSDZy1HeOsolK2eEaM8OygXLu80b2zZx7TVVTwVDCZueYPJVY+Qd+Rltp9fyvqqueQ5wd+Xp4aDew1HYXVVVTjouGsfLF1PVSjoCJ5Z2PvYfp6l66vs4OLpN6iMk4HbcmQX+6atpuqpGQQDim8dKY+zz/h1791Sp/ngqIdZ6/OAPMqXetgSzNCd8QBlbOeD048wYwbQ8iknGjzMejwvdt0TZq/abRGqV8sRXt7iLNtgHwX7TsxifVWVEwDewhuTey+30BLV/nZbvHxE66OKiIhIelEAVYaEaZp4A+Byubje0UVtQzOfnW/hSlvncFdt+AW68F39Fa1XfwVAZkE52VP/kIyxXyPg9+ELuDTNf4RK1fT9e+6+OyXlDInSVeyqXjXctRCRdDHjEVaXVbL9jQeoeiQ6IHb6g6NQttoJ0OUx93tl7Nv+AacfmRE7aHd0O5U9biTlWbo+FJA7/cFRPEvXh147o3wpni1Oeac/4ChlrA49+QhVVQAtHDnRgGfW406Qc4YddDzxKS1znWnrZQ+E6xMVdARmlLPUc5QToRo1sK/mNHMfmWHv46nYzZI39ynCt7Js4UIDMCtig8h9nv6Ao56lrA8fGEs9W8KB0EinP+Bo2feocqqXd9csPPuCbTqDB8oIL3nQcoGGsu/xVJ593I9EVLbl4nlgWuzKh4+CuU9F3JCz5QK9DuN7TvA4armFyPdBC5+eaKDse0857e+8D96y218hVBEREUkXCqBKSvkNk6yMDFpaOzhZ38Rn5y/R2tE93NVKa91NNXQ31WC4x5I5+XfInvL7mJmT8AUMAgFTN6EaYQYb/ByaNVRFRIaOHcjczhsPrGdq6NEWLp4Hz6x+hMjKek7Vn8b3QlmKdnkNR7dQuS/yRR4utkCevbMYATk7eDnte0nWo+UCDUwjvHkek0Nxxhk8UrUaKiMCvfGmo/eY6u/p4yZ5LfaBsSX6wPBcbIEewcgjbx2FhqO9As3B7NbIoDIfHKXsgUfCr41YUsDTV4WiDiNi6r3H0+Nefx6mRlQvb6oHLvQ6Oi40wNHtlURXuYwWUABVRERE0oYCqDJohmHQHbBvBHX4wy+oa7xCe5d3uKt107F81+m68Ld0XfhbzOxpZE3+92RNeRgsCx9jNcV/BPnHBnNAr/uOR+8BEbkJ5c3l8aUn2PJWDWXhB5k8DRouDCxMljf3KVZfqGT7y1OddU7t8jyz4kz9tncWIyiXx1QPnOgVjIy346l4OEF4cztwG44Mz+CRqioeAWdK+3beeKDntHU70NlrTdB4u7QPLO76sOFiP+VEQ1nEGqfOw0deDmXU5uXdxSzPPj44/QAcLSMUPz1dw77I1zpLE/Sp5QhvHY1Yj9VZ9zTu5hcaYjxqt3/Z93pP7RcRERFJJwO7ihfBXtu0K2DQ4Yd/PdnAj988wcn6JgVPUyDQeZ6Ohp1ceXcp109twez+ggxXN6bLGO6qiYiI9Fve3MdZylGORsTQZjxQBkc/4DQQyp6MnLqewIxHVlPWsI9dR1pC5TXsq3HKswOHlZVv2H/PeIAyjvJB+ElernyZIy153DXLQ8OJT50bzJ+mZl8Dnll3xQ5W5t3FLI89Td8u51NONPQsM7jtZKb1yMKMZAePcYKXfR3oA5Q17KMmqu6VvHE6erOWT0/QEKP98u6ahafhBJ+2ANjHe3T7ds4vLe+x7XkutkCoL5LSQPgwIm4m5TwXbidnvdoHetXOrs9bRwg22+k3Kql8Ofy3iIiISDpQBqr0m9dvETBMOrt9HK09x5kvLw93lUY039Vfce2D/4BrXCm5t/+ArDFfwxdw4Q8omCoiIjeL4BqnEYG5GY+wfunLbAne9dSzlPX9SkN01ivdF7w5UY/y8LB0fTAbcwaPrF/Ky1sqCT5bttq5YZKTzRqaIl+22r5BVLzjeGo1F0LT9MsoK4PzAHlzeWr1BSq3VBKcbO9Zup5HehUVbAunjLLVrC47yva42bi96x659qvNDvyGbqgVtTs76zS4NmveXbPwALPuitiXs67qvi2V7MPD0tVL8Wx3Mm3jtERoXVNn+n3Z6tWUHd1O+DA8LJ36AZVOKmvvOgeL6dH+lLG6SuufioiISHoxrBQvsFhXV8eUwsJBl+N9pRyAjDU1gy5LUiOAQQCT5mvtvPvpec41XxvuKg3I8vl3MyXzC659+GfDXZUBMXOLyClaReYts/H6AgQCSiRPF/HGreDjv1n419xz992DmsJ/8pNP0vsmUiIyIiQazzor/v6G10lEZCCyq38P0HWliMhI8WVjI8XFxSktszL0A3x8irxIYqaJ4c7kwuV2fv5vtez719qbNng6EgTa62mr3ciV9yqwrrxDVpYLl+kf7mrJcGiqYWNFBTtq+9pkE4/3tUGUWnZUbOLtpoGX17/9OXvdUcHGmqak9i8iIiIiIiJyo2kKv8TlcrsxXS5+c76FfzvZwNW2ruGukkSwuptp+81/o+3Mj8ktWknWlN/D5wO/XzcaGi2aPjoMixZRf6wWSktTUGIpq6o39LlFQfkGdvXxfHP9mX7us4kLDUBRcvsXERERERERudEUQJVeDMPA5bLo7mjEnzGZfzj+2XBXSfrib6f981dor9/JuNKNZI69C68/gxSvziFpp4kPD8O8NUvglVd4u2kDiwucp2p38PhLB4ASyhcFt69lR8UePCs97NxpP7eyajkNlS9RA5SsrGJjebO9TdUG7v9oE2vrPZQfOEANwKJ17FpVSlPNJtbWL2fXKthRYb8WoHxdNavYwYsHAF5ix5wqPHsqafAsouZAAyurNrC4OViv8GuWfPkKO88AZ17h7fuW01Bp739xQRNvb6q0n6PEfr3zmF3mgfB+UxE7FhEREREREYlDU/glitsFhtXGB//wHzi25/uMyXJTMuWW4a6WJMPfTuvHf8712g1kujpwa1r/yNb0EYc9y1lcUMD98+DwR8F577XseOkA5euq2VW9Bk9DZEboGXbWz2FXdTXPLjrDzspjzKmuZtvKEs4c/oheM+cPwJzqanZVraTkwJ6oqfVNNXuoWbSOXdXV7Fq3iJo9NTSVruLZRcCidaGgZg1z2FVtB3drsfe9y9lnzbFaCsrXsLIESlauCQeAgdodlez0BMv3sLNyB8GFAWqccratLLH3m8p2FREREREREelBAVQBwHS5yMrK4OzHu/jX17/NtaaTANS9/yq/O+trw1w76Q/f1V9x+dgf4v1yL9nZGbhc+piPRE0fHaZojh2lLLhvHgQDoLXHqGER9lMF3D+vJOp15c5r8otKYNEcSoGCKZ7YOykpIh+gYIo9wz5CwX3zKDnwEo9XVLCDVezaUE5BzCLyQ/9fWlpqZ8dWVLB2Z19T/e1p/cG6UjqHchq40BRdZtx6i4iIiIiIiKSQpvALLpdF++VPOPaL/4SvuzXqufoP/j8896/iwTun8t5vLgxTDWUgOs5W03HhDcaVbiBz7D14/S5N6x8xatm/8ww1VBC+n2wJHzaVs/hGVaGgnI3V5c5yARXUsIhnq1f18QJnSj4r2VZdDTWbWFt/oyorIiIiIiIiMnAKoI5ibreJaVh8fOB5musPxN2u9p3n+Nbi/6oA6s3I307rx/8Z94QHGHvX8wSsTHwBZaQOt+94Bnmjr9pj1JSsZFtE1mdTzSbW7q9l8ao5lPMSx2pXUVraxIeHz8AQJGo21Wzix6xhY/kqdlUVsbEyuWho+fJyCmji7T7rVcBUD+w8Vsuq0lInq9bDswWgUUhERERERERuNAVQRyHDMHC7LC7W/RO1hzYl3L65/iDdHS38zm+V8E/v9/cO25IOfFc/4Mq7f0jWtGXkeFbS7TWGu0qj1slPPhl0GbXHDlAyrypqynzBffMo2XmM2lWrWLVukZMVWkL5opK45QxGQfka5m2q5PGd9t/l66opBZqKSmCncxOp6Fdw/7wSdjr1WrlyERz+kiZKmeqBMzvtm0gFla6qYuWmSh6vgOBNpEppUgBVREREREREbjjDSvGc3rq6OqYUFg66HO8r5QBkrKlJsKX0h2kaeNsv8NHb/5n2K3VJvy5n/HTKlv+cqn1Hh7B2N8by+XczJfMLrn34Z8NdlWHhGnsnE77+3+n2WQT8g8yElCjxxi2NZyJys0k0nnVW/P0Nr5OIyEBkV/8eoPMwEZGR4svGRoqLi1NaZmVlZcJtNJd3FHGZAa41Hufdfcv7FTwF6Lh2lquXTvPIt0qHqHZyo/iv/4aWf/s2RsenZLgVQBURERERERER6Yum8I8SGW44feKvOf/J3gGX8cuf/zHlP3gPt2niCyjwdrNr/fDPyL7tj8ieXqEp/TdIKqbvA9xz990pKUdEREREREREElMAdYQzTftmUcf/dgXtV78YdHlN9Yd5bPE32fnPv05B7WS4dZ77G7pbjjHhge34fAb+QEpX9JAYBhv8TFUQVkRERERERESSowDqCGbgo+PqF/zy71elrMyP/vk/sej/Ok7hLWNovNyWsnJl+ATa67l85LuMu/e/4h5TV0+bLgAAIABJREFUis/vGu4qjXgfL1s2oNfdu3fgGeQiIqk0buzY4a6CiEhSvMNdARERGRG0BuoIZRpdNP5mX0qDp0FnT/4v/mCu1kIdaVo//nO6Gv4nbuP6cFdFRERERERERCRtKIA64gTIzMrgZM06zpz46yHZw+lj28hyW9x7e8GQlC/Dp+vLv6P1w6fIzlZyuoiIiIiIiIgIKIA6ogS812lv+ZhDry3g8oUTQ7qvz47+N8q/Xjyk+5DhYXV9yeWj3yc7OxPD0M2lRERERERERGR0UwB1pLB8BHxX+eD//EcC/q4h392Xp35OwNfGt+71DPm+5Maz/G20/Ou/I8PVialRIm3V7qjg8Yrgvx3UOo831Wzi8R21QC07KjbxdtMACm+qYWNEmdFPbYrYbwUbawaygx5qd/D4phpSUJKIiIiIiIhISik0MhIEuulua+D43/7xDd3tx/+8ltl3Tr2h+5Qb68qx7+PyX8RlWMNdFYnSxNubKniRdeyqrrb/rYMXewU8S1lVvYHFA1lto7meMzF3XcOPd8LKKme/VSthZyU7YkVa+6N0Fbs2lKOFQURERERERCTdaKHDm12gk87Wz3l//5M3fNdXv/qA9mvnWfLQnex/9zc3fP9yY1z95UrG3/+XuLK/hj+gKf1poekjDp9ZxLMbIm7mVrqKbVW1RKdw1rKjYg+eKjuIWrujghcP2M+UrKxiY3kBTTWbWFvvofzAAWoAFq1j1yrY8ZK94Ys75rBrVcR+mus5g4c/CkY6C8rZWF0erlrNJtbudEKvi9bZr63dweN7oJwD1BR8m5Jj3fxR9SpKg9sfnse25fWs3VPEtg3lFNTu4HFn/6EyiF1/mmrYWLnz/2fvzsOjLO/9j79nyULCLgECkgijSNhEUUEkYAZci7uCSxMT0S5oqxJtf6E9B+gC1RY8Pa24tScx0aq4I+JKoqKyCIgEGAQCJGyRYYdss/7+mBB2CMnMPJPk87ournaeeZ77/gykc5Uv3/u+a4u9NjJnNLBgLCIiIiIiInIK6kBtyrwVHNq9ypDi6WHfvnMPF557jmHzS3gcWPko/gOLsFq8RkcRwFm8gBJbMp2Ou56QkELCKYqHzsKpR3Ws5pCcN+vI0v4iGFrbTWorms18ZwpZOWlAGpOOLp4CpGQxKa2IabXL94/pPHXkBoqh+fkU5M8gs2z6kfdLykiakE/BhGtItRWxqPb6rtIS7GOP7jx1kDu9CHvOsWOcKr9jbh5kzqAgP5+ZmZA3t7GtsCIiIiIiIiLHUgdqU+WtZP+Py1ldNMnQGD5PJXt2fM89aQP4T1GxoVkktA6t/SNxPR/CfE4aPuKMjtOiJSSe/d7Du0pLoGg66UVHrtmKnQwEOFyMTUgkuR5jpWTlU5BFbfdnBum1nZ8Dd5RBSRETM/KO3LzIQdZQgCS6JQAkMDDVxoIdTkjZxaKiNIZmwZENXHdQShrjUgL3jpqcD4Bj0cnzTxmaRsn0bNLzAhkKjjTDioiIiIiIiASFCqhNkN9Xyb7t3+D4cqrRUQBY8cF47A8spW1cNAcqXUbHkRCq3PQM8dZYojpchdtnMTpOy9UpGVtJKbvgmD1DHbkZvJ48g4dO8VjdsvejOAsbkaN2+b4jN4PXDxdjj1pyfyTYomMfG5AKs4pxJpZSmDaUrHpOd7L8kEVBflZgK4DsDPJsmYFtABr4kURERERERESOpyX8TYzfc5Ddmz+LmOLpYTvWf8C4Ef2NjiFhULF+Bu69X2K1+IyO0mT1f+ONBv2qkzCAVFsR045eP+/IZVpRGuNOKDAGdEq2UZI3t7bR00Hu8cvv68lZOJX0Ew6rguTEhEBnbNHs2q0BAgddTSl0njhIwgBSWcAzs4uwDz2u2JqQSDKHl/gfGeNU+R25gf9MsE+mICft7D+QiIiIiIiIyBmoA7UJ8bkPcnDnMtYt/KvRUU7g+GIyV91/HbauHSgp32t0HAmxyvV/pU2/c7DED9DBUmdp9Zo1QRglgVGTZ8DUbNIzDl9LY9Lhg5lO9oR9MpNKM5iWEVgDb8ucwZQUcO44xRSdkrGRd8IhUsePc/RYkMXMzNpOUAh0o9oTOKHaSgKjxiaRNz2pdqn+0VLImpFZuzUAYMtkpj2BBE6en5QcFmXU3ouNzBlZ6j4VERERERGRoDL5/X5/MAfctGkTiV27Nnoc96zARnZRExqzvrT5MJm8HNy5jJWfZBsd5ZTOu/hBug8czz/nfGt0lNMaO6IvidGbObDyUaOjNHntLnkRr7U7PjWjAqf+3tL3mYg0Nfo+E5HmQt9bIiLNy47ycnr27BnUMbOzz1xrUwdqE2A2m3BXOSO6eAqw+bsX6TEgg0t7d2Ppuu1Gx5Ew2L/8QdpfPhu3qQ1B/reYZik43afQr2/foIwjIiIiIiIiImemAmoTYLXAV2/eaXSMenF8MZnho/6iAmoLsm/JWDpc+SE1NUYnaRoaW/wMVhFWREREREREROpHBdQIFx1t5utXf2J0jHrbVVqIu2oPV1/Si0+XbzQ6joTJ3q9/QsfUz6iuqjY6SpMw9r1xDXpu9s2vBzmJiIiIiIiIiJyJ2egAcmpmk5sVH/4ad/U+o6OclRXzfs7Anl2MjiFh5WPf4nHExOgrRURERERERESaF1U7IpQJN5uWP8e+8mVGRzlrlftLObC7hNuHn3C8tjRjPpeTg6smEWVxGx1FRERERERERCRoVECNQGaTh92lhWxbM9voKA229J1xnNelPWb9hLUonv3L8ewuwmoxOomIiIiIiIiISHBoD9QIYzJD1b6NrP3qT0ZHabSdpV+RMeoS8j793ugoEkYVG/6H9u0HYzIn4Pf5jI7TPDkLmZKdR8lxl22ZM5hiTzjLwRzkZswmacZkRp3toxExvoiIiIiIiEhoqYAaQUwmE1EWCz+sLDA6SlCs+vRR0sYvoWuHeMr3VhgdR8Jo3/IH6DDsA2qqXUZHacZsZAalKJlCVv7kYAQyaHwRERERERGR0FIBNYKYfNG889hBbnn6SXZv/ZJVnz1hdKRG27r6dW4ZdgfPfbDU6CgSTr4aKhxTaHX+b3B79TUTXoGOT9KgsKiEYwqtjlzSpxcBNuxpUMhYCrKo6xAdWDyViaVJ2IuKKARIy6EgK7CXsSM3g2lFgRmO7nQ92XVn4ZFxSjN/SXLeJ2cY38n8qdnklQBpadiLytSxKiIiIiIiIhFDO1RGCr+V1e/XUL7Ky3NX7yfaegVX3vOR0akabf2iGcRYoV+yKiEtjWv3V3j2foXV7Dc6SjNVQl52BukZR37lOo68V5o8gYL8fCallZA31wE4yJ1ehD0nn4L8CSSVHb8BQK0iGJqfT8GMTGxFs5nvBGfhVKaRQ0F+PgX5OSTnzTrt9aPHmWJvX4/xZ5FHJjPz8ykYSqC4KiIiIiIiIhIh1BoWAUwmE64DFr557mDdtVfSKxnxSCxp479lxYe/ZO/2ptvBuWHx3xg15DesLnWe+WZpVirWPUW7yy7GZGqP369CanCdfgl/cmLgjU7JNigFHIsoJI1JKQAJDEytvX7CsMl0AkhIJLn20q7SEiiaTnrRUbcVO+l2iusDjx7njOM7WbmgBFvqBBIAUoZip6xevwMiIiIiIiIi4aACagQw+2N4b+L+E65/+XcXq9/3MO7FZykv+QDHF1MMSNd42x1v0Wvwwwzv14OvVm8xOo6E2YHvfkb7IW9SU+M1Ooo0wskOqHLknvy6Uy2kIiIiIiIi0oyogGo0bxTfvVnN/u0nP61890Yfs0bt5b7ZV3PFuMEsfP3GMAcMjuLPsrn8J8+rgNoC+T0HqVg3nVa2ibg9+soBmH3z6+GfNGUodqazyJFFSkqg65Ok+j3aKdlGSd5cHPYsUnCQmzEdcvIZc6rrZxUs0A2bt6AYp91OgmMRhUDm2X9CERERERERkZBQNcNAJrOZSqeJb1+qOuO9L42tYPSkdqSNX8K37/6UQ7vXhSFh8OwvX07F/q2MGXIBcxevNzqOhJnL+TnRna/D0noQXu/J/7GgpVi9Zk2QRgrsgZp39CVbJjMnJ57i/hSyctJIn55BITbsabZ6z5Rgn8yk0gymZRTVTjODKSlAysmvO3ec3SdJsE8gc0E2EzPyAodInd3jIiIiIiIiIiFl8gd5Y8JNmzaR2LVro8dxzwr8FTpqQvNdC2o1xfJy+j4qdtX/j6DbRVZueboN29bMZt3Cv4YwXfBZo9swIqOIGW8tNDTH2BF9SYzezIGVjxqao6UxWeLpcMU7VFd7jI4SMqf63oq877PAqfcLUk9cfm84Ry7p02FSfhYpRmcRacGazveZiMjp6XtLRKR52VFeTs+ePYM6ZnZ29hnvUQeqQUz+aL4tqDqr4inA9u89zLLv5f53bmXoHVew6M3bQpQw+Dyug+wp/5670wbwalGx0XEkzPzeCqrKCohKHIfHazY6TgsUWGJf91cHWyYzI6R46iycysS8krrX9px8FU9FREREREQkYqiAagCz2czBbbD81eoGj/F/tx7i+j924qqshSx64zaqD53lmlmDrJg7HvsDS2nTKpqDVS6j40iYVZUVEJN4KyZTK4Lc/N4kBGv5fr++fRvwVApZ+flkBSVBcCXYJ1OgdfsiIiIiIiISoVRANYCn0sqcJw40epwP/6uansM93PDH9yld+RIlS/4RhHSht2P9PMaNtPOvj74zOooY4NDaP9K6zxRc3iijoxiiYcXPI4K3h6qIiIiIiIiI1IcKqGFmMlnZ8q2Hyj3B6b7b9JWHZ9L2MH7OPZzT/UqWvHNXUMYNJccX/81V919Lz67t2VS+z+g4Emae/d/hrfgBS/wAvN6W14UK8O8bznxw3MmMn9cqyElERERERERE5Ey0EWGYRUVF8fnMiqCP+++bDrJnU3euyvwGa3TroI8fbJtX/JsbLrvA6BhikEOOqURFWYyOISIiIiIiIiJyRiqghpEJK9+/VYWnJjTjv/9EFYV/czEi43OSB0XiTodHbF7+AhaTm0svSDQ6ihjA762gsqwAq8VndBQRERERERERkdNSATWMoqOj+ObZhi3dra8fPnbxTNoeevT9GZfe9FJI52qstV9OYXi/JKNjiEGqywqwmDyYTCajo4iIiIiIiIiInJL2QA0XTzTf5FWGbboXf3KQ2//RixH3fcmXL40I27xnw7lpPu4r9jL64l589t1Go+OIAQ46JhPf5w+4W+iBUg3mLGRKdh4lx12258wgaXY2ZWPzyUoxJJmIiIiIiIhIs6MCapiYTGZWzK4O65xv/aqKi+6Ixv7QUn74+i9sc7wZ1vnrY8UHv2DInbNVQG2hPPu/B18lJlN7/P6WeaBUw9nInDGZUQnHXZ6cb0gaERERERERkeZKBdRwcEex4JngHxxVH9+/6eL7N/fw84+foHPPUXw375eG5DiVyv2bOLh7A7cNT+HtrxxGxxEDVG16nlYXPIHbraX8jedk/tTaDlRySZ8NdoooLAFsmcycbCcBcORmMK3o8DNpTMrPIsVRv/vtOYe7Wx3kZkynEDhlMVdERERERESkGdAeqCFmMplwV5n54ROXoTmev3Y/nsoBjEj/3NAcJ7P0nbvp2aW9fhhbKNeuzzH5XdoL9ayVkJedQXpG7a/ck/wDREkZSRPyKcjPwV6Sx1wHgAOG5lOQn09B/gwybUUscpzmfkcu04rSmJSfT8GMTEqn5+LAyfyp0yGndpycJPJmFeIM34cXERERERERCRt1oIaYt9LK508b0316vNkPVnLZfdHYH1jK6qLf82PJR0ZHquMs+4b0qwfx0qffGx1FDFC1+V/EnPcQHo/RSZqSk3V9Hl/CTKJbAkAnkmxQBkAKKSnHdZWe5n7njjJIG0sKQIKdKfkADhaVQOH0jNoO1ECelU67ulBFRERERESk2VEBNYTMZjPbVvkoW+w2Okqdb19yUfzOHjLfnEoX23Ws/ORRoyMBUPzJr0kb/y1dOsTz497IKDhL+NSUf0Bcr4dQ/TQMag+gInMGBfkElvw3aCAt2xcREREREZGWQQXUEPJUWVlfWGl0jBNUH4DnrtnPPS8NZvi9n/HVK6ONjgTAltWvceuw23nug2VGRxEDVJW9REz3+3B7jU4SeuPntTI4QRrj7AngLGRBCSSf5s6ExCTIW4QjK4UUZyFTsheQOmMCSbYS8uY6GJWVAo5c0qcT2Es1bJ9BREREREREJDxUQA2hqFgLJV9ETvfp8f5zXxVXTojF/sC3fP/xRHZvWWBong2LZtA95Q76JnViTdkuQ7NI+FVvfZ1W5z0IXmP3Cw611WvWGBsgYQCptjymZRSBLZPMNFiwwwmJp7g/JYuZmVOZmJEBgC1zBqMSEmByDmUZ00kvgsPdqCqeioiIiIiISHNk8vv9/mAOuGnTJhK7dm30OO5ZgV35oiYUnuHOCOWzsmaOh4UvVBmd5Izadjdz70ttcZZ+xurCSYZm6Z5yJ72GPM7/vrckZHOMHdGXxOjNHFgZGdsXyBGtznuAqK534PH4jI7SIKf63mry32ci0uLo+0xEmgt9b4mINC87ysvp2bNnUMfMzs4+4z06+DxELJYoVr5dbXSMejmwzcezo/fRqtVIrrz7Q0OzbHO8gd9TyZV9exiaQ4xRVZqL1RpldAwRERERERERkTpawh8CZrOZnWs9VOwKanNvyBXcU8HIiXGkjV/C8rkPsv/H7w3Jseqzxxnyk+f4es0WQ+YXA/m9VG19FWuXO/F6m99mqMFavt+vb9+gjCMiIiIiIiIiZ6YCagh4qqwsfzXyDo+qjy9m1rBmrps7n32RHeveZ+1Xfwx7hn3ly6g8sJ2fXH4BHyxZH/b5xVgu5xfEJN6M12sxOkpINLb4afgeqiIiIiIiIiItjAqowWYyYTaZKFscuYdHnYlznY9Zo/aR+eb1DBt3Gd+8flPYMyx7L50RGYUqoLZA3or14KvGZGpNkLdojhjfvJLaoOeG3WvsQW8iIiIiIiIiLZH2QA0yk8/KijdrjI4RFHl3HKJscTvS7l9MXPteYZ3b4zrAnvKV3J3WP6zzSmSo3vE+FovJ6BgiIiIiIiIiIiqgBpvFamHVu03j8Kj6+PTPNcz5bQVDbn+dC64486lkwbRi7v1069iG1rHRYZ1XjOf68SMsZp/RMUREREREREREVEANJovFwpalbmoONa9lx1uXephl30un7rcz5I43wzr3jpKPuGtkv7DOKcbz1ezEV12O2ayvKBERERERERExlqoTQeQ6aGb5q82n+/R4/3frIXau6cxVWQuJjksIy5yOot/TJi6K87q0C8t8Ejmqt7+D2ew1OkZkchYyJWMq853HX8vFYViowxkySD/uV66hoUREREREREQaRwXUIGrVzkL5Ko/RMUJq3u+q+eRP1Qy/50N6Df5FWObcvPxFfnJ577DMJZGjZucnWK0xRseQs2Yjc0Y+BfmBXzMzbRTOLsR55gdFREREREREIpLV6ADNhdliYdv3zbt4eljJ526e+XwPD869j3N6pPLtu/eGdL7NK/5F0kWZDD4/kWUbdoR0LokgvhrcB4oxt+qLz6tO1LPhLJzKxAWpzJxsJwEHuRmzSZoxmYHFU5lYmkpmWR55JUBaDjOTZzMx8IJJ+Vmk4GT+1OzA+wC2zMA4jlzSZ4OdIgpLjrp+hiwJA1Kx5ZWyC0gAHLkZTCs6PPQMptgTAp2r2XkEprSROWMyoxIAHORmTKcQjsoXuEZOPlkptZ+1dCwFWZCbMRvSoLAoiUn5Y9he9zmOGvOYuQ6PeWwu0nIoyEoJwp+EiIiIiIiINAfqQA0Wj4V1n7mMThFWL445yP6yJEZmfo3ZHNqDntYu+APD+/cI6RwSeaq3vY3F1DL+YeLslZCXfdRS+bqi4BkULYAJ+RTMyMRWNJ1nmEBBfg52iljkAJy76DbhcAdpDvaSBaw83D5aUkbShMPX85hbj6X5zuIFlNiS6USg2DmNnLqxk/NmMd8Jjrl5kDmjtmMV8uY6ACfzp06ntO56GdOmnqmTtYTS5AkU5GfRqXAWeWQyMz+fgpwk8mYV4sRBbvYCUmfkHxkz1wHOQl4vSmPS4c9cNPvY7RFERERERESkRVMHapCYLWZKF7WsAirAe9lVpNwQjf2Jb9iw5O+UrSwIyTw7N36CbUg2owf15LMVm0Iyh0Qe9+4FmC54DIg1OkoEOrpTk9rOytJ6PJbKwASARJKxkTQgMECSDcoAElKO60K1kVn3cBLdEgA6Hbn/BIHCbt4xOQOdqo7SEiiaTnrRkbttxU6mDE2jZHo26XmBz1RgB3BQVmIjdUIg35FO1sTTfrzkxMD9u0pLsKVOCHTIpmRRMDnwe1RKCYXH5FuEI2sMqbY8pmUUBbpP8yef6XdRREREREREWhAVUIPAZDJRsctP1T6/0VEM4ZjnwjFvDz+b9xAJyWkse//+kMzz/Ye/ZMjtr6uA2sJ4KzZijhugZfzh4sglfXoR9px8ClICy//PzpHC7uGtBAYetc6/btn+MbIoyM8K3J+dQZ4tk5mTT18obbgjy/aPljI5n1G12wOkF4G9dosAERERERERES3hDwKz2cr6ohqjYxjuhRsOUL2nNyPv+zIk41fu28jBPRu47co+IRlfIpNr19dYaF7F02H3LmjQr/pKSEyCksC+ozgW1e4hehZsmYxJaeCzR+ewT2ZSUh4TcwNr/Tsl2yjJm0vglYPcjAxyHYH9R3MdgfsLctJqn+5Ekq2EBcWBtfRHtgIIdL+W7nACTlYuOPnGBZ2SbZQsKA4s+Xfkkp6RiyMhkWSKeL2wdszCqaRPLcTpLGTK1EKcpJCVP4NMWyM+tIiIiIiIiDQ76kANAp/LzKZvWt7y/ZN5c0Ilg8bFYP/FUhwL/sSOH94N6vhL37kb+wNLgzqmRDbP/hWYzF7wWoyOEhSr16wJ/SQpQ7EzvXZJehr2s322ZDoTM/IgLZNMWxFluxoRJSsHe8Z00smhIGsyk0ozArmo7UZNAVJyWJSRQXrgKpkzskgARk3OoSwjm/Q8CHSOBrYCGJhqIy8vsOTfnnbyameCPTDXxIzAYn17Tj4pQMqMTKZknzjmQ6lT6+4lLYcCdZ+KiIiIiIhILZPf7w/quvNNmzaR2LVro8dxzwr8lT9qQmP6n8LDaorl+ev3Gh0jopit8OAHbTngXM6KDycEdewB1/wvpvaDeOnT7xv0/NgRfUmM3syBlY8GNZeETodhH1LjivwtMk71vdWUvs9EREDfZyLSfOh7S0SkedlRXk7Pnj2DOmZ2dvYZ79ES/kayWCyUfes2OkbE8Xng+WsP4KsZSOpPg/t/Voo/+TXntGlF53bxQR1XIpfn4GrMlubRgSoiIiIiIiIiTYuW8DeSt8bC+qIqo2NErNfHVzJkfAz2B5ayan4OOzd9GpRxtzre4NYrb+H5ecuCMp5ENtfub4iN74vP6CCNFKzl+/369g3KOCIiIiIiIiJyZiqgNpI1xkTfG6KJijPh+EAHSZ3M4n/XUPxODfe9/me62K6l+LPHGz3m+m+eYuSFt5LSoxOOLY3YoFGaBM++FZiSPDSHr6zGFj/DsoeqiIiIiIiIiNRp+tUIA5lMJqqppLpnOcMvSsb+eDzuah97NvvY9I0LxwfVVO4xOmVkqNwDz169j3vyhzL83k/46pVrGj3mhsVPM/ryiSqgtgDeyo2YLdHgaeo9qAHPzFvRoOceumFQkJOIiIiIiIiIyJmogNoIJrOZ9XvWM/nzyQCYMXP9BddzeffL6X9Pb4be3xGP28ehH/2ULXHzw6c17FzrNTi1sf6TUcnwX8VgH/8t3334MHu3L27wWNvWzKbn4Alc2bcHX6/ZEsSUEoncB1ZjjuuPz9uy/zckIiIiIiIiIuGlAmpjmMDhdNS99OHjg/Uf8MH6D+quXXHuFVzZ40r6XzeA/re0B6Byj48dK72sL6ph01ct7wCqr/5Rw+o5bu7+v3/w48ZPWPP57xs81ur5v+Hy659RAbUFcO3+mtj4lCa/D6qIiIiIiIiINC0qoDaCy+di075Np71n4daFLNy6sO5173N6c1XyVQwafDHXjOyK1WKh+pCPnQ4vm75ysWpOy9hHdW+pj1mj9pHxmp0r757H16/e0LBxti+h6uB2brjsfOZ9uyHIKSWSuPcuI7b7WKCt0VFEREREREREpAUxGx2gKbNYLJTuLz2rZ9btXscLy19gwoe/5LY3biXrvSze3vQa1T03M/ThKB4q6sjPPmzP2OfbcVlmLK07N+8/ovy7DlHyRTxp9y+hTUK/Bo2xbM59pCQlBDmZRBpf9XYsMZ2MjhE5HLmkZ2Qc+ZXrONMD5GZMZb6z0ROTe3jOqYWcfLjD9+RyTCpnIVPqlfXooXJPHOc0nIVTa8d3Mn9qBmczlYiIiIiIiMjJqAO1EaIt0ZQfKm/UGLurdvPa6td4bfVrddeus13HkHOH0HdcHy6/rz1ej5+D5V62LPOw7jMX5as8jY0eUYr+WoPjQy+3/T2P7T+8ww9fTzur5z3V+9j7YzF3XdWf1z5fFaKUYji/G7+3ApMpGr/fb3QagznInV6EPSefrJTa1xnTmZI8gyn20P5jgrNwNqWZMyiwJ+DIzWCuw16b4Xg2bLYiFjmySKl931m8gJKQpoNdpYdnSGDU5PwQzyYiIiIiIiItgQqoDWQym9lxcEdIxv6o5CM+Kvmo7vXl3S5neNJwBoweSL8b22PCROU+HztW+tjweTUlXzT9fVTLV3mYNWovmW/+hCvuvJyFb9xyVs9/934W9geWEhdrpbK6eRWY5Qhv1XZM0T1VQHXuoBQbqXUNuSlk5R9VLHTkkj69qO7lkULr0bdkMK32FltmbeHVWciU7LzaIqeNzBmTGXVcPTYhMYmS2cU47YksKkpjaNapY6amprFghxNSEgAnKxeAPc1G4WlzOpk/NZuypDQKi8rI/GXSkY9dOJWJedTmChQW2b/lAAAgAElEQVSNC4/Ouiu39jNNJ3foDJJmZ1M2Np8xO6YysTQJe1FR4P60HAqyUgh0qWaTVwKkpWEvKiPpJJ9ZREREREREWrbmvT48hMwm0xn3Pw2WJduXMHPRTLLez+SW2bfw2KePMd/5ATGDfmT071vxUFFHxr/fnptntGHAbTGYm3BZPO+OCrZ915Gr7l9Eq7Y9zurZ8pKPuXvkgBAlk0jgrdiIyayvLRLsPJQJedmBpfRTCo9dSO9gKAX5+RTk5zMz00bhomPXsTsLpzKNnNp7ckjOm8V8Jzjm5kHmjNrnIG/uSda/p2QxKSmPiRmLGJqfxUmbTw9LTIYFxYFl/s5iFpDK0OT65SxkKAX5kxnV/vDNuUxckMrM/MmMSnAyf+p0yAk8W5CTRN6sQpwpWUxKA9JyTuyKLYKh+fkUzMjEVjSb+U5wFs4ij0xm5udTMJQjhV0RERERERGRozThUpuxfPhYu2utIXNv3LuRjXs31r1uF9OOa23XcmmPy7j85+cx4lfxeGp87NviZ/MiF46PajiwremcXf7x1GqSh3gYM/1tyopfZsOSv9fruTVFv+Oq+5eQ3LkdpTv3hzilGMFTUUJMxzSjY0SEBPtkCuwQWL6fTXrekU7TlJSUY7s7j/st21VaAkXTST/S/Imt2MmUoWmUTM8mPS/Q0RkY/2iBrk9yZpBZls3rhWN4iFlMLB1b29F5nE4DSGUWK512BhYvgNQJdGJB3duny2lLPnq/2yKmTbeROSOLQHPoLspKoHB6xlFFTxsrnXa6neo3zJZMJ4CERAI1XCcrF5RgS50QGDNlKHbKTvW0iIiIiIiItGAqoDaQ2+9h877NRscAYH/Nfmavmc3sNbPrro3uNZorzr2CPrencOlP2+Pz+jn4o4+ty9ysm+9i+/eRvcy9dLGHZ+x7Gf/eXXTscSVL3hpbr+c2f/ciY4aM55n3vw1xQjGCr2orJtxAlNFRIkhg+f6YwqlMXOQgK6VTYFl6bWclhVOZeJKz7uqW7R8ji4L8rMBS+ewM8myZzJxs5/Bdh/c/nZKSAJNzKMvIZiJgzzlVH2oCA1PhmWIHLIDUCQlQfPg9Z71yBqQxKQemzSpkYF2ek28xoDOjREREREREJNhUQG2gaGt0xBRQT+azjZ/x2cbP6l5f0vUSUpNTGZh2ESljzsEEVO3zU77Ky/ovqtkwPzL3Uf33zQcZ85euXJW1kK9euRaP68Bp79/83YskXZTJxbaufFfSuAO+JPJ4q7ZisUTh9hqdpHEeumFQ4wZw5JI+veyEAuLRXZv2sXYScDJ/QQkkHft4p2QbJXlzcdizSKnrKs1n6KIMFg3NJ8s+mYLEXNJnH/vckf1P7SSQwphMG4V5kNSJU0oYkAqzZrOgJIlxJ9lb9HQ5j5GSxaSkDJ4pHMAUeyeSbCXkzXUwKutwFytMyj/NhqwnJmNgqo28BbWfx7GIQiDzLEYQERERERGRpi87O/uM96iA2kAen4eDroNGx6i35eXLWV6+vO71ee3Ow97TzsUDLsF+RTeu/X0baip87FrvZdM3Lla/X4On2sDAR5n7/6q5YLSXa35XyKZlz7Hpu3+d9v61X/6BESP/oAJqM+Sr3o7fHAtEyA9nA6xes6bxg6RkMTOztkv08LW0HAqyAhXKgak28qZnUIiNzMw0WLADJ4l1jyfYJzOpNINpGYGl87bMGUxJAVJyWJSRQXrg6lFL5o/MOykpg4kZeUfmnLGDKdm5dDvVfqgJA0glj7y0sQSObap74xQ5T12NTRmTCdmzmD9gMqMm51CWcXgbgkA3agrgTLZBXu0hUmf4bUywTyBzQXbg86SlccKOBSIiIiIiIiKAyR/k46w3bdpEYteujR7HPSvwV9moCZF3rIfZbGa58zumfTXN6ChB0zqqNdfYruHybkPo1b4XsdExeFx+9m3xUrbEzdqPa9hbavw+qg/MbYOragPfvpt+2vuG3f0xa8vdzF9x4kFfY0f0JTF6MwdWPhqqmBJC7Ye8gdvXmiB/dQXFqb63Ivn7TGod1cV62oOxRFoIfZ+JSHOh7y0RkeZlR3k5PXv2DOqY27dvP+M96kBtAJPJhAmT0TGC6pD7EG+vfZu3175ddy3tvDSuOPcKUm7ux8V3tcPvg0M7fWz9zs36+S62Lg//Pqr/GnOQW/+ezMj7vuKLl4af8r7vP3qIy2979aQFVGnavJVbMcX1xe9t4uv4xXDOwqlMzCupe23PyVfxVERERERERE6gAmoDHTjDXpzNQdHmIoo2Hzmme1DXQYxIGsHA1Ivoc905mExmqvf7KF/tpeTLGn74xBWWXO88Us2AW6KxP7KU9YtmsmXVf064p2LvBg7t3citw/rwzjdrw5JLwsNzoBhrXF+jY0gzkGCfTIHW7YuIiIiIiMgZqIDaECY4UNP8C6jHW1G+ghXlK+pe92jTA3svO4NTLmXkkO6MzmmNq9LP7hIvm76pYfXcGlyHQpOl+F0Xxe/u4Wfzfk3CeXaWz33ghHu+fXsc9geWhiaAGMiPyWwGdaCKiIiIiIiISBiogNoAHr+XCleF0TEMt+XgFl76/iVe4iUAYq2xXGu7lsu7DeHizPMZ9vOOeN1+9m/zUbrYxQ8f17B7U3D3UX3hhgPc+VwfRmR8wZf5I094f9eWhWSMvoj8z74P6rxiHL8nRFV5EREREREREZGTUAG1AXx+H5XuSqNjRJxqTzXv/fAe7/3wXt21EUkjGNZjGH1v7M+gse3Ab+KQ08vW7zxsKKqhbEnj91F94xeVDL43BvsDS3F8MZUd69+ve2/lx78ibfy3JLSLw7lff2bNgd9bicnvNjqGiIiIiIiIiLQQKqA2gM/npcKtDtT6+LLsS74s+7Lu9YDOAxiRNIKLhg3ihmsSsJjMVB/0Ub7Gw8YvXTg+bNg+qsteqeH7d2p44J3f07nX1Xz/8a/r3tvqeIPbrryZ5+ctb/TnEeP5PZXg9wFmo6OIiIiIiIiISAugAmoD+E2oA7WBincWU7yzuO51YutERvUcxeDelzJ8cA/sv2mNu8rP7o1eNi90sXpuNdX76ze2pxKeu3Y/d/3fJaT+dD4LXh4FwPpvnuKqC2+jT49OrN2yKxQfS8LI76sCk9/oGCIiIiIiIiLSQqiA2gAmk0kF1CDZcWgHLxe/zMvFLwNgNVu5znYdQ84dwoD03gx9oCNej5/9W71sWerhh0+rca47/T6qr91fybCfxWJ/YCkrP32cXaWfs2Hx01x92WMqoDYDfm8VJpPRKURERERERESkpVABtQFMJpOW8IeIx+dh7vq5zF0/t+7a8B7DGdZjGP2u78/A29vh90Plbj/bVrjZ8LmLzd+cuB/mNy9Us/JdF+mvPMWuLZ+zav5v6HnpLxmWcm44P46EQGAJv9EpRERERERERKSlUAG1ASxmizpQw+irLV/x1Zav6l6ndEphZPJIBl1+CdfaE7BaLFQd8OFc62XjVy5Wv18DwKGdPp69eh8/fXkYV97zEas++y1Drv8n23YdMOqjSBD4fVWYTNr/VERERERERETCQwXUBrCarVS41IFqFMcuB45djrrXCXEJjO41mkttl3HFoCSumhiPq8rH3s0+Ni9y8fYjlVz601gG3fwPaip307FNW6gx8ANIo/g9lZjMFuD0WzmIiIiIiIiIiASDCqgNYDVZ1YEaQZyVTl5d9Sqvrnq17toN59/AkHOH0v/u3gzJ6ojX7efgjz7adDkHk8mERwXUJsvvrcRvUgFVRERERERERMJDBdQGKD9Ujl+bMEa0eRvmMW/DvLrXQ7sPZXjScPpVDOCc1h0wxXQ3MJ00iq8aX/UuoJ3RSURERERERESkBdBGgg2Q2CYREzoGvClZtG0Rf1v4N9q2ag1ATfkcgxNJg5msWFp1NjqFiIiIiIiIiLQQKqA2gMfnIS4qzugYchZ6te/FnLvmEGWJAsDlLDQ4kTSYOQr8Wr4vIiIiIiIiIuGhJfwN4PV7iY+Op8Ktg6Sagjv73slPB9yL59Ahyn2xnNvWgq96m9GxpIFMpij8KqCKiIiIiIiISJiogNoAXq9XHahNxOQRkxnYvg/7vv6GqMFDqHGD17XP6FiRofdLdOySdOR15UfsWfbksdc9K6hY+Bg13E6bKx4mynr0NYgfXIT1YBr714UxtzkaHSAlIiIiIiIiIuGiAmoD+PETHxVvdAw5g3+N+Ret9lRQMvUP9PnLX3h3nYtRPaPxHCg2OlpEiInpCJRRs+A+jvRS/5Z2XZJqi6nQLvU6Wg24nZrdw7FYy6hZsAZr6nCiu0ENTxMVvYKqcBZPAZM5Cvw6xE1EREREREREwkMF1AZSB2pke+vON9n7xQJ+mPk0l86Zw4ItLgDirFC9Z4nB6SKDNbo1eDbgOebqk+xf8GTgv3Z7+rRHpcUnDsK/O42a0EU8BSte90GgTdhnFhEREREREZGWRwXUBjD5VUCNVAM7D+RP9j+x8emZ7JlfSL/nn2f7QR+7qwLvW8wman782NiQEeH2wEp46yDiU4uI5xDukhs5uP3w+7+lnW0Q7Psn+4rfAsCb/DAxqYHu1P08TXsDuk8BzNEdMFvjwB3+uUVERERERESk5VEBtQEsZquW8EegzEGZ3Nr7FpaPHYuvspJzMzOxdO7Kko2BHsvubcz4/V44rueyZTofsxV8tQXS+MFFxNheIn774eX8T7J/wQbaXPEwHa8YTsXCxzi48K26p+MHF+HfnQYD3qdj+9acuBVA6Jii2mkFv4iIiIiIiIiEjdnoAE2RxWRRB2qEmW6fxk+6j2LZTTfhq6zE0qYNXe+4g3kbjxRLu8ab8VaXG5gykjzJ/gVpdd2lHtehk9zzFj4XYO147L+0dAvsfVq97rfEtgd3yT9xe5KIGnB7GHKDOaodYAnLXCIiIiIiIiIiKqA2hN9P+9j2RqeQWi/dnEeP/VEU331v3bWBeXmsKD92jXeneDOefcvDHS8ydXua9qlFtK8tegb2Q92D55jrtcv8K9cc01ka2Pv0MQP2Pg0wR3fAb4oyaHYRERERERERaWlUQG0Av99P25i2RscQ4O2xb1NTtJB1j2XXXevz1FPsd5vZvN93zL2xFnDt/jrcESPT9sfY92MZ5vYP0zG1iJi4MmoWPkbNMdcfJooVVCx78shzdd2nAE9SvQ+ibA8TZS3DXfzWqWYLKlN0An6t4RcRERERERGRMNEeqA3UOrq10RFatCvOvYKc4TmsnzqV/d9+W3f9nKuvptWFF/LZhmP3OY0xg8lkwrN3cbijRq5197HnZIdAneo6BAqv24+8rCm+MeydqCZzrAqoIiIiIiIiIhI2KqA2gLHFmxv5820PMqB6PjfN+3vg0pBZzOl57pFbDsznpnkbA/dFA65iXnz7d7wPPHLDHC7cfRMTmnAd8ReDf8G1Pa9m6ZgxJ7zX85FH+HD9iSW9c9uZ8XmNWnQuwRTVfiBun+/MN4qIiIiIiIiIBIEKqA3g8/no17mfATPfeKQoWn3U1fj2wFbmvzaBvx++2PvP9IzeyvzXfuDCu4YwtDe8z58ZElvMq024eDrzmpl0N3Xgu1tuPeG9i155hQ273dScpLbWpbUVX+UPYUgooWaK7oS/2mV0DBERERERERFpIbQHagNZTJYw74N6uHh6iEPH1Y56xbYG1142nmGER84fwL5tgU7UpuiVW16m0/ZKVqffd8J7vX7zG1zRcazadfLOxPYx4N67NNQRJcTMMV3Ap+KpiIiIiIiIiISPCqgN5PG6SW6XHOZZtzL/tVfZdMy1G+kcC0QP4MG75jDnrv/w597AukVscp3LqLtGce6Bxfyutvv0wybYfdo6ujXvjnuXg+9/xIb/N+mE9+NTUugwfDiflp16WXeUxUSNsyiUMSUMLHFJeL1uo2OIiIiIiIiISAuiJfwNFGWK4rz251G8szhMM77P795+H7iRPx9zvRcdouHQzhe5p/B9HrlhDqMumcUj6ybU3h/wyA1z2LftJrD/hzmdW3PCkv8IdXWvq/nV5b/C8dvfUrF69Unv6fPkk3y99dRFtQ4xgN+Pr/JMPboS6cytemAyRQM6REpEREREREREwkMdqA3lh5SEFKNTAH9nwms3cU9hoFi6sfrQibf0Ptx9+gjXd4bi5S9S7DqXIfYbw5z17EwcOpFfXvwzlo4Zc8riaf/nn6f8oI9dVaceJ7GNBZ/7YIhSSjhZW/fGh8XoGCIiIiIiIiLSgqiA2kA+v59e7XsZHQN6/5n/3DWH/9QWQ0+2H2pT3Pv0n9f/k8vjU1hx6+2nvOfc++7D0rkri8u9px2rc7wFX8XaYEcUA1jibfh9p96qQUREREREREQk2FRAbSC/z0eX+C5Gx4B1v+OeTVtp3flB5tw1h1FttzL/7aOKpb2P3vv073y4EwZc8iADoreyuDAyS6qv3f4arUt+ZE3W+FPeY27dmq533skHGz1nHK91NLj2NMHNX+UEllaJ+FRAFREREREREZEw0h6ojeDyuUhsnciOQzvCOOv7x+xtCsDiCdx0qvrgut9xz7qjni68J2I7URNbJ/LcT55ja/5L/PjGm6e996K8PFaU1+8wIavZxIGdnwQjohjJEgemaODMRXMRERERERERkWBRAbURvF4vye2Sw1xAbZ5u7nMz9190P6sfeojqsrLT3tvnySc54LGwef+ZOxET4834/V7wnGRvWGlSLK164PdWo68tEREREREREQknVSIaIdYSS88OPVm0bZHRUZq0SamTuLTTRSy78cyHWp0zejSt+qTw2Yb6dZ92bWPCW7OrsRElAljikvH59ZUlIiIiIiIiIuGlakQj+Hw++pzTx+gYTdoLY16g9QE3K26/s17393z0UT4qqan3+J1aWfDuXdHQeBJBojuPxo8FOP2hYSIiIiIiIiIiwaRDpBrB7/OR3D7Z6BhN1ht3vIF1xTrW/uyX9br/opdfpmS3m+qz2AIzLsqEa8/CBiaUSBLVtj9er4qnIiIiIiIiIhJeKqA2gt/vx4yZWGus0VGalAs6XMCcu+ZQ/sK/2fyXp+r1TK8nnsAVE0/xrvqfwG4GTCZw7/qigUklUljizgO/3+gYIiIiIiIiItICaQl/I1lNFoZ0H8IXpSrS1cc9/e9hXN+xrMjIwLNnT72eie/Thw6pI3hvveus5kpub8bnrf9yf4lcUe0vxue3APUvoIuIiIiIiIiIBIM6UBspxhzDlT2uNDpGkzB15FRu7zWGZTfdVO/iKUCfJ5/km231OzTqaJ3jzPiqt5z1cxJ5ojuNxOs3GR1DRERERERERFogFVAbyev1MjhxsNExIt7/3fhvbNVt+X7sXWf1XP/nnqP8kA9n5dkv3+7QyoR77/Kzfk4ij6VNCj7tfyoiIiIiIiIiBlABNQiqPdX07dTX6BgR660738K78DvW/eqRs3que3o65s5dWVzesGXbMRYTrl1fNuhZiRyW1r3x+86+A1lEREREREREJBhUQA2CGFM0w3oMMzpGxLmk6yXMuWsOZTNmsuV//vesnjXHxpI4bhzzNjWs67B1dOAAKe/B1Q16XiJHVPvB+PzarllEREREREREjKGqRBD4fX6G9RjGv777l9FRIsb4i8dz4wVjWHrLLeDxnPXzFxW8zMryhncdntvGgtdd0eDnJXJEd0rFp7OjRERERERERMQgKqAGgd/vJz46ns7xndlZsdPoOIZ7avRT9IzuyvKbbm7Q8xf+5S8c8FnYuL/hVbPO8Ra8h35o8PMSOSytzsXjVgVVRERERERERIyhJfzB4oNLEy81OoXh8m9+icTdforv+WmDnu84ahTxKX35YmvjCmZtYsC9b2mjxhDjRXUcih+L0TFEREREREREpAVTATVILH4zV513ldExDGM1W3ln7DtUffol67OfaPA4vR57jE82N/7AoCizCdfO+Y0eR4wV2/0OPD41youIiIiIiIiIcVSZCBKfz8eF51yICRN+/EbHCavUpFSeGPYE6/77vzmwfHmDx7no5Zcp2e2m+uy3TD1G5zgTfr8Pv8vZuIHEWKYorO0GUVPtMjqJiIiIiIiIiLRgKqAG0aGaQ1zW7TKWbF9idJSwefiyhxmdnMbSMWMaNU7Pxx/HHRtPcWnj97pMbGPG69rT6HHEWDFdrsXrbXw3soiIiIiIiIhIY2gJfxDFmmPo37m/0THC5n+u/R9SO1zC8ltubdQ48RdeSMeRI/kkCMVTgHNaWfAeKA7KWGKc2O534POajI4hIiIiIiIiIi2cCqhB5PV6uaXPLUbHCIv/3PoKHbYcYHVGZqPH6vPUUyzcGrxOw9bR4N6zKGjjSfiZY7piie2CzxecorqIiIiIiIiISEOpgBpkh2oOMeaCxi1nj2QdYzvy7rh32f/uXEom/b7R4/V/9lnKK3zsrAzevrFmkwnXzk+CNp6EX2zijXi8+noSEREREREREeOpQhFkUX4rd/S9w+gYIXGd7Trybsljbfbj7Ch4pdHjdUtPx9K1G4t3BK/LMKmtGZ9P+2Y2dTFdf4LXq+5TERERERERETGeDpEKMr/fjxULg7oOYkX5CqPjBM3jwx5nWNfLG31Y1GHm2Fi6jRvHuz/UBGW8w7rEm/FVbQ3qmBJe1jb98Jus+P3B60oWEREREREREWkodaCGQKw5tll1oT5z/TNcGnMBK24L3me6qKCAlT8Gv1O0Y5wZz/7mU7huiWK73YrXF2V0DBERERERERERQAXUkPD5fFzQ4QI6x3c2OkqjvX7767T6YRtrxj8YtDF7T5vGQZ+VjfuCv0Q71mLCtevLoI8r4RPVfjBer9foGCIiIiIiIiIigAqoIWP2mbjlwluMjtFgPdr24L273sOZ/wqb//CnoI3bMS2N1v368/nW4BdPW1nBZALP/uVBH1vCo1VSFl5TK6NjiIiIiIiIiIjUUQE1RPw+PzdccIPRMRrkjpQ7+Of1/2TVz37OznfeDerYvbKz+XRzaA556tHWjM9bFZKxJTxaJd2Dx6PDo0REREREREQkcqiAGkKVrkqutV1rdIyz8l8j/ou7et/BshtvpGb79qCOfVFBASW73VR5gjpsnYR4C96KktAMLiEXe+44vJ4Q/XCIiIiIiIiIiDSQCqghFOW3cmffO42OUW8vjnmBFF8XVt45Nuhj98zOxh3bmuJdoesubBdjwr3n25CNL6HVKjkTt8dvdAwRERERERERkWOogBpCfr+fWGss/RL6GR3ljN688w3My9ay9hcTgj52XO/edLzqKj4pC+3S7GiLCdeuopDOIaER0/VGfF4t3RcRERERERGRyKMCaojFEsPoXqONjnFKfTv1Zc5dc9g+6wVK//q3kMyR8te/snBbaPY9PaxjLPj9PnxVW0I6j4RGq/PG4/Hq60hEREREREREIo/V6ADNnc/nY3DiYPp26suaXWuMjnOMnw78KXem3MF3d9+N9+DBkMzR/9lnKa/wsbMitEuzu7ex4PMcCOkcEhrRnUfj95vx+7V8X0REREREREQij1q+wqAVsTwy9BGjYxzjj2l/5Jbk61l2400hK552u/dezF0SWbwj9EuzE+IteA+sDvk8EnxxPX+OxxdldAwRERERERERkZNSATUM/H4/cZZWjO4ZGUv5827Oo2dFPCvH3R2yOUzR0XS7+27mbfKGbI6jxUeBe8/isMwlwRN1znD8phh1n4qIiIiIiIhIxFIBNUxiiOGXl/3S6Bi8fedbuL5czLpfPxrSeQa98grFP4Z239OjWcwmanZ+HLb5JDhaJWfi8ar7VEREREREREQilwqoYVTjqiFrUJYhc1/W7TLm3DWHzU/9la3/eCakc/X+85855LNSsi88p6p3b2PG7/eCzxWW+SQ4YruPA2tndZ+KiIiIiIiISETTIVJhZPVbuO7863hv7Xvsqd4Ttnl/dsnPuMF2HUvHjAn5XB1HjqR1/wHM2RC+7tOu8WZ81T+GbT4JAksccT3HU13tMTqJiIiIiIiIiMhpqQM1zExeE78e8uuwzfe3q//G6C5XsvzmW8IyX68nnuCzzeErngKcE2fGvf/7sM4pjdOmz3/hdoenQ1lEREREREREpDFUQA03n5/zO5xPv4R+IZ+q4JYCOu90sere9JDPBXBRfgEbd7upDHNTYawV3Lu/Cu+k0mDW9oOxtE7B61UBVUREREREREQinwqoBoghmkeGPBKy8eOscbw77l0qPpzPhif+X8jmOVrPxx7DHdealbvCWxSLNoPZZMK955uwzisN16bPf+H2xRgdQ0RERERERESkXlRANYDf7yfeEsc1va4J+thXJV/Fa3e8xvrf/Z7t//6/oI9/Mq1sNjra7XxSGv6Owh5tzfi8NWGfVxqmVXIWXr9FB0eJiIiIiIiISJOhQ6QMEkUUd6TczicbPwnamL8e8mvSzh0RlsOijtZ35kwWbQvvvqeHdWljxVe13pC55eyYojoQ230sNS4VT0VERERERESk6VAHqoHaRLXhv0f8d1DG+vu1f2dY24v47tbbgjJeffWfNYsfK3z8WGFMUax9DLj3LjNkbjk7bVKm4PYanUJERERERERE5OyogGogi9/C+e1tXH/+9Y0a57XbXqVd6V7W3JcVpGT10+3uu7EkdmPRDuMOA4oyQ43zc8Pml/qxtr8UYrrj86r7VERERERERESaFhVQDRZriiXjogy6tu561s92juvMe+PeZc/st9n4++B0stab1Uq3e+/lg43GtRS2iw78p69inWEZpB7MsbTtPx2PP87oJCIiIiIiIiIiZ00F1Ahg9Vp4avRTZ/XMDRfcwL9u+hdrHnmU8tdeD1GyU7v41dco/tGYfU8P697Wgs9z0NAMcmbtLnmeGpexPysiIiIiIiIiIg2lAmoE8Pv9RBHF41c8Xq/7f3vlb3lgQCZLx4yhauPGEKc7Ue8//YlDfgsl+4xbug+QEG/Bd+gHQzPI6cWd/yh+U3v8xv6oiLl7a5wAAAjTSURBVIiIiIiIiIg0mAqoEcLiN3NRl4sYmTzytPc9e8OzDIo6jxW33RGmZMfqOHIkrQcOpGiL8RWxNtHg2rPE6BhyClEdhxHVcSQef5TRUUREREREREREGkwF1AgS44/m4csepm1M25O+P/v22USvKcXxwM/DnOyIXk88wWebImM5ttVsombnp0bHkJMwWeJpkzIZty/G6CgiIiIiIiIiIo2iAmqk8fiZcfWMYy716tCLOXfN4cfcfEr/NM2gYDAwP5+Ne9xUegyLUKdLvAm/3wee/UZHkZNoe/Hz1LiMO2BMRERERERERCRYVECNMH6/n3hLHBMumwDAuH7jePqamay8/36cc+YYluu8Rx/FG9eGlU7jl+4DJLY2463ZZXQMOYm4Cx7HZ2qN3290EhERERERERGRxrMaHUBOZMXKsO7DaBvdlkvPGciyG28yNE+rXr04Z9Qo3lvnMjTH0TrFWfDuW2l0DDlOdKcRWDteiccbbXQUEREREREREZGgUAdqhIr2RzGky2BWZ95vdBT6zpzJ4m0RsG7/KHFR4Nr9jdEx5GiWNrQ672d4vNr3VERERERERESaDxVQI5jb62PQK68YmqHfM8+ws8pPeUVkLN2HwA+t2WTCvavI6ChylI7D5uCmo9ExRERERERERESCSgXUCOfyeBiYm2vI3InjxmHt1p2F2yOneAqQ1M6Mzxc52wkIdBg2j+qqKqNjiIiIiIiIiIgEnQqoEc4P+OPi6PPXv4Z3YrOZ7unpfLAx8k5S7xxvxle1zegYUqv95a/jcuvEKBERERERERFpnlRAbQL8ZjPW7t2x/fa3YZvz4tdfZ9VOd9jmOxsdW5nx7FtudAwB2l78Ah5/PH6/yegoIiIiIiIiIiIhoQJqUxEVRasBA0i8886QT3XBH/9IhT+KDXsja+n+YbFWEy7nF0bHaPHa9P8rfmtXfH59jYiIiIiIiIhI86XKR1MS8//bu5fQuKo4juO/uffOnfdk2mn6TDWxJqVVk7YWX62iEtFNcSMUhFJciI+NK7WVCiJuipu6EDdCKYKguFBBRNC6EJSiiLboRpT6qJimWmvTZGbuPee68IFSRG0zc+6d+X42WWTmnh9zJ1n8+J97Clq2Y4fW7N7dtSWWbN+u+tQmHf42fVv3JamS/+1nfPaY2yADrrL+Mak0LpMErqMAAAAAAAB0FQVqxiSlkprT010rUdc9+qjeOZ7eA5pG6r5MfM51jIFWHntAXn2rTBK6jgIAAAAAANB1jI9lkC0W1ZyeliSdOHRo0a47eeiQjp+ONJfOR59KkpZXfNm5L1zHGFiV8Uek6lUySdF1FAAAAAAAgJ5gAjWjbLGo5m23ac099yzK9UYfekimUtcns+k+Tb0eStHPH7mOMZAq4w/Lb1yjxG+6jgIAAAAAANAzFKgZZgsFDd1wgy5//PGLuk5pdFTN6Wm99XU6D436q7yfU+fk265jDJzalU8rV79WcVJ2HQUAAAAAAKCnKFAzzms0VN64URNPPXXB19hw4ICOnIgXMVV3LCtJUiLbnnEdZaAMXX1QSXFcNkd5CgAAAAAABg8Fah+wQaDixISueO65//3eK559VrMLiX44l/7p09U1X6Zz2nWMgdK47lUZb1hWHBgFAAAAAAAGEwVqn7C5nLzhYW1+6SXJ+2+3ddXOnQpWj+iD79NfnkrScMVX/Msx1zEGQi5saumN76pjQtmEfxMAAAAAAGBw0Yz0kSRJFHmetr72msKVK//19Wt27dIbX6V/6/4fyoEU/XTEdYy+51fXq7H1BbUWFqR0nykGAAAAAADQdRSofajVamnD/v0avuOOf3zN5pdf1mcnox6muni+l1Nn5k3XMfpaOHyLalfuV7vjOgkAAAAAAEA6UKD2KVMua/Xu3Vq3d+95vxt/8kmdU6gvTmdj674kra15Smx2pmWzqLrhCRVGH1Qn5nmnAAAAAAAAf6BA7WMmCFTZskWTBw/KK5UkSY1t21Sb2qTD3xrH6f6fFVVPpvW96xh9yS+PqnH961J1i0xScR0HAAAAAAAgVShQ+5yVlNRq2vTii6pv3qzL9+zR4W+ytXVfkpolT/GZT13H6DvFkZ2qTz6jThTIJoHrOAAAAAAAAKlDYzIAkiRRJ461bt8+/ThvNZfB51sWA+nsqfdcx+gr9ckDUvESteO86ygAAAAAAACpxQTqAImsVS202jFe0IpKdm59MZByuZzinz90HaUvBENTWrL9bdnCuGJbdB0HAAAAAAAg1ZhAHTA2jmXjWFevLOjHlq8jJ9K/nX+k5smalusYfaE89oDCFber3epIyrmOAwAAAAAAkHrZGUPEorJRW8vCWHdOhFpTS/fXYEU1kDn3pesYmRYMTWloy/Pyl92uThy6jgMAAAAAAJAZTKAOMGOMjDGaWl7QWMPX+99FsonrVOerh4miUx+7jpFJuaCqysQe+dUJxUlVSQrvLwAAAAAAQJqle/QQPWGjtupBrB3jBY02fNdxzlMIPHVmD7uOkTnFtbvUuOYVqTKpyFKeAgAAAAAAXAgmUCFJssaobRa0sRlqVTWvz2djnWm7b9yWFKUkSWTnj7uOkhn5pdepun6vTJyo3bHizxwAAAAAAODC0azgb2zU0ZLA07aRvM50pKMzsc523BWpq6u+bPSLs/WzxCssV2X9PnmlUbXjvBg5BQAAAAAAuHgUqDiPtVaybQ0Fvm66JK+fWomOzcSai3pfyC2v+jJnP+v5upniFVUauVvFkbsUxTlFJpFEeQoAAAAAALAYKFDxj6wxkjFamvd186WBTi1IR09Gmo96l6Gal1qnP+rdghnihcMqjd2rwvCtiqL49+36FKcAAAAAAACLiQIV/8r8XqQ2Q1+3joaanU90dCbSQtz9tX0vp/bMW91fKEP8yjqVx+5TfmhSkcmp1eq4jgQAAAAAANC3KFDxn/21SJ2+rKAf5oyOzcRqme6st6rqKbFGsvPdWSBjgqFNKo/dL6+0VsYGarW79MEDAAAAAADgT78CfZMo7NMnSSYAAAAASUVORK5CYII=" height="600" width="800" />
6--->6]]>
  </system-out>
</testsuite> <!-- testcases.DashboardTest -->
