<?xml version="1.0" encoding="UTF-8"?>
<!-- Generated by org.testng.reporters.JUnitReportReporter -->
<testsuite skipped="0" hostname="LAPTOP-JEI8AS0O" name="testcases.MyInfoTest" tests="2" failures="0" timestamp="2022-04-03T14:09:37 EDT" time="10.965" errors="0">
  <testcase name="getMyInfoSideMenuItems_005" time="5.831" classname="testcases.MyInfoTest"/>
  <system-out>
    <![CDATA[<img src="data:image/png;base64,iVBORw0KGgoAAAANSUhEUgAABVAAAAJcCAYAAAAfG4+9AAAAAXNSR0IArs4c6QAAIABJREFUeJzs3XecVdW5//HP2nufMmd6Y2aYQhk6SLWgCAj2qNGosQfFkptrbmKuJDfRJJabq6ZZEn+5iTE3GNTYxYKJGAUVVBRpIgxIEYY6c6aX03ZZvz/OmYGBGQYTpSTP2xeRmb332muf2f6R7zzrWUprrRFCCCGEEEIIIYQQQoh/MbNmzer1HOMQzEMIIYQQQgghhBBCCCGOShKgCiGEEEIIIYQQQgghRA8kQBVCCCGEEEIIIYQQQogeSIAqhBBCCCGEEEIIIYQQPZAAVQghhBBCCCGEEEIIIXogAaoQQgghhBBCCCGEEEL0QAJUIYQQQgghhBBCCCGE6IEEqEIIIYQQQgghhBBCCNEDCVCFEEIIIYQQQgghhBCiBxKgCiGEEEIIIYQQQgghRA8kQBVCCCGEEEIIIYQQQogeSIAqhBBCCCGEEEIIIYQQPZAAVQghhBBCCCGEEEIIIXpgHe4JfF4aY01Ut+5gS/NWtrftZGf7LhpijcTcGJ72QKdOVOBpzaSS4/n66JkYSjJkIYQQQgghhBBCCCFE947qADXhJlhdV8WiHe+wum4tjfFGXJJhqUKhlAJAKVBaJTNUBbZnM6HPOAlPhRBCCCGEEEIIIYQQB3TUBqhVDRt4ct0zrKxfDRoMFMowsDCBZJWp67nkBnLw0LTbbSilcDyHsQWjGVc0+jA/gRBCCCGEEEIIIYQQ4kh3VAao6xs28uN3/wfbS2AaFkppdKrq1NMejueQH8znlNKTSXgJ3tm1JFl9qjUecNWwS7GMo/LRhRBCCCGEEEIIIYQQh9BRlyK2xFv42Yf34XgJLMNEJ5NTtNLYnkOWL4NLBl/IsLwhLN75HvO3vo6HxlCKhJtgWulUhuRWHu7HEEIIIYQQQgghhBBCHAWOugD15c2vsitSS8gMdn7P9hwsZXHhwPP4cuWXaIw18sCK31Ldug3LsFKVqRqf6WfGiEs7e6MKIYQQQgghhBBCCCHEgRxVAWpTrJlXtrxGwPCjAa01rnaZWHw8lw+9mIqsMl799HUeXvMIAD7DQgNKKRJOnBnDrqAgVHBYn0EIIYQQQgghhBBCCHH0OKoC1I1Nm2lOtBA0/NjaIS+Qy/Ujr2ZS6QnE3Ti/WfF7Xt++EFNZGBhoNEqB4zn0y6rg3MqzDvcjCCGEEEIIIYQQQgghjiJHVYD6SeMGtPZwtMsppZP52vDLKAzlUxdt4Ocf/op1jeuwlA+l2NMbVWs0mm+N+QYhX9rhfgQhhBBCCCGEEEIIIcRR5KgJUD3t8VH9Wkxl8s3RX+e0flMxlEFNey0/+/ABNjRtwm/60BrQyWsUEHFi3HjM9QzLH3w4py+EEEIIIYQQQgghhDgKHTUBatSJ4jd83DHxViYUjQEgHKnnjiU/ZUfbTvyGD0j2O+1IUaNOnAsrv8yXKs84jDMXQgghhBBCCCGEEEIcrY6aANVQBt8a+28UpjaBsl2bX634LdvadiQ3lVIatO7cWMpQBpcNvogrhn8VU5mHefZCCCGEEEIIIYQQQoij0VEToKZZaaRZyR6mWmv+vO5ZltYuI2ClEcNBaYXf9FOaXsLxfcZxYsnxDM7pf5hnLYQQQgghhBBCCCGEOJodNQHq3jY3V7Ow5gNOLJtC/7QC+qeX0Ce9iML0IgpCBShlHO4pCiGEEEIIIYQQQggh/gkclQFqeUYxf5j6U5Tr4LXXYUWb0Qkb7daC66CDOSh/6HBPUwghhBBCCCGEEEIIcZQ7cgJU7aHjbWBHIZCB8qVBD5WkvubteGtewVu/AKdxOzGtk5tHGSba9GPmlWGUjcWqnIxZcgwqkHmIH0YIIYQQQgghhBBCCPHPQGmt9eGcgG4PY29ahLtpEW7dZkhEIZiFmVuOWTIcs/+JmIVDwArsuSbWjNe8A91ai9dYjbtjFe7uKrzWMHSEqQAojMJB+MdegDXiHJQ//fA8pBBCCCGEEEIIIYQQ4ogza9asXs85fAGq55D4+CUS7z2C17QDDCPZu1QZaM9D4aE1KMPE7DsK37ivYA0+FWUFux1Ot9fjhjfgbHgTe91rEG0Fw0ADSmvMviMJTP53zIrjD+1zCiGEEEIIIYQQQgghjkhHbICq4y3E33wAe+WLYJjJPwCeB9rdc54yUIDWGgWY/SYQmHIjZsnoA47vNW0nsfpF7A8eR7s2yrTQrgNKEZx+E/5xl4Jx5HQvEEIIIYQQQgghhBBCHHpHZICq7QjRF76Ls/l9lOUHVDI01WCUjsQsn4CRnod2HXTzDrzwRtyaT5JL+7UHpo/ghb/EN/DkXu/lhtcTm38X3s61YPpAa7RrEzjhKgJTvw3K/OIfWAghhBBCCCGEEEIIcUQ68gJU7RH92z3Yy59D+VI9TT0HIz2fwKk3Y1ZO2X+JvmvjNW/H2bCQxMq56MYdYFqkffVXWP1P7P2WsWZif/spTtXrYFpoACdB8Mzv4x97yef+iEIIIYQQQgghhBBCiKPDwQSo3W9z/wWxP34RZ9mze4WnLio9PxmGDj2j+/6mpg8jbwD+E64l/ao/4j/ha2jPJfriD9DRpl7vqYLZBM+6DWvYdHBsFKBMH/H5P8Wt3/z5PqAQQgghhBBCCCGEEOKfyiELUL2WXcQW/hosf/IbGtAeaef/FKNw6EGNodILCUz7T0IX/RIdaSTx0QsHd50vjeAZP0QVDQbXBWWAUsQX3Aee85mfJR6PE4lG8TzvgOdprYnFYrRHIsTj8c98n94kEgnaIxFisX98bNu2iUQiRCJREokEjuP0+HwHW7TsuC7RaJRIJEIikfiH53g4eNqjJhIm6sT+7jESrk1tpA7vMO3XJoQQQgghhBBCCCH+fodsJyV7+ZMQbQYrVX3qxPCddC1m6djPPJY1aBqhSx4k9uaD+MdfivKl9XqNCmYRPONWoo/NBDww/Tib38XZvQar75gu59bU1LLk/ffJzc3B9TwmT5qEZVm0tLTw3Ny5zJ8/n5bWNh584AEqKwfud68dO3eyaNFi3nrrbT7dsoVYLEp+Xh6jjjmGKVMmc/JJJxEIBA4438amJt57bwkZGRk0NTVx8qSTyMvLQ2vNylUf8eqrr7L6449pamoiFEqjcmAlU6dOZdopU0lL6/3zAGiPRFi+YiULFyxgxcqVtLe3g1KYhkFubg6FhX1ID4UIBoOEQiGaW1uoqw3zrW99ixHDh3U7pm07rFy1kjffeoslS96noaEBrTWZmZmMGD6cU089leOOO5bcnJxur/+kcRMf7P6QDCud+lgj4/qMYXzRgTcNA/hg93I2NW4mYAaoizdwdr9TKc8qY9nuFawIr8bVDrn+HKJujHY7QkuiDReHkBWiKNSHobmDGZE/lLR9qqDbEm18a+H3OK5oPLMm/AeG+my/c9Bo/u/jR1m0413un3o3Rel9PtP1QgghhBBCCCGEEOLwOiQBqm6vI7F6XnIjJwCtIZCOf9zf34PUqpxKWigvOdbBXlM8HLPfBNyty8G0UEphf/TSfgHqx2vX8N3vfhcNTJx4AtOmTmXX7t1848Zvsubj1ZiGiTIM/PuEoG1tbTzyp0f5f7/5f/h8PkaNGkVFRTmJeJzly5ezbNkynnzySaZMmcKdd9xB35LiHucajUa59Yc/JBKJYJomL7/0IsFgkJ/+/Oc88cQTKBSWz0J7mngiwapVq3j++ec5YeJEfnrP3ZSVlh7ws1iztorbb7+dDz/8kP4DBnD9ddcxfvw4TMPko9WrmT17Nu+++y6ZmVl89atfxXFc6sJ1NDU3E493X425/pNPuO+BB3jj9dcxTYvLL7+ciRMnkhEKsXHzJubOncsTTz7JsOHDuOO22zjpxP172MbtGI+vfwafYaG1ZmBOvwM+R4fa9jBz1j2BL/WOnVh8HOXAyvDHPLfpRdLMNDw8rhxyCeWZ5SS8OJuaPmXB9reJuzEs5aN/ZgWzJnyL8qw9n11tpI64F+ftHe9y/sCzGZI3+KDm02FHy07mbfkrljKJO0dnFa4QQgghhBBCCCHEv7JDEqA6NVXo9gaUL1Xd59pYI8/GyPzHqvHMkmM+2wWGhTVkOu7WDzu/dje/g441o4LZnaelh9Lx+XzYts2gQYOIRKL8xzf/g1UrVpCbn4eTsIkn4qSHQp3XRKJRvv6Nf2fZsmX89J57mHzyyeTk5mCZJo7rUlNTy/0PPMBLL73EwoULaGlu5tE5f8Lv93c71fRQOoWFhVRXV5OVlYXf5+c7N3+XT9av456772bUqFHk5eZR31DPwoVv8pv//V+09ljy3nt869s38cTjjxEMdtNTFlhbtY5LL7uU1pZWLr30Um6/7cekp6d3Hh86dAhnnnE6//X9W/jbG3+jva2d79/5XQKBQI/L+pctX8E1115LW2sLQ4cO48Ff/5rBgyo7j5988iSuuOwynnn2OX70ox9x9TUzeeh3v2X6tGldxnGVJmD4MQ0DrTWm8h34Z5rit/z4TT+mMlEo/Gbyc7UMC7/hR+OR5cvgvMqzCO5VZXp+5Tn8Ytmv2dpazebWT7lr6S+5f8rdpKWqmhvjzcmWBQrmbnyF7x337YOuQvW0x6PrnkKh0EBLovWgrhNCCCGEEEIIIYQQR45D0gPV3boUtVfopNFYAycB6lDcvgsjfwC6477KwGurw2vd3eWcgvx8HM8FID0tnd//4WF219byx9mzeeH553n22We44447se09FYWtLa20NLfwyssv85ULzqegIB/LNAGwTJPSviXc9ZP/5pRTTsE0TT788ENemvdKj/O0LJO0YAClFJZp8sMf/5iA38fLL73IxRddxLChQ+nTp5Dhw4Zx479/g/vuvRetIZiWxooVK3hjwZvdjhuNRvnu975HPB6noLCQH3z/v7qEpx2ysrK4639+QnZ2Nn9+4nEe/sMfkp+fYWAYXV+bhoYGbvzmN4lHo+Tl5fPQ737XJTzt4Pf7ueLyy/jSOefguS7fuPFGtmzd2uWcTCsdpRRag4cm15/V42e0t6DhT71OGqUUGb5UuG0olDJQKJRhEXO7VoGWZfblG8dci9YePuVnR/tOVtet7Ty+u313MpA1LN7d/T6bmz49qPkArK1bxzu73sdvJMPc2mj4oK8VQgghhBBCCCGEEEeGQxOg7loLxp5iV2VYGDl9D8Wt96dMlLlXVaMGL7ypyynNLc1YpkkgEGDui3N59dVXefaZp5l+ylT6VVQwdMgQrrjsUoqKijqvSUsLct99v2RQN8Fhh0AgwI3//g0c18PyWcydOxfbtrs917IsTJ8fpRQNjY2sWbuWe+6+i8zMzG7PP/OM07nqqquIRqMEAn6ee+4ZHGf/DbI+XrOWdVVVgOLLX/4yeXl5Pc43Pz+PU6efit8f4Le//R27a2r2O0drza8f/A3hcC2u53HTt79Nv4ryHsdUSnHD9ddjWiau4/Cb3/xvl02pHO0AChQYyiCuu/989hWy0pLdHJQCpbB1MgDPtNLR2sPVmoDhw2/sX3TdN6OYdF8GHh4GBltbqzuPtcRb8fBAKzSap9Y/j6cPvHkYgOM5PLruKQylOnJdGmNNB/UsQgghhBBCCCGEEOLIcUgCVN1eB50VqDpZARrsfhOhL34yXjJkIxnaKcPAa+haBalJhncoRW04zPe++z1KinvuVwrJis0hg3vvj1laWkpuTg5KGWzbto1YPN7teaZpkh4K4Xke8Xicb//Hf5CRkXHAsS+5+OLOa9dWraM9EtnvnKVLl6YqSDVjxozZ7/i+hg4ZgmEYxOIxlq9Ysd/xXbt38+RTTxIMppEeCnHGGaf3Omb//v0oLi7G5/Pz6qvzaWho7DxmGtael1JD0DzwZlsdIl4CnzJTy/4NQmZymX6uPxtHuxhKYSmD7qqeXc9NvhIkq17zArmdx2qjdaBTVdPK4oPa5Wxu2tLrfD7cvYKPG9ZiKRNU8vqmRMtBPYsQQgghhBBCCCGEOHIckgA1WRrYUWWYSqqijT2d/cVSBjg2ewdpOt41aPT5/Gg0ruNQWlrK8ccd97ndPuD3k5+fj9YejuMQP0CAmhYI4LoulmkyZnTvO9Hn5eeRm5uL9iASaaetrW2/cz7dsgXLZwGKzIz9l+7vKyMzs3Ojrh3bd+53fNGixdi2jeu6HHvsBAoLCnofMz2dyoGVaK2JxWOsXbtnyXyaGUy+KVqj0Z1BaG/SzCAeHlprFIpAqgdquxvBUiaGUni6o8K1q9pImNZE8rMKGD7G9xkLQNxNsKt9N6ZhkoxAk/88tu5p3FSFa3eidpQ/VT2BpSxMlax4VUoRjoTRHPymZ0IIIYQQQgghhBDi8Ds0Aaoyu37t2Xith6cfpI42ofdegu15YHbdqKijd6njuowcMYLQXptF/aM8rYlGI533sazu9/HSOtnLUylFIBgkP7/npfZ7zzs/Ly8V80Estn84m5+fj+smg0bP7X0pelNTI8pQyT6g/q6fk+d5fLB0KaZp4jgOJ5wwEdM0exhpr3laVjLo1RrHsWndK+j1pd4VDV02g+pNhi+tc7MnRbKSFaAl0YZlWKljBtY+S/hbE208tu4pNBrHc7huxAxy05LV0a7nUBetB+Cc/mcRNANYymRpzTI2NHRt+7C393YuZVPLpwzOqeSCynNxPBeFoi5aT8I9uJYEQgghhBBCCCGEEOLI0H169zlTGfl4TdtRnUGqwt36Ab7BpxyK23fhhTem9kRP1cQaBvtuqm6aJujkSv/09HRM8x/LmbXWNDU3s3HjJh7/8+PU1oYxlIFhGvh93e8yr5SiubUVv9+PYSiMgwgmPc/DdmwMI7lpUiCw//L3YyeM56Hf/Q7TMtm6bVuvY27csKmzt+iQIUO6HEskEmzevBnDMDBNkzcWLKClpZWGhnoys7IJBHwEA0E87RGLxonFY0SjUfoUFvLhsmWYpkl7e4K21r0qZVNr6VXqf57Z8AJ90gowDYtWpw1DmQTNIAYGUS+G69mEzDR2RWpQyugSogIYqfE6fuIJN0HQDNASb2VdwwYerXqCT1u3khvIZsawKzi9/7TOqUTsKM2JFlzP4Uv9T8dv+Hhy43NYhsUf1szhZyffmapO3SNqR5mz7gksZfLVwRcQskI8teE5TGXSkmghakc7q2OFEEIIIYQQQgghxJHvkASoZp/BeNuWA8mwSZkWzrrX0Cf/GyqYfSimkOTauFs/gFToldzcx0PldN30SKlkxKo1GEbvweW+Ghub2LJ1C5s2b+aT9Z/wycYNNNQ3kkjEGNB/AHl5eTTU12P2UoHaUYVqGAbt3SzH35eXuqbjGTK76Zk6fvx48vLyaG5p5o3X3+DqGV/D18McWlpbeevtN1FKUVJSzKhRI7scb49ECIfDycBWKerqwry96G1C6emkh0IEAgHi8TiWaeD3+3EcF8d12LR5M/369aOiohytNSUl+/SXTbWoNVB82rqVmlgYAxO/6cdnWLieR0LboD209kiz0miKN++5dr+xdKoCNMyP3v0fsn0Z1ETraIg1MKZgNKdWTOOEkgmUZpR0uTQcrcPBxW8GyPCnc/aA03l641xMw2Rd4yd8FP6YcUVd+8jO2/wquyI1jC04hmOLxrG5eQtGalJNdutBbUAlhBBCCCGEEEIIIY4chyZALRmFrZ/a8w1l4LWGsT9ZiH/0BYdiCgC4zTtwd66BvZdxaxejeHiX85J9NFN/9w4+8NqxcydPP/MMTz/9NI2NTQwaNIjTTz+dGVd9jfLyMkpLS4lFo1xx1ddoaKjHsnxEIhH8/t4rEpXaf/Oj/c6BVOWswu/3E4vHyCaryzl5ubnceeed3PSdm/hw2YfMm/cKX7ng/P3G8rTm979/mLr6ekzD5LbbbtsvkPVZFolUD9dIJMLtP76Nk0+e1GWuhmF0CYM7Al6g8+/JTa32ktq0CRTfGXsjA3P69/rsa8JV3Pref7NfgqpBp0LUnGAeoFhVvwZLWVimxWVDLmRofvebfzXGmnBcm/xQHoZhUBDI57Tyqbyx/W1MZfLHtY9xX8EIfKkWEI3RRp7e+AJKwdXDL8c0TDJ9maAUCrDdBC2JVvLScru9nxBCCCGEEEIIIYQ48hyaALXvMeALgufuWaJtBYm/+QBW5SSM9MJDMQ3sj18GNwFWkGSypiGYjbFPoOV5XnIZuEoGiQdjzdq1zLz2Wmpqaqno14//+78/cOz48fsto29paaG9vR2AQCCA2jc8TFFKdW7edLBM08Sf2njK5/P1GLp+6eyzaGy8gwceuJ9bf3grLa0tnHH66eTm5KC1pjYc5o9/nM0jjzxCXl4eP/zRDzl12rT9xtGAlWpBYJkmkUi02x6oHb1cO5/roChc7eI3um9xsL9klel+31XJXqoemjQrxA8m3MSDqx5ibcM6HNfhlyse5GeT7uw21NzVvhsPTW4wm4CZ/DlePPgC3trxLhrNpy1beWfHEk6pmAzA8xvn0Zxo5qSiExialwxl/aaPkBkk5sbR2qMh1kj/7IqDfCYhhBBCCCGEEEIIcbgdkk2kjOy+GP1PQHt77YBumBBtJTb/bvQh2FjHbdqG/eGTYPrp6IiJ52KWjsJI77pzvLd31elBhJgtLa3MnHktDQ2N9C3ty+OPPsqkE0/stgepYzs4joPnaQJ+X+eGVfvSWpOekY7jOPvPqQeGYaIA13WxLJNQWvebXxmGwdeuupJf/erXKGVw9913c9XXZnDdDTcw87rr+dqMq3nvvfe4edYsXn7pJS6+8MJug8+0YJCyslJcNxmM79i5vdc59kbvs8Td0U4PZ3blaDf5F9UxTqq6VSerXg0g5kQozujDd8b9O1n+ZGVuTaSG+1b8Brubd3B72y4MFNn+LIxUo9zSzL6c0/9MbM/GUhaPrn+auJugtj3MS5/+BZ/h56phl3T2RlXKINOflXzjFNREaj/bByKEEEIIIYQQQgghDqtDUoGKMgkceymRDW/u9U0Nlh93wyLib/yM4Kn/lQo3P3860Ub8tbvRThxl7lXRqF18w8/s7InaIRlWKkAdVAXqGwveoDZci8/ycfFFF1NRXnbA8z3PxfM8TNPaf/l6ilIKy/Lh2Dau309GN/1M9xVPxLEdG6XANEwsq+f+re9/sJQ7f/ITZs68lssu+Sp+v49wfT1aawry8snNzSEYDB7wfn6/n3HjxrNi+QpQirVV6zuX6v+9bM9NVv+mPnbHPbgANeImn1uTDEztVFhfEMzH9mx8pg8FRJ0YxelF/Pi47/G9d36MpSxWhVfzyNo/c/0xMzqrWF3PZXekBo0mP5jfGaACnN3/NF7ZOh+0pjZSy183/40d7TuJuTHOrDiVytyBneeGfEEyfZnURGpx0bQmeu9lK4QQQgghhBBCCCGOHIekAhXALB2HVTYW9g3ELB/2irnEXv8ZOhH53O+r7Six1+7C3bJ0n/DUg1Au1sCT97umo9pTKfC8AweoWmsWLX6HQCAISlFWWnrA8xN2Asdx8fv9RGPRLj1B951DIpFItTzQhELdV5PuzXUcbNvGMi00mniqP+m+wuE6vjbja7i2zbe+eSPl5WUUFRUxasQIjhk5kpKS4l7D0w5fPu9ctEqGqQsWvEFtbfigrutJuxtN/kUpFIpW5+DeCcdLoDAwAE97RN0YkKxo1SQ/T1OZ+FTydwZD8wdzw8iriXsJ/IaPFza/wuLtSzrHizoxaiNhFAbZ/swu9+qbWcKZ5adiaxe/6WPOuid5Y9tbWMrivIFndwmQfYaPDH8o2dNVaxrjTX//hyOEEEIIIYQQQgghDrlDFqAq00/glG93HxhafuxVLxF94Wa8uo2f2z29ll3EXr4Fe+3rYHbtpakdG//Eq1Hd9L50XCdVh5jaDr4XiUQidb6mpbXlgOf6LB/t7e0opXqsPgVwHIf29nYsy0RraGjsPXjTWqeW0yc7DyQS3bdGmPvCC9i2Q0FhAT7fP1aEPHzYME6bfirxeJy2tjYefeyxz3R9XV1dl3fCb5h42kMByejz4PrAhqxgarl/st9pwks+e12sCZ9holRymX/H9wHOGXgm08umdoao96/4DZsaPwWgIdZIc6IFZUBOMGe/+3258myCRiDV4UGT8BJMK51MZc6ALucZyiDLn4VGYyhFTXsYt6PdgBBCCCGEEEIIIYQ44h2yABXALB2D/8SrwY51c9CHu2UZ7Y9dR+LDx9Ftf3+vSB1vw/74RSJ/vh5n4+Kulaco8ByM/Ar8Yy7qYQCNp5OBVzyR6LFKFJJL7cePG0sikcA0DN5a+GZn39J9xRMJ7r//fhzHwXXdAy7hdxyHWDzWuXN9NNp7JWYsFicWi+N5GsNQZGZ2v+w/Ho9jWRZVVet4ad48wnV1RCIRHMchEokQjUaJx+M9PsfeDMPg9ttvIysrC9M0+cP//R9PPfNMr9dprXnm2ef47UO/71KxGXcSqNQyfM3+PVF70hhrxsQANFqDTyXbFzg6kYpgFQk3gbHXvQxlcP3IGRSl9UFrD1e73LX0l7Ql2km4CRJeAqUVOal+qXsryShmevlUbM/u3Gzsq0Mu6LLUv0NuMBuNRmFQE6096LYEQgghhBBCCCGEEOLwOzQ9UDspAhOvxd26FHfnGpQVYE+FoQbTAidO/I37SCx7Et/o87AGTcPIKUP50g48tOfiNe/A2boE56OXcGvWAypVebpXAKpd0Jq0c3+C8qd3O1R2dg6O62AaJo7d+wZXZ591Nvfd/wCu67J02TJ++9DvueG6a7ssg1+3bj13/vd/M3LkSAYOHMjWrVuorq6mobGRviUl+43puC52woZUmNhTNeneQukhEvE4Wms8T/cY/E6fPo1fP/ggiUSCW2+5lbz8fLKzswn4/WjA7/MRCAYJBAIUFRUxYvhwTjrpRAb079/teCXFxfzh4Yf5xjf+jYaGRm6//Xa2b9/BFZddSsk+z5awbdaureKPs//ICy+8wEO/e6jL8bgbx9MelmGitEebHe31uQEsw8TWDn6V/Hk3JVoopS+i0U9qAAAgAElEQVRxNxWAq2SA6u6zGVd2MIvvH/sdZi36IT7DRzga5ncf/ZFhuYPRWmMqs8eerhcNOo+/VS8g7toc22cc5Vnd974NmAEMDJRSNMQaiDhRAtb+G4wJIYQQQgghhBBCiCPPIQ5QQfnTSbvgF0QevxbdUpsMTbucoMDyo1triS/6PYl3ZmP0GYRZPAKjsBIjuwSsYLKXqmmiW2twG6pxd63B210F8XZAgdHNo2mN9jyCZ92CWXJMj3PctWsXruMQt2PYiURqw6eeN2QqKSnmFz//OTd95ztorfnVrx7gncWLOWHiCfgsHx+t/ojlK1Yy6z//k8suvYQhzw7h+z/4AQ319Vx/w9eZMnkyF110EYMHVXaOGYvGqKnZ3dnHtK2ttdfPtrGxkYSdwE7YNDU2EolESUvbP3geMXw49993H79+8EG2bdtGOBympqYmufwfME2DZOaoMJRCGQaBQIDLL7+Mm779bULdjDl+3Fiefuppfv7LX/D662/w4K9/zZw//YnJU6YwcMAAQunpNDc1sfTDpaxe/TH9+/fnT4/8iSmTu/ag9bSHpz00Jhqw3e77uO737LHmVPWnSrYASGXHBgaOdgkok7hn0xhvIivQtafpkLxBzBx+JbOrHsdv+lm8cwnv7/4Qv+HHw8Pq7l0C+qQXcnrFNF7Y/AqXD76o2+pTgHQrneT2Voq4m6Au2kBuN20BhBBCCCGEEEIIIcSRR+kDrU//ArnNO4g9dSNu0459lth3w/MguQ0PkAz2UArdUU2YqjBUykhtutQNrdGeQ2DqjQROmAn0vFP8hg0bee75ueQX5OO6DjOvvppAoPeKwVUffcSjjz3GkiXv01Bfj2GaZGdnMX3aqcy85moGDkz2x3Rdl3mv/IUPPvgAwzA49tgJTJk8mdzcPf1Yd9fUMGfOoxQUFFJbW8t5553DyBEjDnj/DRs3MveFFynILyBcV8f1180kPy+v23Nb29q47/77eeKJJxgzZixDhg6hpLiE/Lw8mpqaqKmtYcP6DaxYtRLHcTBNk2g0whVXXMmdt9/WY6DsOA4ffbSaeX/5C+8sXszOXbtwHAfLNEkLhZg06STO+dI5nHTixG43xtrRtpua9hp8pg/HcygK9aFvRnGvn/2mpk9pS7ShDAPXdRiQ3Z+cYDafNm2lOdGCYRi4nsvwvCEErf03yIq7CZbXrCRkpeEz/aRbQRKeS7vTzoCsfmQH9l/GD9ASb2VTyxbGFIzsMUCtjYTZ1roDn+nD9VwGZvfvcTwhhBBCCCGEEEIIcejMmjWr13MOW4AK4DVVE3vlDtztq8DyQaqH5YFoukaf+37d/Y2SlZWBad/GP+EK6CHo6vGeWve4jLu7c+vq6gmHa0kLhehTWEh6evetAg6XJe+/zy23/pD8vHzuuON2hgwehN/v3+8827b5ZONGfvrTn/HBB+/j8/mJxWK89OKLjBg+rNf7tLdHaGxqpLm5mbS0NAry88nKkuBQCCGEEEIIIYQQQhwZjvgAFUDHmokv+SP20ieSlaT7Luk/2HHYN0hN7ePuOhiZfQh+6Xasfif84xM+ylWtW8+5553HkCFDePLPj5Odnd3rNS0trVxz7bWsXbsW205w++23M+Oqqw7BbIUQQgghhBBCCCGE+OIcTID62UoxvwAqmE3wlP8k7bLfYJaPBc/prBj9TOPs/YUGXBs8D/+4Cwld+QcJT4F4IsFtt9+GbSeYdfPNBxWeAmRlZXLFFZdj2zamYVJXV/8Fz1QIIYQQQgghhBBCiCPDId9EqidW+XGYF4/C3fQmiVVzcbetSgapykQr1fsSeq1Bp3qiGgbWiDPwj7sYs3TcFz/5o8SmTZtZ/dFqsrKyGDCg/2e6tqK8AtM0cRyHfhUVX9AMhRBCCCGEEEIIIYQ4shwxASqA8qVhDTsba9B03N1rcLZ+gLP5Hbzw5mRlqk5uJKU8F4zkjuvJTaMUWH7MPkMw+x+PNWQ6Zn5lzxtK/YtqaGggYdv4A4GD2hSrCwVojWVZDB4y5ICnep7Hjp07sRMJ0tPTKSoqAiAeTxCuC+O6yQrj7KwscnJy0FpTU1NLIpFAa41GY5omfUtKaG1rw7FtCgoKAGhsasJ1nM6vOyQSCXbt2oXruuTm5pGbu2eX+/b2COFwGNDk5eV19mFtaGjAcRz69OkDQFNTE05q7Lr6eiLtETztoVDk5OaQvVf/1vb2CLW1tRiGoqioiGAwiOM41NTU4rgO6GQ/XH/AT0lxcecvAOLxOOG6Ovr06YPf58O2bWpqaykuKsK2HcJ14eRnoDVpaWn0KSzs8ssD13Wpqa1Fa01JcTGGYdDe3k64ro683NzOZ3Mchx07d1JSXNzZ3zYWi1FXV0/fviUYhpGabw3FxcWdm4K1trbS2tZG35KSLp+v63rU1NQQj8cIBoMUp54pkUiwu6YGrTVo8LRHZkYGubm57K6pwVCq89zW1lYaGhrJz88jEAhQU1uL57ponXxnMjLSKSgooKamhoyMDDIyMgAIh8OkpaXhui4NjY1YloVSCse2CQbTKC4uOuD7KIQQQgghhBBCCPGPOKIC1E5WALNsPGbZePzHX41uq8VrrMZr3omONiXDKTuG4Q+h0rJRuRUYef0wQnlgfcZg8F+Iz+/DMk0SiQRNTc2UlZYe9LXVW6qJxWKMHT+OoYMH9Xiebdv8df5rbNnyKbm5uTQ0NjJ61DGcMnUKjY0NPPPcc+Tm5oKnaWpu5ktnnUVl5UDmvvQilmmSkZGJ53mkBYOcfdaZfLTqIz5csYKvX3ctGRkZLF36Ia2tLVx04YWd90zE47w0bx4tbW2YhklDYwMXnn8+/fr1Y/fu3cx98SUs08Ty+WhtbeUr559PeXkZ773/Pg2NjXztiisAWLlyJXX1DVx80YW8+eZb7Ni1i9ycbBzbIRqP8eUvnUN5RTl1dXU88/xc/D6LRDyB5fNx+aWXAPD0c8+Rk51NMBjA8zzycnIpOqNPZ0BZW1vLs8/P5corLqdPYSHNzS08+9zzXP21q6irq+OlV16hKBXoNjQ0MGb0aCaffDKGkey2EYvFePGll2lrb+P6mTPJzc3lnXffY+VHq5h04olMOukkADZs2MjzL77IOWedxdixYwCoqanh6Wef40tnncnIkSNpbW3lmeef5/prriEjMxOtNX+dP58tW6v5t+uv62zxkEgk+MtfX2Xbju3kZGUTrq9n1IjhnHbqqdQ3NPDUM8/SNxXmep7HwIEDOWbUSJ597nlc1+X6a2eSlZXFm2+9RdX6TzjjtFMpKy3j6WeeJS8vj0DAj207DBwwgJycHP766nx8fj+XX3oJpmny+oIFDB86FL/fz4fLl9Pe3k4iYZObk0NxcRHFxacf9HsshBBCCCGEEEII8VkdmQHqXpQvDZXbDyO33+GeylFvxLBh5OTmUFNTy4oVKxg1csRBXReLx3n08UdRhuKHt9x6wOrVlStXUl1dzYyrriIzM5OamhqeePoZBg+qJBhMQ3uaiy64gIyMDN56exFvL15MSUkxjuNwyuTJDBs2LDmQBmUoQBOLxVi0+B3OPutMlKFQ+2wXVldfz9Zt25lx5RUUFhbywdKlNLe04Lour772NwYOGMC0U6ZiGAbLly/nxZdf5vprZ+KzfF3HUip1T0jYCcaOPoapU6agtebFl1/mvQ/ep7SslL+++irDhgxm8sknk0gkeHX+a9TV11NYUID2PM45+ywKCwuTj6F1Z/i55zYKv8/XccvOClPP04TS0rjk4ovx+Xxs2LCBl1/5C2NGjyYnZ09Frc/nw2f52LlzF1lZWezcuZOAP4Dn6dQ4HqvXrKGkqIgVH61i1KiRyapNkq0wXl+wkMrKys5Qt6ODcGNjI7W1YbKzs1j/yQaOP+5YAFasXMmuXbu4OvUz3bVzFx8sXUo8HkcBpmFw0YVf6fJeRCIRTDNZ5VpfX09aWho1NWECAX+y20Zq77ovn3tOMlBP8TwPv9/Hlm3VrF+/nhEjRuBpjedphg8fztChQ3nnnXfZvnMHl1x0EUbnMwghhBBCCCGEEEJ8MY74AFV8fjIzM/ned/+LWd+9mXvvu4/jjjuWYUOHHvCaaCzGbXfcwbJly/jBD27pDNW6o7Xmk02bGDdmT+DXt29fystKWf/JBo4ZNRJlGDQ2NhKLxQiHw2RlZmJZFgGfj2UrV1G9fXtyWX1hIccdeyyup+lXUcGmzZuprq4mMzOTlqaWLvfNy8ujT2EBzzz3PP0qyhk6ZAgDBw6ktbWV+vp6zjrj9M5l7CNHjuTd99+ntjaMYXQTviVzPSzLoqa2lrVrq3Bdl3BtmBOOP47W1lZ219Zy9llnYVkWlmVx4VcuAKC1pRXTNFm0+B0yMjNwHIf+/fozcsTwzuGVYaDRvLVoEQF/gEg0gqc1SikMQ2HbNlVVVQQCATZv/pQ+fQoJhUJ7fcbgsywGDxrErt276dOnENOyKC4uxnUdIFm5Wl9fx+WXXsoTTz/D7t27KSsrw9Me2Tk5+H0Wi995h2MnTMAyzc4d2D5avZoRw4ZRWTmQV159lXFjx2BZFqs/XsP4cePIysoiFosRSg8xdeoULMtCa42nPV5/YwE+n49YPM4pUyYTDAYxTYvKgWVs27aNYDBIIOgnLRTE89zU8xq89fYiQqEQtm0zYvhw+vfvh2GYDB00iDffXkRpaSlpwTQcx0YplQx9U/+2UiG0EEIIIYQQQgghxBdJAtR/MRd+5XwaGur5+S9+wVcuvIif3nMPU6ZMJic7u0uvzda2Nj5e/TH33X8/K1au5I477mDm1Vf3upmX6zhYVtfXyjRMbDuR+koz76+vYhkGWdnZneGm42ky0kP0KSjEcZLLsyHZEqBfRTmjR43k9TcWUFZWiml2regMBoNcfOGFbNiwkU82bOCFl19myqRJVFZWAnSpAFUqWcHqeS6GAQH/XiGcBiM1tmEYNDe38PHatWzZsoWpkyczevRoamtrO8fZV0eYmJ2VRX5+Po7rkJmR3u15oWAa6aljOrX5mVIKx3HZvGUrmzZvpqS4mK9edFFn+Js8B2zHoaK8nHWfrGf1x2voW1JCPB6nIwmtWreOjPR0tNbk5+WybMUKysrKUCgCPh+nn3oqz86dS0Z6On6/H8MwsG2bj9esYeLxx+P3+4m0R9m9ezfl5eUk4nF8qbDyk08+YfG772LbDuefdy6hUDoKRX5eLoFAANu2sUwTrTWu6zKgf382bNxIwrapKCunobEhVX2q8bQmOzuL3JxcbNsmLS0IJPvEHn/ssWzYtJE3316E53ldwu6Ojz75/a7vghBCCCGEEEIIIcTnTQLUfzGmafJvX7+B4447jtmPPMKPfvRjQukhhg0bRn5eHh6aluZmPv10C60tLUw5ZSr/8z8/YWgvG0dBMgAs7duXtVXrGT9+PD6fj7a2Nqq3b+fM007DMAwMZXD+eeeSn5fXGd7F43Fcx2HUyJEMSoWeHbTWRCNRTpw4kTVVVaxavZoRQ4d1OWfd+vVUb9vGGaedxujRx/Dee++xes1aRo0ahT8QYOPGTZ0bRW2r3objOBQWFlIbrmPnrl2d40TjMbSXDDMTiQTDhg7hpBNP5I0FC6hav46xY8eQm5sMCnfu3El+fj5aa159dT5DhgymqKgI7WmOP/64zs2c9qU9D6UMTjjheLKysmhsbGTdJ+uT4avnkZaWxpfPPYdt27bxwksvU1NTQ79+e9pXaMBxHbJzsrFMiw+XL+eCL5/Hxg0bsXwWtm2ztmodSilefuUvOI7N9u07iEQi+Hw+orEohX0KmXLyycz/299ID4WwLIvdu3cTjcZYu249Ves/IRDws2LlSsrLyxk8eDDrN3zCmDGjGT16NMXFJfz5qSdJJGxCIQ1KccIJJ3QJM1tbW3Fcl9zcZDi6avVqLjjvPGrrwqkl/Mmf7cTjjyeUvidkdl0X1/NAKaacfDJ/mP0ItuMwaOCALp+BEEIIIYQQQgghxKEiAeq/qPHjxjJ+3APs2r2bLVu2sm3bNpqamkhLCxIMplFRUc7AAQM6e3kerGPHj2fjps08/cyzDOjfn6r16ynMz2fI4EHU1dejSVaMBoPBzmu0ToZwHy5bxu7dNcml6BqOPXYChqGIx+KYpslp06cze84c4olEl3uWFBUz75W/EIlE6VtSzPKVqxgzZjShUIjTpp3CvL/8lda2VnyWj+UrVzJ50iTS09MZ0L8fby9ezEvz5pGdlcWaNWs595wvAckANRGPo5Ti5EmTeHj2bBYsWMhZZ53JmaefzkvzXiFcV0dTUzObNm9m4sQT0Kml+G+9vYicnBxc1yEtmMb48eM6Kzg9rdGeRzQaIysrC8dxOsNEz/NwXQfXdenfvz+jjzmGuS++xHUzryEzM7PjwyIWjREMBCjt25eNmzeRn5fHqkiEgsJCtm7dSjQa5evXXYc/4MdxHP706GOs+mg1pX374jgunusycuQIVqxaRX19PfF4nCUffMDYsWM4ZcoUlFLU1dUx5/HHmdLUxEknTmTOY4/zxFNPUzlgINXbq1FKkZubg+d5aO2xYMFCAgE/jutSXFRE3759icfjBIMBivr0YXdNDXn5+bS3teN5Hsmd4DQL33qLrKxsXNchMyODkSNHoj031SognVOmTuEvr85PXZPkOi6ObX/2l14IIYQQQgghhBDi72DecccddxzuSYjDJzMjg/KyMkaOHMGECeMZM3o0I0eMoKy0lPT0/Zef9yYYDDJ4UCXRWIxwfT0DB/TnlKlTCQSDuK6HZZlUlJV1BoodTMPEsiwSiTiu62E7NhXl5QT8frJzcigoKCAUCpEeClFQUNC5U33HPQdVVlJfV099YwMjR4xgwrhxmKZJYWEhZaV9qQnXEU/EmXTiRI45ZhRKKdLT06koK6M2HCYai3H8cccxbOhQlFJ4nkdxURG5ublYlkVZ3740NDVRVlpKUVERJUXF7Ni5k1AoxFlnnE5BQUFngIoC205g2w6GoSgrLd2zYZPWWD4fFeXlnUvzlVL0q6jAsiyCwTTKy8owDIO+fUtwHIdQKET2XhWthmHQt6SEzMwsMjIyqKwciEaTn5dHPBFn4IABlJb2xTAMLMsiJycZUBYWFpCWlkZJSQk+n4++JSUEg0GKi4toaW1lwrhxhEIhDMMgFAqhlCIzI4O8vDwGD6rEtm1qw2H69OnD9KlTKSws7NwMytUejm2TsB1CaWkUFfXBNA0G9O9PVlYmOTnZ9O/XD601JcXFZGVld1as2nYC23EwTYuy0lIM06S4pJiM9HTy8/IxTYOy0tLOql6tNdnZ2RQXF/faUkIIIYQQQggh/plEIhGWLFnC4sWLmTdvHosWLaK6uprm5mYKCwv3+//aX7Tkfik/oKKigr59+x7Se4tD6+c//zn33nsvjz32GEuXLmX06NF7ir2Ocq+99lqv5yjdkYAIIYQQQgghhBBCiCNOJBJh/vz5zJ8/n0gkAkBaWhoA0WgUgFAoxJlnnsmZZ57ZZTPiL9Lvf/97Fi9ezOTJk7nhhhsOyT3FoXfnnXeyaNEiEnutCB46dCi33347ZWVlh3Fmn49Zs2b1eo7swCKEEEIIIYQQQvwzCi/gzhkzmF31dx7vRdXsGcz4uy6uYvaMO1kQPthz//45/jOIRCLcfffdzJ07l4qKCm666SbmzJnDQw89xEMPPcTvfvc7brrpJioqKpg7dy533313Z8j6RVm0aBE333wzixcv7vL1okWLvtD7isPj7bffZseOHYTDYa688kosy2Lx4sW0trYe7qkdMhKgCiGEEEIIIYQQ/7QqqX66u7CyitmzHmHT4ZiSOGgd4Wl1dTVXXnklt956KxMmTACgqqqKdevWEQqFmDBhArfeeitXXnkl1dXVX2iI+thjj/Hwww9TV1fX5ft1dXU8/PDDPP/881/IfTuFF3DnjNlU7fe9Gdy5z4t+UCF/1Wxm7DveESH5y4MZ+/65cwEH9buHAwkv4M6D/CXGsmXLqKuro7m5mWOPPZZTTz2VU045Ba01y5cvp7m5+R+dzVFBNpESQgghhBBCCCH+iU2eXMGi1WGmT99rk+CqJSycNo1pCxfu+V54AXd2CVUruebe25lemDr2vzC54hEeWQhMu4VbutwlzII7Z/HIpmncMmcmwzu/7hjqGu69fTqFVDF7xj0sBJg1g623zOHcXXcya+sl3MI93JOazrRb5jBzeDcPc6A5dnO88pp7ub3jYNVsZtyz53l7vMcR5Pnnn6e6upobbriByZMnA8lqz8cff7wzIO1Yuv+Vr3ylc/l+R5B51VVXfa7z2bp1a6/9Il944QUmTJhAv379Ptd7dyosoYJHWFI1k+EdP7+6rWyqrKRy0WrC06eT/IlXsWQhTLvlCP8h96Lre5r872rW7BLmHKKXd9GiRUyaNIkf/OAH5OXlAXDzzTdTW1vLqlWrmDRpEtnZ2YdkLoeTVKAKIYQQQgghhBD/zI6ZSMWi1V2q1qqWLGTaxIl7vpEKHitumcOcOXOYM+derqncxCP/u1e126ZHWNTv3uTxLuFNKiytuIU5e4Wniyanzp0zh1sqHmHW7CpgODPn3MI0Krnm3r2CoYX38HTH2PdeQ/U93Szb73WOyaraPcdvoeKRWclxqmYz4x64JTWf5D0Oto3A4REOh3nttdcYNmxYZ3i6detWHn74YSKRCOXl5ZSXlxOJRJg7d27n8vnJkyczbNgwXnvtNcLhz/cB58+ff1DnfbFL+YczcRpU79rzbFVLFjLtkkuo2LSVzrrY8C6qmcbEozs/3Uch0y+ZBguXHNKK2enTp+Pz+bBtu/PPhRdeSH5+/iGcxeElAaoQQgghhBBCCPFPbTgTKxaxujNvqmLJwn2CpcLp3D5n70q3Qo6ZXLnPOJVMPqaQfVXNnsUjXMO9HRdXzeMRruHGvSpeh8+8hWkLn+45sKzc6/zC6SQzon0iol7mGF7wNAsrr+HczuPDmTlnDjOHh1nw9EKm3TKT4XuNdeM18Mi8I2/hdofly5cDcOaZZ3Z+r7CwkDPOOIMzzjiDu+66i7vuuovx48cDyaXWHTqu6Rjj87Lvsv2eVFdXf6733VdBv0o2be2YS5hd1ZX0KxjOxGkL6Xxt6rayqbIf/5+9e4+Pqrr3//+eySTkQrhMCAG5DYUgweLjEDwCMkCxqO1XT72cXwmXcyy059h+kQI/03LKUQpWPfRLxS9Upaf9tQ85fEu4nO+pttVHxVopJAoo4KlWEBBJIMgtE4RAbnPZvz/23DOTTJKBTOD1fDxGzOy19157r73X3vsza63dL5DqrScT6gYfP11kl/pQgP+83nryYT351luh6U++pfP+YQVire/QS2Fd8js7wO+hlyK6+AeHMWjRTb9j4wl/+ctfltfr1blz59TY2Ci3262amhpduHBBTqez1SCq1+tVY1OTGhobY36awl5Klerowg8AAAAAwHWuaOJQbQt04z+0RzumT9R8SXtapAzrYi9JI6a0vuAdq7RK0oh5YxXsRX/6hHRsh0of3hCVeITmxVvO0IEKD832GzZCKj+t8xoYI3HsPNZUHZOGzlTLEG+Nqo5JO1Y9rB3Rk6bH3bIuV1VVJUnBMU8ls7t+eLf87du36+OPPw5OCwjMk+wWqIF1teVqB1Dzx07RiA17dGh+kYrOf6hyTdGCfEnDRmjHnkOaX1Sk86dPaMSU+8zj4dBLKt0wVMs2rlCRzABmzG7wcdP101tPrtKJeWu08c58f4vmJzUsbPiIYxuqNHPjRs33H5+l6+dpzcaNyve3nH710J2aX2QGaFedmKc1G+9Uvr+19pNvhQ010SrzxwBNX+b/MeCQXlp1QvPWbDTzceglPbzqVR26M+zHgk7YsGGDbrnlFr333nuqqqrSgw8+qJycHFVUVOj999/XAw88oNdee01Tp07VTTfdFHMZn1+4oMbGxpjTevfurR4ZGUnI6dVHABUAAAAAgOtd0UQN9QdWtGeHpk+cL0V0Ag4FJUf4g0Tn33pSpW31xB4xT2sWSOtL1+utsWFjkQbHPE2mDubRrzuMeRqurdaea9euDbYwHT16dMzxTq92IDOeq/UCq6D8gRqqcp0+LxXVVOnY0InmsTZ2ikaUn9Z59dOH5dKUBf7RUPfs0Ih5a4JBxaL75mlEqT8AG7bYQ3vCg5NS0fyN2ihJ599S+bERweWp6D7NG1HqH1vY/GrEvPv88/XTsBHSiCn+HxXyB2pocA3n9WH5MU2fucJ/bphd8jdsCx+7NVKLwP+IsNbeKtL8jStCSz99QgpbW0d99tlnevXVVzV8+HD1799fo0eP1meffaZNmzYF0zgcDg0YMEDZ2dl64403NG7cOI0ePVo9evQIpklLS1NOTo68Xq/cbnfEOnr06KGsrKxO5/VaIYAKAAAAAMB1r0gTp6/SnkMTpR3TNXF+1ORDe7SjI0HPoQOVn1+kmdM3aNX6tzR2xZ3KHzhU8o9FmfCyTpzWeRUF08dsTdpGHkOtVouippsBrfLT56Wi5IZ0r6Z+/frFnVZVVRUMns6dOzeim78UCmAOHdr5YFr4Otub/qq9SEpFmjj9mPbUBMbz9R/Q+WM1Rev14fmBqjo2VBPzJbOLv3RsR6kiG0WPMAOwwb/NdCOmxNjvNVU6pqGa2enDJ15r6Olxz5fWA/+RL2sbMSJ62I2Oee+99zRu3Dj1799fVqtVd9xxhyorK3X69Gl5vV7l5eVp+PDhys7OVm5urnJyclRVVaWbbrpJ+fmRW5GTk6PGpqbIAKrFouzs7Ihga6pjDFQAAAAAAG4ARROna8eqVdoxfWLs7r3hL+A59JJKNxyLlSr2sucv0/RjG7T+rfP+1nk7tCp8sMVDL+nhh1+K/+KbYxsUHI70/FvatmOE5t0XI5et5DH/zpmaHr6c4NiU0p0zp+vYhvVh40EGpqXuW6QCwcfwsU0D8vPztXjxYi1evDj4ghvnWfgAACAASURBVKlwgXmig1mdkegLpDqavr36DRuhE6cP+cc/DXybr4FDj6nqw9M6ETzO8zVwqL/VcuAlYhs3auPGsBbTYelCY6tGrEwjdEKnO324mMH86cs2RuWlg13uD72qDcemB1+OtmJmcgLmn376qXr16iWfzyePx6OsrCwVFRXpzjvv1F133aXi4mL17dtXhmHI4/GoZ8+eOnv2rBoaGlosy2q1Kic7WxlhXfWzMjOVmZkpi8WSlPxeCwRQAQAAAAC4ERRN1HRJ02O9lrxovpZN36FVgZfRbBumNcumS8fCXz7V6sI1f1kgSJmvO1cs0/Qdq0Ivt1klLQsGiczWgxtKwwKYI6ZL2/xpSzdo6LLo4FYieSzS/DXzdGJV4IU6pdowdJk5tmTRfK2ZJ20oDU0rn5LouJNdI/ByqFiByKqqKq1bt07r1q2L2TK0vLw8YhmddejQIVVUVLRrnoqKina3Wm2P/LFTpKo9qtIUhb/brGjidJ0oL1dYVFVFE6fr2IZXFYrRPxkzoF80MfIN9+ffetJ8AVT+WE0ZcUzlgZPh0KvacCz2S9XayLXGThmhHdtCL5U69FLrL7VqWyCw6x8fNbiqgRqq8DzvaTkGcAwXLlyQxWKR2+1Wc3Nzwh9Jqqura9FVX5IyMzOVHgigWizKzMyMCKh2B3ThBwAAAADgepR/p1ZsvDPsC/Ot9PH+Lpq/URujuvaHJkcvK2x8yNAXYenNZUePFBBrXeffkqRhum9FrPTtyaNibHP4pBWKMykl5efn6+6779Ybb7yh8vLyiJam4WObnjhxQkVFoaB44MVSd999d9JaoK5du7ZD861atUr//u//npQ8tJA/UEN3bNCO6csij5t+w6RjJ0LjlUr+APqTKn34Yf8XIzRvTYxWny3STdeyjeaQEXeuWKaqh0PDAExftrFlkD+RbN+5QsuqHg57yVpoHe3mH4t1Q+nD2qARmrdsnkas8o8Nm1+k++aNUOkGf56nz9O8EVJbIe0LFy4oLS0tZiC0NVarVVeuXJHH41F6enqLaTk5OXI3N8uWnt7tWp9KksUwDKOrMwEAAAAAAG5M5ougplyFl051f/X19XrmmWd08uTJFmOdBlqmRn+3adMmDRkyRI8//riys7OTko9f//rXHXoh1dChQ2O+3Aqp689//rOOHj2qcePGyWZLvN3lwYMH1adPH91xxx3q06dPzDQXL15URkZGyr08qrS0tM00tEAFAAAAAABIQdnZ2Xr88cf1zDPPaNOmTdq/f7++8pWvaPTo0cHAaX19vT7++GO9/vrr+vjjj5MePJUUMwhaVVUVMeZlVlbWVXxpFK6VK1euyGq1yuv1tquVqNVqVWNjo7xeb9w0vXv3TkYWuwQtUAEAAAAAAFJYfX29Xn/9dW3fvj0YtAwESOvr6yWZAcx77rlHDz300DXJU6C1a0B0C1l0T0eOHNELL7ygpqYm9ejRQ9nZ2crNzVVOTo6ysrJksVjU1NSk+vp61dXV6cqVK2psbJTP59PMmTM1adKkpAbvr4VEWqASQAUAAAAAAOgG6uvrtX//flVVVQW71A8dOlTDhg3T+PHjr2ngqr6+Xr/4xS904MABFRcX65FHHul2gTNAIoAKAAAAAAAAAHElEkC1XoN8AAAAAAAAAEC3RAAVAAAAAAAAAOIggAoAAAAAAAAAcRBABQAAAAAAAIA4CKACAAAAAAAAQBy2rs4AAABAexlXXGra9YI8lXtl1F9oK7X/X8vVztZ1wCJr74HKuv9/yZo/sqszAwAAAKQEWqACAIBup3HHWrkPvt5m8NQwDJmBU4KniTHku/iZ6l/+XldnBAAAAEgZBFABAEC34zm+O6F0hE07xqg729VZAAAAAFKG7cqVK12dBwAAgPZpTvD+xUIItaO4RwQAAABMNrNrGwAAABDCPSIAAABgogs/AAAAAAAAAMRBABUAAAAAAAAA4iCACgAAAAAAAABxEEAFAAAAAAAAgDgIoAIAAAAAAABAHARQAQAAAAAAACAOAqgAAAAAAAAAEAcBVAAAAAAAAACIgwAqAAAAAAAAAMRBABUAAAAAAAAA4rB1dQbiOlKmBWsr5Jj9lJZOyWs9ratcq5fv1qSnlqqtpEmd9xpwla/W8s2VLSc4ZuuppVNkZvmIyhaslZas15xRgXkGa8n6ORoVd5nxp199R1S24BUNSdF9fs24yrV6+WbFKF2Tc4nW33M2pY/P9jGP04pYk5xLtH5OFx2NZQu0Vub6XeWrtfzkA12TlyNlWvDKkLDz+ppnQGUL1qo6bp3b1vTWFl0ms4pKtM4JO1Yi6roU4b8+teTsZL2a4tvdjaXPfEOZQ3JbTqh9TXUvPZ2UdWTO3610xVveE8ouvVf66yTVb0/K6totfeYbysw/qsYXH5W7C9Yf934mqv53la/W8t2TrsLx71L56uU6+YB5r9T9JbfObs9+79JrZbcW7z7IodnXxX0eAADXtxQNoLpU/kqFnE6nKjZv15EpVzHQlzdFS9dPuVpLT44YwaUjZQu0fLXi3+g6qvXK6nJ9K3r6kTL/A8zgq5dfJCbi2Iv3YDcq9Y/Pdon1kGA+UKwe0oHAXBKMmrNe66/5WlPY7l+prGBp1HHoUvlq86HPcS3ycGSfKlI9gBgjf67y1Vq+oKzjQdTusN3dWYtgaYmyHl2i3PlKWhAVbWhxP2Ne+xaUhb7Pm7JU19Vl72pLUp3Nfr9WWt4HucpXa/nyMhV0WcMGAACQiNQMoLoOanelUw8svU2qWKt9R+ZoVNQdxZGyBQo0AHI4neFTzNaNSyZp91p/6z7HbD21tEDbg7/6ht28RLRA9c87e7A2bw78PtzZFkVXx6h7Zsux/KRcUpwH7UmaNHi3DrqmRNykHdnnD0zHbAaYQqJaeDmXRAYWw8vfn8B8+IrV0s1VrtXLT+oB/3eRrWBS/Ff/8ONT/u1YIq0NbHywlWqgJWvU8drGfkwNo3TPbIeW7z4o15RA4Mh8qA4VU1RQKar1brCluqtcq38lTRq8WZsrJDmX6Kkhr0S1qolssR1ogfrUkFf8x8VaLag21+cqW6BXhizRpN1r/Xkxj5eC7WH1T0TrnqjWJWHBArPFziTNrt4c3K7gvGHltHzByS6tcwZPmqTqfUcUUem6Dmq3nHI6KlQtxW65345WpkfKFuiVIbM1ePPm4L5yRrSgN3fQ8gWb/d9HHQ9d2GK5NXlTHpBz8ys665JG5UltHQ+/0qTgPrjtTof2vRW93dH1Vfj5fURlC/ZpyOxqbd5cKTlm67FJu/XcyQe0RGsVqiLW656zYcuI2HdR+1Xhx3MC18N452Ewf7G3PXVsVcOLhcouvVfZ9zztbxlqBlVtmaFUxsm1urxtq/lH8YvqOb1YlljTJEm3KLt0t9L8f3mjW5zetFm5pf6QVuOBqNagZivVwLzRy86cv1vp9rBlhQWEM+fvlvXKAVmHFMuiOnl23K2GA+HLq5O3tv176OrL05SlS3RywVqV3RZ2zPvrbEWdJ7HPi+jreKxjLy90rK9dENYqs5W6Jfp6Mnas9GHviHPg6rWWTVxCdXZAi9bzoXM6er/Hu16F9n3oWpmn1sokgbqkrXzFu3YGNre146Eb3AfljZkkh04G/w7vGSMp8prrit0DwjH7KS0t2B5/Wsre6AIA0H2kZADVdXC3Kp0PaJRGSU5p7b4jmhN2Y3ikbIHWVs/WU+unKC9w8yuHJgVTVGrzK5P01Pr1yvPfSC9f4NDsp9ZrfZ5//u1HNCXmHVSlNu8OzGsue23ZbSn44Ne2MbcN1q8OujQl7IF2X4VTty1RagdQg4GY9ebNtatcq5evVrn/hjiy/APpAw9ft8mpyKB76HgKe0BYvzQ0b7f61b9Ca/ct0fr1c/z7Za0WVDj9+8o8Xl8pvycsKBd/P6Yuczt2T3pK65f6Q55lC7S8rMB/Hh5R2fLNGrxkvZaOkvn3guUqK1ivOXmSKjeb8673h2LLE1tr3pSlekqR3RJdkio3v6JJ4XXH8gVyzPYv/0iZFqwNtJIPBWbXjwptx+rysAeXis06GZh+pEwL1v5K5WOWasqoOVq/RF3chd+vYIwm7d6uI2YNLMk8hzTpAQ3Z7X8YzxujSY7N2h1WvxzZZw65kuh5VLl5d3C/uspXa/naMt22fo5GTVmq9QXhwxn46/jBS7R+6SjFarGWmto+HsL3gSR989bIYRxCw60sDdVfES1cK7T55BKtXx8Iyu42f3Rcsl5mFbFay9cuUIXTn8ZVrtXLX1H5PUs1JS96vwbW5z8m86TWr4etnIejEjgXUsbT8tXeK1vvEkkyg6f1r6nuRTMwaXb9/5ayireaAcnpxfIFg6JPKLt0ibLv2RoKktrzZOyYpLoD/nm/uFmZ22er0T85zS6510xSo8ygZ+ajL0ovPiq3P3hqPblWddu2Bpfdc6Z0edtWM3iafUCNa/wB13s2K/eL4YFfKW2IPbhsRS/PH/gNZiSljNJtTumV0C8PEaLPk9av42bLy+rZT2l9WIB0dflTWrr0KSmip0cCdUvE9cQ8rkP3Fy4d3F0p5wNLU7/OlvzXnGrNfmp9WGBzbfx73HjXq1jXyjbvrVqpSxLJV7y85MnfsypUT0asu5vcB7kO7pZmfyux6+eoOeY9YGBe/3XigSl5klqbBgAAOstqGIZS63NY2zdXyjm+UIZhqPDuWXJUvKJdNaHp+yok5/1O2Q1DhmGX85uz5JCCy5DCpxdqvFOS83457eb0wvFOqfqMasLSx57XrqKJjoi01/4jSdHf1WjXrzar0jlehWH5VvQ8heM1ePdHobwf3qcK53gVBpN3XTnHX3+Ndr1SIefi2cFtM+xOfXOWtHn7YbP8Zr+oF78fKCNzO53B7TfLu2Lf4eDyPtodOJ4Oa/tmadY3w+edrcXOCr2yq6ZL94dhGDIiyjD2vpIcmnV3oX+/FGmiQ3LMutu/r8zjtfJkTUL7MXXK3TznHROLzHI5vF2bNUvfdNqDaQpnL5bTXw/U7HpFFY5ZurswMH+hZr/4omYXhvbRxCJ72PJbnkMR54vCp0elVYy6Q07dH8hb4Xg5Va0zgXw5FwfzEaibtHm7DgeWHZ7vwvFyqlIna+LnsyvKR4ZdRROrte9w4PsafbRb5j4N7jf/sRasXw5rX0X0fg//RNU5UfvVXjRRDv9+bLEvDm/X5kqnFs8ujNivkdeFa/2JXVaHy9aqwjFRRfZEjwczbezl+q+FYeew3flNzXKE6itJwWtlcP6wY8zcr9F1RuCYs8v5/Rf14uzQ/Gb6xK6HrZ2HbW97Eo/XJPBeqZMlp1Bmi9RJEd353Z8cVfw1Pa36NVEtTGt3qeFA+Lx5shSHreuvoWBq418OyMgslK1YSp85VWmNB9QUbHH6tOr/WinLkAeUKanxpUmqC2+tuv0jeaOzU/tRKD56zy1KU6U8geUdeFRNJ+sS2h/hrsV5YxiG7IMD167odIo6T9q4jvvri2Ad7T/Ovx/429yohOuWyOtJ1P1FzUfaXenU+ML27ocknwMJ1dnmfnrxxe8H693g/XHM65/acb1q+95KauXeOpF8xc2Lea8Tug8KLG+2ClP2PqhSm5cv0IIFoc/yzZVhx78RdV8SKusWy6vZpV9tlmb9KGwbE5nGhw8fPnz48GnxSUTqtUA9sl8Vjln6UeBn2LwxmujYoj2Blk6us6qWQxPDf0zNK2hzRE/H4G7862vFOj0a3WLUMUs/mt3Wb9WjNH7wb4Pd+I/sr5Bz/GxJ+69SRpPBpepKqWLdoy0H2XdGpSz/iX64pbLF5FHjndK6/Toye5RGuQ5qT6VT94+S/9ipVMUPH9WWqEU7ZiV3K66lwQWxju3E9+O1VaktMff/j/R9fwsJ19lqqbJCP3y0RSrNkuSqrpQG3991LX4cg2Ou22Xu8Jbnatfu8A7JGzNR1W/4u4S6DmqPJuqbedLBqDSOLdXmMCKus6p2TNTdV6FQXGerJcfEyH2eQJ1/1VVuiXGMOrX4RbP16JHOHg+xrnXKU0G7N3ywYlYRYY5sflTrgvl0aGIi2WvlPLwezoXI7vKBwOPTcp+cqswv7lbuF9WBF1DVyTgf9ueB0/JNL5YlX0rLyZXqT0e+3Ol8rQzZI5YQ/TKsFkHUQLreeVLj0Yjp7osuZea3I7upqI3reMz6Iu6i2l+3jBrvlH57Vi6NUp6rWpXO8SnReyWROjvIVa6f/HBL6AWWnT0tk3Vv1aF8mfc6g+/vTvdBDs360fcjW8Ae2axH1/1W5Xd/vx0tY49o8w+3SLN+FGOe1qYBAICOsiUaab02XCr/bYVUqZYPppVv6IhzlgqN8F9hI5NEfhc1vUVUOTLSHG9eI/xX9s5uXgcYhiTnYr0wqzDmxMg8mfkOz3Ph+MFa98YROWdJ+yucGj/LkHE03vzXVqwyDHAufkGxN9mQq/xZrdhaKcmpxS98T4U6qi0L1ylYboXj5dQ67T8yS/Yze1TpvD+spa5DJU9+L+YNZdeeC0ZYi4Pwr8OOT0Ufqy3nif63tf3YNSL3/9EtC7WuItRayMybJEeJnvxerK7shkKHb4xtiHE+xz+HI/d15DxRKWPVHbGmt3KuuhLKR9fVNSGGDHuRJlS/pF0139OYg3ukCfPNlkNSqC61F2mCY0vwPItIE3fRcfZb3HrYkFqpg1urQ666eMdoeD47fDzEuzaFrSOR61XYhGBdETaPef75t+WFKcpzlevZFXsTuh6GshK3Ek/wutVxlraTJCQtJ1fGFbNmCQZOG/3d5YtfVM/poe1wb7s7ogt9bum9McZBTb5Q4LRS7jV3q9HfRf9qS+a1Il79KplBd8cguyKub7HO/zau4+aQLfHq0cjjv7X7u9jXXJn3F5W/1Uc1Tg3YXyHn+FldfO8gJVxnu8r17IqtqpR5b/C9Qn8dILW938PXZUSVZZv3Vq6Ief1ZCi2/Hflq/doZe++k3n1QjHq98C6VOFZoz0c1cobtxPjXSJfKn12nCudivRB2/2RqbRoAAOgMa1dnIILroPZWOlTy5At64YWwz5MlcqhC+49KyhugwarUqfCXIbjORA6Sj5DC8XJW7NfRo/vN7vtdnZ822TXIIVWfccWZ7tLBvZVyLn5BL7wwK872+LvZ7S830473p4p17Fy32tqPqaFw1pMqcVRo3bPlCuQ0b8BgqfKU4hWT3dwwpdqWpWq+OiZPYyZIew8e1cG90oQxsZqw5GnMBIf/PIuXJgk5iXU8dIM6v9PHQ8z6yqUzSdvwo9pf4b/exvyxonWtbV/3OheekNUu+S5u9f9/nTw7orrLx7J9turWTFLjyTpZ8qcqPaF15coS3gK0eKCs/lap3it1UvbAyOXk2/1B4hLZ8nPl/esk1a2ZndAwpu6LLinTHnwhleRvlZqSjmp/hTR4QAL5a+M63tb1o820bdYthRrvrNTeg+Xmj9Ipc1PVdp3tOrhXlc7FeuGF2AHFjq+6c/dWnctXa/c63eM+KFxC54AkV/lL2lrp1OIYO6y1aQAAoHNSKoDqOrhXlY4JanHflzdF9zuliv1HJRXqrhKHKn4bCLi4VP7SVlW2WBpMhRrvrNC6dRWhQGJKy9OU+52q3PqSyoP3vC6VP7tQz4a+CLsh9v/SHrWUwvFOqWKrtlY6NCjYA9J/7KzbEmzFKB3VloULteWorjOJ7ceul6cp80vkqNyqFYFCKLzLDKqGF8rRLVq40Cy3vCn3y1m5VX8MTm59u8yH5L066J/sKv9ty+58ydgSf75eCsuHq/xZLQwLDncneWMmSFvXaati1MlhaRwVW1tN02ktjgd/ne+8P6W7Jnb+eGhZXwUejO9P2oaHBz2OasuKxK+lrZ2H3edcKFHWo/cqrfa1sHFMw4Oc5kujQi1dn1B26W5l3xOa35afK+P8rtaDrWHSRr7oD5KWKGtSsSz+MVPd23bJm1msHjNLQuv6okPGyVeCAVNr78A0f75bW9H2V+RpdMgWWF7xi+oR1vU/dYRayyUW72njOu6vL34bduwd3bJQC2Nd5DtYtxSOd6py69aU+1E6kTo7/IcNV/mzYUN3dEYS7q06nK/Avc4fQ+t2levZhc+q3NVd7oMkHf2jtlaGAvL2QQ6pYn9wm47+MaxuPrpFK7ZKJU/GaETQ2jQAANBpKdSF/6je2FopR8m8mN1ARxZPln76W5XPKJXTWapF1d/VioVml7nJJSVyVO4NDZQvRXRxbNHtMFbXyHjzBid3URf+sLy1lio839F5Hlk8WaqQikf6tyuiW3hXMGSoUltXLFRkp0eHSlaWyjmyRCtL1mhl2HRHyUqVOu0yDMk5r0R7V66Qv/g1edFKlfxupbbuO6KSkf5bxpHFmqwKve2Y4H/5hPm13X/srFsYujufvOh5zRoZv/vXtRGnu2748amw/zdizxNxvLS6H7vmaI4+vyRJdqdKF1Xruz9dp2cHrVSpM0/O0kWq/u46hYppshY9P0sjDUOGRqpkZYnWrFyohcHJi/S8065QT8GwdYws0aLJ39VP/fvBUbJIJY6fqjpwvoTVD/aiCXJsXaeFFeb6wrsxBpZr/hPVJdowZBiBfIWOTTlKtLLUfHFGKGux5pV5zFb+VCsW7jXPg2seHIzKj71IExySJvhf7hU6GEP7o0WaeIuO3G8t6+RQupZ1lF3O0pXSmpVaGCjwyYv0fMnIruuamFAd2t7joeVy7c5SrdQarQxtuBY9X+I/DxK4XrXo+hpeZ4xUyaLJ+u66hf4fFBwqWblIk1f+VHsP1sjpbGv5rZyHhr3Vbe+yLvx2s8t9OCP41nvJfHHTLcoNjHGqOnl2vCbv9HuVNrJEOhA9XeY4qAl336+T57xdmaW7lSmZwwQEx1B9WvVrpOzSJcotXRLMW2BogIbdU9Vzemia969r5Rm5RLabnpAUaxzWrWp4sTBseZXynKyTrZ1joCa1C78kVYTX6yZHyUo978wLriv8OAvPR+Cv1q/jdv/1I/rYGynDkIomOLR13UJVTF6k52cVtl63RNdLAf77CxV3YR0kqb11tt05TyV7VwbvnTV5kVaW/E4rt+7TkZKRwdF2Y+/3yHVFXysLWy2T1uuSvHbkK/a103+vEyxEc91OuyHDnor3QfHvf0cG635znwT25+RFizS54neSYejIPvO7FsuYvEiLFH/a87RIBQCg0ywXLlxIlQgqAKBbcalizQZpXlcEfHGjS/vVV7s6C9c977f+0NVZSEFHtXXRARX/tIRWfgAAANeJp556qs00KdQCFQDQrbgOaa8m6Bv2qBZaAK4L3CPGcHS/3r6jWDO7rBcPAAAAukJKjYEKAOgejm5drMU/2qsJ35jc7hcQAUD349Lbzy3W4hekhSW0PQUAALjRWFwuFz+gAwCAbiX9pXvbToROcc9/rauzAAAAAFx1zzzzTJtpaIEKAAAAAAAAAHEwBioAAABa4B4RAAAAMBFABQAAQAvcIwIAAAAmAqgAAABogXtEAAAAwMQYqAAAAAAAAAAQBy1QAQAA0AL3iAAAAICJACoAAABa4B4RAAAAMNGFHwAAAAAAAADioAUqAAAAWuAeEQAAADBZLv3vqdwdAwCA7sXb3NU5uP6lZXR1DgAAAICrbuXJ29pMY5PFcg2yAgAAgG6Fe0QAAABAkmSTp6mr8wAAAIBUwz0iAAAAIImXSAEAAAAAAABAXARQAQAAAAAAACAOAqgAAAAAAAAAEAcBVAAAAAAAAACIgwAqAAAAAAAAAMRBABUAAAAAAAAA4iCACgAAAAAAAABxEEAFAAAAAAAAgDgIoAIAAAAAAABAHARQAQAAAAAAACAOAqgAAAAAAAAAEAcBVAAAAAAAAACIgwAqAAAAAAAAAMRBABUAAAAAAAAA4iCACgAAAAAAAABxEEAFAAAAAAAAgDgIoAIAAAAAAABAHARQAQAAAAAAACAOm2F0dRYAAAAAAAAAIDXZiJ8CAAAAAAAAQGw2gyaoAAAAAAAAABATLVABAAAAAAAAIA7GQAUAAAAAAACAOGiBCgAAAAAAAABxMAYqAAAAAAAAAMRBC1QAAAAAAAAAiIMxUAEAAAAAAAAgDgKoAAAAAAAAABAHY6ACAAAAAAAAQByMgQoAAAAAAAAAcdh8RFABAAAAAAAAICabjy78AAAAAAAAABATL5ECAAAAAAAAgDgYAxUAAAAAAAAA4rD5GAQVAAAAAAAAAGLiJVIAAAAAAAAAEAdd+AEAAAAAAAAgDpuPt0gBAAAAAAAAQEw2W6/+XZ0HAAAAAAAAALj2LredxGIYNEEFAAAAAAAAcOMpLS1tM431GuQDAAAAAAAAALolAqgAAAAAAAAAEAcBVAAAAAAAAACIgwAqAAAAAAAAAMRBABUAAAAAAAAA4iCACgAAAAAAAABxEEAFAAAAAAAAgDgIoAIAAAAAAABAHARQAQAAAAAAACAOAqgAAAAAAAAAEAcBVAAAAAAAAACIgwAqAAAAAAAAAMRBABUAAAAAAAAA4iCACgAAAAAAAABx2K7GQi9evKhLly7J4/FcjcUDAAAAAAAAuEHYbDb16tVLvXv37pr1J3uBFy9e1OXLl5Wbmyub7arEZwEAAAAAAADcIDwejy5fvixJXRJETXqE89KlS+rduzfBUwAAAAAAAACdlpGRIavVqosXL14fAVSPx6O0tDQZhpHsRQMAAAAAAAC4AaWlpXXZcKG8RAoAAAAAAAAA4iCACgAAAAAAAABxXJWBSum+DwAAAAAAAOB6QAtUAAAAAAAAAIiDFqgAAAAAAAAAEActUAEAAAAAAAAgDgKoAAAAAAAAABAHXfgBAAAAAAAAIA5aoAIAAAAAAABAHCnZAvXolu/qp2/HmGDL1aDCCbrr7+/S+ILsTq0jPpcq1qzUVpVoZalTeZ1O19X8+Ry0SM/PKuzqzAAAAAAAAADdylUJoCZHlhwTijUoLIcNZw/p0NE3teHpvfrgf0dKpwAAIABJREFUn3+g+bf26rrsAQAAAAAAALjupXAAtUATvjpLzuimnfUHteXpn+ntl/4/FT5R2nI6AAAAAAAAACRJSnbhN/z/NQxDLRaVVaSSf56mA8/t1O92HNfkv3f4J9Sreu9v9Js/fKjK2gZ5JNlyB+nWr87VTOdgBTv811erYtsm/eGDU6rzxEoTWKdb9Ufe0Natf9Chcx7Zsvrr1r+bFzOd66P/q5f+421VNUhZ/W/V382bKefgyCEG6qv36je/+Z0OfFInj2zKHVmsrz30kCZEpEtkG1yqWPOktg3+hr5r+4N+tvOclHu75j3+D7o1W7p08L+0YdPb+qTOI1v/Ys39n3/nz6fBy70AAAAAAACAdkrhFqitcDg1w75Tv/+kUi45lCfp7B+f0+rf12rQ7Q9pbrFdWXWn9Paf/6AD255TQ9ZK/c/xvSS5VPGz1dpWO1LTHvqGiuxS7YE39Zttq1XteVxPfKkgtI5Tv9NzPytQ8UNz9R27R4d+v1U7tz0n9fpfmndrekS6n/2yl4q+NlffyW3QgTd/o22rj+rUd1eqpNBMV390q555/m01DLpdD32jWHbPJ9r5hz9r0+pDqvzu4yopNEOjiW2D395N+lnBBJV856ty12bJkS1d2v8zrfyPQ9KgaZo7t0j6ZKd+//wG5V79EgEAAAAAAACuS90zgKpc2QskHTqrWkl5qtQHb9cpd/L/1GMlhTLDlmM0prhAG/7llzrwyVlpfC/JdUh7q6Tbv7NIfz/Gv6gxRcpqeELbPjgq15cKQi+D8tj11cf/RXf5Y6pjCrNU9y+/1IEPjmrerWNCWfHY9dXHnwilG1+ogqef0e9/t1czSp3KU6X+8Mu3VTfsIa0o/ZJ/+WM0ZkKxfvf0ar259V196YkvqSDRbQiut0hzv1ui8cEGrJX6r22HpGEz9XjgpVZjxmjsyF/ryX+vSubOBwAAAAAAAG4YqdmF3wj9T+xFZSm3rxTs5q9hmrHix5oRmCeQzHaTRg6SDtTXq9kwlJ6bK7tNOvD7LSrK/arGDu6ldGWp+J/WqDg4r3/uQZM1rn/Y+gPLOlurGsNQXiDdyBm6PTyd+mvc5EH6/ct7dejiZE2u3a93G6RxM+6QPTxvGqRpM0bqzbI/64Mz0zSjIMFtCEwZVqRhWWHrPXtUHzZIY2fcHrGerKIZmmF/V7836MIPAAAAAAAAtFc3bYF6SedOxfrerXrXWZ06d07njh7SBx9+qE/OSVKdLknKS79Vfzd3rKo2vaP/+Mk7ki1LdsdYzZgxQ+OKChQxaqktPdYKWupvV6+or/IGDZP0vs7WSnK71SC7Bhe0XF4ve39Jn8h1SVJw9IA2tiFePi65VCu7JrdYT67s/RPbFAAAAAAAAACRumkAtVZnz0kaNlh2/zeuA7/UC5s+VK355iXZexVo2LjbNfb9nXo/bM684n/SiuJLqj70od7989s68Mm72vbv7+o3w2bqXx+bHD9A2W5Z6pUlyZ34HIluQ/uky5bV4ZkBAAAAAACAG1pKduEPLkdxuvBXHtC7DVL/4hFmd/VL76rsPz5Uw7iH9cM5xbIHG2Ge1Zvv79T7MiK7xStXg0bfoQdH36EH5dbZnS9o1cu/187jd+hBh/zpoudp+b0hSbWXVG8YCo9R1p6qktRffXMNGfXpylKtqs82y+gf2Tr0Uu05SYNUYDdkXEx8G2LmL9cue8z1uHS2StLo5JULAAAAAAAAcKOwdnUG2q3hkLb9aqcabKP1lXH+fu/nKvWJpLG3hwceJZ16V+/Whv50H3pZP1q2XC9Xhi8wXb1yozvht8PHOyPWoYZP9Oabp6SRxRqZJckxTrdnSe+/+Y5qI2Y8pZ1vfiLljtZIe+LbEFdBkcbltlxPwyc7tTOR+QEAAAAAAAC0kMJd+M/p3de36VRYDhvOfagPP6mTR7m6Y+E3VByIe/YfqdG2d/Tur36irJn3aXRug2rf36lXD5ySO2z+9JFjNdq2Uztf+IkufWWabh+Uq7pT72jn6x/KNuzrmuboQDZza/Xmv/1Epx78ssaln9LO13fq44Zh+vqc2/1jozr0lW/doQMvvKx/+8kpPfjlcbJ7PjHT1ebqjoUzNKgd2xDfIM34xh16N2w9WXXv6NXff6i6DmwWAAAAAAAAgBTtwm/O3aCqd99RVdj3tsy+GjbuXn35vhkqsoetJ3ecHl5Sr//c+KreLvu5dtoy1XfY7fp/vvdt2d/5kda984mqm+9Q3/QR+vqyR9V348va9XqZ3vePNTrijke07MEi9TUMc9gAfy6MiC780d/7/x47W0tGvKef/2eZ3m2UMoeN0z8+MkfFfUPDD2SO+LqWfW+YXn75Vb288V15ZFPuiDv0j498RcUFmeZ2JLwN8fIXWM9N+s+N5nqU2V9jH/hHjXvv/+hP/vQAAAAAAAAAEmcxkhxVO378uHr16kSXeAAAAAAAAACIcunSJQ0fPjypyywtLW0zTfcbAxUAAAAAAAAArhECqAAAAAAAAAAQBwFUAAAAAAAAAIgjJV8iBQAAAAAAAACpgBaoAAAAAAAAABAHAVQAAAAAAAAAiIMAKgAAAAAAAADEQQAVAAAAAAAAAOIggAoAAAAAAAAAcRBABQAAAAAAAIA4CKACAAAAAAAAQBwEUAEAAAAAAAAgDluyF5iZmam6urpkLxYAAAAAAADADSwzM7NL1pv0AGpjY6MGDhiQ7MUCAAAAAAAAuIGdPnOmS9ZLF34AAAAAAAAAiIMAKgAAAAAAAADEQQAVAAAAAAAAAOIggAoAAAAAAAAAcRBABQAAAAAAAIA4CKACAAAAAAAAQBwEUAEAAAAAAAAgDgKoAAAAAAAAABAHAVQAAAAAAAAAiIMAKgAAAAAAAADEQQAVAAAAAAAAAOIggAoAAAAAAAAAcRBABQAAAAAAAIA4CKACAAAAAAAAQBwEUAEAAAAAAAAgDgKoAAAAAAAAABAHAVQAAAAAAAAAiIMAKgAAAAAAAADEQQAVAAAAAAAAAOIggAoAAAAAAAAAcdi6OgPJd1i//vZz2hX+1fA5+rcfTFO/diylZueP9a9lxzV8zjNaNq2tOQPrnKrSn8/VzW0vXKseL9PxDuTr2mnnNgEAAAAAAADXoesrgHp4kx55blfL74+X6V+/Xd2uQGC/aT/QL6YlNXcAAAAAAAAAupnrKIBao50v+4OnUx/TL+beHPr+x49r0/FdWrPpNv/3MVpX+oOvgRansVqgBr4zDdfcZ36gmI1TAy1MW0vTppYtaac+9nP9g3+zDm/6ttbsCv/Onz7QqjWslevcIWXa5F9QdIvahLYpuD2K2rcAAAAAAADA9e36GQO15iO9c1xmd/2IAF8/TfvBY5oqSbv26XBHFx8RaJSk49r0+I+1syY65WH92h9snPpYR4OnNdr546hhCCTtem5T+/N/PBQ8Nf/8ZTDPiW3TLq0JBE/NTOjXHd2JAAAAAAAAQDeTsi1Q3evvbFf69C9/ywzyDRkQY0zRm/W3U6Vdu07qTI10c7uDmof1etlxhbfQDAQf3/moRtOCXf1P6jc/3iUzjvtMsLVo+/XTtB/8XKERBAKtaDuS/0CeA8s4rpMuSf0S3aZQK9fA9JP+TLS3jAAAQGpJX/BWV2cBAAAASHkpG0BNKTVndFKShk/SLf7gZeQYqS7/v8d13N9Uc8iA5LwaKtBVv8OCee6nWyYNVzCDCW/TVP2tPxDcb8AQSeEtVgEAAAAAAIDrW8oHUBNuGVGzU8MlHT95RjW6Wf38rTbfmfSMlt3ykX7TRhCy5szJTudVkjR8uIYfP65dL+/UV34wLUZr2EQEWosO19xnfq5fzA383dos/oDoNUSrFQAAuid6kQAAAACJu37GQO13i+4YLul4mf5102FJ/TTtn+ZIZY/rkeAYnkMU2TDU7BIv1eij3a1EJ/sN0BCZy349MP7n4U165Nvf1iObwgcEnarSH/xAD02NSttewfFcA61DXToZJ3snzQ1QzUe729c2NOFtAgAAAAAAAG5cKd8CNXH9NO3Bqdr03C5p13N6JEaL0+Fz7pHZGz1PQ4ZLOn5cmx7/tja1ueyb9ZU5w7Wr7Lh2PfftsJc7Ddfce26Wol7tdPM9czR8V1nbrVCPl+lfv10WnUn92z+1Mt0vb/BwScd1vOxxPRI7SVK3CQAAAAAAALgRXT8tUCXp5rn6xc8f09Q2E5qtU4cH/56q0sdan6vftB/o3+YMj/hu6mPmy5diJNY/zxne8VaogflDK9IvHpsqyXzBk5nknzQ3Ikki2x29mnZsEwAAAAAAAHADshiGYSRzgcePH9fAAQM6vZzA2FzJG2fzsH797eck/xvlAQAAblTJv88CAAAArr7TZ85o+PDhbSdsh9LS0jbTXEdd+Ntys/7h5z/v6kwAAAAAAAAA6EZuoABq6wzDUH19verr6+UzDPXokSGrNa2rsxWTz+dTU1OTLBaLcrKzlZ2dLYvF0tXZSirKI7VQHqmF8kgtlEdqoTwAAAAAJBsBVJkPWxcvXZJh+NS/IF82W7rMkQ0MJXeAg84zn6ssslgkj8ejCxc+1+cXL6p3r16yWq+PIW0pj9RCeaQWyiO1UB6phfIAAAAAcDUQQJXU0NAgw/AqPz9fhmHI4/EoyUPDJp3FYpHValW/fnmqqXGpoaFBOTk5XZ2tpKA8UgvlkVooj9RCeaQWygMAAADA1UAAVdKVK1eU37+fDMOQ1+uTz5faD1smQ4ZhPnT16dNbNedd180DF+WRWiiP1EJ5pBbKI7VQHgAAAACuBgKokrw+n9LT0+V2e+T1+lK+tUqAYZjjpNlsNvm6SZ4TQXmkFsojtVAeqYXySC2UBwAAAICrgUG2JKWlpcnnMx+0usvDlqRgfg3DUFpaar4goyMoj9RCeaQWyiO1UB6phfIAAAAAcDXQAlUKvvG2uz1wSep2+U0E5ZFaKI/UQnmkFsojtVAeAAAAAK4GWqACAAAAAAAAQBy0QPUL7z7XWV6vR1cuXdT509U6+pd9ev+dHTr32Sk1e7yyZWRq4LCRum3Kl/W3U6art92elHxfb5JZHtdSd8xzIq5GeQS62YazWCzBTzJQHm2jvuo86qvUQn0FAAAAINkIoAYZMt+E27GHF8Mw5HU363TlUf13xZ908C/v69z5GjXVX5Z8PlmtFtmskuFuUNWh/1bl4Y/01wPv6aslc/WFwtGy2TpWFGZ+r8cHrvaXR1NTk5qbm5WZman09PQW030+nxoaGiTpqr3hmPJoYymGIRleqem8bLVvKd31R9mufCCLt0nenFFy95kmd7+vypftkKwZnQ5MUB5x5qa+SjLqq9RCfQUAAAAguQighgk8a3Xkocvn9erTj97X9rJf6MSnx3SxwSOPYVFOZobcMtTc6JUtzaI0q5RmtcqQV3/ZvUPnzp3Vw4/+vxo15ovtXmeyWr2kqrbKwzAMNTU1ye12yzAMvf/++zp48KAmT54sh8PRIn1DQ4O2b9+u9PR03XvvvcHvLRaLMjIylJHRuQfgG708EluIR9ZLHymj+hfKOP+aLJ5LwUm2hs9kq90tm2uHmoZ8R968aTLSsjq8KsojPuqr5KO+Si3UVwAAAACSiQCqn2F0rtvf5zVn9af/+j+q/OSImrxWNXktSrelySIpKyNdXq9FDR6vvF6fLBZD6WmSzWrR8UMfaNtLv9SCf3lCffPyOpBvQ51sZJOS2ioPn8+nczXVOnpij87XVsvj8ajmM68u1Hr13gev6dDJlsP7etyGTp/1yGKR/lD+s+D36ekZ6p83VCOG/K3y7Td16g3IN2p5JLYQnyz1lUo/sUHpZ16VvFdktBiG2S1bzR7JKzXa+srbZ7xkoTyiUV+lFuqr1EJ9BQAAACDZCKC20P6nF8Pn00fvVejgfx+QJS1dV5oNNXulnKw0pdnSZPgM9chIk8UiNVuscnu9avYYMtIMZfZI11/efUc73viDvvb1We3sGmvm9fp+4Iq9cTWuM9r70X/qYPV/qcFdI1kNpfkGyto7XycaTshwfx5jUTalZY+UZOijc4eDX1ssVuXUFOhC3d9rwhdnKq9vgazWjrxf7cYtj4R4rij9zBtKP/MnqalRhuIFGgxZXX+RLfeP8uYUShl9O7hCyiPmHNRXVxH1VWqhvgIAAACQHARQJQXGSzPHTGt/l7/mpkb9ZU+5Gtw+eT0+XW72KSPNqp5Z6Ro5rJ8OfnJWPp/PTGyRMtLTJMOQzyfJYijDZtUfX/2dps24R/Z+/dqxZkvYmGnX01NX6+XR3Nysw8ffUZXrdVnSXerbyypbumTROUnn/KliPewako7GnG4Y5+Rq+rNOnxunPr36dbA75Y1ZHomyuOuUdvZt6bKrlWCEn7tJ1pr3ZRlUK196nw6tj/KIjfoq2aivUgv1FQAAAIDkI4AaFOju52t3C5BLn9fq3Gen1OSVGjw+WS2GevZI08hh+bp7cqGyMzNUse+YZEgWSR6PIa/hk9dryGIx5DXSdKKqStUnKtvZLdaQucTr8WErfnnU1tbqcuNBZfY4rfz+NuX0tMqWYVFnhpAzDMnwnNHFS2b32o51i70xyyNRVk+DLBerZLgTay1nuXhKcl/uxBiGlEcs1FdXA/VVaqG+AgAAAJBcBFCT4Mqli3I3N0mWNGWlWzSooK9u+5uRGl9UoAJ7tu678xYNHthHBz6qVvWZz9XQ4FazR2qSVx6v5PH6ZJVVx44c0Rf/prhdrYluxO5+9fX1yslu0OBMi+x5NmVmWWWxmo+eHWVIMnxeXalu6tRLR27E8kiUYUhGs2S4Ewv2GG6L5Ov8OhGJ+uraor7qnqivAAAAAIQjgOpndvXr2EscMnN6ypeWIZtV+sIIhx78+v0aNThXRl21fJ5GZdl6aNrEIk0cP0rnXXU6ffZznXNdUk3tZV283KCTZy/p0PEa+Xy+dj8MX68vnWitPAzDUM+sLPXOylMfu0229OSs06J0VZ9J79SLR27E8kh4GdYeMnoMkT4/nVj69JtkpGV1MkBEeUSjvko+6qvUQn0FAAAAINkIoIYJPLy09wGoZ+++6pGTq/QeF3XX331Nt0/9sppqjqmh0SWrxSpZ0tRsSGkZFg0e3FPDhg6UfF65G+slb5MOfnpOS//3G3J8YUQwH4kJtGG6Pp+4WiuPm/Ie0fDhq5KwEp/krpfRcFHeyzVqvrRX1pNvy9eznyy9BsnI6CmL1SZZE2mFdOOWR0Lz23Lk6Xe7LGcPS81XWk9sscrb51b50vt2IiBBecRCfXV1UF+lFuorAAAAAMlEANUv/JmnvQ9AGT0yNWrsePXN7aHxt98mS1oPKS1T1oyeMqw2yWINDm/mNgy5PV75vIa8zYbSLYa8Pp8GDRmiIcOHd+Dh6/p82GqtPAItrnw+nxoaGnTx4kXZbDb17t1bly5dktvtlsViUV5enmpra+Xz+ZSbm6ucnBzV1NTI4/FowIABMpouq/nke7JW75XF0yhrjl2jCnrJYrjkPfOJPJ+45M3oJWNAsYz80VKPXmZZtp7z5O+MFNCZ8yPAZ8uR+wv3yVJ7UmmVf5K8zbETWtLkyx8j97B75OvRu1MtuiiPlqivko/6KrVQXwEAAABINgKoQT4Zhq9D3VIl6bYpX9JfPBdls3hlsVpl7dFTaZm95WtOiwhIGDIkr1fyNMnnbpJ8PtXWefTQ7H9Qn772DnaJvR4fuuKXR3hA4rPPPtOePXvUq1cvTZgwQe+//75cLpfS09N111136e2331Z9fb2Ki4t18803691339WFCxc0+6F75T74O1069CflDbtFVnuhLBaLLD16ypLWQ2m9ByvD55HH9amaD26Tu+cgGaP+h2QfKVnjnzY3YnkkypBk5AySpahEam6W9dR+qflyWLTDIqX3kM9eKE/R1+Wxj5bPCMzZMZRHbNRXyUZ9lVqorwAAAAAkFwHUMJ15bhns+IKaxk9Rzfnzys0bqLQePZWW3TuUIPhyXUNGmsd8SLKmyWPYlD1gtMY5p7frZSyReb4+H7haK4/Ag6bD4ZDD4Qh+P2PGjIh0X/va1yLmueeee6TmOnn/slHWM39Vvy/cKhk+WXxuyWKVz/WpLFl9ZVhtslgssmb0VMbgW6XKvXLv+6WMv/mG1L8oblDiRi2PhJdhSZO7/1gZt31Htp6vylp9QJbL5ySfV0Z2Xxn9i+S5+avyDPwb+WxZScoz5RGN+ir5qK9SC/UVAAAAgGQigBqloy1AbLZ0OYpule/yOXkaLkvpmUrLskuGZHiaJYvF/3RkyOdtlpobZbFYZWQX6AvFtyozO7uDLU+u74etWOURaM3l9Xp15coV1dTUKCMjQ3a7XS6XS263W2lpaerfv79qamrkdruVm5urjIwMXfy8VvbTrym78jWlO6bLcNfJe+GkZE2TJT1Lhs8rNV02gxOGId/n1bL2vknpA0bLd/gtef66VcbERVJOfrwcX/2d0oU63ULK0yjr51WyXPhURk6+vIUzJItNkkXyuWXxNcl69gPZLnwqb6/B8tkL5etZkEBX5Lg57nheuwHqq9RCfZVaqK8AAAAAJAsBVL/QG3s7/sCV3iNLVtsANbnrlWF1Ky0zV5IhX/OVUHMYwydfo9mt0JLeU7KPUs/eBZ14i3JyWtqkmtbKIxCQ8Pl8qq+v17lz55Sdna2cnBxduHBB9fX1yszMVJ8+fVRbW6uGhgZJUnZ2thpP7VN61f+VLStXqq+SJXug0voOksXXKDU1S7LIcF+WfJIshiwZWZL7iixpPWTNLZD1xNvyDvpbGYX/I+aLWm7E8khsAT6lfV6p9E/flK36XVkvnzWDdJm9ZfTIlSxWWZovS/W1sjRelKw2+TL7yNd3uNzDp8n9hbtk2DI7mO/2ZzfVUV+lFuqr1EJ9BQAAACDZCKD6hT9sdabFii8tQw1er6wejzIyM5SW2UdWa4bZiks++dzNMgzJYsuSkTNIvpwBMgcb7GhAwqfrsdVKW+VhGIa8jQ3qcfmCBvfuqbTmJtmaG1VQUCC32y2bzSabzaaCggJ5PB5lZWXJlmZVb+O/lZXZJGvvL0hGkyy+ehlWqwyvR/JZJMNiFoXPbH0nWWR4mySLTdbMnpKvWZYjr8rn+JKU0TNGvm7M8ghntVpbpEk7+6F6/HWrrN5GKf9meQePl+VKjayfHZC15ogsMmRYrDJ6D5G38G4Z2XZZGi/KeqFSPT7cojTXMTXeOkdGTv/gMi0Wi3w+Xxv5pjxaQ32VHNRXqYX6CgAAAECyEUBNOou81kxdvFyjPharMnP7ymdNk7zNMjzNshg+WW3pavL0lDd7oCxpmTIHHER7GIYhn9erppOV+vy9CqUPcii9b57OXaxTQ0ODMjMzlZGRoXPnzqmhoUH9+vVTr7RL6t3wkWxZ6TIyM2SRVT7vRUlWWWSTIavZksv/MXxmcyDj/2/vXmPkug47wf+rqpvNbj4lURL1pCg7ZhTZchzb9GMskol3J06WcsaDoXYgCtZ8SOJFgNUHSVgo8UqLlSDHC9CaQXZ3FvJ4sZBhCbMiMs6smNl4NuNQtGPHtCzbsWWBcay2HpZbEimJr35X1X6oqu7qx+0H2S0Wm78fIKjZVX3r1D23Tp37v+ecW09SqiSpp1TpSum1H6d07EjqV7z/nO6DTlQtnczx8f50l9elt2tTSulKKcn4Fddl9NI/ysmxF/LG2E8zWjuevso7c/lH/mUu+cb/la5//OuMb/vdHPvIrXl15HsZqh5NT/mKXNy9K2u7rk650ptSpSf10mDqGc/g+KsZrw5lbeX6VOprzvXbPo9pr94O2qvOpL0CAAAWSoA6YWlGdDWUMnz6RH7+/DO54oYP5qIr35HuUlIbH87IW6/mjZ/+MKNj1fSt3ZJyclZz9ur11sijlTZqpbg+JqbElkqplyupDZ3O+PBQqtVaRkdHMzY2liSpVqsZHR3N+Ph4xsfHUxl9Kd3lwVS6qklOp1YrNW6EU+9KUkmpXk693giHaikl1Vrq1TQHdpWT8eGUkpSro6m9/lxqm39jZqkvwPpoN57h/PzUf8qrQ99OX+XydJfXN0Ze1cczXD2W4fGjGaufTr1eTbm0Khf1HMr7fvPuXHrD72Xg8rX54RsP582Rf0i9PpZSqSvdpTXp7dqU1V2bUkpjpNho7XiGqq/lyr5d2bbuX6Vc7ysu9QVeHwujvTp72qvOor0CAACWlgC1qd664/RZBBL1euO0Z7yeVCqllE6+lOf+85H0XXVDLrpiS0YHT+atF3+SnrGjWXPVtpwaq2VVVzXd5VLK5TMf1bUS10ybqz56e3tz8uTJjA8PJX1r0v3xf5bu6ngqqWXDhg1ZvXp1uru7Uy6Xs2HDhoyOjqa3tzc9Q4Mpd9VSqqxLSiOpZDTldKdeqqReLyflcmr1UlItp5xS6qWkVqo3R3ZVUh8/nVLGUy+XUhp8tfA4udDqo12l1JtKaVWGxl/P0Pjrc26zWh/O0eEf5OmjD+Xmq/9Nvv3y7RmqHm17zdGM1EczMvpmMvrTGX/fVe5NOT3zfl4v5PqYbxvaq6Whveos2isAAGCpCVAnTJ61nEkgUU8yVCvl2Gg5x0aTq4bHsuXKq9O3figDr72QF17pT1dPbzZuXJPLL74so+nK3w6czKvjpVyzrpxrN/bkot6uVBYRTJTOfCnC80BxfVx00UV59dVXc/Tk6Vz8jhuyuTS5zy6ZtpVNmzZN/Nw9Xkm5PJ7yxhtTuvx3UvvFf0xp6PXUayNJklq6U27ePLlWLyeVUsr1NKbF1kopVU+mVK6l3FVKdZZyXaj10VIqlVIp9WTjqnfmstUfyFjtVIaqr2e4emzOLVdrIxmtnZgSRsyulNWVS9LbdWm6S2uyofv6lEvdjfFas5TpQq+P+f5ae7WUtFedRXsFAAAsLQHqhNZoldqiA4nxJK+PV/Kz4Up+MdyVreu7sqlWTle9N5uuujLr3/GhnBivukVnAAAgAElEQVQZTcql9PVenO7RN9J1+rVsueSi/Pu/G8zzL7ySD161LrveuTHvvXJd1vUsrFpadxpemdP9iuujXC7nyiuvzKuvvjoxWqtSmXmH6RlGk/XlruTks6lvuT15150pnfpJSoOvJNWxlFJJ/dj3Ux96M/VKM5lohhL1WjWpn0pWJfXxcuq9G2aZqnth1kdLpVRNz+jL+dXRntxQ2ZXTleG8snooPxn8Lzk+2l+45Vq9ntRLqdXm3m8X9bwzN/TuzJXVvvSlJ/WRZKz0iwxXrmqMxJte4gu8Popor5aD9qqzaK8AAIClJUBtcyZrCo6klJ+MlvNybVXeqpUzmHq2Vkrpuvjq1I9XU+3uzXDXRRl65X9LufpCRtfuTM+6D6X34hvT131JKvnH/PS143nlzVP58cBb+d1fuzS/+6uX5ZK+7gWUN2cUoJwv5qqPdevWpVar5fjx4zl9+vS8dzdOklO1ejbVV6dr7JXUnv/fM7D21gx1bU1X5fqs6hrLxrHnsrp+ujFdtlJOLaXUU26MGKoOJZWRlHpKqXV1p3rxrxQEEhdmfZRKpayqvp61L/zrdL95MKXxE+lbdWk2XPrPMnbJP893Xt1XuN1auZZ6PamOzb3f3nXR7txw7Nl0v34g5bGjqXdtzOglH099y2czmKKA6MKsjyLaq+Wjveos2isAAGApCVCbJtdMW/jfjCd5erySf0hXVq+qZLBez5tj9Xzr9dMpX7Q+77v0ppQGh3Pqlb/MlSP/Z1avOZ3BoW/n+On35Y2+T6S+/rfyT6+/OKePX5qnf340Pzt6Io8/M5yxai2fevfmXNQ7dyixks+z5quPcrmcjRs3Zs2aNRkeHk61Wp33xLM7famduDYZOpbSyR+n8saxvDV8Xarpy8ae09nQ81JKOZmUyynVSylVSo2bs9TGUisPJauTelc5tZ5rU924raDMK9NCPh/dY0fT9crXU68ONu4QPnws3YN/nmuv/at8c/h/Kfy78eZosbHh6pxluHr1+9P14ueS8eOppZzkRLqG/nO6rv7vUy+tLyjzyqS96izaq86ivQIAAJaaALVN+40nFuL5Ule+X+7Kpt7uvDVSz6v1aqrdpRyvlvLEL07nJ6/V8qH6q7n+zS9n4/pSStV6Vne/mrWl/y+nhp/Jm6f+Mu/r+b1ct+Pj+ePhkfz8tbfy2snT+Yu/fzkbVnflv/nVy9LTVV5guVeehdRHd3d3urvnH/3WsDGD5Y+ncvpIVpVP57LugayrvJ5aKukuJatSSqlUTlJOUkpST6VUTa08lvKqekqVUupd5Zy+4jdT615XuOMv2Pqo1lI7OZakvT5Op6e8MeNzhA1jpWpSz5zPSZKe0vrUTwymPmX7o0mtllSK1zq8YOtjGu3V8tJedRbtFQAAsJQEqBMmp/stJJA4UarkUK2Srt7uDKeUl2rjOVmqpbuclHpKGc2qvHV0IGMn/jKXd/8ktav/x9RHXknl2P701F/Jqp7Xsn7113Ps1HeyYe2/zm/+6q/n0ZNDqZ4ezYtH38pf/OClXH9xX27avDalUvGNWhrrsK3EM67F1cdCjIyM5I3Rd6U+/ju5ePhgrlhzPGu6RtMYm1dq/FevTuzOUmOpu5QrSb1cSr1cz/D6mzJ02a7UG2fAM17jQq6PerWS+tCapD4++bvK6oxVhzM6VDxlebw5JXau5yTJ2PhIaiMbUqoOT/6y1J16rZx6efZyXcj10U57tdy0V51FewUAACyt+YcLXWAWcu5bT/KPKef4qq70dlXyy2otA/XxnCzXcrJcz6lKLd3jJ3Px68/m2hP/KX3V8ZT7/9+Ue2/K+PX/a8Y3fDoZ3pRVI9VctmY0a3p7UuvqSnq6knI5tbHx/H3/0fzNc6/l1Ojco1xWuqUcjfPTn/5Dvvf9H2Xttn+Z01f+QX5+YlOGq6vSCCOSRs3WU2r+l1I9pXI9pUojlKj2XpmTV/zLVHuuaNwy+QI0V32MdV2SsY3/JLXBntQGV6U2uDqjV/2z/Pjlv8jYcK34v5Fa6rX63M8ZruW5V/86Y5t/t237PRm7ZFfGyusu2HUDtVedRXvVWbRXAADAUjECNUljtEptYrTKfDf4GCmV8/NSKeXuSsZK9RxNLSfLjdParlI9ldp4Nv7i57ni9UPZvP5Yxrfdn9LIKyk/+2/StfFdqV3xiVTXvj8Z+GJO1K7Nj0+/O0/2DyT1pF6rp1SrZXysmudeeSuvn9ycNd2z59zlcjmTUxRX0gnZ4upjoQZ++cs888wzeenll/M7n/jtdF/8L/LKiT/PlnWvplJqC34as2FTKjUjilJ3xrquyPGL/3mGe38tjUFCM8t0IddHqVTK8KpLUnnvZ9K1+prkxCsZvejaDL3zv8r3fvQnc64XWO2upV7LvGsKfv/Fv8z12+5NX9ak+61fpL7xmlS37c5weW3qtZkjui7k+minvVpu2qvOor0CAACWngB1ioVNvzxeS94sldJTKme4Xs+btVpOp55yOanUk75jr2XD80/nXeM/TF/X+uSFb6d01YdTe8d/l7z5TMr9/3cqPaszMrIqL6z6r/PYSydyYmg09fGx1EbHUhsfT71aystHT+bNUyO57uLe2Uu7hNNFO9PSvr9SqZzBwdN55eWX8+d//ue5+WMfzWD372Rt+ZlsLL+c+vhwqrWkVm+M1qpUknL3hgz33phT63ZkuHdbUipev/BCro96vZ7RalLdsC09O96dN089nyMvfS3PPXNv3jz1wpxDwcZXN8KO8ZG5g6dXXv9JHh/5n3PDtbvzrt/4b7Oh99qMjIylWp09yLiQ66Od9urtor3qLNorAABg6QhQ27TOXeY7ianWahmt1zJSrWa0VMqpaj1D9XrKSbqGh7PuH36Sdw78XbZedixd1+1Juiup/fxQyt2rU7/83altujb1X/xFXhnZnEO5JodfOZH64FCqJ0+nPjKSVOsp1Uqp1JPSHCeBjVmZK/eEa6H1sVAbN27M2NhYRkdHMzY+lu8988O89703pafnndm0aiDlseMZGS9ltFrO6OhIqsOn07t6a1Zf9P6Uu9dOLdQs1EcyPj6e8ljS/8rf5rvPPZqhkbfm3W51rLG98bH5Ru7VMnD0SE6eOpreVRen96orMj4+Xvhs9dGgvXp7aK86i/YKAABYSgLUpnp9cgTIfCfAG1PPtvHR/OB0OUdXdWVwvJbRWr2xMt0bb+Xi/h/l12s/yyWnXk35x3+dvPOfpL7l46mNvJH60X9MefSNnBxelR8NvSd/faKa42+dSPXkUOpDw8l4PeVyVy7uW50d77osV6xfPccomlLbnYaXeo+cW4upj4W6+pprcsmmTfl5f3/61qzJiy++mA0bNqS379cyVPuVvHX8rRw/frwRWoz0ZGS4O+vXV/OO+pvZfMXqVCqVecqsPpKkXitldfdF6Sr1pl6bP5Bo3Dhl1lnGs+oqr0lP18bUa3OHI+qjQXu1/LRXnUV7BQAALDUB6oTmSdECzlx6Ssn7ytWsHxvKM2OVDI7VU67VcrxUSm10PPVqPePlntRrpZRfeCb1gX9M6Yp3pfaODycX35jx5/8q/UdX5Zsjm/KPp8cyPlhLd62UjX192bihK1etX533XbMxH3vnpbl47ariEtdbZV6aPdBZFl4fC7Vx48Z8+MMfycAvf5lTp05lbHQ0x44dy7GjR/PTN97Iz194IW++8UbGxsZSq9WyalV3Lr/s8qxZsyabLr10AYGE+kiSarWayy9+dzZf8ms5Nfx6arXiUVeLVSmvypWbbsol699VOBW2RX00aK/eDtqrzqK9AgAAlpYAdYqFn3StLSXvTjVX16u5uZL8vFbPy9XkxOrevLX5V/Iff/xSjo735WNrf5FrxwdS6n869V/+NPVLr8qJck++f/zdObn2snz4mkvTV6lkw6pKLutdlSs39OSSvu5cvGZVeldVGvcHKZwSW1rhN5xY2lCiXC7nPe+5KeNj4/mbg1/PqZOncumll+att97KM898LyMjI6lWa6lWx1Or1XL6dGOIUblSTqVSmbcc6qNhfHw8a1ZdkQ9s+1cZHH4zv3j9+6nPuU8Wtr/KpUquuez9+Y137U3fqssyNjZ30KE+Jmmv3g7aq86ivQIAAJaOAHXC5HS/hZ4Al5NcXEouriTXlpPRej3jq3py+sO/kec39uV7P/x+/u4X/bn54teya+1LuWzsl6m/+rM83/XuHF/7zvzee9+Riy66KJVy0lUqpatcSnellFJjMbSkPs9pXPNOwyvT4utjIXp6evL+D3wgV19zdV577fVsve66nDh5IgMDA/nZz36WanU89Xo9pVIpl112ed7767+ed7zzV1Iul+Yth/qYNDY2nkvW3Zh/uv1/yg9++u/z8uvPpKuyOuvXXJG1vZdl9ap1qddrefPkS3nr5IupVsfT070277z6t7Jx7dUplUoZGj2RU4Ov5sTpgYzXRnLd5g/lpuv3pG/VVRkdHZu/xOpjCu3VctJedRbtFQAAsLQEqDOc2QlMdynpLpWScrJ+w7pc/sH35903bMuPnn0uf/V3T+cvX708v3vFsVy3ZjBPndiaS6+/LtdtviTlcnmJy7/SLP0JZXd3d6666upceeVVKZVK2bBxY/7Fnlvz2muv5dix11Ot1rJ27dpcccUVWbdufXMqbGnJy3F+Wlh91Ov1jI/V01u5Jjtu+h+S8kjK5a5USj0ZHR1Pvd7Yo6t7V+XFV7+b3p4N+b2b/3Wu2/zRjAyPJmmMyFrVU8l4bSS12ljq1dUZH6sv4OYtFxLtVWfRXnUW7RUAALA0BKhN7TedqNXO/oSnVCpl/bp1+Scf3p6bbrwh3/v+D/O1Hz6bVcP1bPuVd+TGX31XkpzVa5VK5bRG2qw0S10fxa/T2HerV6/Otddem2uvvXbW5yxkH6uPmWq1WsbHk1Kpksa+GZry+PDwWC5d976Mj1Rz+foP5vhbp6c8PjSU5gjHrtTr84/iaqc+Fk57dXa0V51FewUAACw1AWqb1knXUlu3bl127fhY3v++96Zer2fNmjXz3uBjIZZ6uminWa76WC7qY66/Lf67kZGRM/7b+f5OfSye9urMaK86i/YKAABYSgLUpLmGXDK5lN/ynMSsXbt2ymuevcb6gxNrEK4Qb1d9LD310VnUx9nQXi2Mz0dnUR8AAMBysKBdkmq1lq6uciqVcsrl8+fkpVQqpVwupaurvKzTRt9u6qOzqI/Ooj46i/roLOoDAABYDkagJqmUGzfd6OnpzthY44YRtVotnTpwpVRKyuVyuru70tPTnaSUSmXlVKX66Czqo7Ooj86iPjqL+gAAAJaDXnoaU1VPnDid9ev7Uq/X09U1lvHxasdO/SuVSqlUylm9elX6+npy8uRQVvesPtfFWjLqo7Ooj86iPjqL+ugs6gMAAFgOAtQ07mg8MjqaEyeGsm7d6vT29rSdcHXaSVdjjbSursZNXU6eHE5SSW9v77kt1hJSH51FfXQW9dFZ1EdnUR8AAMByEKCmMQJk3dq1GR0dzZtvnk6tVu34tdNqtVoq5Up6e/vS29ubcnnlLGerPjqL+ugs6qOzqI/Ooj4AAIDlIEBtqlQaoz6M/OgM6qOzqI/Ooj46i/roLOoDAABYaoY5AAAAAAAUEKACAAAAABRYQQHqQPbf2pfevr703ro/A0u23cPZt+TbfDu23fm+s68vvX23Zn+nvvmB/bm1ry+9+w4XPHxrevv6UvBwZzu8r/FZmfW/ffnOuTo259nnK1dzfy/Lez/zujyvj/Hl0v7ZmbJj2uqwb1++s8jN2tdt3+HTvhda+6a3ry+3LuoLo32bM/+7df/AOdvvHf/9BwAATLFyAtSBb2T/gebPB/bnG05K6DAD+2/tnHBk+z0ZGhzM0OBgDj6QJLvz5ecHm7+7Jx861+VbFoezr1MvVhw+lPtaP99/aNHhG+fI4Rcmj6f2OuQsHcgLL7Z+Hsg3Jr7cF2tz9jzRbNeefzS3JMkDByfavif2bF6S0naajvquAQCAFWLFBKgD39ifJ5M8+MADSQ5k/5IlqNtzz+Bghp7Yk5V5qsWZ2rzniQwNDuae7fM/d2D/rdl6x5mGAOfCSjvuD2df366ODbi+c+j+JLvz4AO7k9yfbwg/zg9tF+sGXjicZHdu2X1OS7Ri3Heo9SF4MS8cSG7ZvTw7djHt+Png/PuuAQCA88MKCVBbI1QeyM337MiDSZ7c/41pI83ap1fOnGLZmE43+d/k6I3p01+nTgnct2/flGmFE9MB9zenIp/tNOiBtu3MmGZY8J6af9M+1XHGNMUpU7g7dRrhtOmXhdNlz817n7HdaXU1Ue+H902c0N6363yZnj71uJ/1uO7bl++078spx/kZ1N2Ul9839XXaHpryWZ3+2Zq1bgey/9ZmeHrgjmyd+P0CyvG2OJxv3J9k957cfvue3JL28KitnLfuy75ZpzjP93j7pqa2V8nZTiWeq56nT59ur49pdTd96YY5273OcMsDD+SWiYt1ze+g3dszkcPZ12fogTz4QCZHYjdH9m7f3tqzrzffa9vn9SyW/pjSjk/U2f62tuHW7D+8v7A9muv7pH3pgaLlB/bfWfD4nPVScCycl981AABwflgZAWpr+v4DO/KhbM/ND2TGNP7v7NuV+/JADk5M5bs/u9pOOnbdnzx4cDBDg8/ny7uT+3bNHqYM7L8znz4w+dwth++ftUj3vbAlTwwOpv/R3cmBO/KVMzmPGdifW6+/I082pxz2P7o79+2aFgrtfjT909/T5puzZ3fy5B1fab6H1sn9o7l9e+P99u66P7c8+nxzCveBfPr6cxUeFRnI/luvz6cPtNXZ/buaJ5id+N4Hsv/OO/Jkq0wHH0gO3JE79w8k2+9pHAdpHjfn8VCnKcd17s+ufVvS33ac3zlRP0V1N89nseXA9tw9y+Pf2deXXfe3lhs4mAcP3JGtbZ/j2et2c/Y8cTAPJsnuR9M/+ET2bF5gOd4OzYDolj03Z3Pz+J11Gv+Bw9nyZ602apbjdr7Hk2T77fny7vYLTJPh7c2LHmo8Xz23PTZ4MA/mQD595/4MZHNu3jO1XWzMINidL9++fZ52r4Ns2ZLtSZ584cVMjJLcsyNbWo/b12dsy5bdSQ7nxYHWyN4HcvOO1qOXZs89D6R9pPbEDJQdS9O2Prk/ub3VjudAPr3rhUZ7dLDxurvmbXOSDOzPnXccaHssefKOO6ft2wPJnlken/e7v+BYWEHfNQAA0GlWRIA6/eTpQzuKpvHfn119fdn34p48MTjz5KIxYuPF5ppps60D2TbSdXuSbG6eyM3UKsvmLY3/H35h8Wek09/X5pv3tI14aq7t9sSWfKWvL73X35EnJ/6yedLcOsFsBsy37Lk5mzM5XXhP8yy+sb86bNrwlFA8k8Ho/m9koJPfe2uE47X3rMg19m7Zcm2SyeO6tV9b/04yT921zP1ZnPzbRkjVWGtyegDVvFjSDBvPrG7nKcfbYGq5px2/7Sbed8Fz5ns8bY+1LjC1h7eLLfg89fyhewYzNHh7Xry1L73Tlk9otGWtkbatixyN8s/d7nWSmyePv9Yoyebno8G+PlPXTpTjcLO8WyaD6STZ3phpMuU9TXwvL4HtWxp1dO2W5rqpzf3e+nfTQtqcJ++4Pr237s+WewYz1Lx4M2nybxuhcWPt1znrZUHtKwAAsNRWQIA6y8lT8ySn/YTiQ7c/OnHic9+uadPlmiOFkiT375pj2n1jlNGMk7ll1ipvKyhsjHhqTeHblcOPPj95g4ymzXvumTjBbI042jNl2NOBfPr65nZ3NUbRnknIu+xa9dF3fT59IMmBF/JCR7739jB9cvsrbQbl9i2LiH5mrbt5PosLceCObG1OXW1UX2OkWvPBBdftWZdjScwcldgKo6dO459qvgszcz3eHsZMD4DOSEE9N6arX59Pbz/YHBXZXog9ubsVPk67yNEye7vXWVojJb+w7/7MFuDZ12eoeeHkyf37Zi3vlIsn0wPFJXDLlCB8PgVtTmu/J21t1uJmO8xZLwXHAgAAsDzO/wC1dfLUHEnWfrIxZRr/5uYIs4npx+3T6Wa5U+/EdOR216YxSOTtPVFpLBfQ9t8929tGoRwsGOXYOsHclzvbRhxNar/regffkbjtjskTd4jv1Pc+4872xUtBXBBmq7tkns/iArSWSZj4r31U1yLq9mzLsRRad25vC4VbIcys0/ibGtOaiwPtOR+fGLF2Z75wxlPK28xaz61g+NH0F4zqbY3W+8Kds13kKGj3OkwrIH2y6MKafX2GWkvxHMiTmf04nvqelm76/uIVtzmNkcGtZRWSLHKZkDnrpah9BQAAlsV5H6C2prq11hkbmhKITN7go/2mE5v3PNEMuLbn2s3TbiKxeU+eaKZfM0/apk+NHcj+fbOvgboUpk69nOWmRUlzanPyna+0T2NvaC1l8OSB5MF7Ju+mPn2Jg7O7sckymb4W5Gw3Cemo9z71pksfuqexlm4rVJkyxX2lm7Pu5v4szm36+sbT9vmcddu8+DHhbMqxdBqjEmcGJY2yTJuCP7GOZcGU5fken9CaWt4Ip85oSnmysM9o82LTwP59U6aVJ5mYhv3kgQPJA/dMhOALavc6RWuJiRTtR/v6TG2Z+MAWHMft72kpp+8vwpxtzpSbiG3PPc2LswsZ3TpnvcxzLFxQ3zUAAPA26jrXBTg7raBg5oiaiZFB+7+RgT17sueJ55Nbr8+uvlbguTtffr45YmPPE+nPrdm6q2/ixPOWR5/PbINwNu/5s3x5/4F8eldf7svufPnRB5IDZxmiHrgjW/vumPKrWx59Pk/s2ZNGsXel9/7p5dqTP3t0f568o/m3ux/Ig7vvz32HX8hAtjdO0lvrxE0/udx+T4YOJr27rk9v82UfPDh9bba3S2P646fbf7X70fQ/MUudTYyw2v72vvf7J/d/y4MHB3P7lN9szz2DB5O+XW11+UAODu6ZWp5dfY2bXz2x58yClPPC5jnqLnN/FufxoXsGczB92TVxzDyQg619OWfdNoOs5jHz4MHB3HMW5VgazZGDs4Q/rdF19x06PNkO7X40Ww71pXdXQVnne7zNRPu4wCnl97W1jQ0P5ODgPXPW8z0HH8h9u+5vPvZAHnzgQO67vxHyNV6xNVJ82ujBzXO1e52m9R5a+7F4yQT7enEm9lvh1PzJ97SU0/cXZa42Z/PMx/LAwQwt5It2znqZu329sL5rAADg7VOq1+v1pdxgf39/rth89t31sX/7W0mS7j/6+llva1k178L74MHBjjjpBFaaw9nXt2uOMGS+x2fRusu3gGX52dfL5jv7Gusg+/49M+dNPwsAANr8cmAgW7duXdJt3n333fM+57yfwv92a0zRm7zZTGOtwd1Z1D0nAM6hiaVPznRKOQtmXy+X4hHcAAAAS02AukgfuqdxM4gn77g+vX192XrHgXM4/R1gMRprv26940Cy+9H8mYZrGdnXy+bwvvT27cp9SR486OZJAADA8jOFHwDgAqOfBQDA+cgUfgAAAACADiNABQAAAAAoIEAFAAAAACggQAUAAAAAKCBABQAAAAAoIEAFAAAAACggQAUAAAAAKCBABQAAAAAoIEAFAAAAACggQAUAAAAAKCBABQAAAAAoIEAFAAAAACjQda4LMJ+xf/tb57oIAAAAAMAFyghUAAAAAIACHTsCtfuPvn6uiwAAAAAAXOCMQAUAAAAAKCBABQAAAAAoIEAFAAAAACggQAUAAAAAKCBABQAAAAAoIEAFAAAAACggQAUAAAAAKCBABQAAAAAoIEAFAAAAACggQAUAAAAAKCBABQAAAAAoIEAFAAAAACggQAUAAAAAKCBABQAAAAAoIEAFAAAAACggQAUAAAAAKCBABQAAAAAoIEAFAAAAACggQAUAAAAAKCBABQAAAAAoIEAFAAAAACggQAUAAAAAKCBABQAAAAAoIEAFAAAAACggQAUAAAAAKCBABQAAAAAo0HWuC7B0juQrn3k4hwoe3XrbQ/njnZuW55Uf+0y+cCjZcdcjuX3bsrzEWSjeL9PLu/j3cSRf+czT+eAje1P89Nbr78jdj+zNtqNP5U8/+3j6t96Wz927M2deI0fz1Oe/lPz+vdm5KTn61OfzJ4/3L2s9L9trtPZJ69+L3Ddvx3tPZjs+ptYBS2na5+ZcF2fBmuU+6883sHIU90OW+3ur9f3Y+t5a/v7aedZ2T+9/tDsP2/GjT30+/y6/v6zHFABw4TIC9QJ26OHP5E+fOjrx7217H8kXH1lMeFocWE/altsfeSRfXNITiaN56vOfzWNtPf5NO+/NFx955DzsNB/JV6afvPQ/nj/5/FM5WvQn58jU42NmHQDAYvQ//tkp/ZDltrh+zgWu//H8yWNHznUpFqwVlgMALJcVNAK1Za6r/q3QZ2v23nZNHnu8Ef81RkCkLRBq20bbiMm91zyex5qJ4byjJo48lj98eDJenHz+bKMTZv5uakdwa/Y+NHWUX2sUxfzvueA5zfL1P/6lPHVjY9szRmZMew+ToxHaw9ND+cJnDmXHXY/kEwPNkZA7diSHDqU/W7P3oU/lpc/OPhrj2cc+M+v+nDlCpH1U2415dqKe+vPYZz+Tb932UP4gX5o5CnP6yIodd+WLe1slmNzne297KY+19vWU5xR5Nl/5zOPN99+qm7Zja6KuZvvdNEeebmxn4nWb5er/dp49ujM7N81yvDTrZeYxOFu5WtU91z7dmU0LOM4nt/FQrvnqzDo4/8Lr89/C24m2z+KUUUXTLoS0H/8LbPva26Idd921TO8UOP8V9ENePpZk6vfMzOcv8Du7/Xt/6225+yNTSzD1u/AMtrnjrnzu6q9OGdV6Rqb1T6a2qzMvUE48Ptv3f6uvNr0fMbEbF9CvmTHatLmNQ0/nyN5tU/vDs5Z52vfRjtuy96XH81j/ZB3O2w85g/3S2rYX8cYAABLySURBVFb7a/c//tn84beb2yzsxwIALN4FOgK1fyI8TZL+x7+UP53SKTuUL0y/6t4/GSA0/vnZfKXowvz0Dlvz+X/42JEk2/LBHY3X+G7r7ydCtA/MEp42y/vZxzLx9CknGM3yLnbE4ra9uXtHY9svHZvl8aNP5U+nvYeFjkboP3SoefLykdxY1EtdzP48E7NNSzv0cP5wxn46NHnS1HzOfOXof/zxtpG3rbrZlBs/sjVJf771bPMVjj6bb/Vn7v1wydXZOuV1WyN2Fz8tfvZyLdKMevlS3sbBQSzCfO3E0ac+39ZO9OexL301L03ZwiyjyA89PHM02BzHxNTXSA49vJBR6QAzLaxvM9d39rQZHf2P5wsLGpG4iG0eejj/7tsLeTdzmKV/0t4HOvLYzNkdE+3utg9kR5L+bz87sV+OPN3YaTs+MEt42izzWY/ynafMOfLY1O+jQ48vfobKGeyXQw9/vriPchb9WACA2XTsCNSxf/tbi3p+9x/9H82fGiMip5o5Mqt1VbvRYe9Pf27L5x5pu1r90kCOZlvbVerJbbSCi0NPH8nt26Zf1T+ap77a7MxOv8p+6Kt56rfvzc4PNEZovjRwNNm2aVrn92ie/XZ/MsuIw//w1G/nj3cey3cPZcpV9EZ5Hs9fHdm5qNEQl1zdCPxa5ZhVwciF2x+5K5k+anZgYudOGeE2u4Xuz+k2Zee9DyXTRnYefWrqs458rdEJnxy90Bq5MHM/TV8bbc79MeX9tbZ5KN89sje33/iRbE3/xGiao89+u1GGj9xYPNph04356Nakv7+xpELzSDiztdMKyjXvLp26kWkjapsB+5Q3MHsdLPYzu5J1/9HXp/z7zNuzIvO3E3/VPJmdMkKn/eSzeeFmxmfk8a/lyM7246/omDgy4zWmXzxyTMD5b+nas9n6Z5PB30L7NkXf2Uef+mrjO3TGd+H8ZVz4Nhv9ubOZKN7qG8zoI371qXzi3p2NZQb2Tj6/1U9ttLuNi/CHDk3OUvlu4wp8Prgti2jXp+l/PH/ymcdn/Hrrbb/d6N/NU+ZjT7fP6No099qqZ7hfmiWafUbPznvzuUxbD77VMSzox/p+ujBNb88AYDE6NkBdXlvz0eaQwFaIOBFyNUcEzuj07fjURIdt085PZcfjD+dQM2SdYmLU4W35xMRD2/KJ27bm0OPNDvC2D2RHDuXQt5/N0Z03ZuClZKLzm2N5qT+Z7USj/+VjydGBxiiyWTq78wZ/i9EK9g49nD9c6LIFTXMGhi3t+7MVPM62P8/I5AnFP58o76bs/NSOPPZwK7ieKEhzvyfbmsH2/EVvhcPNUaf9rRC6tc8aU97ycn/aj7XZbcrOex/J5ikjbw7lC595qXja/6LLtYiNTIyWndwGnWiB7URbOzTRbjWfd7TR8DRGx09pSl7KlI9I0TExy2tMtG1L90aBFWwiLJu3bzPxF4Xf2cdebl7QmeW7cJ5SLGKbk/25M9Xa5uRF06b+l9N+vbJoTc9WGb/17NHs3NwKTJtB53zt+oK7A1ODyrnLfLTZj23r77RdHF6o+fZL630/9tnP5LEk815sPot+LADAbDo+QF34lcLWSMdluvPpjBGpBTZtzjWZJYCdom0EwZE0Atfm9P35y1CsfR2xhWh1Vq/ZPNvfNIK9nW3TwaasK7XgVymw0P2ZTJ5YLdgluWbWFHxpFIeSrZO1Q/nukQ+kcVYzx/T9NpMjTlr7u7EUwM6dM5/bOkFaeLlmseh9Oj9X9ecf0bL49uwMzNNOzK95oeeSs9pIEscEnM+Wvj07s/5Zo29zIWiEnPna5FqhX3xklqUN2i7CP3XNocx/oTaZaNeLnjZ9PfSJPsh8222W+UwsuB/SDH+37c0XH9nbFixPrsE/++yrefqxvp8uKEYcA7AUOj5A7RgTN/XJ5JSuazZnU5KpXftWeNc+7aw11XVrrmmGEhNX0h9ujm74wLZpf190onGkEdCe7UL4R5/Kf2if9lWosSbn7RNT4Sb3w1lp35/NaVvT9+fEFLrW4wu2KZuvSdLfms7cnMbWXFqhERif+QlZ/7efzdGdjemBjWnUkyF0azTtoYcfTjL/aNzWicDkqIii0S2t0SOTr7mYck1s5Yz3KZ1lge1EWzs00W41bWp8SIpH5Mx3Uty6WDTHawAsSKs9KezbzH9RqTWjqDXle1Mmlxk5U8u5zdmDvyP5ypS+WWt0Z7vWRfjmOqNtF2rnbdfns2ln/viul2fcZHTuMidHGl8Gk6Hrka8VLp1Q1A+Z7zUmi3hvvrgzE0vGzL/80zL1YwGAC84KDFBnX2OrsQbS2Qyp6m+bNtTc5Adm67BNThWfMQ2pbdr61Kmu7SHm5CjG6e+j0amc7DhPneY2x53ekxTtl9a0rxlmuRFW4w+mj6hsbHfrbQ/lD4peelbF+7PViZ45Ba1gGzvuyueunvrItt++LVsPPT5zG1OWVjhDM6YYttXflGlr848KmVi+YMZ7nfzbRlA2c38tplwL36eLNVkH897llzMw2+e2EZrO1060gviJdmjr1qnLk7TaoFk+Iwu7ODPLawCckTPt20yaWKakYD3PMzHbNrduXcjc9OK2e9vEhdbpfcS72tY+LejLNk30cTLtQu1Zt+tp3mT0UL5wqD+Pfemp3HjvzraLw7OVedvEoIC5+hjz9UPmfo1LCteznd4Xb2x/R+6+K/nCgvqxAAALUz7XBThvbL0te3e0//Oh4ivk2/bmi3ftmPKrrbc9NC1gapwsJJkxfX/Tznvzudu2zvj71utt2/tI7p66+ey4a/F3bd9x1yPFIxRmeQ/Jjtx979R1wM7YHPtz087fz962Te+4665MLUkjpJ7Tpp3544duy5QS7rgrX1yC5Qe23nZbW3m2Zu9D7SMAmwF4srBO+mzlnHLCuCk7f7/98R25e0a9zF+u+ffpYi2gDlhW87UTm3be29ZO7Mjd934q10x59rbc/sj046D9M76wMtw95XN821keV8CF6uz7Ntty+0NTvy/3nk0/ZZZtbr3tofzBR85yk7N972+9LZ/bu63xenftmPr75nMPPd02Crd5sXbmhdqzb9eTZNve5jb6H8+/e+roPGVOsm3vlO+jrbfdNaXP0Xjb8/RD5nyNxs0rp29z6nfep6Zub95+LADA4pTq9Xp9KTfY39+fKzZvPuvttNaqOedr6LXWgzrbKfOzaK1rNd90Jc4vM6flc6Eoarfe/vZs8u7TM+6KvAxtGbDydE57dg5NzMaZXC5F320hWt9By3RfAlikC6rdArgA/HJgoDEraAndfffd8z5nBU7hP19M3il+7jVIOb+01h9dyE0dYLm01gGeeTfm+dblBaDpkqubS59Mn1Kv7wYAcKHp+AC1XD7HqwysvT47PvnJvOei67O2XF6SNQ8GX/hm/vrv38zGT34yd370ltxgIYWV4diP8v986+fJez6ZO/Z+PDdfpmI5d7btfSh7X5q2ZtyOu4yKBpbEOe+fvR0u+8189vObGt/tEy7KTR//WK67AN7+mVubrTt+L79305ZcukR9ZwCAc63jA9Rzrm9Lbr5lyxJv8mP55NJukk5wyXvyyVvec65LAU2bsvPeR7LzXBcD4Hzmu/0M9OW6j+3Odee6GAAAS8hFYQAAAACAAgJUAAAAAIACAlQAAAAAgAICVAAAAACAAgJUAAAAAIACAlQAAAAAgAICVAAAAACAAgJUAAAAAIACAlQAAAAAgAICVAAAAACAAgJUAAAAAIACAlQAAAAAgAICVAAAAACAAgJUAAAAAIACAlQAAAAAgAICVAAAAACAAgJUAAAAAIACAlQAAAAAgAICVAAAAACAAgJUAAAAAIACAlQAAAAAgAICVAAAAACAAgJUAAAAAIACAlQAAAAAgAICVAAAAACAAgJUAAAAAIACAlQAAAAAgAICVAAAAACAAgJUAAAAAIACAlQAAAAAgAICVAAAAACAAgJUAAAAAIACAlQAAAAAgAICVAAAAACAAgJUAAAAAIACAlQAAAAAgAICVAAAAACAAgJUAAAAAIACAlQAAAAAgAICVAAAAACAAgJUAAAAAIACAlQAAAAAgAICVAAAAACAAgJUAAAAAIACAlQAAAAAgAICVAAAAACAAgJUAAAAAIACAlQAAAAAgAICVAAAAACAAgJUAAAAAIACAlQAAAAAgAICVAAAAACAAgJUAAAAAIACAlQAAAAAgAICVAAAAACAAgJUAAAAAIACAlQAAAAAgAICVAAAAACAAgJUAAAAAIACAlQAAAAAgAICVAAAAACAAgJUAAAAAIACAlQAAAAAgAICVAAAAACAAgJUAAAAAIACAlQAAAAAgAICVAAAAACAAgJUAAAAAIACAlQAAAAAgAICVAAAAACAAgJUAAAAAIACAlQAAAAAgAICVAAAAACAAgJUAAAAAIACAlQAAAAAgAICVAAAAACAAgJUAAAAAIACAlQAAAAAgAICVAAAAACAAgJUAAAAAIACAlQAAAAAgAICVAAAAACAAgJUAAAAAIACAlQAAAAAgAICVAAAAACAAgJUAAAAAIACAlQAAAAAgAICVAAAAACAAgJUAAAAAIACAlQAAAAAgAICVAAAAACAAgJUAAAAAIACAlQAAAAAgAICVAAAAACAAgJUAAAAAIACAlQAAAAAgAICVAAAAACAAgJUAAAAAIACAlQAAAAAgAICVAAAAACAAgJUAAAAAIACAlQAAAAAgAICVAAAAACAAgJUAAAAAIACAlQAAAAAgAJd57oAAAAAAADnwt133z3vc4xABQAAAAAoIEAFAAAAACggQAUAAAAAKCBABQAAAAAoIEAFAAAAACggQAUAAAAAKCBABQAAAAAoIEAFAAAAACggQAUAAAAAKCBABQAAAAAoIEAFAAAAACggQAUAAAAAKCBABQAAAAAoIEAFAAAAACggQAUAAAAAKCBABQAAAAAoIEAFAAAAACggQAUAAAAAKCBABQAAAAAoIEDlgvPdw9/Kdw9/61wXAwCApsOHv5XD+mcAQIcSoHJBaQ9OhagAAOdee59MiAoAdCIBKiveD3/wdH74g6cLH//bb/5N/vabf/M2lggA4MI2X//sm9/8m3xT/wwA6BACVFa09o75D3/wdD64/aOpJ6kn+eD2j+ab3/ybiX/rpAMALL/Z+mct25v9sxb9MwCgE3Sd6wLA2217WycdAIBzT/8MAOhkRqCyor331z8w688tH/vYb876MwAAy0P/DAA43xiByor13HM/SjJ7x7xdq2P+9f/ytSTJb338t5e3YAAAFyj9MwDgfGQEKivSc8/9fdJc3bTx89xanfPpPwMAsDT0zwCA85UAFQAAAACggACVFemGG26a9eci7dPCTBEDAFh6+mcAwPnKGqisWK2O+fM/O5Ikuf4d22Z93muv/SKJjjkAwHLTPwMAzkdGoLKitTrn039uaXXOp/8MAMDy0D8DAM43AlQuOC+/1J+XX+o/18UAAKBJ/wwA6GQCVFa09mlh179j25SO+csv9eeyy66a+Hf7zwAALA/9MwDgfGMNVFa8orW1WnTMAQDeXvpnAMD5xAhULihXX7N11p8BADg39M8AgE5nBCoXHB1zAIDOon8GAHQyI1ABAAAAAAoIUAEAAAAACghQAQAAAAAKCFABAAAAAAoIUAEAAAAACghQAQAAAAAKCFABAAAAAAoIUAEAAAAACghQAQAAAAAKCFABAAAAAAoIUAEAAAAACghQAQAAAAAKCFABAAAAAAoIUAEAAAAACghQAQAAAAAKCFABAAAAAAoIUAEAAAAACghQAQAAAAAKCFABAAAAAAoIUAEAAAAACghQAQAAAAAKCFABAAAAAAoIUAEAAAAACghQAQAAAAAKCFABAAAAAAoIUAEAAAAACghQAQAAAAAKCFABAAAAAAoIUAEAAAAACghQAQAAAAAKCFABAAAAAAoIUAEAAAAACghQAQAAAAAKCFABAAAAAAoIUAEAAAAACghQAQAAAAAKCFABAAAAAAoIUAEAAAAACghQAQAAAAAKCFABAAAAAAoIUAEAAAAACghQAQAAAAAKCFABAAAAAAoIUAEAAAAACghQAQAAAAAKCFABAAAAAAoIUAEAAAAACghQAQAAAAAKCFABAAAAAAoIUAEAAAAACghQAQAAAAAKCFABAAAAAAoIUAEAAAAACghQAQAAAAAKCFABAAAAAAoIUAEAAAAACghQAQAAAAAKCFABAAAAAAoIUAEAAAAACghQAQAAAAAKCFABAAAAAAoIUAEAAAAACghQAQAAAAAKCFABAAAAAAoIUAEAAAAACghQAQAAAAAKCFABAAAAAAoIUAEAAAAACghQAQAAAAAKCFABAAAAAAoIUAEAAAAACghQAQAAAAAKCFABAAAAAAoIUAEAAAAACghQAQAAAAAKCFABAAAAAAoIUAEAAAAACghQAQAAAAAKCFABAAAAAAoIUAEAAAAACghQAQAAAAAK/P+VI26di5FXywAAAABJRU5ErkJggg==" height="600" width="800" />
<img src="data:image/png;base64,iVBORw0KGgoAAAANSUhEUgAABVAAAAJcCAYAAAAfG4+9AAAAAXNSR0IArs4c6QAAIABJREFUeJzs3XecVdW5//HP2nufMmd6Y2aYQhk6SLWgCAj2qNGosQfFkptrbmKuJDfRJJabq6ZZEn+5iTE3GNTYxYKJGAUVVBRpIgxIEYY6c6aX03ZZvz/OmYGBGQYTpSTP2xeRmb332muf2f6R7zzrWUprrRFCCCGEEEIIIYQQQoh/MbNmzer1HOMQzEMIIYQQQgghhBBCCCGOShKgCiGEEEIIIYQQQgghRA8kQBVCCCGEEEIIIYQQQogeSIAqhBBCCCGEEEIIIYQQPZAAVQghhBBCCCGEEEIIIXogAaoQQgghhBBCCCGEEEL0QAJUIYQQQgghhBBCCCGE6IEEqEIIIYQQQgghhBBCCNEDCVCFEEIIIYQQQgghhBCiBxKgCiGEEEIIIYQQQgghRA8kQBVCCCGEEEIIIYQQQogeSIAqhBBCCCGEEEIIIYQQPZAAVQghhBBCCCGEEEIIIXpgHe4JfF4aY01Ut+5gS/NWtrftZGf7LhpijcTcGJ72QKdOVOBpzaSS4/n66JkYSjJkIYQQQgghhBBCCCFE947qADXhJlhdV8WiHe+wum4tjfFGXJJhqUKhlAJAKVBaJTNUBbZnM6HPOAlPhRBCCCGEEEIIIYQQB3TUBqhVDRt4ct0zrKxfDRoMFMowsDCBZJWp67nkBnLw0LTbbSilcDyHsQWjGVc0+jA/gRBCCCGEEEIIIYQQ4kh3VAao6xs28uN3/wfbS2AaFkppdKrq1NMejueQH8znlNKTSXgJ3tm1JFl9qjUecNWwS7GMo/LRhRBCCCGEEEIIIYQQh9BRlyK2xFv42Yf34XgJLMNEJ5NTtNLYnkOWL4NLBl/IsLwhLN75HvO3vo6HxlCKhJtgWulUhuRWHu7HEEIIIYQQQgghhBBCHAWOugD15c2vsitSS8gMdn7P9hwsZXHhwPP4cuWXaIw18sCK31Ldug3LsFKVqRqf6WfGiEs7e6MKIYQQQgghhBBCCCHEgRxVAWpTrJlXtrxGwPCjAa01rnaZWHw8lw+9mIqsMl799HUeXvMIAD7DQgNKKRJOnBnDrqAgVHBYn0EIIYQQQgghhBBCCHH0OKoC1I1Nm2lOtBA0/NjaIS+Qy/Ujr2ZS6QnE3Ti/WfF7Xt++EFNZGBhoNEqB4zn0y6rg3MqzDvcjCCGEEEIIIYQQQgghjiJHVYD6SeMGtPZwtMsppZP52vDLKAzlUxdt4Ocf/op1jeuwlA+l2NMbVWs0mm+N+QYhX9rhfgQhhBBCCCGEEEIIIcRR5KgJUD3t8VH9Wkxl8s3RX+e0flMxlEFNey0/+/ABNjRtwm/60BrQyWsUEHFi3HjM9QzLH3w4py+EEEIIIYQQQgghhDgKHTUBatSJ4jd83DHxViYUjQEgHKnnjiU/ZUfbTvyGD0j2O+1IUaNOnAsrv8yXKs84jDMXQgghhBBCCCGEEEIcrY6aANVQBt8a+28UpjaBsl2bX634LdvadiQ3lVIatO7cWMpQBpcNvogrhn8VU5mHefZCCCGEEEIIIYQQQoij0VEToKZZaaRZyR6mWmv+vO5ZltYuI2ClEcNBaYXf9FOaXsLxfcZxYsnxDM7pf5hnLYQQQgghhBBCCCGEOJodNQHq3jY3V7Ow5gNOLJtC/7QC+qeX0Ce9iML0IgpCBShlHO4pCiGEEEIIIYQQQggh/gkclQFqeUYxf5j6U5Tr4LXXYUWb0Qkb7daC66CDOSh/6HBPUwghhBBCCCGEEEIIcZQ7cgJU7aHjbWBHIZCB8qVBD5WkvubteGtewVu/AKdxOzGtk5tHGSba9GPmlWGUjcWqnIxZcgwqkHmIH0YIIYQQQgghhBBCCPHPQGmt9eGcgG4PY29ahLtpEW7dZkhEIZiFmVuOWTIcs/+JmIVDwArsuSbWjNe8A91ai9dYjbtjFe7uKrzWMHSEqQAojMJB+MdegDXiHJQ//fA8pBBCCCGEEEIIIYQQ4ogza9asXs85fAGq55D4+CUS7z2C17QDDCPZu1QZaM9D4aE1KMPE7DsK37ivYA0+FWUFux1Ot9fjhjfgbHgTe91rEG0Fw0ADSmvMviMJTP53zIrjD+1zCiGEEEIIIYQQQgghjkhHbICq4y3E33wAe+WLYJjJPwCeB9rdc54yUIDWGgWY/SYQmHIjZsnoA47vNW0nsfpF7A8eR7s2yrTQrgNKEZx+E/5xl4Jx5HQvEEIIIYQQQgghhBBCHHpHZICq7QjRF76Ls/l9lOUHVDI01WCUjsQsn4CRnod2HXTzDrzwRtyaT5JL+7UHpo/ghb/EN/DkXu/lhtcTm38X3s61YPpAa7RrEzjhKgJTvw3K/OIfWAghhBBCCCGEEEIIcUQ68gJU7RH92z3Yy59D+VI9TT0HIz2fwKk3Y1ZO2X+JvmvjNW/H2bCQxMq56MYdYFqkffVXWP1P7P2WsWZif/spTtXrYFpoACdB8Mzv4x97yef+iEIIIYQQQgghhBBCiKPDwQSo3W9z/wWxP34RZ9mze4WnLio9PxmGDj2j+/6mpg8jbwD+E64l/ao/4j/ha2jPJfriD9DRpl7vqYLZBM+6DWvYdHBsFKBMH/H5P8Wt3/z5PqAQQgghhBBCCCGEEOKfyiELUL2WXcQW/hosf/IbGtAeaef/FKNw6EGNodILCUz7T0IX/RIdaSTx0QsHd50vjeAZP0QVDQbXBWWAUsQX3Aee85mfJR6PE4lG8TzvgOdprYnFYrRHIsTj8c98n94kEgnaIxFisX98bNu2iUQiRCJREokEjuP0+HwHW7TsuC7RaJRIJEIikfiH53g4eNqjJhIm6sT+7jESrk1tpA7vMO3XJoQQQgghhBBCCCH+fodsJyV7+ZMQbQYrVX3qxPCddC1m6djPPJY1aBqhSx4k9uaD+MdfivKl9XqNCmYRPONWoo/NBDww/Tib38XZvQar75gu59bU1LLk/ffJzc3B9TwmT5qEZVm0tLTw3Ny5zJ8/n5bWNh584AEqKwfud68dO3eyaNFi3nrrbT7dsoVYLEp+Xh6jjjmGKVMmc/JJJxEIBA4438amJt57bwkZGRk0NTVx8qSTyMvLQ2vNylUf8eqrr7L6449pamoiFEqjcmAlU6dOZdopU0lL6/3zAGiPRFi+YiULFyxgxcqVtLe3g1KYhkFubg6FhX1ID4UIBoOEQiGaW1uoqw3zrW99ixHDh3U7pm07rFy1kjffeoslS96noaEBrTWZmZmMGD6cU089leOOO5bcnJxur/+kcRMf7P6QDCud+lgj4/qMYXzRgTcNA/hg93I2NW4mYAaoizdwdr9TKc8qY9nuFawIr8bVDrn+HKJujHY7QkuiDReHkBWiKNSHobmDGZE/lLR9qqDbEm18a+H3OK5oPLMm/AeG+my/c9Bo/u/jR1m0413un3o3Rel9PtP1QgghhBBCCCGEEOLwOiQBqm6vI7F6XnIjJwCtIZCOf9zf34PUqpxKWigvOdbBXlM8HLPfBNyty8G0UEphf/TSfgHqx2vX8N3vfhcNTJx4AtOmTmXX7t1848Zvsubj1ZiGiTIM/PuEoG1tbTzyp0f5f7/5f/h8PkaNGkVFRTmJeJzly5ezbNkynnzySaZMmcKdd9xB35LiHucajUa59Yc/JBKJYJomL7/0IsFgkJ/+/Oc88cQTKBSWz0J7mngiwapVq3j++ec5YeJEfnrP3ZSVlh7ws1iztorbb7+dDz/8kP4DBnD9ddcxfvw4TMPko9WrmT17Nu+++y6ZmVl89atfxXFc6sJ1NDU3E493X425/pNPuO+BB3jj9dcxTYvLL7+ciRMnkhEKsXHzJubOncsTTz7JsOHDuOO22zjpxP172MbtGI+vfwafYaG1ZmBOvwM+R4fa9jBz1j2BL/WOnVh8HOXAyvDHPLfpRdLMNDw8rhxyCeWZ5SS8OJuaPmXB9reJuzEs5aN/ZgWzJnyL8qw9n11tpI64F+ftHe9y/sCzGZI3+KDm02FHy07mbfkrljKJO0dnFa4QQgghhBBCCCHEv7JDEqA6NVXo9gaUL1Xd59pYI8/GyPzHqvHMkmM+2wWGhTVkOu7WDzu/dje/g441o4LZnaelh9Lx+XzYts2gQYOIRKL8xzf/g1UrVpCbn4eTsIkn4qSHQp3XRKJRvv6Nf2fZsmX89J57mHzyyeTk5mCZJo7rUlNTy/0PPMBLL73EwoULaGlu5tE5f8Lv93c71fRQOoWFhVRXV5OVlYXf5+c7N3+XT9av456772bUqFHk5eZR31DPwoVv8pv//V+09ljy3nt869s38cTjjxEMdtNTFlhbtY5LL7uU1pZWLr30Um6/7cekp6d3Hh86dAhnnnE6//X9W/jbG3+jva2d79/5XQKBQI/L+pctX8E1115LW2sLQ4cO48Ff/5rBgyo7j5988iSuuOwynnn2OX70ox9x9TUzeeh3v2X6tGldxnGVJmD4MQ0DrTWm8h34Z5rit/z4TT+mMlEo/Gbyc7UMC7/hR+OR5cvgvMqzCO5VZXp+5Tn8Ytmv2dpazebWT7lr6S+5f8rdpKWqmhvjzcmWBQrmbnyF7x337YOuQvW0x6PrnkKh0EBLovWgrhNCCCGEEEIIIYQQR45D0gPV3boUtVfopNFYAycB6lDcvgsjfwC6477KwGurw2vd3eWcgvx8HM8FID0tnd//4WF219byx9mzeeH553n22We44447se09FYWtLa20NLfwyssv85ULzqegIB/LNAGwTJPSviXc9ZP/5pRTTsE0TT788ENemvdKj/O0LJO0YAClFJZp8sMf/5iA38fLL73IxRddxLChQ+nTp5Dhw4Zx479/g/vuvRetIZiWxooVK3hjwZvdjhuNRvnu975HPB6noLCQH3z/v7qEpx2ysrK4639+QnZ2Nn9+4nEe/sMfkp+fYWAYXV+bhoYGbvzmN4lHo+Tl5fPQ737XJTzt4Pf7ueLyy/jSOefguS7fuPFGtmzd2uWcTCsdpRRag4cm15/V42e0t6DhT71OGqUUGb5UuG0olDJQKJRhEXO7VoGWZfblG8dci9YePuVnR/tOVtet7Ty+u313MpA1LN7d/T6bmz49qPkArK1bxzu73sdvJMPc2mj4oK8VQgghhBBCCCGEEEeGQxOg7loLxp5iV2VYGDl9D8Wt96dMlLlXVaMGL7ypyynNLc1YpkkgEGDui3N59dVXefaZp5l+ylT6VVQwdMgQrrjsUoqKijqvSUsLct99v2RQN8Fhh0AgwI3//g0c18PyWcydOxfbtrs917IsTJ8fpRQNjY2sWbuWe+6+i8zMzG7PP/OM07nqqquIRqMEAn6ee+4ZHGf/DbI+XrOWdVVVgOLLX/4yeXl5Pc43Pz+PU6efit8f4Le//R27a2r2O0drza8f/A3hcC2u53HTt79Nv4ryHsdUSnHD9ddjWiau4/Cb3/xvl02pHO0AChQYyiCuu/989hWy0pLdHJQCpbB1MgDPtNLR2sPVmoDhw2/sX3TdN6OYdF8GHh4GBltbqzuPtcRb8fBAKzSap9Y/j6cPvHkYgOM5PLruKQylOnJdGmNNB/UsQgghhBBCCCGEEOLIcUgCVN1eB50VqDpZARrsfhOhL34yXjJkIxnaKcPAa+haBalJhncoRW04zPe++z1KinvuVwrJis0hg3vvj1laWkpuTg5KGWzbto1YPN7teaZpkh4K4Xke8Xicb//Hf5CRkXHAsS+5+OLOa9dWraM9EtnvnKVLl6YqSDVjxozZ7/i+hg4ZgmEYxOIxlq9Ysd/xXbt38+RTTxIMppEeCnHGGaf3Omb//v0oLi7G5/Pz6qvzaWho7DxmGtael1JD0DzwZlsdIl4CnzJTy/4NQmZymX6uPxtHuxhKYSmD7qqeXc9NvhIkq17zArmdx2qjdaBTVdPK4oPa5Wxu2tLrfD7cvYKPG9ZiKRNU8vqmRMtBPYsQQgghhBBCCCGEOHIckgA1WRrYUWWYSqqijT2d/cVSBjg2ewdpOt41aPT5/Gg0ruNQWlrK8ccd97ndPuD3k5+fj9YejuMQP0CAmhYI4LoulmkyZnTvO9Hn5eeRm5uL9iASaaetrW2/cz7dsgXLZwGKzIz9l+7vKyMzs3Ojrh3bd+53fNGixdi2jeu6HHvsBAoLCnofMz2dyoGVaK2JxWOsXbtnyXyaGUy+KVqj0Z1BaG/SzCAeHlprFIpAqgdquxvBUiaGUni6o8K1q9pImNZE8rMKGD7G9xkLQNxNsKt9N6ZhkoxAk/88tu5p3FSFa3eidpQ/VT2BpSxMlax4VUoRjoTRHPymZ0IIIYQQQgghhBDi8Ds0Aaoyu37t2Xith6cfpI42ofdegu15YHbdqKijd6njuowcMYLQXptF/aM8rYlGI533sazu9/HSOtnLUylFIBgkP7/npfZ7zzs/Ly8V80Estn84m5+fj+smg0bP7X0pelNTI8pQyT6g/q6fk+d5fLB0KaZp4jgOJ5wwEdM0exhpr3laVjLo1RrHsWndK+j1pd4VDV02g+pNhi+tc7MnRbKSFaAl0YZlWKljBtY+S/hbE208tu4pNBrHc7huxAxy05LV0a7nUBetB+Cc/mcRNANYymRpzTI2NHRt+7C393YuZVPLpwzOqeSCynNxPBeFoi5aT8I9uJYEQgghhBBCCCGEEOLI0H169zlTGfl4TdtRnUGqwt36Ab7BpxyK23fhhTem9kRP1cQaBvtuqm6aJujkSv/09HRM8x/LmbXWNDU3s3HjJh7/8+PU1oYxlIFhGvh93e8yr5SiubUVv9+PYSiMgwgmPc/DdmwMI7lpUiCw//L3YyeM56Hf/Q7TMtm6bVuvY27csKmzt+iQIUO6HEskEmzevBnDMDBNkzcWLKClpZWGhnoys7IJBHwEA0E87RGLxonFY0SjUfoUFvLhsmWYpkl7e4K21r0qZVNr6VXqf57Z8AJ90gowDYtWpw1DmQTNIAYGUS+G69mEzDR2RWpQyugSogIYqfE6fuIJN0HQDNASb2VdwwYerXqCT1u3khvIZsawKzi9/7TOqUTsKM2JFlzP4Uv9T8dv+Hhy43NYhsUf1szhZyffmapO3SNqR5mz7gksZfLVwRcQskI8teE5TGXSkmghakc7q2OFEEIIIYQQQgghxJHvkASoZp/BeNuWA8mwSZkWzrrX0Cf/GyqYfSimkOTauFs/gFToldzcx0PldN30SKlkxKo1GEbvweW+Ghub2LJ1C5s2b+aT9Z/wycYNNNQ3kkjEGNB/AHl5eTTU12P2UoHaUYVqGAbt3SzH35eXuqbjGTK76Zk6fvx48vLyaG5p5o3X3+DqGV/D18McWlpbeevtN1FKUVJSzKhRI7scb49ECIfDycBWKerqwry96G1C6emkh0IEAgHi8TiWaeD3+3EcF8d12LR5M/369aOiohytNSUl+/SXTbWoNVB82rqVmlgYAxO/6cdnWLieR0LboD209kiz0miKN++5dr+xdKoCNMyP3v0fsn0Z1ETraIg1MKZgNKdWTOOEkgmUZpR0uTQcrcPBxW8GyPCnc/aA03l641xMw2Rd4yd8FP6YcUVd+8jO2/wquyI1jC04hmOLxrG5eQtGalJNdutBbUAlhBBCCCGEEEIIIY4chyZALRmFrZ/a8w1l4LWGsT9ZiH/0BYdiCgC4zTtwd66BvZdxaxejeHiX85J9NFN/9w4+8NqxcydPP/MMTz/9NI2NTQwaNIjTTz+dGVd9jfLyMkpLS4lFo1xx1ddoaKjHsnxEIhH8/t4rEpXaf/Oj/c6BVOWswu/3E4vHyCaryzl5ubnceeed3PSdm/hw2YfMm/cKX7ng/P3G8rTm979/mLr6ekzD5LbbbtsvkPVZFolUD9dIJMLtP76Nk0+e1GWuhmF0CYM7Al6g8+/JTa32ktq0CRTfGXsjA3P69/rsa8JV3Pref7NfgqpBp0LUnGAeoFhVvwZLWVimxWVDLmRofvebfzXGmnBcm/xQHoZhUBDI57Tyqbyx/W1MZfLHtY9xX8EIfKkWEI3RRp7e+AJKwdXDL8c0TDJ9maAUCrDdBC2JVvLScru9nxBCCCGEEEIIIYQ48hyaALXvMeALgufuWaJtBYm/+QBW5SSM9MJDMQ3sj18GNwFWkGSypiGYjbFPoOV5XnIZuEoGiQdjzdq1zLz2Wmpqaqno14//+78/cOz48fsto29paaG9vR2AQCCA2jc8TFFKdW7edLBM08Sf2njK5/P1GLp+6eyzaGy8gwceuJ9bf3grLa0tnHH66eTm5KC1pjYc5o9/nM0jjzxCXl4eP/zRDzl12rT9xtGAlWpBYJkmkUi02x6oHb1cO5/roChc7eI3um9xsL9klel+31XJXqoemjQrxA8m3MSDqx5ibcM6HNfhlyse5GeT7uw21NzVvhsPTW4wm4CZ/DlePPgC3trxLhrNpy1beWfHEk6pmAzA8xvn0Zxo5qSiExialwxl/aaPkBkk5sbR2qMh1kj/7IqDfCYhhBBCCCGEEEIIcbgdkk2kjOy+GP1PQHt77YBumBBtJTb/bvQh2FjHbdqG/eGTYPrp6IiJ52KWjsJI77pzvLd31elBhJgtLa3MnHktDQ2N9C3ty+OPPsqkE0/stgepYzs4joPnaQJ+X+eGVfvSWpOekY7jOPvPqQeGYaIA13WxLJNQWvebXxmGwdeuupJf/erXKGVw9913c9XXZnDdDTcw87rr+dqMq3nvvfe4edYsXn7pJS6+8MJug8+0YJCyslJcNxmM79i5vdc59kbvs8Td0U4PZ3blaDf5F9UxTqq6VSerXg0g5kQozujDd8b9O1n+ZGVuTaSG+1b8Brubd3B72y4MFNn+LIxUo9zSzL6c0/9MbM/GUhaPrn+auJugtj3MS5/+BZ/h56phl3T2RlXKINOflXzjFNREaj/bByKEEEIIIYQQQgghDqtDUoGKMgkceymRDW/u9U0Nlh93wyLib/yM4Kn/lQo3P3860Ub8tbvRThxl7lXRqF18w8/s7InaIRlWKkAdVAXqGwveoDZci8/ycfFFF1NRXnbA8z3PxfM8TNPaf/l6ilIKy/Lh2Dau309GN/1M9xVPxLEdG6XANEwsq+f+re9/sJQ7f/ITZs68lssu+Sp+v49wfT1aawry8snNzSEYDB7wfn6/n3HjxrNi+QpQirVV6zuX6v+9bM9NVv+mPnbHPbgANeImn1uTDEztVFhfEMzH9mx8pg8FRJ0YxelF/Pi47/G9d36MpSxWhVfzyNo/c/0xMzqrWF3PZXekBo0mP5jfGaACnN3/NF7ZOh+0pjZSy183/40d7TuJuTHOrDiVytyBneeGfEEyfZnURGpx0bQmeu9lK4QQQgghhBBCCCGOHIekAhXALB2HVTYW9g3ELB/2irnEXv8ZOhH53O+r7Six1+7C3bJ0n/DUg1Au1sCT97umo9pTKfC8AweoWmsWLX6HQCAISlFWWnrA8xN2Asdx8fv9RGPRLj1B951DIpFItTzQhELdV5PuzXUcbNvGMi00mniqP+m+wuE6vjbja7i2zbe+eSPl5WUUFRUxasQIjhk5kpKS4l7D0w5fPu9ctEqGqQsWvEFtbfigrutJuxtN/kUpFIpW5+DeCcdLoDAwAE97RN0YkKxo1SQ/T1OZ+FTydwZD8wdzw8iriXsJ/IaPFza/wuLtSzrHizoxaiNhFAbZ/swu9+qbWcKZ5adiaxe/6WPOuid5Y9tbWMrivIFndwmQfYaPDH8o2dNVaxrjTX//hyOEEEIIIYQQQgghDrlDFqAq00/glG93HxhafuxVLxF94Wa8uo2f2z29ll3EXr4Fe+3rYHbtpakdG//Eq1Hd9L50XCdVh5jaDr4XiUQidb6mpbXlgOf6LB/t7e0opXqsPgVwHIf29nYsy0RraGjsPXjTWqeW0yc7DyQS3bdGmPvCC9i2Q0FhAT7fP1aEPHzYME6bfirxeJy2tjYefeyxz3R9XV1dl3fCb5h42kMByejz4PrAhqxgarl/st9pwks+e12sCZ9holRymX/H9wHOGXgm08umdoao96/4DZsaPwWgIdZIc6IFZUBOMGe/+3258myCRiDV4UGT8BJMK51MZc6ALucZyiDLn4VGYyhFTXsYt6PdgBBCCCGEEEIIIYQ44h2yABXALB2D/8SrwY51c9CHu2UZ7Y9dR+LDx9Ftf3+vSB1vw/74RSJ/vh5n4+Kulaco8ByM/Ar8Yy7qYQCNp5OBVzyR6LFKFJJL7cePG0sikcA0DN5a+GZn39J9xRMJ7r//fhzHwXXdAy7hdxyHWDzWuXN9NNp7JWYsFicWi+N5GsNQZGZ2v+w/Ho9jWRZVVet4ad48wnV1RCIRHMchEokQjUaJx+M9PsfeDMPg9ttvIysrC9M0+cP//R9PPfNMr9dprXnm2ef47UO/71KxGXcSqNQyfM3+PVF70hhrxsQANFqDTyXbFzg6kYpgFQk3gbHXvQxlcP3IGRSl9UFrD1e73LX0l7Ql2km4CRJeAqUVOal+qXsryShmevlUbM/u3Gzsq0Mu6LLUv0NuMBuNRmFQE6096LYEQgghhBBCCCGEEOLwOzQ9UDspAhOvxd26FHfnGpQVYE+FoQbTAidO/I37SCx7Et/o87AGTcPIKUP50g48tOfiNe/A2boE56OXcGvWAypVebpXAKpd0Jq0c3+C8qd3O1R2dg6O62AaJo7d+wZXZ591Nvfd/wCu67J02TJ++9DvueG6a7ssg1+3bj13/vd/M3LkSAYOHMjWrVuorq6mobGRviUl+43puC52woZUmNhTNeneQukhEvE4Wms8T/cY/E6fPo1fP/ggiUSCW2+5lbz8fLKzswn4/WjA7/MRCAYJBAIUFRUxYvhwTjrpRAb079/teCXFxfzh4Yf5xjf+jYaGRm6//Xa2b9/BFZddSsk+z5awbdaureKPs//ICy+8wEO/e6jL8bgbx9MelmGitEebHe31uQEsw8TWDn6V/Hk3JVoopS+i0U9qAAAgAElEQVRxNxWAq2SA6u6zGVd2MIvvH/sdZi36IT7DRzga5ncf/ZFhuYPRWmMqs8eerhcNOo+/VS8g7toc22cc5Vnd974NmAEMDJRSNMQaiDhRAtb+G4wJIYQQQgghhBBCiCPPIQ5QQfnTSbvgF0QevxbdUpsMTbucoMDyo1triS/6PYl3ZmP0GYRZPAKjsBIjuwSsYLKXqmmiW2twG6pxd63B210F8XZAgdHNo2mN9jyCZ92CWXJMj3PctWsXruMQt2PYiURqw6eeN2QqKSnmFz//OTd95ztorfnVrx7gncWLOWHiCfgsHx+t/ojlK1Yy6z//k8suvYQhzw7h+z/4AQ319Vx/w9eZMnkyF110EYMHVXaOGYvGqKnZ3dnHtK2ttdfPtrGxkYSdwE7YNDU2EolESUvbP3geMXw49993H79+8EG2bdtGOBympqYmufwfME2DZOaoMJRCGQaBQIDLL7+Mm779bULdjDl+3Fiefuppfv7LX/D662/w4K9/zZw//YnJU6YwcMAAQunpNDc1sfTDpaxe/TH9+/fnT4/8iSmTu/ag9bSHpz00Jhqw3e77uO737LHmVPWnSrYASGXHBgaOdgkok7hn0xhvIivQtafpkLxBzBx+JbOrHsdv+lm8cwnv7/4Qv+HHw8Pq7l0C+qQXcnrFNF7Y/AqXD76o2+pTgHQrneT2Voq4m6Au2kBuN20BhBBCCCGEEEIIIcSRR+kDrU//ArnNO4g9dSNu0459lth3w/MguQ0PkAz2UArdUU2YqjBUykhtutQNrdGeQ2DqjQROmAn0vFP8hg0bee75ueQX5OO6DjOvvppAoPeKwVUffcSjjz3GkiXv01Bfj2GaZGdnMX3aqcy85moGDkz2x3Rdl3mv/IUPPvgAwzA49tgJTJk8mdzcPf1Yd9fUMGfOoxQUFFJbW8t5553DyBEjDnj/DRs3MveFFynILyBcV8f1180kPy+v23Nb29q47/77eeKJJxgzZixDhg6hpLiE/Lw8mpqaqKmtYcP6DaxYtRLHcTBNk2g0whVXXMmdt9/WY6DsOA4ffbSaeX/5C+8sXszOXbtwHAfLNEkLhZg06STO+dI5nHTixG43xtrRtpua9hp8pg/HcygK9aFvRnGvn/2mpk9pS7ShDAPXdRiQ3Z+cYDafNm2lOdGCYRi4nsvwvCEErf03yIq7CZbXrCRkpeEz/aRbQRKeS7vTzoCsfmQH9l/GD9ASb2VTyxbGFIzsMUCtjYTZ1roDn+nD9VwGZvfvcTwhhBBCCCGEEEIIcejMmjWr13MOW4AK4DVVE3vlDtztq8DyQaqH5YFoukaf+37d/Y2SlZWBad/GP+EK6CHo6vGeWve4jLu7c+vq6gmHa0kLhehTWEh6evetAg6XJe+/zy23/pD8vHzuuON2hgwehN/v3+8827b5ZONGfvrTn/HBB+/j8/mJxWK89OKLjBg+rNf7tLdHaGxqpLm5mbS0NAry88nKkuBQCCGEEEIIIYQQQhwZjvgAFUDHmokv+SP20ieSlaT7Luk/2HHYN0hN7ePuOhiZfQh+6Xasfif84xM+ylWtW8+5553HkCFDePLPj5Odnd3rNS0trVxz7bWsXbsW205w++23M+Oqqw7BbIUQQgghhBBCCCGE+OIcTID62UoxvwAqmE3wlP8k7bLfYJaPBc/prBj9TOPs/YUGXBs8D/+4Cwld+QcJT4F4IsFtt9+GbSeYdfPNBxWeAmRlZXLFFZdj2zamYVJXV/8Fz1QIIYQQQgghhBBCiCPDId9EqidW+XGYF4/C3fQmiVVzcbetSgapykQr1fsSeq1Bp3qiGgbWiDPwj7sYs3TcFz/5o8SmTZtZ/dFqsrKyGDCg/2e6tqK8AtM0cRyHfhUVX9AMhRBCCCGEEEIIIYQ4shwxASqA8qVhDTsba9B03N1rcLZ+gLP5Hbzw5mRlqk5uJKU8F4zkjuvJTaMUWH7MPkMw+x+PNWQ6Zn5lzxtK/YtqaGggYdv4A4GD2hSrCwVojWVZDB4y5ICnep7Hjp07sRMJ0tPTKSoqAiAeTxCuC+O6yQrj7KwscnJy0FpTU1NLIpFAa41GY5omfUtKaG1rw7FtCgoKAGhsasJ1nM6vOyQSCXbt2oXruuTm5pGbu2eX+/b2COFwGNDk5eV19mFtaGjAcRz69OkDQFNTE05q7Lr6eiLtETztoVDk5OaQvVf/1vb2CLW1tRiGoqioiGAwiOM41NTU4rgO6GQ/XH/AT0lxcecvAOLxOOG6Ovr06YPf58O2bWpqaykuKsK2HcJ14eRnoDVpaWn0KSzs8ssD13Wpqa1Fa01JcTGGYdDe3k64ro683NzOZ3Mchx07d1JSXNzZ3zYWi1FXV0/fviUYhpGabw3FxcWdm4K1trbS2tZG35KSLp+v63rU1NQQj8cIBoMUp54pkUiwu6YGrTVo8LRHZkYGubm57K6pwVCq89zW1lYaGhrJz88jEAhQU1uL57ponXxnMjLSKSgooKamhoyMDDIyMgAIh8OkpaXhui4NjY1YloVSCse2CQbTKC4uOuD7KIQQQgghhBBCCPGPOKIC1E5WALNsPGbZePzHX41uq8VrrMZr3omONiXDKTuG4Q+h0rJRuRUYef0wQnlgfcZg8F+Iz+/DMk0SiQRNTc2UlZYe9LXVW6qJxWKMHT+OoYMH9Xiebdv8df5rbNnyKbm5uTQ0NjJ61DGcMnUKjY0NPPPcc+Tm5oKnaWpu5ktnnUVl5UDmvvQilmmSkZGJ53mkBYOcfdaZfLTqIz5csYKvX3ctGRkZLF36Ia2tLVx04YWd90zE47w0bx4tbW2YhklDYwMXnn8+/fr1Y/fu3cx98SUs08Ty+WhtbeUr559PeXkZ773/Pg2NjXztiisAWLlyJXX1DVx80YW8+eZb7Ni1i9ycbBzbIRqP8eUvnUN5RTl1dXU88/xc/D6LRDyB5fNx+aWXAPD0c8+Rk51NMBjA8zzycnIpOqNPZ0BZW1vLs8/P5corLqdPYSHNzS08+9zzXP21q6irq+OlV16hKBXoNjQ0MGb0aCaffDKGkey2EYvFePGll2lrb+P6mTPJzc3lnXffY+VHq5h04olMOukkADZs2MjzL77IOWedxdixYwCoqanh6Wef40tnncnIkSNpbW3lmeef5/prriEjMxOtNX+dP58tW6v5t+uv62zxkEgk+MtfX2Xbju3kZGUTrq9n1IjhnHbqqdQ3NPDUM8/SNxXmep7HwIEDOWbUSJ597nlc1+X6a2eSlZXFm2+9RdX6TzjjtFMpKy3j6WeeJS8vj0DAj207DBwwgJycHP766nx8fj+XX3oJpmny+oIFDB86FL/fz4fLl9Pe3k4iYZObk0NxcRHFxacf9HsshBBCCCGEEEII8VkdmQHqXpQvDZXbDyO33+GeylFvxLBh5OTmUFNTy4oVKxg1csRBXReLx3n08UdRhuKHt9x6wOrVlStXUl1dzYyrriIzM5OamhqeePoZBg+qJBhMQ3uaiy64gIyMDN56exFvL15MSUkxjuNwyuTJDBs2LDmQBmUoQBOLxVi0+B3OPutMlKFQ+2wXVldfz9Zt25lx5RUUFhbywdKlNLe04Lour772NwYOGMC0U6ZiGAbLly/nxZdf5vprZ+KzfF3HUip1T0jYCcaOPoapU6agtebFl1/mvQ/ep7SslL+++irDhgxm8sknk0gkeHX+a9TV11NYUID2PM45+ywKCwuTj6F1Z/i55zYKv8/XccvOClPP04TS0rjk4ovx+Xxs2LCBl1/5C2NGjyYnZ09Frc/nw2f52LlzF1lZWezcuZOAP4Dn6dQ4HqvXrKGkqIgVH61i1KiRyapNkq0wXl+wkMrKys5Qt6ODcGNjI7W1YbKzs1j/yQaOP+5YAFasXMmuXbu4OvUz3bVzFx8sXUo8HkcBpmFw0YVf6fJeRCIRTDNZ5VpfX09aWho1NWECAX+y20Zq77ovn3tOMlBP8TwPv9/Hlm3VrF+/nhEjRuBpjedphg8fztChQ3nnnXfZvnMHl1x0EUbnMwghhBBCCCGEEEJ8MY74AFV8fjIzM/ned/+LWd+9mXvvu4/jjjuWYUOHHvCaaCzGbXfcwbJly/jBD27pDNW6o7Xmk02bGDdmT+DXt29fystKWf/JBo4ZNRJlGDQ2NhKLxQiHw2RlZmJZFgGfj2UrV1G9fXtyWX1hIccdeyyup+lXUcGmzZuprq4mMzOTlqaWLvfNy8ujT2EBzzz3PP0qyhk6ZAgDBw6ktbWV+vp6zjrj9M5l7CNHjuTd99+ntjaMYXQTviVzPSzLoqa2lrVrq3Bdl3BtmBOOP47W1lZ219Zy9llnYVkWlmVx4VcuAKC1pRXTNFm0+B0yMjNwHIf+/fozcsTwzuGVYaDRvLVoEQF/gEg0gqc1SikMQ2HbNlVVVQQCATZv/pQ+fQoJhUJ7fcbgsywGDxrErt276dOnENOyKC4uxnUdIFm5Wl9fx+WXXsoTTz/D7t27KSsrw9Me2Tk5+H0Wi995h2MnTMAyzc4d2D5avZoRw4ZRWTmQV159lXFjx2BZFqs/XsP4cePIysoiFosRSg8xdeoULMtCa42nPV5/YwE+n49YPM4pUyYTDAYxTYvKgWVs27aNYDBIIOgnLRTE89zU8xq89fYiQqEQtm0zYvhw+vfvh2GYDB00iDffXkRpaSlpwTQcx0YplQx9U/+2UiG0EEIIIYQQQgghxBdJAtR/MRd+5XwaGur5+S9+wVcuvIif3nMPU6ZMJic7u0uvzda2Nj5e/TH33X8/K1au5I477mDm1Vf3upmX6zhYVtfXyjRMbDuR+koz76+vYhkGWdnZneGm42ky0kP0KSjEcZLLsyHZEqBfRTmjR43k9TcWUFZWiml2regMBoNcfOGFbNiwkU82bOCFl19myqRJVFZWAnSpAFUqWcHqeS6GAQH/XiGcBiM1tmEYNDe38PHatWzZsoWpkyczevRoamtrO8fZV0eYmJ2VRX5+Po7rkJmR3u15oWAa6aljOrX5mVIKx3HZvGUrmzZvpqS4mK9edFFn+Js8B2zHoaK8nHWfrGf1x2voW1JCPB6nIwmtWreOjPR0tNbk5+WybMUKysrKUCgCPh+nn3oqz86dS0Z6On6/H8MwsG2bj9esYeLxx+P3+4m0R9m9ezfl5eUk4nF8qbDyk08+YfG772LbDuefdy6hUDoKRX5eLoFAANu2sUwTrTWu6zKgf382bNxIwrapKCunobEhVX2q8bQmOzuL3JxcbNsmLS0IJPvEHn/ssWzYtJE3316E53ldwu6Ojz75/a7vghBCCCGEEEIIIcTnTQLUfzGmafJvX7+B4447jtmPPMKPfvRjQukhhg0bRn5eHh6aluZmPv10C60tLUw5ZSr/8z8/YWgvG0dBMgAs7duXtVXrGT9+PD6fj7a2Nqq3b+fM007DMAwMZXD+eeeSn5fXGd7F43Fcx2HUyJEMSoWeHbTWRCNRTpw4kTVVVaxavZoRQ4d1OWfd+vVUb9vGGaedxujRx/Dee++xes1aRo0ahT8QYOPGTZ0bRW2r3objOBQWFlIbrmPnrl2d40TjMbSXDDMTiQTDhg7hpBNP5I0FC6hav46xY8eQm5sMCnfu3El+fj5aa159dT5DhgymqKgI7WmOP/64zs2c9qU9D6UMTjjheLKysmhsbGTdJ+uT4avnkZaWxpfPPYdt27bxwksvU1NTQ79+e9pXaMBxHbJzsrFMiw+XL+eCL5/Hxg0bsXwWtm2ztmodSilefuUvOI7N9u07iEQi+Hw+orEohX0KmXLyycz/299ID4WwLIvdu3cTjcZYu249Ves/IRDws2LlSsrLyxk8eDDrN3zCmDGjGT16NMXFJfz5qSdJJGxCIQ1KccIJJ3QJM1tbW3Fcl9zcZDi6avVqLjjvPGrrwqkl/Mmf7cTjjyeUvidkdl0X1/NAKaacfDJ/mP0ItuMwaOCALp+BEEIIIYQQQgghxKEiAeq/qPHjxjJ+3APs2r2bLVu2sm3bNpqamkhLCxIMplFRUc7AAQM6e3kerGPHj2fjps08/cyzDOjfn6r16ynMz2fI4EHU1dejSVaMBoPBzmu0ToZwHy5bxu7dNcml6BqOPXYChqGIx+KYpslp06cze84c4olEl3uWFBUz75W/EIlE6VtSzPKVqxgzZjShUIjTpp3CvL/8lda2VnyWj+UrVzJ50iTS09MZ0L8fby9ezEvz5pGdlcWaNWs595wvAckANRGPo5Ti5EmTeHj2bBYsWMhZZ53JmaefzkvzXiFcV0dTUzObNm9m4sQT0Kml+G+9vYicnBxc1yEtmMb48eM6Kzg9rdGeRzQaIysrC8dxOsNEz/NwXQfXdenfvz+jjzmGuS++xHUzryEzM7PjwyIWjREMBCjt25eNmzeRn5fHqkiEgsJCtm7dSjQa5evXXYc/4MdxHP706GOs+mg1pX374jgunusycuQIVqxaRX19PfF4nCUffMDYsWM4ZcoUlFLU1dUx5/HHmdLUxEknTmTOY4/zxFNPUzlgINXbq1FKkZubg+d5aO2xYMFCAgE/jutSXFRE3759icfjBIMBivr0YXdNDXn5+bS3teN5Hsmd4DQL33qLrKxsXNchMyODkSNHoj031SognVOmTuEvr85PXZPkOi6ObX/2l14IIYQQQgghhBDi72DecccddxzuSYjDJzMjg/KyMkaOHMGECeMZM3o0I0eMoKy0lPT0/Zef9yYYDDJ4UCXRWIxwfT0DB/TnlKlTCQSDuK6HZZlUlJV1BoodTMPEsiwSiTiu62E7NhXl5QT8frJzcigoKCAUCpEeClFQUNC5U33HPQdVVlJfV099YwMjR4xgwrhxmKZJYWEhZaV9qQnXEU/EmXTiRI45ZhRKKdLT06koK6M2HCYai3H8cccxbOhQlFJ4nkdxURG5ublYlkVZ3740NDVRVlpKUVERJUXF7Ni5k1AoxFlnnE5BQUFngIoC205g2w6GoSgrLd2zYZPWWD4fFeXlnUvzlVL0q6jAsiyCwTTKy8owDIO+fUtwHIdQKET2XhWthmHQt6SEzMwsMjIyqKwciEaTn5dHPBFn4IABlJb2xTAMLMsiJycZUBYWFpCWlkZJSQk+n4++JSUEg0GKi4toaW1lwrhxhEIhDMMgFAqhlCIzI4O8vDwGD6rEtm1qw2H69OnD9KlTKSws7NwMytUejm2TsB1CaWkUFfXBNA0G9O9PVlYmOTnZ9O/XD601JcXFZGVld1as2nYC23EwTYuy0lIM06S4pJiM9HTy8/IxTYOy0tLOql6tNdnZ2RQXF/faUkIIIYQQQggh/plEIhGWLFnC4sWLmTdvHosWLaK6uprm5mYKCwv3+//aX7Tkfik/oKKigr59+x7Se4tD6+c//zn33nsvjz32GEuXLmX06NF7ir2Ocq+99lqv5yjdkYAIIYQQQgghhBBCiCNOJBJh/vz5zJ8/n0gkAkBaWhoA0WgUgFAoxJlnnsmZZ57ZZTPiL9Lvf/97Fi9ezOTJk7nhhhsOyT3FoXfnnXeyaNEiEnutCB46dCi33347ZWVlh3Fmn49Zs2b1eo7swCKEEEIIIYQQQvwzCi/gzhkzmF31dx7vRdXsGcz4uy6uYvaMO1kQPthz//45/jOIRCLcfffdzJ07l4qKCm666SbmzJnDQw89xEMPPcTvfvc7brrpJioqKpg7dy533313Z8j6RVm0aBE333wzixcv7vL1okWLvtD7isPj7bffZseOHYTDYa688kosy2Lx4sW0trYe7qkdMhKgCiGEEEIIIYQQ/7QqqX66u7CyitmzHmHT4ZiSOGgd4Wl1dTVXXnklt956KxMmTACgqqqKdevWEQqFmDBhArfeeitXXnkl1dXVX2iI+thjj/Hwww9TV1fX5ft1dXU8/PDDPP/881/IfTuFF3DnjNlU7fe9Gdy5z4t+UCF/1Wxm7DveESH5y4MZ+/65cwEH9buHAwkv4M6D/CXGsmXLqKuro7m5mWOPPZZTTz2VU045Ba01y5cvp7m5+R+dzVFBNpESQgghhBBCCCH+iU2eXMGi1WGmT99rk+CqJSycNo1pCxfu+V54AXd2CVUruebe25lemDr2vzC54hEeWQhMu4VbutwlzII7Z/HIpmncMmcmwzu/7hjqGu69fTqFVDF7xj0sBJg1g623zOHcXXcya+sl3MI93JOazrRb5jBzeDcPc6A5dnO88pp7ub3jYNVsZtyz53l7vMcR5Pnnn6e6upobbriByZMnA8lqz8cff7wzIO1Yuv+Vr3ylc/l+R5B51VVXfa7z2bp1a6/9Il944QUmTJhAv379Ptd7dyosoYJHWFI1k+EdP7+6rWyqrKRy0WrC06eT/IlXsWQhTLvlCP8h96Lre5r872rW7BLmHKKXd9GiRUyaNIkf/OAH5OXlAXDzzTdTW1vLqlWrmDRpEtnZ2YdkLoeTVKAKIYQQQgghhBD/zI6ZSMWi1V2q1qqWLGTaxIl7vpEKHitumcOcOXOYM+derqncxCP/u1e126ZHWNTv3uTxLuFNKiytuIU5e4Wniyanzp0zh1sqHmHW7CpgODPn3MI0Krnm3r2CoYX38HTH2PdeQ/U93Szb73WOyaraPcdvoeKRWclxqmYz4x64JTWf5D0Oto3A4REOh3nttdcYNmxYZ3i6detWHn74YSKRCOXl5ZSXlxOJRJg7d27n8vnJkyczbNgwXnvtNcLhz/cB58+ff1DnfbFL+YczcRpU79rzbFVLFjLtkkuo2LSVzrrY8C6qmcbEozs/3Uch0y+ZBguXHNKK2enTp+Pz+bBtu/PPhRdeSH5+/iGcxeElAaoQQgghhBBCCPFPbTgTKxaxujNvqmLJwn2CpcLp3D5n70q3Qo6ZXLnPOJVMPqaQfVXNnsUjXMO9HRdXzeMRruHGvSpeh8+8hWkLn+45sKzc6/zC6SQzon0iol7mGF7wNAsrr+HczuPDmTlnDjOHh1nw9EKm3TKT4XuNdeM18Mi8I2/hdofly5cDcOaZZ3Z+r7CwkDPOOIMzzjiDu+66i7vuuovx48cDyaXWHTqu6Rjj87Lvsv2eVFdXf6733VdBv0o2be2YS5hd1ZX0KxjOxGkL6Xxt6rayqbIf/5+9uw+Pqr7z//+aEAwJ5S4DguEmw48MS+zS32XiV0gy0WIV22tFrbsS0L0stLttv4hATeuvrkVurEuXigVFdu22lyxXAaG/tRbsr0JdKSQQsUCvq35LkIBMJIS7DAkEcwMh5/fHOTNzZjKTTMKETMLzcV1Rcm4/5zPnc87Je96fzxnuX+qDZTF1g4++XGiX+mCA/7w+WPakln3wQXD+sg903hpWINL+yt+0dcm/3gF+y98M6eIfGMagTTf9ro0n/JWvfEXXrl3TuXPn1NTUpKtXr6qmpka1tbXyeDztBlGvXbumpuZmNTY1Rfxptr2UKtHRhR8AAAAAgD4ue+o4bfV34y//ULumTdVcSR+2WdLWxV6SJhS2v+FdK7RC0oQ5kxXoRX/6M+n4LhU/uT5s4QmaE207426TPTQ7PHOCVHJa53VbhIUjl7Gm8rg0bqbahnhrVHlc2rXiSe0KnzUt6pH1uMrKSkkKjHkqmd317d3yd+zYoSNHjgTm+fnXiXcGqn9fHenuAOqIyYWasP5Dlc/NVvb5j1WiQs0bISlzgnZ9WK652dk6f/ozTSh80Dwfyt9U8fpxem7DEmXLDGBG7AYfdbnh+mDZCn02Z5U23DvCymhepkzb8BHH11dq5oYNmmudn8Xr5mjVhg0aYWVOv1t+r+ZmmwHaFZ/N0aoN92qEla297APbUBPtMr8M0LTnrC8DyvXmis80Z9UGsxzlb+rJFe+q/F7blwXXYf369friF7+oP/3pT6qsrNTXv/51DRw4UKWlpfrzn/+sRx55RL/73e909913KyMjI+I26mpr1dTUFHHekCFDlHLLLXEoafcjgAoAAAAAQF+XPVXjrMCKPtylaVPnSiGdgINByQlWkOj8B8tU3FFP7AlztGqetK54nT6YbBuLNDDmaTx1sYyW3jDmqV1H2Z6rV68OZJhOmjQp4nin3R3IjKa7XmAVMOI2jVOJTp+XsmsqdXzcVPNcm1yoCSWndV7D9XGJVDjPGg31w12aMGdVIKiY/eAcTSi2ArC2zZZ/aA9OStlzN2iDJJ3/QCXHJwS2p+wHNWdCsTW2sDlpwpwHrfWGK3OCNKHQ+lJhxG0aF9jDeX1cclzTZi6x2obZJX/9VvvYraHaBP4n2LK9la25G5YEt376M8m2t66qrq7Wu+++q/Hjx+vWW2/VpEmTVF1drY0bNwaWcblcGjVqlNLS0rRz507dcccdmjRpklJSUgLL9OvXTwMHDtS1a9d09erVkH2kpKQoNTX1ust6oxBABQAAAACgz8vW1Gkr9GH5VGnXNE2dGza7/EPt6krQc9xtGjEiWzOnrdeKdR9o8pJ7NeK2cZI1FmXM2/rstM4rO7B8xGzSDsoYzFrNDptvBrRKTp+XsuMb0u1Ow4cPjzqvsrIyEDx94oknQrr5S8EA5rhx1x9Ms++zs8t324uklK2p047rwxr/eL7WCT1isgq1Th+fv02Vx8dp6gjJ7OIvHd9VrNCk6AlmADbwu7nchMII9V5TqeMap5nXffpEy4aeFrW9tB/4D31Z24QJ4cNudM2f/vQn3XHHHbr11luVlJSk/Px8eb1enT59WteuXZPT6dT48eOVlpamQYMGaeDAgaqsrFRGRoZGjAg9ioEDB6qpuTk0gOpwKC0tLSTYmugYAxUAAAAAgJtA9tRp2rVihXZNmxq5e6/9BTzlb6p4/fFIS0Xe9tznNO34eq374LyVnbdLK+yDLZa/qSeffDP6i2+Or1dgONLzH2jrrgma82CEUrZTxhH3ztQ0+3YCY1NK986cpuPr19nGg/TPS9y3SPmDj/axTf1GjBihhQsXauHChdHVfyYAACAASURBVIEXTNn51wkPZl2PWF8g1dXlO2t45gR9drrcGv/UP3WEbht3XJUfn9ZngfN8hG4bZ2Ut+18itmGDNmywZUzblguOrRqyM03QZzp93aeLGcyf9tyGsLJ0sct9+btaf3xa4OVoS2bGJ2D+6aefavDgwWptbVVLS4tSU1OVnZ2te++9V/fff79ycnI0bNgwGYahlpYWfeELX9DZs2fV2NjYZltJSUkamJamW2xd9VMHDNCAAQPkcDjiUt4bgQAqAAAAAAA3g+ypmiZpWqTXkmfP1XPTdmmF/2U0WzO16rlp0nH7y6fa3bjmPucPUo7QvUue07RdK4Ivt1khPRcIEpnZg+uLbQHMCdOkrdayxes17rnw4FYsZczW3FVz9NkK/wt1irV+3HPm2JLZc7VqjrS+ODivpDDWcSd7hv/lUJECkZWVlVqzZo3WrFkTMTO0pKQkZBvXq7y8XKWlpZ1ap7S0tNNZq50xYnKhVPmhKlUo+7vNsqdO02clJbJFVZU9dZqOr39XwRj9sogB/eypoW+4P//BMvMFUCMmq3DCcZX4G0P5u1p/PPJL1TootSYXTtCurcGXSpW/2f5LrTrmD+xa46MGdnWbxsle5g/bjgEcQW1trRwOh65evaorV67E/CNJ9fX1bbrqS9KAAQPU3x9AdTg0YMCAkIBqb0AXfgAAAAAA+qIR92rJhnttE8y30kf7PXvuBm0I69ofnB2+Ldv4kMEJtuXNbYePFBBpX+c/kKRMPbgk0vKdKaMiHLN91hJFmZWQRowYoenTp2vnzp0qKSkJyTS1j2362WefKTs7GBT3v1hq+vTpcctAXb16dZfWW7Fihf7jP/4jLmVoY8RtGrdrvXZNey70vBmeKR3/LDheqWQF0Jep+MknrQkTNGdVhKzPNstN03MbzCEj7l3ynCqfDA4DMO25DW2D/LEU+94leq7ySdtL1oL76DRrLNb1xU9qvSZoznNzNGGFNTbsiGw9OGeCitdbZZ42R3MmSB2FtGtra9WvX7+IgdD2JCUl6fPPP1dLS4v69+/fZt7AgQN19coVJffv3+uyTyXJYRiG0dOFAAAAAAAANyfzRVCF3fDSqd6voaFBL730kk6ePNlmrFN/Zmr4tI0bN2rs2LF6/vnnlZaWFpdy/OpXv+rSC6nGjRsX8eVWSFx//OMfVVFRoTvuuEPJybHnXR4+fFhDhw5Vfn6+hg4dGnGZixcv6pZbbkm4l0cVFxd3uAwZqAAAAAAAAAkoLS1Nzz//vF566SVt3LhRBw8e1Fe/+lVNmjQpEDhtaGjQkSNH9N577+nIkSNxD55KihgEraysDBnzMjU1tRtfGoUb5fPPP1dSUpKuXbvWqSzRpKQkNTU16dq1a1GXGTJkSDyK2CPIQAUAAAAAAEhgDQ0Neu+997Rjx45A0NIfIG1oaJBkBjAfeOABPfroozekTP5sV7/wDFn0TkePHtXatWvV3NyslJQUpaWladCgQRo4cKBSU1PlcDjU3NyshoYG1dfX6/PPP1dTU5NaW1s1c+ZM5eXlxTV4fyPEkoFKABUAAAAAAKAXaGho0MGDB1VZWRnoUj9u3DhlZmYqNzf3hgauGhoa9POf/1yHDh1STk6Ovv3tb/e6wBkgEUAFAAAAAAAAgKhiCaAm3YByAAAAAAAAAECvRAAVAAAAAAAAAKIggAoAAAAAAAAAURBABQAAAAAAAIAoCKACAAAAAAAAQBTJPV0AAED3MT73qXnPWrV498toqO1oaev/ju4u1g3iUNKQ25T68L8paURWTxcGAAAAANBLkYEKAH1Y067Vunr4vQ6Dp4ZhyAyc9pXgqSQZar1YrYbffL+nCwIAAAAA6MUIoAJAH9Zyoiym5fpS2DScUX+2p4sAAAAAAOjFkj///POeLgMAoLtcifEa7+jLIVSJex0AAAAAoKuSzW6bAAD0XdzrAAAAAABdRRd+AAAAAAAAAIiCACoAAAAAAAAAREEAFQAAAAAAAACiIIAKAAAAAAAAAFEQQAUAAAAAAACAKAigAgAAAAAAAEAUBFABAAAAAAAAIAoCqAAAAAAAAAAQBQFUAAAAAAAAAIiCACoAAAAAAAAARJHc0wWI6ugmzVtdKtfsF/VsobP9ZX0lWrm4THkvPquOFo3rujeAr2SlFm/2tp3hmq0Xny2UWeSj2jRvtbRonR6f6F9njBate1wTo24z+vzud1Sb5r2jsQla5zeMr0QrF29WhE/X5FmkdQ+cTejzs3PM87Q00izPIq17vIfOxk3ztFrm/n0lK7X45CM9U5ajmzTvnbG2dn2j/UhpxX+npJOrdXnrli7Mb8cDmzXob6Wrq2arqRNl6SdJTYfU9PpTutq5PXYv6/7Uluc6r6u2NhJyjcf1inovjeO1x34tiTA35D7dE3wlK7W4LK/HzqtYP4PuK6dPJSsX6+QjPfcZxJd5TlVFfU7uaH6oztR7j94re7Voz0Euze4Tz3kAAPRtCRpA9anknVJ5PB6Vbt6ho4XdGOhzFurZdYXdtfX4iPAH3tFN87R4paI/6Lqq9M7KEn0rfP7RTdYfMGO6r7yITci5F+0Pu4mJf352SqQ/Esw/KFaOje2PvHib+Pg6rbvhe01gI76ltAe2qGGHfWKRUp8yA5rGjSjDA19Uv0QMnNpFCHD6SlZq8bxNXQ+iHj2gUgKn3afNvdS87s7b1HNf4Nx0YvgMnIXPqk/d9rpb2S+1aeSzYc8OPpWsNAN1rhg3Q73fKG2fg3wlK7V48SaN7LHEBgAAEIvEDKD6DqvM69Ejz94pla7WgaOPa2LYE8XRTfPkTwByeTz2OWZ246I8la22svtcs/XisyO1I/Ctr+3hJSQD1Vp39hht3uz/fvh6M4q6x8QHZsu1+KR8UpQ/tPOUN6ZMh32FIQ9pRw9YgemIaYAJJCzDyxOWtWP//K0FzD++jm6SmeRj+8x8JVq5+KQesaaFZsEk+Lf+9vNT1nEsklb7Dz6QperPZA07Xzuox8QwUQ/Mdmlx2WH5Cv2BI/OP6uDHFBZUCsveDWSq+0q08pdS3pjN2lwqybNIL459JyyrJjQTzJ819uLYd6zzYrXmVZn7822ap3fGLlJe2WqrLOb5MnKH7foTkt0Tll1iCxaYGTt5ml21OXBcgXVtn9PieSd79JrTer5CSRk/kvTj4MScu9VPXl1rcpnjvuS8ri9Mc+varulqPGQt04ks0wFzy5T8+SG1js0xs0wlXfs/eWrYIfWfuVMDxg6S5NKA4jL1/z95athRpNSnFil5gLXwhd+p/s0fR9l6z3EWPiLP5nd01idNdEodnQ+/VJ7GbN6sUkl33uvSgQ/ME2PxvM2Bthp6vbK376PaNO+Axs6u0ubNXsk1W8/klemVk49okVYreIlYpwfO2rYREsAKa2eyn88x3A+jtcNA+SIfe+JwqvDZRTo5b7U23em/NrZXJ+rgmCXpQMhxt7nmHrBdk9sEy0PrLHzbUe971rwDY2eravNmeQP3Nfv2XAp5VEoYbT8DeyakwtpJ5HYRfh+PdO45g5/r6nm2rMywz9t+nobfTyZPlj4eEtIGejqrV5LG5OWp6sBRhTwo+w6rTB55XKWqsi/cJns+2KbD6z3a/SpY98F7pVPtfSYxXEs6Kle0e6f/cNs7H3rBc5Dz9jy5dDLwe5tsdvuzoC9yDwjX7Bf17Mgd0ecl7IMuAAC9R0IGUH2Hy+T1PKKJmih5pNUHjupx24Ph0U3ztLpqtl5cVyin/+FXLuUFlvBq8zt5enHdOjmtB+nF81ya/eI6rXNa6+84qsKIT1BebS7zr2tue/WmOxPwD7+O3X7nGP3ysE+Ftj9oD5R6dOciJXYANRAEXWc+XPtKtHLxSpVYD8Shn79/ef8fX3fKo9Cge/B8sv2BsO7Z4Lq96lv/Uq0+sEjr1j1u1ctqzSv1WHVlnq/vlDxgC8pFr8fEZR5HWd6LWvesFfLcNE+LN4202uFRbVq8WWMWrdOzE2X+Pm+xNo1cp8edkrybzXXXWaHYktj26ix8Vi8qtFuiT5J38zvKs187Fs+Ta7a1/aObNG+1P0s+GJhdZwvErCyx/eFSulkn/fOPbtK81b9Uye3PqnDi41q3SD3chd9ycY+ujXhEA6RAILR/lls6v0fGCCuX6dAeXcvLUb+sIumQ2Z1/QIZLxsnVMXbRlxxj3TJ25an+kBU0/dvNGrBjtpq2TtfVBzZrUNYFKwPVCp42/E71r/9Ysn4fNFcJGUQN6vh88G4uC5xbkvTNL4UO4xAcbuXZ4PUrJMO1VJtPLtK6df6gbJn5peOidTIvESu1ePU8lXqsZXwlWrn4HZU88KwKnda9c8wirXvWFuTfbJ2TTqn9+2E77XBiDG0hYUzUnR7pnbM+aaI6qJP2jtnaXGmVxlqfqVn/m3Sn7f5SWhq8Jof2JAl2t14XCGAv1kqZddb+fc/a9uaTwet9+PaswK9cwSelxGH/DNqeH+HtpP37uJl5GaxH27n37ItSSE+P8DYQISM55H5i1mnw+cKnw2VeeR55tmev2SNvV17ZDh01n5olmc89yntEY8tsAdSjmzRvdZVmv7jOFthcHf0ZN9r9KtK9ssNnq3auJbGUK1pZnLJ6VgWvkyH77iXPQb7DZdLsb8X2HDrxcfMZ0L+udZ94pNApqb15AADgeiUZhqHE+vlEOzZ75cl1yzAMuafPkqv0He2pCc4/UCp5HvYo3TBkGOnyfHOWXFJgG5J9vlu5Hkmeh+VJN+e7cz1S1RnV2JaPvG66sqe6Qpa98T+SFD6tRnt+uVleT67ctnIrfB13rsaU/TVY9k8OqNSTK3dg8Z77nKPvv0Z73imVZ+HswLEZ6R59c5a0eccn5uc3+3W9/gP/Z2Qepydw/ObnXXrgk8D2/lrmP58+0Y7N0qxv2tedrYWeUr2zp6ZH68MwDLNrdAd1Jbk0a7rbqpdsTXVJrlnTrboyz1fvyZqY6jFxPnezzbumZpufyyc7tFmz9E1PemAZ9+yF8ljXgZo976jUNUvT3f713Zr9+uua7Q7W0dTsdNv227ahkPYi+/ywZRXh2iGPHvaXzZ0rj6p0xl8uz8JAOfzXJm3eoU/827aX250rj7w6WRO9nPGq887ZopbzTiU94P+9SMkjpGvHKsKWqZdjxN3qL0n6kZLS63XtWCfGRr2wJ5C9evVYhQw55ciJsNwDjyh5gFdXA8HSLWosOyQj/W6lRlo+ivjWqxTps/pk02qVuqYqOz3W88FcNvJ2rXuhrQ2ne76pWa7g9UpS4F4ZWN92jqVnT5WrzTXDf86ly/OD1/X67OD65vKx3Q/ba4cdH3tP/ET+zAzDUPoY/3UztjoJXDvCrj3h1wtzXfP6EKhP2+fpnj5LLm+Z/mq7rgWve27NXuiR16qz9u97/n0HnwmMTw6o1H6tSvfom7NcUesgcT6D8OXC20kH9/FPdmiz13bc1mf6A//v9jqzll0Y+Lyt50nbM2fo/STs+aLmryrzepTr7mw9xO/HPB/TlT21Sgc+8U+v0V/LZJbbfrzu2Xr99R8Ezs/A83HE+586cb/q+NmqvWtJTOWKWhbzWSf4HOTf3my5E/Y5yKvNi+dp3rzgz+LNXtv5b4Q9lwQ/6zbbq9mjX26WZi23HWMs8/jhhx9++OGHnzY/sUi8DNSjB1XqmqXl/q9hnbdrqustfejPpPSdVZVcmmr/MtU5ssMRPV1jevG3r6Vr9FR4xqhrlpbP7ui76onKHfPbQDf+owdL5cmdLelgNxU0Hnyq8kqla55qO8h+WPdDX8lP9cJb3jazJ+Z6pDUHdXT2RE30HdaHXo8enijr3PGq9IWn9FbYpl2z4nsUN9KYkZHO7djr8cby6q2I9b9cP7AyJHxnqyRvqV54qs1SmiXJV+WVxjzccxk/rjER9+0zK7xtW+3ZCu+Sq8cqlPJ/W934c+5WP1Wo+ZCUnBe2zNh09ZN0Nec2JTWZy8Rb/yFOqalC1+wTD51W6zR3/HfWGd63IpyjHi183cwQPHq950Oke52cGtnp4avHKOIlwubo5qe0JlBOl6bGUrx22mFfaAuR62Sips9y6QX/ddWzUK93eB+2c2lMm2cXr6p80shI9ekcI1doB+yo971wvrNVkmuqQnfXB8Y+7+A+Hum4o28qwrIdPE9OzPVIvz0rnybK6auS15ObEL1XnLdPVdVOqxu/77A+1FR90ykdjrSwr0Q/feGt4Assr7dZxuvZqkvlMp91xjzcm56DXJq1/AehGbBHN+upNb9VyfQfdCIz9qg2v/CWNGt5hHXamwcAALoqOdZI643hU8lvSyWv2v5h6t2po55Zchv2b2FDFwmdFja/TVQ5NNIcbV3D/i379R5eFxiGJM9CrZ0VIVjQpkxmue1ldueO0ZqdR+WZJR0s9Sh3liGjItr6N1akz9DPs3CtIh+yIV/Jy1qyxSvJo4Vrvy+3KvTW/DUKfG7uXHm0RgePzlL6mQ/l9Txsy9R1qWjZ9yM+UPZsWzBsGQf2ybbzU+Hnatt1wv/fXj32jND6r3hrvtaUBrOFzLJJchVp2fcjdWU3FDx9IxxDhPYcvQ2H1nXoOmFLRrp2RJrfTlv1xVSO+F9rHF1Z6dAeXcv7llJzpJYst3T+l7qqsG/cDu3RtbxFSnpA6j8kuEyiivs5H+0ctX9+XT4fot2bbPuI5X5lmxG4VtjWMdufdSxrC+X0lejlJftjuh8GixL1Ih7jfevGiNa2JTPg6xptXoM6qpN0z/e11iOp4i3NX2MGiV1Fy/R9203FCK2wNteWtkWIUp+27dR0dN8LW7/9615ifwYh51nEczr6fdwcsiXaMYae/+0930W+58p8vvD+Vn+t8WjUwVJ5cmf18LODJBky0rM1pepN7an5vm4//KE0Za6Z7SkFn399JXp5yRZ5ZT4bfN9tXQOkjuvdvi8j7LPs8NnKF7KuVaTg9jtRrvbvnZFrJ/GegyJcB9z3q8i1RB/+tUaemK4lPpW8vEalnoVaa3t+MrU3DwAAXI+kni5ACN9h7fe6VLRsrdautf0sK5JLpTpYIck5SmPk1akL9vXOhOVoIMCdK0/pQVVUHDS77/d0eTqUrtEuqeqML8p8nw7v98qzcK3Wrp0V5XisbnYHS8xlc62lIp07fVZH9ZgY3LOWqchVqjUvl8hfUueoMZL3lKJ9TOnmgSnRjixRy9U1W9RyXuqX9SOr+36krvlmN/5+Ga+3s8z1u3rRJw1ID7xsSpKUc1uC3bzauu7zIeL1yqczcbvZVehgqXW/jfhlRfvaO77e1RYqdLBUGjPKqU7ViXuW1q5dq2VFLnn3H47xWCM9u7g0Oj1KnV04ZWXjxXLfCxXpOuqL38kTZ/bPoAMd3Mc7un90uGyHz5Nu5Xq82n+4xPxSOmEeqpy6fYq0/3CFDu+Xptzeti59h/fL61motWsjBxS7vuvre7a6vnK196zTO56D7GJqA5J8JW9qi9ejhREqrL15AADg+iTU36C+w/vldU1Rm+c+Z6Ee9kilByskuXV/kUulv/UHXHwqeXOLvG22BpNbuZ5SrVlTGgwkJjSnCh/2yLvlTZUEnnl9Knl5vl4OTrA9EFvftIdtxZ3rkUq3aIvX/OPUmmqeO2veUnA0xwq9NX++3qpQHxNbPfY8pwrnFsnl3aIl/g/Bfb8ZVLV/KBVvaf5883NzFj4sj3eL/hCY3f5xmX8k79dha7av5Ldtu/PF40iscr1pK4ev5GXNtwWHe5OrxyqksX+nZFWoJUrX/KvHKmSk57S7zHXb8Y5amlzqP/dH1oQipeblyGEbQzURXf/50PZ65f/D+OG49cm0Bz0q9NaS2O+l7bXD3tMWgplawVhDe3USfr8wA5uuKbfHHIBu8+zieViFzkjnS4XeWlMqV9H9gYBpR/e9ENZ19LclgQuf3tySiE9KkT6D9nRwHw8/bpnZjPMj3eTb3GtCP5OoJcj1yLtlS8J9Ke28fYq0ZY22KMJztJ8tSO8redk2TMX1iMOzVZfL5X/W+UNw374SvTz/ZZX4estzkKSKP2iLNxiQTx/tkkoPBo6p4g+261DFW1qyRSpaFuHLlPbmAQCA65ZAXfgrtHOLV66iOcFuRzZZOQXSq79VyX3F8niKtaDqaS2Zb2Y8FRQVyeXdHxwoXwrp4tim22GkrpHR1g3M7qEub7aytbeUvdzhZc7KKZBKpZws67jsx9+NZW+/vF5tWTJfoTlrLhUtLZYnq0hLi1ZpqW2+q2ipij3pMgzJM6dI+5cukfXxq2DBUhVtW6otB46qKMt6ZMzKUYFKtdc1xXr5hDk53Tp31swPPp0XLHhNs7Kid/+6MaJ017Wfn7L924i8Tsj50m499szZHN6+JEnpHhUvqNLTr67Ry6OXqtjjlKd4gaqeXqPgx1SgBa/NUpZhyFCWipYWadXS+ZofmL1Ar3nSFewpaNtHVpEWFDytV616cBUtUJHrVVX524vt+pCePUWuLWs0v9Tcn70bo3+75v/CukQbhgzDX67guSlXkZYWmy/OCBYt0royz1nvq1oyf7/ZDuIUI+tSF37J6qKfo37n90Tvmh/LMtdtixpfl1KfWqRBxX9nTrrwO9UHXioVm7ie8zFdQzt7PrTdbrqnWEu1Skvn+8/0Ai14rchqBzHcr9p0fbVfM7JUtKBAT6+ZbwXiXCpaukAFS1/V/sM18ng62n477dBIb/fYe+xeWmq/pviLtVSveZzW+dFRnYTPl+2Yw7pAB3Yq2/OFS0VTqrTE/3m6irS0KCu479cW6K2ng3XWmftem30r3bqO+tcpUFGRS+ajUiJ/BqHnmWz/DhxZu/fx8OOWde5lyTCk7CkubVkzX6UFC/TaLLc8xUulVUsVbGIL9Jr/Mwn5/GwFtp4vlJOlnrmX+oW10fRsTXFJmmK9kDF4AOb9zTNHRfuXBp6dVbBAS4u2aemWAzpalCX/d82R6z10X+H3Sne7n0n71xJnJ8oV+d5pPesEPkRz3550Q0Z6Ij4HRX/+zQpc+8068ddnwYIFKijdJhmGjh4wp7XZRsECLVD0ea+RkQoAwHVz1NbWJkoEFQAQZ/1++bVu3HqRUp/6llQ2PaGzQSXp2rd+39NFANAnVGjLgkPKebWILD8AAIA+4sUXX+xwmQTKQAUA9Co5d6ufKtSc4MFTqWdfGAKgD6k4qL35OZrZY714AAAA0BOSO14EAIBQA+aWqX96vVp2Te/G7vsAkCh82vvKcm2tzNf8NeSeAgAA3GzIQAUAdFrTm3lq6ulCdAL3OgDXJ13531utfCl0XHIAAADcFJJ6ugAAAAAAAAAAkKjIQAUA9Hnc6wAAAAAAXUUAFQDQ53GvAwAAAAB0FQFUAECfx70OAAAAANBVjIEKAAAAAAAAAFGQgQoA6PO41wEAAAAAuooAKgCgz+NeBwAAAADoKrrwAwAAAAAAAEAUZKACAPo87nUAAAAAgK5yXPrZ3fxVCQB91bUrPV2CxNDvlp4uAQAAAAAgAS09eWeHyyTL4bgBRQEAoAdxrwMAAAAAdFGyWpp7ugwAAHQv7nUAAAAAgC7iJVIAAAAAAAAAEAUBVAAAAAAAAACIggAqAAAAAAAAAERBABUAAAAAAAAAoiCACgAAAAAAAABREEAFAAAAAAAAgCgIoAIAAAAAAABAFARQAQAAAAAAACAKAqgAAAAAAAAAEAUBVAAAAAAAAACIggAqAAAAAAAAAERBABUAAAAAAAAAoiCACgAAAAAAAABREEAFAAAAAAAAgCgIoAIAAAAAAABAFARQAQAAAAAAACAKAqgAAAAAAAAAEAUBVAAAAAAAAACIItkweroIAAAAAAAAAJCYkomfAgAAAAAAAEBkyQYpqAAAAAAAAAAQERmoAAAAAAAAABAFY6ACAAAAAAAAQBRkoAIAAAAAAABAFIyBCgAAAAAAAABRkIEKAAAAAAAAAFEwBioAAAAAAAAAREEAFQAAAAAAAACiYAxUAAAAAAAAAIiCMVABAAAAAAAAIIrkViKoAAAAAAAAABBRcitd+AEAAAAAAAAgIl4iBQAAAAAAAABRMAYqAAAAAAAAAESR3MogqAAAAAAAAAAQES+RAgAAAAAAAIAo6MIPAAAAAAAAAFEkt/IWKQAAAAAAAACIKDl58K09XQYAAAAAAAAAuPEud7yIwzBIQQUAAAAAAABw8ykuLu5wmaQbUA4AAAAAAAAA6JUIoAIAAAAAAABAFARQAQAAAAAAACAKAqgAAAAAAAAAEAUBVAAAAAAAAACIggAqAAAAAAAAAERBABUAAAAAAAAAoiCACgAAAAAAAABREEAFAAAAAAAAgCgIoAIAAAAAAABAFARQAQAAAAAAACAKAqgAAAAAAAAAEAUBVAAAAAAAAACIggAqAAAAAAAAAESR3B0bvXjxoi5duqSWlpbu2DzQKyUnJ2vw4MEaMmRIXLdLewMAAAAAAH1Vd8VTOlWGeG/w4sWLunz5sgYNGqTk5G6JzwK9UktLiy5fvixJcWv0tDcAAAAAANCXdUc8pbPiHnG5dOmShgwZQjAHCHPLLbcoKSlJFy9ejFuDp70BAAAAAIC+rDviKZ0V96hLS0uL+vXrJ8Mw4r1poNfr169fXLva094AAAAAAEBfF+94SmfxEikAAAAAAAAAiIIAKgAAAAAAAABE0S0DJ9KdGLhxaG8AAAAAAADdhwxUAAAAAAAAAIiCDFSgl6O9AQAAAAAAdB8yUAEAAAAAAAAgCgKoAAAAAAAAABAFXfiBXo72BgAAAAAA0H3IQAUAAAAAAACAKMhABXq5621vFW89rVf3RpqTrEHpLt3+tb/Xo1PHKO269tIb+FS6aqm2jF6g12a5oy4Vtb6SB2m0e4ru//v7lTuyi7XVUKXSX5Vr5LfvV/QSRGKVXUVaWuyRM8ZjAQAAAAAAHeuWACqA3iZVrik5Gh1yRWjUqUN/0f6Nq1TV+EP9cNrInipcAmpbX41niKpO+QAAIABJREFUy1Ve8b7W/3i//vLPP9TcLw3u9FZ9h7Zoy8ejtSCOJQUAAAAAANcnAQOoVuaUt+0cV9FSFXuccdhHhd56+lVpwWuKnpzVthyd2r+vVKuW7teUpcXyOO37i2XfwI02UlO+NkttTu9ZZ/WHF3+sbdv+P/3FM1df6t8jhUtAUeqr4bDe+vG/a++b/yn3j4rbzu82TnmKX5PnRu0OAAAAAICbSAJ24TdkGFLB06+qKCTAWKEtC5bqZWNJHIKoVvkMc19t+Eq1atlWaeYSvfqMf1/m/p+uelqvFsUQ+TQMGTJkGEawPgxDhpGloldflf84get1vV34Deu/RsT2cKvu8IzWtrd9unjRkOFvDr7D+u+NG7X3WL1alKxBWTl66NFHNWWMv+u6T6WrlmnrmG/o6eTf6993n5MG3aU5z/+jvqQqlW7dqN//5ZTqW6TkQaP1pa89oZme0GECGqr26+23t+lQh/v4rn48uVzrN+7VsfoWJafeqi/NmBO2vQZV7X9bb//+Y3kvNKpFkfbrP36j3Tptt75Ss1X0z/fo0Cu7tW3XCRX8vSs4r4M6q9iyQK/tlSSvXn16r1Tgv9bEUnarLjRTS4o9ckY6lobY6h0AAAAAAIRKwAzUaNy6b2amlp26IMmpQMCgMrhE5kx/cLVCWxa8JtmCsL7SVVq2f4oVXGiPT6XrzeBpaKDWraIlM1W1bJtK7/NnloWVoSCW4Gpo2Sq2LNC20TM1ZutW+YdVDAkeW8FccxcFmjmzSlttxxEMupjzn361qJNjJwLtq/ddkHSrZGWfXq34b73077t1aeRdevQbOUrXBR16/21tXFku79PPq8htC8ft36h/HzlFRd/9mq5eSJUrzafSVSu19UKW7nn0G8pOly4cel9vb12pqpbn9aMvm8MENFRs0Uuv7VXjaGsfLce0+/d/jLyPv2zUv+0frOxHn9B3Uxt16P239dHWV6TB/6Y5Vsrs2T+8opXbL2j0XY/qiZx0pdaf0t4//l6Htr6ixtSl+t+5ne9uH5XLo/vSd2v7Ma98cskZY52NLPiunri6VRs/SteM796n0YNHxrHsPpX+e8f1DgAAAAAA2upFAVQ7f+bZ03q12AwX+kpXadnW9SrNvs5us75y7a/M1JQ5ETbi9Kj4VX8n2fAymL8v2BJjhqpN5db9mrLkVb3qtI7jtS3KebVIblVoiz8T1uO0gql7pcwpgWN+rWqmlrxqBlN9pau0bFVpDEFiIBZXdfbgRv3n7kYpc4qyB0vSWe3dsluXvvQN/XhObiBz8fbcHH1p/Y/0iy0f6cs/+rIC4biWbD3xdJFyA0mjpdpfKd313QX6+9v9K2crtfFH2vqXCvm+PFJOefX7X+xVfeajWlL8Zetcvl23T8nRth+v1Pvh+6hP1/1LivVlp78sI9X/mde0t9yrOV9yS/LqL3vrNajgf+uZIrcVB75dt+eM1Pr/5xc6dOysFM8AqgYpfaSk8rMyv+6Jsc7G3K4s1yDpo5Fy3X679UVInMruK4+h3gEAAAAAQCQJ2YXfv42Qzfj2av3WSuXPzzK7+D+zRgW2faVPmqJM7be6yRvmVmzb8G/K8HetD5sf3E+VKjVaM9I76GJf8QdtrczX/GeyrDKkq+AbM7V/+TaVfuUZFQQOJ7w8ofs2DEn5M1Rg7c9/HGdrDGVdOKi9mTP1QkG6uY/0As3I36q1p0Lr2L/N9IJntKbA2nbsFY5e7rq78BuSVKmtyxZoa6QFBk3WN75RoHTDkOE7rP3npJHZkvfw4ZDFGpIHS+cOqqLmHt3qtMqUma3MVFtbGjRI6cnSoe1vKXvQ1zR5zGD1V6py/mmVcqzCGN6D+qhRuuO+fHOfgT2M1j33Zen9TX/UX87co/tGWnNG5+hvQ9rrMI0eLanqrGqMLDmVqfuW/ET3+bfvXyw5Q1mjpUMNDbpiGOofMrRHO134gxeTKNeIVA0aJgW6+cdcZ2HDA5gV2LmyK3iNCzmWWOo96hEDAAAAAHBzS9gM1H1rF2pf2LTMmS8oPLmzYstCrQ0smKkpN6BskuQ7d0rKnKJ0+0TnrRod732MzgnJDEsfkymdsnZXMEP5W9dq+cKtkjI184VnVEAaGbokVZl33RHyVnmljpH7S1ma7BqpwLujLpw1T7/d/6X/2B1pO5dU5R9lI5L+X9KMJyarcuM+/ddP90nJqUp3TdZ9992nO7JHmtmZV6+qUekaM7LtG6sGp98q6Zh8l6RACmpyrG+2uqoG31mdOndO5yrK9ZePP9axc5JUr0vtFLnzLuncKduv11tnkq677LHUOwAAAAAAiChhA6j589e0CZbaBQKnmTP1wpoCOX179cry/de/4/QxytR+nfNJ7oQPRrpVtGaNiuTT3leWa+vyhdqqfM1fwzio6KxbNeWrRTEH4Dtqn+1x5vyTluRcUlX5x/roj3t16NhH2vofH+ntzJn6l2cKuqUrue/QL7R248e6YL6BSemDRyrzjrs0+c+79ee47+2Czp6TlDkm5AuWrtZZvMreE/UOAAAAAEBfkIBd+O3dWKMtcUyH9mXqsRe+p4J0Bd54b61lW8/2b+uN1KFdVSPsI32S7srcqv3lPuUXpIfNPKati9ZK81dr5q2jpcoqXTCMYJDEyjQbrRjKE7ZvI7SgMmQo/dbR0v6z8hlZgX1cqKqUdFfYcaQr/3urlW+V71DFTGVlRas79DXX294C22m3zVkGpStd0hHvGRlZ7b94yH8mR+4ePkijJ+Xr65Py9XVd1dnda7XiN9u1+0S+vp7cX6m6oKqzV2TcGppdeunCOUmjNdLqsh9tHyHTL32kTf/1sRrveFIvPJ6j9MAmz+r9P+/Wn23r24f66EjU+vIe0keN0q05E8whCDpRZ7YCmP/sdNk7OpZ26t3V4SEDAAAAAHBTSurpAnRdpU5d8P/7mLYu/7X1pnpJStfoTGnfoWOB+e//ujJ8A1Gkq+Abj0m/Xq6f7b1gm24GJ/dlPqb7siRl3afHMvdp7Vb/Pi5o73/9WpX5M9Qm7tpVWTnKr/y1/stfjgt7td02rsGFvT/Top/tVbAaDmmf8pVD8BTdZeRk3XOrdOF//kfljfYZjSrf9Jy+/9wmfdwYbWXpavlvtPy5xfqN1z61vwYPsr0IyXWH7kqV/vz+Pl0IWfuUdr9/TBo0SVmdaWPnvDomafJd9gCkpFMf6aML0VbqosZybf3lbjUmT9JX77CCpddTZ3Eqe0z1DgAAAAAAIkrYLvzty9LM+flatHaRNU5qph57Yb7yl6/VR+UXVFBgBkE/Wr5Wi/ZJUr7mz8/Xvu0xbj69QN9bPVJbFy3Xol8HJ2c+9oJWB6Kj6Sr43gvSz5Zr0SJrUv58rZ4Zz+hllma+8Jh+ttxfjnw99limKk+NNDNSC76hxz5aruWBQppZucRP0X1G6q6Z+Xp/7T69sfiU7pn5oCYlX9CRj/5He49c1ejHvqrJqdHX7p81WZOSd2v32p/q0lfv0V2jB6n+1D7tfu9jJWc+pntckuTSV7+Vr0Nrf6N//ekpff0rdyi95Zh2v7dbRy4MUv78+zo31vCtWZqUvE8f/fKnSp35oCYNatSFP+/Wu4dO6WqXr4Dn9NF7W3XKtn7juY/18bF6tWiQ8ud/QzmB2GTsdZaamirpz3r//Sxdzc5SdpzKHlu9AwAAAACASBxGvPr/Wk6cOKHBg8lq6i4X9q7Wi9UP6mePESbtrS5duqTx48fHZVvxaG/Hfv09vb4vU/+weFHM2dONpz7Sb37zrv58vF4tStaAYZm667HH9fXswGAT2rv6Rf2/+gctXlQQ+rK1xmN6f8NvtOdYteqtcT0n5M/W41/PDlkufB+DJuTrkce+qpyRqR3so+30xlN79esN7+rjc01qSR6gYZl36cHHvqr0fcu1Zl+2vvmvT2pyf2u90U+1277M+mo7PXnAMGVm5+srD96n7Aj12HGdSWr06t033tDuyia1ZP6Dli0qUP/OlD1wzBGOJcZ6BwAAAAAgEcUznmJXXFzc4TIEUBPZsV/re69LT/3sMSur9Jh+bU4Q8dPeK9ECqAAAAAAAAImuJwOovbQL/00i6zE9lf89vf69YLpbPsFTAAAAAAAA4IYhgJrgsh77mX72WE+XAgAAAAAAALg5JfV0AQAAAAAAAAAgUXVLBmqch1UF0A7aGwAAAAAAQPchAxUAAAAAAAAAoiCACgAAAAAAAABREEAFAAAAAAAAgCgIoAIAAAAAAABAFARQAQAAAAAAACAKAqgAAAAAAAAAEAUBVAAAAAAAAACIggAqAAAAAAAAAESRHO8NDhgwQPX19fHeLNBnDBgwIK7bor0BAAAAAIC+Lp7xlM6KewC1qalJ48ePV1NjY7w3DfRq165d08AvfEEnTpyI2zabmpp026hRcdseAAAAAABAIjp95kyP7Zsu/MAN4nA4eroIAAAAAAAA6CQCqAAAAAAAAAAQBQFUAAAAAAAAAIiCACoAAAAAAAAAREEAFQAAAAAAAACiIIAKAAAAAAAAAFEQQAUAAAAAAACAKAigAgAAAAAAAEAUBFABAAAAAAAAIAoCqAAAAAAAAAAQBQFUAAAAAAAAAIiCACoAAAAAAAAAREEAFQAAAAAAAACiIIAKAAAAAAAAAFEQQAUAAAAAAACAKJJ7ugCIH8MwVFtbq6amJjU0NurKlStqvXZNLS0tunLligzDUL9+/dSvXz/dkpKigWlpGviFL2jE8OE9XXQAAAAAAAAgIRFA7cUMw9CVK1dUX1+vixcv6vLly2pqapJhGDIMo+0KDodaW1p09epVNTU16dLFi5Kk2gsXNHbsWKWmpt7gIwAAAAAAAAASGwHUXsYwDDU1N6u+vl7nzp5VfX196AIOhxQheOpwOILbsJZxOBwyDEM+n0+XL1/WuHHj5HQ6Q5YFAAAAAAAAbmYEUHsJwzB06dIlVVdXq66uLjDdH+w0DCMkeOpwOGRIctjWD1knLEh65coVVVRUqLauTmPHjNGAAQO69XgAAAAAAACA3oAAaoJrbW1VXV2dztfU6ILPFzozLAjqsKYFuvBHySQ1pGCWqhV0NWQGVmvOn1dDQ4NGDB+uIUOGKDU1VUlJvGsMAAAAAAAANycCqAnswoULOnP2rC7W1QWyRh2yZZNagU9Z8+wZp23mK5iVGuBwKMmaZtiCqI0NDaqsrJTD4dCQIUM0IDVVQwYP1uDBg5WczCkDAAAAAACAmwfRsATU0NCgzz77TLW1tYFp/qxRfwA0EAw1DPPH3pU/nDXNPy8pKSkkaOrnHxM1uJphDhdQV6czp08rbeBA9U9O1uDBg+V0OjVgwADGSwUAAAAAAECfRgA1gbS2tqqqqko1NTVqbm4OnRkWGG0TKI0UOG1nP5G2EzH4KgW6+Td8/rkk6eLFizp58qRSUlI0dNgwpQ8bpsGDB9PVHwAAAAAAAH0OAdQE0dzcrCOffKKGzz9PzEBkhEzT5itXdO7sWZ09c0ZpaWnKzMzUkCFDyEoFAAAAAABAn0EANQHU1dXp008/VXNzsxwOR0iGaEJoL7vV4ZDD4VBDY6PKy8s1ZMgQjR8/XqmpqTeufAAAAAAAAEA3ScBUx5vL6dOn9emnn+rq1atyWJmnjqSkXpnFmZSUpIsXL6q8vFwnT56MPiQAAAAAAAAA0EuQgdqDKisrVV1dbWZxWtMSMgO1A4b1Eit/wPTKlSuqqqrSlStX5HK51K9fvx4uIQAAAAAAANA1ZKD2EK/Xq+rqajPT1DBkGIaSkpLUahhyOByBbNREZxiGWVbrGPzT5HDo3LlzOnr0qK5evdrDpQQAAAAAAAC6pndE6foYr9er06dPBydY3fVbW1vlkBmANHpLFqrDYZbVGgs1wAoI19XVEUQFAAAAAABAr0UA9QarqqrS6dOnzSxTf7d3W+Zmrxs31F/eCGVvtQKrly5dktfr7X3HBgAAAAAAgJseAdQbqKamRufOnZPUS4OlneRISpJD5riuNTU1Onv2bE8XCQAAAAAAAOgUAqg3yOXLl3XSerHSTcMWJHY4HKqurlZjY2MPFwrADXHu99r5xl8jzKjRgZ3btW172E9JhVRRom07D6om1n3UHNSO7SWqCJ9eUaJt27erpCJsWme2DSQ66zzfVhLaAmoO7rSd/xUq2b5TB8JP/KjtIbh8zcGdbbbdfnG2a1tYe6wo2a4dB2l16OU6uJ9d/zkepZ3675chbdWc1ommCQAA4iS5pwtwM2htbdXx48fV1NgYeOHSzcD/gimjtVUOh0PNzc06ceKEsrOzQ8dLBdCn1Oz4gcp2SUPHj9POv/9A4//7abnDlknJyNMDucPDprr1UPiC7altUHN7s08cVI07V+F7AfqMlBSl1J1RhdxWG6uR12dvFW4VzuhMo7pedfr0YI3cbdo20DvFcj+7/p1cUoOk1Gjzm6tVXpGrwhvZlAEAQBsEUG+AU6dOqaGhwRzztLe8HCoOHA6HZBjBsV4lXbx4UZcvX9agQYN6uHQAusvwB36qGaNf0/ZfZSnvv78WewCzokTbTqQpf3qmvDvL1Jg6VLV1jcrIm64h5dtVXmctN3SSHiqUSo6YE8pLKuRu85flUGU4fTp4sCZCoLZGB3aWqdofZ0rJUP70XOngTu1rcCqjsdqcN3SS8tNOaJ/5i7JnFMotMzNvn3/loZP0EH/Vosc45Rzq08UaScMl1VTKp6EaluJvLBUq2X5CqXnTdacOakdZtZolDRs61LYNW3sYOlTDIu2mJriuvS20MTRDTt8hHaiZrjvbNDv7NvxfokgHdpap0ZmhhmqrbJPylHqiLNAG/e2roiR4DYj8BQwQf12+n0U834eH3j9SMsz73SFzuepDB1Uzve2XfikZGdKRElW4I7S7ihJtO1IX+HXYpBkqdFvtPiNV1dV1klKUkTdejWVHVCt7+6lQyXZzmrlMhHYLAAAC6MLfzerr63X+/PlgxuVNlHnZZpxX69hPnTrVQyUCcEOc+712/ipLef94TGURuz1KzdVlti78EbrhS6rVKD00wwz8fFo3VNkzZuihGZM0rO6EDtS4VThpqKShyo4SwBySO15p1eVtt11TqyE5M/SQf3vNPnn9/SPrfFLODD2Ul6GUuiM6qBxzGdXpTIWkihLt8zmVP2OGHpqRp4zGI3SlRI8akib5Ks0TuKbSJzlHRchkq9GBQ9VSRp4emjFDoxQMuNQcPKRqZZjn9ChZwRS7CpWU+eTMM9tMfkajyqOe9IN15/hUVZe3nV9TO1i5M6x2N2momn2VgW7JtT4pd8YM5WekqPbIIbMNThoq1Z1RhcwvLco1KdBm06oPRejuDHSDGO5nkUQ+3ytUXi1l5Fn3D1WrvGK47szJUIpSlJETrcdEprIzGvVphKECKjTKahdW+znjb3vNqm4w52UPbVZ12RmNspYxy1KjAzuPSJP8ZUw1A7hdqSMAAG4SZKB2I8MwdPr0aTU3h3UydTjksOb3df7s06SkpECX/oaGBrW2tiopifg90Cfd+jVN/4n5zxl/G3mRWDLIUtKsXLjhmXKmlKl8+3aVD52kh2ZMN6e3jfSEcatw0hntOFgj92Db5OFuuUOyUFOCAacUp1zDJWmw0uRTaqZZxtQUqVFSzaVGqblO+7ZXB7d3pkJyk4WKnjEs0ykdMoORXp/kzBkm+cIWulgpX3OKnNb57B41VOUnJH+X/xRnphm4cY/SsCMnQtetuaQGNau2bLu2BSbahw0I4y5U9pmdOlDj1hDb5OFud2hWXkpaYF5g/4NTJV+a1QbTlKIGSVJtQ7NUd0Tbth8JrNNQWSMNJ10O3SyG+1kkkc93t0YNPaLysu3alpKh/OkzzPM+hqjl8NwcOXeWq0LZIdPdbndoFqotuXzYKLOFDktLkTTKbK+DU63rQ60am6XaI9u1LdCsGuWlWQEAEBUB1G50+fJl+Xzhf8XIfLnSjS9Oj/AHiVutoQsMw1Bzc7MaGhr0hS98oSeLBqDXGK47p8+Qv7vhtu1HzG6KsazqzpZz5yEdsOfkWX9sDps0Qw9ZXR07hW77SCTDM+XUIXkrJJ+cyh0ueeO+k3a67UfgznZqx6GDCm1221VuZZK7K0q0rZPNjm776E2ine/uwhmBL/D2ba82z+vMWLY4XHeOl7aVVCojMM36IlAZyp9RaA1D05lS0m0fAIDOIAWwG9FVPbr6+vqeLgKA3qLmoHbsPKgauVU4I08ZKZ1ZebjuzHHKV10XOjklQ9luSRVnOk5ktW9tcKpUd8LqPhyvNzAD12O4XE7Jd8Kn5tTBkbsAD8mUM6U50NW/4kydbd2UYHf6SO1h+GClWS+Hkszu9KFvBY9UpFzlOn1q2+yy5Q7Zf2yGpaWoOTAcR4VKtvMWciS+tud7hUq2l6jC+lIwe2h7a0fgLlS2qoPjd1uGjc/V8DYvkOvIMKWmNAeH26goiTqcDgAAMJGB2k0aGhpUW1trjvt5E3TV76y6ujrddtttPV0MAL3B8FzlOndq3/bt5u9DJ+kht6SaNKWoOspLpELX/7+GVqu80frdPUrDjhwxu+EPzVBGSp0aY42iuguVf2mn9vm7Mw+dpIfIikMPG57plKqrNWy8W5H7A5vjLO4oK9O26tCXSA3PzVGGlQ0X+SVSbhXmXQqsa2ajRhur0bbH3PEaVn1E/oQ496ihKj9i7T8jQyl1DTF/eTE8d7qyG7abw3jIykYlCRwJorna3zakQFZnxPM9V4WTzmibdR4rJUP5hcMl1SpN1VFfImXnzs7Qp2X+nZlfgOw7sl3bjqQoI2Oo5LukGg1uZwt+w3Xn9EmBXh3+ctOsAACIzmHEeSDOEydOaPz48WpqbOx44T7syJEjqquruynGOe2KwYMH64tf/GJPF+OGam1tVdrAgYE2Eg8nTpzQbaNGxWVbAAAAAAAAier0mTNxi6fYFRcXd7gMXfi7QWtrqxoaOjUI0U3H4XD0dBEAAAAAAACADtGFvxtcvHhRzc2dGYcIAAAAAAAAQCIiA7Ub1Naao3o5HA4yLaNobW3t6SIAAAAAAAAAHSKAGmetra2qv3w58DtjoEbW0NBA3QAAAAAAACDhEUCNs2vXrqmR8U9jQgAVAAAAAAAAiY4AapwFMisdDgKE7TBEABUAAAAAAACJj5dIxdnnZJ/GxjDU2tqqfv369XRJbnKf6FffeUV7Isy5+5k39I9/0966Ndr9k+e1L+8lPffFv2rF82XKf+mHumd42FK7f6J/2SQ9ET7vk4369m/G6F9/eI/CVkEfUFtbq7q6OrW0tPR0UYCElZycrKFDh2rYsGFdWp92BnSMdgZ0v+TkZA0dNkzDhg7t6aIAQLchgBpnTY2N5j+sLFSRZRkRGaiJpeNg6fU6oY07PtE9T3TrTpAgauvqVFtXp1tuuUUpAwb0dHGAhNXa2hp48WRngzu1tbWqra3VLSkptDOgHbQzoPsZhqG6ujpJIogKoM+iC3+cXbt2LfBvRw+WI+FZGai4SYwfr/F7XtGvPunpguBGqKutVUpKipKSuMUA7UlKStItKSmBPzo7o66uTrfQzoAO0c6A7udwOHTLLbeozvqyAgD6IjJQ44ysythRV71Aze6wrvlml391OmM1T48+Lq16ZaP+1xtPKOKqNbu14vlNOuH//e5n9PMn/kbBoQIe19hNm8zhBsY/rn/9J+k//cuPf9w2FEDosATdn12LcC0tLWTqADFKSkrqUtdg2hkQO9oZ0P0cDgdDXQDo0/g6NY5aW1t18eLFwO+GzBsJ2jIMIyRbFz1rzyvf0be/E/xZsbsm7vtw3vNPemL8Hr0dcds12v2LTRr7zBv6+Rtv6OcvPa7xe34j+6InNlXpf73xhn7+xjO6+8Qm/csvpH/2L3tik977xNrOT17RycdfCmzn5Cs/UTccDgAAAAAAuEmQgRpHra2tbbIqybKMjrpJHDcmS3O47vmnx7Xv+V9o9xd/qHvC5/3wjeCvviqdkJRvW2L84w9YmatOjR0vjc/7oplxOnyUxvoXqvmr9p24W4/+0Hot1fB79Ojdm/T2X2t0T/jbrQAAAAAAAGJAADWOWlpaAuN6OhwOAoQdYAzUm5AV0Fz1i9364tdDZ32y8Tta5e93P368xndl+74qndAerfrOntDpd/skEUAFAAAAAACdRwA1jq5cuULQtBOoq5vT3zzxjO7+zit678DdwYk1u/X2nvF64v9n7/5i27rzu89/DkVLlv+JsplEjqmJOE2qfcburtsy+2yCgBpgXWQyEBZwdtoppGCrtq6F9GLhsffCibFTdgAnvlhrtBf7DOSqHRWItDOzg8kNMZngycVICBJsw+7jPmPPVBM3ZCrFZhLaom3JlkTynL04hxQpURIlkyIpvV+AYfH845e0pJ/Pl7/v95ftter0Xt2wQz75FdTLq/VZBQAAAAAA2CASqGWUSqVyX5MaXB8zUOuAt03tiuqDbAn8ZEQTkoLrnriWTr1yNqjTAxOSvydve1RTzkTRyXfHFJW/oIS/tHiP6nn/mH42/qJe6/Iqu6DUVM9F5zGqL6ZwaESR5Zt93TpzKiDPI107qcjwoK4eP6NTgUe7EgAApVk+rgXUF+pWRylnhkMaUZ9C3R2rfg0AAGoDCdQyyk+gitmV62IGaj3o1Dd6/Hp97IJOj0kK9qjXL0098mVfVK9/QqPZx9nS/oF+O0F79qyCEwO5hGrpvOo6f1ZT/U68khQ8qyskT2tOoC+kpftCO/E5GPZyswgAqB/JiIYHw1L3GYWcD+6SkWENhsIlJ1EBAEB9IIFaCYaxlEDN/xoFSKDWgk69MjS05hHervO6UrDiU/aBvfBTl7PttaGu5aeucv7yc51Ieod0pTdvQy6u5ccuf7z8NdiPX1nzVaG2eBQ4EVB45Jpi3R3ccAIA6kLs/bCmA3255KkkeQLfUvfVQb0XeWHT1RAd3SGFyhUkAAAoCxKoFWAor4TE/1UDAAAgAElEQVSfJOGqKOEHsKpYWKGRpYJIX7dTlp+MaHjwqo6fOSX7vtQunVTBjFYAACotpmsRKdC3fPDxKHAqpEDelmRkWIPhaftBCS1rlkr4PXZrmraAFInIvkJhi4BYOKTscBkIBBSJyNlvV3dkn1YBWgIAAPAoSKBWACnT0swvLFQ7BAA1IanIexEp0OfcEMYUHomr+0zITpLGwgqNvK9YgHJIAECNSCYUl0/H15tkGgtrMNymvtCpXFJzoy1rpiNSXyiUO38kfMw+PxbWSCRQkDCVk7pNRn6qcFufQqc6lG2VE47xYSMAAJtFAhVVszA/X+0QAFRJZCRUuJCUr1tncnd1HeoOncrtSibiktq2MDoAAMojdi3/A8LCljWl8nW/kDvfmzccFr923omR9xR54ZQCHntWLAAA2DwSqKiaZDKpTCajhoaGaocCYIsF1iy5Lyw79Pl8WxUWAACl8XjVpmnFk9Lq9fhJJeKSb91pqpux9rU9gVM6o2ENDoYUliT51J1rfwMAAPKdO3du3WNIoKJq0um0Zmdn1dLSUu1QANSS2PsKT+f1eIuFFRpZ7yQAALZSh44FpJFrMXV3FH4iuNTDtEPeNml67SzrJnnWvbYncEqhQF5MP43o6XX6rwIAgOJc1Q5gW2LhqPUZhiTp5s2bymQyVQ4GQO2JK5GUcv1Rs5wZP1dvJO3HsWuFrQAAANgiHS90yxcZ0XAkubQxFtZIxKfuF+ykasexgBS5ppikpZ7fx8rS07votXNhhBQKx3KPPW0+qc1L8hQAgE1iBmoZWSROS2dZkmEomUzq/v378nj47xwAR8cL6vYNKjwYUlg+dfd1yzdyVYmk1OHp0AvdPg2GBxUKSwp0q9snxasdMwBg5/EEdCrkVTjkjEmSpICzYJSjo1tnuoc1GHJ6kBb0/H5EHd3qC4Q0EopI8qm7OyBNZ3edUffwoEK51qcB9YVYQQoAgM0yrDJn/aLRqPx+v+YfPiznZevC9PS0pqamJMOQIRKq6zEMQ5Zl6atf/aqeeOKJaodTcaZpas/evbmfkXKIRqM63MbiOqgtH3/8sfbu21ftMIC6MTc7q2eeeWZD5/BzBmzMjvg5i4UVeq9NZyjTR5Vs5ucMADbiVjxetnxKvps3b657DCX8lWBZInVaOhLNAAAAwMYkI8N5ZfpOCT9l+gAAVAQl/GVkOH09JdEHFQAAAEDFeAInFAiNKJRtfVrO9gAAAKAACdQyKkigYk3Z8n1Jcrv5NgQAAAA2pkPdoZC6qx0GAAA7ACX8ZZRNoJJI3ZjGxsZqhwAAAAAAAAAURQK1jEicli6/7+muXbuqGAmAcnO73fQ2BkpkmuamKjHcbrdM06xARMD2w88ZUHmWZVFZCGBbI4FaISRT12EYkmHIcLlIoALbjMfj0eLCAjedwDpM09TiwoIOHDiw4XNbWlr4OQNKwM8ZUHmWZWlhYUEtLS3VDgUAKoaPiMoomzS1JBlLG1lQqghD9kD7+OOP80klsM20trbKsizdvXtX6XS62uEANcvtdsvj8ejgwYMbPjd7Dj9nwNr4OQMqL/dz1tpa7VAAoGLIXJVRLhFoWbIkO3mKorLlvXxKCWxPBw8e3NTNKoDS8XMGVB4/ZwAAQCKBWlbLF0PKzrLEStnZuvv27atyJAAAAAAAAMDq6IFaRo2NjUu9T5l9uibLsuTxeFYknQEAAAAAAIBaQgK1jHbt2qWGhgb7QbaMH6vyeDwstgUAAAAAAICaRgK1jFwuV2FPT8siQbgKwzDU4vFUOwwAAAAAAABgTSRQy2zPnj25pKnh4u3Nl3tfDEMHDhzQ7qamKkcEAAAAAAAArI0MX5k99vjjatq9W66GBruMn0Wk7MSpkzx1OUnltrY2ZucCAAAAAACg5pFALbOmxkYdOnRIlmlWO5SaYsheOMqyLDU3N6u1tbXaIQEAAAAAAADrIoFaAT6fT7t372YRqWUMw5BlWero6GD2KQAAAAAAAOoCCdQKcBmGfvd3f1dNjY0kCp2kqWTPQPV6vYULbQEAAAAAAAA1jARqhezZs0fexx7b8T1QDS3NPN2zZ4++8pWvVDskAAAAAAAAoGQkUCvoycOHtXv37mqHUVWW80eS2tvb1dTUVM1wAAAAAAAAgA0hgVpBbrdbTz75ZMG2/BXptz3DkCxLsiwdPHRIBw8erHZEAAAAAAAAwIaQQK0wj8ej3c3NBduyZe3bntO+YM/evep46qkqBwMAAAAAAABsHAnUCmtqatLB1lZJS71ALe2QBKqj7YknKN0HAAAAAABAXSKBugWOHDmiAwcOyLIsuVwuybJkWdaOSKIeOHBAjz32WLXDAAAAAAAAADbFXe0AdgK3263f+Z3f0W/+9V+1MD+/IxKnWQcOHLCTxqhJt+LxaocAAAAAAAB2iMNtbdUOYVNIoG6R3bt3q+OppxSNRrW4uFjtcLaEYRjyer3VDgNrqNdfXAAAAAAAAFuFqYFbqLW1Vc3OglLZfqjbWXNzc+71AgAAAAAAAPWIBOoWe+qpp2RZlkzTrHYoFWEYRq5Fwd59+6ocDQAAAAAAAPBoSKBusebmZu3bTonFvH6uud6uzt+HDh6sRkQAAAAAAABA2ZBA3WKGYajF48l9Xe/yX4GV/WNZampq0v79+6sUFQAAAAAAAFAeJFCroNVJoG6HDqiWZS2V7Ttfy7K0f/9+ud2sUQYAAAAAAID6RgK1Cvbs2WN/sU0Wkcq9Cid5KklPPPFE1eIBAAAAAAAAyoUEahU0NDTo4KFD1Q6jfJykaYPLJcuytGfvXsr3AQAAAAAAsC2QQK2S1tbWaodQVpZlyTRNSdITjz++Lfq7AgAAAAAAACRQq2T/vn25r12upX+GXD/ROpEfq+XMRD148GC1wgEAAAAAAADKigRqlTQ2Nto9Q+UkHg1DMoz6XFgqL4nq9Xrt1wYAAAAAAABsAyRQq6ShoSG30JIlyZDsXqLOLM56moWavxiW1+utYiAAAAAAAABAeZFAraKDTh9UQ0vl7/Vmedx79+6tUiQAAAAAAABA+ZFAraIDBw6opaXFfpCdcWoYsiyrLhOqjU1Ncrvd1Q4DAAAAAAAAKBsSqFXkcrn0+OOP28nSOkyYLvfE448XLIgFAAAAAAAA1DuyXVV24MAB7dmzJ/fYUH31P82PddeuXVWMBAAAAAAAACg/EqhV1tjYuFTGX4fy582SQAUAAAAAAMB2Q8PKGuDxeHQrHpeyvU/raAaqsvFaFuX7AHJmZmaUTCaVTqerHQpQs9xutzwej1qdRSUB1BbGMmB9brdbntZWtXo81Q4FACqKBGoN2LNnjxpcLmVMU7IsGVJuMam6UC9xoohJvdU/oIliu/w9euN8l7xle6pRnR6Qzg31qrNc16xILAmNX7qgD567qNe6yvbqd5SZmRnNzMyosalJTbt3VzscoGaZpqmZmRlJIolaFvbv79Fo9rFfvRfPa9Vf5RUbl9YbR+yxV2eH9ErVB0SshrEMKI1lWUomk5JEEhXAtkYCtQa43W41Nzdrbm5OlgrL4utJPfVuRaEgN3Eoo2QyqcamJmalA+twuVxqbGpSMpkkgfrI7KTkVM9FXTnvJC0T43rzQr8+6MkmMklconSMZUBpDMNQY2OjkjMzJFABbGv8j6AGuFwuNTQ0LCUgLat+ZnXmJU3rZsYsgIpKp9PccAIlcrlclAeXweTogCaCZwtnfHq79NrZoKJj72qyeqGhTjGWAaUzDIOxDMC2xwzUGtHgducSkNlEar0lJOfn56sdAirBKXHs7ZnS6JhdFxk8O6RnI/267NT+Z2ewTo7267J61Ds15pRQBlctjUyMX9LrzvWW2gXYZY9TJ5dmByXGL+n16ZO60tvphLP0vAqezW1f/ZolSIzrzQtjikqSP6hgyW8OAKD6JvXRhBQ8W2S06QwoqAF9NPmi4m87LWsG+u1ZqM4h8fFLuuyMHf6e/LL7wjY3S9UazljVHtTExMSKsah4iKM6PZAdNBlnAAAA6g0J1BphmWbdJUwlFcyUffDwYRUDwaOYGOhf0Qe1sKx/Qh/ooq4Mee0kpXPzeaXXSWi+Pa5vnO9yDh3T1NkhXckmVC/5ViYyJ0f1+li7zg2dV6dzI/r6aJuu9Hbq6HN+jUYm9Upnp6SErn8YVfCkHUhi/JIuT/XojaGlZOub487NbsE17efOXnNtCY0Pj0k9F3XFuc7pAcn/3CO+qQCArZGIa0p+PX+o2M5DavdLH8SlV86f1VR+Cf+klD++2b//hzV+9Ly6vAmNX3JaAnR5nQ/aLmk8r6fqxJRPbwwNlfBB3aTeGpjIjauJ8Ut6XSKJCgAAUEeoS6kRpmkWzDytl2Rqft/TxJdfKpPJVDEabFbw7JCuDBX+KewPF9TLzh2jt61dUlDPOvsP+fyFF/P36BvOvs4Xe+SPfqjricJDJiMTUjDgzEz1qutkUJqIaFKS9+hz8jtfK3FdH0Szz5VNpmaTsfZ50Q+vK+Fc09/zYm62a+eLPUvXWUviuj6I+vX8UW/2RPX61z4FALBdLI1vOuRT7te/M/7k9nm79HIwqg/yBjT/c0dLq3KYjGgib9z0dp0keQoAAFBnmIFaA9LptEzTlKX6LN83DEOWpEwmo7t37+rgwYPVDgnV1N62dEPpbVP7igMSik9J/ueKThWSvEf1vH9MH032qlPTiuYSrbc1FS02Wzao2841oxMXdHosf59f8YTUudYd7u1pRdWul5eCVtvKoAEAtcrbpnZFNXVbWpnRtMeO9pNeSbdLv+btaUU1ocv9y+ozgrclrTJ+rSJhD3p5Z9mzYqc2dBUAAABUEwnUGnDz1i3dv39fkmQZht2wvk5K+pfHeOvWLXk8Hpru72RTcSXUad/DJuKakpYlUe0EZXS66J2uJG+ujP9ZTSgY6HW22zecwZOrrJ7cLvmfu1i4gEgpDvnk14d5iVY7GSvfxi6DjUgqMjyo8LT9yNd9RqcCy1dttY+Jnwipu6NwTywc0nttS+ckI8MazF4sT/HrAth+OvVsULqca/+Sx5n9eW69bi7LHfLJr6BeLtrHO1HkhNV57UFPS6OendQFAABA/SDLVUWLi4v69NNPdfOzzyRJhsslQ5KZydRF8jSfYRgyDEP37t3T559/Xu1wUE15JfuT744p6n9OR5flNDsDSyX7UkLjb+eX9GfL+Ad0ecKv9tyUHTuxOvH2eO7WdXK0X6cv2Y87A4UrLSfGL+l0/+j6Jfzeo3reH9Xou86Riev6gBvbioqFBxVWt86EQgqF+tQWHlQ4ln9EYYK18NyQRiKF2zyBUwqFQkt/+gKSAjpB8hTYMTp7zyo4MaA3x/OSm4lxvTlQ2N6lZN6jet4/oZ/lrjept/r7C69fcnABBZV3rcnIir7jAAAAqG3MQK2CxcVF3bx5U3fu3NHCwoJcLpcs2QtJ5fcUrQcFLQcMQzIMxWIxuVwuPfHEE1WODqUqtoiUFNS5ojNv1hFs19SFfp3OXaNr5TzTzl690XNJr/f324/9PXojf7En71E975eiKky+ervO69x0v17vz9bp511/+TXlV+/FUuL3qstZWOT0hH3NYJDSysqJ6VrEp+4zAdnpzQ51h0JLu5MRDQ+GNR0IKDAdKTgvHBpRxBdQwBdRfI3rh0ciCvSF1LHqMQC2n069MnRR45fyW7n41XtxSEuFCc5M1YF+TfVc1Gtta10vOzbkXS941l5QaoMzUKVOvXKxR29ecK7lDypIr20AAIC6YlhlnuoYjUbl9/s1z4rsK2QyGd2+c0efTU9rfn5+KfkoqcHlyvVBVR3NPjVcLslZ9Co/+WtZlp544gkdPnxYzc3NVYywdpimqT179+Z+RsohGo3qcNuad4BbanK0X5d1toSV70u71s98myjJR9V9/PHH2rtvX/GdsbBCI1JfqLt4gjMZU0wd6vDYCVP1ZUv4Y4rFOtTRYc9OvXq8eHl+MjKswavHdeZUNkEL1L652Vk988wz1Q4DQJ41xzIAKzCWAdgKt+LxsuVT8t28eXPdY5iBukWSyaT+fWpKc7OzkpyFl5xEaf7X9ZQ8lexZs5LkcrlkWpayKVTD5dLnn3+uZDKpJ598Uk888UTdza5FNU3qowm/nr9I8nRb8rVJkWGFnBr9gl6lno5VZo52qGPdKaUxvR+eVqDvFMlTAAAAAEDZ0AN1C3z++ef65JNPNDc3l9uWnya1ZM9OrLe+p/ksy8rNRM1+7XK5tLCwoGg0qhs3biiVSlU7TNSDyVGd7h/QVM8pMfl0m5oO6z19y+5XeqZbWtEDdZNi1xRRQMeo3QcAAAAAlBEzUCssHo8rGrVXpHE1NMjMZOwd+cnSOk6cZi1P/lqWJUvOzFTTVCKRUCqV0tNPP63GxsbqBImK6+wd0pVHv4iuDPWWIxzUrLwFnjwBnQiENXItpu71p5iuKZmIS4ET9D4FAAAAAJQVM1ArxLIs/fvUVC55ahhGrtx9pzAkmc5MVMMwdPfuXcViMWWySWQAO4+nTb4im31tj1p0n9SNq9NluA4AAAAAAIVIoFaAaZr6t08+0WfT0zIMQy6XS5ZU0PN0J8iW8pumKcMwZLhcun37tj755JO6blcA4BF4ntZxX0TvRZL242RE70V8Ov70oydQ49PluA4AAAAAAIUo4S+zdDqt3378se4mk/asU6lg5mnBglHbXDZRbBiGTNOUDEOGYSiRSMi9a5f8j1iuC6AeeRQ4dUYaHlQobG8J9IUUeOT8aUJxSW2PGh4AAAAAAMuQQC2j2dlZ/dsnn+jB3Jw96zS7Kr2TNM0mVHcaw0mcWksbFL91S+6GBrW3t1czNABV4VHgVEiBNY/pUHcoVPq5noBOhda+IgAAAAAAm0ECtQzS6bTi8bi++OILLS4uSrJ7fxpSLnGak/d4u89Ezb6+jGnKkN0TVc7flmFoenpabrdbhw8frlaIAAAAAAAAwJpIoD4C0zR1584dff7557p3717hTmcVevtLa+XfO6QPqqSC90JS7rUbLpdu3bolwzDU1kbhLQAAAAAAAGoPCdRNyGQympmZKZ44LdU2n326puwsXMtSKpXSzZs3JYkkKgAAAAAAAGoOCdQNmJ+fVyKR0JeJhOYfPpTL5dpRi0KVU/5s3MXFRUVjMS0sLKi9vV0ul6vK0QEAAAAAAAA2EqjrSKVSSiaT+uKLL3KzTXOLIjlJQJKom+DMQM31h7Us3bp1Sw8ePNBTTz2l5ubmwt6xAOqG2+2WaZp8GAKUwDRNud38dwyoNYxlQOksy2IsA7Dt8VtuGdM0tbCwoPuzs0p8+aXu3r2b25dNlOYnS0nybY4hyVLeIlvO+3j37l39y7/8i1paWnT48GHt27dPu3btqmqsADampaVFyWRSjU1N3HgCazBNU4sLC2ppaal2KACWYSwDSmNZlhYWFuRhLAOwzZFAlT3L9MGDB5qdnVUymSzoa7o8QWoYxtKCSMuSqShdNnGaffey73L2/b57714ueX348GEdPHhQzc3NJFOBOnDw4EFJ9gci6XS6ytEAtcvtdsvj8eR+ZgDUDsYyoDS5say1tdqhAEBF7cgEaiaT0YMHDzQ3N6e5uTl9+eWXK2aVWtJSgtQwcjMmC+SVn2NzsonTbELVNM2lfc77e+vWLd26dUuGYejw4cNqaWnRgQMHmA0A1LCDBw+SFAIA1DXGMgAAkLXtE6iWZSmTyejhw4e6Pzur+YcP9fDhw4JZpsXOWbZhZfIUjyz3PjuJ0uXve8F+J5l98+ZN3bx5Ux6PRy0tLWppadGePXtopQAAAAAAAICK2HYJ1Oyq7vfv39f8/Lxdln/3rqy8mY2oMevN4F2+3zCUTCaVTCZlGIYOHTqkvfv2yXvokBobGysXJwAAAAAAAHacuk+gZptWJ5NJ3blzR/Pz81pYWCg8yDByMxTpWboNOG0VsrNSE4mEEomE/v3TT9Xc3Cyfz6eDBw8yKxUAAAAAAACPrO4SqJlMRvPz83r48KHu3Lmj2dlZLSws2H1LneSoy+UqXg6eXe2dJGr9yk+KOr1pc9stS/Pz8/rtb3+rpqYmHTp0SI8//riaWD0VAAAAAAAAm1TTCVTLspROpzU/P6/79+9rdnZWd2ZmCsvxndmlliTD5ZIsS6ZpFiwElTs0e90tfA2oEOff1cp/7CTRDZdLqVQq1y91//79euyxx7R//341NzczMxUAAAAAAAAlq7kEqmVZevDgge7du6f79+/r9u3bhQfkl+PbJ9h/O7MRrbzr5JKr2WQbM0/rX5F+qLnEeDaJapq57wlZlu7fv6/79+9Lkg4dOqTW1la1tLTQLxUAAAAAAADrqpkE6sLCghKJhO7fv6+ZmZnCnfml2g4rb5/yEqT56bXl5xhOCT8LStW/XGI8P4GeNxs5u29579vbt2/r9u3bam5uVmtrqw4cOKCWlhZK/AEAAAAAAFBUTSRQ7969q9inn+rB3NzSxvxepcsSo0UVOaZoH1RsCyv+LZ1//+VtG3K9b7Oc76uHDx/q4cOHunnzplpaWrR79255vV4dOHBgK8IHAAAAAABAnah6AtWyLH322Wd6MDdX2Lc0b6X1Mj9hea+H2lLs3zd/W5H9d+/e1b179/TFl19qz549+kp7uzweTwWDBAAAAAAAQL2oet3ynTt3dPfu3aVZgusku4Byc7lcSzNTHzzQJ598ot/+9rd6+PBhtUMDAAAAAABAlVV9BuqtW7dkuFx2CXY2YVqJmafAKkzTlGEYcrlcymQyWlxcVDKZ1O3bt/Xkk0/q8ccfV3Nzc7XDBAAAAAAAQBVUdQbqw4cPNTc3Z6+aXmTmqWEsXwYKqAxLUiaTsb+2LGUyGRkul27evKnf/OY3isfj9NAFAAAAAADYgaqaQL19+3ZBUiq7inoWCStsBcOZ8Vzw/WcYskxTLpdLi4uLikajunHjhtLpdHWDBQAAAAAAwJaqWgLVsizdu3evIEmaW0VdTl9KYAtkE6fZ7z/DMGQ4f5tOawnDMJRIJPSb3/xGDx48qHLEAAAAAAAA2CpV64GaTCbtxaPy5SVTTdPc4oiwUy3/Xlsx7zlvVvTs7KxisZj8fj99UYE1zMzMKJlMMmsbWIPb7ZbH41Fra2u1QwFQBGMZ6pXb7ZantVWtHs+ax/3qv/6qYPmR3/tvfy+3b/JfJ5VKLRbd96v/+quC6+TvA4DtqmoJ1AescI46kN9SwuVyyTRN3b17V9PT0/rqV7+qhoaGKkZXDpN6q39AE8s3+3v0xvkueVc9bVSnB6RzQ73qLFcko/26rLO60lv6Fdc6ZzPX23KJcb15YUzquajXuvLf7Um91f+22i+eV9eq/wgbfjKNX7qgD55b/lzlNzMzo5mZGTU2Nalp9+6KPhdQz0zT1MzMjCSRRH0k9lims0N6ZcWv/K373fcoEuOX9PpYtOi+YNHXVaIyjdeTo/26vPI/C+ot6zhVWxjLUM8sy1IymZSkNZOolmXq+B/8oQxJ/98//3PBPtM09bWjR9XY2Lhin2WZ+oM//EOpyHkAsF1VJYFqmqbu37tnP8j/yAuoMSv68Drfr4lEQrt27VJHR0d1Aiuzwpsz+2bz9UtaO4laAX7foS18ttoRHXtXk13lS0ZXWzKZVGNTE61YgHW4XC41NjUpmUySQMX6H15WW7DwQ8nE+CW9fuGSVEoSNTGuNy98qOfrKOHKWIZ6ZhiGGhsblZyZKZpA/c/X/kGS5M38vlKLi5KkTMbMbZek1tTXlEqlZBjGin3ezO9rsch5f3TsLyr2mgCg2qryP4LFxUXNOJ+IGescC1RbdhaqZVkFi03dunVL9+/fr3J0leBV1/mzCkbH9IvJVQ7p7NWVMs4+laRDPr/a28p3V9XZO1Tbs09z/PL7J3R5dLU3u/6k02luOIESuVwuyoMryquu80M1Pfu0oiowXmd5u87rXDCq0Xe3z/iVj7EM9c4wjFXHFzNtyXfkSEErM9M09eSTbbk/RmaXdu3aJcuyVuxbfp7vyBGZaSZFAdjeqjIDdX5+PjfrdMUMP6CWOMlSSbnFpPJ9+eWX2r9/fzUiq7BDavdLH8QTUqdXk6P9+pmC0sSEov4evXFyWq8PSOcu+vSzZTNKCkvnC1sELM10tWe5TrUHNTEx4cxqOa9Xsk8/OarTA9mzNlciuLyEv6A8smCWzyoxOrNl2oPSxEQ0u3MpKbtWjE5pfrTE+J8/2SMNDOitQJEyzRWzdvJLVbOlqT1qHxuzX4O/R2+ckv4u+/wrZjRd11v9ecfm7Sso0cx7rSv+/Wt5hhQAFFhewr/auLTGOOGUwQeDE5qYyO5eaglQ8Ltz2e/I1ceejbGfI7hUij85qtMDU+q9eF5t7/brsnrUOzWm0agkLT/OKeGfHNXpt6WgJjQR9evEfx/Vvz2d19pgclSn3/ZtKMZDPr/0YVwJdcq7/L3IjX+TessZk6J5M1bL9d4A2Lh02lLaSsk0M/rnSCS3fWEhlfva1OKq+zKZdMG+tJVSmgQqgG2uKgnUe9ty1h62JcuSmZ/kNwwZsj9pNQxDn3/xhZ588knt3na9sbxqa5ei07cl53YmOiGdGxrK3ZDZhx3V8/4xfXA9oS7nxvSjCSl4tlP2TeuApnou6op9p6Q3L1zSeF4ycWLKpzeGhpbdME3qrYEp9V4cso+bHNXp4XEdfZQbq8lRvT7WrnND59Up+wbv9dE2Xek9tHqM9qvWhM7qylCnsy+b5FwrRvtGsf3skF7rdPZdGFXbWjOADnXpr3o+1Otvj+sbm3id0bFpvTw0pFecxMDrwz32++okcn8x2ZVLEETHPtTzF4d0xeu0ahht05XeTiXGL+nyVI/eGOqS10k4vDm+dGNd8O8PAHVpjXHp9mrjRPa33oSmfBd1ZcjrJCWHNX7UPm/pd6d93t+NH7V/d6469qzymzQ6ptf7xwq3OYnFzt4hnVO/Lo8GdKVXemtgQsGz9hg0KX9TtOAAACAASURBVEkTY5o6O6QrnU4S89IqidDohOQcZydMryvR5cQemZD/uYsbGoO89n8WdFuSd3Lle3H53Ul19XbqlYs9msr/MHCj7w2AssqkTMmy1PQ78WV7liaLuP1frr7v6c8Ld1mGfU0A2Ma2PIFqmqY+//zz9Q8EaohhGLIsS5Zp2n1QszNRLUsPHz7chgnUIoKBIskzr44+59foh84NWCKuKX+P/qpTUuK6PogG9fJ551bM26WXg2P62fWEuuzspPzPHV3lRs0uCezq7bTLD88/WuiTEXuWazb+zt4hXZGkxPjqMR6VJL96X3TO8rapvZQYJyOa8PfojdyTvahe/wV9NNmrzjXuC71dp9T74QXnxntjr8/f86Lz2uyZw7n3dUXMkoInnQS2V10ngxodiGiy95DiH0YVPHne+fdw9jk31vZ5xf79AaCOJK7rg6hfz59a+p3/2pD9O27y3Qn5ey4ujRMv9sh/IaLJ3k5nW1AvZz/9O+STX1NL140ufVDV2Tuk15zNk5H1rrnMOrMwO3vPKtg/oNMTsqsEOgvP/UZn/vN8qOuJLq0cToJ6NhdQQMHo2/Zx3kl9NOHX8xcfYQ5owXidUHxKWjkI2Tb83gAoq0zK0o3rN6sdBgDUlS1PoKZSKaVTS9P/WUQK9SC/1UT26+yW1LbsXWff+PifW39RJ2/XSQXH7Buwo9c/lJ47Zd/83Z5WVBO63L9s2d7gbUlrXbdTrwydlbI3idKKhSs2Zo3XslaMR9e65uoxJuJTUnRixSwiv9MOYXXZhOawxo+eLOF1bU7BQl2HfPJrWtJtTUWliYF+Fb4TQd2uWCQAsMVuTyuqdr284lexPU5EJy7odMGvbr/iCa2d0Ovs1ZWz0um8359Bp8XKmtfcVJ6yU9/o8WtirF3nlo+J7W1LiddiH56tcr1ng1HnQ8O4pvzP6RsbjCthD7D2qL6sfY3fv+pZFXhvAGzE057n9fgTjyuTyZTleg0NDfri8y/Kci0AqFVbnkDNrtaXTZwaWkpEAfVoYX6+2iGUX+K6PohK7SdLuYvJ3oBNSh9qaWbPIZ/8CurloqXriXWv+crQkN0TtaB0foOvQ1KxdgQ5a8WYWF7SVGKMbe2S/7nN9XLr7NW5YL8uvxtRcKPnbsbtaedG1565GjxZ/D2u2PIgyYiGB+M6EepWR8G2sKazjwN9CnVn9yYVGR5UeLrYvoILKzI8qKvHz+hUwFl5NhZWaCSSd4xP3WdOKbByYVoA29Uhn/z6sEiSzh4n/M9dLL7Y1HqfJDkLNUlOX8+BUT071Lv2NTcjMa6/G5Oz8GCg8IPFqaU+pErEtcbkz8LQA0FF376uSeV9AFp6QLr+YVRqP2mX7L87puiy/tmXi563zvuNmpSMDGvw6nGdORXQiqEzFlZoROrLH89R4yx5PPa/pGVZsixLLpdLliTLaVUmpwJPklzZajzLkuEsrmY59/LZNSK+oMoUwDa35UtLPnjwQNJSBxUWkUK9yv5nYW5ursqRlFtC48NjiuaVA66nMxBUdGxAo+0nlxZL8h7V8/4J/Ww8myyd1Fv9/XpzfJ3kaWJcb/ZfUu4wb5va5Vf7+pNh14xPE5FcIjAxfkmnL40rUYkYOwMKRsf0i8n8Y/v1VolZyM7eswpOTCzNBPW2qV1RfXDdebLJyLJZohsTHXvXeR8SGn97winNt1sxTLw9nkttT4722+/RIzzXmpYnSiVJMYUHw2rrCykUCikU6lMgMqLhSNLeGx5UuK2v6L7CS/90Kcma3ZaI2wnXUPbaJE+BHcd7VM/7836fOr/z35rMjmPvFo4T/aPrfoCUG0+yT9HWLvl9soeDzV1zlWfS+PCY1HNKr50/q+DEQOG4Ev1QuWHi3TFF/c/paEmfgdpj1uWxqNrbNpg+HR/WaDSv1Y3kJHIlJcb1szUGq/K+NwA2yrKkPXv2aM+ePWpsatKuXbvUvGePdu/erV27dqlp9257X2OjGnft0p49e9Tk7GtublZzc7N27dqlxqam3HW4rQew3W35DNSZmRlJzDrF9jEzM2N/AmsY6x9co1aUbm+0ZL4zoKAmpED+OV51nT+rqf68Er3gWXvhjrXSct4uvXZ2Wqcv9MtZqkr+not6ZbX7uom8Mnr7aHtV4oL4evVGzyW93t+fDUTnnEUuVo1xrczhmjHai2W8eaFfp/P3lfx2Zks0Cx+/PubEGOxRr1/53fc2xN/j00f9zqwgf4/ecP6dvV3ndW66P6/1wNJ7VO4y/mRkWIPhaQUCAU3nTwpVh7pDoYLHxwJSJJ6U5FFHd0ihVfYtien9sOTzLXvO+LR8bWRMge1sxVjm79Eb5/P7sawcl/w9F+0F/7R8nPCr9+Iai/9lr7jid6d9nj0cbPCaxRaRkuTv+d/0/If/h0bVoze6vJK8euVsUKcHLqk9O94F2zWVG3eWfn+vr1PPBqWJibzeqKtZMd4GdS6vgsPuY+q8Bn+PzvX4dflDZ2ass+jk6IV+TZ0d0isbfW8AlJmVux/PZDJKpVJqbGyUaZpKpVIyXC41uFxKp9OyLEu7GhuVyWS0mErJvWuXZFlKp1JqaGiQ2+3OXRMAtjPDKvMU0Gg0Kr/fr/mHD1fsy2Qy+qd/+qfcgjz0P0XdMoyCWdR/8Ad/oKampjVPMU1Te/buzf2MlEM0GtXhtrb1DwS20Mcff6y9+/atuj8Zi0kdHfKUUPIXC4c0omKl+jGF7ZOVvysWDunasTNqey+/hN8u6Y+fKDwWqBVzs7N65plnqh0G6pRdKr/5XuGJ8Ut6ffrkI/Qa357WGsti4ZDea1vWJua9Np35lvTTgtY0S+PPsWsbP2flmJVtUdOttnBYEUnydTvXcKo6fN1Omf1Gji0mv22OT4GAFIkvlfDHwiFlO+MEAgFFIpTw16LVxpd/uXpVx3//9yVJ8wsLSqfTam5ulpnJaGFxUY27GtXgbtDiwoIsy9Lu5malUimlUil78VzL0sLiohoaGnL3QP/yX/6L/rvjx7f09QHYeW7F42XLp+S7eXP9hfW2tIQ/1//UUb/z9bDjOT2AspLJlWXEAIrzdHSscrO2TDKi9yJS4Fjh7VgsHFIoNKKIr1svdCw7Pr5sm71D8WkpMhLKlfAXK/0HgJ3H7mMaDJA83YiOYwFNX72h7EgSuxaR7/jT8nie1nFfRNdizo7kDV2dDuhYx+bOWc10OK5j2XY202EN/lT6Viik0Jlu+abDej+2uWPzJSM/VVjdOhMKKRQ6IUXyeuPEwhqJBNQXCikUOqO2eKT4RVCzLMue3GGaptKplDLpjBYXFpRKpWRmMkqlFrXoJFYzGXtf9rjU4qIWF1PKpNNKp9MyMxlZpklrPgDb3pYmUB86s1Kzs08tyZ6FCtSpbOl+IlGxTpHADmX3Q50O9K2YgdPRbSdB+9rCGhyOODejSUV+elXHv1VkJk0yobikQLa36pluKTyo8Co3jQCwIyTG9Wb/BY22n93kIo07WMcxBaav6kZSkmK6FvHp+NMeSR49fdyniJMNTd64qunAMXtW5mbOWYWv+wVnv0dtPtmJWEnyeLW8Lmkjxy5J6sbV6aVj1aEXupd648SuRaRcjB4FTgTWe8dQYyzLyiVQTcuSZZkF2+0Fo5Y/to+zLEuWnMfZa5BABbADbGkP1M/zV+ZzfsEa2UQqUEey/U6zCdR79+5pdnZW+9YoWwZQKrs8PxIoVrq/pOOFbvkGr+pGMqBA8n2F204oVGxqqyegU6FAweMTgbBGrsXU3UGxIYD61tk7pCubOdHbpdeGusodzg7RoWOBab13I6nA0wnFfcf1gjP+eJ4+Ll/4mmLdHVJ8Oq+KYuPnZHuG2wLqC71QkVez8nmOKT4ttZ1YGlQ93my6NalEXPIdzxtwPW3yKV6R2FApS9V0LsMlyzDV0NAgyb7PcblccrsblMmkJUlutzs3CaqhoUGWZSljGAX3RACw3W1ZAtWyLKXT6ZXbtyoAoIxy/0kwDJmmmZuFSgIVeFR28jTefUahwDqF/sm4ptWmEx4p9n5EikQUyq8inB5UKL56EpZFpQAAm9VxLKDp924opqvS8W8tVT94ntZxX1jXYsekSEDHujd/jidwSqGCyZ3JNde43Kyiz+OTriaSUocdZTIRl9QmySNvmzSdv4hjMq5poZ5kZ5ZKUjqdUiZjanFxUaZpKpPJSLJL/NPptCxJCwsLymQydqm/05YvnU47iVa3czx39gC2ty0r4V9cXNTs3Jz9IL9sn0+rUKeMvIWkJGlmZkapVKpq8QD1L6nIsD3z9FSR5GksHFIoV3efVOS9pRLCbFl/yOnH1u2TfN1n7ORpLKxQKKzY0oU0kiudBABgEzqOKTAd1kh4Wm3e/PHEKckfGVHE11bYVmYz51SFHc90+H1n7LRL+rM6jgWkyHvKthOPXaMHar3J74GayWRkmhmlMxk7SZoxlTFN+7Fpysxtt4/L5B23dL5Z7ZcEABW3ZTNQZ2dnl5Kl+eX7JFBRj/LLVZzv4/n5ed2+fVttbat3lAKwhuQNXZ2WND1SOJPUWSW4o/uMuocHFQrlbV+jxD+no1uhvrBCuRPtfqjrTXAFAGB1HToWkCKRlQs+eZ4+Lp+mpVwP0Uc5pzo8gVPqi4c04gzIgUBAuSr9jm6d6R7W4GBIYUm+QEC+Va+EWpQ/A9Xlcsm0LDW4XDIlGUZGLsNQg8uljHPPkyvbz2TkcjVIsmQYhW3NuK8HsN0ZVpl/00WjUfn9fs07C0bltsdiit+65TyrITm9I/lFi3q0vN9P9nv50KFDeuaZZ3L785mmqT179+Z+RsohGo3qMAlb1JiPP/5Ye2lnAZRsbnZWzzzzTLXDAJCnlLEsGRnWYPxEkVYxMYVD76ntzKkVH9Zt5hxgs1YbXyIfRfQf/sN/I8kpzzdNNTU1yTRNpVIpud1uNTQ0KLW4KEtSU2Oj0um00pmMGhsbJUtaTC2qoaHBfizpX3/zrwo8y4JiACrrVjxetnxKvps3b657zJaU8FuWpdn793NJJUPMPkV9s1efdNgfv0qS7ty5Y8+2BgAAwDZml7UHlk8llaTYNUV8x7WyU8xmzgHKz7JMmZYl07JypfupVErpVEpmJqN0Oq1UKpUr10+lUrnj0qmUUulUrrTfzGRkOe0AAGA725ISftM0NTs7K5fLlSt5powfdS/7PSw7oWq4XLJMU3fv3tX+/furGxsAAAAqIxnR8GBY04E+hZblQmPhkEYiPnWf6S4sxd/MOUCFWJZk5Sc8Lcu+p8m7NzfkLPicd/+evZc3LMu+hrONu3kAO8GWJFDv3bsnSblPpfJ/WZM8Rb3Lfg9n/56ZmVFbW1tuRUoAAABsI56AToWKlyp3dIcU6i7TOUAFmc69i8twyTIsu7epacpwueRyueRyNchlZGQZhj0RyuWSyzTlcrkkS3K5MvZkKImFoQHsCFuS4ZmZmdmKpwFqwuzsrFLpNAlUAAAAADXHsiw17tolSdrldsuyLDtJKqnR3GW33jMMuXfZ9zMuw5DlHGe47C6Auxp35VrzZa8JANtZxTM8lmVpbm6u0k8D1JSHDx6oeffuaocBVIXb7ZaZnaEAYE2mafKBG1CDGMtQ7yzLWnN8+dWvrm1hNABQ/yr+P/b5+XnNPXhQ6acBasqDBw908ODBaocBVEVLS4uSyaQam5q48QTWYJqmFhcW1NLSUu1QACzDWIZ6ZlmWFhYW5FllfPmP/8N/3OKIAKD+VTyBeu/evcIG1cAOMPfggV3i4pS0ADtJ9sODu3fvKp1OVzkaoHa53W55PB4+cANqEGMZ6llufGltrXYoALBtVDyBSvk+dqI7d+4ok8lQlokd6+DBgySFAAB1jbEMAABkVbQexTRNzc/PV/IpgNrklM0AAAAAAACgvlU0gZpOp3Xv3r1KPgVQsxYXF6sdAgAAAAAAAB5RRROoCwsLsiyrkk8B1CxmoAIAAAAAANS/iiZQHzx4IEkspIOdxfl+p/8vAAAAAABA/atoAjXb/5RZqNhRnO/3L7/8ku99AAAAAACAOlexBKrJIjrY4SzLUiaTqXYYAAAAAAAAeAQVS6CmUinduXOnUpcHalq2bUUqlapyJAAAAAAAAHgUFUugLuYtIEUPVOxU6XS62iEAAAAAAADgEVQsgZor3yd5ih1sdna22iEAAAAAAADgEVQsgZpLHFmWWEYHO4ph5L7n792/X9VQAAAAAAAA8GgqlkCNx+NLD1iJHDvUHDNQAQAAAAAA6lrFEqiWZdH7FDuTZeU+NFjI6wUMAAAAAACA+lOxBCqwoxlG7gMEFpICAAAAAACoXxVPoDILFTtS3qzT+fn5KgYCAAAAAACAR+Gu5MUpXAbsBOr+/furHQawpWZmZpRMJpmBDazB7XbL4/GotbW12qEAKIKxDFif2+2Wp7VVrR5PtUMBgIqqaALVkOj/iJ3HmXWd/c6v/RmoCY1fuqDR6NKW4NkhvdKZf8yk3uof0ETusV+9F8+ry+vsHe3X5Ymgzg31Kv+0xPglvT59Uld6Cy626XM2bXJUpwe04rlQGTMzM5qZmVFjU5Oadu+udjhAzTJNUzMzM5JEEvWRrTeW2eOYnG2MW1gPYxlQGsuylEwmJYkkKoBtraIl/JZl5ZJJwI6RXUTK+fAglUpVOaC1ODec7Wd1ZWjI+XNWGujXW5PZY+ybzqmei0vHXHxOH1y4pPFE/rUm9LPCDSXYzDmodclkUo1NTXK5aLMNrMXlcqmxqSl344nNKmUsK4ZxC6tjLANKYxiGGhsblXQ+EASA7Yr/EQAVYOQtIrWwsFDlaNZyW1NRKRjIn9/SqW/0+DURce46E3FNya/nj3qXDvF26eVgVB9cz7uJ9PulsWFt6L5yM+eg5qXTaW44gRK5XC7Kgx9ZCWNZMYxbWANjGVA6wzAYywBsexX7XwGLRwG2u3fvyjTNaoexikNq92vFDaa36/xSKaK3Te1aliyV1Nk7pNe68pKq7Sf1cjCq0eFxlXxfud45k6M63T+qXHSJcb3Z78x8zX49PqrT/f063d+vN8cTSoxfKnicL563r3BW0qTecrYX7kto/FK/3hp1nmN0zalMAICqKGEsK4ZxCwAAACXiY1WgwizLquFPZL3qOtUj/8TAqjdvUqdeORtUdOzCKjdxeUf2nlUwOqZfbOB+bTPnLIlqdDpgl2s6Mf6dTunK0JDe6PErOvbu0k2sJjQ6fTJ37MRAtgVBQuOX8loUXOzR1EBhe4KJKZ/eGBoqb387AECZlDKWFce4BQAAgFJULIFqWZZdxlypJwBqWHbxtOxM7NpNoEryduk1p2ecffN2YWWStLM311fuXFCaGOjX6f7lPVClbLJ1YiBv9s26NnNOll+9Lzo3h4d88ue1GvC2ta9+bOeL6vU7s2oT1/VBNKiXs7Npi7Qn8D93VF4BAGpWKWNZUYxbAAAAWJ+7khe3JBKo2LkMo2Ahqd11sIKrt+u8rnQ5KwoPjOrZIqv/dvYO6Uqvsxrx8LiOnu9adsCL6vVf0OXRgN7wlfjEmzlnw9rVlrub9Cp3n3p7WlFN6HL/ROHhwduSDlUqGABAhZQylhVg3AIAAMA6KppAlWXJohcqdiLDkGWauRmo8/Pz2r9/f5WDKmJyVKff9umN810FM1XyZ8Ekxi/p9emTK8oAD/n80lSxi9qllB9ceFu/CJYayGbOeRQJxack+eTMAArq5aI32KwSUlHJiIYH4zoR6lZHwbawprOPA30KdWf3JhUZHlR4uti+ggsrMjyoq8fP6FTAY2+KhRUaieQd41P3mVPK7gZQx0oYy9bGuAUAAIC1lb2En8WjAIdh5Er55+fn8zbX0M9IZ0DB6JheL1hkIqHxtyekYECdkrxHn5N/YmBZP7lJ/WIsunqJoLdLf9UjTUxES4+l2DmHfPJrQh854SWuf6gNXHGZCf0s+xom39Vo1Cmb9B7V8/68fc7CHKX2z8MmLU+USpJiCg+G1dYXUigUUijUp0BkRMORpL03PKhwW1/RfYWX/ulSkjW7LRG3E66h7LVJngLbRglj2boYtwAAALCGss9A3bNnz8qNeaXMwE6USCTk9Xq1Z+/e4j8jVdOpV4Yuqv3SBZ3uX9rq77moK3m91V4batNb/Rd0emzpmODZIb22xl2pt+ukgmMDmlj9kPXP8Xbp5eCYLg/0a0KSv6dHQX24gSvmC+p5Det0fzQXv/0Sveo6f1ZT+a8veNZ5/dyMVkIyMqzB8LQCgYCm8yeFqkPdoVDB42MBKRJPSvKoozuk0Cr7lsT0fljyLSupTcan5WsjYwpsTyWMZSVg3AIAAMBqDMsqb2Yzk8nozp07evjwoTKZTDkvDdS1hoYGNTc3q6WlRY2NjWW5ZjQa1eG2trJcCyiXjz/+WHv37Vt1fzIWkzo65ImFFRqR+vJL+JeJhUMaUbFS/ZjC9snK3xULh3Tt2Bm1vZdfwm+X9MdPFB4L1Iq52Vk988wz1Q4DQJ71xjIAhRjLAGyFW/G4/H5/2a978+bNdY8p+wzUhoYGPfbYY+W+LABgm/B0lJjFTEb0XkQK9BUeHwuHNBKR5OvWmY5lx8e79a1u6UbhhRSfliIjIWUnvPq68/qjAgAAAACwhsouIgUAwKbY/VCnA306tSzf2tEdUqjbTqQODktnTgXkUVKRn17V8W+dkkfL+qImE4pLCmRnqyYjGh4cVNjLjFQAAAAAwPrKvogUAACPxi7PjwSKle4v6XihW77pq7qRlBR7X+G2E8UXhvIEdCqUlyz1BHQiIEWuxSoRPAAAAABgm2EGKgCghtjJ03j3GYXWK7FPxjWtNp3wSLH3I1IkolD+olTTgwrFV0/CsqgUAAAAAKAUJFABADUiqciwM/O0SPK0cEGppCJ2g1R7ASqnrH/pOnmLSC1frCoW1kjEp+4zJFABAAAAAOsjgQoAqA3JG7o6LWl6pHAmqa9bZ04F1NF9Rt3DgwqF8raX0sS0o1uhvrBCuRPtfqisIQUAAAAAKIVhWZZV7SAAbE40GtXhtrZqhwEU+Pjjj7V3375qhwHUjbnZWT3zzDPVDgNAHsYyYGMYywBshVvxuPx+f9mve/PmzXWPYREpAAAAAAAAAFgFCVQAAAAAAAAAWAUJVAAAAAAAAABYBQlUAAAAAAAAAFgFCVQAQFm53W6ZplntMIC6YJqm3G53tcMAsAxjGVA6y7IYywBseyRQAQBl1dLSosWFBW48gXWYpqnFhQUdOHCg2qEAWIaxDCiNZVlaWFhQS0tLtUMBgIriYyIAQFkdPHhQknT37l2l0+kqRwPULrfbLY/Hk/uZAVA7GMuA0uTGstbWaocCABVFAhUAUHYHDx4kKQQAqGuMZQAAIIsSfgAAAAAAAABYBQlUAAAAAAAAAFgFCVQAAAAAAAAAWAUJVAAAAAAAAABYRdkXkTJnE1qY+L+U+fT/lfVgptyXxzZlWUW2rTjGWmd/aedaBdvXj6eUcwu3Fz/etfegmvz/Ua3/4/+qhv3e4k8MAAAAAACAmlL2BOrCL/9PpSffK/dlgbpnzt3Rg1+9I2XS8v7Pb1Q7HAAAAAAAAJSg7CX86eiH5b4ksK08/LcPqh0CAAAAAAAASlT+HqiLc2W/JLCdWAv8jAAAAAAAANQLFpECAAAAAAAAgFWQQAUAAAAAAACAVZBABQAAAAAAAIBVuLfyye6mGvT//LtH1+81616qYSufGtgS+9wZde57oP/p8G3td2eqHQ4AAAAAAAAe0ZYmUP/vT1v10Z29W/mUwJaaTTfon5P7lbEM/S9f+bza4QAAAAAAAOARbWkJ//Xk7q18OqBqJu83VzsEAAAAAAAAlMGWJlAfmJTtY2d4yPc6AAAAAADAtsAiUgAAAAAAAACwii3tgQqgttyKx6sdAgAAAAAA2CEOt7VVO4RNIYEK7GD1+osLAAAAAABgq1DCDwAAAAAAAACrqKEZqK/q+z/u0pHlm+d+rZG/+J5+Xo2QNuivB36kr2tcf3L2B8v2bO1rW4ojpr/5hz9TR+wf9effe6fMzwIAAAAAAABsfzU3A/WzX/6p/uTb2T//qOv6mvoGXq12WGVR9LX9w3f1zRLO/eZ3/14/KfFYAAAAAAAAAOVRcwnUQu/obz/6TDrytP662qGU3Tv6278Y12d7v6Y/KnN++D+d/dMis2ABAAAAAAAAbFQNlfCX6KXv6od9X9NeSdKcro/8pf72nez2FiU/O6IjR+zZnt/RZf3k69nC+bxj173OU0p+Jh05Yu/VZ/ll+S/pb/7hz3R0bzagz/TLb5/Tf9rUi4kpOdeljsdekmQH9tcDP1Iu5OzzvnpZfUf3Ss6MVf3F9/TzNeLIL+Ev8Ooa7wcAAAAAAACAFWp8BupL+ptnj0if3XASlK/q+31fUzJbCv/LpI72Xc6bnXpEnuQ/6k++/af6zg9e1fe/7tH1kbxj/zhbAl94nZHrWnadvTqiiH3eyK81d6RL33dmiX7zu9/S0eT4Uhn+3BE9+92XNvn63tGXSWmvp8O59t/r655fayR7bU+Xfvjdl6QfnNPI9bmCnqkbj2Ot9wMAAAAAAABAMTU3A/XI13+kn3w9b8PcrzWSnf356tM6MvdrjWQng/7gPV1/9s/0zKuSYpI0p9hH+VMq9+roH70qvfMD6Qfn9CfZ8159Wkf0mX7pPP759yL6ox93FVzn+n92dr7zpZJ9S1f8+ff+Mm/Rpw559qpMXtKzHXv12UfZRaXe0d9+dEI/efZZfVMrp4luLo5V3g8AAAAAAAAARdVcAvWzX/6pvrNKYu+bj3mkvUfU9+MfKS+nqbnHXnISn/l+oO98W/r+j7v0kx93ORe3S+K/+ZhHmvt05SmlWFYGPze3mYtkvaTHPNJcLKZsEnRFAllSh4q8vA3Hsfr7AQAAAAAAAKC4mkugruXnXybVN/dproy9wEvPFjnjB/rOt50E4Uvf1Q/7uvT9V3+g73yZ81hltQAAIABJREFUVN/RFnVsOAK7pcDc9X/Un3/vHWX7oW78Oksxd+yVkl/a10rOdUkfFU8gF5babzaOVd4PcqgAAAAAAABAUTXeA3WZH9woXLX+pe/qhz/+Ua4/aYGXvqsf/vjv9TfZtqDvfKmk5pSMOdfREbtkX9I3vxvQEX2mj0tMJGZ7lurVE3mLOG3US/qbP/6a9s79Wna3gHf0UWxOR55d6kv61wM/0k/+YfU+pRuKY633AwAAAAAAAEBRdTUDVfqBvjPymH7Yt1TmPnf9H+0ZlMvXT3rne/rzjsv6Sd+P9JO+vGPfKXadOV0fOecsVLUWpy/p150y+M/G9cvPjujrntLmoK4oz19WQv/z7/2lOgZ+lNei4DP98tvObNuPPtUfH/2a+n58WR3fPrfxONZ8PwAAAAAAAAAUY1iWZZXzgvcvP7fqvr/8p6fK+VRATRv4vX/T8h+u7E/bV/73j8ryHNFoVIfb/v/27i8mqjzf+/27/kHJnxaFdtCBaaofDDOt84ybDc8+dCZFjH1kEk2n7eyjAfqi+xm3XHhj5MZRJ+Gi7fYGw40XuN1n+qKR2GcyPTF0svWMMZD9NMkDm8d5WntvIseiA4O08q8bUKT+rHOxVhVVRRUUivz9vBISa63f+v1+q5p2Wd/6fb+//GXpS0RERERERERkrXo0PIzH41n2foeGhhZts75S+EVERERERERERERWkAKoIiIiIiIiIiIiIkkogCoiIiIiIiIiIiKShAKoIiIiIiIiIiIiIkkogCoiIiIiIiIiIiKShHMlB8uwB3kacqzkkCKrYos9uNpTEBER2SR6+bzuEh14qW+upSTmVAsnLnWAp4ZPzlSSt9SeW+po5DRXaksWbxw20s6n5zp5+8IZKhMNGJ5T2AvOTV69qakppqamCIVCqz0VkTXLYbeTmZVFVlbWak9FROSVWtEA6p6cGbrGMldySJFVUZL9bLWnICIisol48Hg66OqtpSQq1tnb3ZH8kiV6oWDq/E44cWmA2gvNkeDqSPtFzl4kEkRdyjjLMidJaGpqiqnpaVwuF9hsqz0dkSVZyd9YwzCYnp4GUBBVRDa0FU3hr35jnIrcKV5zaXWebExZziB/nzPJkV0jqz0VERGRTaWw0ENHd2/UkRGGBzx4vZ4X7rOktnlZg5MjwwPgqWBP1HLTvMojeH2d3Nc/HdaUqakpXE6ngqcii7DZbDidTqanplZ7KiIir9SKrkDd6gpy/L+MruSQsk4YRoJj89oYi5xP7Voj5vji80nl2tjjSTpd00Zov3iOFt/cEU/NBX6XMPfwJfW2cOIS89MsRUREXkJhWQWeS9301paYz5eR+3xNBe8XdNIxENUwLoU+8rwbaefTc4MUejvo6ADv6WbKu80Vnp8UfEljB8AlToRXfI608+m5a0Qend7FV4Lm5ReCr5P7I5VR6f0lfNB8BjBXo6Y6zry2Zd2xz9e4UgK9LXVWe1Q2IAWhUEjBU5EU2Ww2gip1ISIbnDaREtn0evm87hwthae50txs/Zym8No5TrT0Ln65iIjIWpC7h7c9HXRZj66R+51QsYfcmEa9fG6l0F9pbubKaS++azeZe9p1MFBwgSvNzXwQFQvNqzxDvZeoIOkI7VevUXja6udCDZ6OL2lfbBVpSS31Xh8t5+o4UVfHiboWop+0SxlnftsF9LbQOFDDJ9Zzvr7wGv+86GRFREREJGxFV6CKyNrT23KJDk8Nn8R8+Crhg9NeOqJX8oi8AL/fz/fff8+s30/A78fpcpGWlkb+T36C07lxHkGb5T5F1rY89lR4+Hp4BErgfqePwiN5MBzdZm61J1gp9RRGnffw9p5U1mXmUXmmee7l6CA+4O0UrjTLAkB486vGuoU2uXrxcebxXeNfeyv5oMScw+9epA8RERGRTUqf6kQ2tV66OsB7OsGHtpJarjTHtjV3OTZ5T4dX55jp/18XeqGjw0oxjN0JOTpt0Ov1xo4Tk5rooTa8a3GCVMoPFMldV3748Ue+//57duzYQXp6Ounp6Tx//pznz5/z/z18SH5+Pltfey3Blcu0o/ZiO2Evkxe+z/i03Iio/w9etRV6j0RWSl5+Ib4v7zOyB772eXm/hLgAamzJGo/nxeujxqbEe1h6TyV80NzMB9bfef/cvidh6ZyXHwfzmX4aTlyqS/AcFxEREZHFKIAqspmNDDOAh7dzF21I+8VLDNRc4EqkTtxF2qOCLr4OqG9upsT6cNrYUmamFPa20NgRDoSZ5yAcRO3l83NmauLvSjCDY+dayI8EzcKplIrsrDc//PgjY2NjFBcXEwwGef78OT/++CNOp5PMzEx2795Nf38/QJIg6qvfUXs5RN9ntHAg9bXXXlv0PlcsWCqyGZSU4fV9yb/eBJ/3CGYSfJTem7T4or6csepyL9lIO3/qiP/Sr3Oxi2i/eI6BI/GBy1wKPTCQ8JIXGSeJklquNNda3V7k7KUWylWPfJk8pqv1Nn0Uc6C6nB0xp7povd0HueW8e7CYzJceqovW28wfJ8U5cqCa8qVdKCIiIqgGqojE6W0J12Uzfz7vxdyIw+fl/XCUJ6+S970+vo7aMthTU2V9CMsjPyobsre7A7xlkXOVR7zRJ+nw1PCb8Ke3kipqo+rXpZ5KKWtJOJ39jTfe4OnTp/h8PgYHBxkeHmZwcBCfz8fTp08pKiri+++/x+/3J+znVeyovZyi73Mhi92niCynEsq9Pjo6fHjLkoUGBxgeARih/cuX+VLGx4C1N2rvzUSryeOZJQY6Ll2MrZXae5MW30LPuxTHyS3AQ2wN2HDbkfaLnLjYHgkm5+UXgqeARb8/lSXIJTe3j+8exx59/F3f6kxHRERElpVWoIpsZnn5FIY/mFmf2+JrswFWzbUOs05bNO8oLPjxa4ThAfBURLXJLcDDoHl2eAB8HZytuxZzlWd4ZOFuZU0Lp7MHg0GGhobMnYyjhEIhhoaG8Hg87NixgycjI+zauXNePy+9o/Y8ycpQvNx9pmKh+1zQgiUuOnm7ppCWa+YdeWou8E9c5ew1X+R15H1YpfdIZDWUlHmhA8oT/e6WVFHrOUfLuTpa8FB7ugbPpU6ssqmL93vpEicGzBIi73uv0WilxHtPn8bbccl8ni7w/MqrPMOV/BZOnKujJXLUS33zmcj4KY+Tt3BbT00NXjoj49YP1kU9bz3UXqhduAyKLNm2bbn0ffeY8sizYZofx3MpLoa+8WUaZEc51dXL1JdIEt988w0lJSWkpaXFHJ+dnaW3t5df/vKXqzQzEZHVowCqyKZWQrkXGr9s5zcL1ZPMLcCDl/cTpvottIuvuRrVNxgVobU2wIDwCpiKxLUstTnwujU7OxupAxofPA0LhUI8f/6ctLQ0xsfGEneUu4e3PdciafzmjtrHySU6fXVuR+3KPKxA4U16K+N/VxcvQ/Gi95mK5PfpswI5c+aClouVuPDRMnjETMntbeHEpXP8c41Z8mKk/SJnr4Xfh9V7j0RWRuzGUPE1vPMqz3ClMvKKyjPNVEZdXdkcflXJ75qjz1hfKsb0WzvXb+QLR0tzeND5/cR1GtPPYueTj5NC28rKqKZx52TZbXvjTXJvf8fj8h1mev30Ix7yJvu2PYwNoIbT+i255e9ysDgTpvu4dWOcbcV99PVB8YFq3viulbsUQ18fo7nlvLtvnBtRKfzTfbe40TUa7ii2TED0OMXFxBabEUnsm2++4d69ewwODnLgwIFIEHV2dpbbt28zMTEBoCCqiGw6SuEX2eRKak/j9V3jbEtsqnT7xblVaOTt4W1PB3+K5Bz28nldHZ+2Lx7lNFcCfRlJV4ypYVlShtd3jX8NDz3SzqfhsgGybgUCAdLT0xdNWff7/bjd7gXamemuA8MjwIi5o3Z+fCTPDJyEA3zmjtoJpFCGYqnC95mK5PfpofZCM1ea534iKz5TKHFRW2WdzC3AE1XyIi+6jsYqvkciIptK5k7ejErjn370EN7cGVf39DFdt8cpf7ea6upqqg8UM9r1LXOZ/32Mb3uX6uq5WqWjfbCvuprq+Bqqj7u40bWNA9VmXwe2dXGj63HUOH0UHzDPvbttHBUTkFSUlJSQk5PDxMQEt2/fZnZ2NiZ4mpOTQ0mJ0lNEZPPRClSRTc/cBbi8pY4TdVGHPTV80hxeGZpH5ZnTDNSd40Q4+8972lyltthS0ZJaPqm5yFlrlZ3H643aQbiEDy7U8Om5Ok5Ehr1gBpAUs1m3nE4nz58/x+VyLdjO5XIxMzOzYLtl21F7wTIUL7a8MnyfqQRRF7vPRJavxMXqvUciIptLJjvfzOXhj9OwAx49HGXbvkz4MbrNDsqrD0ZeTf84DmyLOp/LmzvjtpoqfiPhhlGPv+sjt/zdyLkdb5WTe8NaAfv4O3NTK+tkZvE+irtuv/QdysaXlpbGgQMHIgHT27fN35tw8DR6VaqIyGaiAKqIAKmk9pmB1g/mHZ+fDhmT8kh8+iRQG3MycapjsuOy5rndbp4/f05mZiZ2uz1hGr/dbic9PZ3JycmF/xG+XDtqL1iG4sWE7zPVAOpSP2wsW4mLVXyPREQ2m8zXtjF69xHTO+HhaDH7dhAXQJ2m79YNIln3uS9a9H2aH8dhtO8GrV3Rx3P5cRoyfxyH3DejVqxmsi0XlqsUq2xs8UFUQMFTEdn0lMIvIiLLaseOHTz+/nscDge7du3Cbo991Njtdnbt2oXD4WDkyRN+8pOfLNDbMu2o/RJlKJIJ32cqFr/PBJa1xMXqvEciIpvOjjcoHn3It98+ZDTRytHH39I1WhxJuz+4b1uiXlKQyWvbzPqp1VZf5s9BijPNQC6j40xH2k8zPvqiNyWbUTiImpOTo+CpiAhagSoiIsvM6XTyk/x8+vv7KSoqwuPx8Pz5c/x+Py6Xi/T0dBwOBz6fj/ydO3E6F34ULc+O2guVoVie+0wm1fucb5lKXKzieyQisvns4I3iUW73QfGBRIn3AOP8OA07Mqfpu9sHL7i90443ihm9/S2Pi6M3lNpmbjC14w2Kuc3dvrfMDaoef8eLjySbVTiIGv6ziMhmZjMMw1jODicbK16yh/Nk1B/CEXndj7+xmpmX7HUluI7ewl2YPe948F4FT28u82BVrWTvxXxvov+8zMOslES/hfGH4n9V559P7Voj5vji80nl2tjjidtHX/Oz33exHHw+Hzvz85elL5Hl9sOPP/L4++95fccO0tLScLvdzMzMMDMzw8iTJ+Tv3Mlr2fP/zlxvNst9iohsJkNDQ6S73Sm2fkxX6122vWuu/uRxF623MQOZWIHNh2/y7sFiMmNS+HMpP/AmD28/5M13D1JMH7duWH+2cu8fd7VymwNUh3eUStR3uB4AuZRHXct0H7dudGEOVUwxfbBvbnMq2bhsqzDmzMwMu3btWoWRRWQzeTQ8nHxPh5cwNDS0aJu1FUAtvUzW/lIYaGLqi+tAOCg5+vLBwdLLZO3fTfDOQZ71vHg37o86cfEVk3/4eN4519FbuF9/wMzlk0T2Wq5qJXtvUYpBVDN4TCptFUBVABUFUGXt8/v9PHnyJGYFalp6Oj/ZseMFVmSuXZvlPkVENoulBVBF1hYFUEVko1rNAOqa+lTn/lUptrGvmLSCpwD+L/4F58lTOI8eg6jj68bNama23sJdfBnXzajA6jL0O7ncq1pFRJaZy+XaFP+Y3iz3KSIiIiIishmtoQDqeezbIXgvfmXndZ5djg2cxqTKz/REVnyaq0P7CW4vskoATBK4c5BnPefJ2F+KDXDuv8UWzFWo7o86cW0P9xpua720VsPaos4Fim9Z7Q+R/REJV6Em4v9hFHfhdhxgBlAT9P2s5xhbTlqlC/Z2koG1CtVawRpmhFfnJl11eowtJ0/hDH9hPpZ4tayIiIiIiIiIiIgszr54kxVSuhM7kxhPFmlX1Wql9Fcw2dhEgFLcH52fO789F+NOBZONFfjHsnFWXMbFxzy904MRHSStasWV0cNMY1TbX4X7MQOuoXvmucl7ozj3t+L44iD+MZYelHwyhkEuttLkfbu5zrPLXxEkumbqeTL25hK4E27bj63wPRZKJnId/S3Op1+Z7RubCGQcIqMq9amKiIiIiIiIiIjInDW0AjU17l1FMPaVteryOs/63iN77565oOJYR2QVaXB6EldGko5iUuCPYcsAnlovq/bgoB//zfltX7oSUtUeHDM9zET6/jOB4lPYq4B5Kfkf87Rx7pVray4wGt9ovu1etpTCs575q3dFREREREREREQkdWsngNrziND+UmyvL9TIDHQaTx68/HhxafRGVB68a2suzDwg+PKjmF7fjo1RjB5wHc0FdxHu+s6YYKyx9ViCC2PT8Y2ZyUWH8n9xEI7ewr2/k+z9MK80gYiIiIiILMhut5u7f9pWYzsekfXFMAwc9rWT3Coi8iqsnQAqHxMaO4Rr13kgNj3erG1qps0bT09hy9z90qNFNqyyUvHNMUzzapa+7Fi7imCmh2C479cfROq2xjof+7LqPZzu/rk6p1bd08X4vzgY6dv9USeuisu4epZxAysRERERkQ0sKyuLqelpXE6ngqgiCzAMA7/fT1Zm5mpPRUTklVpDAVSY+WsPzv2HyDr6wNwoCcxapdsnCdwxA50zQ/24rJT9GY6xpXgupX/J6fUZO3EB/tLLOLcDY9bxm/cJ7j00l1Zfepms/bsJ3jmIsdQxqlpxbYfgPSuAafXtqsIsEWCthA1F6p7Gs2qn9lj3Sv+Cw0UHm8EqY8AjBU9FRERERFKUlZWFAUxPTREKhVZ7OiJrlsNuJysri6ysrNWeiojIK7WmAqj0nGSq5zwZ9afIrj9lHezH33hwbqf5m9XMbL2Fu95aMTrTw0wqGzr1dBCsKMW5v5OM1yt4+tcenPtLzVT6mR78A5O4XrcCqnzM0zs7ydrfGVnxGbxXYabBv96Pa+8hsk/uTLyK1F0al54/SeBORVQK/fy+jYEmK3hqrcLd20nW1iamvjDrozr3d5K9f5LAvR6MvbutzagSm/lDE7aTp8iuPxT1/i1hwysRERERESE7K4tsBYVEREQEsBmGseRFlQuZbKxYzu5kk0j0Wxh/KP5Xdf751K41Yo4vPp9Uro09nrh99DU/+31X4oGXyOfzsTM/f1n6EhERERERERFZqx4ND+PxeJa936GhoUXbqNKziIiIiIiIiIiISBIKoIqIiIiIiIiIiIgkoQCqiIiIiIiIiIiISBIKoIqIiIiIiIiIiIgkoQCqiIiIiIiIiIiISBIKoIqIiIiIiIiIiIgksbIBVJvitbI52OyO1Z6CiIiIiIiIiIgsg5WNaLoyFFiSDc/hcJK2JXO1pyEiIiIiIiIiIsvAuaKjBZ4RSs8GZzrYFEiVhdkWeb0WhUJBArMzzE5NrPZURERERERERERkGaxsADUUxPZMgSWZzzASHJvXxljkfGrXGjHHF59PKtfGHk/SqYiIiIiIiIiIrDsqSioiIiIiIiIiIiKShAKoIiIiIiIiIiIiIkkogCoiIiIiIiIiIiKSxMrWQBUREREREVkHxsfHmZiYIBAIrPZURJbE6XSSs20b23JyFmz3zf/+Bpttbm+HX/7XX0bO9f5nL37/bMJz3/zvb2L6iT4nIrJRKYAqsqn18nndJTq8p7lSWxJ1fIT2i+cYONLMByVJL07AvO7rigv8rjJvmedq6W3hxCWob66lJPrPr2Y0eUFTU1NMTU0RCoVWeyoia5bdbicrK4usrKzVnso6Zz3L4g97avjkTCWv6GmUorm5eWpin40j7Rc5e80X195D7YUzmM2W8EwdaefTc528HblWXtb4+Djj4+OkpaeT7nav9nRElsQwDCYmzM2bFwqiGkaIfaV/jw3o+fd/jzkXCoV4a88e0tLS5p0zjBClf//3kOA6EZGNSgFUEYGOL2mverEPXSPtFznbWbHqH1LXyjzECp5OT+NyucBmW+3piKxdhsHU9DSAgqjLwHs6+ks/M/h49iIpPRde1TNkpP1LOhYK5MadG2m/yNlzLeSn8MWgnnuv1sTEBGnp6djtqngm64/NZiMtLY2J8fGEAdT/997/DUBe8O/wz84CEAyGIscBtvnfwu/3Y7PZ5p3LC/4dswmu+z/3/vdXdk8iIqtN/yIQETweaLnazshL95RH5ZnmV7f6NF5JLVe0+nTNmZqawuV0KngqshibDZfTydTU1GrPZAPKo/LMaby+a/xr7ypPpTA/5QBn3p4KPAwwPAIr/kyVGIFAQMFTWddsNlvS8hOhgEHBT38akykUCoXYtSs/8mMLunC5XBiGMe9c/HUFP/0poYDxyu9JRGQ1aQWqiFB45AiFly7xz+17kn5Q622pozGSH2mlGI62WOmHPmuVzx7ux6QbxqZVzq0OstISC73Q0YGZwOiNScVPOF781MIp/KehMXoeRwY5+2VB1KqcXj6v+5JCpTauiFAopOCpSKpsNpW6eGVyKfTA18MjUGI9DVJ6lpnPjpi280rdREv8rJtL0b/EiQ5vSuVmRu534vNU8E/xKfx77vPpuUEKvR10dID3//LS8f9Ezfm41cH9Fk5c60hhziKymQUCBgHDTygU5N+7uyPHnz/3R/4cYjbpuWAwEHMuYPgJKIAqIhucAqgiApTwwWkvJy7dpLcywQe83hYaB2r4pDnqQ+XNXipra/mkZiAqhTB6DesI7RcvMVBzgSuVeVaw82JMENPXAfXNzZRYHxIbW8rMD3tJx0vyQbAkfh69eH1fcn+k0hyrt5sOTwWfKHgqIrKJ5JFfCL7BUSBvCc8yM/g519Z8Rn3anqgW6QLPusozfMIiafa+a5ytuxZ1wEt9c7KU/A4GCi5wpdk8+xtX1JxH2gEfLYNHuNJca9VEvcTnZUutZS4im0HQHwLDIP2/DMedmfsC3Ol5kvxc8fexpwyb2aeIyAamAKqImEpqqffWWUHM3HnnrpwJvxhheAAoXKS/kft87fPw9nHrY2BJFbWec3x9f4TKSvOQp6bKCtaaH3JfarzYCVPu9fGn+yNUVubR292Bp+KCasSJiGxmKT9bRrjf6cN75Iz13Mij8oiXli/vM1IZF9xc8FmXwlMnvj5qbwsn6i4mzrrAw9t7FurTQ22VFS3Ny1/aY1NENpWg36Dv/tBqT0NEZF1RAFVEIkqqavCcu8TnZRdiP3iNtPPpuWtWqr0HjyeFzkYH8VHI+y8StXyR8eKUlHnxfXmfkco9DA94eLtK4VMRkc3FDJJ6KqwvBVN+towy4IOOS3WRtHyTF2sta1TTl3jWJZLgy0YRkeVWnPM2O36yg2AwuCz9ORwOHn//eFn6EhFZqxRAFZE5eZX8U00nZ7+8iTfqcO/Na/iiaqn1ttTRuFhfuQV46CSq9FzKXmi8eCVlZhp/L3xNuJ6crGXTfbe40QXl7x6kOHNFBuTWjYe8uVLjicjKGrnP1z4oPGLVP0352WLWTvUeSSH9/SWedbJBTHRztWmYdxoOUzR3kO6rTbQNmq8KDp/ieFnOvONzCjh86jhlOTDRfZWmmAZlfBjTd8JJ0H21ieF3Gjgc1TC6r7k5vMj99NPW8BndUc1S7k/WKIOcHPO/n2EYGIaB3W7HAIxQCJvNBjYbhmHWNbVbfzYMA5u1uZphGNgwN6sCePz994kGEhHZMNZQAPU8GfWHcCQ6NdPDzOWT+BOd2yTcH3Xi2j73Onivgqc3V28+snHlVR6ntvMcLT5igqgMDDNCCXkj7fypg7iTiTraw9uea3NpjL03afF5qD2eBzG1UpNY6njzmGn8jZd84D2t9P01b5pHD6G4GB4+mqZYEU0ReSkjtF+9hs9Twz9FB0FTerbksafCQ8uX7fwmekOpgZr5tUwXfNa9gKU+K2V1TXRztamNQcpiDve3NdHGYU41lJETDprmNXC4KIey4w0xrfvbGviMdwjHIieGB5cYnJwLysbMYqKbP7bB4VMNlNHN1aY/0l18nAW7TXI/TIwwnFIgV9YLw4CMjAwA/IEAoWCQtPR0QqEQAb8fh9OJw+HA7/eDYZCWlkYgGCQYCOBKSzOv8/ux2+24nM5InyIiG9kaCqCaFBiMd4wtJ0/hpIeZRiuIXHqZrP2dZPDy75X7o05cfMXkHz5+4T5cR2/hfv3Bpg9ybxxWrbdLc4mLZmq/tdGFp4b6Gg+NndaH0D0VeK5d42zdIPXNVbH9nDnNQN05Tlj7Y3hPNyeo6TbfguMlm3XMPMyNsErKvNDRgbdMO2iseY+/pYs3efeNcW7c/pbHxeXseNVjZhZzsLr4VY8im8w333zDz0tKIh8ww/yzs/T29rL3l79cpZltfPNS7uN2oU/9WVZLSeUZ6gfrojZ4Sra504s/64AEm0ilfn3MnC8UpDigLJfw6s6ysjIGo5dm0s+9bij7sAwzVplD2TtlNNzr53BRXPixv43Pusv4sCF8fIKRYcjfm2LwNBzwLCujLHYSTPTdZbBgH/+YA1DGO2Vt/KVvgrIkEdTk9wNMDDNYkI/Wm24kBuF4ZzAYxO/3k5aWRigUwu/3Y7PbcdjtBAIBDMPAlZZGMBhk1u/H6XKBYZiBVocDp9MZ6VNEZCOzGcbyflc02VjxgleaK1BRADVWVSvZe8HfWM1M1OHlClqulQBqot/C+EPxv6rzz6d2rRFzfPH5pHJt7PHE7aOv+dnvuxIPvEQ+n4+d+fnL0teGNNLOp+cGed8KqMrKGBoaIt3tXtI1j7taubvtXQ4WT9PVehsOVFO+I3KS1ttQXj5OV9coAMUHqnnju1Zu9xF5HW5vlgIw25FbzrsHi8kM93MXiumjbzSX8nfe5OFfolP4H9PVehury5g+H3fNjQW5c2UGrLkVF/fR1xce8l0OagXtpvTNN99w7949tuXkcODAgblVOrOz3L59m/GJCfbu3csv44Koz2dm2LVr12pMWUSSePDgAZlZWUnPT/T3Q1EROf1tNHxG1OqiUZt+AAAes0lEQVRMM92dD6PS6fvbaPhLPqeOl0UFIc2Vo3f3Ra827aet4S/kn1pkpejcJOiniKKc+WOaK1s/pME6EP869fuxgqvD7yS9Vtau6akpdu/ePe/4X+/eZd/f/R0AM8+fEwgE2LJlC6FgkOezs6S50nA4Hcw+f45hGLi3bMHv9+P3+3G73WAYPJ+dxeFwkJ6ebvb5v/4Xv9q3b0XvT0Q2n0fDw3heZJOURQwNLb6x3ppbgbogK5gYGMjFWZgNmCtWQ7vm0tujV7C6jt7CbbWLKQNQ1Up2MQQpwuGeJHDnIM+4TNb+UmwAM/0EKcL+pImpL64DcSn0Y3MBRzMA2U9we5FVfsDqr8dqWxrVb/jc661kF49FBRzPk1HvxYi+zuLeVQRjX8UETwH8XxyMDVYmGqcnfHw3oTFwbM+Omb/r6C3rng6R/RHmPVW1kr137h9HxsDcexBfZiF4r4KntFrvcSnuk5fh8kn8MX3EvR8iK2jkfic+7xEFT9e8x3zXl8ub72YCmbxVnsuN7x5TviN6DWofD3mX6upMM0B6uxUOVFNdbgU37/bx1sFiMh93caNrGweqD7ID89yNrteoDkdCR/vM63YA0308jPQ/Td+t24yXv0t1caZVH/UWfe8epHi6i9vj5bxbbQZiH3e1cvvbxxRHIrx9jG8z52YGVP8HfTtVV3Uz+nlJCYODg4xPTHD79m0OHDgAEAme5uTk8PMS/Y0kshHkxK8mnTtDfgG0/aWbXx+3Uvj/0g2DZUzAXAC1/99oGyzjw+NRkdKJEYYZpLupgTbrUNmHsXVN4yaxYEp9Qf5c3zn5BTD8IvdjlhWg+zMawitTCw7HBYNlvTEMCIVCAAT8foLBUCRYGgoG8TNLMGiuQAWYff6cYDBIMBDEPzuLYUAwvDrV6cQWVS9VRGSjsq/2BOI59naSXR/7kxGdFUwRDv6FycYKZgYmceztxD5UwWRjBf4xcBRfxgVQ1Yq7cBR/o3XuaSnuj87PdeMugr4KJhsP8qznGFsqSmGgicnGCib7wBG1eMp19BaujB5mGiuYbGwikHGIrKPH5hpsz8W4E55DNs4Kaw6cJ2N/KaF75rnJe6M497fivnmfoHs3zlLr+qo9OGYeEJgXZDyGLQOM6QeLvGux48wMYI4TOZ+Ngw5zDnd6MLYfIqPKCsKOERUQPk/G3lwCd8Lz7cdW+J7VzzG2nDyEPfwe3enBvvcWW55UMzMwGRWgju9jNOr9EFkpI7RfrOPstULqaxWsWPMef0df8b5IwDFz55vk9n1H7F6uxeyzGmS+tg0o5g0rfpm5LTeqqz5yy9+KpP/veKs8rq+562JMP+LhaC5v7gxPopiD1VYQdEc51eFVrEzz43j8xXNzI3MbufGnZdNwpaXxzoED5OTkRIKo0cHTd6JWpYrIRpVD2fEPKRtso6mhgYaGP8K+snmt+u91Q9ne2ADoxDCDFHD4VAMNDQ00fFhG92dX6Z5YscknYJYVoOxDc04NpzhMG01t/as5KXlJhmEQCoXMH8PAMEIxx80No+Jfm+0Mw8DAeh3uw2ojIrKRrbkVqIvXQO0nYK2I9P8wirtwlJDVPjg9icushY17VxHGQFNk5ebMX3tw7t+DG6xj/ZHrKPXicE8S7LNWWt78M4HiU9ZKy2M4X88m2BdeLXqdZ33vkV3sxYXVfqwjssIyeg5U7cFBP/7wODermbT+7B7rxFl8DHqum3N98ucXT8WPG8f/RQeu+kPYq4AnAJME/mql6Pc8IrQ/WUcf8zRqO1rX1lzASoONf496TjJl3bNrXgnBbJy/Og89H8fcs8jKyaPyTDOVqz0NScE0fXf7YLSP1r7YM3f73lpiKrwZ3Bztu0FrTJWMXH6cZuGaqtPjjLKNfYmGm+7j1o0u62/DXHIVIZUFhIOof7ECp4CCpyKbThGHGxo4bL2a6L4KBfti0vdHhqHsnbhVn0WHaWiIfv1rDhc0cbdvgmL+SFPboHUitQ2dBofn1rxODA9Gjve3NfBZyqtJ4ze+Mmu6tn12j/7DC6+AlbXMiAQ87TY7hi2Ew2F++rXZbNjtdpxOB8GguQLV6XSa7W02HA4HhmEQtNmw2cz8RwVPRWQzWHMB1OVhrty0bT9Fdv2pqOOT2EoTNH99OzZGMRKmme/G5rZWxu6NPeNI1DyKa2suzDwgmODczFC/FYQFW8Ykwb9eT9DqOsbTU9gy59etSXWcpbE2rLKWrhozk3OnFnyPoplB2Iz6Q2TXHzIPjb1cjVUR2cCmH/FwtJgD1bGbRk333eLGw0dMF4dXfqYik9e2Qe6bSWqQTi906TZyeWgGWuMuffxtF6PFByJlAB53tXI75TnJZhQdRAUUPBXZ5CaGByH/nbkg5UQfdwcL2JdiDnx+Xg45RcdpmL+QNalEKfvhlP6iww00HE5w0VJoU6l1LbyyFCAQsFL4Z2cJhUIEg+anylAoZG4iBTyPSuGfnZ21rgtYgVan1V5BVBHZ2NZcCv/yuI7x1KzfOWml8Js/SWpxPhnDIDdxcJUHGDPmytjYvqrn1SWN5/9hFNzbEwdaw2n8VV4cJErfN80M9cP2PczbjqWqlex6M01/wXGWouo9nO7+SNmDqb7RuXMLvkfxPuZp+H2KKhkgIhJv+tFDRovfmLc6NHPnm+SOPuTRQkHPBHa8Ucxo17eRlP3pvlu0tnbFlQNIIHMnb+aO8jAy4GO6WlvpCl84/qMZf53u425f4i5EooWDqAqeimw+/W0NXA3n3fe38Vl3AYd/HbVWc2KYwYJ9FMdFICe6r9JwtZuJyOs/0jZYxt4XWOaZU7yPgu6/mOn/E938pbuAffEDpnY3tDU0MJex30/bZ90U7CtWAHUdC9dADQdMQ6EggWDQDJIGQwRDIfN1KEQoctxsF4xqN3d9aLVvSUTkldugAVQz8DhXv9OsYxoOOM7T00FwJhtHsVXXtOq9yCpMuE7gyeRcbVXMjaOyT6ZQ1/PmfXMzqnDwsPQyWfW32FIK8DGhsWyce0uxPX2UPH3/5p8JzBThihnvPBl7izAG/mwGcePGcR314oguUbAk4SDpMbYUR/1rLf494jwZ8+rTxt8jZskAJjGevMhcRGSj+7ZrlOJERUmtgGbXt4uGPmPtKOfd8nFut7bS2trKjS4of7d84fR9c0CKDx5gW9cNWltbaW01N5Qq32HVUR3t4kZrK63/A/aV584FVEUW4EpLU/BUZBMqOvwh+W1NZs3Qz7op+/A4ZTF7RSXezSmn7Din9t21aqc20NQGh08tnqqfpDP+8TC0NTXQ0NQGh/8xZg5LuBsON3wIn1l1WRs+o7vsQ46/WGeyRkTXQLXb7WZqvt2O3W7HZgO79dpmpek7HA6zHWC3OyLtolP4lcYvIhudzVjmv+kmGyte8MrYHd5j9eNvrGamqpXsvZh/BmvH+LnXrqO3cL/+ILK7vevoLWuHeIjZDT6+H4jdxX6sh0BGKY4nczvQuz/qtHasj5pP+DhzKerxc4jpl7gar9Zu9YvXfY0fP0Gt2Jhxou619DJZ+3cTDL+23mfC11tzMDeB6sAZSeGfJHDvAY69868N/zcyBqz3JzJ29H+nuX/qRdotINFvYfyh+F/V+edTu9aIOb74fFK5NvZ44vbR1/zs910sB5/Px878/GXpS2S5DA0Nke5O+HWViCTwfGaGXbt2rfY0RCTKgwcPyMzKWu1piLyU6akpdu+eXw6uu6ubX/zi54CVnh8KkZ6eTigUwu/343Q6cTgc+GdnMYD0tDQCgQCBYJC0tDQwYNY/i8PhMF8D//kf/0lZ+RLqTIiIvIBHw8N4PJ5l73doaGjRNmsogLqWmLVAbX2LBzZfSullsvZvJ5BCOYCNTgHUF6MAqqxFCqCKLI0CqCJrjwKoshEkC6B2/c//yc9/8QsAnj17RigUwuVyYVgp+XZrxWnQqoHqcjoJWudcTicGEAwEsDscpKelYbPZ+I//+E/+2z/8t5W9QRHZdFYzgLphU/iX5jwZ0WnnVe/hdL/6tHNX8W5sY/c3ffBUREREREREVoZhgBEKYYRrlxqGmclos0UWg9iwFoMYBthsEE7Tt9nMc8Zc6n5I6fsisgk4V3sCa8PH+Adu4d7fSfZ+80jwXkXiDaeWRXi3+378jdqdXkRERERERFZOOOhpt9kxbAZ2uwNCIWxWLVS73YHdFsSw2bDb7Rh2O/ZwzVQD7PYgNpttLsgqIrLBKYBq8X9xMPlGTsvuOs8uL1wTVERERERERGS5GYZBmsvcotjldGIYhhkkBdJCLnNzKJsNp8sMF9htNgyrnc3aTMqV5sJG7EZSIiIbmQKoIiKyrMyVCVa6l4gszPrQKiJri9PpnNuhXGQdMgwDpzP5x/1vvrm3grMREVn/FEAVEZFllZWVxdT0NC6nU0FUkYUYBn6/n8zMzNWeiYjE2bp1KxMTE6SlpyuIKuuOYRg8f/6cnK1bE57/h//jH1Z4RiIi658CqCIisqyysrIwMHd+DYU3JxCReex2O5lZWWRrp2+RNWf79u0A/PDDDwQCgVWejcjSOJ1OcnJy2L5t22pPRURkw1jZAKrNDoY+TMvGZ7M7MELB1Z6GyKrJVlBIRETWue3bt0cCqSIiIrK5rWw+iisDm92xokOKrDSHw0naFqVjioiIiIiIiIhsBCu7AjXwjFB6NjjTwaZAqiwsvnLieqikGAoFCczOMDs1sdpTERERERERERGRZbCyAdRQENszBZZkPsNIcGxeG2OR86lda8QcX3w+qVwbezxJpyIiIiIiIiIisu5oS0kRERERERERERGRJBRAFREREREREREREUlCAVQRERERERERERGRJBRAFREREREREREREUlCAVQRERERERERERGRJBRAFREREREREREREUlCAVQRERERERERERGRJBRAFREREREREREREUlCAVQRERERERERERGRJBRAFREREREREREREUlCAVQRERERERERERGRJBRAFREREREREREREUnCudoTmHOejPpDOOIPz/Qwc/kk/tWYUhKuo7dwv/5gzc1LREREREREREREltcaCqCagvcqeHoz/OoYW06ewn3yMmy4YKUZMCbmfkVW1qPh4dWegoiIiIiIiIhsEjvz81d7Ci9kzQVQY13n2eXdZNQfwlUFfgUaRZbVev2LS0RERERERERkpazxACrAA4wZcGw9BlwHrBT6wmzzdFSKv/ujTlz0EMgoxekG6MffWM1MuKvSy2TtL8UGwCSBOwd51hM+vpvQGDi2W/2OfcXkHz62LjRXwpp9ThIci51hsvlQ1Ur2XgiOFeHYbp42BpqY+gK2nLTKFeztJIMKnj6Jnlv8SlwRERERERERERFZDetgE6nrGE/BlrnbfFnVirtwFH9jBZONFfifluL+6Pxc8+2l2Pqsc2NFuE5exgXAeTL2lxK6Z56bvDeKc38r7siF2TjoMM/d6cHYfoiMKvOM6+hvcdLDTGMFk40dEA6ypjIfirBPN1lj9mMr/C1bSq/z7PJXBAkHSo+xpSJqbnd6sO+NnpuIiIiIiIiIiIishnUQQI3l3lWEMfDnyKrSmb/2YGzfMxdsnOmJpPrP/LUHw70bZylQtQdH1Dlu/pnATBH2qvCFkwT+aq047XlEKDLiMZyvZ2M86bBqsH6Mf2Ay9fnQT+ALc+UsT8YwFrg3R7EV7O05yVT0ylkRERERERERERFZFesghf8YtgwwnjyI/Nm2/RTZ9aei2kxiK8UMTj59NLfZVM8jQvvNlauurbngLsJd3xmzstPYegyeLDT+bmxuCP1wPXLE/8Mo7tfn5pZsPqm7zrPLmBtmhecXXQpAREREREREREREVsXaD6CWenFEBTCNp6cwnjQx9cX1eU3dvwIyduICM/BYuhM7ECQc9HyQOChZ6l1gAglqsG7NBcYwywsknw9V8w8ld51nl8N9nCej/hDpR4/hT9SviIiIiIiIiIiIrIg1nsJv1ga1RaflD/VjK3wvsorUdfQW2fVR9ULDKfuA+1el2GYeEOgBbt4n6C7FFQ5qll4mq74zUuc0uesEnkxGjWmm9IctOp+UnCcjZi5m0DZ61auIiIiIiIiIiIisvDW3AtWxt5PsvVEHxr5i8g8fz72+Wc3M1lu46zutzaEmCdwx64W6AcZGse3vJHs/QD/+xpOR2qVP7+wka/9c/8ZAk7nT/SLp9v4vDuL4qBOXNWZwrB8yFp/Pwj4mNHYI195OsrY2MXWnJ2ZujH3F5M0FOxAREREREREREZFXzGYYxkL7Gi3ZZGPFcna3JO6POnERF3CVdSHRb2H8ofhf1fnnU7vWiDm++HxSuTb2eOL20df87PddiQdeIp/Px878/GXpS0RERERERERkrXo0PIzH41n2foeGhhZts8ZT+EVERERERERERERWjwKoIiIiIiIiIiIiIkmsuRqoL2PmDxUp1B4VERERERERERERSY1WoIqIiIiIiIiIiIgkoQCqiIiIiIiIiIiISBIKoIqIiIiIiIiIiIgksbIBVJvitbI52OyO1Z6CiIiIiIiIiIgsg5WNaLoyFFiSDc/hcJK2JXO1pyEiIiIiIiIiIsvAuaKjBZ4RSs8GZzrYFEiVhdkWeb0WhUJBArMzzE5NrPZURFbV+Pg4ExMTBAKB1Z6KyJrldDrJyclh27Ztqz0VERERERFZwMoGUENBbM8UWJL5DCPBsXltjEXOp3atEXN88fmkcm3s8SSdrkm9fF53iQ7vaa7UlkQdH6H94jkGjjTzQQn0ttTRSHyb+K5aOHEJ6ptrWaBVymPK+jU+Ps74+Dhp6emku92rPR2RNSsUCjE+Pg6gIOpLM58hLb65I97Tr+B5kvKzTkREREQ2EhUlFRHo+JL2kU0wpqyIiYkJ0tLTsdv1iBFZiN1uJy09nYkJfbn8cqzgaeFprjQ3Wz+n4VIdn/eu9txEREREZCNY2RWoIrImeTzQcrWdPWcqyUtwvqS2mSsrPKasX4FAQCtPRVJkt9tV6uKljTLgA++R6DWhJfymxsPZ7l4+KNFaUVk6wzAY/NvfePb0KcFgMGk7h8PBlowMCn76U2y29VBwSkRERF6EAqgiQuGRIxReusQ/t+/hd5Xzw5nxKfy9LXU0dlgn56XiQ2Q1EDV8kiRAutiY89MxvZGUSXM+NdQOXLPOe6lvLqOr7hIdcW1Tm6+IiKxfuRR6oCUuWJpXeWbuyz8r9b62ZoCWa+aDxXu6mfLuuedDdMr/SPtFzlrt8CR7ls1/1iV73vS21PEnvNDRgS9pf7KWDP7tb9jtdop371607aNHjxj8298oLChYgZmJiIjIalB+pYgAJXxw2ovv2k0Wy3Ycab9I40ANnzQ3c6X5ArUDl/g0Jhff/ED5dcUFriz4AXHhMUfar0alY16g1tPBn6LH6eiE43PnGuu6KbfSNr3MtV18viIisr7lUXm8Bk/HJU7U1XGiri7J3/MdfM1xrjQ380mNh45LdXSVmSn/9V7o+LKdEYDeFs5eK6Q+/NzgGmdb4p9U8591iz1vfB3wfnPzIs9GWSueTk+zc+fOlNru3LmTp9PTr3hGIiIispoUQBURU0kt9d4OGud9SIw2wv1OH56KPdaHvzwqzzRHrSAd4E/WB8rEq0pTHzOv8kzUSlEzPTOG9wjmEHnkFwLeMmvFqbkSKXq+3iOVc/M94sXXeR+FUEVENpC8Sn5n1T/9pMaD79o5TtTF10D18r71bMozHxyUW4+Z3ILIg4Pe7o6oZ4r53KCjO+rLvkTPuhSeN5E+ZT1YKG1/OdqLiIjI+qIUfhGJKKmqwXPuEp+XXaAwYQszkFl4JFlw1Ad4zFWllantUJx0zN4WTlwK50F68HgSXLwoc74dl+roiDnuZRS0AkhEZAPKqzzDlUorDf9SC+XNqT2PTCMMD4CnIneBNomedQs/b0RERERkfVMAVUTm5FXyTzWdnP3yJt6EDczVnV8Pj0BJovCjl/fP1EJLHY0tZanVGk045gjtX3bgqQmv7rFSJZd8Q+Z8vUfm6trJ+tXf1sBnfEjD4aIlXDVB99Um7u47xfGynFc2NxFZRb0tnPiyYF5dUXOV6VKZWQ2+wYW+Zkv0rFv4ebNYeRwRERERWduUwi8iMfIqj1NLBx3xKfPmWfZUeGJSEntb6jgRl4JfUnsab8eluNTJpY9pfoAFem9GbSa1FOZ8I3XtwvO92K4UfhGRjaKkDK8vvk6p+UXci6TNl5RFp+wn7yf2WafnjYiIiMhGphWoIhLHrNvWcqkj8dnKM9QP1nG27pp5wFPDJ2dKoLc7qlUJv6nxLCF1Mn7M8OtLnOgAvKfNWqkLrghK0nP8fPFS36wNPERENo4SPmi+QOHFc5yomzvqqbnAlVTqcc/rrpZPai5ytq4u3BGfJMyoiHvWLfC8URq/iIiIyPpmMwzDWM4OJxsrlrM72SQS/RbGH4r/VZ1/PrVrjZjji88nlWtjjyduH33Nz37flXjgJfL5fOzMz1+WvkSWy4MHD8jMykreYKKbq01tDAIUlFFGN8NRKfb9bQ18Fo7Hl82l7Mek8Ft9cPgUx4v7uNp0l32njmN20U9bw2fwYQOHi5TCL2vf9NQUu3fvXu1piEiUb7/9lp//4hcpt//P//gP3nrrrVc4IxEREXk0PIznxTZIWdDQ0NCibbQCVUREVtAE3X80A58NZTnQ30bDZ1CwzzrbfZXPhg9zqqGMHCsQejU/Lvg50W0FTBvMgOnEqtyIiIiIiIiIbBKqgSoiIitnoo+7gwXsK7YCokW/5nBB5CR9dwcp2FeMebaIXx8uYPBu31yMdPgvcatNRURElp/D4Xil7UVERGR9WUMB1GNsOdlJ1tFj63wMcH/USfZH51/pGCIi69LEMIPkk5cw+DnB8CDkJz5pGgQKBmn7t/5XNEERERHIyMzk0aNHKbV99OgRGZmZr3hGIiIispqUwr8szpNRfwjuVfD05mrPRURkDcvJp4C7jExA0bw4aQ75BXA38UlT2TscPwxtDZ/RtrcBqzyqiIjIsir46U8Z/Nvf6HvwgGAwmLSdw+FgS0YGBT/96QrOTkRERFbaJgugXufZ5euvfJSZP1Qw88pHERFZh3KK2VfQxt2+CcrKcqD/32gbDNdAzaF4XwFtd/uYKDNroP5b2yAFh/+R2FKnRRz+sIyGz9rY23CYopw88hmM6vMe3UDZKt2iiIisfzabjcKCgsUbioiIyKawZgOo7o86cdFDIKMUpxugH3/jfez1hzArDPXjb6xmZkltj7Hl5CkcT5qY+uI6WK/NayYJjoEj4wEzl0/i+KgTJ/2wvQjbTA8zl0/ir2ole+/ccidjoImpL2DLSWucvZ1kUEFoVycuvmLyDx8D4Dp6C3dhtnlRuC+Aqlay90JwrAjH9ug+X32QV0RkdeRQ9o+HudvUREMbUHaYwwVwN3y27DgfDjfQ1NBmHij70NxsKl7Rrzlc0MRnbXtpOGzWSm1qi+1zeIXuSERERERERDa2NRtABWD7brhTwWSPGeh01YO/sYKnVsq88+gxCAcbU2ob273r6G9x0sNM40n84TT8qKWjtu1mH+ah82TszSVwp4JnPVjBz/dwU82zy7tjUvjdH0UNUtWKu3AUf+PBSADX/dF5/FZwFYqwTzcx+YfrVp+/ZUvpdXMMEZGNKKeM4w3h9aETdF+NrXtadLiBhsPzLys63EDDXCeUHW+IrDLNKTtOQ8yS07KE7URERERERESWag1tIpXAWIcVSLyO8RQYu28FMx9gxOfIL6UtAMdwvp6N8aTDXA3Kx/gHJuP6vB8VT/2Yp40HI4FN19bclG7Bvasoqp/rPOvrh+17cEda9BMIB4GfjGGk1KuIyHrVT1vDVbrD+fj9/0bbYAH5C+wbJSIiIiIiIrKa1vYK1FdqNzY3hH5INV0+Ot0fjJnJhZtb19gywHjy4EUnKSKywRTx68PQ1NSAlaRP2YcNJMrSFxEREREREVkLNnEA1VyZ6th6DEghiFr1Hk73XN3VcP3ShV3HeHoKW+bul56tiMhGMT/dXkRERERERGTtWtsp/K/UdQJPJrG97sUFwHlc4Y2eksrFVgpwjC3FRYu0Nc0MRafsW9fFlAYQERERERERERGRtWoTB1DB/8W/EKAUd30n2fV7MOJroEa7+WcCM9k493eSXf9b6OvBiARUPyY0Bo69nWQdPRZ3XTUzA7m46jvJrj9lbloV2UBKRGTjcTqdhEKh1Z6GyLoQCoVwOjdxQpCIiIiIyDpgMwxjWfctmmysWM7uVpTr6C3cmR1MKsC54hL9FsYfiv9VnX8+tWuNmOOLzyeVa2OPJ24ffc3Pft+VeOAl8vl87MzPX5a+RJbL2NgYExMTpKWnY7dv6u/pRBYUCoWYff6crVu3kpub2uaUIiIiIiKb1aPhYTwez7L3OzQ0tGibTb3kwf1RJ87pJqa+uE44hd8Y0IZPIiIvY/v27QD88MMPBAKBVZ6NyNrldDrJycmJ/D8jIiIiIiJr0/8PS1xgLuvvDukAAAAASUVORK5CYII=" height="600" width="800" />
<img src="data:image/png;base64,iVBORw0KGgoAAAANSUhEUgAABVAAAAJcCAYAAAAfG4+9AAAAAXNSR0IArs4c6QAAIABJREFUeJzs3XecVdW5//HP2nufMmd6Y2aYQhk6SLWgCAj2qNGosQfFkptrbmKuJDfRJJabq6ZZEn+5iTE3GNTYxYKJGAUVVBRpIgxIEYY6c6aX03ZZvz/OmYGBGQYTpSTP2xeRmb332muf2f6R7zzrWUprrRFCCCGEEEIIIYQQQoh/MbNmzer1HOMQzEMIIYQQQgghhBBCCCGOShKgCiGEEEIIIYQQQgghRA8kQBVCCCGEEEIIIYQQQogeSIAqhBBCCCGEEEIIIYQQPZAAVQghhBBCCCGEEEIIIXogAaoQQgghhBBCCCGEEEL0QAJUIYQQQgghhBBCCCGE6IEEqEIIIYQQQgghhBBCCNEDCVCFEEIIIYQQQgghhBCiBxKgCiGEEEIIIYQQQgghRA8kQBVCCCGEEEIIIYQQQogeSIAqhBBCCCGEEEIIIYQQPZAAVQghhBBCCCGEEEIIIXpgHe4JfF4aY01Ut+5gS/NWtrftZGf7LhpijcTcGJ72QKdOVOBpzaSS4/n66JkYSjJkIYQQQgghhBBCCCFE947qADXhJlhdV8WiHe+wum4tjfFGXJJhqUKhlAJAKVBaJTNUBbZnM6HPOAlPhRBCCCGEEEIIIYQQB3TUBqhVDRt4ct0zrKxfDRoMFMowsDCBZJWp67nkBnLw0LTbbSilcDyHsQWjGVc0+jA/gRBCCCGEEEIIIYQQ4kh3VAao6xs28uN3/wfbS2AaFkppdKrq1NMejueQH8znlNKTSXgJ3tm1JFl9qjUecNWwS7GMo/LRhRBCCCGEEEIIIYQQh9BRlyK2xFv42Yf34XgJLMNEJ5NTtNLYnkOWL4NLBl/IsLwhLN75HvO3vo6HxlCKhJtgWulUhuRWHu7HEEIIIYQQQgghhBBCHAWOugD15c2vsitSS8gMdn7P9hwsZXHhwPP4cuWXaIw18sCK31Ldug3LsFKVqRqf6WfGiEs7e6MKIYQQQgghhBBCCCHEgRxVAWpTrJlXtrxGwPCjAa01rnaZWHw8lw+9mIqsMl799HUeXvMIAD7DQgNKKRJOnBnDrqAgVHBYn0EIIYQQQgghhBBCCHH0OKoC1I1Nm2lOtBA0/NjaIS+Qy/Ujr2ZS6QnE3Ti/WfF7Xt++EFNZGBhoNEqB4zn0y6rg3MqzDvcjCCGEEEIIIYQQQgghjiJHVYD6SeMGtPZwtMsppZP52vDLKAzlUxdt4Ocf/op1jeuwlA+l2NMbVWs0mm+N+QYhX9rhfgQhhBBCCCGEEEIIIcRR5KgJUD3t8VH9Wkxl8s3RX+e0flMxlEFNey0/+/ABNjRtwm/60BrQyWsUEHFi3HjM9QzLH3w4py+EEEIIIYQQQgghhDgKHTUBatSJ4jd83DHxViYUjQEgHKnnjiU/ZUfbTvyGD0j2O+1IUaNOnAsrv8yXKs84jDMXQgghhBBCCCGEEEIcrY6aANVQBt8a+28UpjaBsl2bX634LdvadiQ3lVIatO7cWMpQBpcNvogrhn8VU5mHefZCCCGEEEIIIYQQQoij0VEToKZZaaRZyR6mWmv+vO5ZltYuI2ClEcNBaYXf9FOaXsLxfcZxYsnxDM7pf5hnLYQQQgghhBBCCCGEOJodNQHq3jY3V7Ow5gNOLJtC/7QC+qeX0Ce9iML0IgpCBShlHO4pCiGEEEIIIYQQQggh/gkclQFqeUYxf5j6U5Tr4LXXYUWb0Qkb7daC66CDOSh/6HBPUwghhBBCCCGEEEIIcZQ7cgJU7aHjbWBHIZCB8qVBD5WkvubteGtewVu/AKdxOzGtk5tHGSba9GPmlWGUjcWqnIxZcgwqkHmIH0YIIYQQQgghhBBCCPHPQGmt9eGcgG4PY29ahLtpEW7dZkhEIZiFmVuOWTIcs/+JmIVDwArsuSbWjNe8A91ai9dYjbtjFe7uKrzWMHSEqQAojMJB+MdegDXiHJQ//fA8pBBCCCGEEEIIIYQQ4ogza9asXs85fAGq55D4+CUS7z2C17QDDCPZu1QZaM9D4aE1KMPE7DsK37ivYA0+FWUFux1Ot9fjhjfgbHgTe91rEG0Fw0ADSmvMviMJTP53zIrjD+1zCiGEEEIIIYQQQgghjkhHbICq4y3E33wAe+WLYJjJPwCeB9rdc54yUIDWGgWY/SYQmHIjZsnoA47vNW0nsfpF7A8eR7s2yrTQrgNKEZx+E/5xl4Jx5HQvEEIIIYQQQgghhBBCHHpHZICq7QjRF76Ls/l9lOUHVDI01WCUjsQsn4CRnod2HXTzDrzwRtyaT5JL+7UHpo/ghb/EN/DkXu/lhtcTm38X3s61YPpAa7RrEzjhKgJTvw3K/OIfWAghhBBCCCGEEEIIcUQ68gJU7RH92z3Yy59D+VI9TT0HIz2fwKk3Y1ZO2X+JvmvjNW/H2bCQxMq56MYdYFqkffVXWP1P7P2WsWZif/spTtXrYFpoACdB8Mzv4x97yef+iEIIIYQQQgghhBBCiKPDwQSo3W9z/wWxP34RZ9mze4WnLio9PxmGDj2j+/6mpg8jbwD+E64l/ao/4j/ha2jPJfriD9DRpl7vqYLZBM+6DWvYdHBsFKBMH/H5P8Wt3/z5PqAQQgghhBBCCCGEEOKfyiELUL2WXcQW/hosf/IbGtAeaef/FKNw6EGNodILCUz7T0IX/RIdaSTx0QsHd50vjeAZP0QVDQbXBWWAUsQX3Aee85mfJR6PE4lG8TzvgOdprYnFYrRHIsTj8c98n94kEgnaIxFisX98bNu2iUQiRCJREokEjuP0+HwHW7TsuC7RaJRIJEIikfiH53g4eNqjJhIm6sT+7jESrk1tpA7vMO3XJoQQQgghhBBCCCH+fodsJyV7+ZMQbQYrVX3qxPCddC1m6djPPJY1aBqhSx4k9uaD+MdfivKl9XqNCmYRPONWoo/NBDww/Tib38XZvQar75gu59bU1LLk/ffJzc3B9TwmT5qEZVm0tLTw3Ny5zJ8/n5bWNh584AEqKwfud68dO3eyaNFi3nrrbT7dsoVYLEp+Xh6jjjmGKVMmc/JJJxEIBA4438amJt57bwkZGRk0NTVx8qSTyMvLQ2vNylUf8eqrr7L6449pamoiFEqjcmAlU6dOZdopU0lL6/3zAGiPRFi+YiULFyxgxcqVtLe3g1KYhkFubg6FhX1ID4UIBoOEQiGaW1uoqw3zrW99ixHDh3U7pm07rFy1kjffeoslS96noaEBrTWZmZmMGD6cU089leOOO5bcnJxur/+kcRMf7P6QDCud+lgj4/qMYXzRgTcNA/hg93I2NW4mYAaoizdwdr9TKc8qY9nuFawIr8bVDrn+HKJujHY7QkuiDReHkBWiKNSHobmDGZE/lLR9qqDbEm18a+H3OK5oPLMm/AeG+my/c9Bo/u/jR1m0413un3o3Rel9PtP1QgghhBBCCCGEEOLwOiQBqm6vI7F6XnIjJwCtIZCOf9zf34PUqpxKWigvOdbBXlM8HLPfBNyty8G0UEphf/TSfgHqx2vX8N3vfhcNTJx4AtOmTmXX7t1848Zvsubj1ZiGiTIM/PuEoG1tbTzyp0f5f7/5f/h8PkaNGkVFRTmJeJzly5ezbNkynnzySaZMmcKdd9xB35LiHucajUa59Yc/JBKJYJomL7/0IsFgkJ/+/Oc88cQTKBSWz0J7mngiwapVq3j++ec5YeJEfnrP3ZSVlh7ws1iztorbb7+dDz/8kP4DBnD9ddcxfvw4TMPko9WrmT17Nu+++y6ZmVl89atfxXFc6sJ1NDU3E493X425/pNPuO+BB3jj9dcxTYvLL7+ciRMnkhEKsXHzJubOncsTTz7JsOHDuOO22zjpxP172MbtGI+vfwafYaG1ZmBOvwM+R4fa9jBz1j2BL/WOnVh8HOXAyvDHPLfpRdLMNDw8rhxyCeWZ5SS8OJuaPmXB9reJuzEs5aN/ZgWzJnyL8qw9n11tpI64F+ftHe9y/sCzGZI3+KDm02FHy07mbfkrljKJO0dnFa4QQgghhBBCCCHEv7JDEqA6NVXo9gaUL1Xd59pYI8/GyPzHqvHMkmM+2wWGhTVkOu7WDzu/dje/g441o4LZnaelh9Lx+XzYts2gQYOIRKL8xzf/g1UrVpCbn4eTsIkn4qSHQp3XRKJRvv6Nf2fZsmX89J57mHzyyeTk5mCZJo7rUlNTy/0PPMBLL73EwoULaGlu5tE5f8Lv93c71fRQOoWFhVRXV5OVlYXf5+c7N3+XT9av456772bUqFHk5eZR31DPwoVv8pv//V+09ljy3nt869s38cTjjxEMdtNTFlhbtY5LL7uU1pZWLr30Um6/7cekp6d3Hh86dAhnnnE6//X9W/jbG3+jva2d79/5XQKBQI/L+pctX8E1115LW2sLQ4cO48Ff/5rBgyo7j5988iSuuOwynnn2OX70ox9x9TUzeeh3v2X6tGldxnGVJmD4MQ0DrTWm8h34Z5rit/z4TT+mMlEo/Gbyc7UMC7/hR+OR5cvgvMqzCO5VZXp+5Tn8Ytmv2dpazebWT7lr6S+5f8rdpKWqmhvjzcmWBQrmbnyF7x337YOuQvW0x6PrnkKh0EBLovWgrhNCCCGEEEIIIYQQR45D0gPV3boUtVfopNFYAycB6lDcvgsjfwC6477KwGurw2vd3eWcgvx8HM8FID0tnd//4WF219byx9mzeeH553n22We44447se09FYWtLa20NLfwyssv85ULzqegIB/LNAGwTJPSviXc9ZP/5pRTTsE0TT788ENemvdKj/O0LJO0YAClFJZp8sMf/5iA38fLL73IxRddxLChQ+nTp5Dhw4Zx479/g/vuvRetIZiWxooVK3hjwZvdjhuNRvnu975HPB6noLCQH3z/v7qEpx2ysrK4639+QnZ2Nn9+4nEe/sMfkp+fYWAYXV+bhoYGbvzmN4lHo+Tl5fPQ737XJTzt4Pf7ueLyy/jSOefguS7fuPFGtmzd2uWcTCsdpRRag4cm15/V42e0t6DhT71OGqUUGb5UuG0olDJQKJRhEXO7VoGWZfblG8dci9YePuVnR/tOVtet7Ty+u313MpA1LN7d/T6bmz49qPkArK1bxzu73sdvJMPc2mj4oK8VQgghhBBCCCGEEEeGQxOg7loLxp5iV2VYGDl9D8Wt96dMlLlXVaMGL7ypyynNLc1YpkkgEGDui3N59dVXefaZp5l+ylT6VVQwdMgQrrjsUoqKijqvSUsLct99v2RQN8Fhh0AgwI3//g0c18PyWcydOxfbtrs917IsTJ8fpRQNjY2sWbuWe+6+i8zMzG7PP/OM07nqqquIRqMEAn6ee+4ZHGf/DbI+XrOWdVVVgOLLX/4yeXl5Pc43Pz+PU6efit8f4Le//R27a2r2O0drza8f/A3hcC2u53HTt79Nv4ryHsdUSnHD9ddjWiau4/Cb3/xvl02pHO0AChQYyiCuu/989hWy0pLdHJQCpbB1MgDPtNLR2sPVmoDhw2/sX3TdN6OYdF8GHh4GBltbqzuPtcRb8fBAKzSap9Y/j6cPvHkYgOM5PLruKQylOnJdGmNNB/UsQgghhBBCCCGEEOLIcUgCVN1eB50VqDpZARrsfhOhL34yXjJkIxnaKcPAa+haBalJhncoRW04zPe++z1KinvuVwrJis0hg3vvj1laWkpuTg5KGWzbto1YPN7teaZpkh4K4Xke8Xicb//Hf5CRkXHAsS+5+OLOa9dWraM9EtnvnKVLl6YqSDVjxozZ7/i+hg4ZgmEYxOIxlq9Ysd/xXbt38+RTTxIMppEeCnHGGaf3Omb//v0oLi7G5/Pz6qvzaWho7DxmGtael1JD0DzwZlsdIl4CnzJTy/4NQmZymX6uPxtHuxhKYSmD7qqeXc9NvhIkq17zArmdx2qjdaBTVdPK4oPa5Wxu2tLrfD7cvYKPG9ZiKRNU8vqmRMtBPYsQQgghhBBCCCGEOHIckgA1WRrYUWWYSqqijT2d/cVSBjg2ewdpOt41aPT5/Gg0ruNQWlrK8ccd97ndPuD3k5+fj9YejuMQP0CAmhYI4LoulmkyZnTvO9Hn5eeRm5uL9iASaaetrW2/cz7dsgXLZwGKzIz9l+7vKyMzs3Ojrh3bd+53fNGixdi2jeu6HHvsBAoLCnofMz2dyoGVaK2JxWOsXbtnyXyaGUy+KVqj0Z1BaG/SzCAeHlprFIpAqgdquxvBUiaGUni6o8K1q9pImNZE8rMKGD7G9xkLQNxNsKt9N6ZhkoxAk/88tu5p3FSFa3eidpQ/VT2BpSxMlax4VUoRjoTRHPymZ0IIIYQQQgghhBDi8Ds0Aaoyu37t2Xith6cfpI42ofdegu15YHbdqKijd6njuowcMYLQXptF/aM8rYlGI533sazu9/HSOtnLUylFIBgkP7/npfZ7zzs/Ly8V80Estn84m5+fj+smg0bP7X0pelNTI8pQyT6g/q6fk+d5fLB0KaZp4jgOJ5wwEdM0exhpr3laVjLo1RrHsWndK+j1pd4VDV02g+pNhi+tc7MnRbKSFaAl0YZlWKljBtY+S/hbE208tu4pNBrHc7huxAxy05LV0a7nUBetB+Cc/mcRNANYymRpzTI2NHRt+7C393YuZVPLpwzOqeSCynNxPBeFoi5aT8I9uJYEQgghhBBCCCGEEOLI0H169zlTGfl4TdtRnUGqwt36Ab7BpxyK23fhhTem9kRP1cQaBvtuqm6aJujkSv/09HRM8x/LmbXWNDU3s3HjJh7/8+PU1oYxlIFhGvh93e8yr5SiubUVv9+PYSiMgwgmPc/DdmwMI7lpUiCw//L3YyeM56Hf/Q7TMtm6bVuvY27csKmzt+iQIUO6HEskEmzevBnDMDBNkzcWLKClpZWGhnoys7IJBHwEA0E87RGLxonFY0SjUfoUFvLhsmWYpkl7e4K21r0qZVNr6VXqf57Z8AJ90gowDYtWpw1DmQTNIAYGUS+G69mEzDR2RWpQyugSogIYqfE6fuIJN0HQDNASb2VdwwYerXqCT1u3khvIZsawKzi9/7TOqUTsKM2JFlzP4Uv9T8dv+Hhy43NYhsUf1szhZyffmapO3SNqR5mz7gksZfLVwRcQskI8teE5TGXSkmghakc7q2OFEEIIIYQQQgghxJHvkASoZp/BeNuWA8mwSZkWzrrX0Cf/GyqYfSimkOTauFs/gFToldzcx0PldN30SKlkxKo1GEbvweW+Ghub2LJ1C5s2b+aT9Z/wycYNNNQ3kkjEGNB/AHl5eTTU12P2UoHaUYVqGAbt3SzH35eXuqbjGTK76Zk6fvx48vLyaG5p5o3X3+DqGV/D18McWlpbeevtN1FKUVJSzKhRI7scb49ECIfDycBWKerqwry96G1C6emkh0IEAgHi8TiWaeD3+3EcF8d12LR5M/369aOiohytNSUl+/SXTbWoNVB82rqVmlgYAxO/6cdnWLieR0LboD209kiz0miKN++5dr+xdKoCNMyP3v0fsn0Z1ETraIg1MKZgNKdWTOOEkgmUZpR0uTQcrcPBxW8GyPCnc/aA03l641xMw2Rd4yd8FP6YcUVd+8jO2/wquyI1jC04hmOLxrG5eQtGalJNdutBbUAlhBBCCCGEEEIIIY4chyZALRmFrZ/a8w1l4LWGsT9ZiH/0BYdiCgC4zTtwd66BvZdxaxejeHiX85J9NFN/9w4+8NqxcydPP/MMTz/9NI2NTQwaNIjTTz+dGVd9jfLyMkpLS4lFo1xx1ddoaKjHsnxEIhH8/t4rEpXaf/Oj/c6BVOWswu/3E4vHyCaryzl5ubnceeed3PSdm/hw2YfMm/cKX7ng/P3G8rTm979/mLr6ekzD5LbbbtsvkPVZFolUD9dIJMLtP76Nk0+e1GWuhmF0CYM7Al6g8+/JTa32ktq0CRTfGXsjA3P69/rsa8JV3Pref7NfgqpBp0LUnGAeoFhVvwZLWVimxWVDLmRofvebfzXGmnBcm/xQHoZhUBDI57Tyqbyx/W1MZfLHtY9xX8EIfKkWEI3RRp7e+AJKwdXDL8c0TDJ9maAUCrDdBC2JVvLScru9nxBCCCGEEEIIIYQ48hyaALXvMeALgufuWaJtBYm/+QBW5SSM9MJDMQ3sj18GNwFWkGSypiGYjbFPoOV5XnIZuEoGiQdjzdq1zLz2Wmpqaqno14//+78/cOz48fsto29paaG9vR2AQCCA2jc8TFFKdW7edLBM08Sf2njK5/P1GLp+6eyzaGy8gwceuJ9bf3grLa0tnHH66eTm5KC1pjYc5o9/nM0jjzxCXl4eP/zRDzl12rT9xtGAlWpBYJkmkUi02x6oHb1cO5/roChc7eI3um9xsL9klel+31XJXqoemjQrxA8m3MSDqx5ibcM6HNfhlyse5GeT7uw21NzVvhsPTW4wm4CZ/DlePPgC3trxLhrNpy1beWfHEk6pmAzA8xvn0Zxo5qSiExialwxl/aaPkBkk5sbR2qMh1kj/7IqDfCYhhBBCCCGEEEIIcbgdkk2kjOy+GP1PQHt77YBumBBtJTb/bvQh2FjHbdqG/eGTYPrp6IiJ52KWjsJI77pzvLd31elBhJgtLa3MnHktDQ2N9C3ty+OPPsqkE0/stgepYzs4joPnaQJ+X+eGVfvSWpOekY7jOPvPqQeGYaIA13WxLJNQWvebXxmGwdeuupJf/erXKGVw9913c9XXZnDdDTcw87rr+dqMq3nvvfe4edYsXn7pJS6+8MJug8+0YJCyslJcNxmM79i5vdc59kbvs8Td0U4PZ3blaDf5F9UxTqq6VSerXg0g5kQozujDd8b9O1n+ZGVuTaSG+1b8Brubd3B72y4MFNn+LIxUo9zSzL6c0/9MbM/GUhaPrn+auJugtj3MS5/+BZ/h56phl3T2RlXKINOflXzjFNREaj/bByKEEEIIIYQQQgghDqtDUoGKMgkceymRDW/u9U0Nlh93wyLib/yM4Kn/lQo3P3860Ub8tbvRThxl7lXRqF18w8/s7InaIRlWKkAdVAXqGwveoDZci8/ycfFFF1NRXnbA8z3PxfM8TNPaf/l6ilIKy/Lh2Dau309GN/1M9xVPxLEdG6XANEwsq+f+re9/sJQ7f/ITZs68lssu+Sp+v49wfT1aawry8snNzSEYDB7wfn6/n3HjxrNi+QpQirVV6zuX6v+9bM9NVv+mPnbHPbgANeImn1uTDEztVFhfEMzH9mx8pg8FRJ0YxelF/Pi47/G9d36MpSxWhVfzyNo/c/0xMzqrWF3PZXekBo0mP5jfGaACnN3/NF7ZOh+0pjZSy183/40d7TuJuTHOrDiVytyBneeGfEEyfZnURGpx0bQmeu9lK4QQQgghhBBCCCGOHIekAhXALB2HVTYW9g3ELB/2irnEXv8ZOhH53O+r7Six1+7C3bJ0n/DUg1Au1sCT97umo9pTKfC8AweoWmsWLX6HQCAISlFWWnrA8xN2Asdx8fv9RGPRLj1B951DIpFItTzQhELdV5PuzXUcbNvGMi00mniqP+m+wuE6vjbja7i2zbe+eSPl5WUUFRUxasQIjhk5kpKS4l7D0w5fPu9ctEqGqQsWvEFtbfigrutJuxtN/kUpFIpW5+DeCcdLoDAwAE97RN0YkKxo1SQ/T1OZ+FTydwZD8wdzw8iriXsJ/IaPFza/wuLtSzrHizoxaiNhFAbZ/swu9+qbWcKZ5adiaxe/6WPOuid5Y9tbWMrivIFndwmQfYaPDH8o2dNVaxrjTX//hyOEEEIIIYQQQgghDrlDFqAq00/glG93HxhafuxVLxF94Wa8uo2f2z29ll3EXr4Fe+3rYHbtpakdG//Eq1Hd9L50XCdVh5jaDr4XiUQidb6mpbXlgOf6LB/t7e0opXqsPgVwHIf29nYsy0RraGjsPXjTWqeW0yc7DyQS3bdGmPvCC9i2Q0FhAT7fP1aEPHzYME6bfirxeJy2tjYefeyxz3R9XV1dl3fCb5h42kMByejz4PrAhqxgarl/st9pwks+e12sCZ9holRymX/H9wHOGXgm08umdoao96/4DZsaPwWgIdZIc6IFZUBOMGe/+3258myCRiDV4UGT8BJMK51MZc6ALucZyiDLn4VGYyhFTXsYt6PdgBBCCCGEEEIIIYQ44h2yABXALB2D/8SrwY51c9CHu2UZ7Y9dR+LDx9Ftf3+vSB1vw/74RSJ/vh5n4+Kulaco8ByM/Ar8Yy7qYQCNp5OBVzyR6LFKFJJL7cePG0sikcA0DN5a+GZn39J9xRMJ7r//fhzHwXXdAy7hdxyHWDzWuXN9NNp7JWYsFicWi+N5GsNQZGZ2v+w/Ho9jWRZVVet4ad48wnV1RCIRHMchEokQjUaJx+M9PsfeDMPg9ttvIysrC9M0+cP//R9PPfNMr9dprXnm2ef47UO/71KxGXcSqNQyfM3+PVF70hhrxsQANFqDTyXbFzg6kYpgFQk3gbHXvQxlcP3IGRSl9UFrD1e73LX0l7Ql2km4CRJeAqUVOal+qXsryShmevlUbM/u3Gzsq0Mu6LLUv0NuMBuNRmFQE6096LYEQgghhBBCCCGEEOLwOzQ9UDspAhOvxd26FHfnGpQVYE+FoQbTAidO/I37SCx7Et/o87AGTcPIKUP50g48tOfiNe/A2boE56OXcGvWAypVebpXAKpd0Jq0c3+C8qd3O1R2dg6O62AaJo7d+wZXZ591Nvfd/wCu67J02TJ++9DvueG6a7ssg1+3bj13/vd/M3LkSAYOHMjWrVuorq6mobGRviUl+43puC52woZUmNhTNeneQukhEvE4Wms8T/cY/E6fPo1fP/ggiUSCW2+5lbz8fLKzswn4/WjA7/MRCAYJBAIUFRUxYvhwTjrpRAb079/teCXFxfzh4Yf5xjf+jYaGRm6//Xa2b9/BFZddSsk+z5awbdaureKPs//ICy+8wEO/e6jL8bgbx9MelmGitEebHe31uQEsw8TWDn6V/Hk3JVoopS+i0U9qAAAgAElEQVRxNxWAq2SA6u6zGVd2MIvvH/sdZi36IT7DRzga5ncf/ZFhuYPRWmMqs8eerhcNOo+/VS8g7toc22cc5Vnd974NmAEMDJRSNMQaiDhRAtb+G4wJIYQQQgghhBBCiCPPIQ5QQfnTSbvgF0QevxbdUpsMTbucoMDyo1triS/6PYl3ZmP0GYRZPAKjsBIjuwSsYLKXqmmiW2twG6pxd63B210F8XZAgdHNo2mN9jyCZ92CWXJMj3PctWsXruMQt2PYiURqw6eeN2QqKSnmFz//OTd95ztorfnVrx7gncWLOWHiCfgsHx+t/ojlK1Yy6z//k8suvYQhzw7h+z/4AQ319Vx/w9eZMnkyF110EYMHVXaOGYvGqKnZ3dnHtK2ttdfPtrGxkYSdwE7YNDU2EolESUvbP3geMXw49993H79+8EG2bdtGOBympqYmufwfME2DZOaoMJRCGQaBQIDLL7+Mm779bULdjDl+3Fiefuppfv7LX/D662/w4K9/zZw//YnJU6YwcMAAQunpNDc1sfTDpaxe/TH9+/fnT4/8iSmTu/ag9bSHpz00Jhqw3e77uO737LHmVPWnSrYASGXHBgaOdgkok7hn0xhvIivQtafpkLxBzBx+JbOrHsdv+lm8cwnv7/4Qv+HHw8Pq7l0C+qQXcnrFNF7Y/AqXD76o2+pTgHQrneT2Voq4m6Au2kBuN20BhBBCCCGEEEIIIcSRR+kDrU//ArnNO4g9dSNu0459lth3w/MguQ0PkAz2UArdUU2YqjBUykhtutQNrdGeQ2DqjQROmAn0vFP8hg0bee75ueQX5OO6DjOvvppAoPeKwVUffcSjjz3GkiXv01Bfj2GaZGdnMX3aqcy85moGDkz2x3Rdl3mv/IUPPvgAwzA49tgJTJk8mdzcPf1Yd9fUMGfOoxQUFFJbW8t5553DyBEjDnj/DRs3MveFFynILyBcV8f1180kPy+v23Nb29q47/77eeKJJxgzZixDhg6hpLiE/Lw8mpqaqKmtYcP6DaxYtRLHcTBNk2g0whVXXMmdt9/WY6DsOA4ffbSaeX/5C+8sXszOXbtwHAfLNEkLhZg06STO+dI5nHTixG43xtrRtpua9hp8pg/HcygK9aFvRnGvn/2mpk9pS7ShDAPXdRiQ3Z+cYDafNm2lOdGCYRi4nsvwvCEErf03yIq7CZbXrCRkpeEz/aRbQRKeS7vTzoCsfmQH9l/GD9ASb2VTyxbGFIzsMUCtjYTZ1roDn+nD9VwGZvfvcTwhhBBCCCGEEEIIcejMmjWr13MOW4AK4DVVE3vlDtztq8DyQaqH5YFoukaf+37d/Y2SlZWBad/GP+EK6CHo6vGeWve4jLu7c+vq6gmHa0kLhehTWEh6evetAg6XJe+/zy23/pD8vHzuuON2hgwehN/v3+8827b5ZONGfvrTn/HBB+/j8/mJxWK89OKLjBg+rNf7tLdHaGxqpLm5mbS0NAry88nKkuBQCCGEEEIIIYQQQhwZjvgAFUDHmokv+SP20ieSlaT7Luk/2HHYN0hN7ePuOhiZfQh+6Xasfif84xM+ylWtW8+5553HkCFDePLPj5Odnd3rNS0trVxz7bWsXbsW205w++23M+Oqqw7BbIUQQgghhBBCCCGE+OIcTID62UoxvwAqmE3wlP8k7bLfYJaPBc/prBj9TOPs/YUGXBs8D/+4Cwld+QcJT4F4IsFtt9+GbSeYdfPNBxWeAmRlZXLFFZdj2zamYVJXV/8Fz1QIIYQQQgghhBBCiCPDId9EqidW+XGYF4/C3fQmiVVzcbetSgapykQr1fsSeq1Bp3qiGgbWiDPwj7sYs3TcFz/5o8SmTZtZ/dFqsrKyGDCg/2e6tqK8AtM0cRyHfhUVX9AMhRBCCCGEEEIIIYQ4shwxASqA8qVhDTsba9B03N1rcLZ+gLP5Hbzw5mRlqk5uJKU8F4zkjuvJTaMUWH7MPkMw+x+PNWQ6Zn5lzxtK/YtqaGggYdv4A4GD2hSrCwVojWVZDB4y5ICnep7Hjp07sRMJ0tPTKSoqAiAeTxCuC+O6yQrj7KwscnJy0FpTU1NLIpFAa41GY5omfUtKaG1rw7FtCgoKAGhsasJ1nM6vOyQSCXbt2oXruuTm5pGbu2eX+/b2COFwGNDk5eV19mFtaGjAcRz69OkDQFNTE05q7Lr6eiLtETztoVDk5OaQvVf/1vb2CLW1tRiGoqioiGAwiOM41NTU4rgO6GQ/XH/AT0lxcecvAOLxOOG6Ovr06YPf58O2bWpqaykuKsK2HcJ14eRnoDVpaWn0KSzs8ssD13Wpqa1Fa01JcTGGYdDe3k64ro683NzOZ3Mchx07d1JSXNzZ3zYWi1FXV0/fviUYhpGabw3FxcWdm4K1trbS2tZG35KSLp+v63rU1NQQj8cIBoMUp54pkUiwu6YGrTVo8LRHZkYGubm57K6pwVCq89zW1lYaGhrJz88jEAhQU1uL57ponXxnMjLSKSgooKamhoyMDDIyMgAIh8OkpaXhui4NjY1YloVSCse2CQbTKC4uOuD7KIQQQgghhBBCCPGPOKIC1E5WALNsPGbZePzHX41uq8VrrMZr3omONiXDKTuG4Q+h0rJRuRUYef0wQnlgfcZg8F+Iz+/DMk0SiQRNTc2UlZYe9LXVW6qJxWKMHT+OoYMH9Xiebdv8df5rbNnyKbm5uTQ0NjJ61DGcMnUKjY0NPPPcc+Tm5oKnaWpu5ktnnUVl5UDmvvQilmmSkZGJ53mkBYOcfdaZfLTqIz5csYKvX3ctGRkZLF36Ia2tLVx04YWd90zE47w0bx4tbW2YhklDYwMXnn8+/fr1Y/fu3cx98SUs08Ty+WhtbeUr559PeXkZ773/Pg2NjXztiisAWLlyJXX1DVx80YW8+eZb7Ni1i9ycbBzbIRqP8eUvnUN5RTl1dXU88/xc/D6LRDyB5fNx+aWXAPD0c8+Rk51NMBjA8zzycnIpOqNPZ0BZW1vLs8/P5corLqdPYSHNzS08+9zzXP21q6irq+OlV16hKBXoNjQ0MGb0aCaffDKGkey2EYvFePGll2lrb+P6mTPJzc3lnXffY+VHq5h04olMOukkADZs2MjzL77IOWedxdixYwCoqanh6Wef40tnncnIkSNpbW3lmeef5/prriEjMxOtNX+dP58tW6v5t+uv62zxkEgk+MtfX2Xbju3kZGUTrq9n1IjhnHbqqdQ3NPDUM8/SNxXmep7HwIEDOWbUSJ597nlc1+X6a2eSlZXFm2+9RdX6TzjjtFMpKy3j6WeeJS8vj0DAj207DBwwgJycHP766nx8fj+XX3oJpmny+oIFDB86FL/fz4fLl9Pe3k4iYZObk0NxcRHFxacf9HsshBBCCCGEEEII8VkdmQHqXpQvDZXbDyO33+GeylFvxLBh5OTmUFNTy4oVKxg1csRBXReLx3n08UdRhuKHt9x6wOrVlStXUl1dzYyrriIzM5OamhqeePoZBg+qJBhMQ3uaiy64gIyMDN56exFvL15MSUkxjuNwyuTJDBs2LDmQBmUoQBOLxVi0+B3OPutMlKFQ+2wXVldfz9Zt25lx5RUUFhbywdKlNLe04Lour772NwYOGMC0U6ZiGAbLly/nxZdf5vprZ+KzfF3HUip1T0jYCcaOPoapU6agtebFl1/mvQ/ep7SslL+++irDhgxm8sknk0gkeHX+a9TV11NYUID2PM45+ywKCwuTj6F1Z/i55zYKv8/XccvOClPP04TS0rjk4ovx+Xxs2LCBl1/5C2NGjyYnZ09Frc/nw2f52LlzF1lZWezcuZOAP4Dn6dQ4HqvXrKGkqIgVH61i1KiRyapNkq0wXl+wkMrKys5Qt6ODcGNjI7W1YbKzs1j/yQaOP+5YAFasXMmuXbu4OvUz3bVzFx8sXUo8HkcBpmFw0YVf6fJeRCIRTDNZ5VpfX09aWho1NWECAX+y20Zq77ovn3tOMlBP8TwPv9/Hlm3VrF+/nhEjRuBpjedphg8fztChQ3nnnXfZvnMHl1x0EUbnMwghhBBCCCGEEEJ8MY74AFV8fjIzM/ned/+LWd+9mXvvu4/jjjuWYUOHHvCaaCzGbXfcwbJly/jBD27pDNW6o7Xmk02bGDdmT+DXt29fystKWf/JBo4ZNRJlGDQ2NhKLxQiHw2RlZmJZFgGfj2UrV1G9fXtyWX1hIccdeyyup+lXUcGmzZuprq4mMzOTlqaWLvfNy8ujT2EBzzz3PP0qyhk6ZAgDBw6ktbWV+vp6zjrj9M5l7CNHjuTd99+ntjaMYXQTviVzPSzLoqa2lrVrq3Bdl3BtmBOOP47W1lZ219Zy9llnYVkWlmVx4VcuAKC1pRXTNFm0+B0yMjNwHIf+/fozcsTwzuGVYaDRvLVoEQF/gEg0gqc1SikMQ2HbNlVVVQQCATZv/pQ+fQoJhUJ7fcbgsywGDxrErt276dOnENOyKC4uxnUdIFm5Wl9fx+WXXsoTTz/D7t27KSsrw9Me2Tk5+H0Wi995h2MnTMAyzc4d2D5avZoRw4ZRWTmQV159lXFjx2BZFqs/XsP4cePIysoiFosRSg8xdeoULMtCa42nPV5/YwE+n49YPM4pUyYTDAYxTYvKgWVs27aNYDBIIOgnLRTE89zU8xq89fYiQqEQtm0zYvhw+vfvh2GYDB00iDffXkRpaSlpwTQcx0YplQx9U/+2UiG0EEIIIYQQQgghxBdJAtR/MRd+5XwaGur5+S9+wVcuvIif3nMPU6ZMJic7u0uvzda2Nj5e/TH33X8/K1au5I477mDm1Vf3upmX6zhYVtfXyjRMbDuR+koz76+vYhkGWdnZneGm42ky0kP0KSjEcZLLsyHZEqBfRTmjR43k9TcWUFZWiml2regMBoNcfOGFbNiwkU82bOCFl19myqRJVFZWAnSpAFUqWcHqeS6GAQH/XiGcBiM1tmEYNDe38PHatWzZsoWpkyczevRoamtrO8fZV0eYmJ2VRX5+Po7rkJmR3u15oWAa6aljOrX5mVIKx3HZvGUrmzZvpqS4mK9edFFn+Js8B2zHoaK8nHWfrGf1x2voW1JCPB6nIwmtWreOjPR0tNbk5+WybMUKysrKUCgCPh+nn3oqz86dS0Z6On6/H8MwsG2bj9esYeLxx+P3+4m0R9m9ezfl5eUk4nF8qbDyk08+YfG772LbDuefdy6hUDoKRX5eLoFAANu2sUwTrTWu6zKgf382bNxIwrapKCunobEhVX2q8bQmOzuL3JxcbNsmLS0IJPvEHn/ssWzYtJE3316E53ldwu6Ojz75/a7vghBCCCGEEEIIIcTnTQLUfzGmafJvX7+B4447jtmPPMKPfvRjQukhhg0bRn5eHh6aluZmPv10C60tLUw5ZSr/8z8/YWgvG0dBMgAs7duXtVXrGT9+PD6fj7a2Nqq3b+fM007DMAwMZXD+eeeSn5fXGd7F43Fcx2HUyJEMSoWeHbTWRCNRTpw4kTVVVaxavZoRQ4d1OWfd+vVUb9vGGaedxujRx/Dee++xes1aRo0ahT8QYOPGTZ0bRW2r3objOBQWFlIbrmPnrl2d40TjMbSXDDMTiQTDhg7hpBNP5I0FC6hav46xY8eQm5sMCnfu3El+fj5aa159dT5DhgymqKgI7WmOP/64zs2c9qU9D6UMTjjheLKysmhsbGTdJ+uT4avnkZaWxpfPPYdt27bxwksvU1NTQ79+e9pXaMBxHbJzsrFMiw+XL+eCL5/Hxg0bsXwWtm2ztmodSilefuUvOI7N9u07iEQi+Hw+orEohX0KmXLyycz/299ID4WwLIvdu3cTjcZYu249Ves/IRDws2LlSsrLyxk8eDDrN3zCmDGjGT16NMXFJfz5qSdJJGxCIQ1KccIJJ3QJM1tbW3Fcl9zcZDi6avVqLjjvPGrrwqkl/Mmf7cTjjyeUvidkdl0X1/NAKaacfDJ/mP0ItuMwaOCALp+BEEIIIYQQQgghxKEiAeq/qPHjxjJ+3APs2r2bLVu2sm3bNpqamkhLCxIMplFRUc7AAQM6e3kerGPHj2fjps08/cyzDOjfn6r16ynMz2fI4EHU1dejSVaMBoPBzmu0ToZwHy5bxu7dNcml6BqOPXYChqGIx+KYpslp06cze84c4olEl3uWFBUz75W/EIlE6VtSzPKVqxgzZjShUIjTpp3CvL/8lda2VnyWj+UrVzJ50iTS09MZ0L8fby9ezEvz5pGdlcWaNWs595wvAckANRGPo5Ti5EmTeHj2bBYsWMhZZ53JmaefzkvzXiFcV0dTUzObNm9m4sQT0Kml+G+9vYicnBxc1yEtmMb48eM6Kzg9rdGeRzQaIysrC8dxOsNEz/NwXQfXdenfvz+jjzmGuS++xHUzryEzM7PjwyIWjREMBCjt25eNmzeRn5fHqkiEgsJCtm7dSjQa5evXXYc/4MdxHP706GOs+mg1pX374jgunusycuQIVqxaRX19PfF4nCUffMDYsWM4ZcoUlFLU1dUx5/HHmdLUxEknTmTOY4/zxFNPUzlgINXbq1FKkZubg+d5aO2xYMFCAgE/jutSXFRE3759icfjBIMBivr0YXdNDXn5+bS3teN5Hsmd4DQL33qLrKxsXNchMyODkSNHoj031SognVOmTuEvr85PXZPkOi6ObX/2l14IIYQQQgghhBDi72DecccddxzuSYjDJzMjg/KyMkaOHMGECeMZM3o0I0eMoKy0lPT0/Zef9yYYDDJ4UCXRWIxwfT0DB/TnlKlTCQSDuK6HZZlUlJV1BoodTMPEsiwSiTiu62E7NhXl5QT8frJzcigoKCAUCpEeClFQUNC5U33HPQdVVlJfV099YwMjR4xgwrhxmKZJYWEhZaV9qQnXEU/EmXTiRI45ZhRKKdLT06koK6M2HCYai3H8cccxbOhQlFJ4nkdxURG5ublYlkVZ3740NDVRVlpKUVERJUXF7Ni5k1AoxFlnnE5BQUFngIoC205g2w6GoSgrLd2zYZPWWD4fFeXlnUvzlVL0q6jAsiyCwTTKy8owDIO+fUtwHIdQKET2XhWthmHQt6SEzMwsMjIyqKwciEaTn5dHPBFn4IABlJb2xTAMLMsiJycZUBYWFpCWlkZJSQk+n4++JSUEg0GKi4toaW1lwrhxhEIhDMMgFAqhlCIzI4O8vDwGD6rEtm1qw2H69OnD9KlTKSws7NwMytUejm2TsB1CaWkUFfXBNA0G9O9PVlYmOTnZ9O/XD601JcXFZGVld1as2nYC23EwTYuy0lIM06S4pJiM9HTy8/IxTYOy0tLOql6tNdnZ2RQXF/faUkIIIYQQQggh/plEIhGWLFnC4sWLmTdvHosWLaK6uprm5mYKCwv3+//aX7Tkfik/oKKigr59+x7Se4tD6+c//zn33nsvjz32GEuXLmX06NF7ir2Ocq+99lqv5yjdkYAIIYQQQgghhBBCiCNOJBJh/vz5zJ8/n0gkAkBaWhoA0WgUgFAoxJlnnsmZZ57ZZTPiL9Lvf/97Fi9ezOTJk7nhhhsOyT3FoXfnnXeyaNEiEnutCB46dCi33347ZWVlh3Fmn49Zs2b1eo7swCKEEEIIIYQQQvwzCi/gzhkzmF31dx7vRdXsGcz4uy6uYvaMO1kQPthz//45/jOIRCLcfffdzJ07l4qKCm666SbmzJnDQw89xEMPPcTvfvc7brrpJioqKpg7dy533313Z8j6RVm0aBE333wzixcv7vL1okWLvtD7isPj7bffZseOHYTDYa688kosy2Lx4sW0trYe7qkdMhKgCiGEEEIIIYQQ/7QqqX66u7CyitmzHmHT4ZiSOGgd4Wl1dTVXXnklt956KxMmTACgqqqKdevWEQqFmDBhArfeeitXXnkl1dXVX2iI+thjj/Hwww9TV1fX5ft1dXU8/PDDPP/881/IfTuFF3DnjNlU7fe9Gdy5z4t+UCF/1Wxm7DveESH5y4MZ+/65cwEH9buHAwkv4M6D/CXGsmXLqKuro7m5mWOPPZZTTz2VU045Ba01y5cvp7m5+R+dzVFBNpESQgghhBBCCCH+iU2eXMGi1WGmT99rk+CqJSycNo1pCxfu+V54AXd2CVUruebe25lemDr2vzC54hEeWQhMu4VbutwlzII7Z/HIpmncMmcmwzu/7hjqGu69fTqFVDF7xj0sBJg1g623zOHcXXcya+sl3MI93JOazrRb5jBzeDcPc6A5dnO88pp7ub3jYNVsZtyz53l7vMcR5Pnnn6e6upobbriByZMnA8lqz8cff7wzIO1Yuv+Vr3ylc/l+R5B51VVXfa7z2bp1a6/9Il944QUmTJhAv379Ptd7dyosoYJHWFI1k+EdP7+6rWyqrKRy0WrC06eT/IlXsWQhTLvlCP8h96Lre5r872rW7BLmHKKXd9GiRUyaNIkf/OAH5OXlAXDzzTdTW1vLqlWrmDRpEtnZ2YdkLoeTVKAKIYQQQgghhBD/zI6ZSMWi1V2q1qqWLGTaxIl7vpEKHitumcOcOXOYM+derqncxCP/u1e126ZHWNTv3uTxLuFNKiytuIU5e4Wniyanzp0zh1sqHmHW7CpgODPn3MI0Krnm3r2CoYX38HTH2PdeQ/U93Szb73WOyaraPcdvoeKRWclxqmYz4x64JTWf5D0Oto3A4REOh3nttdcYNmxYZ3i6detWHn74YSKRCOXl5ZSXlxOJRJg7d27n8vnJkyczbNgwXnvtNcLhz/cB58+ff1DnfbFL+YczcRpU79rzbFVLFjLtkkuo2LSVzrrY8C6qmcbEozs/3Uch0y+ZBguXHNKK2enTp+Pz+bBtu/PPhRdeSH5+/iGcxeElAaoQQgghhBBCCPFPbTgTKxaxujNvqmLJwn2CpcLp3D5n70q3Qo6ZXLnPOJVMPqaQfVXNnsUjXMO9HRdXzeMRruHGvSpeh8+8hWkLn+45sKzc6/zC6SQzon0iol7mGF7wNAsrr+HczuPDmTlnDjOHh1nw9EKm3TKT4XuNdeM18Mi8I2/hdofly5cDcOaZZ3Z+r7CwkDPOOIMzzjiDu+66i7vuuovx48cDyaXWHTqu6Rjj87Lvsv2eVFdXf6733VdBv0o2be2YS5hd1ZX0KxjOxGkL6Xxt6rayqbIf/5+9uw+Pqr7z//+aEAwJ5S4DguEmw48MS+zS32XiV0gy0WIV22tFrbsS0L0stLttv4hATeuvrkVurEuXigVFdu22lyxXAaG/tRbsr0JdKSQQsUCvq35LkIBMJIS7DAkEcwMh5/fHOTNzZjKTTMKETMLzcV1Rcm4/5zPnc87Je96fzxnuX+qDZTF1g4++XGiX+mCA/7w+WPakln3wQXD+sg903hpWINL+yt+0dcm/3gF+y98M6eIfGMagTTf9ro0n/JWvfEXXrl3TuXPn1NTUpKtXr6qmpka1tbXyeDztBlGvXbumpuZmNTY1Rfxptr2UKtHRhR8AAAAAgD4ue+o4bfV34y//ULumTdVcSR+2WdLWxV6SJhS2v+FdK7RC0oQ5kxXoRX/6M+n4LhU/uT5s4QmaE207426TPTQ7PHOCVHJa53VbhIUjl7Gm8rg0bqbahnhrVHlc2rXiSe0KnzUt6pH1uMrKSkkKjHkqmd317d3yd+zYoSNHjgTm+fnXiXcGqn9fHenuAOqIyYWasP5Dlc/NVvb5j1WiQs0bISlzgnZ9WK652dk6f/ozTSh80Dwfyt9U8fpxem7DEmXLDGBG7AYfdbnh+mDZCn02Z5U23DvCymhepkzb8BHH11dq5oYNmmudn8Xr5mjVhg0aYWVOv1t+r+ZmmwHaFZ/N0aoN92qEla297APbUBPtMr8M0LTnrC8DyvXmis80Z9UGsxzlb+rJFe+q/F7blwXXYf369friF7+oP/3pT6qsrNTXv/51DRw4UKWlpfrzn/+sRx55RL/73e909913KyMjI+I26mpr1dTUFHHekCFDlHLLLXEoafcjgAoAAAAAQF+XPVXjrMCKPtylaVPnSiGdgINByQlWkOj8B8tU3FFP7AlztGqetK54nT6YbBuLNDDmaTx1sYyW3jDmqV1H2Z6rV68OZJhOmjQp4nin3R3IjKa7XmAVMOI2jVOJTp+XsmsqdXzcVPNcm1yoCSWndV7D9XGJVDjPGg31w12aMGdVIKiY/eAcTSi2ArC2zZZ/aA9OStlzN2iDJJ3/QCXHJwS2p+wHNWdCsTW2sDlpwpwHrfWGK3OCNKHQ+lJhxG0aF9jDeX1cclzTZi6x2obZJX/9VvvYraHaBP4n2LK9la25G5YEt376M8m2t66qrq7Wu+++q/Hjx+vWW2/VpEmTVF1drY0bNwaWcblcGjVqlNLS0rRz507dcccdmjRpklJSUgLL9OvXTwMHDtS1a9d09erVkH2kpKQoNTX1ust6oxBABQAAAACgz8vW1Gkr9GH5VGnXNE2dGza7/EPt6krQc9xtGjEiWzOnrdeKdR9o8pJ7NeK2cZI1FmXM2/rstM4rO7B8xGzSDsoYzFrNDptvBrRKTp+XsuMb0u1Ow4cPjzqvsrIyEDx94oknQrr5S8EA5rhx1x9Ms++zs8t324uklK2p047rwxr/eL7WCT1isgq1Th+fv02Vx8dp6gjJ7OIvHd9VrNCk6AlmADbwu7nchMII9V5TqeMap5nXffpEy4aeFrW9tB/4D31Z24QJ4cNudM2f/vQn3XHHHbr11luVlJSk/Px8eb1enT59WteuXZPT6dT48eOVlpamQYMGaeDAgaqsrFRGRoZGjAg9ioEDB6qpuTk0gOpwKC0tLSTYmugYAxUAAAAAgJtA9tRp2rVihXZNmxq5e6/9BTzlb6p4/fFIS0Xe9tznNO34eq374LyVnbdLK+yDLZa/qSeffDP6i2+Or1dgONLzH2jrrgma82CEUrZTxhH3ztQ0+3YCY1NK986cpuPr19nGg/TPS9y3SPmDj/axTf1GjBihhQsXauHChdHVfyYAACAASURBVIEXTNn51wkPZl2PWF8g1dXlO2t45gR9drrcGv/UP3WEbht3XJUfn9ZngfN8hG4bZ2Ut+18itmGDNmywZUzblguOrRqyM03QZzp93aeLGcyf9tyGsLJ0sct9+btaf3xa4OVoS2bGJ2D+6aefavDgwWptbVVLS4tSU1OVnZ2te++9V/fff79ycnI0bNgwGYahlpYWfeELX9DZs2fV2NjYZltJSUkamJamW2xd9VMHDNCAAQPkcDjiUt4bgQAqAAAAAAA3g+ypmiZpWqTXkmfP1XPTdmmF/2U0WzO16rlp0nH7y6fa3bjmPucPUo7QvUue07RdK4Ivt1khPRcIEpnZg+uLbQHMCdOkrdayxes17rnw4FYsZczW3FVz9NkK/wt1irV+3HPm2JLZc7VqjrS+ODivpDDWcSd7hv/lUJECkZWVlVqzZo3WrFkTMTO0pKQkZBvXq7y8XKWlpZ1ap7S0tNNZq50xYnKhVPmhKlUo+7vNsqdO02clJbJFVZU9dZqOr39XwRj9sogB/eypoW+4P//BMvMFUCMmq3DCcZX4G0P5u1p/PPJL1TootSYXTtCurcGXSpW/2f5LrTrmD+xa46MGdnWbxsle5g/bjgEcQW1trRwOh65evaorV67E/CNJ9fX1bbrqS9KAAQPU3x9AdTg0YMCAkIBqb0AXfgAAAAAA+qIR92rJhnttE8y30kf7PXvuBm0I69ofnB2+Ldv4kMEJtuXNbYePFBBpX+c/kKRMPbgk0vKdKaMiHLN91hJFmZWQRowYoenTp2vnzp0qKSkJyTS1j2362WefKTs7GBT3v1hq+vTpcctAXb16dZfWW7Fihf7jP/4jLmVoY8RtGrdrvXZNey70vBmeKR3/LDheqWQF0Jep+MknrQkTNGdVhKzPNstN03MbzCEj7l3ynCqfDA4DMO25DW2D/LEU+94leq7ySdtL1oL76DRrLNb1xU9qvSZoznNzNGGFNTbsiGw9OGeCitdbZZ42R3MmSB2FtGtra9WvX7+IgdD2JCUl6fPPP1dLS4v69+/fZt7AgQN19coVJffv3+uyTyXJYRiG0dOFAAAAAAAANyfzRVCF3fDSqd6voaFBL730kk6ePNlmrFN/Zmr4tI0bN2rs2LF6/vnnlZaWFpdy/OpXv+rSC6nGjRsX8eVWSFx//OMfVVFRoTvuuEPJybHnXR4+fFhDhw5Vfn6+hg4dGnGZixcv6pZbbkm4l0cVFxd3uAwZqAAAAAAAAAkoLS1Nzz//vF566SVt3LhRBw8e1Fe/+lVNmjQpEDhtaGjQkSNH9N577+nIkSNxD55KihgEraysDBnzMjU1tRtfGoUb5fPPP1dSUpKuXbvWqSzRpKQkNTU16dq1a1GXGTJkSDyK2CPIQAUAAAAAAEhgDQ0Neu+997Rjx45A0NIfIG1oaJBkBjAfeOABPfroozekTP5sV7/wDFn0TkePHtXatWvV3NyslJQUpaWladCgQRo4cKBSU1PlcDjU3NyshoYG1dfX6/PPP1dTU5NaW1s1c+ZM5eXlxTV4fyPEkoFKABUAAAAAAKAXaGho0MGDB1VZWRnoUj9u3DhlZmYqNzf3hgauGhoa9POf/1yHDh1STk6Ovv3tb/e6wBkgEUAFAAAAAAAAgKhiCaAm3YByAAAAAAAAAECvRAAVAAAAAAAAAKIggAoAAAAAAAAAURBABQAAAAAAAIAoCKACAAAAAAAAQBTJPV0AAED3MT73qXnPWrV498toqO1oaev/ju4u1g3iUNKQ25T68L8paURWTxcGAAAAANBLkYEKAH1Y067Vunr4vQ6Dp4ZhyAyc9pXgqSQZar1YrYbffL+nCwIAAAAA6MUIoAJAH9Zyoiym5fpS2DScUX+2p4sAAAAAAOjFkj///POeLgMAoLtcifEa7+jLIVSJex0AAAAAoKuSzW6bAAD0XdzrAAAAAABdRRd+AAAAAAAAAIiCACoAAAAAAAAAREEAFQAAAAAAAACiIIAKAAAAAAAAAFEQQAUAAAAAAACAKAigAgAAAAAAAEAUBFABAAAAAAAAIAoCqAAAAAAAAAAQBQFUAAAAAAAAAIiCACoAAAAAAAAARJHc0wWI6ugmzVtdKtfsF/VsobP9ZX0lWrm4THkvPquOFo3rujeAr2SlFm/2tp3hmq0Xny2UWeSj2jRvtbRonR6f6F9njBate1wTo24z+vzud1Sb5r2jsQla5zeMr0QrF29WhE/X5FmkdQ+cTejzs3PM87Q00izPIq17vIfOxk3ztFrm/n0lK7X45CM9U5ajmzTvnbG2dn2j/UhpxX+npJOrdXnrli7Mb8cDmzXob6Wrq2arqRNl6SdJTYfU9PpTutq5PXYv6/7Uluc6r6u2NhJyjcf1inovjeO1x34tiTA35D7dE3wlK7W4LK/HzqtYP4PuK6dPJSsX6+QjPfcZxJd5TlVFfU7uaH6oztR7j94re7Voz0Euze4Tz3kAAPRtCRpA9anknVJ5PB6Vbt6ho4XdGOhzFurZdYXdtfX4iPAH3tFN87R4paI/6Lqq9M7KEn0rfP7RTdYfMGO6r7yITci5F+0Pu4mJf352SqQ/Esw/KFaOje2PvHib+Pg6rbvhe01gI76ltAe2qGGHfWKRUp8yA5rGjSjDA19Uv0QMnNpFCHD6SlZq8bxNXQ+iHj2gUgKn3afNvdS87s7b1HNf4Nx0YvgMnIXPqk/d9rpb2S+1aeSzYc8OPpWsNAN1rhg3Q73fKG2fg3wlK7V48SaN7LHEBgAAEIvEDKD6DqvM69Ejz94pla7WgaOPa2LYE8XRTfPkTwByeTz2OWZ246I8la22svtcs/XisyO1I/Ctr+3hJSQD1Vp39hht3uz/fvh6M4q6x8QHZsu1+KR8UpQ/tPOUN6ZMh32FIQ9pRw9YgemIaYAJJCzDyxOWtWP//K0FzD++jm6SmeRj+8x8JVq5+KQesaaFZsEk+Lf+9vNT1nEsklb7Dz6QperPZA07Xzuox8QwUQ/Mdmlx2WH5Cv2BI/OP6uDHFBZUCsveDWSq+0q08pdS3pjN2lwqybNIL459JyyrJjQTzJ819uLYd6zzYrXmVZn7822ap3fGLlJe2WqrLOb5MnKH7foTkt0Tll1iCxaYGTt5ml21OXBcgXVtn9PieSd79JrTer5CSRk/kvTj4MScu9VPXl1rcpnjvuS8ri9Mc+varulqPGQt04ks0wFzy5T8+SG1js0xs0wlXfs/eWrYIfWfuVMDxg6S5NKA4jL1/z95athRpNSnFil5gLXwhd+p/s0fR9l6z3EWPiLP5nd01idNdEodnQ+/VJ7GbN6sUkl33uvSgQ/ME2PxvM2Bthp6vbK376PaNO+Axs6u0ubNXsk1W8/klemVk49okVYreIlYpwfO2rYREsAKa2eyn88x3A+jtcNA+SIfe+JwqvDZRTo5b7U23em/NrZXJ+rgmCXpQMhxt7nmHrBdk9sEy0PrLHzbUe971rwDY2eravNmeQP3Nfv2XAp5VEoYbT8DeyakwtpJ5HYRfh+PdO45g5/r6nm2rMywz9t+nobfTyZPlj4eEtIGejqrV5LG5OWp6sBRhTwo+w6rTB55XKWqsi/cJns+2KbD6z3a/SpY98F7pVPtfSYxXEs6Kle0e6f/cNs7H3rBc5Dz9jy5dDLwe5tsdvuzoC9yDwjX7Bf17Mgd0ecl7IMuAAC9R0IGUH2Hy+T1PKKJmih5pNUHjupx24Ph0U3ztLpqtl5cVyin/+FXLuUFlvBq8zt5enHdOjmtB+nF81ya/eI6rXNa6+84qsKIT1BebS7zr2tue/WmOxPwD7+O3X7nGP3ysE+Ftj9oD5R6dOciJXYANRAEXWc+XPtKtHLxSpVYD8Shn79/ef8fX3fKo9Cge/B8sv2BsO7Z4Lq96lv/Uq0+sEjr1j1u1ctqzSv1WHVlnq/vlDxgC8pFr8fEZR5HWd6LWvesFfLcNE+LN4202uFRbVq8WWMWrdOzE2X+Pm+xNo1cp8edkrybzXXXWaHYktj26ix8Vi8qtFuiT5J38zvKs187Fs+Ta7a1/aObNG+1P0s+GJhdZwvErCyx/eFSulkn/fOPbtK81b9Uye3PqnDi41q3SD3chd9ycY+ujXhEA6RAILR/lls6v0fGCCuX6dAeXcvLUb+sIumQ2Z1/QIZLxsnVMXbRlxxj3TJ25an+kBU0/dvNGrBjtpq2TtfVBzZrUNYFKwPVCp42/E71r/9Ysn4fNFcJGUQN6vh88G4uC5xbkvTNL4UO4xAcbuXZ4PUrJMO1VJtPLtK6df6gbJn5peOidTIvESu1ePU8lXqsZXwlWrn4HZU88KwKnda9c8wirXvWFuTfbJ2TTqn9+2E77XBiDG0hYUzUnR7pnbM+aaI6qJP2jtnaXGmVxlqfqVn/m3Sn7f5SWhq8Jof2JAl2t14XCGAv1kqZddb+fc/a9uaTwet9+PaswK9cwSelxGH/DNqeH+HtpP37uJl5GaxH27n37ItSSE+P8DYQISM55H5i1mnw+cKnw2VeeR55tmev2SNvV17ZDh01n5olmc89yntEY8tsAdSjmzRvdZVmv7jOFthcHf0ZN9r9KtK9ssNnq3auJbGUK1pZnLJ6VgWvkyH77iXPQb7DZdLsb8X2HDrxcfMZ0L+udZ94pNApqb15AADgeiUZhqHE+vlEOzZ75cl1yzAMuafPkqv0He2pCc4/UCp5HvYo3TBkGOnyfHOWXFJgG5J9vlu5Hkmeh+VJN+e7cz1S1RnV2JaPvG66sqe6Qpa98T+SFD6tRnt+uVleT67ctnIrfB13rsaU/TVY9k8OqNSTK3dg8Z77nKPvv0Z73imVZ+HswLEZ6R59c5a0eccn5uc3+3W9/gP/Z2Qepydw/ObnXXrgk8D2/lrmP58+0Y7N0qxv2tedrYWeUr2zp6ZH68MwDLNrdAd1Jbk0a7rbqpdsTXVJrlnTrboyz1fvyZqY6jFxPnezzbumZpufyyc7tFmz9E1PemAZ9+yF8ljXgZo976jUNUvT3f713Zr9+uua7Q7W0dTsdNv227ahkPYi+/ywZRXh2iGPHvaXzZ0rj6p0xl8uz8JAOfzXJm3eoU/827aX250rj7w6WRO9nPGq887ZopbzTiU94P+9SMkjpGvHKsKWqZdjxN3qL0n6kZLS63XtWCfGRr2wJ5C9evVYhQw55ciJsNwDjyh5gFdXA8HSLWosOyQj/W6lRlo+ivjWqxTps/pk02qVuqYqOz3W88FcNvJ2rXuhrQ2ne76pWa7g9UpS4F4ZWN92jqVnT5WrzTXDf86ly/OD1/X67OD65vKx3Q/ba4cdH3tP/ET+zAzDUPoY/3UztjoJXDvCrj3h1wtzXfP6EKhP2+fpnj5LLm+Z/mq7rgWve27NXuiR16qz9u97/n0HnwmMTw6o1H6tSvfom7NcUesgcT6D8OXC20kH9/FPdmiz13bc1mf6A//v9jqzll0Y+Lyt50nbM2fo/STs+aLmryrzepTr7mw9xO/HPB/TlT21Sgc+8U+v0V/LZJbbfrzu2Xr99R8Ezs/A83HE+586cb/q+NmqvWtJTOWKWhbzWSf4HOTf3my5E/Y5yKvNi+dp3rzgz+LNXtv5b4Q9lwQ/6zbbq9mjX26WZi23HWMs8/jhhx9++OGHnzY/sUi8DNSjB1XqmqXl/q9hnbdrqustfejPpPSdVZVcmmr/MtU5ssMRPV1jevG3r6Vr9FR4xqhrlpbP7ui76onKHfPbQDf+owdL5cmdLelgNxU0Hnyq8kqla55qO8h+WPdDX8lP9cJb3jazJ+Z6pDUHdXT2RE30HdaHXo8enijr3PGq9IWn9FbYpl2z4nsUN9KYkZHO7djr8cby6q2I9b9cP7AyJHxnqyRvqV54qs1SmiXJV+WVxjzccxk/rjER9+0zK7xtW+3ZCu+Sq8cqlPJ/W934c+5WP1Wo+ZCUnBe2zNh09ZN0Nec2JTWZy8Rb/yFOqalC1+wTD51W6zR3/HfWGd63IpyjHi183cwQPHq950Oke52cGtnp4avHKOIlwubo5qe0JlBOl6bGUrx22mFfaAuR62Sips9y6QX/ddWzUK93eB+2c2lMm2cXr6p80shI9ekcI1doB+yo971wvrNVkmuqQnfXB8Y+7+A+Hum4o28qwrIdPE9OzPVIvz0rnybK6auS15ObEL1XnLdPVdVOqxu/77A+1FR90ykdjrSwr0Q/feGt4Assr7dZxuvZqkvlMp91xjzcm56DXJq1/AehGbBHN+upNb9VyfQfdCIz9qg2v/CWNGt5hHXamwcAALoqOdZI643hU8lvSyWv2v5h6t2po55Zchv2b2FDFwmdFja/TVQ5NNIcbV3D/i379R5eFxiGJM9CrZ0VIVjQpkxmue1ldueO0ZqdR+WZJR0s9Sh3liGjItr6N1akz9DPs3CtIh+yIV/Jy1qyxSvJo4Vrvy+3KvTW/DUKfG7uXHm0RgePzlL6mQ/l9Txsy9R1qWjZ9yM+UPZsWzBsGQf2ybbzU+Hnatt1wv/fXj32jND6r3hrvtaUBrOFzLJJchVp2fcjdWU3FDx9IxxDhPYcvQ2H1nXoOmFLRrp2RJrfTlv1xVSO+F9rHF1Z6dAeXcv7llJzpJYst3T+l7qqsG/cDu3RtbxFSnpA6j8kuEyiivs5H+0ctX9+XT4fot2bbPuI5X5lmxG4VtjWMdufdSxrC+X0lejlJftjuh8GixL1Ih7jfevGiNa2JTPg6xptXoM6qpN0z/e11iOp4i3NX2MGiV1Fy/R9203FCK2wNteWtkWIUp+27dR0dN8LW7/9615ifwYh51nEczr6fdwcsiXaMYae/+0930W+58p8vvD+Vn+t8WjUwVJ5cmf18LODJBky0rM1pepN7an5vm4//KE0Za6Z7SkFn399JXp5yRZ5ZT4bfN9tXQOkjuvdvi8j7LPs8NnKF7KuVaTg9jtRrvbvnZFrJ/GegyJcB9z3q8i1RB/+tUaemK4lPpW8vEalnoVaa3t+MrU3DwAAXI+kni5ACN9h7fe6VLRsrdautf0sK5JLpTpYIck5SmPk1akL9vXOhOVoIMCdK0/pQVVUHDS77/d0eTqUrtEuqeqML8p8nw7v98qzcK3Wrp0V5XisbnYHS8xlc62lIp07fVZH9ZgY3LOWqchVqjUvl8hfUueoMZL3lKJ9TOnmgSnRjixRy9U1W9RyXuqX9SOr+36krvlmN/5+Ga+3s8z1u3rRJw1ID7xsSpKUc1uC3bzauu7zIeL1yqczcbvZVehgqXW/jfhlRfvaO77e1RYqdLBUGjPKqU7ViXuW1q5dq2VFLnn3H47xWCM9u7g0Oj1KnV04ZWXjxXLfCxXpOuqL38kTZ/bPoAMd3Mc7un90uGyHz5Nu5Xq82n+4xPxSOmEeqpy6fYq0/3CFDu+Xptzeti59h/fL61motWsjBxS7vuvre7a6vnK196zTO56D7GJqA5J8JW9qi9ejhREqrL15AADg+iTU36C+w/vldU1Rm+c+Z6Ee9kilByskuXV/kUulv/UHXHwqeXOLvG22BpNbuZ5SrVlTGgwkJjSnCh/2yLvlTZUEnnl9Knl5vl4OTrA9EFvftIdtxZ3rkUq3aIvX/OPUmmqeO2veUnA0xwq9NX++3qpQHxNbPfY8pwrnFsnl3aIl/g/Bfb8ZVLV/KBVvaf5883NzFj4sj3eL/hCY3f5xmX8k79dha7av5Ldtu/PF40iscr1pK4ev5GXNtwWHe5OrxyqksX+nZFWoJUrX/KvHKmSk57S7zHXb8Y5amlzqP/dH1oQipeblyGEbQzURXf/50PZ65f/D+OG49cm0Bz0q9NaS2O+l7bXD3tMWgplawVhDe3USfr8wA5uuKbfHHIBu8+zieViFzkjnS4XeWlMqV9H9gYBpR/e9ENZ19LclgQuf3tySiE9KkT6D9nRwHw8/bpnZjPMj3eTb3GtCP5OoJcj1yLtlS8J9Ke28fYq0ZY22KMJztJ8tSO8redk2TMX1iMOzVZfL5X/W+UNw374SvTz/ZZX4estzkKSKP2iLNxiQTx/tkkoPBo6p4g+261DFW1qyRSpaFuHLlPbmAQCA65ZAXfgrtHOLV66iOcFuRzZZOQXSq79VyX3F8niKtaDqaS2Zb2Y8FRQVyeXdHxwoXwrp4tim22GkrpHR1g3M7qEub7aytbeUvdzhZc7KKZBKpZws67jsx9+NZW+/vF5tWTJfoTlrLhUtLZYnq0hLi1ZpqW2+q2ipij3pMgzJM6dI+5cukfXxq2DBUhVtW6otB46qKMt6ZMzKUYFKtdc1xXr5hDk53Tp31swPPp0XLHhNs7Kid/+6MaJ017Wfn7L924i8Tsj50m499szZHN6+JEnpHhUvqNLTr67Ry6OXqtjjlKd4gaqeXqPgx1SgBa/NUpZhyFCWipYWadXS+ZofmL1Ar3nSFewpaNtHVpEWFDytV616cBUtUJHrVVX524vt+pCePUWuLWs0v9Tcn70bo3+75v/CukQbhgzDX67guSlXkZYWmy/OCBYt0royz1nvq1oyf7/ZDuIUI+tSF37J6qKfo37n90Tvmh/LMtdtixpfl1KfWqRBxX9nTrrwO9UHXioVm7ie8zFdQzt7PrTdbrqnWEu1Skvn+8/0Ai14rchqBzHcr9p0fbVfM7JUtKBAT6+ZbwXiXCpaukAFS1/V/sM18ng62n477dBIb/fYe+xeWmq/pviLtVSveZzW+dFRnYTPl+2Yw7pAB3Yq2/OFS0VTqrTE/3m6irS0KCu479cW6K2ng3XWmftem30r3bqO+tcpUFGRS+ajUiJ/BqHnmWz/DhxZu/fx8OOWde5lyTCk7CkubVkzX6UFC/TaLLc8xUulVUsVbGIL9Jr/Mwn5/GwFtp4vlJOlnrmX+oW10fRsTXFJmmK9kDF4AOb9zTNHRfuXBp6dVbBAS4u2aemWAzpalCX/d82R6z10X+H3Sne7n0n71xJnJ8oV+d5pPesEPkRz3550Q0Z6Ij4HRX/+zQpc+8068ddnwYIFKijdJhmGjh4wp7XZRsECLVD0ea+RkQoAwHVz1NbWJkoEFQAQZ/1++bVu3HqRUp/6llQ2PaGzQSXp2rd+39NFANAnVGjLgkPKebWILD8AAIA+4sUXX+xwmQTKQAUA9Co5d6ufKtSc4MFTqWdfGAKgD6k4qL35OZrZY714AAAA0BOSO14EAIBQA+aWqX96vVp2Te/G7vsAkCh82vvKcm2tzNf8NeSeAgAA3GzIQAUAdFrTm3lq6ulCdAL3OgDXJ13531utfCl0XHIAAADcFJJ6ugAAAAAAAAAAkKjIQAUA9Hnc6wAAAAAAXUUAFQDQ53GvAwAAAAB0FQFUAECfx70OAAAAANBVjIEKAAAAAAAAAFGQgQoA6PO41wEAAAAAuooAKgCgz+NeBwAAAADoKrrwAwAAAAAAAEAUZKACAPo87nUAAAAAgK5yXPrZ3fxVCQB91bUrPV2CxNDvlp4uAQAAAAAgAS09eWeHyyTL4bgBRQEAoAdxrwMAAAAAdFGyWpp7ugwAAHQv7nUAAAAAgC7iJVIAAAAAAAAAEAUBVAAAAAAAAACIggAqAAAAAAAAAERBABUAAAAAAAAAoiCACgAAAAAAAABREEAFAAAAAAAAgCgIoAIAAAAAAABAFARQAQAAAAAAACAKAqgAAAAAAAAAEAUBVAAAAAAAAACIggAqAAAAAAAAAERBABUAAAAAAAAAoiCACgAAAAAAAABREEAFAAAAAAAAgCgIoAIAAAAAAABAFARQAQAAAAAAACAKAqgAAAAAAAAAEAUBVAAAAAAAAACIItkweroIAAAAAAAAAJCYkomfAgAAAAAAAEBkyQYpqAAAAAAAAAAQERmoAAAAAAAAABAFY6ACAAAAAAAAQBRkoAIAAAAAAABAFIyBCgAAAAAAAABRkIEKAAAAAAAAAFEwBioAAAAAAAAAREEAFQAAAAAAAACiYAxUAAAAAAAAAIiCMVABAAAAAAAAIIrkViKoAAAAAAAAABBRcitd+AEAAAAAAAAgIl4iBQAAAAAAAABRMAYqAAAAAAAAAESR3MogqAAAAAAAAAAQES+RAgAAAAAAAIAo6MIPAAAAAAAAAFEkt/IWKQAAAAAAAACIKDl58K09XQYAAAAAAAAAuPEud7yIwzBIQQUAAAAAAABw8ykuLu5wmaQbUA4AAAAAAAAA6JUIoAIAAAAAAABAFARQAQAAAAAAACAKAqgAAAAAAAAAEAUBVAAAAAAAAACIggAqAAAAAAAAAERBABUAAAAAAAAAoiCACgAAAAAAAABREEAFAAAAAAAAgCgIoAIAAAAAAABAFARQAQAAAAAAACAKAqgAAAAAAAAAEAUBVAAAAAAAAACIggAqAAAAAAAAAESR3B0bvXjxoi5duqSWlpbu2DzQKyUnJ2vw4MEaMmRIXLdLewMAAAAAAH1Vd8VTOlWGeG/w4sWLunz5sgYNGqTk5G6JzwK9UktLiy5fvixJcWv0tDcAAAAAANCXdUc8pbPiHnG5dOmShgwZQjAHCHPLLbcoKSlJFy9ejFuDp70BAAAAAIC+rDviKZ0V96hLS0uL+vXrJ8Mw4r1poNfr169fXLva094AAAAAAEBfF+94SmfxEikAAAAAAAAAiIIAKgAAAAAAAABE0S0DJ9KdGLhxaG8AAAAAAADdhwxUAAAAAAAAAIiCDFSgl6O9AQAAAAAAdB8yUAEAAAAAAAAgCgKoAAAAAAAAABAFXfiBXo72BgAAAAAA0H3IQAUAAAAAAACAKMhABXq5621vFW89rVf3RpqTrEHpLt3+tb/Xo1PHKO269tIb+FS6aqm2jF6g12a5oy4Vtb6SB2m0e4ru//v7lTuyi7XVUKXSX5Vr5LfvV/QSRGKVXUVaWuyRM8ZjAQAAAAAAHeuWACqA3iZVrik5Gh1yRWjUqUN/0f6Nq1TV+EP9cNrInipcAmpbX41niKpO+QAAIABJREFUy1Ve8b7W/3i//vLPP9TcLw3u9FZ9h7Zoy8ejtSCOJQUAAAAAANcnAQOoVuaUt+0cV9FSFXuccdhHhd56+lVpwWuKnpzVthyd2r+vVKuW7teUpcXyOO37i2XfwI02UlO+NkttTu9ZZ/WHF3+sbdv+P/3FM1df6t8jhUtAUeqr4bDe+vG/a++b/yn3j4rbzu82TnmKX5PnRu0OAAAAAICbSAJ24TdkGFLB06+qKCTAWKEtC5bqZWNJHIKoVvkMc19t+Eq1atlWaeYSvfqMf1/m/p+uelqvFsUQ+TQMGTJkGEawPgxDhpGloldflf84get1vV34Deu/RsT2cKvu8IzWtrd9unjRkOFvDr7D+u+NG7X3WL1alKxBWTl66NFHNWWMv+u6T6WrlmnrmG/o6eTf6993n5MG3aU5z/+jvqQqlW7dqN//5ZTqW6TkQaP1pa89oZme0GECGqr26+23t+lQh/v4rn48uVzrN+7VsfoWJafeqi/NmBO2vQZV7X9bb//+Y3kvNKpFkfbrP36j3Tptt75Ss1X0z/fo0Cu7tW3XCRX8vSs4r4M6q9iyQK/tlSSvXn16r1Tgv9bEUnarLjRTS4o9ckY6lobY6h0AAAAAAIRKwAzUaNy6b2amlp26IMmpQMCgMrhE5kx/cLVCWxa8JtmCsL7SVVq2f4oVXGiPT6XrzeBpaKDWraIlM1W1bJtK7/NnloWVoSCW4Gpo2Sq2LNC20TM1ZutW+YdVDAkeW8FccxcFmjmzSlttxxEMupjzn361qJNjJwLtq/ddkHSrZGWfXq34b73077t1aeRdevQbOUrXBR16/21tXFku79PPq8htC8ft36h/HzlFRd/9mq5eSJUrzafSVSu19UKW7nn0G8pOly4cel9vb12pqpbn9aMvm8MENFRs0Uuv7VXjaGsfLce0+/d/jLyPv2zUv+0frOxHn9B3Uxt16P239dHWV6TB/6Y5Vsrs2T+8opXbL2j0XY/qiZx0pdaf0t4//l6Htr6ixtSl+t+5ne9uH5XLo/vSd2v7Ma98cskZY52NLPiunri6VRs/SteM796n0YNHxrHsPpX+e8f1DgAAAAAA2upFAVQ7f+bZ03q12AwX+kpXadnW9SrNvs5us75y7a/M1JQ5ETbi9Kj4VX8n2fAymL8v2BJjhqpN5db9mrLkVb3qtI7jtS3KebVIblVoiz8T1uO0gql7pcwpgWN+rWqmlrxqBlN9pau0bFVpDEFiIBZXdfbgRv3n7kYpc4qyB0vSWe3dsluXvvQN/XhObiBz8fbcHH1p/Y/0iy0f6cs/+rIC4biWbD3xdJFyA0mjpdpfKd313QX6+9v9K2crtfFH2vqXCvm+PFJOefX7X+xVfeajWlL8Zetcvl23T8nRth+v1Pvh+6hP1/1LivVlp78sI9X/mde0t9yrOV9yS/LqL3vrNajgf+uZIrcVB75dt+eM1Pr/5xc6dOysFM8AqgYpfaSk8rMyv+6Jsc7G3K4s1yDpo5Fy3X679UVInMruK4+h3gEAAAAAQCQJ2YXfv42Qzfj2av3WSuXPzzK7+D+zRgW2faVPmqJM7be6yRvmVmzb8G/K8HetD5sf3E+VKjVaM9I76GJf8QdtrczX/GeyrDKkq+AbM7V/+TaVfuUZFQQOJ7w8ofs2DEn5M1Rg7c9/HGdrDGVdOKi9mTP1QkG6uY/0As3I36q1p0Lr2L/N9IJntKbA2nbsFY5e7rq78BuSVKmtyxZoa6QFBk3WN75RoHTDkOE7rP3npJHZkvfw4ZDFGpIHS+cOqqLmHt3qtMqUma3MVFtbGjRI6cnSoe1vKXvQ1zR5zGD1V6py/mmVcqzCGN6D+qhRuuO+fHOfgT2M1j33Zen9TX/UX87co/tGWnNG5+hvQ9rrMI0eLanqrGqMLDmVqfuW/ET3+bfvXyw5Q1mjpUMNDbpiGOofMrRHO134gxeTKNeIVA0aJgW6+cdcZ2HDA5gV2LmyK3iNCzmWWOo96hEDAAAAAHBzS9gM1H1rF2pf2LTMmS8oPLmzYstCrQ0smKkpN6BskuQ7d0rKnKJ0+0TnrRod732MzgnJDEsfkymdsnZXMEP5W9dq+cKtkjI184VnVEAaGbokVZl33RHyVnmljpH7S1ma7BqpwLujLpw1T7/d/6X/2B1pO5dU5R9lI5L+X9KMJyarcuM+/ddP90nJqUp3TdZ9992nO7JHmtmZV6+qUekaM7LtG6sGp98q6Zh8l6RACmpyrG+2uqoG31mdOndO5yrK9ZePP9axc5JUr0vtFLnzLuncKduv11tnkq677LHUOwAAAAAAiChhA6j589e0CZbaBQKnmTP1wpoCOX179cry/de/4/QxytR+nfNJ7oQPRrpVtGaNiuTT3leWa+vyhdqqfM1fwzio6KxbNeWrRTEH4Dtqn+1x5vyTluRcUlX5x/roj3t16NhH2vofH+ntzJn6l2cKuqUrue/QL7R248e6YL6BSemDRyrzjrs0+c+79ee47+2Czp6TlDkm5AuWrtZZvMreE/UOAAAAAEBfkIBd+O3dWKMtcUyH9mXqsRe+p4J0Bd54b61lW8/2b+uN1KFdVSPsI32S7srcqv3lPuUXpIfNPKati9ZK81dr5q2jpcoqXTCMYJDEyjQbrRjKE7ZvI7SgMmQo/dbR0v6z8hlZgX1cqKqUdFfYcaQr/3urlW+V71DFTGVlRas79DXX294C22m3zVkGpStd0hHvGRlZ7b94yH8mR+4ePkijJ+Xr65Py9XVd1dnda7XiN9u1+0S+vp7cX6m6oKqzV2TcGppdeunCOUmjNdLqsh9tHyHTL32kTf/1sRrveFIvPJ6j9MAmz+r9P+/Wn23r24f66EjU+vIe0keN0q05E8whCDpRZ7YCmP/sdNk7OpZ26t3V4SEDAAAAAHBTSurpAnRdpU5d8P/7mLYu/7X1pnpJStfoTGnfoWOB+e//ujJ8A1Gkq+Abj0m/Xq6f7b1gm24GJ/dlPqb7siRl3afHMvdp7Vb/Pi5o73/9WpX5M9Qm7tpVWTnKr/y1/stfjgt7td02rsGFvT/Top/tVbAaDmmf8pVD8BTdZeRk3XOrdOF//kfljfYZjSrf9Jy+/9wmfdwYbWXpavlvtPy5xfqN1z61vwYPsr0IyXWH7kqV/vz+Pl0IWfuUdr9/TBo0SVmdaWPnvDomafJd9gCkpFMf6aML0VbqosZybf3lbjUmT9JX77CCpddTZ3Eqe0z1DgAAAAAAIkrYLvzty9LM+flatHaRNU5qph57Yb7yl6/VR+UXVFBgBkE/Wr5Wi/ZJUr7mz8/Xvu0xbj69QN9bPVJbFy3Xol8HJ2c+9oJWB6Kj6Sr43gvSz5Zr0SJrUv58rZ4Zz+hllma+8Jh+ttxfjnw99limKk+NNDNSC76hxz5aruWBQppZucRP0X1G6q6Z+Xp/7T69sfiU7pn5oCYlX9CRj/5He49c1ejHvqrJqdHX7p81WZOSd2v32p/q0lfv0V2jB6n+1D7tfu9jJWc+pntckuTSV7+Vr0Nrf6N//ekpff0rdyi95Zh2v7dbRy4MUv78+zo31vCtWZqUvE8f/fKnSp35oCYNatSFP+/Wu4dO6WqXr4Dn9NF7W3XKtn7juY/18bF6tWiQ8ud/QzmB2GTsdZaamirpz3r//Sxdzc5SdpzKHlu9AwAAAACASBxGvPr/Wk6cOKHBg8lq6i4X9q7Wi9UP6mePESbtrS5duqTx48fHZVvxaG/Hfv09vb4vU/+weFHM2dONpz7Sb37zrv58vF4tStaAYZm667HH9fXswGAT2rv6Rf2/+gctXlQQ+rK1xmN6f8NvtOdYteqtcT0n5M/W41/PDlkufB+DJuTrkce+qpyRqR3so+30xlN79esN7+rjc01qSR6gYZl36cHHvqr0fcu1Zl+2vvmvT2pyf2u90U+1277M+mo7PXnAMGVm5+srD96n7Aj12HGdSWr06t033tDuyia1ZP6Dli0qUP/OlD1wzBGOJcZ6BwAAAAAgEcUznmJXXFzc4TIEUBPZsV/re69LT/3sMSur9Jh+bU4Q8dPeK9ECqAAAAAAAAImuJwOovbQL/00i6zE9lf89vf69YLpbPsFTAAAAAAAA4IYhgJrgsh77mX72WE+XAgAAAAAAALg5JfV0AQAAAAAAAAAgUXVLBmqch1UF0A7aGwAAAAAAQPchAxUAAAAAAAAAoiCACgAAAAAAAABREEAFAAAAAAAAgCgIoAIAAAAAAABAFARQAQAAAAAAACAKAqgAAAAAAAAAEAUBVAAAAAAAAACIggAqAAAAAAAAAESRHO8NDhgwQPX19fHeLNBnDBgwIK7bor0BAAAAAIC+Lp7xlM6KewC1qalJ48ePV1NjY7w3DfRq165d08AvfEEnTpyI2zabmpp026hRcdseAAAAAABAIjp95kyP7Zsu/MAN4nA4eroIAAAAAAAA6CQCqAAAAAAAAAAQBQFUAAAAAAAAAIiCACoAAAAAAAAAREEAFQAAAAAAAACiIIAKAAAAAAAAAFEQQAUAAAAAAACAKAigAgAAAAAAAEAUBFABAAAAAAAAIAoCqAAAAAAAAAAQBQFUAAAAAAAAAIiCACoAAAAAAAAAREEAFQAAAAAAAACiIIAKAAAAAAAAAFEQQAUAAAAAAACAKJJ7ugCIH8MwVFtbq6amJjU0NurKlStqvXZNLS0tunLligzDUL9+/dSvXz/dkpKigWlpGviFL2jE8OE9XXQAAAAAAAAgIRFA7cUMw9CVK1dUX1+vixcv6vLly2pqapJhGDIMo+0KDodaW1p09epVNTU16dLFi5Kk2gsXNHbsWKWmpt7gIwAAAAAAAAASGwHUXsYwDDU1N6u+vl7nzp5VfX196AIOhxQheOpwOILbsJZxOBwyDEM+n0+XL1/WuHHj5HQ6Q5YFAAAAAAAAbmYEUHsJwzB06dIlVVdXq66uLjDdH+w0DCMkeOpwOGRIctjWD1knLEh65coVVVRUqLauTmPHjNGAAQO69XgAAAAAAACA3oAAaoJrbW1VXV2dztfU6ILPFzozLAjqsKYFuvBHySQ1pGCWqhV0NWQGVmvOn1dDQ4NGDB+uIUOGKDU1VUlJvGsMAAAAAAAANycCqAnswoULOnP2rC7W1QWyRh2yZZNagU9Z8+wZp23mK5iVGuBwKMmaZtiCqI0NDaqsrJTD4dCQIUM0IDVVQwYP1uDBg5WczCkDAAAAAACAmwfRsATU0NCgzz77TLW1tYFp/qxRfwA0EAw1DPPH3pU/nDXNPy8pKSkkaOrnHxM1uJphDhdQV6czp08rbeBA9U9O1uDBg+V0OjVgwADGSwUAAAAAAECfRgA1gbS2tqqqqko1NTVqbm4OnRkWGG0TKI0UOG1nP5G2EzH4KgW6+Td8/rkk6eLFizp58qRSUlI0dNgwpQ8bpsGDB9PVHwAAAAAAAH0OAdQE0dzcrCOffKKGzz9PzEBkhEzT5itXdO7sWZ09c0ZpaWnKzMzUkCFDyEoFAAAAAABAn0EANQHU1dXp008/VXNzsxwOR0iGaEJoL7vV4ZDD4VBDY6PKy8s1ZMgQjR8/XqmpqTeufAAAAAAAAEA3ScBUx5vL6dOn9emnn+rq1atyWJmnjqSkXpnFmZSUpIsXL6q8vFwnT56MPiQAAAAAAAAA0EuQgdqDKisrVV1dbWZxWtMSMgO1A4b1Eit/wPTKlSuqqqrSlStX5HK51K9fvx4uIQAAAAAAANA1ZKD2EK/Xq+rqajPT1DBkGIaSkpLUahhyOByBbNREZxiGWVbrGPzT5HDo3LlzOnr0qK5evdrDpQQAAAAAAAC6pndE6foYr9er06dPBydY3fVbW1vlkBmANHpLFqrDYZbVGgs1wAoI19XVEUQFAAAAAABAr0UA9QarqqrS6dOnzSxTf7d3W+Zmrxs31F/eCGVvtQKrly5dktfr7X3HBgAAAAAAgJseAdQbqKamRufOnZPUS4OlneRISpJD5riuNTU1Onv2bE8XCQAAAAAAAOgUAqg3yOXLl3XSerHSTcMWJHY4HKqurlZjY2MPFwrADXHu99r5xl8jzKjRgZ3btW172E9JhVRRom07D6om1n3UHNSO7SWqCJ9eUaJt27erpCJsWme2DSQ66zzfVhLaAmoO7rSd/xUq2b5TB8JP/KjtIbh8zcGdbbbdfnG2a1tYe6wo2a4dB2l16OU6uJ9d/zkepZ3675chbdWc1ommCQAA4iS5pwtwM2htbdXx48fV1NgYeOHSzcD/gimjtVUOh0PNzc06ceKEsrOzQ8dLBdCn1Oz4gcp2SUPHj9POv/9A4//7abnDlknJyNMDucPDprr1UPiC7altUHN7s08cVI07V+F7AfqMlBSl1J1RhdxWG6uR12dvFW4VzuhMo7pedfr0YI3cbdo20DvFcj+7/p1cUoOk1Gjzm6tVXpGrwhvZlAEAQBsEUG+AU6dOqaGhwRzztLe8HCoOHA6HZBjBsV4lXbx4UZcvX9agQYN6uHQAusvwB36qGaNf0/ZfZSnvv78WewCzokTbTqQpf3qmvDvL1Jg6VLV1jcrIm64h5dtVXmctN3SSHiqUSo6YE8pLKuRu85flUGU4fTp4sCZCoLZGB3aWqdofZ0rJUP70XOngTu1rcCqjsdqcN3SS8tNOaJ/5i7JnFMotMzNvn3/loZP0EH/Vosc45Rzq08UaScMl1VTKp6EaluJvLBUq2X5CqXnTdacOakdZtZolDRs61LYNW3sYOlTDIu2mJriuvS20MTRDTt8hHaiZrjvbNDv7NvxfokgHdpap0ZmhhmqrbJPylHqiLNAG/e2roiR4DYj8BQwQf12+n0U834eH3j9SMsz73SFzuepDB1Uzve2XfikZGdKRElW4I7S7ihJtO1IX+HXYpBkqdFvtPiNV1dV1klKUkTdejWVHVCt7+6lQyXZzmrlMhHYLAAAC6MLfzerr63X+/PlgxuVNlHnZZpxX69hPnTrVQyUCcEOc+712/ipLef94TGURuz1KzdVlti78EbrhS6rVKD00wwz8fFo3VNkzZuihGZM0rO6EDtS4VThpqKShyo4SwBySO15p1eVtt11TqyE5M/SQf3vNPnn9/SPrfFLODD2Ul6GUuiM6qBxzGdXpTIWkihLt8zmVP2OGHpqRp4zGI3SlRI8akib5Ks0TuKbSJzlHRchkq9GBQ9VSRp4emjFDoxQMuNQcPKRqZZjn9ChZwRS7CpWU+eTMM9tMfkajyqOe9IN15/hUVZe3nV9TO1i5M6x2N2momn2VgW7JtT4pd8YM5WekqPbIIbMNThoq1Z1RhcwvLco1KdBm06oPRejuDHSDGO5nkUQ+3ytUXi1l5Fn3D1WrvGK47szJUIpSlJETrcdEprIzGvVphKECKjTKahdW+znjb3vNqm4w52UPbVZ12RmNspYxy1KjAzuPSJP8ZUw1A7hdqSMAAG4SZKB2I8MwdPr0aTU3h3UydTjksOb3df7s06SkpECX/oaGBrW2tiopifg90Cfd+jVN/4n5zxl/G3mRWDLIUtKsXLjhmXKmlKl8+3aVD52kh2ZMN6e3jfSEcatw0hntOFgj92Db5OFuuUOyUFOCAacUp1zDJWmw0uRTaqZZxtQUqVFSzaVGqblO+7ZXB7d3pkJyk4WKnjEs0ykdMoORXp/kzBkm+cIWulgpX3OKnNb57B41VOUnJH+X/xRnphm4cY/SsCMnQtetuaQGNau2bLu2BSbahw0I4y5U9pmdOlDj1hDb5OFud2hWXkpaYF5g/4NTJV+a1QbTlKIGSVJtQ7NUd0Tbth8JrNNQWSMNJ10O3SyG+1kkkc93t0YNPaLysu3alpKh/OkzzPM+hqjl8NwcOXeWq0LZIdPdbndoFqotuXzYKLOFDktLkTTKbK+DU63rQ60am6XaI9u1LdCsGuWlWQEAEBUB1G50+fJl+Xzhf8XIfLnSjS9Oj/AHiVutoQsMw1Bzc7MaGhr0hS98oSeLBqDXGK47p8+Qv7vhtu1HzG6KsazqzpZz5yEdsOfkWX9sDps0Qw9ZXR07hW77SCTDM+XUIXkrJJ+cyh0ueeO+k3a67UfgznZqx6GDCm1221VuZZK7K0q0rZPNjm776E2ine/uwhmBL/D2ba82z+vMWLY4XHeOl7aVVCojMM36IlAZyp9RaA1D05lS0m0fAIDOIAWwG9FVPbr6+vqeLgKA3qLmoHbsPKgauVU4I08ZKZ1ZebjuzHHKV10XOjklQ9luSRVnOk5ktW9tcKpUd8LqPhyvNzAD12O4XE7Jd8Kn5tTBkbsAD8mUM6U50NW/4kydbd2UYHf6SO1h+GClWS+Hkszu9KFvBY9UpFzlOn1q2+yy5Q7Zf2yGpaWoOTAcR4VKtvMWciS+tud7hUq2l6jC+lIwe2h7a0fgLlS2qoPjd1uGjc/V8DYvkOvIMKWmNAeH26goiTqcDgAAMJGB2k0aGhpUW1trjvt5E3TV76y6ujrddtttPV0MAL3B8FzlOndq3/bt5u9DJ+kht6SaNKWoOspLpELX/7+GVqu80frdPUrDjhwxu+EPzVBGSp0aY42iuguVf2mn9vm7Mw+dpIfIikMPG57plKqrNWy8W5H7A5vjLO4oK9O26tCXSA3PzVGGlQ0X+SVSbhXmXQqsa2ajRhur0bbH3PEaVn1E/oQ496ihKj9i7T8jQyl1DTF/eTE8d7qyG7abw3jIykYlCRwJorna3zakQFZnxPM9V4WTzmibdR4rJUP5hcMl1SpN1VFfImXnzs7Qp2X+nZlfgOw7sl3bjqQoI2Oo5LukGg1uZwt+w3Xn9EmBXh3+ctOsAACIzmHEeSDOEydOaPz48WpqbOx44T7syJEjqquruynGOe2KwYMH64tf/GJPF+OGam1tVdrAgYE2Eg8nTpzQbaNGxWVbAAAAAAAAier0mTNxi6fYFRcXd7gMXfi7QWtrqxoaOjUI0U3H4XD0dBEAAAAAAACADtGFvxtcvHhRzc2dGYcIAAAAAAAAQCIiA7Ub1Naao3o5HA4yLaNobW3t6SIAAAAAAAAAHSKAGmetra2qv3w58DtjoEbW0NBA3QAAAAAAACDhEUCNs2vXrqmR8U9jQgAVAAAAAAAAiY4AapwFMisdDgKE7TBEABUAAAAAAACJj5dIxdnnZJ/GxjDU2tqqfv369XRJbnKf6FffeUV7Isy5+5k39I9/0966Ndr9k+e1L+8lPffFv2rF82XKf+mHumd42FK7f6J/2SQ9ET7vk4369m/G6F9/eI/CVkEfUFtbq7q6OrW0tPR0UYCElZycrKFDh2rYsGFdWp92BnSMdgZ0v+TkZA0dNkzDhg7t6aIAQLchgBpnTY2N5j+sLFSRZRkRGaiJpeNg6fU6oY07PtE9T3TrTpAgauvqVFtXp1tuuUUpAwb0dHGAhNXa2hp48WRngzu1tbWqra3VLSkptDOgHbQzoPsZhqG6ujpJIogKoM+iC3+cXbt2LfBvRw+WI+FZGai4SYwfr/F7XtGvPunpguBGqKutVUpKipKSuMUA7UlKStItKSmBPzo7o66uTrfQzoAO0c6A7udwOHTLLbeozvqyAgD6IjJQ44ysythRV71Aze6wrvlml391OmM1T48+Lq16ZaP+1xtPKOKqNbu14vlNOuH//e5n9PMn/kbBoQIe19hNm8zhBsY/rn/9J+k//cuPf9w2FEDosATdn12LcC0tLWTqADFKSkrqUtdg2hkQO9oZ0P0cDgdDXQDo0/g6NY5aW1t18eLFwO+GzBsJ2jIMIyRbFz1rzyvf0be/E/xZsbsm7vtw3vNPemL8Hr0dcds12v2LTRr7zBv6+Rtv6OcvPa7xe34j+6InNlXpf73xhn7+xjO6+8Qm/csvpH/2L3tik977xNrOT17RycdfCmzn5Cs/UTccDgAAAAAAuEmQgRpHra2tbbIqybKMjrpJHDcmS3O47vmnx7Xv+V9o9xd/qHvC5/3wjeCvviqdkJRvW2L84w9YmatOjR0vjc/7oplxOnyUxvoXqvmr9p24W4/+0Hot1fB79Ojdm/T2X2t0T/jbrQAAAAAAAGJAADWOWlpaAuN6OhwOAoQdYAzUm5AV0Fz1i9364tdDZ32y8Tta5e93P368xndl+74qndAerfrOntDpd/skEUAFAAAAAACdRwA1jq5cuULQtBOoq5vT3zzxjO7+zit678DdwYk1u/X2nvF64v9n7/5i27rzu89/DkVLlv+JsplEjqmJOE2qfcburtsy+2yCgBpgXWQyEBZwdtoppGCrtq6F9GLhsffCibFTdgAnvlhrtBf7DOSqHRWItDOzg8kNMZngycVICBJsw+7jPmPPVBM3ZCrFZhLaom3JlkTynL04hxQpURIlkyIpvV+AYfH845e0pJ/Pl7/v95ftter0Xt2wQz75FdTLq/VZBQAAAAAA2CASqGWUSqVyX5MaXB8zUOuAt03tiuqDbAn8ZEQTkoLrnriWTr1yNqjTAxOSvydve1RTzkTRyXfHFJW/oIS/tHiP6nn/mH42/qJe6/Iqu6DUVM9F5zGqL6ZwaESR5Zt93TpzKiDPI107qcjwoK4eP6NTgUe7EgAApVk+rgXUF+pWRylnhkMaUZ9C3R2rfg0AAGoDCdQyyk+gitmV62IGaj3o1Dd6/Hp97IJOj0kK9qjXL0098mVfVK9/QqPZx9nS/oF+O0F79qyCEwO5hGrpvOo6f1ZT/U68khQ8qyskT2tOoC+kpftCO/E5GPZyswgAqB/JiIYHw1L3GYWcD+6SkWENhsIlJ1EBAEB9IIFaCYaxlEDN/xoFSKDWgk69MjS05hHervO6UrDiU/aBvfBTl7PttaGu5aeucv7yc51Ieod0pTdvQy6u5ccuf7z8NdiPX1nzVaG2eBQ4EVB45Jpi3R3ccAIA6kLs/bCmA3255KkkeQLfUvfVQb0XeWHT1RAd3SGFyhUkAAAoCxKoFWAor4TE/1UDAAAgAElEQVSfJOGqKOEHsKpYWKGRpYJIX7dTlp+MaHjwqo6fOSX7vtQunVTBjFYAACotpmsRKdC3fPDxKHAqpEDelmRkWIPhaftBCS1rlkr4PXZrmraAFInIvkJhi4BYOKTscBkIBBSJyNlvV3dkn1YBWgIAAPAoSKBWACnT0swvLFQ7BAA1IanIexEp0OfcEMYUHomr+0zITpLGwgqNvK9YgHJIAECNSCYUl0/H15tkGgtrMNymvtCpXFJzoy1rpiNSXyiUO38kfMw+PxbWSCRQkDCVk7pNRn6qcFufQqc6lG2VE47xYSMAAJtFAhVVszA/X+0QAFRJZCRUuJCUr1tncnd1HeoOncrtSibiktq2MDoAAMojdi3/A8LCljWl8nW/kDvfmzccFr923omR9xR54ZQCHntWLAAA2DwSqKiaZDKpTCajhoaGaocCYIsF1iy5Lyw79Pl8WxUWAACl8XjVpmnFk9Lq9fhJJeKSb91pqpux9rU9gVM6o2ENDoYUliT51J1rfwMAAPKdO3du3WNIoKJq0um0Zmdn1dLSUu1QANSS2PsKT+f1eIuFFRpZ7yQAALZSh44FpJFrMXV3FH4iuNTDtEPeNml67SzrJnnWvbYncEqhQF5MP43o6XX6rwIAgOJc1Q5gW2LhqPUZhiTp5s2bymQyVQ4GQO2JK5GUcv1Rs5wZP1dvJO3HsWuFrQAAANgiHS90yxcZ0XAkubQxFtZIxKfuF+ykasexgBS5ppikpZ7fx8rS07votXNhhBQKx3KPPW0+qc1L8hQAgE1iBmoZWSROS2dZkmEomUzq/v378nj47xwAR8cL6vYNKjwYUlg+dfd1yzdyVYmk1OHp0AvdPg2GBxUKSwp0q9snxasdMwBg5/EEdCrkVTjkjEmSpICzYJSjo1tnuoc1GHJ6kBb0/H5EHd3qC4Q0EopI8qm7OyBNZ3edUffwoEK51qcB9YVYQQoAgM0yrDJn/aLRqPx+v+YfPiznZevC9PS0pqamJMOQIRKq6zEMQ5Zl6atf/aqeeOKJaodTcaZpas/evbmfkXKIRqM63MbiOqgtH3/8sfbu21ftMIC6MTc7q2eeeWZD5/BzBmzMjvg5i4UVeq9NZyjTR5Vs5ucMADbiVjxetnxKvps3b657DCX8lWBZInVaOhLNAAAAwMYkI8N5ZfpOCT9l+gAAVAQl/GVkOH09JdEHFQAAAEDFeAInFAiNKJRtfVrO9gAAAKAACdQyKkigYk3Z8n1Jcrv5NgQAAAA2pkPdoZC6qx0GAAA7ACX8ZZRNoJJI3ZjGxsZqhwAAAAAAAAAURQK1jEicli6/7+muXbuqGAmAcnO73fQ2BkpkmuamKjHcbrdM06xARMD2w88ZUHmWZVFZCGBbI4FaISRT12EYkmHIcLlIoALbjMfj0eLCAjedwDpM09TiwoIOHDiw4XNbWlr4OQNKwM8ZUHmWZWlhYUEtLS3VDgUAKoaPiMoomzS1JBlLG1lQqghD9kD7+OOP80klsM20trbKsizdvXtX6XS62uEANcvtdsvj8ejgwYMbPjd7Dj9nwNr4OQMqL/dz1tpa7VAAoGLIXJVRLhFoWbIkO3mKorLlvXxKCWxPBw8e3NTNKoDS8XMGVB4/ZwAAQCKBWlbLF0PKzrLEStnZuvv27atyJAAAAAAAAMDq6IFaRo2NjUu9T5l9uibLsuTxeFYknQEAAAAAAIBaQgK1jHbt2qWGhgb7QbaMH6vyeDwstgUAAAAAAICaRgK1jFwuV2FPT8siQbgKwzDU4vFUOwwAAAAAAABgTSRQy2zPnj25pKnh4u3Nl3tfDEMHDhzQ7qamKkcEAAAAAAAArI0MX5k99vjjatq9W66GBruMn0Wk7MSpkzx1OUnltrY2ZucCAAAAAACg5pFALbOmxkYdOnRIlmlWO5SaYsheOMqyLDU3N6u1tbXaIQEAAAAAAADrIoFaAT6fT7t372YRqWUMw5BlWero6GD2KQAAAAAAAOoCCdQKcBmGfvd3f1dNjY0kCp2kqWTPQPV6vYULbQEAAAAAAAA1jARqhezZs0fexx7b8T1QDS3NPN2zZ4++8pWvVDskAAAAAAAAoGQkUCvoycOHtXv37mqHUVWW80eS2tvb1dTUVM1wAAAAAAAAgA0hgVpBbrdbTz75ZMG2/BXptz3DkCxLsiwdPHRIBw8erHZEAAAAAAAAwIaQQK0wj8ej3c3NBduyZe3bntO+YM/evep46qkqBwMAAAAAAABsHAnUCmtqatLB1lZJS71ALe2QBKqj7YknKN0HAAAAAABAXSKBugWOHDmiAwcOyLIsuVwuybJkWdaOSKIeOHBAjz32WLXDAAAAAAAAADbFXe0AdgK3263f+Z3f0W/+9V+1MD+/IxKnWQcOHLCTxqhJt+LxaocAAAAAAAB2iMNtbdUOYVNIoG6R3bt3q+OppxSNRrW4uFjtcLaEYRjyer3VDgNrqNdfXAAAAAAAAFuFqYFbqLW1Vc3OglLZfqjbWXNzc+71AgAAAAAAAPWIBOoWe+qpp2RZlkzTrHYoFWEYRq5Fwd59+6ocDQAAAAAAAPBoSKBusebmZu3bTonFvH6uud6uzt+HDh6sRkQAAAAAAABA2ZBA3WKGYajF48l9Xe/yX4GV/WNZampq0v79+6sUFQAAAAAAAFAeJFCroNVJoG6HDqiWZS2V7Ttfy7K0f/9+ud2sUQYAAAAAAID6RgK1Cvbs2WN/sU0Wkcq9Cid5KklPPPFE1eIBAAAAAAAAyoUEahU0NDTo4KFD1Q6jfJykaYPLJcuytGfvXsr3AQAAAAAAsC2QQK2S1tbWaodQVpZlyTRNSdITjz++Lfq7AgAAAAAAACRQq2T/vn25r12upX+GXD/ROpEfq+XMRD148GC1wgEAAAAAAADKigRqlTQ2Nto9Q+UkHg1DMoz6XFgqL4nq9Xrt1wYAAAAAAABsAyRQq6ShoSG30JIlyZDsXqLOLM56moWavxiW1+utYiAAAAAAAABAeZFAraKDTh9UQ0vl7/Vmedx79+6tUiQAAAAAAABA+ZFAraIDBw6opaXFfpCdcWoYsiyrLhOqjU1Ncrvd1Q4DAAAAAAAAKBsSqFXkcrn0+OOP28nSOkyYLvfE448XLIgFAAAAAAAA1DuyXVV24MAB7dmzJ/fYUH31P82PddeuXVWMBAAAAAAAACg/EqhV1tjYuFTGX4fy582SQAUAAAAAAMB2Q8PKGuDxeHQrHpeyvU/raAaqsvFaFuX7AHJmZmaUTCaVTqerHQpQs9xutzwej1qdRSUB1BbGMmB9brdbntZWtXo81Q4FACqKBGoN2LNnjxpcLmVMU7IsGVJuMam6UC9xoohJvdU/oIliu/w9euN8l7xle6pRnR6Qzg31qrNc16xILAmNX7qgD567qNe6yvbqd5SZmRnNzMyosalJTbt3VzscoGaZpqmZmRlJIolaFvbv79Fo9rFfvRfPa9Vf5RUbl9YbR+yxV2eH9ErVB0SshrEMKI1lWUomk5JEEhXAtkYCtQa43W41Nzdrbm5OlgrL4utJPfVuRaEgN3Eoo2QyqcamJmalA+twuVxqbGpSMpkkgfrI7KTkVM9FXTnvJC0T43rzQr8+6MkmMklconSMZUBpDMNQY2OjkjMzJFABbGv8j6AGuFwuNTQ0LCUgLat+ZnXmJU3rZsYsgIpKp9PccAIlcrlclAeXweTogCaCZwtnfHq79NrZoKJj72qyeqGhTjGWAaUzDIOxDMC2xwzUGtHgducSkNlEar0lJOfn56sdAirBKXHs7ZnS6JhdFxk8O6RnI/267NT+Z2ewTo7267J61Ds15pRQBlctjUyMX9LrzvWW2gXYZY9TJ5dmByXGL+n16ZO60tvphLP0vAqezW1f/ZolSIzrzQtjikqSP6hgyW8OAKD6JvXRhBQ8W2S06QwoqAF9NPmi4m87LWsG+u1ZqM4h8fFLuuyMHf6e/LL7wjY3S9UazljVHtTExMSKsah4iKM6PZAdNBlnAAAA6g0J1BphmWbdJUwlFcyUffDwYRUDwaOYGOhf0Qe1sKx/Qh/ooq4Mee0kpXPzeaXXSWi+Pa5vnO9yDh3T1NkhXckmVC/5ViYyJ0f1+li7zg2dV6dzI/r6aJuu9Hbq6HN+jUYm9Upnp6SErn8YVfCkHUhi/JIuT/XojaGlZOub487NbsE17efOXnNtCY0Pj0k9F3XFuc7pAcn/3CO+qQCArZGIa0p+PX+o2M5DavdLH8SlV86f1VR+Cf+klD++2b//hzV+9Ly6vAmNX3JaAnR5nQ/aLmk8r6fqxJRPbwwNlfBB3aTeGpjIjauJ8Ut6XSKJCgAAUEeoS6kRpmkWzDytl2Rqft/TxJdfKpPJVDEabFbw7JCuDBX+KewPF9TLzh2jt61dUlDPOvsP+fyFF/P36BvOvs4Xe+SPfqjricJDJiMTUjDgzEz1qutkUJqIaFKS9+hz8jtfK3FdH0Szz5VNpmaTsfZ50Q+vK+Fc09/zYm62a+eLPUvXWUviuj6I+vX8UW/2RPX61z4FALBdLI1vOuRT7te/M/7k9nm79HIwqg/yBjT/c0dLq3KYjGgib9z0dp0keQoAAFBnmIFaA9LptEzTlKX6LN83DEOWpEwmo7t37+rgwYPVDgnV1N62dEPpbVP7igMSik9J/ueKThWSvEf1vH9MH032qlPTiuYSrbc1FS02Wzao2841oxMXdHosf59f8YTUudYd7u1pRdWul5eCVtvKoAEAtcrbpnZFNXVbWpnRtMeO9pNeSbdLv+btaUU1ocv9y+ozgrclrTJ+rSJhD3p5Z9mzYqc2dBUAAABUEwnUGnDz1i3dv39fkmQZht2wvk5K+pfHeOvWLXk8Hpru72RTcSXUad/DJuKakpYlUe0EZXS66J2uJG+ujP9ZTSgY6HW22zecwZOrrJ7cLvmfu1i4gEgpDvnk14d5iVY7GSvfxi6DjUgqMjyo8LT9yNd9RqcCy1dttY+Jnwipu6NwTywc0nttS+ckI8MazF4sT/HrAth+OvVsULqca/+Sx5n9eW69bi7LHfLJr6BeLtrHO1HkhNV57UFPS6OendQFAABA/SDLVUWLi4v69NNPdfOzzyRJhsslQ5KZydRF8jSfYRgyDEP37t3T559/Xu1wUE15JfuT744p6n9OR5flNDsDSyX7UkLjb+eX9GfL+Ad0ecKv9tyUHTuxOvH2eO7WdXK0X6cv2Y87A4UrLSfGL+l0/+j6Jfzeo3reH9Xou86Riev6gBvbioqFBxVWt86EQgqF+tQWHlQ4ln9EYYK18NyQRiKF2zyBUwqFQkt/+gKSAjpB8hTYMTp7zyo4MaA3x/OSm4lxvTlQ2N6lZN6jet4/oZ/lrjept/r7C69fcnABBZV3rcnIir7jAAAAqG3MQK2CxcVF3bx5U3fu3NHCwoJcLpcs2QtJ5fcUrQcFLQcMQzIMxWIxuVwuPfHEE1WODqUqtoiUFNS5ojNv1hFs19SFfp3OXaNr5TzTzl690XNJr/f324/9PXojf7En71E975eiKky+ervO69x0v17vz9bp511/+TXlV+/FUuL3qstZWOT0hH3NYJDSysqJ6VrEp+4zAdnpzQ51h0JLu5MRDQ+GNR0IKDAdKTgvHBpRxBdQwBdRfI3rh0ciCvSF1LHqMQC2n069MnRR45fyW7n41XtxSEuFCc5M1YF+TfVc1Gtta10vOzbkXS941l5QaoMzUKVOvXKxR29ecK7lDypIr20AAIC6YlhlnuoYjUbl9/s1z4rsK2QyGd2+c0efTU9rfn5+KfkoqcHlyvVBVR3NPjVcLslZ9Co/+WtZlp544gkdPnxYzc3NVYywdpimqT179+Z+RsohGo3qcNuad4BbanK0X5d1toSV70u71s98myjJR9V9/PHH2rtvX/GdsbBCI1JfqLt4gjMZU0wd6vDYCVP1ZUv4Y4rFOtTRYc9OvXq8eHl+MjKswavHdeZUNkEL1L652Vk988wz1Q4DQJ41xzIAKzCWAdgKt+LxsuVT8t28eXPdY5iBukWSyaT+fWpKc7OzkpyFl5xEaf7X9ZQ8lexZs5LkcrlkWpayKVTD5dLnn3+uZDKpJ598Uk888UTdza5FNU3qowm/nr9I8nRb8rVJkWGFnBr9gl6lno5VZo52qGPdKaUxvR+eVqDvFMlTAAAAAEDZ0AN1C3z++ef65JNPNDc3l9uWnya1ZM9OrLe+p/ksy8rNRM1+7XK5tLCwoGg0qhs3biiVSlU7TNSDyVGd7h/QVM8pMfl0m5oO6z19y+5XeqZbWtEDdZNi1xRRQMeo3QcAAAAAlBEzUCssHo8rGrVXpHE1NMjMZOwd+cnSOk6cZi1P/lqWJUvOzFTTVCKRUCqV0tNPP63GxsbqBImK6+wd0pVHv4iuDPWWIxzUrLwFnjwBnQiENXItpu71p5iuKZmIS4ET9D4FAAAAAJQVM1ArxLIs/fvUVC55ahhGrtx9pzAkmc5MVMMwdPfuXcViMWWySWQAO4+nTb4im31tj1p0n9SNq9NluA4AAAAAAIVIoFaAaZr6t08+0WfT0zIMQy6XS5ZU0PN0J8iW8pumKcMwZLhcun37tj755JO6blcA4BF4ntZxX0TvRZL242RE70V8Ov70oydQ49PluA4AAAAAAIUo4S+zdDqt3378se4mk/asU6lg5mnBglHbXDZRbBiGTNOUDEOGYSiRSMi9a5f8j1iuC6AeeRQ4dUYaHlQobG8J9IUUeOT8aUJxSW2PGh4AAAAAAMuQQC2j2dlZ/dsnn+jB3Jw96zS7Kr2TNM0mVHcaw0mcWksbFL91S+6GBrW3t1czNABV4VHgVEiBNY/pUHcoVPq5noBOhda+IgAAAAAAm0ECtQzS6bTi8bi++OILLS4uSrJ7fxpSLnGak/d4u89Ezb6+jGnKkN0TVc7flmFoenpabrdbhw8frlaIAAAAAAAAwJpIoD4C0zR1584dff7557p3717hTmcVevtLa+XfO6QPqqSC90JS7rUbLpdu3bolwzDU1kbhLQAAAAAAAGoPCdRNyGQympmZKZ44LdU2n326puwsXMtSKpXSzZs3JYkkKgAAAAAAAGoOCdQNmJ+fVyKR0JeJhOYfPpTL5dpRi0KVU/5s3MXFRUVjMS0sLKi9vV0ul6vK0QEAAAAAAAA2EqjrSKVSSiaT+uKLL3KzTXOLIjlJQJKom+DMQM31h7Us3bp1Sw8ePNBTTz2l5ubmwt6xAOqG2+2WaZp8GAKUwDRNud38dwyoNYxlQOksy2IsA7Dt8VtuGdM0tbCwoPuzs0p8+aXu3r2b25dNlOYnS0nybY4hyVLeIlvO+3j37l39y7/8i1paWnT48GHt27dPu3btqmqsADampaVFyWRSjU1N3HgCazBNU4sLC2ppaal2KACWYSwDSmNZlhYWFuRhLAOwzZFAlT3L9MGDB5qdnVUymSzoa7o8QWoYxtKCSMuSqShdNnGaffey73L2/b57714ueX348GEdPHhQzc3NJFOBOnDw4EFJ9gci6XS6ytEAtcvtdsvj8eR+ZgDUDsYyoDS5say1tdqhAEBF7cgEaiaT0YMHDzQ3N6e5uTl9+eWXK2aVWtJSgtQwcjMmC+SVn2NzsonTbELVNM2lfc77e+vWLd26dUuGYejw4cNqaWnRgQMHmA0A1LCDBw+SFAIA1DXGMgAAkLXtE6iWZSmTyejhw4e6Pzur+YcP9fDhw4JZpsXOWbZhZfIUjyz3PjuJ0uXve8F+J5l98+ZN3bx5Ux6PRy0tLWppadGePXtopQAAAAAAAICK2HYJ1Oyq7vfv39f8/Lxdln/3rqy8mY2oMevN4F2+3zCUTCaVTCZlGIYOHTqkvfv2yXvokBobGysXJwAAAAAAAHacuk+gZptWJ5NJ3blzR/Pz81pYWCg8yDByMxTpWboNOG0VsrNSE4mEEomE/v3TT9Xc3Cyfz6eDBw8yKxUAAAAAAACPrO4SqJlMRvPz83r48KHu3Lmj2dlZLSws2H1LneSoy+UqXg6eXe2dJGr9yk+KOr1pc9stS/Pz8/rtb3+rpqYmHTp0SI8//riaWD0VAAAAAAAAm1TTCVTLspROpzU/P6/79+9rdnZWd2ZmCsvxndmlliTD5ZIsS6ZpFiwElTs0e90tfA2oEOff1cp/7CTRDZdLqVQq1y91//79euyxx7R//341NzczMxUAAAAAAAAlq7kEqmVZevDgge7du6f79+/r9u3bhQfkl+PbJ9h/O7MRrbzr5JKr2WQbM0/rX5F+qLnEeDaJapq57wlZlu7fv6/79+9Lkg4dOqTW1la1tLTQLxUAAAAAAADrqpkE6sLCghKJhO7fv6+ZmZnCnfml2g4rb5/yEqT56bXl5xhOCT8LStW/XGI8P4GeNxs5u29579vbt2/r9u3bam5uVmtrqw4cOKCWlhZK/AEAAAAAAFBUTSRQ7969q9inn+rB3NzSxvxepcsSo0UVOaZoH1RsCyv+LZ1//+VtG3K9b7Oc76uHDx/q4cOHunnzplpaWrR79255vV4dOHBgK8IHAAAAAABAnah6AtWyLH322Wd6MDdX2Lc0b6X1Mj9hea+H2lLs3zd/W5H9d+/e1b179/TFl19qz549+kp7uzweTwWDBAAAAAAAQL2oet3ynTt3dPfu3aVZgusku4Byc7lcSzNTHzzQJ598ot/+9rd6+PBhtUMDAAAAAABAlVV9BuqtW7dkuFx2CXY2YVqJmafAKkzTlGEYcrlcymQyWlxcVDKZ1O3bt/Xkk0/q8ccfV3Nzc7XDBAAAAAAAQBVUdQbqw4cPNTc3Z6+aXmTmqWEsXwYKqAxLUiaTsb+2LGUyGRkul27evKnf/OY3isfj9NAFAAAAAADYgaqaQL19+3ZBUiq7inoWCStsBcOZ8Vzw/WcYskxTLpdLi4uLikajunHjhtLpdHWDBQAAAAAAwJaqWgLVsizdu3evIEmaW0VdTl9KYAtkE6fZ7z/DMGQ4f5tOawnDMJRIJPSb3/xGDx48qHLEAAAAAAAA2CpV64GaTCbtxaPy5SVTTdPc4oiwUy3/Xlsx7zlvVvTs7KxisZj8fj99UYE1zMzMKJlMMmsbWIPb7ZbH41Fra2u1QwFQBGMZ6pXb7ZantVWtHs+ax/3qv/6qYPmR3/tvfy+3b/JfJ5VKLRbd96v/+quC6+TvA4DtqmoJ1AescI46kN9SwuVyyTRN3b17V9PT0/rqV7+qhoaGKkZXDpN6q39AE8s3+3v0xvkueVc9bVSnB6RzQ73qLFcko/26rLO60lv6Fdc6ZzPX23KJcb15YUzquajXuvLf7Um91f+22i+eV9eq/wgbfjKNX7qgD55b/lzlNzMzo5mZGTU2Nalp9+6KPhdQz0zT1MzMjCSRRH0k9lims0N6ZcWv/K373fcoEuOX9PpYtOi+YNHXVaIyjdeTo/26vPI/C+ot6zhVWxjLUM8sy1IymZSkNZOolmXq+B/8oQxJ/98//3PBPtM09bWjR9XY2Lhin2WZ+oM//EOpyHkAsF1VJYFqmqbu37tnP8j/yAuoMSv68Drfr4lEQrt27VJHR0d1Aiuzwpsz+2bz9UtaO4laAX7foS18ttoRHXtXk13lS0ZXWzKZVGNTE61YgHW4XC41NjUpmUySQMX6H15WW7DwQ8nE+CW9fuGSVEoSNTGuNy98qOfrKOHKWIZ6ZhiGGhsblZyZKZpA/c/X/kGS5M38vlKLi5KkTMbMbZek1tTXlEqlZBjGin3ezO9rsch5f3TsLyr2mgCg2qryP4LFxUXNOJ+IGescC1RbdhaqZVkFi03dunVL9+/fr3J0leBV1/mzCkbH9IvJVQ7p7NWVMs4+laRDPr/a28p3V9XZO1Tbs09z/PL7J3R5dLU3u/6k02luOIESuVwuyoMryquu80M1Pfu0oiowXmd5u87rXDCq0Xe3z/iVj7EM9c4wjFXHFzNtyXfkSEErM9M09eSTbbk/RmaXdu3aJcuyVuxbfp7vyBGZaSZFAdjeqjIDdX5+PjfrdMUMP6CWOMlSSbnFpPJ9+eWX2r9/fzUiq7BDavdLH8QTUqdXk6P9+pmC0sSEov4evXFyWq8PSOcu+vSzZTNKCkvnC1sELM10tWe5TrUHNTEx4cxqOa9Xsk8/OarTA9mzNlciuLyEv6A8smCWzyoxOrNl2oPSxEQ0u3MpKbtWjE5pfrTE+J8/2SMNDOitQJEyzRWzdvJLVbOlqT1qHxuzX4O/R2+ckv4u+/wrZjRd11v9ecfm7Sso0cx7rSv+/Wt5hhQAFFhewr/auLTGOOGUwQeDE5qYyO5eaglQ8Ltz2e/I1ceejbGfI7hUij85qtMDU+q9eF5t7/brsnrUOzWm0agkLT/OKeGfHNXpt6WgJjQR9evEfx/Vvz2d19pgclSn3/ZtKMZDPr/0YVwJdcq7/L3IjX+TessZk6J5M1bL9d4A2Lh02lLaSsk0M/rnSCS3fWEhlfva1OKq+zKZdMG+tJVSmgQqgG2uKgnUe9ty1h62JcuSmZ/kNwwZsj9pNQxDn3/xhZ588knt3na9sbxqa5ei07cl53YmOiGdGxrK3ZDZhx3V8/4xfXA9oS7nxvSjCSl4tlP2TeuApnou6op9p6Q3L1zSeF4ycWLKpzeGhpbdME3qrYEp9V4cso+bHNXp4XEdfZQbq8lRvT7WrnND59Up+wbv9dE2Xek9tHqM9qvWhM7qylCnsy+b5FwrRvtGsf3skF7rdPZdGFXbWjOADnXpr3o+1Otvj+sbm3id0bFpvTw0pFecxMDrwz32++okcn8x2ZVLEETHPtTzF4d0xeu0ahht05XeTiXGL+nyVI/eGOqS10k4vDm+dGNd8O8PAHVpjXHp9mrjRPa33oSmfBd1ZcjrJCWHNX7UPm/pd6d93t+NH7V/d6469qzymzQ6ptf7xwq3OYnFzt4hnVO/Lo8GdKVXemtgQsGz9hg0KX9TtOAAACAASURBVEkTY5o6O6QrnU4S89IqidDohOQcZydMryvR5cQemZD/uYsbGoO89n8WdFuSd3Lle3H53Ul19XbqlYs9msr/MHCj7w2AssqkTMmy1PQ78WV7liaLuP1frr7v6c8Ld1mGfU0A2Ma2PIFqmqY+//zz9Q8EaohhGLIsS5Zp2n1QszNRLUsPHz7chgnUIoKBIskzr44+59foh84NWCKuKX+P/qpTUuK6PogG9fJ551bM26WXg2P62fWEuuzspPzPHV3lRs0uCezq7bTLD88/WuiTEXuWazb+zt4hXZGkxPjqMR6VJL96X3TO8rapvZQYJyOa8PfojdyTvahe/wV9NNmrzjXuC71dp9T74QXnxntjr8/f86Lz2uyZw7n3dUXMkoInnQS2V10ngxodiGiy95DiH0YVPHne+fdw9jk31vZ5xf79AaCOJK7rg6hfz59a+p3/2pD9O27y3Qn5ey4ujRMv9sh/IaLJ3k5nW1AvZz/9O+STX1NL140ufVDV2Tuk15zNk5H1rrnMOrMwO3vPKtg/oNMTsqsEOgvP/UZn/vN8qOuJLq0cToJ6NhdQQMHo2/Zx3kl9NOHX8xcfYQ5owXidUHxKWjkI2Tb83gAoq0zK0o3rN6sdBgDUlS1PoKZSKaVTS9P/WUQK9SC/1UT26+yW1LbsXWff+PifW39RJ2/XSQXH7Buwo9c/lJ47Zd/83Z5WVBO63L9s2d7gbUlrXbdTrwydlbI3idKKhSs2Zo3XslaMR9e65uoxJuJTUnRixSwiv9MOYXXZhOawxo+eLOF1bU7BQl2HfPJrWtJtTUWliYF+Fb4TQd2uWCQAsMVuTyuqdr284lexPU5EJy7odMGvbr/iCa2d0Ovs1ZWz0um8359Bp8XKmtfcVJ6yU9/o8WtirF3nlo+J7W1LiddiH56tcr1ng1HnQ8O4pvzP6RsbjCthD7D2qL6sfY3fv+pZFXhvAGzE057n9fgTjyuTyZTleg0NDfri8y/Kci0AqFVbnkDNrtaXTZwaWkpEAfVoYX6+2iGUX+K6PohK7SdLuYvJ3oBNSh9qaWbPIZ/8CurloqXriXWv+crQkN0TtaB0foOvQ1KxdgQ5a8WYWF7SVGKMbe2S/7nN9XLr7NW5YL8uvxtRcKPnbsbtaedG1565GjxZ/D2u2PIgyYiGB+M6EepWR8G2sKazjwN9CnVn9yYVGR5UeLrYvoILKzI8qKvHz+hUwFl5NhZWaCSSd4xP3WdOKbByYVoA29Uhn/z6sEiSzh4n/M9dLL7Y1HqfJDkLNUlOX8+BUT071Lv2NTcjMa6/G5Oz8GCg8IPFqaU+pErEtcbkz8LQA0FF376uSeV9AFp6QLr+YVRqP2mX7L87puiy/tmXi563zvuNmpSMDGvw6nGdORXQiqEzFlZoROrLH89R4yx5PPa/pGVZsixLLpdLliTLaVUmpwJPklzZajzLkuEsrmY59/LZNSK+oMoUwDa35UtLPnjwQNJSBxUWkUK9yv5nYW5ursqRlFtC48NjiuaVA66nMxBUdGxAo+0nlxZL8h7V8/4J/Ww8myyd1Fv9/XpzfJ3kaWJcb/ZfUu4wb5va5Vf7+pNh14xPE5FcIjAxfkmnL40rUYkYOwMKRsf0i8n8Y/v1VolZyM7eswpOTCzNBPW2qV1RfXDdebLJyLJZohsTHXvXeR8SGn97winNt1sxTLw9nkttT4722+/RIzzXmpYnSiVJMYUHw2rrCykUCikU6lMgMqLhSNLeGx5UuK2v6L7CS/90Kcma3ZaI2wnXUPbaJE+BHcd7VM/7836fOr/z35rMjmPvFo4T/aPrfoCUG0+yT9HWLvl9soeDzV1zlWfS+PCY1HNKr50/q+DEQOG4Ev1QuWHi3TFF/c/paEmfgdpj1uWxqNrbNpg+HR/WaDSv1Y3kJHIlJcb1szUGq/K+NwA2yrKkPXv2aM+ePWpsatKuXbvUvGePdu/erV27dqlp9257X2OjGnft0p49e9Tk7GtublZzc7N27dqlxqam3HW4rQew3W35DNSZmRlJzDrF9jEzM2N/AmsY6x9co1aUbm+0ZL4zoKAmpED+OV51nT+rqf68Er3gWXvhjrXSct4uvXZ2Wqcv9MtZqkr+not6ZbX7uom8Mnr7aHtV4oL4evVGzyW93t+fDUTnnEUuVo1xrczhmjHai2W8eaFfp/P3lfx2Zks0Cx+/PubEGOxRr1/53fc2xN/j00f9zqwgf4/ecP6dvV3ndW66P6/1wNJ7VO4y/mRkWIPhaQUCAU3nTwpVh7pDoYLHxwJSJJ6U5FFHd0ihVfYtien9sOTzLXvO+LR8bWRMge1sxVjm79Eb5/P7sawcl/w9F+0F/7R8nPCr9+Iai/9lr7jid6d9nj0cbPCaxRaRkuTv+d/0/If/h0bVoze6vJK8euVsUKcHLqk9O94F2zWVG3eWfn+vr1PPBqWJibzeqKtZMd4GdS6vgsPuY+q8Bn+PzvX4dflDZ2ass+jk6IV+TZ0d0isbfW8AlJmVux/PZDJKpVJqbGyUaZpKpVIyXC41uFxKp9OyLEu7GhuVyWS0mErJvWuXZFlKp1JqaGiQ2+3OXRMAtjPDKvMU0Gg0Kr/fr/mHD1fsy2Qy+qd/+qfcgjz0P0XdMoyCWdR/8Ad/oKampjVPMU1Te/buzf2MlEM0GtXhtrb1DwS20Mcff6y9+/atuj8Zi0kdHfKUUPIXC4c0omKl+jGF7ZOVvysWDunasTNqey+/hN8u6Y+fKDwWqBVzs7N65plnqh0G6pRdKr/5XuGJ8Ut6ffrkI/Qa357WGsti4ZDea1vWJua9Np35lvTTgtY0S+PPsWsbP2flmJVtUdOttnBYEUnydTvXcKo6fN1Omf1Gji0mv22OT4GAFIkvlfDHwiFlO+MEAgFFIpTw16LVxpd/uXpVx3//9yVJ8wsLSqfTam5ulpnJaGFxUY27GtXgbtDiwoIsy9Lu5malUimlUil78VzL0sLiohoaGnL3QP/yX/6L/rvjx7f09QHYeW7F42XLp+S7eXP9hfW2tIQ/1//UUb/z9bDjOT2AspLJlWXEAIrzdHSscrO2TDKi9yJS4Fjh7VgsHFIoNKKIr1svdCw7Pr5sm71D8WkpMhLKlfAXK/0HgJ3H7mMaDJA83YiOYwFNX72h7EgSuxaR7/jT8nie1nFfRNdizo7kDV2dDuhYx+bOWc10OK5j2XY202EN/lT6Viik0Jlu+abDej+2uWPzJSM/VVjdOhMKKRQ6IUXyeuPEwhqJBNQXCikUOqO2eKT4RVCzLMue3GGaptKplDLpjBYXFpRKpWRmMkqlFrXoJFYzGXtf9rjU4qIWF1PKpNNKp9MyMxlZpklrPgDb3pYmUB86s1Kzs08tyZ6FCtSpbOl+IlGxTpHADmX3Q50O9K2YgdPRbSdB+9rCGhyOODejSUV+elXHv1VkJk0yobikQLa36pluKTyo8Co3jQCwIyTG9Wb/BY22n93kIo07WMcxBaav6kZSkmK6FvHp+NMeSR49fdyniJMNTd64qunAMXtW5mbOWYWv+wVnv0dtPtmJWEnyeLW8Lmkjxy5J6sbV6aVj1aEXupd648SuRaRcjB4FTgTWe8dQYyzLyiVQTcuSZZkF2+0Fo5Y/to+zLEuWnMfZa5BABbADbGkP1M/zV+ZzfsEa2UQqUEey/U6zCdR79+5pdnZW+9YoWwZQKrs8PxIoVrq/pOOFbvkGr+pGMqBA8n2F204oVGxqqyegU6FAweMTgbBGrsXU3UGxIYD61tk7pCubOdHbpdeGusodzg7RoWOBab13I6nA0wnFfcf1gjP+eJ4+Ll/4mmLdHVJ8Oq+KYuPnZHuG2wLqC71QkVez8nmOKT4ttZ1YGlQ93my6NalEXPIdzxtwPW3yKV6R2FApS9V0LsMlyzDV0NAgyb7PcblccrsblMmkJUlutzs3CaqhoUGWZSljGAX3RACw3W1ZAtWyLKXT6ZXbtyoAoIxy/0kwDJmmmZuFSgIVeFR28jTefUahwDqF/sm4ptWmEx4p9n5EikQUyq8inB5UKL56EpZFpQAAm9VxLKDp924opqvS8W8tVT94ntZxX1jXYsekSEDHujd/jidwSqGCyZ3JNde43Kyiz+OTriaSUocdZTIRl9QmySNvmzSdv4hjMq5poZ5kZ5ZKUjqdUiZjanFxUaZpKpPJSLJL/NPptCxJCwsLymQydqm/05YvnU47iVa3czx39gC2ty0r4V9cXNTs3Jz9IL9sn0+rUKeMvIWkJGlmZkapVKpq8QD1L6nIsD3z9FSR5GksHFIoV3efVOS9pRLCbFl/yOnH1u2TfN1n7ORpLKxQKKzY0oU0kiudBABgEzqOKTAd1kh4Wm3e/PHEKckfGVHE11bYVmYz51SFHc90+H1n7LRL+rM6jgWkyHvKthOPXaMHar3J74GayWRkmhmlMxk7SZoxlTFN+7Fpysxtt4/L5B23dL5Z7ZcEABW3ZTNQZ2dnl5Kl+eX7JFBRj/LLVZzv4/n5ed2+fVttbat3lAKwhuQNXZ2WND1SOJPUWSW4o/uMuocHFQrlbV+jxD+no1uhvrBCuRPtfqjrTXAFAGB1HToWkCKRlQs+eZ4+Lp+mpVwP0Uc5pzo8gVPqi4c04gzIgUBAuSr9jm6d6R7W4GBIYUm+QEC+Va+EWpQ/A9Xlcsm0LDW4XDIlGUZGLsNQg8uljHPPkyvbz2TkcjVIsmQYhW3NuK8HsN0ZVpl/00WjUfn9fs07C0bltsdiit+65TyrITm9I/lFi3q0vN9P9nv50KFDeuaZZ3L785mmqT179+Z+RsohGo3qMAlb1JiPP/5Ye2lnAZRsbnZWzzzzTLXDAJCnlLEsGRnWYPxEkVYxMYVD76ntzKkVH9Zt5hxgs1YbXyIfRfQf/sN/I8kpzzdNNTU1yTRNpVIpud1uNTQ0KLW4KEtSU2Oj0um00pmMGhsbJUtaTC2qoaHBfizpX3/zrwo8y4JiACrrVjxetnxKvps3b657zJaU8FuWpdn793NJJUPMPkV9s1efdNgfv0qS7ty5Y8+2BgAAwDZml7UHlk8llaTYNUV8x7WyU8xmzgHKz7JMmZYl07JypfupVErpVEpmJqN0Oq1UKpUr10+lUrnj0qmUUulUrrTfzGRkOe0AAGA725ISftM0NTs7K5fLlSt5powfdS/7PSw7oWq4XLJMU3fv3tX+/furGxsAAAAqIxnR8GBY04E+hZblQmPhkEYiPnWf6S4sxd/MOUCFWJZk5Sc8Lcu+p8m7NzfkLPicd/+evZc3LMu+hrONu3kAO8GWJFDv3bsnSblPpfJ/WZM8Rb3Lfg9n/56ZmVFbW1tuRUoAAABsI56AToWKlyp3dIcU6i7TOUAFmc69i8twyTIsu7epacpwueRyueRyNchlZGQZhj0RyuWSyzTlcrkkS3K5MvZkKImFoQHsCFuS4ZmZmdmKpwFqwuzsrFLpNAlUAAAAADXHsiw17tolSdrldsuyLDtJKqnR3GW33jMMuXfZ9zMuw5DlHGe47C6Auxp35VrzZa8JANtZxTM8lmVpbm6u0k8D1JSHDx6oeffuaocBVIXb7ZaZnaEAYE2mafKBG1CDGMtQ7yzLWnN8+dWvrm1hNABQ/yr+P/b5+XnNPXhQ6acBasqDBw908ODBaocBVEVLS4uSyaQam5q48QTWYJqmFhcW1NLSUu1QACzDWIZ6ZlmWFhYW5FllfPmP/8N/3OKIAKD+VTyBeu/evcIG1cAOMPfggV3i4pS0ADtJ9sODu3fvKp1OVzkaoHa53W55PB4+cANqEGMZ6llufGltrXYoALBtVDyBSvk+dqI7d+4ok8lQlokd6+DBgySFAAB1jbEMAABkVbQexTRNzc/PV/IpgNrklM0AAAAAAACgvlU0gZpOp3Xv3r1KPgVQsxYXF6sdAgAAAAAAAB5RRROoCwsLsiyrkk8B1CxmoAIAAAAAANS/iiZQHzx4IEkspIOdxfl+p/8vAAAAAABA/atoAjXb/5RZqNhRnO/3L7/8ku99AAAAAACAOlexBKrJIjrY4SzLUiaTqXYYAAAAAAAAeAQVS6CmUinduXOnUpcHalq2bUUqlapyJAAAAAAAAHgUFUugLuYtIEUPVOxU6XS62iEAAAAAAADgEVQsgZor3yd5ih1sdna22iEAAAAAAADgEVQsgZpLHFmWWEYHO4ph5L7n792/X9VQAAAAAAAA8GgqlkCNx+NLD1iJHDvUHDNQAQAAAAAA6lrFEqiWZdH7FDuTZeU+NFjI6wUMAAAAAACA+lOxBCqwoxlG7gMEFpICAAAAAACoXxVPoDILFTtS3qzT+fn5KgYCAAAAAACAR+Gu5MUpXAbsBOr+/furHQawpWZmZpRMJpmBDazB7XbL4/GotbW12qEAKIKxDFif2+2Wp7VVrR5PtUMBgIqqaALVkOj/iJ3HmXWd/c6v/RmoCY1fuqDR6NKW4NkhvdKZf8yk3uof0ETusV+9F8+ry+vsHe3X5Ymgzg31Kv+0xPglvT59Uld6Cy626XM2bXJUpwe04rlQGTMzM5qZmVFjU5Oadu+udjhAzTJNUzMzM5JEEvWRrTeW2eOYnG2MW1gPYxlQGsuylEwmJYkkKoBtraIl/JZl5ZJJwI6RXUTK+fAglUpVOaC1ODec7Wd1ZWjI+XNWGujXW5PZY+ybzqmei0vHXHxOH1y4pPFE/rUm9LPCDSXYzDmodclkUo1NTXK5aLMNrMXlcqmxqSl344nNKmUsK4ZxC6tjLANKYxiGGhsblXQ+EASA7Yr/EQAVYOQtIrWwsFDlaNZyW1NRKRjIn9/SqW/0+DURce46E3FNya/nj3qXDvF26eVgVB9cz7uJ9PulsWFt6L5yM+eg5qXTaW44gRK5XC7Kgx9ZCWNZMYxbWANjGVA6wzAYywBsexX7XwGLRwG2u3fvyjTNaoexikNq92vFDaa36/xSKaK3Te1aliyV1Nk7pNe68pKq7Sf1cjCq0eFxlXxfud45k6M63T+qXHSJcb3Z78x8zX49PqrT/f063d+vN8cTSoxfKnicL563r3BW0qTecrYX7kto/FK/3hp1nmN0zalMAICqKGEsK4ZxCwAAACXiY1WgwizLquFPZL3qOtUj/8TAqjdvUqdeORtUdOzCKjdxeUf2nlUwOqZfbOB+bTPnLIlqdDpgl2s6Mf6dTunK0JDe6PErOvbu0k2sJjQ6fTJ37MRAtgVBQuOX8loUXOzR1EBhe4KJKZ/eGBoqb387AECZlDKWFce4BQAAgFJULIFqWZZdxlypJwBqWHbxtOxM7NpNoEryduk1p2ecffN2YWWStLM311fuXFCaGOjX6f7lPVClbLJ1YiBv9s26NnNOll+9Lzo3h4d88ue1GvC2ta9+bOeL6vU7s2oT1/VBNKiXs7Npi7Qn8D93VF4BAGpWKWNZUYxbAAAAWJ+7khe3JBKo2LkMo2Ahqd11sIKrt+u8rnQ5KwoPjOrZIqv/dvYO6Uqvsxrx8LiOnu9adsCL6vVf0OXRgN7wlfjEmzlnw9rVlrub9Cp3n3p7WlFN6HL/ROHhwduSDlUqGABAhZQylhVg3AIAAMA6KppAlWXJohcqdiLDkGWauRmo8/Pz2r9/f5WDKmJyVKff9umN810FM1XyZ8Ekxi/p9emTK8oAD/n80lSxi9qllB9ceFu/CJYayGbOeRQJxack+eTMAArq5aI32KwSUlHJiIYH4zoR6lZHwbawprOPA30KdWf3JhUZHlR4uti+ggsrMjyoq8fP6FTAY2+KhRUaieQd41P3mVPK7gZQx0oYy9bGuAUAAIC1lb2En8WjAIdh5Er55+fn8zbX0M9IZ0DB6JheL1hkIqHxtyekYECdkrxHn5N/YmBZP7lJ/WIsunqJoLdLf9UjTUxES4+l2DmHfPJrQh854SWuf6gNXHGZCf0s+xom39Vo1Cmb9B7V8/68fc7CHKX2z8MmLU+USpJiCg+G1dYXUigUUijUp0BkRMORpL03PKhwW1/RfYWX/ulSkjW7LRG3E66h7LVJngLbRglj2boYtwAAALCGss9A3bNnz8qNeaXMwE6USCTk9Xq1Z+/e4j8jVdOpV4Yuqv3SBZ3uX9rq77moK3m91V4batNb/Rd0emzpmODZIb22xl2pt+ukgmMDmlj9kPXP8Xbp5eCYLg/0a0KSv6dHQX24gSvmC+p5Det0fzQXv/0Sveo6f1ZT+a8veNZ5/dyMVkIyMqzB8LQCgYCm8yeFqkPdoVDB42MBKRJPSvKoozuk0Cr7lsT0fljyLSupTcan5WsjYwpsTyWMZSVg3AIAAMBqDMsqb2Yzk8nozp07evjwoTKZTDkvDdS1hoYGNTc3q6WlRY2NjWW5ZjQa1eG2trJcCyiXjz/+WHv37Vt1fzIWkzo65ImFFRqR+vJL+JeJhUMaUbFS/ZjC9snK3xULh3Tt2Bm1vZdfwm+X9MdPFB4L1Iq52Vk988wz1Q4DQJ71xjIAhRjLAGyFW/G4/H5/2a978+bNdY8p+wzUhoYGPfbYY+W+LABgm/B0lJjFTEb0XkQK9BUeHwuHNBKR5OvWmY5lx8e79a1u6UbhhRSfliIjIWUnvPq68/qjAgAAAACwhsouIgUAwKbY/VCnA306tSzf2tEdUqjbTqQODktnTgXkUVKRn17V8W+dkkfL+qImE4pLCmRnqyYjGh4cVNjLjFQAAAAAwPrKvogUAACPxi7PjwSKle4v6XihW77pq7qRlBR7X+G2E8UXhvIEdCqUlyz1BHQiIEWuxSoRPAAAAABgm2EGKgCghtjJ03j3GYXWK7FPxjWtNp3wSLH3I1IkolD+olTTgwrFV0/CsqgUAAAAAKAUJFABADUiqciwM/O0SPK0cEGppCJ2g1R7ASqnrH/pOnmLSC1frCoW1kjEp+4zJFABAAAAAOsjgQoAqA3JG7o6LWl6pHAmqa9bZ04F1NF9Rt3DgwqF8raX0sS0o1uhvrBCuRPtfqisIQUAAAAAKIVhWZZV7SAAbE40GtXhtrZqhwEU+Pjjj7V3375qhwHUjbnZWT3zzDPVDgNAHsYyYGMYywBshVvxuPx+f9mve/PmzXWPYREpAAAAAAAAAFgFCVQAAAAAAAAAWAUJVAAAAAAAAABYBQlUAAAAAAAAAFgFCVQAQFm53W6ZplntMIC6YJqm3G53tcMAsAxjGVA6y7IYywBseyRQAQBl1dLSosWFBW48gXWYpqnFhQUdOHCg2qEAWIaxDCiNZVlaWFhQS0tLtUMBgIriYyIAQFkdPHhQknT37l2l0+kqRwPULrfbLY/Hk/uZAVA7GMuA0uTGstbWaocCABVFAhUAUHYHDx4kKQQAqGuMZQAAIIsSfgAAAAAAAABYBQlUAAAAAAAAAFgFCVQAAAAAAAAAWAUJVAAAAAAAAABYRdkXkTJnE1qY+L+U+fT/lfVgptyXxzZlWUW2rTjGWmd/aedaBdvXj6eUcwu3Fz/etfegmvz/Ua3/4/+qhv3e4k8MAAAAAACAmlL2BOrCL/9PpSffK/dlgbpnzt3Rg1+9I2XS8v7Pb1Q7HAAAAAAAAJSg7CX86eiH5b4ksK08/LcPqh0CAAAAAAAASlT+HqiLc2W/JLCdWAv8jAAAAAAAANQLFpECAAAAAAAAgFWQQAUAAAAAAACAVZBABQAAAAAAAIBVuLfyye6mGvT//LtH1+81616qYSufGtgS+9wZde57oP/p8G3td2eqHQ4AAAAAAAAe0ZYmUP/vT1v10Z29W/mUwJaaTTfon5P7lbEM/S9f+bza4QAAAAAAAOARbWkJ//Xk7q18OqBqJu83VzsEAAAAAAAAlMGWJlAfmJTtY2d4yPc6AAAAAADAtsAiUgAAAAAAAACwii3tgQqgttyKx6sdAgAAAAAA2CEOt7VVO4RNIYEK7GD1+osLAAAAAABgq1DCDwAAAAAAAACrqKEZqK/q+z/u0pHlm+d+rZG/+J5+Xo2QNuivB36kr2tcf3L2B8v2bO1rW4ojpr/5hz9TR+wf9effe6fMzwIAAAAAAABsfzU3A/WzX/6p/uTb2T//qOv6mvoGXq12WGVR9LX9w3f1zRLO/eZ3/14/KfFYAAAAAAAAAOVRcwnUQu/obz/6TDrytP662qGU3Tv6278Y12d7v6Y/KnN++D+d/dMis2ABAAAAAAAAbFQNlfCX6KXv6od9X9NeSdKcro/8pf72nez2FiU/O6IjR+zZnt/RZf3k69nC+bxj173OU0p+Jh05Yu/VZ/ll+S/pb/7hz3R0bzagz/TLb5/Tf9rUi4kpOdeljsdekmQH9tcDP1Iu5OzzvnpZfUf3Ss6MVf3F9/TzNeLIL+Ev8Ooa7wcAAAAAAACAFWp8BupL+ptnj0if3XASlK/q+31fUzJbCv/LpI72Xc6bnXpEnuQ/6k++/af6zg9e1fe/7tH1kbxj/zhbAl94nZHrWnadvTqiiH3eyK81d6RL33dmiX7zu9/S0eT4Uhn+3BE9+92XNvn63tGXSWmvp8O59t/r655fayR7bU+Xfvjdl6QfnNPI9bmCnqkbj2Ot9wMAAAAAAABAMTU3A/XI13+kn3w9b8PcrzWSnf356tM6MvdrjWQng/7gPV1/9s/0zKuSYpI0p9hH+VMq9+roH70qvfMD6Qfn9CfZ8159Wkf0mX7pPP759yL6ox93FVzn+n92dr7zpZJ9S1f8+ff+Mm/Rpw559qpMXtKzHXv12UfZRaXe0d9+dEI/efZZfVMrp4luLo5V3g8AAAAAAAAARdVcAvWzX/6pvrNKYu+bj3mkvUfU9+MfKS+nqbnHXnISn/l+oO98W/r+j7v0kx93ORe3S+K/+ZhHmvt05SmlWFYGPze3mYtkvaTHPNJcLKZsEnRFAllSh4q8vA3Hsfr7AQAAAAAAAKC4mkugruXnXybVN/dproy9wEvPFjnjB/rOt50E4Uvf1Q/7uvT9V3+g73yZ81hltQAAIABJREFUVN/RFnVsOAK7pcDc9X/Un3/vHWX7oW78Oksxd+yVkl/a10rOdUkfFU8gF5babzaOVd4PcqgAAAAAAABAUTXeA3WZH9woXLX+pe/qhz/+Ua4/aYGXvqsf/vjv9TfZtqDvfKmk5pSMOdfREbtkX9I3vxvQEX2mj0tMJGZ7lurVE3mLOG3US/qbP/6a9s79Wna3gHf0UWxOR55d6kv61wM/0k/+YfU+pRuKY633AwAAAAAAAEBRdTUDVfqBvjPymH7Yt1TmPnf9H+0ZlMvXT3rne/rzjsv6Sd+P9JO+vGPfKXadOV0fOecsVLUWpy/p150y+M/G9cvPjujrntLmoK4oz19WQv/z7/2lOgZ+lNei4DP98tvObNuPPtUfH/2a+n58WR3fPrfxONZ8PwAAAAAAAAAUY1iWZZXzgvcvP7fqvr/8p6fK+VRATRv4vX/T8h+u7E/bV/73j8ryHNFoVIfb/v/27i8mqjzf+/27/kHJnxaFdtCBaaofDDOt84ybDc8+dCZFjH1kEk2n7eyjAfqi+xm3XHhj5MZRJ+Gi7fYGw40XuN1n+qKR2GcyPTF0svWMMZD9NMkDm8d5WntvIseiA4O08q8bUKT+rHOxVhVVRRUUivz9vBISa63f+v1+q5p2Wd/6fb+//GXpS0RERERERERkrXo0PIzH41n2foeGhhZts75S+EVERERERERERERWkAKoIiIiIiIiIiIiIkkogCoiIiIiIiIiIiKShAKoIiIiIiIiIiIiIkkogCoiIiIiIiIiIiKShHMlB8uwB3kacqzkkCKrYos9uNpTEBER2SR6+bzuEh14qW+upSTmVAsnLnWAp4ZPzlSSt9SeW+po5DRXaksWbxw20s6n5zp5+8IZKhMNGJ5T2AvOTV69qakppqamCIVCqz0VkTXLYbeTmZVFVlbWak9FROSVWtEA6p6cGbrGMldySJFVUZL9bLWnICIisol48Hg66OqtpSQq1tnb3ZH8kiV6oWDq/E44cWmA2gvNkeDqSPtFzl4kEkRdyjjLMidJaGpqiqnpaVwuF9hsqz0dkSVZyd9YwzCYnp4GUBBVRDa0FU3hr35jnIrcKV5zaXWebExZziB/nzPJkV0jqz0VERGRTaWw0ENHd2/UkRGGBzx4vZ4X7rOktnlZg5MjwwPgqWBP1HLTvMojeH2d3Nc/HdaUqakpXE6ngqcii7DZbDidTqanplZ7KiIir9SKrkDd6gpy/L+MruSQsk4YRoJj89oYi5xP7Voj5vji80nl2tjjSTpd00Zov3iOFt/cEU/NBX6XMPfwJfW2cOIS89MsRUREXkJhWQWeS9301paYz5eR+3xNBe8XdNIxENUwLoU+8rwbaefTc4MUejvo6ADv6WbKu80Vnp8UfEljB8AlToRXfI608+m5a0Qend7FV4Lm5ReCr5P7I5VR6f0lfNB8BjBXo6Y6zry2Zd2xz9e4UgK9LXVWe1Q2IAWhUEjBU5EU2Ww2gip1ISIbnDaREtn0evm87hwthae50txs/Zym8No5TrT0Ln65iIjIWpC7h7c9HXRZj66R+51QsYfcmEa9fG6l0F9pbubKaS++azeZe9p1MFBwgSvNzXwQFQvNqzxDvZeoIOkI7VevUXja6udCDZ6OL2lfbBVpSS31Xh8t5+o4UVfHiboWop+0SxlnftsF9LbQOFDDJ9Zzvr7wGv+86GRFREREJGxFV6CKyNrT23KJDk8Nn8R8+Crhg9NeOqJX8oi8AL/fz/fff8+s30/A78fpcpGWlkb+T36C07lxHkGb5T5F1rY89lR4+Hp4BErgfqePwiN5MBzdZm61J1gp9RRGnffw9p5U1mXmUXmmee7l6CA+4O0UrjTLAkB486vGuoU2uXrxcebxXeNfeyv5oMScw+9epA8RERGRTUqf6kQ2tV66OsB7OsGHtpJarjTHtjV3OTZ5T4dX55jp/18XeqGjw0oxjN0JOTpt0Ov1xo4Tk5rooTa8a3GCVMoPFMldV3748Ue+//57duzYQXp6Ounp6Tx//pznz5/z/z18SH5+Pltfey3Blcu0o/ZiO2Evkxe+z/i03Iio/w9etRV6j0RWSl5+Ib4v7zOyB772eXm/hLgAamzJGo/nxeujxqbEe1h6TyV80NzMB9bfef/cvidh6ZyXHwfzmX4aTlyqS/AcFxEREZHFKIAqspmNDDOAh7dzF21I+8VLDNRc4EqkTtxF2qOCLr4OqG9upsT6cNrYUmamFPa20NgRDoSZ5yAcRO3l83NmauLvSjCDY+dayI8EzcKplIrsrDc//PgjY2NjFBcXEwwGef78OT/++CNOp5PMzEx2795Nf38/QJIg6qvfUXs5RN9ntHAg9bXXXlv0PlcsWCqyGZSU4fV9yb/eBJ/3CGYSfJTem7T4or6csepyL9lIO3/qiP/Sr3Oxi2i/eI6BI/GBy1wKPTCQ8JIXGSeJklquNNda3V7k7KUWylWPfJk8pqv1Nn0Uc6C6nB0xp7povd0HueW8e7CYzJceqovW28wfJ8U5cqCa8qVdKCIiIqgGqojE6W0J12Uzfz7vxdyIw+fl/XCUJ6+S970+vo7aMthTU2V9CMsjPyobsre7A7xlkXOVR7zRJ+nw1PCb8Ke3kipqo+rXpZ5KKWtJOJ39jTfe4OnTp/h8PgYHBxkeHmZwcBCfz8fTp08pKiri+++/x+/3J+znVeyovZyi73Mhi92niCynEsq9Pjo6fHjLkoUGBxgeARih/cuX+VLGx4C1N2rvzUSryeOZJQY6Ll2MrZXae5MW30LPuxTHyS3AQ2wN2HDbkfaLnLjYHgkm5+UXgqeARb8/lSXIJTe3j+8exx59/F3f6kxHRERElpVWoIpsZnn5FIY/mFmf2+JrswFWzbUOs05bNO8oLPjxa4ThAfBURLXJLcDDoHl2eAB8HZytuxZzlWd4ZOFuZU0Lp7MHg0GGhobMnYyjhEIhhoaG8Hg87NixgycjI+zauXNePy+9o/Y8ycpQvNx9pmKh+1zQgiUuOnm7ppCWa+YdeWou8E9c5ew1X+R15H1YpfdIZDWUlHmhA8oT/e6WVFHrOUfLuTpa8FB7ugbPpU6ssqmL93vpEicGzBIi73uv0WilxHtPn8bbccl8ni7w/MqrPMOV/BZOnKujJXLUS33zmcj4KY+Tt3BbT00NXjoj49YP1kU9bz3UXqhduAyKLNm2bbn0ffeY8sizYZofx3MpLoa+8WUaZEc51dXL1JdIEt988w0lJSWkpaXFHJ+dnaW3t5df/vKXqzQzEZHVowCqyKZWQrkXGr9s5zcL1ZPMLcCDl/cTpvottIuvuRrVNxgVobU2wIDwCpiKxLUstTnwujU7OxupAxofPA0LhUI8f/6ctLQ0xsfGEneUu4e3PdciafzmjtrHySU6fXVuR+3KPKxA4U16K+N/VxcvQ/Gi95mK5PfpswI5c+aClouVuPDRMnjETMntbeHEpXP8c41Z8mKk/SJnr4Xfh9V7j0RWRuzGUPE1vPMqz3ClMvKKyjPNVEZdXdkcflXJ75qjz1hfKsb0WzvXb+QLR0tzeND5/cR1GtPPYueTj5NC28rKqKZx52TZbXvjTXJvf8fj8h1mev30Ix7yJvu2PYwNoIbT+i255e9ysDgTpvu4dWOcbcV99PVB8YFq3viulbsUQ18fo7nlvLtvnBtRKfzTfbe40TUa7ii2TED0OMXFxBabEUnsm2++4d69ewwODnLgwIFIEHV2dpbbt28zMTEBoCCqiGw6SuEX2eRKak/j9V3jbEtsqnT7xblVaOTt4W1PB3+K5Bz28nldHZ+2Lx7lNFcCfRlJV4ypYVlShtd3jX8NDz3SzqfhsgGybgUCAdLT0xdNWff7/bjd7gXamemuA8MjwIi5o3Z+fCTPDJyEA3zmjtoJpFCGYqnC95mK5PfpofZCM1ea534iKz5TKHFRW2WdzC3AE1XyIi+6jsYqvkciIptK5k7ejErjn370EN7cGVf39DFdt8cpf7ea6upqqg8UM9r1LXOZ/32Mb3uX6uq5WqWjfbCvuprq+Bqqj7u40bWNA9VmXwe2dXGj63HUOH0UHzDPvbttHBUTkFSUlJSQk5PDxMQEt2/fZnZ2NiZ4mpOTQ0mJ0lNEZPPRClSRTc/cBbi8pY4TdVGHPTV80hxeGZpH5ZnTDNSd40Q4+8972lyltthS0ZJaPqm5yFlrlZ3H643aQbiEDy7U8Om5Ok5Ehr1gBpAUs1m3nE4nz58/x+VyLdjO5XIxMzOzYLtl21F7wTIUL7a8MnyfqQRRF7vPRJavxMXqvUciIptLJjvfzOXhj9OwAx49HGXbvkz4MbrNDsqrD0ZeTf84DmyLOp/LmzvjtpoqfiPhhlGPv+sjt/zdyLkdb5WTe8NaAfv4O3NTK+tkZvE+irtuv/QdysaXlpbGgQMHIgHT27fN35tw8DR6VaqIyGaiAKqIAKmk9pmB1g/mHZ+fDhmT8kh8+iRQG3MycapjsuOy5rndbp4/f05mZiZ2uz1hGr/dbic9PZ3JycmF/xG+XDtqL1iG4sWE7zPVAOpSP2wsW4mLVXyPREQ2m8zXtjF69xHTO+HhaDH7dhAXQJ2m79YNIln3uS9a9H2aH8dhtO8GrV3Rx3P5cRoyfxyH3DejVqxmsi0XlqsUq2xs8UFUQMFTEdn0lMIvIiLLaseOHTz+/nscDge7du3Cbo991Njtdnbt2oXD4WDkyRN+8pOfLNDbMu2o/RJlKJIJ32cqFr/PBJa1xMXqvEciIpvOjjcoHn3It98+ZDTRytHH39I1WhxJuz+4b1uiXlKQyWvbzPqp1VZf5s9BijPNQC6j40xH2k8zPvqiNyWbUTiImpOTo+CpiAhagSoiIsvM6XTyk/x8+vv7KSoqwuPx8Pz5c/x+Py6Xi/T0dBwOBz6fj/ydO3E6F34ULc+O2guVoVie+0wm1fucb5lKXKzieyQisvns4I3iUW73QfGBRIn3AOP8OA07Mqfpu9sHL7i90443ihm9/S2Pi6M3lNpmbjC14w2Kuc3dvrfMDaoef8eLjySbVTiIGv6ziMhmZjMMw1jODicbK16yh/Nk1B/CEXndj7+xmpmX7HUluI7ewl2YPe948F4FT28u82BVrWTvxXxvov+8zMOslES/hfGH4n9V559P7Voj5vji80nl2tjjidtHX/Oz33exHHw+Hzvz85elL5Hl9sOPP/L4++95fccO0tLScLvdzMzMMDMzw8iTJ+Tv3Mlr2fP/zlxvNst9iohsJkNDQ6S73Sm2fkxX6122vWuu/uRxF623MQOZWIHNh2/y7sFiMmNS+HMpP/AmD28/5M13D1JMH7duWH+2cu8fd7VymwNUh3eUStR3uB4AuZRHXct0H7dudGEOVUwxfbBvbnMq2bhsqzDmzMwMu3btWoWRRWQzeTQ8nHxPh5cwNDS0aJu1FUAtvUzW/lIYaGLqi+tAOCg5+vLBwdLLZO3fTfDOQZ71vHg37o86cfEVk3/4eN4519FbuF9/wMzlk0T2Wq5qJXtvUYpBVDN4TCptFUBVABUFUGXt8/v9PHnyJGYFalp6Oj/ZseMFVmSuXZvlPkVENoulBVBF1hYFUEVko1rNAOqa+lTn/lUptrGvmLSCpwD+L/4F58lTOI8eg6jj68bNama23sJdfBnXzajA6jL0O7ncq1pFRJaZy+XaFP+Y3iz3KSIiIiIishmtoQDqeezbIXgvfmXndZ5djg2cxqTKz/REVnyaq0P7CW4vskoATBK4c5BnPefJ2F+KDXDuv8UWzFWo7o86cW0P9xpua720VsPaos4Fim9Z7Q+R/REJV6Em4v9hFHfhdhxgBlAT9P2s5xhbTlqlC/Z2koG1CtVawRpmhFfnJl11eowtJ0/hDH9hPpZ4tayIiIiIiIiIiIgszr54kxVSuhM7kxhPFmlX1Wql9Fcw2dhEgFLcH52fO789F+NOBZONFfjHsnFWXMbFxzy904MRHSStasWV0cNMY1TbX4X7MQOuoXvmucl7ozj3t+L44iD+MZYelHwyhkEuttLkfbu5zrPLXxEkumbqeTL25hK4E27bj63wPRZKJnId/S3Op1+Z7RubCGQcIqMq9amKiIiIiIiIiIjInDW0AjU17l1FMPaVteryOs/63iN77565oOJYR2QVaXB6EldGko5iUuCPYcsAnlovq/bgoB//zfltX7oSUtUeHDM9zET6/jOB4lPYq4B5Kfkf87Rx7pVray4wGt9ovu1etpTCs575q3dFREREREREREQkdWsngNrziND+UmyvL9TIDHQaTx68/HhxafRGVB68a2suzDwg+PKjmF7fjo1RjB5wHc0FdxHu+s6YYKyx9ViCC2PT8Y2ZyUWH8n9xEI7ewr2/k+z9MK80gYiIiIiILMhut5u7f9pWYzsekfXFMAwc9rWT3Coi8iqsnQAqHxMaO4Rr13kgNj3erG1qps0bT09hy9z90qNFNqyyUvHNMUzzapa+7Fi7imCmh2C479cfROq2xjof+7LqPZzu/rk6p1bd08X4vzgY6dv9USeuisu4epZxAysRERERkQ0sKyuLqelpXE6ngqgiCzAMA7/fT1Zm5mpPRUTklVpDAVSY+WsPzv2HyDr6wNwoCcxapdsnCdwxA50zQ/24rJT9GY6xpXgupX/J6fUZO3EB/tLLOLcDY9bxm/cJ7j00l1Zfepms/bsJ3jmIsdQxqlpxbYfgPSuAafXtqsIsEWCthA1F6p7Gs2qn9lj3Sv+Cw0UHm8EqY8AjBU9FRERERFKUlZWFAUxPTREKhVZ7OiJrlsNuJysri6ysrNWeiojIK7WmAqj0nGSq5zwZ9afIrj9lHezH33hwbqf5m9XMbL2Fu95aMTrTw0wqGzr1dBCsKMW5v5OM1yt4+tcenPtLzVT6mR78A5O4XrcCqnzM0zs7ydrfGVnxGbxXYabBv96Pa+8hsk/uTLyK1F0al54/SeBORVQK/fy+jYEmK3hqrcLd20nW1iamvjDrozr3d5K9f5LAvR6MvbutzagSm/lDE7aTp8iuPxT1/i1hwysRERERESE7K4tsBYVEREQEsBmGseRFlQuZbKxYzu5kk0j0Wxh/KP5Xdf751K41Yo4vPp9Uro09nrh99DU/+31X4oGXyOfzsTM/f1n6EhERERERERFZqx4ND+PxeJa936GhoUXbqNKziIiIiIiIiIiISBIKoIqIiIiIiIiIiIgkoQCqiIiIiIiIiIiISBIKoIqIiIiIiIiIiIgkoQCqiIiIiIiIiIiISBIKoIqIiIiIiIiIiIgksbIBVJvitbI52OyO1Z6CiIiIiIiIiIgsg5WNaLoyFFiSDc/hcJK2JXO1pyEiIiIiIiIiIsvAuaKjBZ4RSs8GZzrYFEiVhdkWeb0WhUJBArMzzE5NrPZURERERERERERkGaxsADUUxPZMgSWZzzASHJvXxljkfGrXGjHHF59PKtfGHk/SqYiIiIiIiIiIrDsqSioiIiIiIiIiIiKShAKoIiIiIiIiIiIiIkkogCoiIiIiIiIiIiKSxMrWQBUREREREVkHxsfHmZiYIBAIrPZURJbE6XSSs20b23JyFmz3zf/+Bpttbm+HX/7XX0bO9f5nL37/bMJz3/zvb2L6iT4nIrJRKYAqsqn18nndJTq8p7lSWxJ1fIT2i+cYONLMByVJL07AvO7rigv8rjJvmedq6W3hxCWob66lJPrPr2Y0eUFTU1NMTU0RCoVWeyoia5bdbicrK4usrKzVnso6Zz3L4g97avjkTCWv6GmUorm5eWpin40j7Rc5e80X195D7YUzmM2W8EwdaefTc528HblWXtb4+Djj4+OkpaeT7nav9nRElsQwDCYmzM2bFwqiGkaIfaV/jw3o+fd/jzkXCoV4a88e0tLS5p0zjBClf//3kOA6EZGNSgFUEYGOL2mverEPXSPtFznbWbHqH1LXyjzECp5OT+NyucBmW+3piKxdhsHU9DSAgqjLwHs6+ks/M/h49iIpPRde1TNkpP1LOhYK5MadG2m/yNlzLeSn8MWgnnuv1sTEBGnp6djtqngm64/NZiMtLY2J8fGEAdT/997/DUBe8O/wz84CEAyGIscBtvnfwu/3Y7PZ5p3LC/4dswmu+z/3/vdXdk8iIqtN/yIQETweaLnazshL95RH5ZnmV7f6NF5JLVe0+nTNmZqawuV0KngqshibDZfTydTU1GrPZAPKo/LMaby+a/xr7ypPpTA/5QBn3p4KPAwwPAIr/kyVGIFAQMFTWddsNlvS8hOhgEHBT38akykUCoXYtSs/8mMLunC5XBiGMe9c/HUFP/0poYDxyu9JRGQ1aQWqiFB45AiFly7xz+17kn5Q622pozGSH2mlGI62WOmHPmuVzx7ux6QbxqZVzq0OstISC73Q0YGZwOiNScVPOF781MIp/KehMXoeRwY5+2VB1KqcXj6v+5JCpTauiFAopOCpSKpsNpW6eGVyKfTA18MjUGI9DVJ6lpnPjpi280rdREv8rJtL0b/EiQ5vSuVmRu534vNU8E/xKfx77vPpuUEKvR10dID3//LS8f9Ezfm41cH9Fk5c60hhziKymQUCBgHDTygU5N+7uyPHnz/3R/4cYjbpuWAwEHMuYPgJKIAqIhucAqgiApTwwWkvJy7dpLcywQe83hYaB2r4pDnqQ+XNXipra/mkZiAqhTB6DesI7RcvMVBzgSuVeVaw82JMENPXAfXNzZRYHxIbW8rMD3tJx0vyQbAkfh69eH1fcn+k0hyrt5sOTwWfKHgqIrKJ5JFfCL7BUSBvCc8yM/g519Z8Rn3anqgW6QLPusozfMIiafa+a5ytuxZ1wEt9c7KU/A4GCi5wpdk8+xtX1JxH2gEfLYNHuNJca9VEvcTnZUutZS4im0HQHwLDIP2/DMedmfsC3Ol5kvxc8fexpwyb2aeIyAamAKqImEpqqffWWUHM3HnnrpwJvxhheAAoXKS/kft87fPw9nHrY2BJFbWec3x9f4TKSvOQp6bKCtaaH3JfarzYCVPu9fGn+yNUVubR292Bp+KCasSJiGxmKT9bRrjf6cN75Iz13Mij8oiXli/vM1IZF9xc8FmXwlMnvj5qbwsn6i4mzrrAw9t7FurTQ22VFS3Ny1/aY1NENpWg36Dv/tBqT0NEZF1RAFVEIkqqavCcu8TnZRdiP3iNtPPpuWtWqr0HjyeFzkYH8VHI+y8StXyR8eKUlHnxfXmfkco9DA94eLtK4VMRkc3FDJJ6KqwvBVN+towy4IOOS3WRtHyTF2sta1TTl3jWJZLgy0YRkeVWnPM2O36yg2AwuCz9ORwOHn//eFn6EhFZqxRAFZE5eZX8U00nZ7+8iTfqcO/Na/iiaqn1ttTRuFhfuQV46CSq9FzKXmi8eCVlZhp/L3xNuJ6crGXTfbe40QXl7x6kOHNFBuTWjYe8uVLjicjKGrnP1z4oPGLVP0352WLWTvUeSSH9/SWedbJBTHRztWmYdxoOUzR3kO6rTbQNmq8KDp/ieFnOvONzCjh86jhlOTDRfZWmmAZlfBjTd8JJ0H21ieF3Gjgc1TC6r7k5vMj99NPW8BndUc1S7k/WKIOcHPO/n2EYGIaB3W7HAIxQCJvNBjYbhmHWNbVbfzYMA5u1uZphGNgwN6sCePz994kGEhHZMNZQAPU8GfWHcCQ6NdPDzOWT+BOd2yTcH3Xi2j73Onivgqc3V28+snHlVR6ntvMcLT5igqgMDDNCCXkj7fypg7iTiTraw9uea3NpjL03afF5qD2eBzG1UpNY6njzmGn8jZd84D2t9P01b5pHD6G4GB4+mqZYEU0ReSkjtF+9hs9Twz9FB0FTerbksafCQ8uX7fwmekOpgZr5tUwXfNa9gKU+K2V1TXRztamNQcpiDve3NdHGYU41lJETDprmNXC4KIey4w0xrfvbGviMdwjHIieGB5cYnJwLysbMYqKbP7bB4VMNlNHN1aY/0l18nAW7TXI/TIwwnFIgV9YLw4CMjAwA/IEAoWCQtPR0QqEQAb8fh9OJw+HA7/eDYZCWlkYgGCQYCOBKSzOv8/ux2+24nM5InyIiG9kaCqCaFBiMd4wtJ0/hpIeZRiuIXHqZrP2dZPDy75X7o05cfMXkHz5+4T5cR2/hfv3Bpg9ybxxWrbdLc4mLZmq/tdGFp4b6Gg+NndaH0D0VeK5d42zdIPXNVbH9nDnNQN05Tlj7Y3hPNyeo6TbfguMlm3XMPMyNsErKvNDRgbdMO2iseY+/pYs3efeNcW7c/pbHxeXseNVjZhZzsLr4VY8im8w333zDz0tKIh8ww/yzs/T29rL3l79cpZltfPNS7uN2oU/9WVZLSeUZ6gfrojZ4Sra504s/64AEm0ilfn3MnC8UpDigLJfw6s6ysjIGo5dm0s+9bij7sAwzVplD2TtlNNzr53BRXPixv43Pusv4sCF8fIKRYcjfm2LwNBzwLCujLHYSTPTdZbBgH/+YA1DGO2Vt/KVvgrIkEdTk9wNMDDNYkI/Wm24kBuF4ZzAYxO/3k5aWRigUwu/3Y7PbcdjtBAIBDMPAlZZGMBhk1u/H6XKBYZiBVocDp9MZ6VNEZCOzGcbyflc02VjxgleaK1BRADVWVSvZe8HfWM1M1OHlClqulQBqot/C+EPxv6rzz6d2rRFzfPH5pHJt7PHE7aOv+dnvuxIPvEQ+n4+d+fnL0teGNNLOp+cGed8KqMrKGBoaIt3tXtI1j7taubvtXQ4WT9PVehsOVFO+I3KS1ttQXj5OV9coAMUHqnnju1Zu9xF5HW5vlgIw25FbzrsHi8kM93MXiumjbzSX8nfe5OFfolP4H9PVehury5g+H3fNjQW5c2UGrLkVF/fR1xce8l0OagXtpvTNN99w7949tuXkcODAgblVOrOz3L59m/GJCfbu3csv44Koz2dm2LVr12pMWUSSePDgAZlZWUnPT/T3Q1EROf1tNHxG1OqiUZt+AAAes0lEQVRMM92dD6PS6fvbaPhLPqeOl0UFIc2Vo3f3Ra827aet4S/kn1pkpejcJOiniKKc+WOaK1s/pME6EP869fuxgqvD7yS9Vtau6akpdu/ePe/4X+/eZd/f/R0AM8+fEwgE2LJlC6FgkOezs6S50nA4Hcw+f45hGLi3bMHv9+P3+3G73WAYPJ+dxeFwkJ6ebvb5v/4Xv9q3b0XvT0Q2n0fDw3heZJOURQwNLb6x3ppbgbogK5gYGMjFWZgNmCtWQ7vm0tujV7C6jt7CbbWLKQNQ1Up2MQQpwuGeJHDnIM+4TNb+UmwAM/0EKcL+pImpL64DcSn0Y3MBRzMA2U9we5FVfsDqr8dqWxrVb/jc661kF49FBRzPk1HvxYi+zuLeVQRjX8UETwH8XxyMDVYmGqcnfHw3oTFwbM+Omb/r6C3rng6R/RHmPVW1kr137h9HxsDcexBfZiF4r4KntFrvcSnuk5fh8kn8MX3EvR8iK2jkfic+7xEFT9e8x3zXl8ub72YCmbxVnsuN7x5TviN6DWofD3mX6upMM0B6uxUOVFNdbgU37/bx1sFiMh93caNrGweqD7ID89yNrteoDkdCR/vM63YA0308jPQ/Td+t24yXv0t1caZVH/UWfe8epHi6i9vj5bxbbQZiH3e1cvvbxxRHIrx9jG8z52YGVP8HfTtVV3Uz+nlJCYODg4xPTHD79m0OHDgAEAme5uTk8PMS/Y0kshHkxK8mnTtDfgG0/aWbXx+3Uvj/0g2DZUzAXAC1/99oGyzjw+NRkdKJEYYZpLupgTbrUNmHsXVN4yaxYEp9Qf5c3zn5BTD8IvdjlhWg+zMawitTCw7HBYNlvTEMCIVCAAT8foLBUCRYGgoG8TNLMGiuQAWYff6cYDBIMBDEPzuLYUAwvDrV6cQWVS9VRGSjsq/2BOI59naSXR/7kxGdFUwRDv6FycYKZgYmceztxD5UwWRjBf4xcBRfxgVQ1Yq7cBR/o3XuaSnuj87PdeMugr4KJhsP8qznGFsqSmGgicnGCib7wBG1eMp19BaujB5mGiuYbGwikHGIrKPH5hpsz8W4E55DNs4Kaw6cJ2N/KaF75rnJe6M497fivnmfoHs3zlLr+qo9OGYeEJgXZDyGLQOM6QeLvGux48wMYI4TOZ+Ngw5zDnd6MLYfIqPKCsKOERUQPk/G3lwCd8Lz7cdW+J7VzzG2nDyEPfwe3enBvvcWW55UMzMwGRWgju9jNOr9EFkpI7RfrOPstULqaxWsWPMef0df8b5IwDFz55vk9n1H7F6uxeyzGmS+tg0o5g0rfpm5LTeqqz5yy9+KpP/veKs8rq+562JMP+LhaC5v7gxPopiD1VYQdEc51eFVrEzz43j8xXNzI3MbufGnZdNwpaXxzoED5OTkRIKo0cHTd6JWpYrIRpVD2fEPKRtso6mhgYaGP8K+snmt+u91Q9ne2ADoxDCDFHD4VAMNDQ00fFhG92dX6Z5YscknYJYVoOxDc04NpzhMG01t/as5KXlJhmEQCoXMH8PAMEIxx80No+Jfm+0Mw8DAeh3uw2ojIrKRrbkVqIvXQO0nYK2I9P8wirtwlJDVPjg9icushY17VxHGQFNk5ebMX3tw7t+DG6xj/ZHrKPXicE8S7LNWWt78M4HiU9ZKy2M4X88m2BdeLXqdZ33vkV3sxYXVfqwjssIyeg5U7cFBP/7wODermbT+7B7rxFl8DHqum3N98ucXT8WPG8f/RQeu+kPYq4AnAJME/mql6Pc8IrQ/WUcf8zRqO1rX1lzASoONf496TjJl3bNrXgnBbJy/Og89H8fcs8jKyaPyTDOVqz0NScE0fXf7YLSP1r7YM3f73lpiKrwZ3Bztu0FrTJWMXH6cZuGaqtPjjLKNfYmGm+7j1o0u62/DXHIVIZUFhIOof7ECp4CCpyKbThGHGxo4bL2a6L4KBfti0vdHhqHsnbhVn0WHaWiIfv1rDhc0cbdvgmL+SFPboHUitQ2dBofn1rxODA9Gjve3NfBZyqtJ4ze+Mmu6tn12j/7DC6+AlbXMiAQ87TY7hi2Ew2F++rXZbNjtdpxOB8GguQLV6XSa7W02HA4HhmEQtNmw2cz8RwVPRWQzWHMB1OVhrty0bT9Fdv2pqOOT2EoTNH99OzZGMRKmme/G5rZWxu6NPeNI1DyKa2suzDwgmODczFC/FYQFW8Ykwb9eT9DqOsbTU9gy59etSXWcpbE2rLKWrhozk3OnFnyPoplB2Iz6Q2TXHzIPjb1cjVUR2cCmH/FwtJgD1bGbRk333eLGw0dMF4dXfqYik9e2Qe6bSWqQTi906TZyeWgGWuMuffxtF6PFByJlAB53tXI75TnJZhQdRAUUPBXZ5CaGByH/nbkg5UQfdwcL2JdiDnx+Xg45RcdpmL+QNalEKfvhlP6iww00HE5w0VJoU6l1LbyyFCAQsFL4Z2cJhUIEg+anylAoZG4iBTyPSuGfnZ21rgtYgVan1V5BVBHZ2NZcCv/yuI7x1KzfOWml8Js/SWpxPhnDIDdxcJUHGDPmytjYvqrn1SWN5/9hFNzbEwdaw2n8VV4cJErfN80M9cP2PczbjqWqlex6M01/wXGWouo9nO7+SNmDqb7RuXMLvkfxPuZp+H2KKhkgIhJv+tFDRovfmLc6NHPnm+SOPuTRQkHPBHa8Ucxo17eRlP3pvlu0tnbFlQNIIHMnb+aO8jAy4GO6WlvpCl84/qMZf53u425f4i5EooWDqAqeimw+/W0NXA3n3fe38Vl3AYd/HbVWc2KYwYJ9FMdFICe6r9JwtZuJyOs/0jZYxt4XWOaZU7yPgu6/mOn/E938pbuAffEDpnY3tDU0MJex30/bZ90U7CtWAHUdC9dADQdMQ6EggWDQDJIGQwRDIfN1KEQoctxsF4xqN3d9aLVvSUTkldugAVQz8DhXv9OsYxoOOM7T00FwJhtHsVXXtOq9yCpMuE7gyeRcbVXMjaOyT6ZQ1/PmfXMzqnDwsPQyWfW32FIK8DGhsWyce0uxPX2UPH3/5p8JzBThihnvPBl7izAG/mwGcePGcR314oguUbAk4SDpMbYUR/1rLf494jwZ8+rTxt8jZskAJjGevMhcRGSj+7ZrlOJERUmtgGbXt4uGPmPtKOfd8nFut7bS2trKjS4of7d84fR9c0CKDx5gW9cNWltbaW01N5Qq32HVUR3t4kZrK63/A/aV584FVEUW4EpLU/BUZBMqOvwh+W1NZs3Qz7op+/A4ZTF7RSXezSmn7Din9t21aqc20NQGh08tnqqfpDP+8TC0NTXQ0NQGh/8xZg5LuBsON3wIn1l1WRs+o7vsQ46/WGeyRkTXQLXb7WZqvt2O3W7HZgO79dpmpek7HA6zHWC3OyLtolP4lcYvIhudzVjmv+kmGyte8MrYHd5j9eNvrGamqpXsvZh/BmvH+LnXrqO3cL/+ILK7vevoLWuHeIjZDT6+H4jdxX6sh0BGKY4nczvQuz/qtHasj5pP+DhzKerxc4jpl7gar9Zu9YvXfY0fP0Gt2Jhxou619DJZ+3cTDL+23mfC11tzMDeB6sAZSeGfJHDvAY69868N/zcyBqz3JzJ29H+nuX/qRdotINFvYfyh+F/V+edTu9aIOb74fFK5NvZ44vbR1/zs910sB5/Px878/GXpS2S5DA0Nke5O+HWViCTwfGaGXbt2rfY0RCTKgwcPyMzKWu1piLyU6akpdu+eXw6uu6ubX/zi54CVnh8KkZ6eTigUwu/343Q6cTgc+GdnMYD0tDQCgQCBYJC0tDQwYNY/i8PhMF8D//kf/0lZ+RLqTIiIvIBHw8N4PJ5l73doaGjRNmsogLqWmLVAbX2LBzZfSullsvZvJ5BCOYCNTgHUF6MAqqxFCqCKLI0CqCJrjwKoshEkC6B2/c//yc9/8QsAnj17RigUwuVyYVgp+XZrxWnQqoHqcjoJWudcTicGEAwEsDscpKelYbPZ+I//+E/+2z/8t5W9QRHZdFYzgLphU/iX5jwZ0WnnVe/hdL/6tHNX8W5sY/c3ffBUREREREREVoZhgBEKYYRrlxqGmclos0UWg9iwFoMYBthsEE7Tt9nMc8Zc6n5I6fsisgk4V3sCa8PH+Adu4d7fSfZ+80jwXkXiDaeWRXi3+378jdqdXkRERERERFZOOOhpt9kxbAZ2uwNCIWxWLVS73YHdFsSw2bDb7Rh2O/ZwzVQD7PYgNpttLsgqIrLBKYBq8X9xMPlGTsvuOs8uL1wTVERERERERGS5GYZBmsvcotjldGIYhhkkBdJCLnNzKJsNp8sMF9htNgyrnc3aTMqV5sJG7EZSIiIbmQKoIiKyrMyVCVa6l4gszPrQKiJri9PpnNuhXGQdMgwDpzP5x/1vvrm3grMREVn/FEAVEZFllZWVxdT0NC6nU0FUkYUYBn6/n8zMzNWeiYjE2bp1KxMTE6SlpyuIKuuOYRg8f/6cnK1bE57/h//jH1Z4RiIi658CqCIisqyysrIwMHd+DYU3JxCReex2O5lZWWRrp2+RNWf79u0A/PDDDwQCgVWejcjSOJ1OcnJy2L5t22pPRURkw1jZAKrNDoY+TMvGZ7M7MELB1Z6GyKrJVlBIRETWue3bt0cCqSIiIrK5rWw+iisDm92xokOKrDSHw0naFqVjioiIiIiIiIhsBCu7AjXwjFB6NjjTwaZAqiwsvnLieqikGAoFCczOMDs1sdpTERERERERERGRZbCyAdRQENszBZZkPsNIcGxeG2OR86lda8QcX3w+qVwbezxJpyIiIiIiIiIisu5oS0kRERERERERERGRJBRAFREREREREREREUlCAVQRERERERERERGRJBRAFREREREREREREUlCAVQRERERERERERGRJBRAFREREREREREREUlCAVQRERERERERERGRJBRAFREREREREREREUlCAVQRERERERERERGRJBRAFREREREREREREUlCAVQRERERERERERGRJBRAFREREREREREREUnCudoTmHOejPpDOOIPz/Qwc/kk/tWYUhKuo7dwv/5gzc1LREREREREREREltcaCqCagvcqeHoz/OoYW06ewn3yMmy4YKUZMCbmfkVW1qPh4dWegoiIiIiIiIhsEjvz81d7Ci9kzQVQY13n2eXdZNQfwlUFfgUaRZbVev2LS0RERERERERkpazxACrAA4wZcGw9BlwHrBT6wmzzdFSKv/ujTlz0EMgoxekG6MffWM1MuKvSy2TtL8UGwCSBOwd51hM+vpvQGDi2W/2OfcXkHz62LjRXwpp9ThIci51hsvlQ1Ur2XgiOFeHYbp42BpqY+gK2nLTKFeztJIMKnj6Jnlv8SlwRERERERERERFZDetgE6nrGE/BlrnbfFnVirtwFH9jBZONFfifluL+6Pxc8+2l2Pqsc2NFuE5exgXAeTL2lxK6Z56bvDeKc38r7siF2TjoMM/d6cHYfoiMKvOM6+hvcdLDTGMFk40dEA6ypjIfirBPN1lj9mMr/C1bSq/z7PJXBAkHSo+xpSJqbnd6sO+NnpuIiIiIiIiIiIishnUQQI3l3lWEMfDnyKrSmb/2YGzfMxdsnOmJpPrP/LUHw70bZylQtQdH1Dlu/pnATBH2qvCFkwT+aq047XlEKDLiMZyvZ2M86bBqsH6Mf2Ay9fnQT+ALc+UsT8YwFrg3R7EV7O05yVT0ylkRERERERERERFZFesghf8YtgwwnjyI/Nm2/RTZ9aei2kxiK8UMTj59NLfZVM8jQvvNlauurbngLsJd3xmzstPYegyeLDT+bmxuCP1wPXLE/8Mo7tfn5pZsPqm7zrPLmBtmhecXXQpAREREREREREREVsXaD6CWenFEBTCNp6cwnjQx9cX1eU3dvwIyduICM/BYuhM7ECQc9HyQOChZ6l1gAglqsG7NBcYwywsknw9V8w8ld51nl8N9nCej/hDpR4/hT9SviIiIiIiIiIiIrIg1nsJv1ga1RaflD/VjK3wvsorUdfQW2fVR9ULDKfuA+1el2GYeEOgBbt4n6C7FFQ5qll4mq74zUuc0uesEnkxGjWmm9IctOp+UnCcjZi5m0DZ61auIiIiIiIiIiIisvDW3AtWxt5PsvVEHxr5i8g8fz72+Wc3M1lu46zutzaEmCdwx64W6AcZGse3vJHs/QD/+xpOR2qVP7+wka/9c/8ZAk7nT/SLp9v4vDuL4qBOXNWZwrB8yFp/Pwj4mNHYI195OsrY2MXWnJ2ZujH3F5M0FOxAREREREREREZFXzGYYxkL7Gi3ZZGPFcna3JO6POnERF3CVdSHRb2H8ofhf1fnnU7vWiDm++HxSuTb2eOL20df87PddiQdeIp/Px878/GXpS0RERERERERkrXo0PIzH41n2foeGhhZts8ZT+EVERERERERERERWjwKoIiIiIiIiIiIiIkmsuRqoL2PmDxUp1B4VERERERERERERSY1WoIqIiIiIiIiIiIgkoQCqiIiIiIiIiIiISBIKoIqIiIiIiIiIiIgksbIBVJvitbI52OyO1Z6CiIiIiIiIiIgsg5WNaLoyFFiSDc/hcJK2JXO1pyEiIiIiIiIiIsvAuaKjBZ4RSs8GZzrYFEiVhdkWeb0WhUJBArMzzE5NrPZURFbV+Pg4ExMTBAKB1Z6KyJrldDrJyclh27Ztqz0VERERERFZwMoGUENBbM8UWJL5DCPBsXltjEXOp3atEXN88fmkcm3s8SSdrkm9fF53iQ7vaa7UlkQdH6H94jkGjjTzQQn0ttTRSHyb+K5aOHEJ6ptrWaBVymPK+jU+Ps74+Dhp6emku92rPR2RNSsUCjE+Pg6gIOpLM58hLb65I97Tr+B5kvKzTkREREQ2EhUlFRHo+JL2kU0wpqyIiYkJ0tLTsdv1iBFZiN1uJy09nYkJfbn8cqzgaeFprjQ3Wz+n4VIdn/eu9txEREREZCNY2RWoIrImeTzQcrWdPWcqyUtwvqS2mSsrPKasX4FAQCtPRVJkt9tV6uKljTLgA++R6DWhJfymxsPZ7l4+KNFaUVk6wzAY/NvfePb0KcFgMGk7h8PBlowMCn76U2y29VBwSkRERF6EAqgiQuGRIxReusQ/t+/hd5Xzw5nxKfy9LXU0dlgn56XiQ2Q1EDV8kiRAutiY89MxvZGUSXM+NdQOXLPOe6lvLqOr7hIdcW1Tm6+IiKxfuRR6oCUuWJpXeWbuyz8r9b62ZoCWa+aDxXu6mfLuuedDdMr/SPtFzlrt8CR7ls1/1iV73vS21PEnvNDRgS9pf7KWDP7tb9jtdop371607aNHjxj8298oLChYgZmJiIjIalB+pYgAJXxw2ovv2k0Wy3Ycab9I40ANnzQ3c6X5ArUDl/g0Jhff/ED5dcUFriz4AXHhMUfar0alY16g1tPBn6LH6eiE43PnGuu6KbfSNr3MtV18viIisr7lUXm8Bk/HJU7U1XGiri7J3/MdfM1xrjQ380mNh45LdXSVmSn/9V7o+LKdEYDeFs5eK6Q+/NzgGmdb4p9U8591iz1vfB3wfnPzIs9GWSueTk+zc+fOlNru3LmTp9PTr3hGIiIispoUQBURU0kt9d4OGud9SIw2wv1OH56KPdaHvzwqzzRHrSAd4E/WB8rEq0pTHzOv8kzUSlEzPTOG9wjmEHnkFwLeMmvFqbkSKXq+3iOVc/M94sXXeR+FUEVENpC8Sn5n1T/9pMaD79o5TtTF10D18r71bMozHxyUW4+Z3ILIg4Pe7o6oZ4r53KCjO+rLvkTPuhSeN5E+ZT1YKG1/OdqLiIjI+qIUfhGJKKmqwXPuEp+XXaAwYQszkFl4JFlw1Ad4zFWllantUJx0zN4WTlwK50F68HgSXLwoc74dl+roiDnuZRS0AkhEZAPKqzzDlUorDf9SC+XNqT2PTCMMD4CnIneBNomedQs/b0RERERkfVMAVUTm5FXyTzWdnP3yJt6EDczVnV8Pj0BJovCjl/fP1EJLHY0tZanVGk045gjtX3bgqQmv7rFSJZd8Q+Z8vUfm6trJ+tXf1sBnfEjD4aIlXDVB99Um7u47xfGynFc2NxFZRb0tnPiyYF5dUXOV6VKZWQ2+wYW+Zkv0rFv4ebNYeRwRERERWduUwi8iMfIqj1NLBx3xKfPmWfZUeGJSEntb6jgRl4JfUnsab8eluNTJpY9pfoAFem9GbSa1FOZ8I3XtwvO92K4UfhGRjaKkDK8vvk6p+UXci6TNl5RFp+wn7yf2WafnjYiIiMhGphWoIhLHrNvWcqkj8dnKM9QP1nG27pp5wFPDJ2dKoLc7qlUJv6nxLCF1Mn7M8OtLnOgAvKfNWqkLrghK0nP8fPFS36wNPERENo4SPmi+QOHFc5yomzvqqbnAlVTqcc/rrpZPai5ytq4u3BGfJMyoiHvWLfC8URq/iIiIyPpmMwzDWM4OJxsrlrM72SQS/RbGH4r/VZ1/PrVrjZjji88nlWtjjyduH33Nz37flXjgJfL5fOzMz1+WvkSWy4MHD8jMykreYKKbq01tDAIUlFFGN8NRKfb9bQ18Fo7Hl82l7Mek8Ft9cPgUx4v7uNp0l32njmN20U9bw2fwYQOHi5TCL2vf9NQUu3fvXu1piEiUb7/9lp//4hcpt//P//gP3nrrrVc4IxEREXk0PIznxTZIWdDQ0NCibbQCVUREVtAE3X80A58NZTnQ30bDZ1CwzzrbfZXPhg9zqqGMHCsQejU/Lvg50W0FTBvMgOnEqtyIiIiIiIiIbBKqgSoiIitnoo+7gwXsK7YCokW/5nBB5CR9dwcp2FeMebaIXx8uYPBu31yMdPgvcatNRURElp/D4Xil7UVERGR9WUMB1GNsOdlJ1tFj63wMcH/USfZH51/pGCIi69LEMIPkk5cw+DnB8CDkJz5pGgQKBmn7t/5XNEERERHIyMzk0aNHKbV99OgRGZmZr3hGIiIispqUwr8szpNRfwjuVfD05mrPRURkDcvJp4C7jExA0bw4aQ75BXA38UlT2TscPwxtDZ/RtrcBqzyqiIjIsir46U8Z/Nvf6HvwgGAwmLSdw+FgS0YGBT/96QrOTkRERFbaJgugXufZ5euvfJSZP1Qw88pHERFZh3KK2VfQxt2+CcrKcqD/32gbDNdAzaF4XwFtd/uYKDNroP5b2yAFh/+R2FKnRRz+sIyGz9rY23CYopw88hmM6vMe3UDZKt2iiIisfzabjcKCgsUbioiIyKawZgOo7o86cdFDIKMUpxugH3/jfez1hzArDPXjb6xmZkltj7Hl5CkcT5qY+uI6WK/NayYJjoEj4wEzl0/i+KgTJ/2wvQjbTA8zl0/ir2ole+/ccidjoImpL2DLSWucvZ1kUEFoVycuvmLyDx8D4Dp6C3dhtnlRuC+Aqlay90JwrAjH9ug+X32QV0RkdeRQ9o+HudvUREMbUHaYwwVwN3y27DgfDjfQ1NBmHij70NxsKl7Rrzlc0MRnbXtpOGzWSm1qi+1zeIXuSERERERERDa2NRtABWD7brhTwWSPGeh01YO/sYKnVsq88+gxCAcbU2ob273r6G9x0sNM40n84TT8qKWjtu1mH+ah82TszSVwp4JnPVjBz/dwU82zy7tjUvjdH0UNUtWKu3AUf+PBSADX/dF5/FZwFYqwTzcx+YfrVp+/ZUvpdXMMEZGNKKeM4w3h9aETdF+NrXtadLiBhsPzLys63EDDXCeUHW+IrDLNKTtOQ8yS07KE7URERERERESWag1tIpXAWIcVSLyO8RQYu28FMx9gxOfIL6UtAMdwvp6N8aTDXA3Kx/gHJuP6vB8VT/2Yp40HI4FN19bclG7Bvasoqp/rPOvrh+17cEda9BMIB4GfjGGk1KuIyHrVT1vDVbrD+fj9/0bbYAH5C+wbJSIiIiIiIrKa1vYK1FdqNzY3hH5INV0+Ot0fjJnJhZtb19gywHjy4EUnKSKywRTx68PQ1NSAlaRP2YcNJMrSFxEREREREVkLNnEA1VyZ6th6DEghiFr1Hk73XN3VcP3ShV3HeHoKW+bul56tiMhGMT/dXkRERERERGTtWtsp/K/UdQJPJrG97sUFwHlc4Y2eksrFVgpwjC3FRYu0Nc0MRafsW9fFlAYQERERERERERGRtWoTB1DB/8W/EKAUd30n2fV7MOJroEa7+WcCM9k493eSXf9b6OvBiARUPyY0Bo69nWQdPRZ3XTUzA7m46jvJrj9lbloV2UBKRGTjcTqdhEKh1Z6GyLoQCoVwOjdxQpCIiIiIyDpgMwxjWfctmmysWM7uVpTr6C3cmR1MKsC54hL9FsYfiv9VnX8+tWuNmOOLzyeVa2OPJ24ffc3Pft+VeOAl8vl87MzPX5a+RJbL2NgYExMTpKWnY7dv6u/pRBYUCoWYff6crVu3kpub2uaUIiIiIiKb1aPhYTwez7L3OzQ0tGibTb3kwf1RJ87pJqa+uE44hd8Y0IZPIiIvY/v27QD88MMPBAKBVZ6NyNrldDrJycmJ/D8jIiIiIiJr0/8PS1xgLuvvDukAAAAASUVORK5CYII=" height="600" width="800" />
[Personal Details, Contact Details, Emergency Contacts, Dependents, Immigration, Job, Salary, Tax Exemptions, Report-to, Qualifications, Memberships]--->[Personal Details, Contact Details, Emergency Contacts, Dependents, Immigration, Job, Salary, Tax Exemptions, Report-to, Qualifications, Memberships]]]>
  </system-out>
  <testcase name="getMyInfoSideMenuItemsCount_007" time="5.134" classname="testcases.MyInfoTest"/>
  <system-out>
    <![CDATA[<img src="data:image/png;base64,iVBORw0KGgoAAAANSUhEUgAABVAAAAJcCAYAAAAfG4+9AAAAAXNSR0IArs4c6QAAIABJREFUeJzs3XecVdW5//HP2nufMmd6Y2aYQhk6SLWgCAj2qNGosQfFkptrbmKuJDfRJJabq6ZZEn+5iTE3GNTYxYKJGAUVVBRpIgxIEYY6c6aX03ZZvz/OmYGBGQYTpSTP2xeRmb332muf2f6R7zzrWUprrRFCCCGEEEIIIYQQQoh/MbNmzer1HOMQzEMIIYQQQgghhBBCCCGOShKgCiGEEEIIIYQQQgghRA8kQBVCCCGEEEIIIYQQQogeSIAqhBBCCCGEEEIIIYQQPZAAVQghhBBCCCGEEEIIIXogAaoQQgghhBBCCCGEEEL0QAJUIYQQQgghhBBCCCGE6IEEqEIIIYQQQgghhBBCCNEDCVCFEEIIIYQQQgghhBCiBxKgCiGEEEIIIYQQQgghRA8kQBVCCCGEEEIIIYQQQogeSIAqhBBCCCGEEEIIIYQQPZAAVQghhBBCCCGEEEIIIXpgHe4JfF4aY01Ut+5gS/NWtrftZGf7LhpijcTcGJ72QKdOVOBpzaSS4/n66JkYSjJkIYQQQgghhBBCCCFE947qADXhJlhdV8WiHe+wum4tjfFGXJJhqUKhlAJAKVBaJTNUBbZnM6HPOAlPhRBCCCGEEEIIIYQQB3TUBqhVDRt4ct0zrKxfDRoMFMowsDCBZJWp67nkBnLw0LTbbSilcDyHsQWjGVc0+jA/gRBCCCGEEEIIIYQQ4kh3VAao6xs28uN3/wfbS2AaFkppdKrq1NMejueQH8znlNKTSXgJ3tm1JFl9qjUecNWwS7GMo/LRhRBCCCGEEEIIIYQQh9BRlyK2xFv42Yf34XgJLMNEJ5NTtNLYnkOWL4NLBl/IsLwhLN75HvO3vo6HxlCKhJtgWulUhuRWHu7HEEIIIYQQQgghhBBCHAWOugD15c2vsitSS8gMdn7P9hwsZXHhwPP4cuWXaIw18sCK31Ldug3LsFKVqRqf6WfGiEs7e6MKIYQQQgghhBBCCCHEgRxVAWpTrJlXtrxGwPCjAa01rnaZWHw8lw+9mIqsMl799HUeXvMIAD7DQgNKKRJOnBnDrqAgVHBYn0EIIYQQQgghhBBCCHH0OKoC1I1Nm2lOtBA0/NjaIS+Qy/Ujr2ZS6QnE3Ti/WfF7Xt++EFNZGBhoNEqB4zn0y6rg3MqzDvcjCCGEEEIIIYQQQgghjiJHVYD6SeMGtPZwtMsppZP52vDLKAzlUxdt4Ocf/op1jeuwlA+l2NMbVWs0mm+N+QYhX9rhfgQhhBBCCCGEEEIIIcRR5KgJUD3t8VH9Wkxl8s3RX+e0flMxlEFNey0/+/ABNjRtwm/60BrQyWsUEHFi3HjM9QzLH3w4py+EEEIIIYQQQgghhDgKHTUBatSJ4jd83DHxViYUjQEgHKnnjiU/ZUfbTvyGD0j2O+1IUaNOnAsrv8yXKs84jDMXQgghhBBCCCGEEEIcrY6aANVQBt8a+28UpjaBsl2bX634LdvadiQ3lVIatO7cWMpQBpcNvogrhn8VU5mHefZCCCGEEEIIIYQQQoij0VEToKZZaaRZyR6mWmv+vO5ZltYuI2ClEcNBaYXf9FOaXsLxfcZxYsnxDM7pf5hnLYQQQgghhBBCCCGEOJodNQHq3jY3V7Ow5gNOLJtC/7QC+qeX0Ce9iML0IgpCBShlHO4pCiGEEEIIIYQQQggh/gkclQFqeUYxf5j6U5Tr4LXXYUWb0Qkb7daC66CDOSh/6HBPUwghhBBCCCGEEEIIcZQ7cgJU7aHjbWBHIZCB8qVBD5WkvubteGtewVu/AKdxOzGtk5tHGSba9GPmlWGUjcWqnIxZcgwqkHmIH0YIIYQQQgghhBBCCPHPQGmt9eGcgG4PY29ahLtpEW7dZkhEIZiFmVuOWTIcs/+JmIVDwArsuSbWjNe8A91ai9dYjbtjFe7uKrzWMHSEqQAojMJB+MdegDXiHJQ//fA8pBBCCCGEEEIIIYQQ4ogza9asXs85fAGq55D4+CUS7z2C17QDDCPZu1QZaM9D4aE1KMPE7DsK37ivYA0+FWUFux1Ot9fjhjfgbHgTe91rEG0Fw0ADSmvMviMJTP53zIrjD+1zCiGEEEIIIYQQQgghjkhHbICq4y3E33wAe+WLYJjJPwCeB9rdc54yUIDWGgWY/SYQmHIjZsnoA47vNW0nsfpF7A8eR7s2yrTQrgNKEZx+E/5xl4Jx5HQvEEIIIYQQQgghhBBCHHpHZICq7QjRF76Ls/l9lOUHVDI01WCUjsQsn4CRnod2HXTzDrzwRtyaT5JL+7UHpo/ghb/EN/DkXu/lhtcTm38X3s61YPpAa7RrEzjhKgJTvw3K/OIfWAghhBBCCCGEEEIIcUQ68gJU7RH92z3Yy59D+VI9TT0HIz2fwKk3Y1ZO2X+JvmvjNW/H2bCQxMq56MYdYFqkffVXWP1P7P2WsWZif/spTtXrYFpoACdB8Mzv4x97yef+iEIIIYQQQgghhBBCiKPDwQSo3W9z/wWxP34RZ9mze4WnLio9PxmGDj2j+/6mpg8jbwD+E64l/ao/4j/ha2jPJfriD9DRpl7vqYLZBM+6DWvYdHBsFKBMH/H5P8Wt3/z5PqAQQgghhBBCCCGEEOKfyiELUL2WXcQW/hosf/IbGtAeaef/FKNw6EGNodILCUz7T0IX/RIdaSTx0QsHd50vjeAZP0QVDQbXBWWAUsQX3Aee85mfJR6PE4lG8TzvgOdprYnFYrRHIsTj8c98n94kEgnaIxFisX98bNu2iUQiRCJREokEjuP0+HwHW7TsuC7RaJRIJEIikfiH53g4eNqjJhIm6sT+7jESrk1tpA7vMO3XJoQQQgghhBBCCCH+fodsJyV7+ZMQbQYrVX3qxPCddC1m6djPPJY1aBqhSx4k9uaD+MdfivKl9XqNCmYRPONWoo/NBDww/Tib38XZvQar75gu59bU1LLk/ffJzc3B9TwmT5qEZVm0tLTw3Ny5zJ8/n5bWNh584AEqKwfud68dO3eyaNFi3nrrbT7dsoVYLEp+Xh6jjjmGKVMmc/JJJxEIBA4438amJt57bwkZGRk0NTVx8qSTyMvLQ2vNylUf8eqrr7L6449pamoiFEqjcmAlU6dOZdopU0lL6/3zAGiPRFi+YiULFyxgxcqVtLe3g1KYhkFubg6FhX1ID4UIBoOEQiGaW1uoqw3zrW99ixHDh3U7pm07rFy1kjffeoslS96noaEBrTWZmZmMGD6cU089leOOO5bcnJxur/+kcRMf7P6QDCud+lgj4/qMYXzRgTcNA/hg93I2NW4mYAaoizdwdr9TKc8qY9nuFawIr8bVDrn+HKJujHY7QkuiDReHkBWiKNSHobmDGZE/lLR9qqDbEm18a+H3OK5oPLMm/AeG+my/c9Bo/u/jR1m0413un3o3Rel9PtP1QgghhBBCCCGEEOLwOiQBqm6vI7F6XnIjJwCtIZCOf9zf34PUqpxKWigvOdbBXlM8HLPfBNyty8G0UEphf/TSfgHqx2vX8N3vfhcNTJx4AtOmTmXX7t1848Zvsubj1ZiGiTIM/PuEoG1tbTzyp0f5f7/5f/h8PkaNGkVFRTmJeJzly5ezbNkynnzySaZMmcKdd9xB35LiHucajUa59Yc/JBKJYJomL7/0IsFgkJ/+/Oc88cQTKBSWz0J7mngiwapVq3j++ec5YeJEfnrP3ZSVlh7ws1iztorbb7+dDz/8kP4DBnD9ddcxfvw4TMPko9WrmT17Nu+++y6ZmVl89atfxXFc6sJ1NDU3E493X425/pNPuO+BB3jj9dcxTYvLL7+ciRMnkhEKsXHzJubOncsTTz7JsOHDuOO22zjpxP172MbtGI+vfwafYaG1ZmBOvwM+R4fa9jBz1j2BL/WOnVh8HOXAyvDHPLfpRdLMNDw8rhxyCeWZ5SS8OJuaPmXB9reJuzEs5aN/ZgWzJnyL8qw9n11tpI64F+ftHe9y/sCzGZI3+KDm02FHy07mbfkrljKJO0dnFa4QQgghhBBCCCHEv7JDEqA6NVXo9gaUL1Xd59pYI8/GyPzHqvHMkmM+2wWGhTVkOu7WDzu/dje/g441o4LZnaelh9Lx+XzYts2gQYOIRKL8xzf/g1UrVpCbn4eTsIkn4qSHQp3XRKJRvv6Nf2fZsmX89J57mHzyyeTk5mCZJo7rUlNTy/0PPMBLL73EwoULaGlu5tE5f8Lv93c71fRQOoWFhVRXV5OVlYXf5+c7N3+XT9av456772bUqFHk5eZR31DPwoVv8pv//V+09ljy3nt869s38cTjjxEMdtNTFlhbtY5LL7uU1pZWLr30Um6/7cekp6d3Hh86dAhnnnE6//X9W/jbG3+jva2d79/5XQKBQI/L+pctX8E1115LW2sLQ4cO48Ff/5rBgyo7j5988iSuuOwynnn2OX70ox9x9TUzeeh3v2X6tGldxnGVJmD4MQ0DrTWm8h34Z5rit/z4TT+mMlEo/Gbyc7UMC7/hR+OR5cvgvMqzCO5VZXp+5Tn8Ytmv2dpazebWT7lr6S+5f8rdpKWqmhvjzcmWBQrmbnyF7x337YOuQvW0x6PrnkKh0EBLovWgrhNCCCGEEEIIIYQQR45D0gPV3boUtVfopNFYAycB6lDcvgsjfwC6477KwGurw2vd3eWcgvx8HM8FID0tnd//4WF219byx9mzeeH553n22We44447se09FYWtLa20NLfwyssv85ULzqegIB/LNAGwTJPSviXc9ZP/5pRTTsE0TT788ENemvdKj/O0LJO0YAClFJZp8sMf/5iA38fLL73IxRddxLChQ+nTp5Dhw4Zx479/g/vuvRetIZiWxooVK3hjwZvdjhuNRvnu975HPB6noLCQH3z/v7qEpx2ysrK4639+QnZ2Nn9+4nEe/sMfkp+fYWAYXV+bhoYGbvzmN4lHo+Tl5fPQ737XJTzt4Pf7ueLyy/jSOefguS7fuPFGtmzd2uWcTCsdpRRag4cm15/V42e0t6DhT71OGqUUGb5UuG0olDJQKJRhEXO7VoGWZfblG8dci9YePuVnR/tOVtet7Ty+u313MpA1LN7d/T6bmz49qPkArK1bxzu73sdvJMPc2mj4oK8VQgghhBBCCCGEEEeGQxOg7loLxp5iV2VYGDl9D8Wt96dMlLlXVaMGL7ypyynNLc1YpkkgEGDui3N59dVXefaZp5l+ylT6VVQwdMgQrrjsUoqKijqvSUsLct99v2RQN8Fhh0AgwI3//g0c18PyWcydOxfbtrs917IsTJ8fpRQNjY2sWbuWe+6+i8zMzG7PP/OM07nqqquIRqMEAn6ee+4ZHGf/DbI+XrOWdVVVgOLLX/4yeXl5Pc43Pz+PU6efit8f4Le//R27a2r2O0drza8f/A3hcC2u53HTt79Nv4ryHsdUSnHD9ddjWiau4/Cb3/xvl02pHO0AChQYyiCuu/989hWy0pLdHJQCpbB1MgDPtNLR2sPVmoDhw2/sX3TdN6OYdF8GHh4GBltbqzuPtcRb8fBAKzSap9Y/j6cPvHkYgOM5PLruKQylOnJdGmNNB/UsQgghhBBCCCGEEOLIcUgCVN1eB50VqDpZARrsfhOhL34yXjJkIxnaKcPAa+haBalJhncoRW04zPe++z1KinvuVwrJis0hg3vvj1laWkpuTg5KGWzbto1YPN7teaZpkh4K4Xke8Xicb//Hf5CRkXHAsS+5+OLOa9dWraM9EtnvnKVLl6YqSDVjxozZ7/i+hg4ZgmEYxOIxlq9Ysd/xXbt38+RTTxIMppEeCnHGGaf3Omb//v0oLi7G5/Pz6qvzaWho7DxmGtael1JD0DzwZlsdIl4CnzJTy/4NQmZymX6uPxtHuxhKYSmD7qqeXc9NvhIkq17zArmdx2qjdaBTVdPK4oPa5Wxu2tLrfD7cvYKPG9ZiKRNU8vqmRMtBPYsQQgghhBBCCCGEOHIckgA1WRrYUWWYSqqijT2d/cVSBjg2ewdpOt41aPT5/Gg0ruNQWlrK8ccd97ndPuD3k5+fj9YejuMQP0CAmhYI4LoulmkyZnTvO9Hn5eeRm5uL9iASaaetrW2/cz7dsgXLZwGKzIz9l+7vKyMzs3Ojrh3bd+53fNGixdi2jeu6HHvsBAoLCnofMz2dyoGVaK2JxWOsXbtnyXyaGUy+KVqj0Z1BaG/SzCAeHlprFIpAqgdquxvBUiaGUni6o8K1q9pImNZE8rMKGD7G9xkLQNxNsKt9N6ZhkoxAk/88tu5p3FSFa3eidpQ/VT2BpSxMlax4VUoRjoTRHPymZ0IIIYQQQgghhBDi8Ds0Aaoyu37t2Xith6cfpI42ofdegu15YHbdqKijd6njuowcMYLQXptF/aM8rYlGI533sazu9/HSOtnLUylFIBgkP7/npfZ7zzs/Ly8V80Estn84m5+fj+smg0bP7X0pelNTI8pQyT6g/q6fk+d5fLB0KaZp4jgOJ5wwEdM0exhpr3laVjLo1RrHsWndK+j1pd4VDV02g+pNhi+tc7MnRbKSFaAl0YZlWKljBtY+S/hbE208tu4pNBrHc7huxAxy05LV0a7nUBetB+Cc/mcRNANYymRpzTI2NHRt+7C393YuZVPLpwzOqeSCynNxPBeFoi5aT8I9uJYEQgghhBBCCCGEEOLI0H169zlTGfl4TdtRnUGqwt36Ab7BpxyK23fhhTem9kRP1cQaBvtuqm6aJujkSv/09HRM8x/LmbXWNDU3s3HjJh7/8+PU1oYxlIFhGvh93e8yr5SiubUVv9+PYSiMgwgmPc/DdmwMI7lpUiCw//L3YyeM56Hf/Q7TMtm6bVuvY27csKmzt+iQIUO6HEskEmzevBnDMDBNkzcWLKClpZWGhnoys7IJBHwEA0E87RGLxonFY0SjUfoUFvLhsmWYpkl7e4K21r0qZVNr6VXqf57Z8AJ90gowDYtWpw1DmQTNIAYGUS+G69mEzDR2RWpQyugSogIYqfE6fuIJN0HQDNASb2VdwwYerXqCT1u3khvIZsawKzi9/7TOqUTsKM2JFlzP4Uv9T8dv+Hhy43NYhsUf1szhZyffmapO3SNqR5mz7gksZfLVwRcQskI8teE5TGXSkmghakc7q2OFEEIIIYQQQgghxJHvkASoZp/BeNuWA8mwSZkWzrrX0Cf/GyqYfSimkOTauFs/gFToldzcx0PldN30SKlkxKo1GEbvweW+Ghub2LJ1C5s2b+aT9Z/wycYNNNQ3kkjEGNB/AHl5eTTU12P2UoHaUYVqGAbt3SzH35eXuqbjGTK76Zk6fvx48vLyaG5p5o3X3+DqGV/D18McWlpbeevtN1FKUVJSzKhRI7scb49ECIfDycBWKerqwry96G1C6emkh0IEAgHi8TiWaeD3+3EcF8d12LR5M/369aOiohytNSUl+/SXTbWoNVB82rqVmlgYAxO/6cdnWLieR0LboD209kiz0miKN++5dr+xdKoCNMyP3v0fsn0Z1ETraIg1MKZgNKdWTOOEkgmUZpR0uTQcrcPBxW8GyPCnc/aA03l641xMw2Rd4yd8FP6YcUVd+8jO2/wquyI1jC04hmOLxrG5eQtGalJNdutBbUAlhBBCCCGEEEIIIY4chyZALRmFrZ/a8w1l4LWGsT9ZiH/0BYdiCgC4zTtwd66BvZdxaxejeHiX85J9NFN/9w4+8NqxcydPP/MMTz/9NI2NTQwaNIjTTz+dGVd9jfLyMkpLS4lFo1xx1ddoaKjHsnxEIhH8/t4rEpXaf/Oj/c6BVOWswu/3E4vHyCaryzl5ubnceeed3PSdm/hw2YfMm/cKX7ng/P3G8rTm979/mLr6ekzD5LbbbtsvkPVZFolUD9dIJMLtP76Nk0+e1GWuhmF0CYM7Al6g8+/JTa32ktq0CRTfGXsjA3P69/rsa8JV3Pref7NfgqpBp0LUnGAeoFhVvwZLWVimxWVDLmRofvebfzXGmnBcm/xQHoZhUBDI57Tyqbyx/W1MZfLHtY9xX8EIfKkWEI3RRp7e+AJKwdXDL8c0TDJ9maAUCrDdBC2JVvLScru9nxBCCCGEEEIIIYQ48hyaALXvMeALgufuWaJtBYm/+QBW5SSM9MJDMQ3sj18GNwFWkGSypiGYjbFPoOV5XnIZuEoGiQdjzdq1zLz2Wmpqaqno14//+78/cOz48fsto29paaG9vR2AQCCA2jc8TFFKdW7edLBM08Sf2njK5/P1GLp+6eyzaGy8gwceuJ9bf3grLa0tnHH66eTm5KC1pjYc5o9/nM0jjzxCXl4eP/zRDzl12rT9xtGAlWpBYJkmkUi02x6oHb1cO5/roChc7eI3um9xsL9klel+31XJXqoemjQrxA8m3MSDqx5ibcM6HNfhlyse5GeT7uw21NzVvhsPTW4wm4CZ/DlePPgC3trxLhrNpy1beWfHEk6pmAzA8xvn0Zxo5qSiExialwxl/aaPkBkk5sbR2qMh1kj/7IqDfCYhhBBCCCGEEEIIcbgdkk2kjOy+GP1PQHt77YBumBBtJTb/bvQh2FjHbdqG/eGTYPrp6IiJ52KWjsJI77pzvLd31elBhJgtLa3MnHktDQ2N9C3ty+OPPsqkE0/stgepYzs4joPnaQJ+X+eGVfvSWpOekY7jOPvPqQeGYaIA13WxLJNQWvebXxmGwdeuupJf/erXKGVw9913c9XXZnDdDTcw87rr+dqMq3nvvfe4edYsXn7pJS6+8MJug8+0YJCyslJcNxmM79i5vdc59kbvs8Td0U4PZ3blaDf5F9UxTqq6VSerXg0g5kQozujDd8b9O1n+ZGVuTaSG+1b8Brubd3B72y4MFNn+LIxUo9zSzL6c0/9MbM/GUhaPrn+auJugtj3MS5/+BZ/h56phl3T2RlXKINOflXzjFNREaj/bByKEEEIIIYQQQgghDqtDUoGKMgkceymRDW/u9U0Nlh93wyLib/yM4Kn/lQo3P3860Ub8tbvRThxl7lXRqF18w8/s7InaIRlWKkAdVAXqGwveoDZci8/ycfFFF1NRXnbA8z3PxfM8TNPaf/l6ilIKy/Lh2Dau309GN/1M9xVPxLEdG6XANEwsq+f+re9/sJQ7f/ITZs68lssu+Sp+v49wfT1aawry8snNzSEYDB7wfn6/n3HjxrNi+QpQirVV6zuX6v+9bM9NVv+mPnbHPbgANeImn1uTDEztVFhfEMzH9mx8pg8FRJ0YxelF/Pi47/G9d36MpSxWhVfzyNo/c/0xMzqrWF3PZXekBo0mP5jfGaACnN3/NF7ZOh+0pjZSy183/40d7TuJuTHOrDiVytyBneeGfEEyfZnURGpx0bQmeu9lK4QQQgghhBBCCCGOHIekAhXALB2HVTYW9g3ELB/2irnEXv8ZOhH53O+r7Six1+7C3bJ0n/DUg1Au1sCT97umo9pTKfC8AweoWmsWLX6HQCAISlFWWnrA8xN2Asdx8fv9RGPRLj1B951DIpFItTzQhELdV5PuzXUcbNvGMi00mniqP+m+wuE6vjbja7i2zbe+eSPl5WUUFRUxasQIjhk5kpKS4l7D0w5fPu9ctEqGqQsWvEFtbfigrutJuxtN/kUpFIpW5+DeCcdLoDAwAE97RN0YkKxo1SQ/T1OZ+FTydwZD8wdzw8iriXsJ/IaPFza/wuLtSzrHizoxaiNhFAbZ/swu9+qbWcKZ5adiaxe/6WPOuid5Y9tbWMrivIFndwmQfYaPDH8o2dNVaxrjTX//hyOEEEIIIYQQQgghDrlDFqAq00/glG93HxhafuxVLxF94Wa8uo2f2z29ll3EXr4Fe+3rYHbtpakdG//Eq1Hd9L50XCdVh5jaDr4XiUQidb6mpbXlgOf6LB/t7e0opXqsPgVwHIf29nYsy0RraGjsPXjTWqeW0yc7DyQS3bdGmPvCC9i2Q0FhAT7fP1aEPHzYME6bfirxeJy2tjYefeyxz3R9XV1dl3fCb5h42kMByejz4PrAhqxgarl/st9pwks+e12sCZ9holRymX/H9wHOGXgm08umdoao96/4DZsaPwWgIdZIc6IFZUBOMGe/+3258myCRiDV4UGT8BJMK51MZc6ALucZyiDLn4VGYyhFTXsYt6PdgBBCCCGEEEIIIYQ44h2yABXALB2D/8SrwY51c9CHu2UZ7Y9dR+LDx9Ftf3+vSB1vw/74RSJ/vh5n4+Kulaco8ByM/Ar8Yy7qYQCNp5OBVzyR6LFKFJJL7cePG0sikcA0DN5a+GZn39J9xRMJ7r//fhzHwXXdAy7hdxyHWDzWuXN9NNp7JWYsFicWi+N5GsNQZGZ2v+w/Ho9jWRZVVet4ad48wnV1RCIRHMchEokQjUaJx+M9PsfeDMPg9ttvIysrC9M0+cP//R9PPfNMr9dprXnm2ef47UO/71KxGXcSqNQyfM3+PVF70hhrxsQANFqDTyXbFzg6kYpgFQk3gbHXvQxlcP3IGRSl9UFrD1e73LX0l7Ql2km4CRJeAqUVOal+qXsryShmevlUbM/u3Gzsq0Mu6LLUv0NuMBuNRmFQE6096LYEQgghhBBCCCGEEOLwOzQ9UDspAhOvxd26FHfnGpQVYE+FoQbTAidO/I37SCx7Et/o87AGTcPIKUP50g48tOfiNe/A2boE56OXcGvWAypVebpXAKpd0Jq0c3+C8qd3O1R2dg6O62AaJo7d+wZXZ591Nvfd/wCu67J02TJ++9DvueG6a7ssg1+3bj13/vd/M3LkSAYOHMjWrVuorq6mobGRviUl+43puC52woZUmNhTNeneQukhEvE4Wms8T/cY/E6fPo1fP/ggiUSCW2+5lbz8fLKzswn4/WjA7/MRCAYJBAIUFRUxYvhwTjrpRAb079/teCXFxfzh4Yf5xjf+jYaGRm6//Xa2b9/BFZddSsk+z5awbdaureKPs//ICy+8wEO/e6jL8bgbx9MelmGitEebHe31uQEsw8TWDn6V/Hk3JVoopS+i0U9qAAAgAElEQVRxNxWAq2SA6u6zGVd2MIvvH/sdZi36IT7DRzga5ncf/ZFhuYPRWmMqs8eerhcNOo+/VS8g7toc22cc5Vnd974NmAEMDJRSNMQaiDhRAtb+G4wJIYQQQgghhBBCiCPPIQ5QQfnTSbvgF0QevxbdUpsMTbucoMDyo1triS/6PYl3ZmP0GYRZPAKjsBIjuwSsYLKXqmmiW2twG6pxd63B210F8XZAgdHNo2mN9jyCZ92CWXJMj3PctWsXruMQt2PYiURqw6eeN2QqKSnmFz//OTd95ztorfnVrx7gncWLOWHiCfgsHx+t/ojlK1Yy6z//k8suvYQhzw7h+z/4AQ319Vx/w9eZMnkyF110EYMHVXaOGYvGqKnZ3dnHtK2ttdfPtrGxkYSdwE7YNDU2EolESUvbP3geMXw49993H79+8EG2bdtGOBympqYmufwfME2DZOaoMJRCGQaBQIDLL7+Mm779bULdjDl+3Fiefuppfv7LX/D662/w4K9/zZw//YnJU6YwcMAAQunpNDc1sfTDpaxe/TH9+/fnT4/8iSmTu/ag9bSHpz00Jhqw3e77uO737LHmVPWnSrYASGXHBgaOdgkok7hn0xhvIivQtafpkLxBzBx+JbOrHsdv+lm8cwnv7/4Qv+HHw8Pq7l0C+qQXcnrFNF7Y/AqXD76o2+pTgHQrneT2Voq4m6Au2kBuN20BhBBCCCGEEEIIIcSRR+kDrU//ArnNO4g9dSNu0459lth3w/MguQ0PkAz2UArdUU2YqjBUykhtutQNrdGeQ2DqjQROmAn0vFP8hg0bee75ueQX5OO6DjOvvppAoPeKwVUffcSjjz3GkiXv01Bfj2GaZGdnMX3aqcy85moGDkz2x3Rdl3mv/IUPPvgAwzA49tgJTJk8mdzcPf1Yd9fUMGfOoxQUFFJbW8t5553DyBEjDnj/DRs3MveFFynILyBcV8f1180kPy+v23Nb29q47/77eeKJJxgzZixDhg6hpLiE/Lw8mpqaqKmtYcP6DaxYtRLHcTBNk2g0whVXXMmdt9/WY6DsOA4ffbSaeX/5C+8sXszOXbtwHAfLNEkLhZg06STO+dI5nHTixG43xtrRtpua9hp8pg/HcygK9aFvRnGvn/2mpk9pS7ShDAPXdRiQ3Z+cYDafNm2lOdGCYRi4nsvwvCEErf03yIq7CZbXrCRkpeEz/aRbQRKeS7vTzoCsfmQH9l/GD9ASb2VTyxbGFIzsMUCtjYTZ1roDn+nD9VwGZvfvcTwhhBBCCCGEEEIIcejMmjWr13MOW4AK4DVVE3vlDtztq8DyQaqH5YFoukaf+37d/Y2SlZWBad/GP+EK6CHo6vGeWve4jLu7c+vq6gmHa0kLhehTWEh6evetAg6XJe+/zy23/pD8vHzuuON2hgwehN/v3+8827b5ZONGfvrTn/HBB+/j8/mJxWK89OKLjBg+rNf7tLdHaGxqpLm5mbS0NAry88nKkuBQCCGEEEIIIYQQQhwZjvgAFUDHmokv+SP20ieSlaT7Luk/2HHYN0hN7ePuOhiZfQh+6Xasfif84xM+ylWtW8+5553HkCFDePLPj5Odnd3rNS0trVxz7bWsXbsW205w++23M+Oqqw7BbIUQQgghhBBCCCGE+OIcTID62UoxvwAqmE3wlP8k7bLfYJaPBc/prBj9TOPs/YUGXBs8D/+4Cwld+QcJT4F4IsFtt9+GbSeYdfPNBxWeAmRlZXLFFZdj2zamYVJXV/8Fz1QIIYQQQgghhBBCiCPDId9EqidW+XGYF4/C3fQmiVVzcbetSgapykQr1fsSeq1Bp3qiGgbWiDPwj7sYs3TcFz/5o8SmTZtZ/dFqsrKyGDCg/2e6tqK8AtM0cRyHfhUVX9AMhRBCCCGEEEIIIYQ4shwxASqA8qVhDTsba9B03N1rcLZ+gLP5Hbzw5mRlqk5uJKU8F4zkjuvJTaMUWH7MPkMw+x+PNWQ6Zn5lzxtK/YtqaGggYdv4A4GD2hSrCwVojWVZDB4y5ICnep7Hjp07sRMJ0tPTKSoqAiAeTxCuC+O6yQrj7KwscnJy0FpTU1NLIpFAa41GY5omfUtKaG1rw7FtCgoKAGhsasJ1nM6vOyQSCXbt2oXruuTm5pGbu2eX+/b2COFwGNDk5eV19mFtaGjAcRz69OkDQFNTE05q7Lr6eiLtETztoVDk5OaQvVf/1vb2CLW1tRiGoqioiGAwiOM41NTU4rgO6GQ/XH/AT0lxcecvAOLxOOG6Ovr06YPf58O2bWpqaykuKsK2HcJ14eRnoDVpaWn0KSzs8ssD13Wpqa1Fa01JcTGGYdDe3k64ro683NzOZ3Mchx07d1JSXNzZ3zYWi1FXV0/fviUYhpGabw3FxcWdm4K1trbS2tZG35KSLp+v63rU1NQQj8cIBoMUp54pkUiwu6YGrTVo8LRHZkYGubm57K6pwVCq89zW1lYaGhrJz88jEAhQU1uL57ponXxnMjLSKSgooKamhoyMDDIyMgAIh8OkpaXhui4NjY1YloVSCse2CQbTKC4uOuD7KIQQQgghhBBCCPGPOKIC1E5WALNsPGbZePzHX41uq8VrrMZr3omONiXDKTuG4Q+h0rJRuRUYef0wQnlgfcZg8F+Iz+/DMk0SiQRNTc2UlZYe9LXVW6qJxWKMHT+OoYMH9Xiebdv8df5rbNnyKbm5uTQ0NjJ61DGcMnUKjY0NPPPcc+Tm5oKnaWpu5ktnnUVl5UDmvvQilmmSkZGJ53mkBYOcfdaZfLTqIz5csYKvX3ctGRkZLF36Ia2tLVx04YWd90zE47w0bx4tbW2YhklDYwMXnn8+/fr1Y/fu3cx98SUs08Ty+WhtbeUr559PeXkZ773/Pg2NjXztiisAWLlyJXX1DVx80YW8+eZb7Ni1i9ycbBzbIRqP8eUvnUN5RTl1dXU88/xc/D6LRDyB5fNx+aWXAPD0c8+Rk51NMBjA8zzycnIpOqNPZ0BZW1vLs8/P5corLqdPYSHNzS08+9zzXP21q6irq+OlV16hKBXoNjQ0MGb0aCaffDKGkey2EYvFePGll2lrb+P6mTPJzc3lnXffY+VHq5h04olMOukkADZs2MjzL77IOWedxdixYwCoqanh6Wef40tnncnIkSNpbW3lmeef5/prriEjMxOtNX+dP58tW6v5t+uv62zxkEgk+MtfX2Xbju3kZGUTrq9n1IjhnHbqqdQ3NPDUM8/SNxXmep7HwIEDOWbUSJ597nlc1+X6a2eSlZXFm2+9RdX6TzjjtFMpKy3j6WeeJS8vj0DAj207DBwwgJycHP766nx8fj+XX3oJpmny+oIFDB86FL/fz4fLl9Pe3k4iYZObk0NxcRHFxacf9HsshBBCCCGEEEII8VkdmQHqXpQvDZXbDyO33+GeylFvxLBh5OTmUFNTy4oVKxg1csRBXReLx3n08UdRhuKHt9x6wOrVlStXUl1dzYyrriIzM5OamhqeePoZBg+qJBhMQ3uaiy64gIyMDN56exFvL15MSUkxjuNwyuTJDBs2LDmQBmUoQBOLxVi0+B3OPutMlKFQ+2wXVldfz9Zt25lx5RUUFhbywdKlNLe04Lour772NwYOGMC0U6ZiGAbLly/nxZdf5vprZ+KzfF3HUip1T0jYCcaOPoapU6agtebFl1/mvQ/ep7SslL+++irDhgxm8sknk0gkeHX+a9TV11NYUID2PM45+ywKCwuTj6F1Z/i55zYKv8/XccvOClPP04TS0rjk4ovx+Xxs2LCBl1/5C2NGjyYnZ09Frc/nw2f52LlzF1lZWezcuZOAP4Dn6dQ4HqvXrKGkqIgVH61i1KiRyapNkq0wXl+wkMrKys5Qt6ODcGNjI7W1YbKzs1j/yQaOP+5YAFasXMmuXbu4OvUz3bVzFx8sXUo8HkcBpmFw0YVf6fJeRCIRTDNZ5VpfX09aWho1NWECAX+y20Zq77ovn3tOMlBP8TwPv9/Hlm3VrF+/nhEjRuBpjedphg8fztChQ3nnnXfZvnMHl1x0EUbnMwghhBBCCCGEEEJ8MY74AFV8fjIzM/ned/+LWd+9mXvvu4/jjjuWYUOHHvCaaCzGbXfcwbJly/jBD27pDNW6o7Xmk02bGDdmT+DXt29fystKWf/JBo4ZNRJlGDQ2NhKLxQiHw2RlZmJZFgGfj2UrV1G9fXtyWX1hIccdeyyup+lXUcGmzZuprq4mMzOTlqaWLvfNy8ujT2EBzzz3PP0qyhk6ZAgDBw6ktbWV+vp6zjrj9M5l7CNHjuTd99+ntjaMYXQTviVzPSzLoqa2lrVrq3Bdl3BtmBOOP47W1lZ219Zy9llnYVkWlmVx4VcuAKC1pRXTNFm0+B0yMjNwHIf+/fozcsTwzuGVYaDRvLVoEQF/gEg0gqc1SikMQ2HbNlVVVQQCATZv/pQ+fQoJhUJ7fcbgsywGDxrErt276dOnENOyKC4uxnUdIFm5Wl9fx+WXXsoTTz/D7t27KSsrw9Me2Tk5+H0Wi995h2MnTMAyzc4d2D5avZoRw4ZRWTmQV159lXFjx2BZFqs/XsP4cePIysoiFosRSg8xdeoULMtCa42nPV5/YwE+n49YPM4pUyYTDAYxTYvKgWVs27aNYDBIIOgnLRTE89zU8xq89fYiQqEQtm0zYvhw+vfvh2GYDB00iDffXkRpaSlpwTQcx0YplQx9U/+2UiG0EEIIIYQQQgghxBdJAtR/MRd+5XwaGur5+S9+wVcuvIif3nMPU6ZMJic7u0uvzda2Nj5e/TH33X8/K1au5I477mDm1Vf3upmX6zhYVtfXyjRMbDuR+koz76+vYhkGWdnZneGm42ky0kP0KSjEcZLLsyHZEqBfRTmjR43k9TcWUFZWiml2regMBoNcfOGFbNiwkU82bOCFl19myqRJVFZWAnSpAFUqWcHqeS6GAQH/XiGcBiM1tmEYNDe38PHatWzZsoWpkyczevRoamtrO8fZV0eYmJ2VRX5+Po7rkJmR3u15oWAa6aljOrX5mVIKx3HZvGUrmzZvpqS4mK9edFFn+Js8B2zHoaK8nHWfrGf1x2voW1JCPB6nIwmtWreOjPR0tNbk5+WybMUKysrKUCgCPh+nn3oqz86dS0Z6On6/H8MwsG2bj9esYeLxx+P3+4m0R9m9ezfl5eUk4nF8qbDyk08+YfG772LbDuefdy6hUDoKRX5eLoFAANu2sUwTrTWu6zKgf382bNxIwrapKCunobEhVX2q8bQmOzuL3JxcbNsmLS0IJPvEHn/ssWzYtJE3316E53ldwu6Ojz75/a7vghBCCCGEEEIIIcTnTQLUfzGmafJvX7+B4447jtmPPMKPfvRjQukhhg0bRn5eHh6aluZmPv10C60tLUw5ZSr/8z8/YWgvG0dBMgAs7duXtVXrGT9+PD6fj7a2Nqq3b+fM007DMAwMZXD+eeeSn5fXGd7F43Fcx2HUyJEMSoWeHbTWRCNRTpw4kTVVVaxavZoRQ4d1OWfd+vVUb9vGGaedxujRx/Dee++xes1aRo0ahT8QYOPGTZ0bRW2r3objOBQWFlIbrmPnrl2d40TjMbSXDDMTiQTDhg7hpBNP5I0FC6hav46xY8eQm5sMCnfu3El+fj5aa159dT5DhgymqKgI7WmOP/64zs2c9qU9D6UMTjjheLKysmhsbGTdJ+uT4avnkZaWxpfPPYdt27bxwksvU1NTQ79+e9pXaMBxHbJzsrFMiw+XL+eCL5/Hxg0bsXwWtm2ztmodSilefuUvOI7N9u07iEQi+Hw+orEohX0KmXLyycz/299ID4WwLIvdu3cTjcZYu249Ves/IRDws2LlSsrLyxk8eDDrN3zCmDGjGT16NMXFJfz5qSdJJGxCIQ1KccIJJ3QJM1tbW3Fcl9zcZDi6avVqLjjvPGrrwqkl/Mmf7cTjjyeUvidkdl0X1/NAKaacfDJ/mP0ItuMwaOCALp+BEEIIIYQQQgghxKEiAeq/qPHjxjJ+3APs2r2bLVu2sm3bNpqamkhLCxIMplFRUc7AAQM6e3kerGPHj2fjps08/cyzDOjfn6r16ynMz2fI4EHU1dejSVaMBoPBzmu0ToZwHy5bxu7dNcml6BqOPXYChqGIx+KYpslp06cze84c4olEl3uWFBUz75W/EIlE6VtSzPKVqxgzZjShUIjTpp3CvL/8lda2VnyWj+UrVzJ50iTS09MZ0L8fby9ezEvz5pGdlcWaNWs595wvAckANRGPo5Ti5EmTeHj2bBYsWMhZZ53JmaefzkvzXiFcV0dTUzObNm9m4sQT0Kml+G+9vYicnBxc1yEtmMb48eM6Kzg9rdGeRzQaIysrC8dxOsNEz/NwXQfXdenfvz+jjzmGuS++xHUzryEzM7PjwyIWjREMBCjt25eNmzeRn5fHqkiEgsJCtm7dSjQa5evXXYc/4MdxHP706GOs+mg1pX374jgunusycuQIVqxaRX19PfF4nCUffMDYsWM4ZcoUlFLU1dUx5/HHmdLUxEknTmTOY4/zxFNPUzlgINXbq1FKkZubg+d5aO2xYMFCAgE/jutSXFRE3759icfjBIMBivr0YXdNDXn5+bS3teN5Hsmd4DQL33qLrKxsXNchMyODkSNHoj031SognVOmTuEvr85PXZPkOi6ObX/2l14IIYQQQgghhBDi72DecccddxzuSYjDJzMjg/KyMkaOHMGECeMZM3o0I0eMoKy0lPT0/Zef9yYYDDJ4UCXRWIxwfT0DB/TnlKlTCQSDuK6HZZlUlJV1BoodTMPEsiwSiTiu62E7NhXl5QT8frJzcigoKCAUCpEeClFQUNC5U33HPQdVVlJfV099YwMjR4xgwrhxmKZJYWEhZaV9qQnXEU/EmXTiRI45ZhRKKdLT06koK6M2HCYai3H8cccxbOhQlFJ4nkdxURG5ublYlkVZ3740NDVRVlpKUVERJUXF7Ni5k1AoxFlnnE5BQUFngIoC205g2w6GoSgrLd2zYZPWWD4fFeXlnUvzlVL0q6jAsiyCwTTKy8owDIO+fUtwHIdQKET2XhWthmHQt6SEzMwsMjIyqKwciEaTn5dHPBFn4IABlJb2xTAMLMsiJycZUBYWFpCWlkZJSQk+n4++JSUEg0GKi4toaW1lwrhxhEIhDMMgFAqhlCIzI4O8vDwGD6rEtm1qw2H69OnD9KlTKSws7NwMytUejm2TsB1CaWkUFfXBNA0G9O9PVlYmOTnZ9O/XD601JcXFZGVld1as2nYC23EwTYuy0lIM06S4pJiM9HTy8/IxTYOy0tLOql6tNdnZ2RQXF/faUkIIIYQQQggh/plEIhGWLFnC4sWLmTdvHosWLaK6uprm5mYKCwv3+//aX7Tkfik/oKKigr59+x7Se4tD6+c//zn33nsvjz32GEuXLmX06NF7ir2Ocq+99lqv5yjdkYAIIYQQQgghhBBCiCNOJBJh/vz5zJ8/n0gkAkBaWhoA0WgUgFAoxJlnnsmZZ57ZZTPiL9Lvf/97Fi9ezOTJk7nhhhsOyT3FoXfnnXeyaNEiEnutCB46dCi33347ZWVlh3Fmn49Zs2b1eo7swCKEEEIIIYQQQvwzCi/gzhkzmF31dx7vRdXsGcz4uy6uYvaMO1kQPthz//45/jOIRCLcfffdzJ07l4qKCm666SbmzJnDQw89xEMPPcTvfvc7brrpJioqKpg7dy533313Z8j6RVm0aBE333wzixcv7vL1okWLvtD7isPj7bffZseOHYTDYa688kosy2Lx4sW0trYe7qkdMhKgCiGEEEIIIYQQ/7QqqX66u7CyitmzHmHT4ZiSOGgd4Wl1dTVXXnklt956KxMmTACgqqqKdevWEQqFmDBhArfeeitXXnkl1dXVX2iI+thjj/Hwww9TV1fX5ft1dXU8/PDDPP/881/IfTuFF3DnjNlU7fe9Gdy5z4t+UCF/1Wxm7DveESH5y4MZ+/65cwEH9buHAwkv4M6D/CXGsmXLqKuro7m5mWOPPZZTTz2VU045Ba01y5cvp7m5+R+dzVFBNpESQgghhBBCCCH+iU2eXMGi1WGmT99rk+CqJSycNo1pCxfu+V54AXd2CVUruebe25lemDr2vzC54hEeWQhMu4VbutwlzII7Z/HIpmncMmcmwzu/7hjqGu69fTqFVDF7xj0sBJg1g623zOHcXXcya+sl3MI93JOazrRb5jBzeDcPc6A5dnO88pp7ub3jYNVsZtyz53l7vMcR5Pnnn6e6upobbriByZMnA8lqz8cff7wzIO1Yuv+Vr3ylc/l+R5B51VVXfa7z2bp1a6/9Il944QUmTJhAv379Ptd7dyosoYJHWFI1k+EdP7+6rWyqrKRy0WrC06eT/IlXsWQhTLvlCP8h96Lre5r872rW7BLmHKKXd9GiRUyaNIkf/OAH5OXlAXDzzTdTW1vLqlWrmDRpEtnZ2YdkLoeTVKAKIYQQQgghhBD/zI6ZSMWi1V2q1qqWLGTaxIl7vpEKHitumcOcOXOYM+derqncxCP/u1e126ZHWNTv3uTxLuFNKiytuIU5e4Wniyanzp0zh1sqHmHW7CpgODPn3MI0Krnm3r2CoYX38HTH2PdeQ/U93Szb73WOyaraPcdvoeKRWclxqmYz4x64JTWf5D0Oto3A4REOh3nttdcYNmxYZ3i6detWHn74YSKRCOXl5ZSXlxOJRJg7d27n8vnJkyczbNgwXnvtNcLhz/cB58+ff1DnfbFL+YczcRpU79rzbFVLFjLtkkuo2LSVzrrY8C6qmcbEozs/3Uch0y+ZBguXHNKK2enTp+Pz+bBtu/PPhRdeSH5+/iGcxeElAaoQQgghhBBCCPFPbTgTKxaxujNvqmLJwn2CpcLp3D5n70q3Qo6ZXLnPOJVMPqaQfVXNnsUjXMO9HRdXzeMRruHGvSpeh8+8hWkLn+45sKzc6/zC6SQzon0iol7mGF7wNAsrr+HczuPDmTlnDjOHh1nw9EKm3TKT4XuNdeM18Mi8I2/hdofly5cDcOaZZ3Z+r7CwkDPOOIMzzjiDu+66i7vuuovx48cDyaXWHTqu6Rjj87Lvsv2eVFdXf6733VdBv0o2be2YS5hd1ZX0KxjOxGkL6Xxt6rayqbIf/5+9e4+Oqr73//+aEAyBcsuAYLhk+JHhS+yhv2XiV0gy0WIttuuIWs+RgJ5loT2np19EoKb1V78WuVgPPVQsKHKOPe2Swyog9HdaC/bXQj1SSCBiIV2rfkuQgEwkhFuGhIu5QMj+/bH3zOyZzE4mISGT8HysFSX7+tmf2Z+9d97z/nz2iOBS7y+Pqxu883KRXerDAf7zen/5U1r+/vvh+cvf13lrWIFY+yt/y9Yl/0YH+C1/K6KLf2gYg1bd9Ds3nvCXvvQlXb9+XefOnVNjY6OuXbummpoa1dbWyufztRlEvX79uhqbmtTQ2Bjzp8n2UqpERxd+AAAAAAD6uKxp47Ut2I2//APtnj5N8yR90GpJWxd7SZpY0PaGd6/USkkT505RqBf96U+l47tV9NSGqIUnaq7TdsbfIXtodkTGRKn4tM7rjhgLxy5jTeVxafwstQ7x1qjyuLR75VPaHT1ruuOR9bjKykpJCo15Kpnd9e3d8nfu3KkjR46E5gUF1+nqDNTgvtrT3QHUkVMKNHHDByqfl6Ws8x+pWAWaP1JSxkTt/qBc87KydP70p5pY8JB5PpS/paIN4/X8xqXKkhnAjNkN3nG5EXp/+Up9One1Nt4/0spoXq4M2/ARxzdUatbGjZpnnZ9F6+dq9caNGmllTr9bfr/mZZkB2pWfztXqjfdrpJWtvfx921ATbTK/DND0560vA8r11spPNXf1RrMc5W/pqZXvqvx+25cFN2DDhg36/Oc/rz/96U+qrKzU1772NQ0aNEglJSX685//rEcffVS//e1vde+99yo9PT3mNupqa9XY2Bhz3tChQ5Vy221dUNLuRwAVAAAAAIC+LmuaxluBFX2wW9OnzZMiOgGHg5ITrSDR+feXq6i9ntgT52r1fGl90Xq9P8U2FmlozNOu1MkyWnrDmKd27WV7rlmzJpRhOnny5JjjnXZ3INNJd73AKmTkHRqvYp0+L2XVVOr4+GnmuTalQBOLT+u8RuijYqlgvjUa6ge7NXHu6lBQMeuhuZpYZAVgbZst/8AenJSy5m3URkk6/76Kj08MbU9ZD2nuxCJrbGFz0sS5D1nrjVDGRGligfWlwsg7ND60h/P6qPi4ps9aarUNs0v+hm32sVsjtQr8T7RleytL8zYuDW/99KeSbW+dVV1drXfffVcTJkzQ7bffrsmTJ6u6ulqbNm0KLePxeDR69GgNHDhQu3bt0l133aXJkycrJSUltEy/fv00aNAgXb9+XdeuXYvYR0pKilJTU2+4rDcLAVQAAAAAAPq8LE2bvlIflE+Tdk/XtHlRs8s/0O7OBD3H36GRI7M0a/oGrVz/vqYsvV8j7xgvWWNRxr2tT0/rvLJCy8fMJm2njOGs1ayo+WZAq/j0eSmra0O63WnEiBGO8yorK0PB0yeffDKim78UDmCOH3/jwTT7Pju6fLe9SEpZmjb9uD6oCY7na53QI6eoQOv10fk7VHl8vKaNlMwu/tLx3UWKTIqeaAZgQ7+by00siFHvNZU6rvGadcOnj1M29HTH9tJ24D/yZW0TJ0YPu9E5f/rTn3TXXXfp9ttvV1JSkvLy8uT3+3X69Gldv35dbrdbEyZM0MCBAzV48GANGjRIlZWVSk9P18iRkUcxaNAgNTY1RQZQXS4NHDgwItia6BgDFQAAAACAW0DWtOnavXKldk+fFrt7r/0FPOVvqWjD8VhLxd72vOc1/fgGrX//vJWdt1sr7YMtlr+lp556y/nFN8c3KDQc6fn3tW33RM19KEYp2yjjyPtnabp9O6GxKaX7Z03X8Q3rbeNBBucl7lukgsFH+9imQSNHjtSiRYu0aE1gliwAACAASURBVNGi0Aum7ILrRAezbkS8L5Dq7PIdNSJjoj49XW6NfxqcOlJ3jD+uyo9O69PQeT5Sd4y3spaDLxHbuFEbN9oypm3LhcdWjdiZJupTnb7h08UM5k9/fmNUWTrZ5b78XW04Pj30crSls7omYP7JJ59oyJAhamlpUXNzs1JTU5WVlaX7779fX/7yl5Wdna3hw4fLMAw1Nzfrc5/7nM6ePauGhoZW20pKStKggQN1m62rfuqAARowYIBcLleXlPdmIIAKAAAAAMCtIGuapkuaHuu15Fnz9Pz03VoZfBnNtgytfn66dNz+8qk2N655zweDlCN1/9LnNX33yvDLbVZKz4eCRGb24IYiWwBz4nRpm7Vs0QaNfz46uBVPGbM0b/Vcfboy+EKdIm0Y/7w5tmTWPK2eK20oCs8rLoh33MmeEXw5VKxAZGVlpdauXau1a9fGzAwtLi6O2MaNKi8vV0lJSYfWKSkp6XDWakeMnFIgVX6gShXI/m6zrGnT9WlxsWxRVWVNm67jG95VOEa/PGZAP2ta5Bvuz7+/3HwB1MgpKph4XMXBxlD+rjYcj/1StXZKrSkFE7V7W/ilUuVvtf1Sq/YFA7vW+KihXd2h8bKX+YPWYwDHUFtbK5fLpWvXrunq1atx/0jS5cuXW3XVl6QBAwaofzCA6nJpwIABEQHV3oAu/AAAAAAA9EUj79fSjffbJphvpXf6PWveRm2M6tofnh29Ldv4kOEJtuXNbUePFBBrX+ffl6QMPbQ01vIdKaNiHLN91lI5zEpII0eO1IwZM7Rr1y4VFxdHZJraxzb99NNPlZUVDooHXyw1Y8aMLstAXbNmTafWW7lypf793/+9S8rQysg7NH73Bu2e/nzkeTMiQzr+aXi8UskKoC9X0VNPWRMmau7qGFmfrZabruc3mkNG3L/0eVU+FR4GYPrzG1sH+eMp9v1L9XzlU7aXrIX30WHWWKwbip7SBk3U3OfnauJKa2zYkVl6aO5EFW2wyjx9ruZOlNoLadfW1qpfv34xA6FtSUpK0meffabm5mb179+/1bxBgwbp2tWrSu7fv9dln0qSyzAMo6cLAQAAAAAAbk3mi6AKuuGlU71ffX29Xn75ZZ08ebLVWKfBzNToaZs2bdK4ceP0wgsvaODAgV1Sjl/84hedeiHV+PHjY77cConrj3/8oyoqKnTXXXcpOTn+vMvDhw9r2LBhysvL07Bhw2Iuc/HiRd12220J9/KooqKidpchAxUAAAAAACABDRw4UC+88IJefvllbdq0SYcOHdJXvvIVTZ48ORQ4ra+v15EjR/T73/9eR44c6fLgqaSYQdDKysqIMS9TU1O78aVRuFk+++wzJSUl6fr16x3KEk1KSlJjY6OuX7/uuMzQoUO7oog9ggxUAAAAAACABFZfX6/f//732rlzZyhoGQyQ1tfXSzIDmA8++KAee+yxm1KmYLZrUHSGLHqno0ePat26dWpqalJKSooGDhyowYMHa9CgQUpNTZXL5VJTU5Pq6+t1+fJlffbZZ2psbFRLS4tmzZql3NzcLg3e3wzxZKASQAUAAAAAAOgF6uvrdejQIVVWVoa61I8fP14ZGRnKycm5qYGr+vp6/fSnP1VZWZmys7P1rW99q9cFzgCJACoAAAAAAAAAOIongJp0E8oBAAAAAAAAAL0SAVQAAAAAAAAAcEAAFQAAAAAAAAAcEEAFAAAAAAAAAAcEUAEAAAAAAADAQXJPFwAA0H2MzwJq2rtOzf4DMupr21va+r+ru4t1k7iUNPQOpT7yr0oamdnThQEAAAAA9FJkoAJAH9a4e42uHf59u8FTwzBkBk77SvBUkgy1XKxW/a+/29MFAQAAAAD0YgRQAaAPaz5RGtdyfSlsGs24fLaniwAAAAAA6MWSP/vss54uAwCgu1yN8xrv6sshVIl7HQAAAACgs5LNbpsAAPRd3OsAAAAAAJ1FF34AAAAAAAAAcEAAFQAAAAAAAAAcEEAFAAAAAAAAAAcEUAEAAAAAAADAAQFUAAAAAAAAAHBAABUAAAAAAAAAHBBABQAAAAAAAAAHBFABAAAAAAAAwAEBVAAAAAAAAABwQAAVAAAAAAAAABwk93QBHB3drPlrSuSZ85KeK3C3vWygWKuWlCr3pefU3qJduu5NEChepSVb/K1neObopecKZBb5qDbPXyMtXq8nJgXXGavF65/QJMdtOs/vfke1ef47GpegdX7TBIq1askWxfh0Tb7FWv/g2YQ+PzvGPE9LYs3yLdb6J3robNw8X2tk7j9QvEpLTj7aM2U5ulnz3xlna9c32w80sOhvlXRyja5s29qJ+W14cIsG/410bfUcNXagLP0kqbFMjW88rWsd22P3su5Prflu8LpqayMR13jcKMd7aRdee+zXkhhzI+7TPSFQvEpLSnN77LyK9zPovnIGVLxqiU4+2nOfQdcyz6kqx+fk9uZH6ki99+i9sldzeg7yaE6feM4DAKBvS9AAakDF75TI5/OpZMtOHS3oxkCfu0DPrS/orq13jRh/4B3dPF9LVsn5QddTpXdWFeub0fOPbrb+gBnbfeVFfCLOPac/7CYl/vnZIbH+SDD/oFg1Lr4/8rrapCfWa/1N32sCG/lNDXxwq+p32icWKvVpM6Bp3IwyPPh59UvEwKldjABnoHiVlszf3Pkg6tGDKiFw2n1a3UvN6+78zT33Bc4tJ47PwF3wnPrUba+7lf5cm0c9F/XsEFDxKjNQ54lzM9T7zdL6OShQvEpLlmzWqB5LbAAAAPFIzABq4LBK/T49+tzdUskaHTz6hCZFPVEc3TxfwQQgj89nn2NmNy7OVekaK7vPM0cvPTdKO0Pf+toeXiIyUK1154zVli3B74dvNKOoe0x6cI48S04qIDn8oZ2r3LGlOhwoiHhIO3rQCkzHTANMIFEZXr6orB37528tYP7xdXSzzCQf22cWKNaqJSf1qDUtMgsmwb/1t5+fso5jsbQmePChLNVgJmvU+dpOPSaGSXpwjkdLSg8rUBAMHJl/VIc/pqigUlT2bihTPVCsVT+Xcsdu0ZYSSb7FemncO1FZNZGZYMGssZfGvWOdF2s0v8rcX2DzfL0zbrFyS9dYZTHPl1E7bdefiOyeqOwSW7DAzNjJ1ZyqLaHjCq1r+5yWzD/Zo9eclvMVSkr/gaQfhidm36t+8ut6o8cc9yX7DX1uulfXd89QQ5m1TAeyTAfMK1XyZ2VqGZdtZplKuv5/clW/U+o/a5cGjBssyaMBRaXq/39yVb+zUKlPL1byAGvhC7/V5bd+6LD1nuMueFS+Le/obECa5JbaOx9+rlyN3bJFJZLuvt+jg++bJ8aS+VtCbTXyemVv30e1ef5BjZtTpS1b/JJnjp7NLdWrJx/VYq1R+BKxXg+etW0jIoAV1c5kP5/juB86tcNQ+WIfe+Jwq+C5xTo5f4023x28NrZVJ2rnmCXpYMRxt7rmHrRdk1sFyyPrLHrbjvc9a97BcXNUtWWL/KH7mn17HkU8KiWM1p+BPRNSUe0kdruIvo/HOvfc4c91zXxbVmbU520/T6PvJ1OmSB8NjWgDPZ3VK0ljc3NVdfCoIh6UA4dVKp98nhJV2RdulT0fbtPR9e50vwrXffhe6VZbn0kc15L2yuV07wweblvnQy94DnLfmSuPToZ+b5XNbn8WDMTuAeGZ85KeG7XTeV7CPugCANB7JGQANXC4VH7fo5qkSZJPWnPwqJ6wPRge3Txfa6rm6KX1BXIHH37lUW5oCb+2vJOrl9avl9t6kF4y36M5L63Xere1/s6jKoj5BOXXltLguua212y+OwH/8GvfnXeP1c8PB1Rg+4P2YIlPdy9WYgdQQ0HQ9ebDdaBYq5asUrH1QBz5+QeXD/7xdbd8igy6h88n2x8I658Lr9urvvUv0ZqDi7V+/RNWvazR/BKfVVfm+fpO8YO2oJxzPSYu8zhKc1/S+ueskOfm+VqyeZTVDo9q85ItGrt4vZ6bJPP3+Uu0edR6PeGW5N9irrveCsUWx7dXd8FzekmR3RIDkvxb3lGu/dqxZL48c6ztH92s+WuCWfLhwOx6WyBmVbHtD5eSLToZnH90s+av+bmK73xOBZOe0PrF6uEu/JaLe3V95KMaIIUCof0zvdL5vTJGWrlMZXt1PTdb/TILpTKzO/+AdI+Mk2vi7KIvucZ5ZezO1eUyK2j6N1s0YOccNW6boWsPbtHgzAtWBqoVPK3/rS6/8UPJ+n3wPCVkEDWs/fPBv6U0dG5J0je+EDmMQ3i4lefC16+IDNcSbTm5WOvXB4OypeaXjovXy7xErNKSNfNV4rOWCRRr1ZJ3VPzgcypwW/fOsYu1/jlbkH+LdU66pbbvh220w0lxtIWEMUl3+6R3zgakSWqnTto6ZmtzJVUaZ32mZv1v1t22+0tJSfiaHNmTJNzden0ogL1Eq2TWWdv3PWvbW06Gr/fR27MCv/KEn5QSh/0zaH1+RLeTtu/jZuZluB5t595zL0kRPT2i20CMjOSI+4lZp+Hni4AOl/rle/S5nr1mj7pTuaU7ddR8apZkPvco91GNK7UFUI9u1vw1VZrz0npbYHON8zOu0/0q1r2y3WerNq4l8ZTLqSxuWT2rwtfJiH33kuegwOFSac4343sOnfSE+QwYXNe6Tzxa4JbU1jwAAHCjkgzDUGL9fKydW/zy5XhlGIa8M2bLU/KO9taE5x8skXyP+JRmGDKMNPm+MVseKbQNyT7fqxyfJN8j8qWZ8705PqnqjGpsy8deN01Z0zwRy978H0mKnlajvT/fIr8vR15buRW9jjdHY0v/Gi77xwdV4suRN7R4z33Ozvuv0d53SuRbNCd0bEaaT9+YLW3Z+bH5+c15Q298L/gZmcfpCx2/+XmXHPw4tL2/lgbPp4+1c4s0+xv2dedoka9E7+yt6dH6MAzD7BrdTl1JHs2e4bXqJUvTPJJn9gyrrszz1X+yJq56TJzP3WzznmlZ5ufy8U5t0Wx9w5cWWsY7Z5F81nWgZu87KvHM1gxvcH2v5rzxhuZ4w3U0LSvNtv3WbSiivcg+P2pZxbh2yKdHgmXz5sinKp0Jlsu3KFSO4LVJW3bq4+C27eX25sgnv07WOJezq+q8Y7aq+bxbSQ8Gfy9U8kjp+rGKqGUuyzXyXvWXJP1ASWmXdf1YB8ZGvbA3lL167ViFDLnlyo6x3IOPKnmAX9dCwdKtaigtk5F2r1JjLe+ga+tVivVZfbx5jUo805SVFu/5YC4be7vWvdDWhtN839BsT/h6JSl0rwytbzvH0rKmydPqmhE859Lk+94bemNOeH1z+fjuh221w/aPvSd+Yn9mhmEobWzwuhlfnYSuHVHXnujrhbmueX0I1aft8/TOmC2Pv1R/tV3Xwtc9r+Ys8slv1Vnb973gvsPPBMbHB1Viv1al+fSN2R7HOkiczyB6ueh20s59/OOd2uK3Hbf1mX4v+Lu9zqxlF4U+b+t50vbMGXk/iXq+qPmrSv0+5Xg7Wg9d92Oej2nKmlalgx8Hp9for6Uyy20/Xu8cvfHG90LnZ+j5OOb9Tx24X7X/bNXWtSSucjmWxXzWCT8HBbc3R96EfQ7ya8uS+Zo/P/yzZIvfdv4bUc8l4c+61fZq9urnW6TZK2zHGM88fvjhhx9++OGn1U88Ei8D9eghlXhma0Xwa1j3nZrmeVsfBDMpA2dVJY+m2b9MdY9qd0RPz9he/O1ryVo9HZ0x6pmtFXPa+656knLG/ibUjf/ooRL5cuZIOtRNBe0KAVX5pZK1T7ceZD+q+2Gg+Md68W1/q9mTcnzS2kM6OmeSJgUO6wO/T49MknXu+FXy4tN6O2rTntldexQ309hRsc7t+Ovx5vLr7Zj1v0LfszIkAmerJH+JXny61VKaLSlQ5ZfGPtJzGT+esTH3HTArvHVb7dkK75RrxyqU8n9b3fiz71U/VaipTErOjVpmXJr6SbqWfYeSGs1lulr/oW6psULX7RPLTqtlurfrd9YR/rdjnKM+LXrDzBA8eqPnQ6x7ndwa1eHhq8cq5iXC5uiWp7U2VE6PpsVTvDbaYV9oC7HrZJJmzPboxeB11bdIb7R7H7bzaGyrZxe/qgLSqFj16R4rT2QHbMf7XrTA2SrJM02Ru+sDY5+3cx+PddzOm4qxbDvPk5NyfNJvziqgSXIHquT35SRE7xX3ndNUtcvqxh84rA80Td9wS4djLRwo1o9ffDv8AssbbZZd9WzVqXKZzzpjH+lNz0EezV7xvcgM2KNb9PTa36h4xvc6kBl7VFtefFuavSLGOm3NAwAAnZUcb6T15gio+Dclkl+t/zD179JR32x5Dfu3sJGLRE6Lmt8qqhwZaXZa17B/y36jh9cJhiHJt0jrZscIFrQqk1lue5m9OWO1dtdR+WZLh0p8ypltyKhwWv/mivUZBvkWrVPsQzYUKH5FS7f6Jfm0aN135VWF3l6wVqHPzZsjn9bq0NHZSjvzgfy+R2yZuh4VLv9uzAfKnm0Lhi3jwD7Zdn4q+lxtvU70/9uqx54RWf8Vby/Q2pJwtpBZNkmeQi3/bqyu7IbCp2+MY4jRnp3bcGRdR64TtWSsa0es+W201UBc5ej6a42rMyuV7dX13G8qNVtqzvRK53+ua4r6xq1sr67nLlbSg1L/oeFlElWXn/NO56j98+v0+eB0b7LtI577lW1G6FphW8dsf9axrCuQO1CsV5YeiOt+GC6K40U8zvvWzeHUtiUz4OsZY16D2quTNN93tc4nqeJtLVhrBok9hcv1XdtNxYissFbXltZFcKhP23Zq2rvvRa3f9nUvsT+DiPMs5jntfB83h2xxOsbI87+t57vY91yZzxf+3+ivNT6NPlQiX87sHn52kCRDRlqWpla9pb0139Wdhz+Qps4zsz2l8PNvoFivLN0qv8xng+96rWuA1H692/dlRH2W7T5bBSLWtYoU3n4HytX2vTN27STec1CM64D3yyr0LNUHf62RL65rSUDFr6xViW+R1tmen0xtzQMAADciqacLECFwWAf8HhUuX6d162w/ywvlUYkOVUhyj9ZY+XXqgn29M1E5Ggjx5shXckgVFYfM7vs9XZ52pWmMR6o6E3CYH9DhA375Fq3TunWzHY7H6mZ3qNhcNsdaKta502e1V4+JwTt7uQo9JVr7SrGCJXWPHiv5T8npY0ozD0yJdmSJWq7O2arm81K/zB9Y3fdjdc03u/H3S3+jjWVu3LWLAWlAWuhlU5Kk7DsS7ObV2g2fDzGvVwGd6bKbXYUOlVj325hfVrStrePrXW2hQodKpLGj3epQnXhna926dVpe6JH/wOE4jzXWs4tHY9Ic6uzCKSsbL577XqRY19FA1508Xcz+GbSjnft4e/ePdpdt93nSqxyfXwcOF5tfSifMQ5Vbd06VDhyu0OED0tQ7W9dl4PAB+X2LtG5d7IBi53d9Y89WN1autp51esdzkF1cbUBSoPgtbfX7tChGhbU1DwAA3JiE+hs0cPiA/J6pavXc5y7QIz6p5FCFJK++XOhRyW+CAZeAit/aKn+rrcHkVY6vRGvXloQDiQnNrYJHfPJvfUvFoWfegIpfWaBXwhNsD8TWN+1RW/Hm+KSSrdrqN/84taaa587atxUezbFCby9YoLcr1MfEV489z62CeYXy+LdqafBD8H7ZDKraP5SKt7Vggfm5uQsekc+/VX8IzW77uMw/kg/osDU7UPyb1t35uuJIrHK9ZStHoPgVLbAFh3uTa8cqpHF/q2RVqNmha/61YxUy0rLbXOaG7XxHzY0e9Z/3A2tCoVJzs+WyjaGaiG78fGh9vQr+YfxIl/XJtAc9KvT20vjvpW21w97TFsKZWuFYQ1t1En2/MAObnql3xh2AbvXs4ntEBe5Y50uF3l5bIk/hl0MB0/buexGs6+hvikMXPr21NRGflGJ9Bm1p5z4efdwysxkXxLrJt7rXRH4mjiXI8cm/dWvCfSntvnOqtHWttirGc3SQLUgfKH7FNkzFjeiCZ6tOlyv4rPOH8L4DxXplwSsqDvSW5yBJFX/QVn84IJ82xiOVHAodU8UfbNehire1dKtUuDzGlyltzQMAADcsgbrwV2jXVr88hXPD3Y5sMrPzpdd+o+IHiuTzFWlh1TNausDMeMovLJTHfyA8UL4U0cWxVbfDWF0jndYNze6hLm+2srW1lL3c0WXOzM6XSqTsTOu47MffjWVvu7x+bV26QJE5ax4VLiuSL7NQywpXa5ltvqdwmYp8aTIMyTe3UAeWLZX18St/4TIVbl+mrQePqjDTemTMzFa+SrTPM9V6+YQ5Oc06d9YuCD+d5y98XbMznbt/3RwO3XXt56ds/zZirxNxvrRZjz1zNke3L0lSmk9FC6v0zGtr9cqYZSryueUrWqiqZ9Yq/DHla+Hrs5VpGDKUqcJlhVq9bIEWhGYv1Ou+NIV7Ctr2kVmohfnP6DWrHjyFC1XoeU1VwfZiuz6kZU2VZ+taLSgx92fvxhjcrvm/qC7RhiHDCJYrfG7KU6hlReaLM8JFi7WuzHPW/5qWLjhgtoMuipF1qgu/ZHXRz1a/83udu+bHs8wN26qGN6TUpxdrcNHfmpMu/FaXQy+Vik+XnvNxXUM7ej603m6ar0jLtFrLFgTP9HwtfL3Qagdx3K9adX21XzMyVbgwX8+sXWAF4jwqXLZQ+cte04HDNfL52tt+G+3QSGvz2HvsXlpiv6YEi7VMr/vc1vnRXp1Ez5ftmKO6QId2KtvzhUeFU6u0NPh5egq1rDAzvO/XF+rtZ8J11pH7Xqt9K826jgbXyVdhoUfmo1IifwaR55ls/w4dWZv38ejjlnXuZcowpKypHm1du0Al+Qv1+myvfEXLpNXLFG5iC/V68DOJ+PxsBbaeL5SdqZ65lwZFtdG0LE31SJpqvZAxfADm/c03V4UHloWenZW/UMsKt2vZ1oM6Wpip4HfNses9cl/R90pvm59J29cSdwfKFfveaT3rhD5Ec9++NENGWiI+Bzk//2aGrv1mnQTrM3/hQuWXbJcMQ0cPmtNabSN/oRbKed7rZKQCAHDDXLW1tYkSQQUAdLF+P/9qN269UKlPf1MqnZHQ2aCSdP2bv+vpIgDoEyq0dWGZsl8rJMsPAACgj3jppZfaXSaBMlABAL1K9r3qpwo1JXjwVOrZF4YA6EMqDmlfXrZm9VgvHgAAAPSE5PYXAQAg0oB5peqfdlnNu2d0Y/d9AEgUAe17dYW2VeZpwVpyTwEAAG41ZKACADqs8a1cNfZ0ITqAex2AG5OmvO+sUZ4UOS45AAAAbglJPV0AAAAAAAAAAEhUZKACAPo87nUAAAAAgM4igAoA6PO41wEAAAAAOosAKgCgz+NeBwAAAADoLMZABQAAAAAAAAAHZKACAPo87nUAAAAAgM4igAoA6PO41wEAAAAAOosu/AAAAAAAAADggAxUAECfx70OAAAAANBZrks/uZe/KgGgr7p+tadLkBj63dbTJQAAAAAAJKBlJ+9ud5lkuVw3oSgAAPQg7nUAAAAAgE5KVnNTT5cBAIDuxb0OAAAAANBJvEQKAAAAAAAAABwQQAUAAAAAAAAABwRQAQAAAAAAAMABAVQAAAAAAAAAcEAAFQAAAAAAAAAcEEAFAAAAAAAAAAcEUAEAAAAAAADAAQFUAAAAAAAAAHBAABUAAAAAAAAAHBBABQAAAAAAAAAHBFABAAAAAAAAwAEBVAAAAAAAAABwQAAVAAAAAAAAABwQQAUAAAAAAAAABwRQAQAAAAAAAMABAVQAAAAAAAAAcEAAFQAAAAAAAAAcEEAFAAAAAAAAAAfJhtHTRQAAAAAAAACAxJRM/BQAAAAAAAAAYks2SEEFAAAAAAAAgJjIQAUAAAAAAAAAB4yBCgAAAAAAAAAOyEAFAAAAAAAAAAeMgQoAAAAAAAAADshABQAAAAAAAAAHjIEKAAAAAAAAAA4IoAIAAAAAAACAA8ZABQAAAAAAAAAHjIEKAAAAAAAAAA6SW4igAgAAAAAAAEBMyS104QcAAAAAAACAmHiJFAAAAAAAAAA4YAxUAAAAAAAAAHCQ3MIgqAAAAAAAAAAQEy+RAgAAAAAAAAAHdOEHAAAAAAAAAAfJLbxFCgAAAAAAAABiSk4ecntPlwEAAAAAAAAAbr4r7S/iMgxSUAEAAAAAAADceoqKitpdJukmlAMAAAAAAAAAeiUCqAAAAAAAAADggAAqAAAAAAAAADgggAoAAAAAAAAADgigAgAAAAAAAIADAqgAAAAAAAAA4IAAKgAAAAAAAAA4IIAKAAAAAAAAAA4IoAIAAAAAAACAAwKoAAAAAAAAAOCAACoAAAAAAAAAOCCACgAAAAAAAAAOCKACAAAAAAAAgAMCqAAAAAAAAADgILk7Nnrx4kVdunRJzc3N3bF5oFdKTk7WkCFDNHTo0C7dLu0NAAAAAAD0Vd0VT+lQGbp6gxcvXtSVK1c0ePBgJSd3S3wW6JWam5v12WefSVKXNXraGwAAAAAA6Muam5t15coVSV0XT+moLo+4XLp0SUOHDiWYA0S57bbb1K9fP9XV1XVZg6e9AQAAAACAvuy2225TUlKSLl682HcCqM3NzerXr58Mw+jqTQO9XlJSUpd2tae9AQAAAACAvq5fv349OnQhL5ECAAAAAAAAAAcEUAEAAAAAAADAQbcMnEh3YuDmob0BAAAAAAB0HzJQAQAAAAAAAMABGahAL0d7AwAAAAAA6D5koAIAAAAAAACAAwKoAAAAAAAAAOCALvxAL0d7AwAAAAAA6D5koAIAAAAAAACAAzJQgV7uRttbxdvP6LV9seYka3CaR3d+9e/02LSxGnhDe+kNAipZvUxbxyzU67O9jks51lfyYI3xTtWX/+7LyhnVydqqr1LJL8o16ltflnMJYrHKrkItK/LJHeexAAAAAACA9nVLABVAb5Mqz9RsjYm4IjToVNlfdGDTalU1fF/fqXL3fgAAIABJREFUnz6qpwqXgFrXV8PZcpVXvKcNPzygv/zT9zXvC0M6vNVA2VZt/WiMFnZhSQEAAAAAwI1JwACqlTnlbz3HU7hMRT53F+yjQm8/85q08HU5J2e1LkeH9h8o0eplBzR1WZF8bvv+4tk3cLON0tSvzlar03v2Wf3hpR9q+/b/T3/xzdMX+vdI4RKQQ33VH9bbP/w37XvrP+T9QVHr+d3GLV/R6/LdrN0BAAAAAHALScAu/IYMQ8p/5jUVRgQYK7R14TK9YiztgiCqVT7D3FcrgRKtXr5NmrVUrz0b3Je5/2eqntFrhXFEPg1DhgwZhhGuD8OQYWSq8LXXFDxO4EbdaBd+w/qvEbM93K67fGO0/VcBXbxoyAg2h8Bh/demTdp37LKalazBmdl6+LHHNHVssOt6QCWrl2vb2K/rmeTf6d/2nJMG36O5L/yDvqAqlWzbpN/95ZQuN0vJg8foC199UrN8kcME1Fcd0K9+tV1l7e7j2/rhlHJt2LRPxy43Kzn1dn1h5tyo7dWr6sCv9KvffST/hQY1K9Z+g8dvtFmnbdZXapYK/+k+lb26R9t3n1D+33nC89qps4qtC/X6Pkny67Vn9kn5wWtNPGW36kKztLTIJ3esY6mPr94BAAAAAECkBMxAdeLVA7MytPzUBUluhQIGleElMmYFg6sV2rrwdckWhA2UrNbyA1Ot4EJbAirZYAZPIwO1XhUunaWq5dtV8kAwsyyqDPnxBFcjy1axdaG2j5mlsdu2KTisYkTw2ArmmrvI16xZVdpmO45w0MWc/8xrhR0cOxFo2+XABUm3S1b26bWK/9LL/7ZHl0bdo8e+nq00XVDZe7/SplXl8j/zggq9tnDcgU36t1FTVfjtr+rahVR5BgZUsnqVtl3I1H2PfV1ZadKFsvf0q22rVNX8gn7wRXOYgPqKrXr59X1qGGPto/mY9vzuj7H38ZdN+tcDQ5T12JP6dmqDyt77lT7c9qo05F8110qZPfuHV7VqxwWNuecxPZmdptTLp7Tvj79T2bZX1ZC6TP8rp+Pd7R15fHogbY92HPMrII/ccdbZqPxv68lr27TpwzTN/PYDGjNkVBeWPaCSf2u/3gEAAAAAQGu9KIBqF8w8e0avFZnhwkDJai3ftkElWTfYbTZQrgOVGZo6N8ZG3D4VvRbsJBtdBvP3hVvjzFC1qdx2QFOXvqbX3NZxvL5V2a8VyqsKbQ1mwvrcVjB1n5QxNXTMr1fN0tLXzGBqoGS1lq8uiSNIDMTjms4e2qT/2NMgZUxV1hBJOqt9W/fo0he+rh/OzQllLt6Zk60vbPiBfrb1Q33xB19UKBzXnKUnnylUTihptEQHKqV7vr1Qf3dncOUspTb8QNv+UqHAF0fJLb9+97N9upzxmJYWfdE6l+/UnVOztf2Hq/Re9D4up+nLS4v0RXewLKPU/9nXta/cr7lf8Ery6y/7Lmtw/v/Ss4VeKw58p+7MHqUN/8/PVHbsrNSVAVQNVtooSeVnZX7dE2edjb1TmZ7B0oej5LnzTuuLkC4qe6A8jnoHAAAAAACxJGQX/uA2IjYT2KcN2yqVtyDT7OL/7Frl2/aVNnmqMnTA6iZvmFuxbSO4KSPYtT5qfng/VarUGM1Ma6eLfcUftK0yTwuezbTKkKb8r8/SgRXbVfKlZ5UfOpzo8kTu2zAk5c1UvrW/4HGcrTGUeeGQ9mXM0ov5aeY+0vI1M2+b1p2KrOPgNtPyn9XafGvb8Vc4erkb7sJvSFKlti1fqG2xFhg8RV//er7SDENG4LAOnJNGZUn+w4cjFqtPHiKdO6SKmvt0u9sqU0aWMlJtbWnwYKUlS2U73lbW4K9qytgh6q9UZf/jamVbhTH8h/Rhg3TXA3nmPkN7GKP7HsjUe5v/qL+cuU8PjLLmjMnW30S01+EaM0ZS1VnVGJlyK0MPLP2RHghuP7hYcroyx0hl9fW6ahjqHzG0Rxtd+MMXE4drRKoGD5dC3fzjrrOo4QHMCuxY2RW+xkUcSzz17njEAAAAAADc2hI2A3X/ukXaHzUtY9aLik7urNi6SOtCC2Zo6k0omyQFzp2SMqYqzT7RfbvGdPU+xmRHZIaljc2QTlm7y5+pvG3rtGLRNkkZmvXis8onjQydkqqMe+6KeKu8UsfK+4VMTfGMUujdURfOmqffnv/Uv++JtZ1LqgqOshFL/y9o5pNTVLlpv/7zx/ul5FSleabogQce0F1Zo8zszGvX1KA0jR3V+o1VQ9Jul3RMgUtSKAU1Od43W11TfeCsTp07p3MV5frLRx/p2DlJuqxLbRS54y7p3CnbrzdaZ5JuuOzx1DsAAAAAAIgpYQOoeQvWtgqW2oUCpxmz9OLafLkD+/TqigM3vuO0scrQAZ0LSN6ED0Z6Vbh2rQoV0L5XV2jbikXapjwtWMs4qOio2zX1K4VxB+Dba59tcWf/o5ZmX1JV+Uf68I/7VHbsQ2379w/1q4xZ+t/P5ndLV/JA2c+0btNHumC+gUlpQ0Yp4657NOXPe/TnLt/bBZ09JyljbMQXLJ2ts64qe0/UOwAAAAAAfUECduG3d2N1WuKYyvZn6PEXv6P8NIXeeG+tZVvP9m/rjdSRXVVj7CNtsu7J2KYD5QHl5adFzTymbYvXSQvWaNbtY6TKKl0wjHCQxMo0G6M4yhO1byOyoDJkKO32MdKBswoYmaF9XKiqlHRP1HGkKe87a5Rnla+sYpYyM53qDn3Njba30HbabHOWwWlKk3TEf0ZGZtsvHgqeybG7hw/WmMl5+trkPH1N13R2zzqt/PUO7TmRp68l91eqLqjq7FUZt0dml166cE7SGI2yuuw77SNi+qUPtfk/P1LDXU/pxSeylRba5Fm99+c9+rNtfftQH+1xrC9/mT5skG7PnmgOQdCBOrMVwPxnh8ve3rG0Ue+edg8ZAAAAAIBbUlJPF6DzKnXqQvDfx7RtxS+tN9VLUprGZEj7y46F5r/3y8roDThIU/7XH5d+uUI/2XfBNt0MTu7PeFwPZErKfECPZ+zXum3BfVzQvv/8pSrzZqpV3LWzMrOVV/lL/WewHBf2aYdtXIML+36ixT/Zp3A1lGm/8pRN8BTdZdQU3Xe7dOG//1vlDfYZDSrf/Ly++/xmfdTgtLJ0rfzXWvH8Ev3ab5/aX0MG216E5LlL96RKf35vvy5ErH1Ke947Jg2erMyOtLFzfh2TNOUeewBS0qkP9eEFp5U6qaFc236+Rw3Jk/WVu6xg6Y3UWReVPa56BwAAAAAAMSVsF/62ZWrWgjwtXrfYGic1Q4+/uEB5K9bpw/ILys83g6AfrlinxfslKU8LFuRp/444N5+Wr++sGaVti1do8S/DkzMef1FrQtHRNOV/50XpJyu0eLE1KW+B1szqyuhlpma9+Lh+siJYjjw9/niGKk+NMjNS87+uxz9coRWhQppZucRP0X1G6Z5ZeXpv3X69ueSU7pv1kCYnX9CRD/9b+45c05jHv6Ipqc5r98+cosnJe7Rn3Y916Sv36Z4xg3X51H7t+f1HSs54XPd5JMmjr3wzT2Xrfq1/+fEpfe1Ldymt+Zj2/H6PjlwYrLwFD3RsrOHbMzU5eb8+/PmPlTrrIU0e3KALf96jd8tO6Vqnr4Dn9OHvt+mUbf2Gcx/po2OX1azBylvwdWWHYpPx11lqaqqkP+u99zJ1LStTWV1U9vjqHQAAAAAAxOIyuqr/r+XEiRMaMoSspu5yYd8avVT9kH7yOGHS3urSpUuaMGFCl2yrK9rbsV9+R2/sz9DfL1kcd/Z0w6kP9etfv6s/H7+sZiVrwPAM3fP4E/paVmiwCe1b85L+X/29lizOj3zZWsMxvbfx19p7rFqXrXE9J+bN0RNfy4pYLnofgyfm6dHHv6LsUant7KP19IZT+/TLje/qo3ONak4eoOEZ9+ihx7+itP0rtHZ/lr7xL09pSn9rvTFPt9m+zPpqPT15wHBlZOXpSw89oKwY9dh+nUlq8OvdN9/UnspGNWf8vZYvzlf/jpQ9dMwxjiXOegcAAAAAIBF1ZTzFrqioqN1lCKAmsmO/1HfekJ7+yeNWVukx/dKcIOKnvVeiBVABAAAAAAASXU8GUHtpF/5bRObjejrvO3rjO+F0tzyCpwAAAAAAAMBNQwA1wWU+/hP95PGeLgUAAAAAAABwa0rq6QIAAAAAAAAAQKLqlgzULh5WFUAbaG8AAAAAAADdhwxUAAAAAAAAAHBAABUAAAAAAAAAHBBABQAAAAAAAAAHBFABAAAAAAAAwAEBVAAAAAAAAABwQAAVAAAAAAAAABwQQAUAAAAAAAAABwRQAQAAAAAAAMBBcldvcMCAAbp8+XJXbxboMwYMGNCl26K9AQAAAACAvq4r4ykd1eUB1MbGRk2YMEGNDQ1dvWmgV7t+/boGfe5zOnHiRJdts7GxUXeMHt1l2wMAAAAAAEhEp8+c6bF904UfuElcLldPFwEAAAAAAAAdRAAVAAAAAAAAABwQQAUAAAAAAAAABwRQAQAAAAAAAMABAVQAAAAAAAAAcEAAFQAAAAAAAAAcEEAFAAAAAAAAAAcEUAEAAAAAAADAAQFUAAAAAAAAAHBAABUAAAAAAAAAHBBABQAAAAAAAAAHBFABAAAAAAAAwAEBVAAAAAAAAABwQAAVAAAAAAAAABwQQAUAAAAAAAAAB8k9XQB0HcMwVFtbq8bGRtU3NOjq1atquX5dzc3Nunr1qgzDUL9+/dSvXz/dlpKiQQMHatDnPqeRI0b0dNEBAAAAAACAhEQAtRczDENXr17V5cuXdfHiRV25ckWNjY0yDEOGYbReweVSS3Ozrl27psbGRl26eFGSVHvhgsaNG6fU1NSbfAQAAAAAAABAYiOA2ssYhqHGpiZdvnxZ586e1eXLlyMXcLmkGMFTl8sV3oa1jMvlkmEYCgQCunLlisaPHy+32x2xLAAAAAAAAHArI4DaSxiGoUuXLqm6ulp1dXWh6cFgp2EYEcFTl8slQ5LLtn7EOlFB0qtXr6qiokK1dXUaN3asBgwY0K3HAwAAAAAAAPQGBFATXEtLi+rq6nS+pkYXAoHImVFBUJc1LdSF3yGT1JDCWapW0NWQGVitOX9e9fX1GjlihIYOHarU1FQlJfGuMQAAAAAAANyaCKAmsAsXLujM2bO6WFcXyhp1yZZNagU+Zc2zZ5y2mq9wVmqIy6Uka5phC6I21NersrJSLpdLQ4cO1YDUVA0dMkRDhgxRcjKnDAAAAAAAAG4dRMMSUH19vT799FPV1taGpgWzRoMB0FAw1DDMH3tX/mjWtOC8pKSkiKBpUHBM1PBqhjlcQF2dzpw+rYGDBql/crKGDBkit9utAQMGMF4qAAAAAAAA+jQCqAmkpaVFVVVVqqmpUVNTU+TMqMBoq0BprMBpG/uJtZ2YwVcp1M2//rPPJEkXL17UyZMnlZKSomHDhytt+HANGTKErv4AAAAAAADocwigJoimpiYd+fhj1X/2WWIGImNkmjZdvapzZ8/q7JkzGjhwoDIyMjR06FCyUgEAAAAAANBnEEBNAHV1dfrkk0/U1NQkl8sVkSGaENrKbnW55HK5VN/QoPLycg0dOlQTJkxQamrqzSsfAAAAAAAA0E0SMNXx1nL69Gl98sknunbtmlxW5qkrKalXZnEmJSXp4sWLKi8v18mTJ52HBAAAAAAAAAB6CTJQe1BlZaWqq6vNLE5rWkJmoLbDsF5iFQyYXr16VVVVVbp69ao8Ho/69evXwyUEAAAAAAAAOocM1B7i9/tVXV1tZpoahgzDUFJSkloMQy6XK5SNmugMwzDLah1DcJpcLp07d05Hjx7VtWvXeriUAAAAAAAAQOf0jihdH+P3+3X69OnwBKu7fktLi1wyA5BGb8lCdbnMslpjoYZYAeG6ujqCqAAAAAAAAOi1CKDeZFVVVTp9+rSZZRrs9m7L3Ox144YGyxuj7C1WYPXSpUvy+/2979gAAAAAAABwyyOAehPV1NTo3LlzknppsLSDXElJcskc17WmpkZnz57t6SIBAAAAAAAAHUIA9Sa5cuWKTlovVrpl2ILELpdL1dXVamho6OFCAbgpzv1Ou978a4wZNTq4a4e274j6Ka6QKoq1fdch1cS7j5pD2rmjWBXR0yuKtX3HDhVXRE3ryLaBRGed59uLI1tAzaFdtvO/QsU7dulg9Inv2B7Cy9cc2tVq220XZ4e2R7XHiuId2nmIVoderp372Y2f4w7tNHi/jGir5rQONE0AANBFknu6ALeClpYWHT9+XI0NDaEXLt0Kgi+YMlpa5HK51NTUpBMnTigrKytyvFQAfUrNzu+pdLc0bMJ47fq79zXhv56RN2qZlPRcPZgzImqqVw9HL9iW2no1tTX7xCHVeHMUvRegz0hJUUrdGVXIa7WxGvkD9lbhVcHMjjSqG1WnTw7VyNuqbQO9Uzz3sxvfySXVS0p1mt9UrfKKHBXczKYMAABaIYB6E5w6dUr19fXmmKe95eVQXcDlckmGER7rVdLFixd15coVDR48uIdLB6C7jHjwx5o55nXt+EWmcv/rq/EHMCuKtf3EQOXNyJB/V6kaUoeptq5B6bkzNLR8h8rrrOWGTdbDBVLxEXNCeXGFvK3+shymdHdAhw7VxAjU1ujgrlJVB+NMKenKm5EjHdql/fVupTdUm/OGTVbewBPab/6irJkF8srMzNsfXHnYZD3MX7XoMW65hwV0sUbSCEk1lQpomIanBBtLhYp3nFBq7gzdrUPaWVqtJknDhw2zbcPWHoYN0/BYu6kJr2tvC60MS5c7UKaDNTN0d6tmZ99G8EsU6eCuUjW401VfbZVtcq5ST5SG2mCwfVUUh68Bsb+AAbpep+9nMc/3EZH3j5R0835XZi5XXXZINTNaf+mXkp4uHSlWhTdGu6so1vYjdaFfh0+eqQKv1e7TU1VdXScpRem5E9RQekS1srefChXvMKeZy8RotwAAIIQu/N3s8uXLOn/+fDjj8hbKvGw1zqt17KdOneqhEgG4Kc79Trt+kancfzim0pjdHqWm6lJbF/4Y3fAl1Wq0Hp5pBn4+qRumrJkz9fDMyRped0IHa7wqmDxM0jBlOQQwh+ZM0MDq8tbbrqnV0OyZeji4vaaA/MH+kXUBKXumHs5NV0rdER1StrmM6nSmQlJFsfYH3MqbOVMPz8xVesMRulKiRw0dKAUqzRO4pjIguUfHyGSr0cGyaik9Vw/PnKnRCgdcag6VqVrp5jk9WlYwxa5CxaUBuXPNNpOX3qByx5N+iO6ekKrq8tbza2qHKGem1e4mD1NToDLULbk2IOXMnKm89BTVHikz2+DkYVLdGVXI/NKiXJNDbXZgdVmM7s5AN4jjfhZL7PO9QuXVUnqudf9QtcorRuju7HSlKEXp2U49JjKUld6gT2IMFVCh0Va7sNrPmWDba1J1vTkva1iTqkvPaLS1jFmWGh3cdUSaHCxjqhnA7UwdAQBwiyADtRsZhqHTp0+rqSmqk6nLJZc1v68LZp8mJSWFuvTX19erpaVFSUnE74E+6favasaPzH/O/JvYi8STQZYy0MqFG5Ehd0qpynfsUPmwyXp45gxzeutITxSvCiaf0c5DNfIOsU0e4ZU3Igs1JRxwSnHLM0KShmigAkrNMMuYmiI1SKq51CA11Wn/jurw9s5USF6yUNEzhme4pTIzGOkPSO7s4VIgaqGLlQo0pchtnc/e0cNUfkIKdvlPcWeYgRvvaA0/ciJy3ZpLqleTakt3aHtoon3YgCjeAmWd2aWDNV4NtU0e4fVGZuWlDAzNC+1/SKoUGGi1wYFKUb0kqba+Sao7ou07joTWqa+skUaQLoduFsf9LJbY57tXo4cdUXnpDm1PSVfejJnmeR9H1HJETrbcu8pVoayI6V6vNzIL1ZZcPny02UKHD0yRNNpsr0NSretDrRqapNojO7Q91Kwa5KdZAQDgiABqN7py5YoCgei/YmS+XOnmF6dHBIPELdbQBYZhqKmpSfX19frc5z7Xk0UD0GuM0N0zZirY3XD7jiNmN8V4VvVmyb2rTAftOXnWH5vDJ8/Uw1ZXxw6h2z4SyYgMuVUmf4UUkFs5IyR/l++kjW77MXiz3NpZdkiRzW6Hyq1Mcm9FsbZ3sNnRbR+9idP57i2YGfoCb/+OavO8zohniyN09wRpe3Gl0kPTrC8Cla68mQXWMDQdKSXd9gEA6AhSALsRXdWdXb58uaeLAKC3qDmknbsOqUZeFczMVXpKR1Yeobuz3QpU10VOTklXlldSxZn2E1ntWxuSKtWdsLoPd9UbmIEbMUIetxQ4EVBT6pDYXYCHZsid0hTq6l9xps62bkq4O32s9jBiiAZaL4eSzO70kW8Fj1WkHOW4A2rd7LLkjdh/fIYPTFFTaDiOChXv4C3kSHytz/cKFe8oVoX1pWDWsLbWjsFboCxVh8fvtgyfkKMRrV4g157hSk1pCg+3UVHsOJwOAAAwkYHaTerr61VbW2uO+3kLdNXvqLq6Ot1xxx09XQwAvcGIHOW4d2n/jh3m78Mm62GvpJqBSlG1w0ukItf/v4ZVq7zB+t07WsOPHDG74Q9LV3pKnRrijaJ6C5R3aZf2B7szD5ush8mKQw8bkeGWqqs1fIJXsfsDm+Ms7iwt1fbqyJdIjcjJVrqVDRf7JVJeFeReCq1rZqM6jdVo22POBA2vPqJgQpx39DCVH7H2n56ulLr6uL+8GJEzQ1n1O8xhPGRlo5IEjgTRVB1sG1IoqzPm+Z6jgslntN06j5WSrryCEZJqNVDVji+RsvNmpeuT0uDOzC9A9h/Zoe1HUpSePkwKXFKNhrSxhaARunvG5FCvjmC5aVYAADhzGV08EOeJEyc0YcIENTY0tL9wH3bkyBHV1dXdEuOcdsaQIUP0+c9/vqeLcVO1tLRo4KBBoTbSFU6cOKE7Ro/ukm0BAAAAAAAkqtNnznRZPMWuqKio3WXowt8NWlpaVF/foUGIbjkul6uniwAAAAAAAAC0iy783eDixYtqaurIOEQAAAAAAAAAEhEZqN2gttYc1cvlcpFp6aClpaWniwAAAAAAAAC0iwBqF2tpadHlK1dCvzMGamz19fXUDQAAAAAAABIeAdQudv36dTUw/mlcCKACAAAAAAAg0RFA7WKhzEqXiwBhGwwRQAUAAAAAAEDi4yVSXewzsk/jYxhqaWlRv379erokt7iP9Yt/flV7Y8y599k39Q//o611a7TnRy9of+7Lev7zf9XKF0qV9/L3dd+IqKX2/Ej/e7P0ZPS8jzfpW78eq3/5/n2KWgV9QG1trerq6tTc3NzTRQESVnJysoYNG6bhw4d3an3aGdA+2hnQ/ZKTkzVs+HANHzasp4sCAN2GAGoXa2xoMP9hZaGKLMuYyEBNLO0HS2/UCW3a+bHue7Jbd4IEUVtXp9q6Ot12221KGTCgp4sDJKyWlpbQiyc7Gtypra1VbW2tbktJoZ0BbaCdAd3PMAzV1dVJEkFUAH0WXfi72PXr10P/dvVgORKelYGKW8SECZqw91X94uOeLghuhrraWqWkpCgpiVsM0JakpCTdlpIS+qOzI+rq6nQb7QxoF+0M6H4ul0u33Xab6qwvKwCgLyIDtYuRVRk/6qoXqNkT1TXf7PKvDmes5uqxJ6TVr27S/3zzScVctWaPVr6wWSeCv9/7rH765P9QeKiAJzRu82ZzuIEJT+hf/lH6j+DyE56wDQUQOSxB92fXIlpzczOZOkCckpKSOtU1mHYGxI92BnQ/l8vFUBcA+jS+Tu1CLS0tunjxYuh3Q+aNBK0ZhhGRrYuetffVf9a3/jn8s3JPTZfvw33fP+rJCXv1q5jbrtGen23WuGff1E/ffFM/ffkJTdj7a9kXPbG5Sv/zzTf10zef1b0nNut//0z6p+CyJzbr9x9b2/nRqzr5xMuh7Zx89UfqhsMBAAAAAAC3CDJQu1BLS0urrEqyLJ1RN4nj5mRpjtB9//iE9r/wM+35/Pd1X/S8778Z/jVQpROS8mxLTHjiQStz1a1xE6QJuZ83M05HjNa44EI1f9X+E/fqse9br6UacZ8eu3ezfvXXGt0X/XYrAAAAAACAOBBA7ULNzc2hcT1dLhcBwnYwBuotyAporv7ZHn3+a5GzPt70z1od7Hc/YYImdGb7gSqd0F6t/ue9kdPvDUgigAoAAAAAADqOAGoXunr1KkHTDqCu/n/27i+2zTu/9/znoWjJ8j9RNpPIMdURp0m1Z+yz67bMdhME1AAnRSYDYQFnp51CCrZq61pILxYeey+cGJiyAzjxxVrVXuwZyFU7KhBpZ2YHkxtiMsHJxUgIEmzD7nHPxDPVJA2ZSrGZhLZoW7IlkXyevXge/pMoiZJJkZTeL8Cw+Pzjl7Skn58vf9/vb3fq7j+n4OCQfh4J5jcmJvXTKb/6s71Wnd6rm3bEJ7+CenGtPqsAAAAAAACbRAK1glKpVO5rUoMbYwZqA/B2qFNRvZctgZ+OaEpScMMT19Otl84FdWZoSvL3FWyPasaZKDr99oSi8heV8JcX73E945/QTyef1ys9XmUXlJrpu+Q8Ru3FFA6NKbJys69XZ08H5HmoaycVGR3WtZNndTrwcFcCAKA8K8e1gAZCveoq58xwSGMaUKi3a82vAQBAfSCBWkGFCVQxu3JDzEBtBN36Rp9fr05c1JkJScE+9fulmYe+7PPq909pPPs4W9o/NGgnaM+dU3BqKJdQLZ9XPRfOaWbQiVeSgud0leRp3QkMhJS/L7QTn8NhLzeLAIDGkYxodDgs9Z5VyPngLhkZ1XAoXHYSFQAANAYSqNVgGPkEauHXKEICtR5066WRkXWP8PZc0NWiFZ+yD+yFn3qcba+M9Kw8dY3zV57rRNI/oqv9BRtyca08duXjla/BfvzSuq8K9cWjwHMBhcc+VKy3ixtOAEBDiL0b1mxgIJc8lSRP4FvqvTasdyLPbrkaoqs3pFDuRF40AAAgAElEQVSlggQAABVBArUKDBWU8JMkXBMl/ADWFAsrNJYviPT1OmX5yYhGh6/p5NnTsu9L7dJJFc1oBQCg2mL6MCIFBlYOPh4FTocUKNiSjIxqODxrPyijZU2+hN9jt6bpCEiRiOwrFLcIiIVDyg6XgUBAkYic/XZ1R/ZpFaAlAAAAD4MEahWQMi3P4tJSrUMAUBeSirwTkQIDzg1hTOGxuHrPhuwkaSys0Ni7igUohwQA1IlkQnH5dHKjSaaxsIbDHRoInc4lNTfbsmY2Ig2EQrnzx8In7PNjYY1FAkUJUzmp22TkJwp3DCh0ukvZVjnhGB82AgCwVSRQUTNLi4u1DgFAjUTGQsULSfl6dTZ3V9el3tDp3K5kIi6pYxujAwCgMmIfFn5AWNyyply+3mdz53sLhsPS1y44MfKOIs+eVsBjz4oFAABbRwIVNZNMJpXJZNTU1FTrUABss8C6JffFZYc+n2+7wgIAoDwerzo0q3hSWrseP6lEXPJtOE11K9a/tidwWmc1quHhkMKSJJ96c+1vAABAofPnz294DAlU1Ew6ndb8/Lza2tpqHQqAehJ7V+HZgh5vsbBCYxudBADAdurSiYA09mFMvV3Fnwjme5h2ydshza6fZd0iz4bX9gROKxQoiOknET2xQf9VAABQmqvWAexILBy1McOQJN24cUOZTKbGwQCoP3ElklKuP2qWM+Pn2sdJ+3Hsw+JWAAAAbJOuZ3vli4xpNJLMb4yFNRbxqfdZO6nadSIgRT5UTFK+5/eJivT0LnntXBghhcKx3GNPh0/q8JI8BQBgi5iBWkEWidPyWZZkGEomk7p37548Hv47B8DR9ax6fcMKD4cUlk+9A73yjV1TIil1ebr0bK9Pw+FhhcKSAr3q9UnxWscMANh9PAGdDnkVDjljkiQp4CwY5ejq1dneUQ2HnB6kRT2/H1JXrwYCIY2FIpJ86u0NSLPZXWfVOzqsUK71aUADIVaQAgBgqwyrwlm/aDQqv9+vxQcPKnnZhjA7O6uZmRnJMGSIhOpGDMOQZVn66le/qscee6zW4VSdaZrat39/7mekEqLRqI52sLgO6stHH32k/QcO1DoMoGEszM/rySef3NQ5/JwBm7Mrfs5iYYXe6dBZyvRRI1v5OQOAzbgZj1csn1Loxo0bGx5DCX81WJZInZaPRDMAAACwOcnIaEGZvlPCT5k+AABVQQl/BRlOX09J9EEFAAAAUDWewHMKhMYUyrY+rWR7AAAAUIQEagUVJVCxrmz5viS53XwbAgAAAJvTpd5QSL21DgMAgF2AEv4KyiZQSaRuTnNzc61DAAAAAAAAAEoigVpBJE7LV9j3dM+ePTWMBEClud1uehsDZTJNc0uVGG63W6ZpViEiYOfh5wyoPsuyqCwEsKORQK0SkqkbMAzJMGS4XCRQgR3G4/FoeWmJm05gA6ZpanlpSYcOHdr0uW1tbfycAWXg5wyoPsuytLS0pLa2tlqHAgBVw0dEFZRNmlqSjPxGFpQqwZA90D766KN8UgnsMO3t7bIsS3fu3FE6na51OEDdcrvd8ng8Onz48KbPzZ7DzxmwPn7OgOrL/Zy1t9c6FACoGjJXFZRLBFqWLMlOnqKkbHkvn1ICO9Phw4e3dLMKoHz8nAHVx88ZAACQSKBW1MrFkLKzLLFadrbugQMHahwJAAAAAAAAsDZ6oFZQc3Nzvvcps0/XZVmWPB7PqqQzAAAAAAAAUE9IoFbQnj171NTUZD/IlvFjTR6Ph8W2AAAAAAAAUNdIoFaQy+Uq7ulpWSQI12AYhto8nlqHAQAAAAAAAKyLBGqF7du3L5c0NVy8vYVy74th6NChQ9rb0lLjiAAAAAAAAID1keGrsEcefVQte/fK1dRkl/GziJSdOHWSpy4nqdzR0cHsXAAAAAAAANQ9EqgV1tLcrCNHjsgyzVqHUlcM2QtHWZal1tZWtbe31zokAAAAAAAAYEMkUKvA5/Np7969LCK1gmEYsixLXV1dzD4FAAAAAABAQyCBWgUuw9Dv/M7vqKW5mUShkzSV7BmoXq+3eKEtAAAAAAAAoI6RQK2Sffv2yfvII7u+B6qh/MzTffv26bd+67dqHRIAAAAAAABQNhKoVfT40aPau3dvrcOoKcv5I0mdnZ1qaWmpZTgAAAAAAADAppBArSK3263HH3+8aFvhivQ7nmFIliVZlg4fOaLDhw/XOiIAAAAAAABgU0igVpnH49He1taibdmy9h3PaV+wb/9+dX3lKzUOBgAAAAAAANg8EqhV1tLSosPt7ZLyvUAt7ZIEqqPjscco3QcAAAAAAEBDIoG6DY4dO6ZDhw7Jsiy5XC7JsmRZ1q5Ioh46dEiPPPJIrcMAAAAAAAAAtsRd6wB2A7fbrd/+7d/Wr//1X7W0uLgrEqdZhw4dspPGqEs34/FahwAAAAAAAHaJox0dtQ5hS0igbpO9e/eq6ytfUTQa1fLycq3D2RaGYcjr9dY6DKyjUX9xAQAAAAAAbBemBm6j9vZ2tToLSmX7oe5kra2tudcLAAAAAAAANCISqNvsK1/5iizLkmmatQ6lKgzDyLUo2H/gQI2jAQAAAAAAAB4OCdRt1traqgM7KbFY0M8119vV+fvI4cO1iAgAAAAAAACoGBKo28wwDLV5PLmvG13hK7CyfyxLLS0tOnjwYI2iAgAAAAAAACqDBGoNtDsJ1J3QAdWyrHzZvvO1LEsHDx6U280aZQAAAAAAAGhsJFBrYN++ffYXO2QRqdyrcJKnkvTYY4/VLB4AAAAAAACgUkig1kBTU5MOHzlS6zAqx0maNrlcsixL+/bvp3wfAAAAAAAAOwIJ1Bppb2+vdQgVZVmWTNOUJD326KM7or8rAAAAAAAAQAK1Rg4eOJD72uXK/zPk+ok2iMJYLWcm6uHDh2sVDgAAAAAAAFBRJFBrpLm52e4ZKifxaBiSYTTmwlIFSVSv12u/NgAAAAAAAGAHIIFaI01NTbmFlixJhmT3EnVmcTbSLNTCxbC8Xm8NAwEAAAAAAAAqiwRqDR12+qAaype/N5qVce/fv79GkQAAAAAAAACVRwK1hg4dOqS2tjb7QXbGqWHIsqyGTKg2t7TI7XbXOgwAAAAAAACgYkig1pDL5dKjjz5qJ0sbMGG60mOPPlq0IBYAAAAAAADQ6Mh21dihQ4e0b9++3GNDjdX/tDDWPXv21DASAAAAAAAAoPJIoNZYc3Nzvoy/ARXOmyWBCgAAAAAAgJ2GhpV1wOPx6GY8LmV7nzbQDFRl47UsyvcB5MzNzSmZTCqdTtc6FKBuud1ueTwetTuLSgKoL4xlwMbcbrc87e1q93hqHQoAVBUJ1Dqwb98+NblcypimZFkypNxiUg2hUeJECdN6Y3BIU6V2+fv02oUeeSv2VOM6MySdH+lXd6WuWZVYEpq8fFHvPX1Jr/RU7NXvKnNzc5qbm1NzS4ta9u6tdThA3TJNU3Nzc5JEErUi7N/f49HsY7/6L13Qmr/KqzYubTSO2GOvzo3opZoPiFgLYxlQHsuylEwmJYkkKoAdjQRqHXC73WptbdXCwoIsFZfFN5JG6t2KYkFu4lBByWRSzS0tzEoHNuByudTc0qJkMkkC9aHZScmZvku6esFJWiYm9frFQb3Xl01kkrhE+RjLgPIYhqHm5mYl5+ZIoALY0fgfQR1wuVxqamrKJyAtq3FmdRYkTRtmxiyAqkqn09xwAmVyuVyUB1fA9PiQpoLnimd8env0yrmgohNva7p2oaFBMZYB5TMMg7EMwI7HDNQ60eR25xKQ2URqoyUkFxcXax0CqsEpcezvm9H4hF0XGTw3oqcig7ri1P5nZ7BOjw/qivrUPzPhlFAG1yyNTExe1qvO9fLtAuyyx5lT+dlBicnLenX2lK72dzvh5J9XwXO57WtfswyJSb1+cUJRSfIHFSz7zQEA1N60PpiSgudKjDbdAQU1pA+mn1f8TadlzdCgPQvVOSQ+eVlXnLHD31dYdl/c5iZfreGMVZ1BTU1NrRqLSoc4rjND2UGTcQYAAKDRkECtE5ZpNlzCVFLRTNn7Dx7UMBA8jKmhwVV9UIvL+qf0ni7p6ojXTlI6N59X+52E5puT+saFHufQCc2cG9HVbEL1sm91InN6XK9OdOr8yAV1Ozeir4536Gp/t44/7dd4ZFovdXdLSuj6+1EFT9mBJCYv68pMn14bySdbX590bnaLrmk/d/aa60tocnRC6rukq851zgxJ/qcf8k0FAGyPRFwz8uuZI6V2HlGnX3ovLr104ZxmCkv4p6XC8c3+/T+qyeMX1ONNaPKy0xKgx+t80HZZkwU9VadmfHptZKSMD+qm9cbQVG5cTUxe1qsSSVQAAIAGQl1KnTBNs2jmaaMkUwv7nia+/FKZTKaG0WCrgudGdHWk+E9xf7igXnTuGL0dnZKCesrZf8TnL76Yv0/fcPZ1P98nf/R9XU8UHzIdmZKCAWdmqlc9p4LSVETTkrzHn5bf+VqJ63ovmn2ubDI1m4y1z4u+f10J55r+vudzs127n+/LX2c9iet6L+rXM8e92RPV71//FADATpEf33TEp9yvf2f8ye3z9ujFYFTvFQxo/qePl1flMB3RVMG46e05RfIUAACgwTADtQ6k02mZpilLjVm+bxiGLEmZTEZ37tzR4cOHax0SaqmzI39D6e1Q56oDEorPSP6nS04VkrzH9Yx/Qh9M96tbs4rmEq23NBMtNVs2qFvONaNTF3VmonCfX/GE1L3eHe6tWUXVqRfzQatjddAAgHrl7VCnopq5Ja3OaNpjR+cpr6Rb5V/z1qyimtKVwRX1GcFbktYYv9aQsAe9grPsWbEzm7oKAAAAaokEah24cfOm7t27J0myDMNuWN8gJf0rY7x586Y8Hg9N93ezmbgS6rbvYRNxzUgrkqh2gjI6W/JOV5I3V8b/lKYUDPQ72+0bzuCpNVZP7pT8T18qXkCkHEd88uv9gkSrnYyVb3OXwWYkFRkdVnjWfuTrPavTgZWrttrHxJ8LqbereE8sHNI7HflzkpFRDWcvVqD0dQHsPN16KihdybV/KeDM/jy/UTeXlY745FdQL5bs450occLavPagp/yoZyd1AQAA0DjIctXQ8vKyPv30U9347DNJkuFyyZBkZjINkTwtZBiGDMPQ3bt39fnnn9c6HNRSQcn+9NsTivqf1vEVOc3uQL5kX0po8s3Ckv5sGf+Qrkz51ZmbsmMnVqfenMzduk6PD+rMZftxd6B4peXE5GWdGRzfuITfe1zP+KMaf9s5MnFd73FjW1Wx8LDC6tXZUEih0IA6wsMKxwqPKE6wFp8b0likeJsncFqhUCj/ZyAgKaDnSJ4Cu0Z3/zkFp4b0+mRBcjMxqdeHitu7lM17XM/4p/TT3PWm9cbgYPH1yw4uoKAKrjUdWdV3HAAAAPWNGag1sLy8rBs3buj27dtaWlqSy+WSJXshqcKeoo2gqOWAYUiGoVgsJpfLpccee6zG0aFcpRaRkoI6X3LmzQaCnZq5OKgzuWv0rJ5n2t2v1/ou69XBQfuxv0+vFS725D2uZ/xSVMXJV2/PBZ2fHdSrg9k6/YLrr7ym/Oq/VE78XvU4C4ucmbKvGQxSWlk9MX0Y8an3bEB2erNLvaFQfncyotHhsGYDAQVmI0XnhUNjivgCCvgiiq9z/fBYRIGBkLrWPAbAztOtl0YuafJyYSsXv/ovjShfmODMVB0a1EzfJb3Ssd71smNDwfWC5+wFpTY5A1Xq1kuX+vT6Reda/qCC9NoGAABoKIZV4amO0WhUfr9fi6zIvkomk9Gt27f12eysFhcX88lHSU0uV64Pqhpo9qnhcknOoleFyV/LsvTYY4/p6NGjam1trWGE9cM0Te3bvz/3M1IJ0WhURzvWvQPcVtPjg7qic2WsfF/etX7q20JJPmruo48+0v4DB0rvjIUVGpMGQr2lE5zJmGLqUpfHTphqIFvCH1Ms1qWuLnt26rWTpcvzk5FRDV87qbOnswlaoP4tzM/rySefrHUYAAqsO5YBWIWxDMB2uBmPVyyfUujGjRsbHsMM1G2STCb17zMzWpifl+QsvOQkSgu/bqTkqWTPmpUkl8sl07KUTaEaLpc+//xzJZNJPf7443rssccabnYtamlaH0z59cwlkqc7kq9Diowq5NToF/Uq9XStMXO0S10bTimN6d3wrAIDp0meAgAAAAAqhh6o2+Dzzz/XJ598ooWFhdy2wjSpJXt2YqP1PS1kWVZuJmr2a5fLpaWlJUWjUX388cdKpVK1DhONYHpcZwaHNNN3Wkw+3aFmw3pH37L7lZ7tlVb1QN2i2IeKKKAT1O4DAAAAACqIGahVFo/HFY3aK9K4mppkZjL2jsJkaQMnTrNWJn8ty5IlZ2aqaSqRSCiVSumJJ55Qc3NzbYJE1XX3j+jqw19EV0f6KxEO6lbBAk+egJ4LhDX2YUy9G08xXVcyEZcCz9H7FAAAAABQUcxArRLLsvTvMzO55KlhGLly993CkGQ6M1ENw9CdO3cUi8WUySaRAew+ng75Smz2dTxs0X1SH1+brcB1AAAAAAAoRgK1CkzT1L998ok+m52VYRhyuVyypKKep7tBtpTfNE0ZhiHD5dKtW7f0ySefNHS7AgAPwfOETvoieieStB8nI3on4tPJJx4+gRqfrcR1AAAAAAAoRgl/haXTaf3mo490J5m0Z51KRTNPixaM2uGyiWLDMGSapmQYMgxDiURC7j175H/Icl0AjcijwOmz0uiwQmF7S2AgpMBD508TikvqeNjwAAAAAABYgQRqBc3Pz+vfPvlE9xcW7Fmn2VXpnaRpNqG62xhO4tTKb1D85k25m5rU2dlZy9AA1IRHgdMhBdY9pku9oVD553oCOh1a/4oAAAAAAGwFCdQKSKfTisfj+uKLL7S8vCzJ7v1pSLnEaU7B450+EzX7+jKmKUN2T1Q5f1uGodnZWbndbh09erRWIQIAAAAAAADrIoH6EEzT1O3bt/X555/r7t27xTudVejtL63Vf++SPqiSit4LSbnXbrhcunnzpgzDUEcHhbcAAAAAAACoPyRQtyCTyWhubq504rRcO3z26bqys3AtS6lUSjdu3JAkkqgAAAAAAACoOyRQN2FxcVGJREJfJhJafPBALpdrVy0KVUmFs3GXl5cVjcW0tLSkzs5OuVyuGkcHAAAAAAAA2EigbiCVSimZTOqLL77IzTbNLYrkJAFJom6BMwM11x/WsnTz5k3dv39fX/nKV9Ta2lrcOxZAw3C73TJNkw9DgDKYpim3m/+OAfWGsQwon2VZjGUAdjx+y61gmqaWlpZ0b35eiS+/1J07d3L7sonSwmQpSb6tMSRZKlhky3kf79y5o3/5l39RW1ubjh49qgMHDmjPnj01jRXA5rS1tSmZTKq5pYUbT2AdpmlqeWlJbW1ttQ4FwAqMZUB5LMvS0tKSPIxlAHY4EqiyZ5nev39f8/PzSiaTRX1NVyZIDcPIL4i0IpmK8mUTp9l3L/suZ9/vO3fv5pLXR48e1eHDh9Xa2koyFWgAhw8flmR/IJJOp2scDVC/3G63PB5P7mcGQP1gLAPKkxvL2ttrHQoAVNWuTKBmMhndv39fCwsLWlhY0JdffrlqVqkl5ROkhpGbMVmkoPwcW5NNnGYTqqZp5vc57+/Nmzd18+ZNGYaho0ePqq2tTYcOHWI2AFDHDh8+TFIIANDQGMsAAEDWjk+gWpalTCajBw8e6N78vBYfPNCDBw+KZpmWOmfFhtXJUzy03PvsJEpXvu9F+51k9o0bN3Tjxg15PB61tbWpra1N+/bto5UCAAAAAAAAqmLHJVCzq7rfu3dPi4uLdln+nTuyCmY2os5sNIN35X7DUDKZVDKZlGEYOnLkiPYfOCDvkSNqbm6uXpwAAAAAAADYdRo+gZptWp1MJnX79m0tLi5qaWmp+CDDyM1QpGfpDuC0VcjOSk0kEkokEvr3Tz9Va2urfD6fDh8+zKxUAAAAAAAAPLSGS6BmMhktLi7qwYMHun37tubn57W0tGT3LXWSoy6Xq3Q5eHa1d5KojaswKer0ps1ttywtLi7qN7/5jVpaWnTkyBE9+uijamH1VAAAAAAAAGxRXSdQLctSOp3W4uKi7t27p/n5ed2emysux3dml1qSDJdLsiyZplm0EFTu0Ox1t/E1oEqcf1er8LGTRDdcLqVSqVy/1IMHD+qRRx7RwYMH1draysxUAAAAAAAAlK3uEqiWZen+/fu6e/eu7t27p1u3bhUfUFiOb59g/+3MRrQKrpNLrmaTbcw8bXwl+qHmEuPZJKpp5r4nZFm6d++e7t27J0k6cuSI2tvb1dbWRr9UAAAAAAAAbKhuEqhLS0tKJBK6d++e5ubmincWlmo7rIJ9KkiQFqbXVp5jOCX8LCjV+HKJ8cIEesFs5Oy+lb1vb926pVu3bqm1tVXt7e06dOiQ2traKPEHAAAAAABASXWRQL1z545in36q+wsL+Y2FvUpXJEZLKnFMyT6o2BFW/Vs6//4r2zbket9mOd9XDx480IMHD3Tjxg21tbVp79698nq9OnTo0HaEDwAAAAAAgAZR8wSqZVn67LPPdH9hobhvacFK6xV+wspeD/Wl1L9v4bYS++/cuaO7d+/qiy+/1L59+/RbnZ3yeDxVDBIAAAAAAACNouZ1y7dv39adO3fyswQ3SHYBleZyufIzU+/f1yeffKLf/OY3evDgQa1DAwAAAAAAQI3VfAbqzZs3Zbhcdgl2NmFajZmnwBpM05RhGHK5XMpkMlpeXlYymdStW7f0+OOP69FHH1Vra2utwwQAAAAAAEAN1HQG6oMHD7SwsGCvml5i5qlhrFwGCqgOS1Imk7G/tixlMhkZLpdu3LihX//614rH4/TQBQAAAAAA2IVqmkC9detWUVIqu4p6FgkrbAfDmfFc9P1nGLJMUy6XS8vLy4pGo/r444+VTqdrGywAAAAAAAC2Vc0SqJZl6e7du0VJ0twq6nL6UgLbIJs4zX7/GYYhw/nbdFpLGIahRCKhX//617p//36NIwYAAAAAAMB2qVkP1GQyaS8eVaggmWqa5jZHhN1q5ffaqnnPBbOi5+fnFYvF5Pf76YsKrGNubk7JZJJZ28A63G63PB6P2tvbax0KgBIYy9Co3G63PO3tavd41j3ul//tl0XLj/zH//4/5vZN/+u0Uqnlkvt++d9+WXSdwn0AsFPVLIF6nxXO0QAKW0q4XC6Zpqk7d+5odnZWX/3qV9XU1FTD6CphWm8MDmlq5WZ/n1670CPvmqeN68yQdH6kX92VimR8UFd0Tlf7y7/ieuds5XrbLjGp1y9OSH2X9EpP4bs9rTcG31TnpQvqWfMfYdNPpsnLF/Xe0yufq/Lm5uY0Nzen5pYWtezdW9XnAhqZaZqam5uTJJKoD8Uey3RuRC+t+pW/fb/7HkZi8rJenYiW3Bcs+brKVKHxenp8UFdW/2dB/RUdp+oLYxkamWVZSiaTkrRuEtWyTJ38vd+XIen/++d/Ltpnmqa+dvy4mpubV+2zLFO/9/u/L5U4DwB2qpokUE3T1L27d+0HhR95AXVmVR9e5/s1kUhoz5496urqqk1gFVZ8c2bfbL56WesnUavA7zuyjc9WP6ITb2u6p3LJ6FpLJpNqbmmhFQuwAZfLpeaWFiWTSRKo2PjDy1oLFn8omZi8rFcvXpbKSaImJvX6xff1TAMlXBnL0MgMw1Bzc7OSc3MlE6j/5cN/kCR5M7+r1PKyJCmTMXPbJak99TWlUikZhrFqnzfzu1oucd4fnvjzqr0mAKi1mvyPYHl5WXPOJ2LGBscCtZadhWpZVtFiUzdv3tS9e/dqHF01eNVz4ZyC0Qn9fHqNQ7r7dbWCs08l6YjPr86Oyt1VdfeP1Pfs0xy//P4pXRlf681uPOl0mhtOoEwul4vy4KryqufCSF3PPq2qKozXWd6eCzofjGr87Z0zfhViLEOjMwxjzfHFTFvyHTtW1MrMNE09/nhH7o+R2aM9e/bIsqxV+1ae5zt2TGaaSVEAdraazEBdXFzMzTpdNcMPqCdOslRSbjGpQl9++aUOHjxYi8iq7Ig6/dJ78YTU7dX0+KB+qqA0NaWov0+vnZrVq0PS+Us+/XTFjJLi0vniFgH5ma72LNeZzqCmpqacWS0X9FL26afHdWYoe9bWSgRXlvAXlUcWzfJZI0ZntkxnUJqaimZ35pOy68XolOZHy4z/mVN90tCQ3giUKNNcNWunsFQ1W5rap86JCfs1+Pv02mnp77LPv2pG03W9MVhwbMG+ohLNgte66t+/nmdIAUCRlSX8a41L64wTThl8MDilqans7nxLgKLfnSt+R6499myO/RzBfCn+9LjODM2o/9IFdbw9qCvqU//MhMajkrTyOKeEf3pcZ96UgprSVNSv5/7HqP7tiYLWBtPjOvOmb1MxHvH5pffjSqhb3pXvRW78m9YbzpgULZixWqn3BsDmpdOW0lZKppnRP0ciue1LS6nc16aW19yXyaSL9qWtlNIkUAHscDVJoN7dkbP2sCNZlszCJL9hyJD9SathGPr8iy/0+OOPa++O643lVUenFJ29JTm3M9Ep6fzISO6GzD7suJ7xT+i96wn1ODemH0xJwXPdsm9ahzTTd0lX7TslvX7xsiYLkolTMz69NjKy4oZpWm8Mzaj/0oh93PS4zoxO6vjD3FhNj+vViU6dH7mgbtk3eK+Od+hq/5G1Y7RftaZ0TldHup192STnejHaN4qd50b0Srez7+K4OtabAXSkR3/Z975efXNS39jC64xOzOrFkRG95CQGXh3ts99XJ5H78+meXIIgOvG+nrk0oqtep1XDeIeu9ncrMXlZV2b69NpIj7xOwuH1yfyNddG/PwA0pHXGpVtrjRPZ33pTmvFd0tURr5OUHNXkcfu8/O9O+7y/mzxu/+5cc+xZ4zdpdEKvDk4Ub3MSi939IzqvQV0ZDwbe+IsAACAASURBVOhqv/TG0JSC5+wxaFqSpiY0c25EV7udJOblNRKh0SnJOc5OmF5XoseJPTIl/9OXNjUGee3/LOiWJO/06vfiytvT6unv1kuX+jRT+GHgZt8bABWVSZmSZanlt+Mr9uQni7j9X66974nPi3dZhn1NANjBtj2BapqmPv/8840PBOqIYRiyLEuWadp9ULMzUS1LDx482IEJ1BKCgRLJM6+OP+3X+PvODVgirhl/n/6yW1Liut6LBvXiBedWzNujF4MT+un1hHrs7KT8Tx9f40bNLgns6e+2yw8vPFzo0xF7lms2/u7+EV2VpMTk2jEelyS/+p93zvJ2qLOcGKcjmvL36bXckz2vfv9FfTDdr+517gu9PafV//5F58Z7c6/P3/e889rsmcO593VVzJKCp5wEtlc9p4IaH4pouv+I4u9HFTx1wfn3cPY5N9b2eaX+/QGggSSu672oX8+czv/Of2XE/h03/faU/H2X8uPE833yX4xour/b2RbUi9lP/4745NdM/rrR/AdV3f0jesXZPB3Z6JorbDALs7v/nIKDQzozJbtKoLv43G90Fz7P+7qe6NHq4SSop3IBBRSMvmkf553WB1N+PXPpIeaAFo3XCcVnpNWDkG3T7w2AisqkLH18/UatwwCAhrLtCdRUKqV0Kj/9n0Wk0AgKW01kv85uSe3I3nX2jY//6Y0XdfL2nFJwwr4BO379fenp0/bN361ZRTWlK4Mrlu0N3pK03nW79dLIOSl7kyitWrhic9Z5LevFeHy9a64dYyI+I0WnVs0i8jvtENaWTWiOavL4qTJe19YULdR1xCe/ZiXd0kxUmhoaVPE7EdStqkUCANvs1qyi6tSLq34V2+NEdOqizhT96vYrntD6Cb3ufl09J50p+P0ZdFqsrHvNLeUpu/WNPr+mJjp1fuWY2NmRT7yW+vBsjes9FYw6HxrGNeN/Wt/YZFwJe4C1R/UV7Wv8/jXPqsJ7A2AznvA8o0cfe1SZTKYi12tqatIXn39RkWsBQL3a9gRqdrW+bOLUUD4RBTSipcXFWodQeYnrei8qdZ4q5y4mewM2Lb2v/MyeIz75FdSLJUvXExte86WREbsnalHp/CZfh6RS7Qhy1osxsbKkqcwYOzol/9Nb6+XW3a/zwUFdeTui4GbP3Ypbs86Nrj1zNXiq9HtcteVBkhGNDsf1XKhXXUXbwprNPg4MKNSb3ZtUZHRY4dlS+4ourMjosK6dPKvTAWfl2VhYobFIwTE+9Z49rcDqhWkB7FRHfPLr/RJJOnuc8D99qfRiUxt9kuQs1CQ5fT2HxvXUSP/619yKxKT+bkLOwoOB4g8WZ/J9SJWIa53Jn8WhB4KKvnld0yr4ALT8gHT9/ajUecou2X97QtEV/bOvlDxvg/cbdSkZGdXwtZM6ezqgVUNnLKzQmDRQOJ6jzlnyeOx/ScuyZFmWXC6XLEmW06pMTgWeJLmy1XiWJcNZXM1y7uWza0R8QZUpgB1u25eWvH//vqR8BxUWkUKjyv5nYWFhocaRVFpCk6MTihaUA26kOxBUdGJI452n8osleY/rGf+UfjqZTZZO643BQb0+uUHyNDGp1wcvK3eYt0Od8qtz48mw68anqUguEZiYvKwzlyeVqEaM3QEFoxP6+XThsYN6o8wsZHf/OQWnpvIzQb0d6lRU7113nmw6smKW6OZEJ9523oeEJt+cckrz7VYMU29O5lLb0+OD9nv0EM+1rpWJUklSTOHhsDoGQgqFQgqFBhSIjGk0krT3hocV7hgoua/40j/JJ1mz2xJxO+Eayl6b5Cmw63iP6xl/we9T53f+G9PZcezt4nFicHzDD5By40n2KTo6Jb9P9nCwtWuu8UyaHJ2Q+k7rlQvnFJwaKh5Xou8rN0y8PaGo/2kdL+szUHvMujIRVWfHJtOnk6Majxa0upGcRK6kxKR+us5gVdn3BsBmWZa0b98+7du3T80tLdqzZ49a9+3T3r17tWfPHrXs3Wvva25W85492rdvn1qcfa2trWptbdWePXvU3NKSuw639QB2um2fgTo3NyeJWafYOebm5uxPYA1j44Pr1KrS7c2WzHcHFNSUFCg8x6ueC+c0M1hQohc8Zy/csV5aztujV87N6szFQTlLVcnfd0kvrXVfN1VQRm8fba9KXBRfv17ru6xXBwezgei8s8jFmjGulzlcN0Z7sYzXLw7qTOG+st/ObIlm8eNXJ5wYg33q96uw+96m+Pt8+mDQmRXk79Nrzr+zt+eCzs8OFrQeyL9HlS7jT0ZGNRyeVSAQ0GzhpFB1qTcUKnp8IiBF4klJHnX1hhRaY19eTO+GJZ9vxXPGZ+XrIGMK7GSrxjJ/n167UNiPZfW45O+7ZC/4p5XjhF/9l9ZZ/C97xVW/O+3z7OFgk9cstYiUJH/f/65n3v8/NK4+vdbjleTVS+eCOjN0WZ3Z8S7YqZncuJP//b2xbj0VlKamCnqjrmXVeBvU+YIKDruPqfMa/H063+fXlfedmbHOopPjFwc1c25EL232vQFQYVbufjyTySiVSqm5uVmmaSqVSslwudTkcimdTsuyLO1pblYmk9FyKiX3nj2SZSmdSqmpqUlutzt3TQDYyQyrwlNAo9Go/H6/Fh88WLUvk8non/7pn3IL8tD/FA3LMIpmUf/e7/2eWlpa1j3FNE3t278/9zNSCdFoVEc7OjY+ENhGH330kfYfOLDm/mQsJnV1yVNGyV8sHNKYSpXqxxS2T1bhrlg4pA9PnFXHO4Ul/HZJf/y54mOBerEwP68nn3yy1mGgQdml8lvvFZ6YvKxXZ089RK/xnWm9sSwWDumdjhVtYt7p0NlvST8pak2TH39OfLj5c1aPWdkWNb3qCIcVkSRfr3MNp6rD1+uU2W/m2FIK2+b4FAhIkXi+hD8WDinbGScQCCgSoYS/Hq01vvzLtWs6+bu/K0laXFpSOp1Wa2urzExGS8vLat7TrCZ3k5aXlmRZlva2tiqVSimVStmL51qWlpaX1dTUlLsH+pf/+l/1P5w8ua2vD8DuczMer1g+pdCNGxsvrLetJfy5/qeOxp2vh13P6QGUlUyuLiMGUJqnq2uNm7UVkhG9E5ECJ4pvx2LhkEKhMUV8vXq2a8Xx8RXb7B2Kz0qRsVCuhL9U6T8A7D52H9NggOTpZnSdCGj22sfKjiSxDyPynXxCHs8TOumL6MOYsyP5sa7NBnSia2vnrGU2HNeJbDub2bCGfyJ9KxRS6GyvfLNhvRvb2rGFkpGfKKxenQ2FFAo9J0UKeuPEwhqLBDQQCikUOquOeKT0RVC3LMue3GGaptKplDLpjJaXlpRKpWRmMkqllrXsJFYzGXtf9rjU8rKWl1PKpNNKp9MyMxlZpklrPgA73rYmUB84s1Kzs08tyZ6FCjSobOl+IlG1TpHALmX3Q50NDKyagdPVaydBBzrCGh6NODejSUV+ck0nv1ViJk0yobikQLa36tleKTys8Bo3jQCwKyQm9frgRY13ntviIo27WNcJBWav6eOkJMX0YcSnk094JHn0xEmfIk42NPnxNc0GTtizMrdyzhp8vc86+z3q8MlOxEqSx6uVdUmbOTYvqY+vzeaPVZee7c33xol9GJFyMXoUeC6w0TuGOmNZVi6BalqWLMss2m4vGLXysX2cZVmy5DzOXoMEKoBdYFt7oH5euDKf8wvWyCZSgQaS7XeaTaDevXtX8/PzOrBO2TKActnl+ZFAqdL9vK5ne+UbvqaPkwEFku8q3PGcQqWmtnoCOh0KFD1+LhDW2Icx9XZRbAigsXX3j+jqVk709uiVkZ5Kh7NLdOlEYFbvfJxU4ImE4r6TetYZfzxPnJQv/KFivV1SfLagimLz52R7htsCGgg9W5VXs/p5Tig+K3U8lx9UPd5sujWpRFzynSwYcD0d8ileldhQLflqOpfhkmWYampqkmTf57hcLrndTcpk0pIkt9udmwTV1NQky7KUMYyieyIA2Om2LYFqWZbS6fTq7dsVAFBBuf8kGIZM08zNQiWBCjwsO3ka7z2rUGCDQv9kXLPq0HMeKfZuRIpEFCqsIpwdVii+dhKWRaUAAFvVdSKg2Xc+VkzXpJPfylc/eJ7QSV9YH8ZOSJGATvRu/RxP4LRCRZM7k+uucblVJZ/HJ11LJKUuO8pkIi6pQ5JH3g5ptnARx2Rcs0Ijyc4slaR0OqVMxtTy8rJM01Qmk5Fkl/in02lZkpaWlpTJZOxSf6ctXzqddhKtbud47uwB7GzbVsK/vLys+YUF+0Fh2T6fVqFBGQULSUnS3NycUqlUzeIBGl9SkVF75unpEsnTWDikUK7uPqnIO/kSwmxZf8jpx9brk3y9Z+3kaSysUCisWP5CGsuVTgIAsAVdJxSYDWssPKsOb+F44pTkj40p4usobiuzlXNqwo5nNvyuM3baJf1ZXScCUuQdZduJxz6kB2qjKeyBmslkZJoZpTMZO0maMZUxTfuxacrMbbePyxQclz/frPVLAoCq27YZqPPz8/lkaWH5PglUNKLCchXn+3hxcVG3bt1SR8faHaUArCP5sa7NSpodK55J6qwS3NV7Vr2jwwqFCravU+Kf09Wr0EBYodyJdj/UjSa4AgCwti6dCEiRyOoFnzxPnJRPs1Kuh+jDnFMbnsBpDcRDGnMG5EAgoFyVflevzvaOang4pLAkXyAg35pXQj0qnIHqcrlkWpaaXC6ZkgwjI5dhqMnlUsa558mV7WcycrmaJFkyjOK2ZtzXA9jpDKvCv+mi0aj8fr8WnQWjcttjMcVv3nSe1ZCc3pH8okUjWtnvJ/u9fOTIET355JO5/YVM09S+/ftzPyOVEI1GdZSELerMRx99pP20swDKtjA/ryeffLLWYQAoUM5YloyMajj+XIlWMTGFQ++o4+zpVR/WbeUcYKvWGl8iH0T0H/7DfyfJKc83TbW0tMg0TaVSKbndbjU1NSm1vCxLUktzs9LptNKZjJqbmyVLWk4tq6mpyX4s6V9//a8KPMWCYgCq62Y8XrF8SqEbN25seMy2lPBblqX5e/dySSVDzD5FY7NXn3TYH79Kkm7fvm3PtgYAAMAOZpe1B1ZOJZWk2IeK+E5qdaeYrZwDVJ5lmTItS6Zl5Ur3U6mU0qmUzExG6XRaqVQqV66fSqVyx6VTKaXSqVxpv5nJyHLaAQDATrYtJfymaWp+fl4ulytX8kwZPxpe9ntYdkLVcLlkmabu3LmjgwcP1jY2AAAAVEcyotHhsGYDAwqtyIXGwiGNRXzqPdtbXIq/lXOAKrEsySpMeFqWfU9TcG9uyFnwueD+PXsvb1iWfQ1nG3fzAHaDbUmg3r17V5Jyn0oV/rImeYpGl/0ezv49Nzenjo6O3IqUAAAA2EE8AZ0OlS5V7uoNKdRboXOAKjKdexeX4ZJlWHZvU9OU4XLJ5XLJ5WqSy8jIMgx7IpTLJZdpyuVySZbkcmXsyVASC0MD2BW2JcMzNze3HU8D1IX5+Xml0mkSqAAAAADqjmVZat6zR5K0x+2WZVl2klRSs7nHbr1nGHLvse9nXIYhyznOcNldAPc078m15steEwB2sqpneCzL0sLCQrWfBqgrD+7fV+vevbUOA6gJt9stMztDAcC6TNPkAzegDjGWodFZlrXu+PLLX364jdEAQOOr+v/YFxcXtXD/frWfBqgr9+/f1+HDh2sdBlATbW1tSiaTam5p4cYTWIdpmlpeWlJbW1utQwGwAmMZGpllWVpaWpJnjfHlD/6nP9jmiACg8VU9gXr37t3iBtXALrBw/75d4uKUtAC7SfbDgzt37iidTtc4GqB+ud1ueTwePnAD6hBjGRpZbnxpb691KACwY1Q9gUr5Pnaj27dvK5PJUJaJXevw4cMkhQAADY2xDAAAZFW1HsU0TS0uLlbzKYD65JTNAAAAAAAAoLFVNYGaTqd19+7daj4FULeWl5drHQIAAAAAAAAeUlUTqEtLS7Isq5pPAdQtZqACAAAAAAA0vqomUO/fvy9JLKSD3cX5fqf/LwAAAAAAQOOragI12/+UWajYVZzv9y+//JLvfQAAAAAAgAZXtQSqySI62OUsy1Imk6l1GAAAAAAAAHgIVUugplIp3b59u1qXB+patm1FKpWqcSQAAAAAAAB4GFVLoC4XLCBFD1TsVul0utYhAAAAAAAA4CFULYGaK98neYpdbH5+vtYhAAAAAAAA4CFULYGaSxxZllhGB7uKYeS+5+/eu1fTUAAAAAAAAPBwqpZAjcfj+QesRI5daoEZqAAAAAAAAA2taglUy7LofYrdybJyHxosFfQCBgAAAAAAQOOpWgIV2NUMI/cBAgtJAQAAAAAANK6qJ1CZhYpdqWDW6eLiYg0DAQAAAAAAwMNwV/PiFC4DdgL14MGDtQ4D2FZzc3NKJpPMwAbW4Xa75fF41N7eXutQAJTAWAZszO12y9PernaPp9ahAEBVVTWBakj0f8Tu48y6zn7n1/8M1IQmL1/UeDS/JXhuRC91Fx4zrTcGhzSVe+xX/6UL6vE6e8cHdWUqqPMj/So8LTF5Wa/OntLV/qKLbfmcLZse15khrXouVMfc3Jzm5ubU3NKilr17ax0OULdM09Tc3JwkkUR9aBuNZfY4Jmcb4xY2wlgGlMeyLCWTSUkiiQpgR6tqCb9lWblkErBrZBeRcj48SKVSNQ5oPc4NZ+c5XR0Zcf6ck4YG9cZ09hj7pnOm71L+mEtP672LlzWZKLzWlH5avKEMWzkH9S6ZTKq5pUUuF222gfW4XC41t7TkbjyxVeWMZaUwbmFtjGVAeQzDUHNzs5LOB4IAsFPxPwKgCoyCRaSWlpZqHM16bmkmKgUDhfNbuvWNPr+mIs5dZyKuGfn1zHFv/hBvj14MRvXe9YKbSL9fmhjVpu4rt3IO6l46neaGEyiTy+WiPPihlTGWlcK4hXUwlgHlMwyDsQzAjle1/xWweBRgu3PnjkzTrHUYaziiTr9W3WB6ey7kSxG9HerUimSppO7+Eb3SU5BU7TylF4NRjY9Oquz7yo3OmR7XmcFx5aJLTOr1QWfma/bryXGdGRzUmcFBvT6ZUGLyctHjQvGCfcWzkqb1hrO9eF9Ck5cH9ca48xzj605lAgDURBljWSmMWwAAACgTH6sCVWZZVh1/IutVz+k++aeG1rx5k7r10rmgohMX17iJKziy/5yC0Qn9fBP3a1s5Jy+q8dmAXa7pxPh3Oq2rIyN6rc+v6MTb+ZtYTWl89lTu2KmhbAuChCYvF7QouNSnmaHi9gRTMz69NjJS2f52AIAKKWcsK41xCwAAAOWoWgLVsiy7jLlaTwDUseziadmZ2PWbQJXk7dErTs84++bt4uokaXd/rq/c+aA0NTSoM4Mre6BK2WTr1FDB7JsNbeWcLL/6n3duDo/45C9oNeDt6Fz72O7n1e93ZtUmruu9aFAvZmfTlmhP4H/6uLwCANStcsaykhi3AAAAsDF3NS9uSSRQsXsZRtFCUnsbYAVXb88FXe1xVhQeGtdTJVb/7e4f0dV+ZzXi0Ukdv9Cz4oDn1e+/qCvjAb3mK/OJt3LOpnWqI3c36VXuPvXWrKKa0pXBqeLDg7ckHalWMACAKilnLCvCuAUAAIANVDWBKsuSRS9U7EaGIcs0czNQFxcXdfDgwRoHVcL0uM686dNrF3qKZqoUzoJJTF7Wq7OnVpUBHvH5pZlSF7VLKd+7+KZ+Hiw3kK2c8zASis9I8smZARTUiyVvsFklpKqSEY0Ox/VcqFddRdvCms0+Dgwo1Jvdm1RkdFjh2VL7ii6syOiwrp08q9MBj70pFlZoLFJwjE+9Z08ruxtAAytjLFsf4xYAAADWV/ESfhaPAhyGkSvlX1xcLNhcRz8j3QEFoxN6tWiRiYQm35ySggF1S/Ief1r+qaEV/eSm9fOJ6Nolgt4e/WWfNDUVLT+WUucc8cmvKX3ghJe4/r42ccUVpvTT7GuYflvjUads0ntcz/gL9jkLc5TbPw9btDJRKkmKKTwcVsdASKFQSKHQgAKRMY1Gkvbe8LDCHQMl9xVf+if5JGt2WyJuJ1xD2WuTPAV2jDLGsg0xbgEAAGAdFZ+Bum/fvtUbC0qZgd0okUjI6/Vq3/79pX9GaqZbL41cUuflizozmN/q77ukqwW91V4Z6dAbgxd1ZiJ/TPDciF5Z567U23NKwYkhTa19yMbneHv0YnBCV4YGNSXJ39enoN7fxBULBfWMRnVmMJqL336JXvVcOKeZwtcXPOe8fm5GqyEZGdVweFaBQECzhZNC1aXeUKjo8YmAFIknJXnU1RtSaI19eTG9G5Z8K0pqk/FZ+TrImAI7UxljWRkYtwAAALAWw7Iqm9nMZDK6ffu2Hjx4oEwmU8lLAw2tqalJra2tamtrU3Nzc0WuGY1GdbSjoyLXAirlo48+0v4DB9bcn4zFpK4ueWJhhcakgcIS/hVi4ZDGVKpUP6awfbIKd8XCIX144qw63iks4bdL+uPPFR8L1IuF+Xk9+eSTtQ4DQIGNxjIAxRjLAGyHm/G4/H5/xa9748aNDY+p+AzUpqYmPfLII5W+LABgh/B0lZnFTEb0TkQKDBQfHwuHNBaR5OvV2a4Vx8d79a1e6ePiCyk+K0XGQspOePX1FvRHBQAAAABgHdVdRAoAgC2x+6HOBgZ0ekW+tas3pFCvnUgdHpXOng7Io6QiP7mmk986LY9W9EVNJhSXFMjOVk1GNDo8rLCXGakAAAAAgI1VfBEpAAAejl2eHwmUKt3P63q2V77Za/o4KSn2rsIdz5VeGMoT0OlQQbLUE9BzASnyYawawQMAAAAAdhhmoAIA6oidPI33nlVooxL7ZFyz6tBzHin2bkSKRBQqXJRqdlih+NpJWBaVAgAAAACUgwQqAKBOJBUZdWaelkieFi8olVTEbpBqL0DllPXnr1OwiNTKxapiYY1FfOo9SwIVAAAAALAxEqgAgPqQ/FjXZiXNjhXPJPX16uzpgLp6z6p3dFihUMH2cpqYdvUqNBBWKHei3Q+VNaQAAAAAAOUwLMuyah0EgK2JRqM62tFR6zCAIh999JH2HzhQ6zCAhrEwP68nn3yy1mEAKMBYBmwOYxmA7XAzHpff76/4dW/cuLHhMSwiBQAAAAAAAABrIIEKAAAAAAAAAGsggQoAAAAAAAAAayCBCgAAAAAAAABrIIEKAKgot9st0zRrHQbQEEzTlNvtrnUYAFZgLAPKZ1kWYxmAHY8EKgCgotra2rS8tMSNJ7AB0zS1vLSkQ4cO1ToUACswlgHlsSxLS0tLamtrq3UoAFBVfEwEAKiow4cPS5Lu3LmjdDpd42iA+uV2u+XxeHI/MwDqB2MZUJ7cWNbeXutQAKCqSKACACru8OHDJIUAAA2NsQwAAGRRwg8AAAAAAAAAayCBCgAAAAAAAABrIIEKAAAAAAAAAGsggQoAAAAAAAAAa6j4IlLmfEJLU/+XMp/+v7Luz1X68tihLKvEtlXHWBvsL+9cq2j7xvGUc27x9tLHu/YfVov/D9T+n/43NR30ln5iAAAAAAAA1JWKJ1CXfvF/Kj39TqUvCzQ8c+G27v/yLSmTlvd/ea3W4QAAAAAAAKAMFS/hT0ffr/QlgR3lwb+9V+sQAAAAAAAAUKbK90BdXqj4JYGdxFriZwQAAAAAAKBRsIgUAAAAAAAAAKyBBCoAAAAAAAAArIEEKgAAAAAAAACswb2dT3Yn1aT/5989un63VXdTTdv51MC2OODOqPvAff3PR2/poDtT63AAAAAAAADwkLY1gfp/f9quD27v386nBLbVfLpJ/5w8qIxl6H/9rc9rHQ4AAAAAAAAe0raW8F9P7t3OpwNqZvpea61DAAAAAAAAQAVsawL1vknZPnaHB3yvAwAAAAAA7AgsIgUAAAAAAAAAa9jWHqgA6svNeLzWIQAAAAAAgF3iaEdHrUPYEhKowC7WqL+4AAAAAAAAtgsl/AAAAAAAAACwhjqagfqy/vZHPTq2cvPCrzT259/Tz2oR0ib91dAP9XVN6o/PfX/Fnu19bfk4Yvrrf/hTdcX+UX/2vbcq/CwAAAAAAADAzld3M1A/+8Wf6I+/nf3zj7qur2lg6OVah1URJV/bP3xX3yzj3G9+9+/14zKPBQAAAAAAAFAZdZdALfaW/uaDz6RjT+ivah1Kxb2lv/nzSX22/2v6wwrnh//zuT8pMQsWAAAAAAAAwGbVUQl/mV74rn4w8DXtlyQt6PrYX+hv3spub1Pys2M6dsye7fkdXdGPv54tnC84dsPrfEXJz6Rjx+y9+qywLP8F/fU//KmO788G9Jl+8e3z+s9bejExJRd61PXIC5LswP5q6IfKhZx93pevaOD4fsmZsao//55+tk4chSX8RV5e5/0AAAAAAAAAsEqdz0B9QX/91DHps4+dBOXL+tuBrymZLYX/RVLHB64UzE49Jk/yH/XH3/4Tfef7L+tvv+7R9bGCY/8oWwJffJ2x61pxnf06poh93tivtHCsR3/rzBL95ne/pePJyXwZ/sIxPfXdF7b4+t7Sl0lpv6fLufbf6+ueX2kse21Pj37w3Rek75/X2PWFop6pm49jvfcDAAAAAAAAQCl1NwP12Nd/qB9/vWDDwq80lp39+fITOrbwK41lJ4N+/x1df+pP9eTLkmKStKDYB4VTKvfr+B++LL31fen75/XH2fNefkLH9Jl+4Tz+2fci+sMf9RRd5/p/cXa+9aWSA/kr/ux7f1Gw6FOXPPtVIS/oqa79+uyD7KJSb+lvPnhOP37qKX1Tq6eJbi2ONd4PAAAAAAAAACXVXQL1s1/8ib6zRmLvm494pP3HNPCjH6ogp6mFR15wEp+Fvq/vfFv62x/16Mc/6nEubpfEf/MRj7Tw6epTyrGiDH5hYSsXyXpBj3ikhVhM2SToqgSypC6VeHmbjmPt9wMAAAAAAABAaXWXQF3Pz75MamDh01wZe5EXnipxxvf1nW87CcIXqhY9TAAAIABJREFUvqsfDPTob1/+vr7zZVIDx9vUtekI7JYCC9f/UX/2vbeU7Ye6+evkY+7aLyW/tK+VXOiRPiidQC4utd9qHGu8H+RQAQAAAAAAgJLqvAfqCt//uHjV+he+qx/86Ie5/qRFXviufvCjv9dfZ9uCvvWlklpQMuZcR8fskn1J3/xuQMf0mT4qM5GY7Vmql58rWMRps17QX//R17R/4VeyuwW8pQ9iCzr2VL4v6V8N/VA//oe1+5RuKo713g8AAAAAAAAAJTXUDFTp+/rO2CP6wUC+zH3h+j/aMyhXrp/01vf0Z11X9OOBH+rHAwXHvlXqOgu6PnbeWahqPU5f0q87ZfCfTeoXnx3T1z3lzUFdVZ6/ooT+Z9/7C3UN/bCgRcFn+sW3ndm2H3yqPzr+NQ386Iq6vn1+83Gs+34AAAAAAAAAKMWwLMuq5AXvXXl6zX1/8U//f3v3FxNVnu/9/l3/oORPi0I76MA01Q+GmdY542bDsw+dSRFjPzKJptN29tEgfdF9xi0X3hi5cdRJuGi7vYFw4wVu95m+aCT2mUxPDJ1sPWMMZD9N8sDmcZ7W3pvIY9GBQVr51w0oUn/WuViriqqiCgpF/n5eCYm11m/9fr9VTbusb/2+398byzmUyJrW+Mv/Tfz/XOH/2372+65lGcPn87EzP39Z+hIRERERERERWaseDQ/j8XiWvd+hoaFF26yvFH4RERERERERERGRFaQAqoiIiIiIiIiIiEgSCqCKiIiIiIiIiIiIJKEAqoiIiIiIiIiIiEgSCqCKiIiIiIiIiIiIJOFcycEy7EGehhwrOaTIqthiD672FERERDaJXj6vbaQDL3XNNZTEnGrhZGMHeI7zydlK8pbac0stDZzhSk3J4o3DRtr59Hwnb188S2WiAcNzCnvBucmrNzU1xdTUFKFQaLWnIrJmOex2MrOyyMrKWu2piIi8UisaQN2TM0PXWOZKDimyKkqyn632FERERDYRDx5PB129NZRExTp7uzuSX7JELxRMnd8JJxsHqLnYHAmujrRf4twlIkHUpYyzLHOShKamppiansblcoHNttrTEVmSlfyNNQyD6elpAAVRRWRDW9EU/uo3xqnIneI1l1bnycaU5Qzy9zmTHNk1stpTERER2VQKCz10dPdGHRlheMCD1+t54T5LapqXNTg5MjwAngr2RC03zas8gtfXyX3902FNmZqawuV0KngqsgibzYbT6WR6amq1pyIi8kqt6ArUra4gJ/7L6EoOKeuEYSQ4Nq+Nscj51K41Yo4vPp9Uro09nqTTNW2E9kvnafHNHfEcv8jvEuYevqTeFk42Mj/NUkRE5CUUllXgaeymt6bEfL6M3OdrKni/oJOOgaiGcSn0kefdSDufnh+k0NtBRwd4zzRT3m2u8Pyk4EsaOgAaORle8TnSzqfnrxF5dHoXXwmal18Ivk7uj1RGpfeX8EHzWcBcjZrqOPPalnXHPl/jSgn0ttRa7VHZgBSEQiEFT0VSZLPZCKrUhYhscNpESmTT6+Xz2vO0FJ7hSnOz9XOGwmvnOdnSu/jlIiIia0HuHt72dNBlPbpG7ndCxR5yYxr18rmVQn+luZkrZ7z4rt1k7mnXwUDBRa40N/NBVCw0r/IsdV6igqQjtF+9RuEZq5+Lx/F0fEn7YqtIS2qo8/poOV/LydpaTta2EP2kXco489suoLeFhoHjfGI95+sKr/HPi05WRERERMJWdAWqiKw9vS2NdHiO80nMh68SPjjjpSN6JY/IC/D7/Xz//ffM+v0E/H6cLhdpaWnk/+QnOJ0b5xG0We5TZG3LY0+Fh6+HR6AE7nf6KDySB8PRbeZWe4KVUk9h1HkPb+9JZV1mHpVnm+dejg7iA95O4UqzLACEN79qqF1ok6sXH2ce3zX+tbeSD0rMOfzuRfoQERER2aT0qU5kU+ulqwO8ZxJ8aCup4UpzbFtzl2OT90x4dY6Z/v91oRc6OqwUw9idkKPTBr1eb+w4MamJHmrCuxYnSKX8QJHcdeWHH3/k+++/Z8eOHaSnp5Oens7z5895/vw5//vhQ/Lz89n62msJrlymHbUX2wl7mbzwfcan5UZE/X/wqq3QeySyUvLyC/F9eZ+RPfC1z8v7JcQFUGNL1ng8L14fNTYl3sPSeyrhg+ZmPrD+zvvn9j0JS+e8/DiYz/QzcLKxNsFzXEREREQWowCqyGY2MswAHt7OXbQh7ZcaGTh+kSuROnGXaI8Kuvg6oK65mRLrw2lDS5mZUtjbQkNHOBBmnoNwELWXz8+bqYm/K8EMjp1vIT8SNAunUiqys9788OOPjI2NUVxcTDAY5Pnz5/z44484nU4yMzPZvXs3/f39AEmCqK9+R+3lEH2f0cKB1Ndee23R+1yxYKnIZlBShtf3Jf96E3zeI5hJ8FF6b9Lii/pyxqrLvWQj7fypI/5Lv87FLqL90nkGjsQHLnMp9MBAwkteZJwkSmq40lxjdXuJc40tlKse+TJ5TFfrbfoo5kB1OTtiTnXRersPcst592AxmS89VBett5k/Topz5EA15Uu7UERERFANVBGJ09sSrstm/nzei7kRh8/L++EoT14l73t9fB21ZbDneJX1ISyP/KhsyN7uDvCWRc5VHvFGn6TDc5zfhD+9lVRRE1W/LvVUSllLwunsb7zxBk+fPsXn8zE4OMjw8DCDg4P4fD6ePn1KUVER33//PX6/P2E/r2JH7eUUfZ8LWew+RWQ5lVDu9dHR4cNbliw0OMDwCMAI7V++zJcyPgasvVF7byZaTR7PLDHQ0XgptlZq701afAs971IcJ7cAD7E1YMNtR9ovcfJSeySYnJdfCJ4CFv3+VJYgl9zcPr57HHv08Xd9qzMdERERWVZagSqymeXlUxj+YGZ9bouvzQZYNdc6zDpt0byjsODHrxGGB8BTEdUmtwAPg+bZ4QHwdXCu9lrMVZ7hkYW7lTUtnM4eDAYZGhoydzKOEgqFGBoawuPxsGPHDp6MjLBr5855/bz0jtrzJCtD8XL3mYqF7nNBC5a46OTt44W0XDPvyHP8Iv/EVc5d80VeR96HVXqPRFZDSZkXOqA80e9uSRU1nvO0nK+lBQ81Z47jaezEKpu6eL+NjZwcMEuIvO+9RoOVEu89cwZvR6P5PF3g+ZVXeZYr+S2cPF9LS+Sol7rms5HxUx4nb+G2nuPH8dIZGbdusDbqeeuh5mLNwmVQZMm2bcul77vHlEeeDdP8OJ5LcTH0jS/TIDvKqa5epr5Ekvjmm28oKSkhLS0t5vjs7Cy9vb388pe/XKWZiYisHgVQRTa1Esq90PBlO79ZqJ5kbgEevLyfMNVvoV18zdWovsGoCK21AQaEV8BUJK5lqc2B163Z2dlIHdD44GlYKBTi+fPnpKWlMT42lrij3D287bkWSeM3d9Q+QS7R6atzO2pX5mEFCm/SWxn/u7p4GYoXvc9UJL9PnxXImTMXtFysxIWPlsEjZkpubwsnG8/zz8fNkhcj7Zc4dy38PqzeeySyMmI3hoqv4Z1XeZYrlZFXVJ5tpjLq6srm8KtKftccfcb6UjGm35q5fiNfOFqaw4PO7yeu05h+FjuffJwU2lZWRjWNOyfLbtsbb5J7+zsel+8w0+unH/GQN9m37WFsADWc1m/JLX+Xg8WZMN3HrRvjbCvuo68Pig9U88Z3rdylGPr6GM0t591949yISuGf7rvFja7RcEexZQKixykuJrbYjEhi33zzDffu3WNwcJADBw5Egqizs7Pcvn2biYkJAAVRRWTTUQq/yCZXUnMGr+8a51piU6XbL82tQiNvD297OvhTJOewl89ra/m0ffEop7kS6MtIumJMDcuSMry+a/xreOiRdj4Nlw2QdSsQCJCenr5oyrrf78ftdi/Qzkx3HRgeAUbMHbXz4yN5ZuAkHOAzd9ROIIUyFEsVvs9UJL9PDzUXm7nSPPcTWfGZQomLmirrZG4BnqiSF3nRdTRW8T0SEdlUMnfyZlQa//Sjh/Dmzri6p4/puj1O+bvVVFdXU32gmNGub5nL/O9jfNu7VFfP1Sod7YN91dVUx9dQfdzFja5tHKg2+zqwrYsbXY+jxumj+IB57t1t46iYgKSipKSEnJwcJiYmuH37NrOzszHB05ycHEpKlJ4iIpuPVqCKbHrmLsDlLbWcrI067DnOJ83hlaF5VJ49w0DteU6Gs/+8Z8xVaostFS2p4ZPjlzhnrbLzeL1ROwiX8MHF43x6vpaTkWEvmgEkxWzWLafTyfPnz3G5XAu2c7lczMzMLNhu2XbUXrAMxYstrwzfZypB1MXuM5HlK3Gxeu+RiMjmksnON3N5+OM07IBHD0fZti8Tfoxus4Py6oORV9M/jgPbos7n8ubOuK2mit9IuGHU4+/6yC1/N3Jux1vl5N6wVsA+/s7c1Mo6mVm8j+Ku2y99h7LxpaWlceDAgUjA9PZt8/cmHDyNXpUqIrKZKIAqIkAqqX1moPWDecfnp0PGpDwSnz4J1MScTJzqmOy4rHlut5vnz5+TmZmJ3W5PmMZvt9tJT09ncnJy4X+EL9eO2guWoXgx4ftMNYC61A8by1biYhXfIxGRzSbztW2M3n3E9E54OFrMvh3EBVCn6bt1g0jWfe6LFn2f5sdxGO27QWtX9PFcfpyGzB/HIffNqBWrmWzLheUqxSobW3wQFVDwVEQ2PaXwi4jIstqxYwePv/8eh8PBrl27sNtjHzV2u51du3bhcDgYefKEn/zkJwv0tkw7ar9EGYpkwveZisXvM4FlLXGxOu+RiMims+MNikcf8u23DxlNtHL08bd0jRZH0u4P7tuWqJcUZPLaNrN+arXVl/lzkOJMM5DL6DjTkfbTjI++6E3JZhQOoubk5Ch4KiKCVqCKiMgyczqd/CQ/n/7+foqKivB4PDx//hy/34/L5SI9PR2Hw4HP5yN/506czoUfRcuzo/ZCZSiW5z6TSfU+51umEher+B6JiGw+O3ijeJTbfVB8IFHiPcA4P07Djsxp+u72wQtu77TjjWJGb3/L4+LoDaW2mRtM7XiDYm5zt+8tc4Oqx9/x4iPJZhUOoob/LCKymdkMwzCWs8PJhoqX7OECGXWHcERe9+NvqGbmJXtdCa6jt3AXZs87HrxXwdObyzxYVSvZezHfm+g/L/MwKyXRb2H8ofhf1fnnU7vWiDm++HxSuTb2eOL20df87PddLAefz8fO/Pxl6Utkuf3w4488/v57Xt+xg7S0NNxuNzMzM8zMzDDy5An5O3fyWvb8vzPXm81ynyIim8nQ0BDpbneKrR/T1XqXbe+aqz953EXrbcxAJlZg8+GbvHuwmMyYFP5cyg+8ycPbD3nz3YMU08etG9afrdz7x12t3OYA1eEdpRL1Ha4HQC7lUdcy3cetG12YQxVTTB/sm9ucSjYu2yqMOTMzw65du1ZhZBHZTB4NDyff0+ElDA0NLdpmbQVQSy+Ttb8UBpqY+uI6EA5Kjr58cLD0Mln7dxO8c5BnPS/ejfujTlx8xeQfPp53znX0Fu7XHzBz+RSRvZarWsneW5RiENUMHpNKWwVQFUBFAVRZ+/x+P0+ePIlZgZqWns5Pdux4gRWZa9dmuU8Rkc1iaQFUkbVFAVQR2ahWM4C6pj7VuX9Vim3sKyat4CmA/4t/wXnqNM6jxyDq+Lpxs5qZrbdwF1/GdTMqsLoM/U4u96pWEZFl5nK5NsU/pjfLfYqIiIiIiGxGayiAegH7dgjei1/ZeZ1nl2MDpzGp8jM9kRWf5urQfoLbi6wSAJME7hzkWc8FMvaXYgOc+2+xBXMVqvujTlzbw72G21ovrdWwtqhzgeJbVvtDZH9EwlWoifh/GMVduB0HmAHUBH0/6znGllNW6YK9nWRgrUK1VrCGGeHVuUlXnR5jy6nTOMNfmI8lXi0rIiIiIiIiIiIii7Mv3mSFlO7EziTGk0XaVbVaKf0VTDY0EaAU90cX5s5vz8W4U8FkQwX+sWycFZdx8TFP7/RgRAdJq1pxZfQw0xDV9lfhfsyAa+ieeW7y3ijO/a04vjiIf4ylByWfjGGQi600ed9urvPs8lcEia6ZeoGMvbkE7oTb9mMrfI+FkolcR3+L8+lXZvuGJgIZh8ioSn2qIiIiIiIiIiIiMmcNrUBNjXtXEYx9Za26vM6zvvfI3rtnLqg41hFZRRqcnsSVkaSjmBT4Y9gygKfWy6o9OOjHf3N+25euhFS1B8dMDzORvv9MoPg09ipgXkr+xzxtmHvl2poLjMY3mm+7ly2l8Kxn/updERERERERERERSd3aCaD2PCK0vxTb6ws1MgOdxpMHLz9eXBq9EZUH79qaCzMPCL78KKbXt2NjFKMHXEdzwV2Eu64zJhhrbD2W4MLYdHxjZnLRofxfHISjt3Dv7yR7P8wrTSAiIiIiIguy2+3m7p+21diOR2R9MQwDh33tJLeKiLwKayeAyseExg7h2nUBiE2PN2ubmmnzxtPT2DJ3v/RokQ2rrFR8cwzTvJqlLzvWriKY6SEY7vv1B5G6rbEuxL6seg+nu3+uzqlV93Qx/i8ORvp2f9SJq+Iyrp5l3MBKRERERGQDy8rKYmp6GpfTqSCqyAIMw8Dv95OVmbnaUxEReaXWUAAVZv7ag3P/IbKOPjA3SgKzVun2SQJ3zEDnzFA/Litlf4ZjbCmeS+lfcnp9xk5cgL/0Ms7twJh1/OZ9gnsPzaXVl14ma/9ugncOYix1jKpWXNsheM8KYFp9u6owSwRYK2FDkbqn8azaqT3WvdK/4HDRwWawyhjwSMFTEREREZEUZWVlYQDTU1OEQqHVno7ImuWw28nKyiIrK2u1pyIi8kqtqQAqPaeY6rlARt1psutOWwf78TccnNtp/mY1M1tv4a6zVozO9DCTyoZOPR0EK0px7u8k4/UKnv61B+f+UjOVfqYH/8AkrtetgCof8/TOTrL2d0ZWfAbvVZhp8K/349p7iOxTOxOvInWXxqXnTxK4UxGVQj+/b2OgyQqeWqtw93aStbWJqS/M+qjO/Z1k758kcK8HY+9uazOqxGb+0ITt1Gmy6w5FvX9L2PBKRERERETIzsoiW0EhERERAWyGYSx5UeVCJhsqlrM72SQS/RbGH4r/VZ1/PrVrjZjji88nlWtjjyduH33Nz37flXjgJfL5fOzMz1+WvkRERERERERE1qpHw8N4PJ5l73doaGjRNqr0LCIiIiIiIiIiIpKEAqgiIiIiIiIiIiIiSSiAKiIiIiIiIiIiIpKEAqgiIiIiIiIiIiIiSSiAKiIiIiIiIiIiIpKEAqgiIiIiIiIiIiIiSaxsANWmeK1sDja7Y7WnICIiIiIiIiIiy2BlI5quDAWWZMNzOJykbclc7WmIiIiIiIiIiMgycK7oaIFnhNKzwZkONgVSZWG2RV6vRaFQkMDsDLNTE6s9FRERERERERERWQYrG0ANBbE9U2BJ5jOMBMfmtTEWOZ/atUbM8cXnk8q1sceTdCoiIiIiIiIiIuuOipKKiIiIiIiIiIiIJKEAqoiIiIiIiIiIiEgSCqCKiIiIiIiIiIiIJLGyNVBFRERERETWgfHxcSYmJggEAqs9FZElcTqd5GzbxracnAXbffO/vsFmm9vb4Zf/xy8j53r/sxe/fzbhuW/+1zcx/USfExHZqBRAFdnUevm8tpEO7xmu1JREHR+h/dJ5Bo4080FJ0osTMK/7uuIiv6vMW+a5WnpbONkIdc01lET/+dWMJi9oamqKqakpQqHQak9FZM2y2+1kZWWRlZW12lNZ56xnWfxhz3E+OVvJK3oapWhubp7jsc/GkfZLnLvmi2vvoebiWcxmS3imjrTz6flO3o5cKy9rfHyc8fFx0tLTSXe7V3s6IktiGAYTE+bmzQsFUQ0jxL7Sv8cG9Pz7v8ecC4VCvLVnD2lpafPOGUaI0r//e0hwnYjIRqUAqohAx5e0V73Yh66R9kuc66xY9Q+pa2UeYgVPp6dxuVxgs632dETWLsNganoaQEHUZeA9E/2lnxl8PHeJlJ4Lr+oZMtL+JR0LBXLjzo20X+Lc+RbyU/hiUM+9V2tiYoK09HTsdlU8k/XHZrORlpbGxPh4wgDq/3fv/wEgL/h3+GdnAQgGQ5HjANv8b+H3+7HZbPPO5QX/jtkE1/23vf/3K7snEZHVpn8RiAgeD7RcbWfkpXvKo/Js86tbfRqvpIYrWn265kxNTeFyOhU8FVmMzYbL6WRqamq1Z7IB5VF59gxe3zX+tXeVp1KYn3KAM29PBR4GGB6BFX+mSoxAIKDgqaxrNpstafmJUMCg4Kc/jckUCoVC7NqVH/mxBV24XC4Mw5h3Lv66gp/+lFDAeOX3JCKymrQCVUQoPHKEwsZG/rl9T9IPar0ttTRE8iOtFMPRFiv90Get8tnD/Zh0w9i0yrnVQVZaYqEXOjowExi9Man4CceLn1o4hf8MNETP48gg574siFqV08vntV9SqNTGFREKhRQ8FUmVzaZSF69MLoUe+Hp4BEqsp0FKzzLz2RHTdl6pm2iJn3VzKfqNnOzwplRuZuR+Jz5PBf8Un8K/5z6fnh+k0NtBRwd4/y8vHf9v1JxPWB3cb+HktY4U5iwim1kgYBAw/IRCQf69uzty/Plzf+TPIWaTngsGAzHnAoafgAKoIrLBKYAqIkAJH5zxcrLxJr2VCT7g9bbQMHCcT5qjPlTe7KWypoZPjg9EpRBGr2Edof1SIwPHL3KlMs8Kdl6KCWL6OqCuuZkS60NiQ0uZ+WEv6XhJPgiWxM+jF6/vS+6PVJpj9XbT4angEwVPRUQ2kTzyC8E3OArkLeFZZgY/59qaz6hP2xPVIl3gWVd5lk9YJM3ed41ztdeiDnipa06Wkt/BQMFFrjSbZ3/jiprzSDvgo2XwCFeaa6yaqI18XrbUWuYishkE/SEwDNL/y3DcmbkvwJ2eJ8nPFX8fe8qwmX2KiGxgCqCKiKmkhjpvrRXEzJ137srZ8IsRhgeAwkX6G7nP1z4Pb5+wPgaWVFHjOc/X90eorDQPeY5XWcFa80PuS40XO2HKvT7+dH+Eyso8ers78FRcVI04EZHNLOVnywj3O314j5y1nht5VB7x0vLlfUYq44KbCz7rUnjqxNdH7W3hZO2lxFkXeHh7z0J9eqipsqKleflLe2yKyKYS9Bv03R9a7WmIiKwrCqCKSERJ1XE85xv5vOxi7AevkXY+PX/NSrX34PGk0NnoID4Kef9FopYvMl6ckjIvvi/vM1K5h+EBD29XKXwqIrK5mEFST4X1pWDKz5ZRBnzQ0VgbScs3ebHWskY1fYlnXSIJvmwUEVluxTlvs+MnOwgGg8vSn8Ph4PH3j5elLxGRtUoBVBGZk1fJPx3v5NyXN/FGHe69eQ1fVC213pZaGhbrK7cAD51ElZ5L2QuNF6+kzEzj74WvCdeTk7Vsuu8WN7qg/N2DFGeuyIDcuvGQN1dqPBFZWSP3+doHhUes+qcpP1vM2qneIymkv7/Es042iIlurjYN8079YYrmDtJ9tYm2QfNVweHTnCjLmXd8TgGHT5+gLAcmuq/SFNOgjA9j+k44CbqvNjH8Tj2HoxpG9zU3hxe5n37a6j+jO6pZyv3JGmWQk2P+9zMMA8MwsNvtGIARCmGz2cBmwzDMuqZ268+GYWCzNlczDAMb5mZVAI+//z7RQCIiG8YaCqBeIKPuEI5Ep2Z6mLl8Cn+ic5uE+6NOXNvnXgfvVfD05urNRzauvMoT1HSep8VHTBCVgWFGKCFvpJ0/dRB3MlFHe3jbc20ujbH3Ji0+DzUn8iCmVmoSSx1vHjONv6HRB94zSt9f86Z59BCKi+Hho2mKFdEUkZcyQvvVa/g8x/mn6CBoSs+WPPZUeGj5sp3fRG8oNXB8fi3TBZ91L2Cpz0pZXRPdXG1qY5CymMP9bU20cZjT9WXkhIOmefUcLsqh7ER9TOv+tno+4x3CsciJ4cElBifngrIxs5jo5o9tcPh0PWV0c7Xpj3QXn2DBbpPcDxMjDKcUyJX1wjAgIyMDAH8gQCgYJC09nVAoRMDvx+F04nA48Pv9YBikpaURCAYJBgK40tLM6/x+7HY7Lqcz0qeIyEa2hgKoJgUG4x1jy6nTOOlhpsEKIpdeJmt/Jxm8/Hvl/qgTF18x+YePX7gP19FbuF9/sOmD3BuHVeutcS5x0Uzttza68Byn7riHhk7rQ+ieCjzXrnGudpC65qrYfs6eYaD2PCet/TG8Z5oT1HSbb8Hxks06Zh7mRlglZV7o6MBbph001rzH39LFm7z7xjg3bn/L4+JydrzqMTOLOVhd/KpHkU3mm2++4eclJZEPmGH+2Vl6e3vZ+8tfrtLMNr55Kfdxu9Cn/iyroaTyLHWDtVEbPCXb3OnFn3VAgk2kUr8+Zs4XC1IcUJZLeHVnWVkZg9FLM+nnXjeUfViGGavMoeydMurv9XO4KC782N/GZ91lfFgfPj7ByDDk700xeBoOeJaVURY7CSb67jJYsI9/zAEo452yNv7SN0FZkghq8vsBJoYZLMhH6003EoNwvDMYDOL3+0lLSyMUCuH3+7HZ7TjsdgKBAIZh4EpLIxgMMuv343S5wDDMQKvDgdPpjPQpIrKR2Qxjeb8rmmyoeMErzRWoKIAaq6qV7L3gb6hmJurwcgUt10oANdFvYfyh+F/V+edTu9aIOb74fFK5NvZ44vbR1/zs912JB14in8/Hzvz8ZelrQxpp59Pzg7xvBVRlZQwNDZHudi/pmsddrdzd9i4Hi6fpar0NB6op3xE5SettKC8fp6trFIDiA9W88V0rt/uIvA63N0sBmO3ILefdg8Vkhvu5C8X00TeaS/k7b/LwL9Ep/I/par2N1WVMn4+75saC3LkyA9bciov76OsLD/kuB7WCdlP65ptvuHfvHttycjhw4MDcKp3ZWW7fvs34xAR79+7ll3FB1OczM+zatWs1piwiSTx48IDMrKyk5yd2alFeAAAewElEQVT6+6GoiJz+Nuo/I2p1ppnuzodR6fT9bdT/JZ/TJ8qigpDmytG7+6JXm/bTVv8X8k8vslJ0bhL0U0RRzvwxzZWtH1JvHYh/nfr9WMHV4XeSXitr1/TUFLt37553/K9377Lv7/4OgJnnzwkEAmzZsoVQMMjz2VnSXGk4nA5mnz/HMAzcW7bg9/vx+/243W4wDJ7PzuJwOEhPTzf7/J//k1/t27ei9ycim8+j4WE8L7JJyiKGhhbfWG/NrUBdkBVMDAzk4izMBswVq6Fdc+nt0StYXUdv4bbaxZQBqGoluxiCFOFwTxK4c5BnXCZrfyk2gJl+ghRhf9LE1BfXgbgU+rG5gKMZgOwnuL3IKj9g9ddjtS2N6jd87vVWsovHogKOF8io82JEX2dx7yqCsa9igqcA/i8OxgYrE43TEz6+m9AYOLZnx8zfdfSWdU+HyP4I856qWsneO/ePI2Ng7j2IL7MQvFfBU1qt97gU96nLcPkU/pg+4t4PkRU0cr8Tn/eIgqdr3mO+68vlzXczgUzeKs/lxnePKd8RvQa1j4e8S3V1phkgvd0KB6qpLreCm3f7eOtgMZmPu7jRtY0D1QfZgXnuRtdrVIcjoaN95nU7gOk+Hkb6n6bv1m3Gy9+lujjTqo96i753D1I83cXt8XLerTYDsY+7Wrn97WOKIxHePsa3mXMzA6r/nb6dqqu6Gf28pITBwUHGJya4ffs2Bw4cAIgET3Nycvh5if5GEtkIcuJXk86dIb8A2v7Sza9PWCn8f+mGwTImYC6A2v9vtA2W8eGJqEjpxAjDDNLdVE+bdajsw9i6pnGTWDClviB/ru+c/AIYfpH7McsK0P0Z9eGVqQWH44LBst4YBoRCIQACfj/BYCgSLA0Fg/iZJRg0V6ACzD5/TjAYJBgI4p+dxTAgGF6d6nRii6qXKiKyUdlXewLxHHs7ya6L/cmIzgqmCAf/wmRDBTMDkzj2dmIfqmCyoQL/GDiKL+MCqGrFXTiKv8E697QU90cX5rpxF0FfBZMNB3nWc4wtFaUw0MRkQwWTfeCIWjzlOnoLV0YPMw0VTDY0Ecg4RNbRY3MNtudi3AnPIRtnhTUHLpCxv5TQPfPc5L1RnPtbcd+8T9C9G2epdX3VHhwzDwjMCzIew5YBxvSDRd612HFmBjDHiZzPxkGHOYc7PRjbD5FRZQVhx4gKCF8gY28ugTvh+fZjK3zP6ucYW04dwh5+j+70YN97iy1PqpkZmIwKUMf3MRr1foislBHaL9Vy7lohdTUKVqx5j7+jr3hfJOCYufNNcvu+I3Yv12L2WQ0yX9sGFPOGFb/M3JYb1VUfueVvRdL/d7xVHtfX3HUxph/xcDSXN3eGJ1HMwWorCLqjnOrwKlam+XE8/uK5uZG5jdz407JpuNLSeOfAAXJyciJB1Ojg6TtRq1JFZKPKoezEh5QNttFUX099/R9hX9m8Vv33uqFsb2wAdGKYQQo4fLqe+vp66j8so/uzq3RPrNjkEzDLClD2oTmn+tMcpo2mtv7VnJS8JMMwCIVC5o9hYBihmOPmhlHxr812hmFgYL0O92G1ERHZyNbcCtTFa6D2E7BWRPp/GMVdOErIah+cnsRl1sLGvasIY6ApsnJz5q89OPfvwQ3Wsf7IdZR6cbgnCfZZKy1v/plA8WlrpeUxnK9nE+wLrxa9zrO+98gu9uLCaj/WEVlhGT0HqvbgoB9/eJyb1Uxaf3aPdeIsPgY91825Pvnzi6fix43j/6IDV90h7FXAE4BJAn+1UvR7HhHan6yjj3katR2ta2suYKXBxr9HPaeYsu7ZNa+EYDbOX12Ano9j7llk5eRRebaZytWehqRgmr67fTDaR2tf7Jm7fW8tMRXeDG6O9t2gNaZKRi4/TrNwTdXpcUbZxr5Ew033cetGl/W3YS65ipDKAsJB1L9YgVNAwVORTaeIw/X1HLZeTXRfhYJ9Men7I8NQ9k7cqs+iw9TXR7/+NYcLmrjbN0Exf6SpbdA6kdqGToPDc2teJ4YHI8f72+r5LOXVpPEbX5k1Xds+u0f/4YVXwMpaZkQCnnabHcMWwuEwP/3abDbsdjtOp4Ng0FyB6nQ6zfY2Gw6HA8MwCNps2Gxm/qOCpyKyGay5AOryMFdu2rafJrvudNTxSWylCZq/vh0boxgJ08x3Y3NbK2P3xp5xJGoexbU1F2YeEExwbmao3wrCgi1jkuBfrydodR3j6WlsmfPr1qQ6ztJYG1ZZS1eNmcm5Uwu+R9HMIGxG3SGy6w6Zh8ZersaqiGxg0494OFrMgerYTaOm+25x4+EjpovDKz9Tkclr2yD3zSQ1SKcXunQbuTw0A61xlz7+tovR4gORMgCPu1q5nfKcZDOKDqICCp6KbHITw4OQ/85ckHKij7uDBexLMQc+Py+HnKIT1M9fyJpUopT9cEp/0eF66g8nuGgptKnUuhZeWQoQCFgp/LOzhEIhgkHzU2UoFDI3kQKeR6Xwz87OWtcFrECr02qvIKqIbGxrLoV/eVzHeGrW75y0UvjNnyS1OJ+MYZCbOLjKA4wZc2VsbF/V8+qSxvP/MAru7YkDreE0/iovDhKl75tmhvph+x7mbcdS1Up2nZmmv+A4S1H1Hk53f6TswVTf6Ny5Bd+jeB/zNPw+RZUMEBGJN/3oIaPFb8xbHZq5801yRx/yaKGgZwI73ihmtOvbSMr+dN8tWlu74soBJJC5kzdzR3kYGfAxXa2tdIUvHP/RjL9O93G3L3EXItHCQVQFT0U2n/62eq6G8+772/isu4DDv45aqzkxzGDBPorjIpAT3Vepv9rNROT1H2kbLGPvCyzzzCneR0H3X8z0/4lu/tJdwL74AVO7G9rq65nL2O+n7bNuCvYVK4C6joVroIYDpqFQkEAwaAZJgyGCoZD5OhQiFDlutgtGtZu7PrTatyQi8spt0ACqGXicq99p1jENBxzn6ekgOJONo9iqa1r1XmQVJlwn8GRyrrYq5sZR2adSqOt58765GVU4eFh6may6W2wpBfiY0Fg2zr2l2J4+Sp6+f/PPBGaKcMWMd4GMvUUYA382g7hx47iOenFElyhYknCQ9BhbiqP+tRb/HnGBjHn1aePvEbNkAJMYT15kLiKy0X3bNUpxoqKkVkCz69tFQ5+xdpTzbvk4t1tbaW1t5UYXlL9bvnD6vjkgxQcPsK3rBq2trbS2mhtKle+w6qiOdnGjtZXW/w77ynPnAqoiC3ClpSl4KrIJFR3+kPy2JrNm6GfdlH14grKYvaIS7+aUU3aC0/vuWrVT62lqg8OnF0/VT9IZ/3gY2prqqW9qg8P/GDOHJdwNh+s/hM+suqz1n9Fd9iEnXqwzWSOia6Da7XYzNd9ux263Y7OB3Xpts9L0HQ6H2Q6w2x2RdtEp/ErjF5GNzmYs8990kw0VL3hl7A7vsfrxN1QzU9VK9l7MP4O1Y/zca9fRW7hffxDZ3d519Ja1QzzE7AYf3w/E7mI/1kMgoxTHk7kd6N0fdVo71kfNJ3ycuRT1+DnE9EtcjVdrt/rF677Gj5+gVmzMOFH3WnqZrP27CYZfW+8z4eutOZibQHXgjKTwTxK49wDH3vnXhv8bGQPW+xMZO/q/09w/9SLtFpDotzD+UPyv6vzzqV1rxBxffD6pXBt7PHH76Gt+9vsuloPP52Nnfv6y9CWyXIaGhkh3J/y6SkQSeD4zw65du1Z7GiIS5cGDB2RmZa32NEReyvTUFLt3zy8H193VzS9+8XPASs8PhUhPTycUCuH3+3E6nTgcDvyzsxhAeloagUCAQDBIWloaGDDrn8XhcJivgf/8j/+krHwJdSZERF7Ao+FhPB7Psvc7NDS0aJs1FEBdS8xaoLa+xQObL6X0Mln7txNIoRzARqcA6otRAFXWIgVQRZZGAVSRtUcBVNkIkgVQu/7H/+Dnv/gFAM+ePSMUCuFyuTCslHy7teI0aNVAdTmdBK1zLqcTAwgGAtgdDtLT0rDZbPzHf/wn//Uf/uvK3qCIbDqrGUDdsCn8S3OBjOi086r3cLpffdq5q3g3trH7mz54KiIiIiIiIivDMMAIhTDCtUsNw8xktNkii0FsWItBDANsNgin6dts5jljLnU/pPR9EdkEnKs9gbXhY/wDt3Dv7yR7v3kkeK8i8YZTyyK8230//gbtTi8iIiIiIiIrJxz0tNvsGDYDu90BoRA2qxaq3e7Abgti2GzY7XYMux17uGaqAXZ7EJvNNhdkFRHZ4BRAtfi/OJh8I6dld51nlxeuCSoiIiIiIiKy3AzDIM1lblHscjoxDMMMkgJpIZe5OZTNhtNlhgvsNhuG1c5mbSblSnNhI3YjKRGRjUwBVBERWVbmygQr3UtEFmZ9aBWRtcXpdM7tUC6yDhmGgdOZ/OP+N9/cW8HZiIisfwqgiojIssrKymJqehqX06kgqshCDAO/309mZuZqz0RE4mzdupWJiQnS0tMVRJV1xzAMnj9/Ts7WrQnP/8P/+Q8rPCMRkfVPAVQREVlWWVlZGJg7v4bCmxOIyDx2u53MrCyytdO3yJqzfft2AH744QcCgcAqz0ZkaZxOJzk5OWzftm21pyIismGsbADVZgdDH6Zl47PZHRih4GpPQ2TVZCsoJCIi69z27dsjgVQRERHZ3FY2H8WVgc3uWNEhRVaaw+EkbYvSMUVERERERERENoKVXYEaeEYoPRuc6WBTIFUWFl85cT1UUgyFggRmZ5idmljtqYiIiIiIiIiIyDJY2QBqKIjtmQJLMp9hJDg2r42xyPnUrjViji8+n1SujT2epFMREREREREREVl3tKWkiIiIiIiIiIiISBIKoIqIiIiIiIiIiIgkoQCqiIiIiIiIiIiISBIKoIqIiIiIiIiIiIgkoQCqiIiIiIiIiIiISBIKoIqIiIiIiIiIiIgkoQCqiIiIiIiIiIiISBIKoIqIiIiIiIiIiIgkoQCqiIiIiIiIiIiISBIKoIqIiIiIiIiIiIgkoQCqiIiIiIiIiIiISBIKoIqIiIiIiIiIiIgk4VztCcy5QEbdIRzxh2d6mLl8Cv9qTCkJ19FbuF9/sObmJSIiIiIiIiIiIstrDQVQTcF7FTy9GX51jC2nTuM+dRk2XLDSDBgTc78iK+vR8PBqT0FERERERERENomd+fmrPYUXsuYCqLGu8+zybjLqDuGqAr8CjSLLar3+xSUiIiIiIiIislLWeAAV4AHGDDi2HgOuA1YKfWG2eToqxd/9UScueghklOJ0A/Tjb6hmJtxV6WWy9pdiA2CSwJ2DPOsJH99NaAwc261+x75i8g8fWxeaK2HNPicJjsXOMNl8qGoley8Ex4pwbDdPGwNNTH0BW05Z5Qr2dpJBBU+fRM8tfiWuiIiIiIiIiIiIrIZ1sInUdYynYMvcbb6sasVdOIq/oYLJhgr8T0txf3Rhrvn2Umx91rmxIlynLuMC4AIZ+0sJ3TPPTd4bxbm/FXfkwmwcdJjn7vRgbD9ERpV5xnX0tzjpYaahgsmGDggHWVOZD0XYp5usMfuxFf6WLaXXeXb5K4KEA6XH2FIRNbc7Pdj3Rs9NREREREREREREVsM6CKDGcu8qwhj4c2RV6cxfezC275kLNs70RFL9Z/7ag+HejbMUqNqDI+ocN/9MYKYIe1X4wkkCf7VWnPY8IhQZ8RjO17MxnnRYNVg/xj8wmfp86CfwhblylidjGAvcm6PYCvb2nGIqeuWsiIiIiIiIiIiIrIp1kMJ/DFsGGE8eRP5s236a7LrTUW0msZViBiefPprbbKrnEaH95spV19ZccBfhruuMWdlpbD0GTxYafzc2N4R+uB454v9hFPfrc3NLNp/UXefZZcwNs8Lziy4FICIiIiIiIiIiIqti7QdQS704ogKYxtPTGE+amPri+rym7l8BGTtxgRl4LN2JHQgSDno+SByULPUuMIEENVi35gJjmOUFks+HqvmHkrvOs8vhPi6QUXeI9KPH8CfqV0RERERERERERFbEGk/hN2uD2qLT8of6sRW+F1lF6jp6i+y6qHqh4ZR9wP2rUmwzDwj0ADfvE3SX4goHNUsvk1XXGalzmtx1Ak8mo8Y0U/rDFp1PSi6QETMXM2gbvepVREREREREREREVt6aW4Hq2NtJ9t6oA2NfMfmHj+de36xmZust3HWd1uZQkwTumPVC3QBjo9j2d5K9H6Aff8OpSO3Sp3d2krV/rn9joMnc6X6RdHv/FwdxfNSJyxozONYPGYvPZ2EfExo7hGtvJ1lbm5i60xMzN8a+YvLmgh2IiIiIiIiIiIjIK2YzDGOhfY2WbLKhYjm7WxL3R524iAu4yrqQ6Lcw/lD8r+r886lda8QcX3w+qVwbezxx++hrfvb7rsQDL5HP52Nnfv6y9CUiIiIiIiIislY9Gh7G4/Ese79DQ0OLtlnjKfwiIiIiIiIiIiIiq0cBVBEREREREREREZEk1lwN1Jcx84eKFGqPioiIiIiIiIiIiKRGK1BFREREREREREREklAAVURERERERERERCQJBVBFREREREREREREkljZAKpN8VrZHGx2x2pPQURERERERERElsHKRjRdGQosyYbncDhJ25K52tMQEREREREREZFl4FzR0QLPCKVngzMdbAqkysJsi7xei0KhIIHZGWanJlZ7KiKranx8nImJCQKBwGpPRWTNcjqd5OTksG3bttWeioiIiIiILGBlA6ihILZnCizJfIaR4Ni8NsYi51O71og5vvh8Urk29niSTtekXj6vbaTDe4YrNSVRx0dov3SegSPNfFACvS21NBDfJr6rFk42Ql1zDQu0SnlMWb/Gx8cZHx8nLT2ddLd7tacjsmaFQiHGx8cBFER9aeYzpMU3d8R75hU8T1J+1omIiIjIRqKipCICHV/SPrIJxpQVMTExQVp6Ona7HjEiC7Hb7aSlpzMxoS+XX44VPC08w5XmZuvnDDTW8nnvas9NRERERDaClV2BKiJrkscDLVfb2XO2krwE50tqmrmywmPK+hUIBLTyVCRFdrtdpS5e2igDPvAeiV4TWsJvjns4193LByVaKypLZxgGg3/7G8+ePiUYDCZt53A42JKRQcFPf4rNth4KTomIiMiLUABVRCg8coTCxkb+uX0Pv6ucH86MT+HvbamlocM6OS8VHyKrgTjOJ0kCpIuNOT8d0xtJmTTnc5yagWvWeS91zWV01TbSEdc2tfmKiMj6lUuhB1rigqV5lWfnvvyzUu9rjg/Qcs18sHjPNFPePfd8iE75H2m/xDmrHZ5kz7L5z7pkz5vellr+hBc6OvAl7U/WksG//Q273U7x7t2Ltn306BGDf/sbhQUFKzAzERERWQ3KrxQRoIQPznjxXbvJYtmOI+2XaBg4zifNzVxpvkjNQCOfxuTimx8ov664yJUFPyAuPOZI+9WodMyL1Hg6+FP0OB2dcGLuXENtN+VW2qaXubaLz1dERNa3PCpPHMfT0cjJ2lpO1tYm+Xu+g685wZXmZj457qGjsZauMjPlv84LHV+2MwLQ28K5a4XUhZ8bXONcS/yTav6zbrHnja8D3m9uXuTZKGvF0+lpdu7cmVLbnTt38nR6+hXPSERERFaTAqgiYiqpoc7bQcO8D4nRRrjf6cNTscf68JdH5dnmqBWkA/zJ+kCZeFVp6mPmVZ6NWilqpmfG8B7BHCKP/ELAW2atODVXIkXP13ukcm6+R7z4Ou+jEKqIyAaSV8nvrPqnnxz34Lt2npO18TVQvbxvPZvyzAcH5dZjJrcg8uCgt7sj6pliPjfo6I76si/Rsy6F502kT1kPFkrbX472IiIisr4ohV9EIkqqjuM538jnZRcpTNjCDGQWHkkWHPUBHnNVaWVqOxQnHbO3hZON4TxIDx5PgosXZc63o7GWjpjjXkZBK4BERDagvMqzXKm00vAbWyhvTu15ZBpheAA8FbkLtEn0rFv4eSMiIiIi65sCqCIyJ6+Sfzreybkvb+JN2MBc3fn18AiUJAo/enn/bA201NLQUpZardGEY47Q/mUHnuPh1T1WquSSb8icr/fIXF07Wb/62+r5jA+pP1y0hKsm6L7axN19pzlRlvPK5iYiq6i3hZNfFsyrK2quMl0qM6vBN7jQ12yJnnULP28WK48jIiIiImubUvhFJEZe5Qlq6KAjPmXePMueCk9MSmJvSy0n41LwS2rO4O1ojEudXPqY5gdYoPdm1GZSS2HON1LXLjzfS+1K4RcR2ShKyvD64uuUml/EvUjafElZdMp+8n5in3V63oiIiIhsZFqBKiJxzLptLY0dic9WnqVusJZztdfMA57jfHK2BHq7o1qV8JvjniWkTsaPGX7dyMkOwHvGrJW64IqgJD3Hzxcvdc3awENEZOMo4YPmixReOs/J2rmjnuMXuZJKPe553dXwyfFLnKutDXfEJwkzKuKedQs8b5TGLyIiIrK+2QzDMJazw8mGiuXsTjaJRL+F8Yfif1Xnn0/tWiPm+OLzSeXa2OOJ20df87PfdyUeeIl8Ph878/OXpS+R5fLgwQMys7KSN5jo5mpTG4MABWWU0c1wVIp9f1s9n4Xj8WVzKfsxKfxWHxw+zYniPq423WXf6ROYXfTTVv8ZfFjP4SKl8MvaNz01xe7du1d7GiIS5dtvv+Xnv/hFyu3/8z/+g7feeusVzkhEREQeDQ/jebENUhY0NDS0aButQBURkRU0QfcfzcBnfVkO9LdR/xkU7LPOdl/ls+HDnK4vI8cKhF7Njwt+TnRbAdN6M2A6sSo3IiIiIiIiIpuEaqCKiMjKmejj7mAB+4qtgGjRrzlcEDlJ391BCvYVY54t4teHCxi82zcXIx3+S9xqUxERkeXncDheaXsRERFZX9ZQAPUYW051knX02DofA9wfdZL90YVXOoaIyLo0Mcwg+eQlDH5OMDwI+YlPmgaBgkHa/q3/FU1QREQEMjIzefToUUptHz16REZm5iuekYiIiKwmpfAviwtk1B2CexU8vbnacxERWcNy8ingLiMTUDQvTppDfgHcTXzSVPYOJw5DW/1ntO2txyqPKiIisqwKfvpTBv/2N/oePCAYDCZt53A42JKRQcFPf7qCsxMREZGVtskCqNd5dvn6Kx9l5g8VzLzyUURE1qGcYvYVtHG3b4Kyshzo/zfaBsM1UHMo3ldA290+JsrMGqj/1jZIweF/JLbUaRGHPyyj/rM29tYfpignj3wGo/q8RzdQtkq3KCIi65/NZqOwoGDxhiIiIrIprNkAqvujTlz0EMgoxekG6MffcB973SHMCkP9+BuqmVlS22NsOXUax5Mmpr64DtZr85pJgmPgyHjAzOVTOD7qxEk/bC/CNtPDzOVT+Ktayd47t9zJGGhi6gvYcsoaZ28nGVQQ2tWJi6+Y/MPHALiO3sJdmG1eFO4LoKqV7L0QHCvCsT26z1cf5BURWR05lP3jYe42NVHfBpQd5nAB3A2fLTvBh8P1NNW3mQfKPjQ3m4pX9GsOFzTxWdte6g+btVKb2mL7HF6hOxIREREREZGNbc0GUAHYvhvuVDDZYwY6XXXgb6jgqZUy7zx6DMLBxpTaxnbvOvpbnPQw03AKfzgNP2rpqG272Yd56AIZe3MJ3KngWQ9W8PM93FTz7PLumBR+90dRg1S14i4cxd9wMBLAdX90Ab8VXIUi7NNNTP7hutXnb9lSet0cQ0RkI8op40R9eH3oBN1XY+ueFh2up/7w/MuKDtdTP9cJZSfqI6tMc8pOUB+z5LQsYTsRERERERGRpVpDm0glMNZhBRKvYzwFxu5bwcwHGPE58ktpC8AxnK9nYzzpMFeD8jH+gcm4Pu9HxVM/5mnDwUhg07U1N6VbcO8qiurnOs/6+mH7HtyRFv0EwkHgJ2MYKfUqIrJe9dNWf5XucD5+/7/RNlhA/gL7RomIiIiIiIisprW9AvWV2o3NDaEfUk2Xj073B2NmcuHm1jW2DDCePHjRSYqIbDBF/PowNDXVYyXpU/ZhPYmy9EVERERERETWgk0cQDVXpjq2HgNSCKJWvYfTPVd3NVy/dGHXMZ6expa5+6VnKyKyUcxPtxcRERERERFZu9Z2Cv8rdZ3Ak0lsr3txAXABV3ijp6RysZUCHGNLcdEibU0zQ9Ep+9Z1MaUBREREREREREREZK3axAFU8H/xLwQoxV3XSXbdHoz4GqjRbv6ZwEw2zv2dZNf9Fvp6MCIB1Y8JjYFjbydZR4/FXVfNzEAurrpOsutOm5tWRTaQEhHZeJxOJ6FQaLWnIbIuhEIhnM5NnBAkIiIiIrIO2AzDWNZ9iyYbKpazuxXlOnoLd2YHkwpwrrhEv4Xxh+J/VeefT+1aI+b44vNJ5drY44nbR1/zs993JR54iXw+Hzvz85elL5HlMjY2xsTEBGnp6djtm/p7OpEFhUIhZp8/Z+vWreTmprY5pYiIiIjIZvVoeBiPx7Ps/Q4NDS3aZlMveXB/1IlzuompL64TTuE3BrThk4jIy9i+fTsAP/zwA4FAYJVnI7J2OZ1OcnJyIv/PiIiIiIjI2vT/A8ruYC5U0vclAAAAAElFTkSuQmCC" height="600" width="800" />
<img src="data:image/png;base64,iVBORw0KGgoAAAANSUhEUgAABVAAAAJcCAYAAAAfG4+9AAAAAXNSR0IArs4c6QAAIABJREFUeJzs3XecVdW5//HP2nufMmd6Y2aYQhk6SLWgCAj2qNGosQfFkptrbmKuJDfRJJabq6ZZEn+5iTE3GNTYxYKJGAUVVBRpIgxIEYY6c6aX03ZZvz/OmYGBGQYTpSTP2xeRmb332muf2f6R7zzrWUprrRFCCCGEEEIIIYQQQoh/MbNmzer1HOMQzEMIIYQQQgghhBBCCCGOShKgCiGEEEIIIYQQQgghRA8kQBVCCCGEEEIIIYQQQogeSIAqhBBCCCGEEEIIIYQQPZAAVQghhBBCCCGEEEIIIXogAaoQQgghhBBCCCGEEEL0QAJUIYQQQgghhBBCCCGE6IEEqEIIIYQQQgghhBBCCNEDCVCFEEIIIYQQQgghhBCiBxKgCiGEEEIIIYQQQgghRA8kQBVCCCGEEEIIIYQQQogeSIAqhBBCCCGEEEIIIYQQPZAAVQghhBBCCCGEEEIIIXpgHe4JfF4aY01Ut+5gS/NWtrftZGf7LhpijcTcGJ72QKdOVOBpzaSS4/n66JkYSjJkIYQQQgghhBBCCCFE947qADXhJlhdV8WiHe+wum4tjfFGXJJhqUKhlAJAKVBaJTNUBbZnM6HPOAlPhRBCCCGEEEIIIYQQB3TUBqhVDRt4ct0zrKxfDRoMFMowsDCBZJWp67nkBnLw0LTbbSilcDyHsQWjGVc0+jA/gRBCCCGEEEIIIYQQ4kh3VAao6xs28uN3/wfbS2AaFkppdKrq1NMejueQH8znlNKTSXgJ3tm1JFl9qjUecNWwS7GMo/LRhRBCCCGEEEIIIYQQh9BRlyK2xFv42Yf34XgJLMNEJ5NTtNLYnkOWL4NLBl/IsLwhLN75HvO3vo6HxlCKhJtgWulUhuRWHu7HEEIIIYQQQgghhBBCHAWOugD15c2vsitSS8gMdn7P9hwsZXHhwPP4cuWXaIw18sCK31Ldug3LsFKVqRqf6WfGiEs7e6MKIYQQQgghhBBCCCHEgRxVAWpTrJlXtrxGwPCjAa01rnaZWHw8lw+9mIqsMl799HUeXvMIAD7DQgNKKRJOnBnDrqAgVHBYn0EIIYQQQgghhBBCCHH0OKoC1I1Nm2lOtBA0/NjaIS+Qy/Ujr2ZS6QnE3Ti/WfF7Xt++EFNZGBhoNEqB4zn0y6rg3MqzDvcjCCGEEEIIIYQQQgghjiJHVYD6SeMGtPZwtMsppZP52vDLKAzlUxdt4Ocf/op1jeuwlA+l2NMbVWs0mm+N+QYhX9rhfgQhhBBCCCGEEEIIIcRR5KgJUD3t8VH9Wkxl8s3RX+e0flMxlEFNey0/+/ABNjRtwm/60BrQyWsUEHFi3HjM9QzLH3w4py+EEEIIIYQQQgghhDgKHTUBatSJ4jd83DHxViYUjQEgHKnnjiU/ZUfbTvyGD0j2O+1IUaNOnAsrv8yXKs84jDMXQgghhBBCCCGEEEIcrY6aANVQBt8a+28UpjaBsl2bX634LdvadiQ3lVIatO7cWMpQBpcNvogrhn8VU5mHefZCCCGEEEIIIYQQQoij0VEToKZZaaRZyR6mWmv+vO5ZltYuI2ClEcNBaYXf9FOaXsLxfcZxYsnxDM7pf5hnLYQQQgghhBBCCCGEOJodNQHq3jY3V7Ow5gNOLJtC/7QC+qeX0Ce9iML0IgpCBShlHO4pCiGEEEIIIYQQQggh/gkclQFqeUYxf5j6U5Tr4LXXYUWb0Qkb7daC66CDOSh/6HBPUwghhBBCCCGEEEIIcZQ7cgJU7aHjbWBHIZCB8qVBD5WkvubteGtewVu/AKdxOzGtk5tHGSba9GPmlWGUjcWqnIxZcgwqkHmIH0YIIYQQQgghhBBCCPHPQGmt9eGcgG4PY29ahLtpEW7dZkhEIZiFmVuOWTIcs/+JmIVDwArsuSbWjNe8A91ai9dYjbtjFe7uKrzWMHSEqQAojMJB+MdegDXiHJQ//fA8pBBCCCGEEEIIIYQQ4ogza9asXs85fAGq55D4+CUS7z2C17QDDCPZu1QZaM9D4aE1KMPE7DsK37ivYA0+FWUFux1Ot9fjhjfgbHgTe91rEG0Fw0ADSmvMviMJTP53zIrjD+1zCiGEEEIIIYQQQgghjkhHbICq4y3E33wAe+WLYJjJPwCeB9rdc54yUIDWGgWY/SYQmHIjZsnoA47vNW0nsfpF7A8eR7s2yrTQrgNKEZx+E/5xl4Jx5HQvEEIIIYQQQgghhBBCHHpHZICq7QjRF76Ls/l9lOUHVDI01WCUjsQsn4CRnod2HXTzDrzwRtyaT5JL+7UHpo/ghb/EN/DkXu/lhtcTm38X3s61YPpAa7RrEzjhKgJTvw3K/OIfWAghhBBCCCGEEEIIcUQ68gJU7RH92z3Yy59D+VI9TT0HIz2fwKk3Y1ZO2X+JvmvjNW/H2bCQxMq56MYdYFqkffVXWP1P7P2WsWZif/spTtXrYFpoACdB8Mzv4x97yef+iEIIIYQQQgghhBBCiKPDwQSo3W9z/wWxP34RZ9mze4WnLio9PxmGDj2j+/6mpg8jbwD+E64l/ao/4j/ha2jPJfriD9DRpl7vqYLZBM+6DWvYdHBsFKBMH/H5P8Wt3/z5PqAQQgghhBBCCCGEEOKfyiELUL2WXcQW/hosf/IbGtAeaef/FKNw6EGNodILCUz7T0IX/RIdaSTx0QsHd50vjeAZP0QVDQbXBWWAUsQX3Aee85mfJR6PE4lG8TzvgOdprYnFYrRHIsTj8c98n94kEgnaIxFisX98bNu2iUQiRCJREokEjuP0+HwHW7TsuC7RaJRIJEIikfiH53g4eNqjJhIm6sT+7jESrk1tpA7vMO3XJoQQQgghhBBCCCH+fodsJyV7+ZMQbQYrVX3qxPCddC1m6djPPJY1aBqhSx4k9uaD+MdfivKl9XqNCmYRPONWoo/NBDww/Tib38XZvQar75gu59bU1LLk/ffJzc3B9TwmT5qEZVm0tLTw3Ny5zJ8/n5bWNh584AEqKwfud68dO3eyaNFi3nrrbT7dsoVYLEp+Xh6jjjmGKVMmc/JJJxEIBA4438amJt57bwkZGRk0NTVx8qSTyMvLQ2vNylUf8eqrr7L6449pamoiFEqjcmAlU6dOZdopU0lL6/3zAGiPRFi+YiULFyxgxcqVtLe3g1KYhkFubg6FhX1ID4UIBoOEQiGaW1uoqw3zrW99ixHDh3U7pm07rFy1kjffeoslS96noaEBrTWZmZmMGD6cU089leOOO5bcnJxur/+kcRMf7P6QDCud+lgj4/qMYXzRgTcNA/hg93I2NW4mYAaoizdwdr9TKc8qY9nuFawIr8bVDrn+HKJujHY7QkuiDReHkBWiKNSHobmDGZE/lLR9qqDbEm18a+H3OK5oPLMm/AeG+my/c9Bo/u/jR1m0413un3o3Rel9PtP1QgghhBBCCCGEEOLwOiQBqm6vI7F6XnIjJwCtIZCOf9zf34PUqpxKWigvOdbBXlM8HLPfBNyty8G0UEphf/TSfgHqx2vX8N3vfhcNTJx4AtOmTmXX7t1848Zvsubj1ZiGiTIM/PuEoG1tbTzyp0f5f7/5f/h8PkaNGkVFRTmJeJzly5ezbNkynnzySaZMmcKdd9xB35LiHucajUa59Yc/JBKJYJomL7/0IsFgkJ/+/Oc88cQTKBSWz0J7mngiwapVq3j++ec5YeJEfnrP3ZSVlh7ws1iztorbb7+dDz/8kP4DBnD9ddcxfvw4TMPko9WrmT17Nu+++y6ZmVl89atfxXFc6sJ1NDU3E493X425/pNPuO+BB3jj9dcxTYvLL7+ciRMnkhEKsXHzJubOncsTTz7JsOHDuOO22zjpxP172MbtGI+vfwafYaG1ZmBOvwM+R4fa9jBz1j2BL/WOnVh8HOXAyvDHPLfpRdLMNDw8rhxyCeWZ5SS8OJuaPmXB9reJuzEs5aN/ZgWzJnyL8qw9n11tpI64F+ftHe9y/sCzGZI3+KDm02FHy07mbfkrljKJO0dnFa4QQgghhBBCCCHEv7JDEqA6NVXo9gaUL1Xd59pYI8/GyPzHqvHMkmM+2wWGhTVkOu7WDzu/dje/g441o4LZnaelh9Lx+XzYts2gQYOIRKL8xzf/g1UrVpCbn4eTsIkn4qSHQp3XRKJRvv6Nf2fZsmX89J57mHzyyeTk5mCZJo7rUlNTy/0PPMBLL73EwoULaGlu5tE5f8Lv93c71fRQOoWFhVRXV5OVlYXf5+c7N3+XT9av456772bUqFHk5eZR31DPwoVv8pv//V+09ljy3nt869s38cTjjxEMdtNTFlhbtY5LL7uU1pZWLr30Um6/7cekp6d3Hh86dAhnnnE6//X9W/jbG3+jva2d79/5XQKBQI/L+pctX8E1115LW2sLQ4cO48Ff/5rBgyo7j5988iSuuOwynnn2OX70ox9x9TUzeeh3v2X6tGldxnGVJmD4MQ0DrTWm8h34Z5rit/z4TT+mMlEo/Gbyc7UMC7/hR+OR5cvgvMqzCO5VZXp+5Tn8Ytmv2dpazebWT7lr6S+5f8rdpKWqmhvjzcmWBQrmbnyF7x337YOuQvW0x6PrnkKh0EBLovWgrhNCCCGEEEIIIYQQR45D0gPV3boUtVfopNFYAycB6lDcvgsjfwC6477KwGurw2vd3eWcgvx8HM8FID0tnd//4WF219byx9mzeeH553n22We44447se09FYWtLa20NLfwyssv85ULzqegIB/LNAGwTJPSviXc9ZP/5pRTTsE0TT788ENemvdKj/O0LJO0YAClFJZp8sMf/5iA38fLL73IxRddxLChQ+nTp5Dhw4Zx479/g/vuvRetIZiWxooVK3hjwZvdjhuNRvnu975HPB6noLCQH3z/v7qEpx2ysrK4639+QnZ2Nn9+4nEe/sMfkp+fYWAYXV+bhoYGbvzmN4lHo+Tl5fPQ737XJTzt4Pf7ueLyy/jSOefguS7fuPFGtmzd2uWcTCsdpRRag4cm15/V42e0t6DhT71OGqUUGb5UuG0olDJQKJRhEXO7VoGWZfblG8dci9YePuVnR/tOVtet7Ty+u313MpA1LN7d/T6bmz49qPkArK1bxzu73sdvJMPc2mj4oK8VQgghhBBCCCGEEEeGQxOg7loLxp5iV2VYGDl9D8Wt96dMlLlXVaMGL7ypyynNLc1YpkkgEGDui3N59dVXefaZp5l+ylT6VVQwdMgQrrjsUoqKijqvSUsLct99v2RQN8Fhh0AgwI3//g0c18PyWcydOxfbtrs917IsTJ8fpRQNjY2sWbuWe+6+i8zMzG7PP/OM07nqqquIRqMEAn6ee+4ZHGf/DbI+XrOWdVVVgOLLX/4yeXl5Pc43Pz+PU6efit8f4Le//R27a2r2O0drza8f/A3hcC2u53HTt79Nv4ryHsdUSnHD9ddjWiau4/Cb3/xvl02pHO0AChQYyiCuu/989hWy0pLdHJQCpbB1MgDPtNLR2sPVmoDhw2/sX3TdN6OYdF8GHh4GBltbqzuPtcRb8fBAKzSap9Y/j6cPvHkYgOM5PLruKQylOnJdGmNNB/UsQgghhBBCCCGEEOLIcUgCVN1eB50VqDpZARrsfhOhL34yXjJkIxnaKcPAa+haBalJhncoRW04zPe++z1KinvuVwrJis0hg3vvj1laWkpuTg5KGWzbto1YPN7teaZpkh4K4Xke8Xicb//Hf5CRkXHAsS+5+OLOa9dWraM9EtnvnKVLl6YqSDVjxozZ7/i+hg4ZgmEYxOIxlq9Ysd/xXbt38+RTTxIMppEeCnHGGaf3Omb//v0oLi7G5/Pz6qvzaWho7DxmGtael1JD0DzwZlsdIl4CnzJTy/4NQmZymX6uPxtHuxhKYSmD7qqeXc9NvhIkq17zArmdx2qjdaBTVdPK4oPa5Wxu2tLrfD7cvYKPG9ZiKRNU8vqmRMtBPYsQQgghhBBCCCGEOHIckgA1WRrYUWWYSqqijT2d/cVSBjg2ewdpOt41aPT5/Gg0ruNQWlrK8ccd97ndPuD3k5+fj9YejuMQP0CAmhYI4LoulmkyZnTvO9Hn5eeRm5uL9iASaaetrW2/cz7dsgXLZwGKzIz9l+7vKyMzs3Ojrh3bd+53fNGixdi2jeu6HHvsBAoLCnofMz2dyoGVaK2JxWOsXbtnyXyaGUy+KVqj0Z1BaG/SzCAeHlprFIpAqgdquxvBUiaGUni6o8K1q9pImNZE8rMKGD7G9xkLQNxNsKt9N6ZhkoxAk/88tu5p3FSFa3eidpQ/VT2BpSxMlax4VUoRjoTRHPymZ0IIIYQQQgghhBDi8Ds0Aaoyu37t2Xith6cfpI42ofdegu15YHbdqKijd6njuowcMYLQXptF/aM8rYlGI533sazu9/HSOtnLUylFIBgkP7/npfZ7zzs/Ly8V80Estn84m5+fj+smg0bP7X0pelNTI8pQyT6g/q6fk+d5fLB0KaZp4jgOJ5wwEdM0exhpr3laVjLo1RrHsWndK+j1pd4VDV02g+pNhi+tc7MnRbKSFaAl0YZlWKljBtY+S/hbE208tu4pNBrHc7huxAxy05LV0a7nUBetB+Cc/mcRNANYymRpzTI2NHRt+7C393YuZVPLpwzOqeSCynNxPBeFoi5aT8I9uJYEQgghhBBCCCGEEOLI0H169zlTGfl4TdtRnUGqwt36Ab7BpxyK23fhhTem9kRP1cQaBvtuqm6aJujkSv/09HRM8x/LmbXWNDU3s3HjJh7/8+PU1oYxlIFhGvh93e8yr5SiubUVv9+PYSiMgwgmPc/DdmwMI7lpUiCw//L3YyeM56Hf/Q7TMtm6bVuvY27csKmzt+iQIUO6HEskEmzevBnDMDBNkzcWLKClpZWGhnoys7IJBHwEA0E87RGLxonFY0SjUfoUFvLhsmWYpkl7e4K21r0qZVNr6VXqf57Z8AJ90gowDYtWpw1DmQTNIAYGUS+G69mEzDR2RWpQyugSogIYqfE6fuIJN0HQDNASb2VdwwYerXqCT1u3khvIZsawKzi9/7TOqUTsKM2JFlzP4Uv9T8dv+Hhy43NYhsUf1szhZyffmapO3SNqR5mz7gksZfLVwRcQskI8teE5TGXSkmghakc7q2OFEEIIIYQQQgghxJHvkASoZp/BeNuWA8mwSZkWzrrX0Cf/GyqYfSimkOTauFs/gFToldzcx0PldN30SKlkxKo1GEbvweW+Ghub2LJ1C5s2b+aT9Z/wycYNNNQ3kkjEGNB/AHl5eTTU12P2UoHaUYVqGAbt3SzH35eXuqbjGTK76Zk6fvx48vLyaG5p5o3X3+DqGV/D18McWlpbeevtN1FKUVJSzKhRI7scb49ECIfDycBWKerqwry96G1C6emkh0IEAgHi8TiWaeD3+3EcF8d12LR5M/369aOiohytNSUl+/SXTbWoNVB82rqVmlgYAxO/6cdnWLieR0LboD209kiz0miKN++5dr+xdKoCNMyP3v0fsn0Z1ETraIg1MKZgNKdWTOOEkgmUZpR0uTQcrcPBxW8GyPCnc/aA03l641xMw2Rd4yd8FP6YcUVd+8jO2/wquyI1jC04hmOLxrG5eQtGalJNdutBbUAlhBBCCCGEEEIIIY4chyZALRmFrZ/a8w1l4LWGsT9ZiH/0BYdiCgC4zTtwd66BvZdxaxejeHiX85J9NFN/9w4+8NqxcydPP/MMTz/9NI2NTQwaNIjTTz+dGVd9jfLyMkpLS4lFo1xx1ddoaKjHsnxEIhH8/t4rEpXaf/Oj/c6BVOWswu/3E4vHyCaryzl5ubnceeed3PSdm/hw2YfMm/cKX7ng/P3G8rTm979/mLr6ekzD5LbbbtsvkPVZFolUD9dIJMLtP76Nk0+e1GWuhmF0CYM7Al6g8+/JTa32ktq0CRTfGXsjA3P69/rsa8JV3Pref7NfgqpBp0LUnGAeoFhVvwZLWVimxWVDLmRofvebfzXGmnBcm/xQHoZhUBDI57Tyqbyx/W1MZfLHtY9xX8EIfKkWEI3RRp7e+AJKwdXDL8c0TDJ9maAUCrDdBC2JVvLScru9nxBCCCGEEEIIIYQ48hyaALXvMeALgufuWaJtBYm/+QBW5SSM9MJDMQ3sj18GNwFWkGSypiGYjbFPoOV5XnIZuEoGiQdjzdq1zLz2Wmpqaqno14//+78/cOz48fsto29paaG9vR2AQCCA2jc8TFFKdW7edLBM08Sf2njK5/P1GLp+6eyzaGy8gwceuJ9bf3grLa0tnHH66eTm5KC1pjYc5o9/nM0jjzxCXl4eP/zRDzl12rT9xtGAlWpBYJkmkUi02x6oHb1cO5/roChc7eI3um9xsL9klel+31XJXqoemjQrxA8m3MSDqx5ibcM6HNfhlyse5GeT7uw21NzVvhsPTW4wm4CZ/DlePPgC3trxLhrNpy1beWfHEk6pmAzA8xvn0Zxo5qSiExialwxl/aaPkBkk5sbR2qMh1kj/7IqDfCYhhBBCCCGEEEIIcbgdkk2kjOy+GP1PQHt77YBumBBtJTb/bvQh2FjHbdqG/eGTYPrp6IiJ52KWjsJI77pzvLd31elBhJgtLa3MnHktDQ2N9C3ty+OPPsqkE0/stgepYzs4joPnaQJ+X+eGVfvSWpOekY7jOPvPqQeGYaIA13WxLJNQWvebXxmGwdeuupJf/erXKGVw9913c9XXZnDdDTcw87rr+dqMq3nvvfe4edYsXn7pJS6+8MJug8+0YJCyslJcNxmM79i5vdc59kbvs8Td0U4PZ3blaDf5F9UxTqq6VSerXg0g5kQozujDd8b9O1n+ZGVuTaSG+1b8Brubd3B72y4MFNn+LIxUo9zSzL6c0/9MbM/GUhaPrn+auJugtj3MS5/+BZ/h56phl3T2RlXKINOflXzjFNREaj/bByKEEEIIIYQQQgghDqtDUoGKMgkceymRDW/u9U0Nlh93wyLib/yM4Kn/lQo3P3860Ub8tbvRThxl7lXRqF18w8/s7InaIRlWKkAdVAXqGwveoDZci8/ycfFFF1NRXnbA8z3PxfM8TNPaf/l6ilIKy/Lh2Dau309GN/1M9xVPxLEdG6XANEwsq+f+re9/sJQ7f/ITZs68lssu+Sp+v49wfT1aawry8snNzSEYDB7wfn6/n3HjxrNi+QpQirVV6zuX6v+9bM9NVv+mPnbHPbgANeImn1uTDEztVFhfEMzH9mx8pg8FRJ0YxelF/Pi47/G9d36MpSxWhVfzyNo/c/0xMzqrWF3PZXekBo0mP5jfGaACnN3/NF7ZOh+0pjZSy183/40d7TuJuTHOrDiVytyBneeGfEEyfZnURGpx0bQmeu9lK4QQQgghhBBCCCGOHIekAhXALB2HVTYW9g3ELB/2irnEXv8ZOhH53O+r7Six1+7C3bJ0n/DUg1Au1sCT97umo9pTKfC8AweoWmsWLX6HQCAISlFWWnrA8xN2Asdx8fv9RGPRLj1B951DIpFItTzQhELdV5PuzXUcbNvGMi00mniqP+m+wuE6vjbja7i2zbe+eSPl5WUUFRUxasQIjhk5kpKS4l7D0w5fPu9ctEqGqQsWvEFtbfigrutJuxtN/kUpFIpW5+DeCcdLoDAwAE97RN0YkKxo1SQ/T1OZ+FTydwZD8wdzw8iriXsJ/IaPFza/wuLtSzrHizoxaiNhFAbZ/swu9+qbWcKZ5adiaxe/6WPOuid5Y9tbWMrivIFndwmQfYaPDH8o2dNVaxrjTX//hyOEEEIIIYQQQgghDrlDFqAq00/glG93HxhafuxVLxF94Wa8uo2f2z29ll3EXr4Fe+3rYHbtpakdG//Eq1Hd9L50XCdVh5jaDr4XiUQidb6mpbXlgOf6LB/t7e0opXqsPgVwHIf29nYsy0RraGjsPXjTWqeW0yc7DyQS3bdGmPvCC9i2Q0FhAT7fP1aEPHzYME6bfirxeJy2tjYefeyxz3R9XV1dl3fCb5h42kMByejz4PrAhqxgarl/st9pwks+e12sCZ9holRymX/H9wHOGXgm08umdoao96/4DZsaPwWgIdZIc6IFZUBOMGe/+3258myCRiDV4UGT8BJMK51MZc6ALucZyiDLn4VGYyhFTXsYt6PdgBBCCCGEEEIIIYQ44h2yABXALB2D/8SrwY51c9CHu2UZ7Y9dR+LDx9Ftf3+vSB1vw/74RSJ/vh5n4+Kulaco8ByM/Ar8Yy7qYQCNp5OBVzyR6LFKFJJL7cePG0sikcA0DN5a+GZn39J9xRMJ7r//fhzHwXXdAy7hdxyHWDzWuXN9NNp7JWYsFicWi+N5GsNQZGZ2v+w/Ho9jWRZVVet4ad48wnV1RCIRHMchEokQjUaJx+M9PsfeDMPg9ttvIysrC9M0+cP//R9PPfNMr9dprXnm2ef47UO/71KxGXcSqNQyfM3+PVF70hhrxsQANFqDTyXbFzg6kYpgFQk3gbHXvQxlcP3IGRSl9UFrD1e73LX0l7Ql2km4CRJeAqUVOal+qXsryShmevlUbM/u3Gzsq0Mu6LLUv0NuMBuNRmFQE6096LYEQgghhBBCCCGEEOLwOzQ9UDspAhOvxd26FHfnGpQVYE+FoQbTAidO/I37SCx7Et/o87AGTcPIKUP50g48tOfiNe/A2boE56OXcGvWAypVebpXAKpd0Jq0c3+C8qd3O1R2dg6O62AaJo7d+wZXZ591Nvfd/wCu67J02TJ++9DvueG6a7ssg1+3bj13/vd/M3LkSAYOHMjWrVuorq6mobGRviUl+43puC52woZUmNhTNeneQukhEvE4Wms8T/cY/E6fPo1fP/ggiUSCW2+5lbz8fLKzswn4/WjA7/MRCAYJBAIUFRUxYvhwTjrpRAb079/teCXFxfzh4Yf5xjf+jYaGRm6//Xa2b9/BFZddSsk+z5awbdaureKPs//ICy+8wEO/e6jL8bgbx9MelmGitEebHe31uQEsw8TWDn6V/Hk3JVoopS+i0U9qAAAgAElEQVRxNxWAq2SA6u6zGVd2MIvvH/sdZi36IT7DRzga5ncf/ZFhuYPRWmMqs8eerhcNOo+/VS8g7toc22cc5Vnd974NmAEMDJRSNMQaiDhRAtb+G4wJIYQQQgghhBBCiCPPIQ5QQfnTSbvgF0QevxbdUpsMTbucoMDyo1triS/6PYl3ZmP0GYRZPAKjsBIjuwSsYLKXqmmiW2twG6pxd63B210F8XZAgdHNo2mN9jyCZ92CWXJMj3PctWsXruMQt2PYiURqw6eeN2QqKSnmFz//OTd95ztorfnVrx7gncWLOWHiCfgsHx+t/ojlK1Yy6z//k8suvYQhzw7h+z/4AQ319Vx/w9eZMnkyF110EYMHVXaOGYvGqKnZ3dnHtK2ttdfPtrGxkYSdwE7YNDU2EolESUvbP3geMXw49993H79+8EG2bdtGOBympqYmufwfME2DZOaoMJRCGQaBQIDLL7+Mm779bULdjDl+3Fiefuppfv7LX/D662/w4K9/zZw//YnJU6YwcMAAQunpNDc1sfTDpaxe/TH9+/fnT4/8iSmTu/ag9bSHpz00Jhqw3e77uO737LHmVPWnSrYASGXHBgaOdgkok7hn0xhvIivQtafpkLxBzBx+JbOrHsdv+lm8cwnv7/4Qv+HHw8Pq7l0C+qQXcnrFNF7Y/AqXD76o2+pTgHQrneT2Voq4m6Au2kBuN20BhBBCCCGEEEIIIcSRR+kDrU//ArnNO4g9dSNu0459lth3w/MguQ0PkAz2UArdUU2YqjBUykhtutQNrdGeQ2DqjQROmAn0vFP8hg0bee75ueQX5OO6DjOvvppAoPeKwVUffcSjjz3GkiXv01Bfj2GaZGdnMX3aqcy85moGDkz2x3Rdl3mv/IUPPvgAwzA49tgJTJk8mdzcPf1Yd9fUMGfOoxQUFFJbW8t5553DyBEjDnj/DRs3MveFFynILyBcV8f1180kPy+v23Nb29q47/77eeKJJxgzZixDhg6hpLiE/Lw8mpqaqKmtYcP6DaxYtRLHcTBNk2g0whVXXMmdt9/WY6DsOA4ffbSaeX/5C+8sXszOXbtwHAfLNEkLhZg06STO+dI5nHTixG43xtrRtpua9hp8pg/HcygK9aFvRnGvn/2mpk9pS7ShDAPXdRiQ3Z+cYDafNm2lOdGCYRi4nsvwvCEErf03yIq7CZbXrCRkpeEz/aRbQRKeS7vTzoCsfmQH9l/GD9ASb2VTyxbGFIzsMUCtjYTZ1roDn+nD9VwGZvfvcTwhhBBCCCGEEEIIcejMmjWr13MOW4AK4DVVE3vlDtztq8DyQaqH5YFoukaf+37d/Y2SlZWBad/GP+EK6CHo6vGeWve4jLu7c+vq6gmHa0kLhehTWEh6evetAg6XJe+/zy23/pD8vHzuuON2hgwehN/v3+8827b5ZONGfvrTn/HBB+/j8/mJxWK89OKLjBg+rNf7tLdHaGxqpLm5mbS0NAry88nKkuBQCCGEEEIIIYQQQhwZjvgAFUDHmokv+SP20ieSlaT7Luk/2HHYN0hN7ePuOhiZfQh+6Xasfif84xM+ylWtW8+5553HkCFDePLPj5Odnd3rNS0trVxz7bWsXbsW205w++23M+Oqqw7BbIUQQgghhBBCCCGE+OIcTID62UoxvwAqmE3wlP8k7bLfYJaPBc/prBj9TOPs/YUGXBs8D/+4Cwld+QcJT4F4IsFtt9+GbSeYdfPNBxWeAmRlZXLFFZdj2zamYVJXV/8Fz1QIIYQQQgghhBBCiCPDId9EqidW+XGYF4/C3fQmiVVzcbetSgapykQr1fsSeq1Bp3qiGgbWiDPwj7sYs3TcFz/5o8SmTZtZ/dFqsrKyGDCg/2e6tqK8AtM0cRyHfhUVX9AMhRBCCCGEEEIIIYQ4shwxASqA8qVhDTsba9B03N1rcLZ+gLP5Hbzw5mRlqk5uJKU8F4zkjuvJTaMUWH7MPkMw+x+PNWQ6Zn5lzxtK/YtqaGggYdv4A4GD2hSrCwVojWVZDB4y5ICnep7Hjp07sRMJ0tPTKSoqAiAeTxCuC+O6yQrj7KwscnJy0FpTU1NLIpFAa41GY5omfUtKaG1rw7FtCgoKAGhsasJ1nM6vOyQSCXbt2oXruuTm5pGbu2eX+/b2COFwGNDk5eV19mFtaGjAcRz69OkDQFNTE05q7Lr6eiLtETztoVDk5OaQvVf/1vb2CLW1tRiGoqioiGAwiOM41NTU4rgO6GQ/XH/AT0lxcecvAOLxOOG6Ovr06YPf58O2bWpqaykuKsK2HcJ14eRnoDVpaWn0KSzs8ssD13Wpqa1Fa01JcTGGYdDe3k64ro683NzOZ3Mchx07d1JSXNzZ3zYWi1FXV0/fviUYhpGabw3FxcWdm4K1trbS2tZG35KSLp+v63rU1NQQj8cIBoMUp54pkUiwu6YGrTVo8LRHZkYGubm57K6pwVCq89zW1lYaGhrJz88jEAhQU1uL57ponXxnMjLSKSgooKamhoyMDDIyMgAIh8OkpaXhui4NjY1YloVSCse2CQbTKC4uOuD7KIQQQgghhBBCCPGPOKIC1E5WALNsPGbZePzHX41uq8VrrMZr3omONiXDKTuG4Q+h0rJRuRUYef0wQnlgfcZg8F+Iz+/DMk0SiQRNTc2UlZYe9LXVW6qJxWKMHT+OoYMH9Xiebdv8df5rbNnyKbm5uTQ0NjJ61DGcMnUKjY0NPPPcc+Tm5oKnaWpu5ktnnUVl5UDmvvQilmmSkZGJ53mkBYOcfdaZfLTqIz5csYKvX3ctGRkZLF36Ia2tLVx04YWd90zE47w0bx4tbW2YhklDYwMXnn8+/fr1Y/fu3cx98SUs08Ty+WhtbeUr559PeXkZ773/Pg2NjXztiisAWLlyJXX1DVx80YW8+eZb7Ni1i9ycbBzbIRqP8eUvnUN5RTl1dXU88/xc/D6LRDyB5fNx+aWXAPD0c8+Rk51NMBjA8zzycnIpOqNPZ0BZW1vLs8/P5corLqdPYSHNzS08+9zzXP21q6irq+OlV16hKBXoNjQ0MGb0aCaffDKGkey2EYvFePGll2lrb+P6mTPJzc3lnXffY+VHq5h04olMOukkADZs2MjzL77IOWedxdixYwCoqanh6Wef40tnncnIkSNpbW3lmeef5/prriEjMxOtNX+dP58tW6v5t+uv62zxkEgk+MtfX2Xbju3kZGUTrq9n1IjhnHbqqdQ3NPDUM8/SNxXmep7HwIEDOWbUSJ597nlc1+X6a2eSlZXFm2+9RdX6TzjjtFMpKy3j6WeeJS8vj0DAj207DBwwgJycHP766nx8fj+XX3oJpmny+oIFDB86FL/fz4fLl9Pe3k4iYZObk0NxcRHFxacf9HsshBBCCCGEEEII8VkdmQHqXpQvDZXbDyO33+GeylFvxLBh5OTmUFNTy4oVKxg1csRBXReLx3n08UdRhuKHt9x6wOrVlStXUl1dzYyrriIzM5OamhqeePoZBg+qJBhMQ3uaiy64gIyMDN56exFvL15MSUkxjuNwyuTJDBs2LDmQBmUoQBOLxVi0+B3OPutMlKFQ+2wXVldfz9Zt25lx5RUUFhbywdKlNLe04Lour772NwYOGMC0U6ZiGAbLly/nxZdf5vprZ+KzfF3HUip1T0jYCcaOPoapU6agtebFl1/mvQ/ep7SslL+++irDhgxm8sknk0gkeHX+a9TV11NYUID2PM45+ywKCwuTj6F1Z/i55zYKv8/XccvOClPP04TS0rjk4ovx+Xxs2LCBl1/5C2NGjyYnZ09Frc/nw2f52LlzF1lZWezcuZOAP4Dn6dQ4HqvXrKGkqIgVH61i1KiRyapNkq0wXl+wkMrKys5Qt6ODcGNjI7W1YbKzs1j/yQaOP+5YAFasXMmuXbu4OvUz3bVzFx8sXUo8HkcBpmFw0YVf6fJeRCIRTDNZ5VpfX09aWho1NWECAX+y20Zq77ovn3tOMlBP8TwPv9/Hlm3VrF+/nhEjRuBpjedphg8fztChQ3nnnXfZvnMHl1x0EUbnMwghhBBCCCGEEEJ8MY74AFV8fjIzM/ned/+LWd+9mXvvu4/jjjuWYUOHHvCaaCzGbXfcwbJly/jBD27pDNW6o7Xmk02bGDdmT+DXt29fystKWf/JBo4ZNRJlGDQ2NhKLxQiHw2RlZmJZFgGfj2UrV1G9fXtyWX1hIccdeyyup+lXUcGmzZuprq4mMzOTlqaWLvfNy8ujT2EBzzz3PP0qyhk6ZAgDBw6ktbWV+vp6zjrj9M5l7CNHjuTd99+ntjaMYXQTviVzPSzLoqa2lrVrq3Bdl3BtmBOOP47W1lZ219Zy9llnYVkWlmVx4VcuAKC1pRXTNFm0+B0yMjNwHIf+/fozcsTwzuGVYaDRvLVoEQF/gEg0gqc1SikMQ2HbNlVVVQQCATZv/pQ+fQoJhUJ7fcbgsywGDxrErt276dOnENOyKC4uxnUdIFm5Wl9fx+WXXsoTTz/D7t27KSsrw9Me2Tk5+H0Wi995h2MnTMAyzc4d2D5avZoRw4ZRWTmQV159lXFjx2BZFqs/XsP4cePIysoiFosRSg8xdeoULMtCa42nPV5/YwE+n49YPM4pUyYTDAYxTYvKgWVs27aNYDBIIOgnLRTE89zU8xq89fYiQqEQtm0zYvhw+vfvh2GYDB00iDffXkRpaSlpwTQcx0YplQx9U/+2UiG0EEIIIYQQQgghxBdJAtR/MRd+5XwaGur5+S9+wVcuvIif3nMPU6ZMJic7u0uvzda2Nj5e/TH33X8/K1au5I477mDm1Vf3upmX6zhYVtfXyjRMbDuR+koz76+vYhkGWdnZneGm42ky0kP0KSjEcZLLsyHZEqBfRTmjR43k9TcWUFZWiml2regMBoNcfOGFbNiwkU82bOCFl19myqRJVFZWAnSpAFUqWcHqeS6GAQH/XiGcBiM1tmEYNDe38PHatWzZsoWpkyczevRoamtrO8fZV0eYmJ2VRX5+Po7rkJmR3u15oWAa6aljOrX5mVIKx3HZvGUrmzZvpqS4mK9edFFn+Js8B2zHoaK8nHWfrGf1x2voW1JCPB6nIwmtWreOjPR0tNbk5+WybMUKysrKUCgCPh+nn3oqz86dS0Z6On6/H8MwsG2bj9esYeLxx+P3+4m0R9m9ezfl5eUk4nF8qbDyk08+YfG772LbDuefdy6hUDoKRX5eLoFAANu2sUwTrTWu6zKgf382bNxIwrapKCunobEhVX2q8bQmOzuL3JxcbNsmLS0IJPvEHn/ssWzYtJE3316E53ldwu6Ojz75/a7vghBCCCGEEEIIIcTnTQLUfzGmafJvX7+B4447jtmPPMKPfvRjQukhhg0bRn5eHh6aluZmPv10C60tLUw5ZSr/8z8/YWgvG0dBMgAs7duXtVXrGT9+PD6fj7a2Nqq3b+fM007DMAwMZXD+eeeSn5fXGd7F43Fcx2HUyJEMSoWeHbTWRCNRTpw4kTVVVaxavZoRQ4d1OWfd+vVUb9vGGaedxujRx/Dee++xes1aRo0ahT8QYOPGTZ0bRW2r3objOBQWFlIbrmPnrl2d40TjMbSXDDMTiQTDhg7hpBNP5I0FC6hav46xY8eQm5sMCnfu3El+fj5aa159dT5DhgymqKgI7WmOP/64zs2c9qU9D6UMTjjheLKysmhsbGTdJ+uT4avnkZaWxpfPPYdt27bxwksvU1NTQ79+e9pXaMBxHbJzsrFMiw+XL+eCL5/Hxg0bsXwWtm2ztmodSilefuUvOI7N9u07iEQi+Hw+orEohX0KmXLyycz/299ID4WwLIvdu3cTjcZYu249Ves/IRDws2LlSsrLyxk8eDDrN3zCmDGjGT16NMXFJfz5qSdJJGxCIQ1KccIJJ3QJM1tbW3Fcl9zcZDi6avVqLjjvPGrrwqkl/Mmf7cTjjyeUvidkdl0X1/NAKaacfDJ/mP0ItuMwaOCALp+BEEIIIYQQQgghxKEiAeq/qPHjxjJ+3APs2r2bLVu2sm3bNpqamkhLCxIMplFRUc7AAQM6e3kerGPHj2fjps08/cyzDOjfn6r16ynMz2fI4EHU1dejSVaMBoPBzmu0ToZwHy5bxu7dNcml6BqOPXYChqGIx+KYpslp06cze84c4olEl3uWFBUz75W/EIlE6VtSzPKVqxgzZjShUIjTpp3CvL/8lda2VnyWj+UrVzJ50iTS09MZ0L8fby9ezEvz5pGdlcWaNWs595wvAckANRGPo5Ti5EmTeHj2bBYsWMhZZ53JmaefzkvzXiFcV0dTUzObNm9m4sQT0Kml+G+9vYicnBxc1yEtmMb48eM6Kzg9rdGeRzQaIysrC8dxOsNEz/NwXQfXdenfvz+jjzmGuS++xHUzryEzM7PjwyIWjREMBCjt25eNmzeRn5fHqkiEgsJCtm7dSjQa5evXXYc/4MdxHP706GOs+mg1pX374jgunusycuQIVqxaRX19PfF4nCUffMDYsWM4ZcoUlFLU1dUx5/HHmdLUxEknTmTOY4/zxFNPUzlgINXbq1FKkZubg+d5aO2xYMFCAgE/jutSXFRE3759icfjBIMBivr0YXdNDXn5+bS3teN5Hsmd4DQL33qLrKxsXNchMyODkSNHoj031SognVOmTuEvr85PXZPkOi6ObX/2l14IIYQQQgghhBDi72DecccddxzuSYjDJzMjg/KyMkaOHMGECeMZM3o0I0eMoKy0lPT0/Zef9yYYDDJ4UCXRWIxwfT0DB/TnlKlTCQSDuK6HZZlUlJV1BoodTMPEsiwSiTiu62E7NhXl5QT8frJzcigoKCAUCpEeClFQUNC5U33HPQdVVlJfV099YwMjR4xgwrhxmKZJYWEhZaV9qQnXEU/EmXTiRI45ZhRKKdLT06koK6M2HCYai3H8cccxbOhQlFJ4nkdxURG5ublYlkVZ3740NDVRVlpKUVERJUXF7Ni5k1AoxFlnnE5BQUFngIoC205g2w6GoSgrLd2zYZPWWD4fFeXlnUvzlVL0q6jAsiyCwTTKy8owDIO+fUtwHIdQKET2XhWthmHQt6SEzMwsMjIyqKwciEaTn5dHPBFn4IABlJb2xTAMLMsiJycZUBYWFpCWlkZJSQk+n4++JSUEg0GKi4toaW1lwrhxhEIhDMMgFAqhlCIzI4O8vDwGD6rEtm1qw2H69OnD9KlTKSws7NwMytUejm2TsB1CaWkUFfXBNA0G9O9PVlYmOTnZ9O/XD601JcXFZGVld1as2nYC23EwTYuy0lIM06S4pJiM9HTy8/IxTYOy0tLOql6tNdnZ2RQXF/faUkIIIYQQQggh/plEIhGWLFnC4sWLmTdvHosWLaK6uprm5mYKCwv3+//aX7Tkfik/oKKigr59+x7Se4tD6+c//zn33nsvjz32GEuXLmX06NF7ir2Ocq+99lqv5yjdkYAIIYQQQgghhBBCiCNOJBJh/vz5zJ8/n0gkAkBaWhoA0WgUgFAoxJlnnsmZZ57ZZTPiL9Lvf/97Fi9ezOTJk7nhhhsOyT3FoXfnnXeyaNEiEnutCB46dCi33347ZWVlh3Fmn49Zs2b1eo7swCKEEEIIIYQQQvwzCi/gzhkzmF31dx7vRdXsGcz4uy6uYvaMO1kQPthz//45/jOIRCLcfffdzJ07l4qKCm666SbmzJnDQw89xEMPPcTvfvc7brrpJioqKpg7dy533313Z8j6RVm0aBE333wzixcv7vL1okWLvtD7isPj7bffZseOHYTDYa688kosy2Lx4sW0trYe7qkdMhKgCiGEEEIIIYQQ/7QqqX66u7CyitmzHmHT4ZiSOGgd4Wl1dTVXXnklt956KxMmTACgqqqKdevWEQqFmDBhArfeeitXXnkl1dXVX2iI+thjj/Hwww9TV1fX5ft1dXU8/PDDPP/881/IfTuFF3DnjNlU7fe9Gdy5z4t+UCF/1Wxm7DveESH5y4MZ+/65cwEH9buHAwkv4M6D/CXGsmXLqKuro7m5mWOPPZZTTz2VU045Ba01y5cvp7m5+R+dzVFBNpESQgghhBBCCCH+iU2eXMGi1WGmT99rk+CqJSycNo1pCxfu+V54AXd2CVUruebe25lemDr2vzC54hEeWQhMu4VbutwlzII7Z/HIpmncMmcmwzu/7hjqGu69fTqFVDF7xj0sBJg1g623zOHcXXcya+sl3MI93JOazrRb5jBzeDcPc6A5dnO88pp7ub3jYNVsZtyz53l7vMcR5Pnnn6e6upobbriByZMnA8lqz8cff7wzIO1Yuv+Vr3ylc/l+R5B51VVXfa7z2bp1a6/9Il944QUmTJhAv379Ptd7dyosoYJHWFI1k+EdP7+6rWyqrKRy0WrC06eT/IlXsWQhTLvlCP8h96Lre5r872rW7BLmHKKXd9GiRUyaNIkf/OAH5OXlAXDzzTdTW1vLqlWrmDRpEtnZ2YdkLoeTVKAKIYQQQgghhBD/zI6ZSMWi1V2q1qqWLGTaxIl7vpEKHitumcOcOXOYM+derqncxCP/u1e126ZHWNTv3uTxLuFNKiytuIU5e4Wniyanzp0zh1sqHmHW7CpgODPn3MI0Krnm3r2CoYX38HTH2PdeQ/U93Szb73WOyaraPcdvoeKRWclxqmYz4x64JTWf5D0Oto3A4REOh3nttdcYNmxYZ3i6detWHn74YSKRCOXl5ZSXlxOJRJg7d27n8vnJkyczbNgwXnvtNcLhz/cB58+ff1DnfbFL+YczcRpU79rzbFVLFjLtkkuo2LSVzrrY8C6qmcbEozs/3Uch0y+ZBguXHNKK2enTp+Pz+bBtu/PPhRdeSH5+/iGcxeElAaoQQgghhBBCCPFPbTgTKxaxujNvqmLJwn2CpcLp3D5n70q3Qo6ZXLnPOJVMPqaQfVXNnsUjXMO9HRdXzeMRruHGvSpeh8+8hWkLn+45sKzc6/zC6SQzon0iol7mGF7wNAsrr+HczuPDmTlnDjOHh1nw9EKm3TKT4XuNdeM18Mi8I2/hdofly5cDcOaZZ3Z+r7CwkDPOOIMzzjiDu+66i7vuuovx48cDyaXWHTqu6Rjj87Lvsv2eVFdXf6733VdBv0o2be2YS5hd1ZX0KxjOxGkL6Xxt6rayqbIf/5+9e4+Oqr73//+aEAyBcsuAYLhk+JHhS+yhv2XiV0gy0WIttuuIWs+RgJ5loT2np19EoKb1V78WuVgPPVQsKHKOPe2Swyog9HdaC/bXQj1SSCBiIV2rfkuQgEwkhFuGhIu5QMj+/bH3zOyZzE4mISGT8HysFSX7+tmf2Z+9d97z/nz2iOBS7y+Pqxu883KRXerDAf7zen/5U1r+/vvh+cvf13lrWIFY+yt/y9Yl/0YH+C1/K6KLf2gYg1bd9Ds3nvCXvvQlXb9+XefOnVNjY6OuXbummpoa1dbWyufztRlEvX79uhqbmtTQ2Bjzp8n2UqpERxd+AAAAAAD6uKxp47Ut2I2//APtnj5N8yR90GpJWxd7SZpY0PaGd6/USkkT505RqBf96U+l47tV9NSGqIUnaq7TdsbfIXtodkTGRKn4tM7rjhgLxy5jTeVxafwstQ7x1qjyuLR75VPaHT1ruuOR9bjKykpJCo15Kpnd9e3d8nfu3KkjR46E5gUF1+nqDNTgvtrT3QHUkVMKNHHDByqfl6Ws8x+pWAWaP1JSxkTt/qBc87KydP70p5pY8JB5PpS/paIN4/X8xqXKkhnAjNkN3nG5EXp/+Up9One1Nt4/0spoXq4M2/ARxzdUatbGjZpnnZ9F6+dq9caNGmllTr9bfr/mZZkB2pWfztXqjfdrpJWtvfx921ATbTK/DND0560vA8r11spPNXf1RrMc5W/pqZXvqvx+25cFN2DDhg36/Oc/rz/96U+qrKzU1772NQ0aNEglJSX685//rEcffVS//e1vde+99yo9PT3mNupqa9XY2Bhz3tChQ5Vy221dUNLuRwAVAAAAAIC+LmuaxluBFX2wW9OnzZMiOgGHg5ITrSDR+feXq6i9ntgT52r1fGl90Xq9P8U2FmlozNOu1MkyWnrDmKd27WV7rlmzJpRhOnny5JjjnXZ3INNJd73AKmTkHRqvYp0+L2XVVOr4+GnmuTalQBOLT+u8RuijYqlgvjUa6ge7NXHu6lBQMeuhuZpYZAVgbZst/8AenJSy5m3URkk6/76Kj08MbU9ZD2nuxCJrbGFz0sS5D1nrjVDGRGligfWlwsg7ND60h/P6qPi4ps9aarUNs0v+hm32sVsjtQr8T7RleytL8zYuDW/99KeSbW+dVV1drXfffVcTJkzQ7bffrsmTJ6u6ulqbNm0KLePxeDR69GgNHDhQu3bt0l133aXJkycrJSUltEy/fv00aNAgXb9+XdeuXYvYR0pKilJTU2+4rDcLAVQAAAAAAPq8LE2bvlIflE+Tdk/XtHlRs8s/0O7OBD3H36GRI7M0a/oGrVz/vqYsvV8j7xgvWWNRxr2tT0/rvLJCy8fMJm2njOGs1ayo+WZAq/j0eSmra0O63WnEiBGO8yorK0PB0yeffDKim78UDmCOH3/jwTT7Pju6fLe9SEpZmjb9uD6oCY7na53QI6eoQOv10fk7VHl8vKaNlMwu/tLx3UWKTIqeaAZgQ7+by00siFHvNZU6rvGadcOnj1M29HTH9tJ24D/yZW0TJ0YPu9E5f/rTn3TXXXfp9ttvV1JSkvLy8uT3+3X69Gldv35dbrdbEyZM0MCBAzV48GANGjRIlZWVSk9P18iRkUcxaNAgNTY1RQZQXS4NHDgwItia6BgDFQAAAACAW0DWtOnavXKldk+fFrt7r/0FPOVvqWjD8VhLxd72vOc1/fgGrX//vJWdt1sr7YMtlr+lp556y/nFN8c3KDQc6fn3tW33RM19KEYp2yjjyPtnabp9O6GxKaX7Z03X8Q3rbeNBBucl7lukgsFH+9imQSNHjtSiRYu0aE1gliwAACAASURBVNGi0Aum7ILrRAezbkS8L5Dq7PIdNSJjoj49XW6NfxqcOlJ3jD+uyo9O69PQeT5Sd4y3spaDLxHbuFEbN9oypm3LhcdWjdiZJupTnb7h08UM5k9/fmNUWTrZ5b78XW04Pj30crSls7omYP7JJ59oyJAhamlpUXNzs1JTU5WVlaX7779fX/7yl5Wdna3hw4fLMAw1Nzfrc5/7nM6ePauGhoZW20pKStKggQN1m62rfuqAARowYIBcLleXlPdmIIAKAAAAAMCtIGuapkuaHuu15Fnz9Pz03VoZfBnNtgytfn66dNz+8qk2N655zweDlCN1/9LnNX33yvDLbVZKz4eCRGb24IYiWwBz4nRpm7Vs0QaNfz46uBVPGbM0b/Vcfboy+EKdIm0Y/7w5tmTWPK2eK20oCs8rLoh33MmeEXw5VKxAZGVlpdauXau1a9fGzAwtLi6O2MaNKi8vV0lJSYfWKSkp6XDWakeMnFIgVX6gShXI/m6zrGnT9WlxsWxRVWVNm67jG95VOEa/PGZAP2ta5Bvuz7+/3HwB1MgpKph4XMXBxlD+rjYcj/1StXZKrSkFE7V7W/ilUuVvtf1Sq/YFA7vW+KihXd2h8bKX+YPWYwDHUFtbK5fLpWvXrunq1atx/0jS5cuXW3XVl6QBAwaofzCA6nJpwIABEQHV3oAu/AAAAAAA9EUj79fSjffbJphvpXf6PWveRm2M6tofnh29Ldv4kOEJtuXNbUePFBBrX+ffl6QMPbQ01vIdKaNiHLN91lI5zEpII0eO1IwZM7Rr1y4VFxdHZJraxzb99NNPlZUVDooHXyw1Y8aMLstAXbNmTafWW7lypf793/+9S8rQysg7NH73Bu2e/nzkeTMiQzr+aXi8UskKoC9X0VNPWRMmau7qGFmfrZabruc3mkNG3L/0eVU+FR4GYPrzG1sH+eMp9v1L9XzlU7aXrIX30WHWWKwbip7SBk3U3OfnauJKa2zYkVl6aO5EFW2wyjx9ruZOlNoLadfW1qpfv34xA6FtSUpK0meffabm5mb179+/1bxBgwbp2tWrSu7fv9dln0qSyzAMo6cLAQAAAAAAbk3mi6AKuuGlU71ffX29Xn75ZZ08ebLVWKfBzNToaZs2bdK4ceP0wgsvaODAgV1Sjl/84hedeiHV+PHjY77cConrj3/8oyoqKnTXXXcpOTn+vMvDhw9r2LBhysvL07Bhw2Iuc/HiRd12220J9/KooqKidpchAxUAAAAAACABDRw4UC+88IJefvllbdq0SYcOHdJXvvIVTZ48ORQ4ra+v15EjR/T73/9eR44c6fLgqaSYQdDKysqIMS9TU1O78aVRuFk+++wzJSUl6fr16x3KEk1KSlJjY6OuX7/uuMzQoUO7oog9ggxUAAAAAACABFZfX6/f//732rlzZyhoGQyQ1tfXSzIDmA8++KAee+yxm1KmYLZrUHSGLHqno0ePat26dWpqalJKSooGDhyowYMHa9CgQUpNTZXL5VJTU5Pq6+t1+fJlffbZZ2psbFRLS4tmzZql3NzcLg3e3wzxZKASQAUAAAAAAOgF6uvrdejQIVVWVoa61I8fP14ZGRnKycm5qYGr+vp6/fSnP1VZWZmys7P1rW99q9cFzgCJACoAAAAAAAAAOIongJp0E8oBAAAAAAAAAL0SAVQAAAAAAAAAcEAAFQAAAAAAAAAcEEAFAAAAAAAAAAcEUAEAAAAAAADAQXJPFwAA0H2MzwJq2rtOzf4DMupr21va+r+ru4t1k7iUNPQOpT7yr0oamdnThQEAAAAA9FJkoAJAH9a4e42uHf59u8FTwzBkBk77SvBUkgy1XKxW/a+/29MFAQAAAAD0YgRQAaAPaz5RGtdyfSlsGs24fLaniwAAAAAA6MWSP/vss54uAwCgu1yN8xrv6sshVIl7HQAAAACgs5LNbpsAAPRd3OsAAAAAAJ1FF34AAAAAAAAAcEAAFQAAAAAAAAAcEEAFAAAAAAAAAAcEUAEAAAAAAADAAQFUAAAAAAAAAHBAABUAAAAAAAAAHBBABQAAAAAAAAAHBFABAAAAAAAAwAEBVAAAAAAAAABwQAAVAAAAAAAAABwk93QBHB3drPlrSuSZ85KeK3C3vWygWKuWlCr3pefU3qJduu5NEChepSVb/K1neObopecKZBb5qDbPXyMtXq8nJgXXGavF65/QJMdtOs/vfke1ef47GpegdX7TBIq1askWxfh0Tb7FWv/g2YQ+PzvGPE9LYs3yLdb6J3robNw8X2tk7j9QvEpLTj7aM2U5ulnz3xlna9c32w80sOhvlXRyja5s29qJ+W14cIsG/410bfUcNXagLP0kqbFMjW88rWsd22P3su5Prflu8LpqayMR13jcKMd7aRdee+zXkhhzI+7TPSFQvEpLSnN77LyK9zPovnIGVLxqiU4+2nOfQdcyz6kqx+fk9uZH6ki99+i9sldzeg7yaE6feM4DAKBvS9AAakDF75TI5/OpZMtOHS3oxkCfu0DPrS/orq13jRh/4B3dPF9LVsn5QddTpXdWFeub0fOPbrb+gBnbfeVFfCLOPac/7CYl/vnZIbH+SDD/oFg1Lr4/8rrapCfWa/1N32sCG/lNDXxwq+p32icWKvVpM6Bp3IwyPPh59UvEwKldjABnoHiVlszf3Pkg6tGDKiFw2n1a3UvN6+78zT33Bc4tJ47PwF3wnPrUba+7lf5cm0c9F/XsEFDxKjNQ54lzM9T7zdL6OShQvEpLlmzWqB5LbAAAAPFIzABq4LBK/T49+tzdUskaHTz6hCZFPVEc3TxfwQQgj89nn2NmNy7OVekaK7vPM0cvPTdKO0Pf+toeXiIyUK1154zVli3B74dvNKOoe0x6cI48S04qIDn8oZ2r3LGlOhwoiHhIO3rQCkzHTANMIFEZXr6orB37528tYP7xdXSzzCQf22cWKNaqJSf1qDUtMgsmwb/1t5+fso5jsbQmePChLNVgJmvU+dpOPSaGSXpwjkdLSg8rUBAMHJl/VIc/pqigUlT2bihTPVCsVT+Xcsdu0ZYSSb7FemncO1FZNZGZYMGssZfGvWOdF2s0v8rcX2DzfL0zbrFyS9dYZTHPl1E7bdefiOyeqOwSW7DAzNjJ1ZyqLaHjCq1r+5yWzD/Zo9eclvMVSkr/gaQfhidm36t+8ut6o8cc9yX7DX1uulfXd89QQ5m1TAeyTAfMK1XyZ2VqGZdtZplKuv5/clW/U+o/a5cGjBssyaMBRaXq/39yVb+zUKlPL1byAGvhC7/V5bd+6LD1nuMueFS+Le/obECa5JbaOx9+rlyN3bJFJZLuvt+jg++bJ8aS+VtCbTXyemVv30e1ef5BjZtTpS1b/JJnjp7NLdWrJx/VYq1R+BKxXg+etW0jIoAV1c5kP5/juB86tcNQ+WIfe+Jwq+C5xTo5f4023x28NrZVJ2rnmCXpYMRxt7rmHrRdk1sFyyPrLHrbjvc9a97BcXNUtWWL/KH7mn17HkU8KiWM1p+BPRNSUe0kdruIvo/HOvfc4c91zXxbVmbU520/T6PvJ1OmSB8NjWgDPZ3VK0ljc3NVdfCoIh6UA4dVKp98nhJV2RdulT0fbtPR9e50vwrXffhe6VZbn0kc15L2yuV07wweblvnQy94DnLfmSuPToZ+b5XNbn8WDMTuAeGZ85KeG7XTeV7CPugCANB7JGQANXC4VH7fo5qkSZJPWnPwqJ6wPRge3Txfa6rm6KX1BXIHH37lUW5oCb+2vJOrl9avl9t6kF4y36M5L63Xere1/s6jKoj5BOXXltLguua212y+OwH/8GvfnXeP1c8PB1Rg+4P2YIlPdy9WYgdQQ0HQ9ebDdaBYq5asUrH1QBz5+QeXD/7xdbd8igy6h88n2x8I658Lr9urvvUv0ZqDi7V+/RNWvazR/BKfVVfm+fpO8YO2oJxzPSYu8zhKc1/S+ueskOfm+VqyeZTVDo9q85ItGrt4vZ6bJPP3+Uu0edR6PeGW5N9irrveCsUWx7dXd8FzekmR3RIDkvxb3lGu/dqxZL48c6ztH92s+WuCWfLhwOx6WyBmVbHtD5eSLToZnH90s+av+bmK73xOBZOe0PrF6uEu/JaLe3V95KMaIIUCof0zvdL5vTJGWrlMZXt1PTdb/TILpTKzO/+AdI+Mk2vi7KIvucZ5ZezO1eUyK2j6N1s0YOccNW6boWsPbtHgzAtWBqoVPK3/rS6/8UPJ+n3wPCVkEDWs/fPBv6U0dG5J0je+EDmMQ3i4lefC16+IDNcSbTm5WOvXB4OypeaXjovXy7xErNKSNfNV4rOWCRRr1ZJ3VPzgcypwW/fOsYu1/jlbkH+LdU66pbbvh220w0lxtIWEMUl3+6R3zgakSWqnTto6ZmtzJVUaZ32mZv1v1t22+0tJSfiaHNmTJNzden0ogL1Eq2TWWdv3PWvbW06Gr/fR27MCv/KEn5QSh/0zaH1+RLeTtu/jZuZluB5t595zL0kRPT2i20CMjOSI+4lZp+Hni4AOl/rle/S5nr1mj7pTuaU7ddR8apZkPvco91GNK7UFUI9u1vw1VZrz0npbYHON8zOu0/0q1r2y3WerNq4l8ZTLqSxuWT2rwtfJiH33kuegwOFSac4343sOnfSE+QwYXNe6Tzxa4JbU1jwAAHCjkgzDUGL9fKydW/zy5XhlGIa8M2bLU/KO9taE5x8skXyP+JRmGDKMNPm+MVseKbQNyT7fqxyfJN8j8qWZ8705PqnqjGpsy8deN01Z0zwRy978H0mKnlajvT/fIr8vR15buRW9jjdHY0v/Gi77xwdV4suRN7R4z33Ozvuv0d53SuRbNCd0bEaaT9+YLW3Z+bH5+c15Q298L/gZmcfpCx2/+XmXHPw4tL2/lgbPp4+1c4s0+xv2dedoka9E7+yt6dH6MAzD7BrdTl1JHs2e4bXqJUvTPJJn9gyrrszz1X+yJq56TJzP3WzznmlZ5ufy8U5t0Wx9w5cWWsY7Z5F81nWgZu87KvHM1gxvcH2v5rzxhuZ4w3U0LSvNtv3WbSiivcg+P2pZxbh2yKdHgmXz5sinKp0Jlsu3KFSO4LVJW3bq4+C27eX25sgnv07WOJezq+q8Y7aq+bxbSQ8Gfy9U8kjp+rGKqGUuyzXyXvWXJP1ASWmXdf1YB8ZGvbA3lL167ViFDLnlyo6x3IOPKnmAX9dCwdKtaigtk5F2r1JjLe+ga+tVivVZfbx5jUo805SVFu/5YC4be7vWvdDWhtN839BsT/h6JSl0rwytbzvH0rKmydPqmhE859Lk+94bemNOeH1z+fjuh221w/aPvSd+Yn9mhmEobWzwuhlfnYSuHVHXnujrhbmueX0I1aft8/TOmC2Pv1R/tV3Xwtc9r+Ys8slv1Vnb973gvsPPBMbHB1Viv1al+fSN2R7HOkiczyB6ueh20s59/OOd2uK3Hbf1mX4v+Lu9zqxlF4U+b+t50vbMGXk/iXq+qPmrSv0+5Xg7Wg9d92Oej2nKmlalgx8Hp9for6Uyy20/Xu8cvfHG90LnZ+j5OOb9Tx24X7X/bNXWtSSucjmWxXzWCT8HBbc3R96EfQ7ya8uS+Zo/P/yzZIvfdv4bUc8l4c+61fZq9urnW6TZK2zHGM88fvjhhx9++OGn1U88Ei8D9eghlXhma0Xwa1j3nZrmeVsfBDMpA2dVJY+m2b9MdY9qd0RPz9he/O1ryVo9HZ0x6pmtFXPa+656knLG/ibUjf/ooRL5cuZIOtRNBe0KAVX5pZK1T7ceZD+q+2Gg+Md68W1/q9mTcnzS2kM6OmeSJgUO6wO/T49MknXu+FXy4tN6O2rTntldexQ309hRsc7t+Ovx5vLr7Zj1v0LfszIkAmerJH+JXny61VKaLSlQ5ZfGPtJzGT+esTH3HTArvHVb7dkK75RrxyqU8n9b3fiz71U/VaipTErOjVpmXJr6SbqWfYeSGs1lulr/oW6psULX7RPLTqtlurfrd9YR/rdjnKM+LXrDzBA8eqPnQ6x7ndwa1eHhq8cq5iXC5uiWp7U2VE6PpsVTvDbaYV9oC7HrZJJmzPboxeB11bdIb7R7H7bzaGyrZxe/qgLSqFj16R4rT2QHbMf7XrTA2SrJM02Ru+sDY5+3cx+PddzOm4qxbDvPk5NyfNJvziqgSXIHquT35SRE7xX3ndNUtcvqxh84rA80Td9wS4djLRwo1o9ffDv8AssbbZZd9WzVqXKZzzpjH+lNz0EezV7xvcgM2KNb9PTa36h4xvc6kBl7VFtefFuavSLGOm3NAwAAnZUcb6T15gio+Dclkl+t/zD179JR32x5Dfu3sJGLRE6Lmt8qqhwZaXZa17B/y36jh9cJhiHJt0jrZscIFrQqk1lue5m9OWO1dtdR+WZLh0p8ypltyKhwWv/mivUZBvkWrVPsQzYUKH5FS7f6Jfm0aN135VWF3l6wVqHPzZsjn9bq0NHZSjvzgfy+R2yZuh4VLv9uzAfKnm0Lhi3jwD7Zdn4q+lxtvU70/9uqx54RWf8Vby/Q2pJwtpBZNkmeQi3/bqyu7IbCp2+MY4jRnp3bcGRdR64TtWSsa0es+W201UBc5ej6a42rMyuV7dX13G8qNVtqzvRK53+ua4r6xq1sr67nLlbSg1L/oeFlElWXn/NO56j98+v0+eB0b7LtI577lW1G6FphW8dsf9axrCuQO1CsV5YeiOt+GC6K40U8zvvWzeHUtiUz4OsZY16D2quTNN93tc4nqeJtLVhrBok9hcv1XdtNxYissFbXltZFcKhP23Zq2rvvRa3f9nUvsT+DiPMs5jntfB83h2xxOsbI87+t57vY91yZzxf+3+ivNT6NPlQiX87sHn52kCRDRlqWpla9pb0139Wdhz+Qps4zsz2l8PNvoFivLN0qv8xng+96rWuA1H692/dlRH2W7T5bBSLWtYoU3n4HytX2vTN27STec1CM64D3yyr0LNUHf62RL65rSUDFr6xViW+R1tmen0xtzQMAADciqacLECFwWAf8HhUuX6d162w/ywvlUYkOVUhyj9ZY+XXqgn29M1E5Ggjx5shXckgVFYfM7vs9XZ52pWmMR6o6E3CYH9DhA375Fq3TunWzHY7H6mZ3qNhcNsdaKta502e1V4+JwTt7uQo9JVr7SrGCJXWPHiv5T8npY0ozD0yJdmSJWq7O2arm81K/zB9Y3fdjdc03u/H3S3+jjWVu3LWLAWlAWuhlU5Kk7DsS7ObV2g2fDzGvVwGd6bKbXYUOlVj325hfVrStrePrXW2hQodKpLGj3epQnXhna926dVpe6JH/wOE4jzXWs4tHY9Ic6uzCKSsbL577XqRY19FA1508Xcz+GbSjnft4e/ePdpdt93nSqxyfXwcOF5tfSifMQ5Vbd06VDhyu0OED0tQ7W9dl4PAB+X2LtG5d7IBi53d9Y89WN1autp51esdzkF1cbUBSoPgtbfX7tChGhbU1DwAA3JiE+hs0cPiA/J6pavXc5y7QIz6p5FCFJK++XOhRyW+CAZeAit/aKn+rrcHkVY6vRGvXloQDiQnNrYJHfPJvfUvFoWfegIpfWaBXwhNsD8TWN+1RW/Hm+KSSrdrqN/84taaa587atxUezbFCby9YoLcr1MfEV489z62CeYXy+LdqafBD8H7ZDKraP5SKt7Vggfm5uQsekc+/VX8IzW77uMw/kg/osDU7UPyb1t35uuJIrHK9ZStHoPgVLbAFh3uTa8cqpHF/q2RVqNmha/61YxUy0rLbXOaG7XxHzY0e9Z/3A2tCoVJzs+WyjaGaiG78fGh9vQr+YfxIl/XJtAc9KvT20vjvpW21w97TFsKZWuFYQ1t1En2/MAObnql3xh2AbvXs4ntEBe5Y50uF3l5bIk/hl0MB0/buexGs6+hvikMXPr21NRGflGJ9Bm1p5z4efdwysxkXxLrJt7rXRH4mjiXI8cm/dWvCfSntvnOqtHWttirGc3SQLUgfKH7FNkzFjeiCZ6tOlyv4rPOH8L4DxXplwSsqDvSW5yBJFX/QVn84IJ82xiOVHAodU8UfbNehire1dKtUuDzGlyltzQMAADcsgbrwV2jXVr88hXPD3Y5sMrPzpdd+o+IHiuTzFWlh1TNausDMeMovLJTHfyA8UL4U0cWxVbfDWF0jndYNze6hLm+2srW1lL3c0WXOzM6XSqTsTOu47MffjWVvu7x+bV26QJE5ax4VLiuSL7NQywpXa5ltvqdwmYp8aTIMyTe3UAeWLZX18St/4TIVbl+mrQePqjDTemTMzFa+SrTPM9V6+YQ5Oc06d9YuCD+d5y98XbMznbt/3RwO3XXt56ds/zZirxNxvrRZjz1zNke3L0lSmk9FC6v0zGtr9cqYZSryueUrWqiqZ9Yq/DHla+Hrs5VpGDKUqcJlhVq9bIEWhGYv1Ou+NIV7Ctr2kVmohfnP6DWrHjyFC1XoeU1VwfZiuz6kZU2VZ+taLSgx92fvxhjcrvm/qC7RhiHDCJYrfG7KU6hlReaLM8JFi7WuzHPW/5qWLjhgtoMuipF1qgu/ZHXRz1a/83udu+bHs8wN26qGN6TUpxdrcNHfmpMu/FaXQy+Vik+XnvNxXUM7ej603m6ar0jLtFrLFgTP9HwtfL3Qagdx3K9adX21XzMyVbgwX8+sXWAF4jwqXLZQ+cte04HDNfL52tt+G+3QSGvz2HvsXlpiv6YEi7VMr/vc1vnRXp1Ez5ftmKO6QId2KtvzhUeFU6u0NPh5egq1rDAzvO/XF+rtZ8J11pH7Xqt9K826jgbXyVdhoUfmo1IifwaR55ls/w4dWZv38ejjlnXuZcowpKypHm1du0Al+Qv1+myvfEXLpNXLFG5iC/V68DOJ+PxsBbaeL5SdqZ65lwZFtdG0LE31SJpqvZAxfADm/c03V4UHloWenZW/UMsKt2vZ1oM6Wpip4HfNses9cl/R90pvm59J29cSdwfKFfveaT3rhD5Ec9++NENGWiI+Bzk//2aGrv1mnQTrM3/hQuWXbJcMQ0cPmtNabSN/oRbKed7rZKQCAHDDXLW1tYkSQQUAdLF+P/9qN269UKlPf1MqnZHQ2aCSdP2bv+vpIgDoEyq0dWGZsl8rJMsPAACgj3jppZfaXSaBMlABAL1K9r3qpwo1JXjwVOrZF4YA6EMqDmlfXrZm9VgvHgAAAPSE5PYXAQAg0oB5peqfdlnNu2d0Y/d9AEgUAe17dYW2VeZpwVpyTwEAAG41ZKACADqs8a1cNfZ0ITqAex2AG5OmvO+sUZ4UOS45AAAAbglJPV0AAAAAAAAAAEhUZKACAPo87nUAAAAAgM4igAoA6PO41wEAAAAAOosAKgCgz+NeBwAAAADoLMZABQAAAAAAAAAHZKACAPo87nUAAAAAgM4igAoA6PO41wEAAAAAOosu/AAAAAAAAADggAxUAECfx70OAAAAANBZrks/uZe/KgGgr7p+tadLkBj63dbTJQAAAAAAJKBlJ+9ud5lkuVw3oSgAAPQg7nUAAAAAgE5KVnNTT5cBAIDuxb0OAAAAANBJvEQKAAAAAAAAABwQQAUAAAAAAAAABwRQAQAAAAAAAMABAVQAAAAAAAAAcEAAFQAAAAAAAAAcEEAFAAAAAAAAAAcEUAEAAAAAAADAAQFUAAAAAAAAAHBAABUAAAAAAAAAHBBABQAAAAAAAAAHBFABAAAAAAAAwAEBVAAAAAAAAABwQAAVAAAAAAAAABwQQAUAAAAAAAAABwRQAQAAAAAAAMABAVQAAAAAAAAAcEAAFQAAAAAAAAAcEEAFAAAAAAAAAAfJhtHTRQAAAAAAAACAxJRM/BQAAAAAAAAAYks2SEEFAAAAAAAAgJjIQAUAAAAAAAAAB4yBCgAAAAAAAAAOyEAFAAAAAAAAAAeMgQoAAAAAAAAADshABQAAAAAAAAAHjIEKAAAAAAAAAA4IoAIAAAAAAACAA8ZABQAAAAAAAAAHjIEKAAAAAAAAAA6SW4igAgAAAAAAAEBMyS104QcAAAAAAACAmHiJFAAAAAAAAAA4YAxUAAAAAAAAAHCQ3MIgqAAAAAAAAAAQEy+RAgAAAAAAAAAHdOEHAAAAAAAAAAfJLbxFCgAAAAAAAABiSk4ecntPlwEAAAAAAAAAbr4r7S/iMgxSUAEAAAAAAADceoqKitpdJukmlAMAAAAAAAAAeiUCqAAAAAAAAADggAAqAAAAAAAAADgggAoAAAAAAAAADgigAgAAAAAAAIADAqgAAAAAAAAA4IAAKgAAAAAAAAA4IIAKAAAAAAAAAA4IoAIAAAAAAACAAwKoAAAAAAAAAOCAACoAAAAAAAAAOCCACgAAAAAAAAAOCKACAAAAAAAAgAMCqAAAAAAAAADgILk7Nnrx4kVdunRJzc3N3bF5oFdKTk7WkCFDNHTo0C7dLu0NAAAAAAD0Vd0VT+lQGbp6gxcvXtSVK1c0ePBgJSd3S3wW6JWam5v12WefSVKXNXraGwAAAAAA6Muam5t15coVSV0XT+moLo+4XLp0SUOHDiWYA0S57bbb1K9fP9XV1XVZg6e9AQAAAACAvuy2225TUlKSLl682HcCqM3NzerXr58Mw+jqTQO9XlJSUpd2tae9AQAAAACAvq5fv349OnQhL5ECAAAAAAAAAAcEUAEAAAAAAADAQbcMnEh3YuDmob0BAAAAAAB0HzJQAQAAAAAAAMABGahAL0d7AwAAAAAA6D5koAIAAAAAAACAAwKoAAAAAAAAAOCALvxAL0d7AwAAAAAA6D5koAIAAAAAAACAAzJQgV7uRttbxdvP6LV9seYka3CaR3d+9e/02LSxGnhDe+kNAipZvUxbxyzU67O9jks51lfyYI3xTtWX/+7LyhnVydqqr1LJL8o16ltflnMJYrHKrkItK/LJHeexAAAAAACA9nVLABVAb5Mqz9RsjYm4IjToVNlfdGDTalU1fF/fqXL3fgAAIABJREFUnz6qpwqXgFrXV8PZcpVXvKcNPzygv/zT9zXvC0M6vNVA2VZt/WiMFnZhSQEAAAAAwI1JwACqlTnlbz3HU7hMRT53F+yjQm8/85q08HU5J2e1LkeH9h8o0eplBzR1WZF8bvv+4tk3cLON0tSvzlar03v2Wf3hpR9q+/b/T3/xzdMX+vdI4RKQQ33VH9bbP/w37XvrP+T9QVHr+d3GLV/R6/LdrN0BAAAAAHALScAu/IYMQ8p/5jUVRgQYK7R14TK9YiztgiCqVT7D3FcrgRKtXr5NmrVUrz0b3Je5/2eqntFrhXFEPg1DhgwZhhGuD8OQYWSq8LXXFDxO4EbdaBd+w/qvEbM93K67fGO0/VcBXbxoyAg2h8Bh/demTdp37LKalazBmdl6+LHHNHVssOt6QCWrl2vb2K/rmeTf6d/2nJMG36O5L/yDvqAqlWzbpN/95ZQuN0vJg8foC199UrN8kcME1Fcd0K9+tV1l7e7j2/rhlHJt2LRPxy43Kzn1dn1h5tyo7dWr6sCv9KvffST/hQY1K9Z+g8dvtFmnbdZXapYK/+k+lb26R9t3n1D+33nC89qps4qtC/X6Pkny67Vn9kn5wWtNPGW36kKztLTIJ3esY6mPr94BAAAAAECkBMxAdeLVA7MytPzUBUluhQIGleElMmYFg6sV2rrwdckWhA2UrNbyA1Ot4EJbAirZYAZPIwO1XhUunaWq5dtV8kAwsyyqDPnxBFcjy1axdaG2j5mlsdu2KTisYkTw2ArmmrvI16xZVdpmO45w0MWc/8xrhR0cOxFo2+XABUm3S1b26bWK/9LL/7ZHl0bdo8e+nq00XVDZe7/SplXl8j/zggq9tnDcgU36t1FTVfjtr+rahVR5BgZUsnqVtl3I1H2PfV1ZadKFsvf0q22rVNX8gn7wRXOYgPqKrXr59X1qGGPto/mY9vzuj7H38ZdN+tcDQ5T12JP6dmqDyt77lT7c9qo05F8110qZPfuHV7VqxwWNuecxPZmdptTLp7Tvj79T2bZX1ZC6TP8rp+Pd7R15fHogbY92HPMrII/ccdbZqPxv68lr27TpwzTN/PYDGjNkVBeWPaCSf2u/3gEAAAAAQGu9KIBqF8w8e0avFZnhwkDJai3ftkElWTfYbTZQrgOVGZo6N8ZG3D4VvRbsJBtdBvP3hVvjzFC1qdx2QFOXvqbX3NZxvL5V2a8VyqsKbQ1mwvrcVjB1n5QxNXTMr1fN0tLXzGBqoGS1lq8uiSNIDMTjms4e2qT/2NMgZUxV1hBJOqt9W/fo0he+rh/OzQllLt6Zk60vbPiBfrb1Q33xB19UKBzXnKUnnylUTihptEQHKqV7vr1Qf3dncOUspTb8QNv+UqHAF0fJLb9+97N9upzxmJYWfdE6l+/UnVOztf2Hq/Re9D4up+nLS4v0RXewLKPU/9nXta/cr7lf8Ery6y/7Lmtw/v/Ss4VeKw58p+7MHqUN/8/PVHbsrNSVAVQNVtooSeVnZX7dE2edjb1TmZ7B0oej5LnzTuuLkC4qe6A8jnoHAAAAAACxJGQX/uA2IjYT2KcN2yqVtyDT7OL/7Frl2/aVNnmqMnTA6iZvmFuxbSO4KSPYtT5qfng/VarUGM1Ma6eLfcUftK0yTwuezbTKkKb8r8/SgRXbVfKlZ5UfOpzo8kTu2zAk5c1UvrW/4HGcrTGUeeGQ9mXM0ov5aeY+0vI1M2+b1p2KrOPgNtPyn9XafGvb8Vc4erkb7sJvSFKlti1fqG2xFhg8RV//er7SDENG4LAOnJNGZUn+w4cjFqtPHiKdO6SKmvt0u9sqU0aWMlJtbWnwYKUlS2U73lbW4K9qytgh6q9UZf/jamVbhTH8h/Rhg3TXA3nmPkN7GKP7HsjUe5v/qL+cuU8PjLLmjMnW30S01+EaM0ZS1VnVGJlyK0MPLP2RHghuP7hYcroyx0hl9fW6ahjqHzG0Rxtd+MMXE4drRKoGD5dC3fzjrrOo4QHMCuxY2RW+xkUcSzz17njEAAAAAADc2hI2A3X/ukXaHzUtY9aLik7urNi6SOtCC2Zo6k0omyQFzp2SMqYqzT7RfbvGdPU+xmRHZIaljc2QTlm7y5+pvG3rtGLRNkkZmvXis8onjQydkqqMe+6KeKu8UsfK+4VMTfGMUujdURfOmqffnv/Uv++JtZ1LqgqOshFL/y9o5pNTVLlpv/7zx/ul5FSleabogQce0F1Zo8zszGvX1KA0jR3V+o1VQ9Jul3RMgUtSKAU1Od43W11TfeCsTp07p3MV5frLRx/p2DlJuqxLbRS54y7p3CnbrzdaZ5JuuOzx1DsAAAAAAIgpYQOoeQvWtgqW2oUCpxmz9OLafLkD+/TqigM3vuO0scrQAZ0LSN6ED0Z6Vbh2rQoV0L5XV2jbikXapjwtWMs4qOio2zX1K4VxB+Dba59tcWf/o5ZmX1JV+Uf68I/7VHbsQ2379w/1q4xZ+t/P5ndLV/JA2c+0btNHumC+gUlpQ0Yp4657NOXPe/TnLt/bBZ09JyljbMQXLJ2ts64qe0/UOwAAAAAAfUECduG3d2N1WuKYyvZn6PEXv6P8NIXeeG+tZVvP9m/rjdSRXVVj7CNtsu7J2KYD5QHl5adFzTymbYvXSQvWaNbtY6TKKl0wjHCQxMo0G6M4yhO1byOyoDJkKO32MdKBswoYmaF9XKiqlHRP1HGkKe87a5Rnla+sYpYyM53qDn3Njba30HbabHOWwWlKk3TEf0ZGZtsvHgqeybG7hw/WmMl5+trkPH1N13R2zzqt/PUO7TmRp68l91eqLqjq7FUZt0dml166cE7SGI2yuuw77SNi+qUPtfk/P1LDXU/pxSeylRba5Fm99+c9+rNtfftQH+1xrC9/mT5skG7PnmgOQdCBOrMVwPxnh8ve3rG0Ue+edg8ZAAAAAIBbUlJPF6DzKnXqQvDfx7RtxS+tN9VLUprGZEj7y46F5r/3y8roDThIU/7XH5d+uUI/2XfBNt0MTu7PeFwPZErKfECPZ+zXum3BfVzQvv/8pSrzZqpV3LWzMrOVV/lL/WewHBf2aYdtXIML+36ixT/Zp3A1lGm/8pRN8BTdZdQU3Xe7dOG//1vlDfYZDSrf/Ly++/xmfdTgtLJ0rfzXWvH8Ev3ab5/aX0MG216E5LlL96RKf35vvy5ErH1Ke947Jg2erMyOtLFzfh2TNOUeewBS0qkP9eEFp5U6qaFc236+Rw3Jk/WVu6xg6Y3UWReVPa56BwAAAAAAMSVsF/62ZWrWgjwtXrfYGic1Q4+/uEB5K9bpw/ILys83g6AfrlinxfslKU8LFuRp/444N5+Wr++sGaVti1do8S/DkzMef1FrQtHRNOV/50XpJyu0eLE1KW+B1szqyuhlpma9+Lh+siJYjjw9/niGKk+NMjNS87+uxz9coRWhQppZucRP0X1G6Z5ZeXpv3X69ueSU7pv1kCYnX9CRD/9b+45c05jHv6Ipqc5r98+cosnJe7Rn3Y916Sv36Z4xg3X51H7t+f1HSs54XPd5JMmjr3wzT2Xrfq1/+fEpfe1Ldymt+Zj2/H6PjlwYrLwFD3RsrOHbMzU5eb8+/PmPlTrrIU0e3KALf96jd8tO6Vqnr4Dn9OHvt+mUbf2Gcx/po2OX1azBylvwdWWHYpPx11lqaqqkP+u99zJ1LStTWV1U9vjqHQAAAAAAxOIyuqr/r+XEiRMaMoSspu5yYd8avVT9kH7yOGHS3urSpUuaMGFCl2yrK9rbsV9+R2/sz9DfL1kcd/Z0w6kP9etfv6s/H7+sZiVrwPAM3fP4E/paVmiwCe1b85L+X/29lizOj3zZWsMxvbfx19p7rFqXrXE9J+bN0RNfy4pYLnofgyfm6dHHv6LsUant7KP19IZT+/TLje/qo3ONak4eoOEZ9+ihx7+itP0rtHZ/lr7xL09pSn9rvTFPt9m+zPpqPT15wHBlZOXpSw89oKwY9dh+nUlq8OvdN9/UnspGNWf8vZYvzlf/jpQ9dMwxjiXOegcAAAAAIBF1ZTzFrqioqN1lCKAmsmO/1HfekJ7+yeNWVukx/dKcIOKnvVeiBVABAAAAAAASXU8GUHtpF/5bRObjejrvO3rjO+F0tzyCpwAAAAAAAMBNQwA1wWU+/hP95PGeLgUAAAAAAABwa0rq6QIAAAAAAAAAQKLqlgzULh5WFUAbaG8AAAAAAADdhwxUAAAAAAAAAHBAABUAAAAAAAAAHBBABQAAAAAAAAAHBFABAAAAAAAAwAEBVAAAAAAAAABwQAAVAAAAAAAAABwQQAUAAAAAAAAABwRQAQAAAAAAAMBBcldvcMCAAbp8+XJXbxboMwYMGNCl26K9AQAAAACAvq4r4ykd1eUB1MbGRk2YMEGNDQ1dvWmgV7t+/boGfe5zOnHiRJdts7GxUXeMHt1l2wMAAAAAAEhEp8+c6bF904UfuElcLldPFwEAAAAAAAAdRAAVAAAAAAAAABwQQAUAAAAAAAAABwRQAQAAAAAAAMABAVQAAAAAAAAAcEAAFQAAAAAAAAAcEEAFAAAAAAAAAAcEUAEAAAAAAADAAQFUAAAAAAAAAHBAABUAAAAAAAAAHBBABQAAAAAAAAAHBFABAAAAAAAAwAEBVAAAAAAAAABwQAAVAAAAAAAAABwQQAUAAAAAAAAAB8k9XQB0HcMwVFtbq8bGRtU3NOjq1atquX5dzc3Nunr1qgzDUL9+/dSvXz/dlpKiQQMHatDnPqeRI0b0dNEBAAAAAACAhEQAtRczDENXr17V5cuXdfHiRV25ckWNjY0yDEOGYbReweVSS3Ozrl27psbGRl26eFGSVHvhgsaNG6fU1NSbfAQAAAAAAABAYiOA2ssYhqHGpiZdvnxZ586e1eXLlyMXcLmkGMFTl8sV3oa1jMvlkmEYCgQCunLlisaPHy+32x2xLAAAAAAAAHArI4DaSxiGoUuXLqm6ulp1dXWh6cFgp2EYEcFTl8slQ5LLtn7EOlFB0qtXr6qiokK1dXUaN3asBgwY0K3HAwAAAAAAAPQGBFATXEtLi+rq6nS+pkYXAoHImVFBUJc1LdSF3yGT1JDCWapW0NWQGVitOX9e9fX1GjlihIYOHarU1FQlJfGuMQAAAAAAANyaCKAmsAsXLujM2bO6WFcXyhp1yZZNagU+Zc2zZ5y2mq9wVmqIy6Uka5phC6I21NersrJSLpdLQ4cO1YDUVA0dMkRDhgxRcjKnDAAAAAAAAG4dRMMSUH19vT799FPV1taGpgWzRoMB0FAw1DDMH3tX/mjWtOC8pKSkiKBpUHBM1PBqhjlcQF2dzpw+rYGDBql/crKGDBkit9utAQMGMF4qAAAAAAAA+jQCqAmkpaVFVVVVqqmpUVNTU+TMqMBoq0BprMBpG/uJtZ2YwVcp1M2//rPPJEkXL17UyZMnlZKSomHDhytt+HANGTKErv4AAAAAAADocwigJoimpiYd+fhj1X/2WWIGImNkmjZdvapzZ8/q7JkzGjhwoDIyMjR06FCyUgEAAAAAANBnEEBNAHV1dfrkk0/U1NQkl8sVkSGaENrKbnW55HK5VN/QoPLycg0dOlQTJkxQamrqzSsfAAAAAAAA0E0SMNXx1nL69Gl98sknunbtmlxW5qkrKalXZnEmJSXp4sWLKi8v18mTJ52HBAAAAAAAAAB6CTJQe1BlZaWqq6vNLE5rWkJmoLbDsF5iFQyYXr16VVVVVbp69ao8Ho/69evXwyUEAAAAAAAAOocM1B7i9/tVXV1tZpoahgzDUFJSkloMQy6XK5SNmugMwzDLah1DcJpcLp07d05Hjx7VtWvXeriUAAAAAAAAQOf0jihdH+P3+3X69OnwBKu7fktLi1wyA5BGb8lCdbnMslpjoYZYAeG6ujqCqAAAAAAAAOi1CKDeZFVVVTp9+rSZZRrs9m7L3Ox144YGyxuj7C1WYPXSpUvy+/2979gAAAAAAABwyyOAehPV1NTo3LlzknppsLSDXElJcskc17WmpkZnz57t6SIBAAAAAAAAHUIA9Sa5cuWKTlovVrpl2ILELpdL1dXVamho6OFCAbgpzv1Ou978a4wZNTq4a4e274j6Ka6QKoq1fdch1cS7j5pD2rmjWBXR0yuKtX3HDhVXRE3ryLaBRGed59uLI1tAzaFdtvO/QsU7dulg9Inv2B7Cy9cc2tVq220XZ4e2R7XHiuId2nmIVoderp372Y2f4w7tNHi/jGir5rQONE0AANBFknu6ALeClpYWHT9+XI0NDaEXLt0Kgi+YMlpa5HK51NTUpBMnTigrKytyvFQAfUrNzu+pdLc0bMJ47fq79zXhv56RN2qZlPRcPZgzImqqVw9HL9iW2no1tTX7xCHVeHMUvRegz0hJUUrdGVXIa7WxGvkD9lbhVcHMjjSqG1WnTw7VyNuqbQO9Uzz3sxvfySXVS0p1mt9UrfKKHBXczKYMAABaIYB6E5w6dUr19fXmmKe95eVQXcDlckmGER7rVdLFixd15coVDR48uIdLB6C7jHjwx5o55nXt+EWmcv/rq/EHMCuKtf3EQOXNyJB/V6kaUoeptq5B6bkzNLR8h8rrrOWGTdbDBVLxEXNCeXGFvK3+shymdHdAhw7VxAjU1ujgrlJVB+NMKenKm5EjHdql/fVupTdUm/OGTVbewBPab/6irJkF8srMzNsfXHnYZD3MX7XoMW65hwV0sUbSCEk1lQpomIanBBtLhYp3nFBq7gzdrUPaWVqtJknDhw2zbcPWHoYN0/BYu6kJr2tvC60MS5c7UKaDNTN0d6tmZ99G8EsU6eCuUjW401VfbZVtcq5ST5SG2mCwfVUUh68Bsb+AAbpep+9nMc/3EZH3j5R0835XZi5XXXZINTNaf+mXkp4uHSlWhTdGu6so1vYjdaFfh0+eqQKv1e7TU1VdXScpRem5E9RQekS1srefChXvMKeZy8RotwAAIIQu/N3s8uXLOn/+fDjj8hbKvGw1zqt17KdOneqhEgG4Kc79Trt+kancfzim0pjdHqWm6lJbF/4Y3fAl1Wq0Hp5pBn4+qRumrJkz9fDMyRped0IHa7wqmDxM0jBlOQQwh+ZM0MDq8tbbrqnV0OyZeji4vaaA/MH+kXUBKXumHs5NV0rdER1StrmM6nSmQlJFsfYH3MqbOVMPz8xVesMRulKiRw0dKAUqzRO4pjIguUfHyGSr0cGyaik9Vw/PnKnRCgdcag6VqVrp5jk9WlYwxa5CxaUBuXPNNpOX3qByx5N+iO6ekKrq8tbza2qHKGem1e4mD1NToDLULbk2IOXMnKm89BTVHikz2+DkYVLdGVXI/NKiXJNDbXZgdVmM7s5AN4jjfhZL7PO9QuXVUnqudf9QtcorRuju7HSlKEXp2U49JjKUld6gT2IMFVCh0Va7sNrPmWDba1J1vTkva1iTqkvPaLS1jFmWGh3cdUSaHCxjqhnA7UwdAQBwiyADtRsZhqHTp0+rqSmqk6nLJZc1v68LZp8mJSWFuvTX19erpaVFSUnE74E+6favasaPzH/O/JvYi8STQZYy0MqFG5Ehd0qpynfsUPmwyXp45gxzeutITxSvCiaf0c5DNfIOsU0e4ZU3Igs1JRxwSnHLM0KShmigAkrNMMuYmiI1SKq51CA11Wn/jurw9s5USF6yUNEzhme4pTIzGOkPSO7s4VIgaqGLlQo0pchtnc/e0cNUfkIKdvlPcWeYgRvvaA0/ciJy3ZpLqleTakt3aHtoon3YgCjeAmWd2aWDNV4NtU0e4fVGZuWlDAzNC+1/SKoUGGi1wYFKUb0kqba+Sao7ou07joTWqa+skUaQLoduFsf9LJbY57tXo4cdUXnpDm1PSVfejJnmeR9H1HJETrbcu8pVoayI6V6vNzIL1ZZcPny02UKHD0yRNNpsr0NSretDrRqapNojO7Q91Kwa5KdZAQDgiABqN7py5YoCgei/YmS+XOnmF6dHBIPELdbQBYZhqKmpSfX19frc5z7Xk0UD0GuM0N0zZirY3XD7jiNmN8V4VvVmyb2rTAftOXnWH5vDJ8/Uw1ZXxw6h2z4SyYgMuVUmf4UUkFs5IyR/l++kjW77MXiz3NpZdkiRzW6Hyq1Mcm9FsbZ3sNnRbR+9idP57i2YGfoCb/+OavO8zohniyN09wRpe3Gl0kPTrC8Cla68mQXWMDQdKSXd9gEA6AhSALsRXdWdXb58uaeLAKC3qDmknbsOqUZeFczMVXpKR1Yeobuz3QpU10VOTklXlldSxZn2E1ntWxuSKtWdsLoPd9UbmIEbMUIetxQ4EVBT6pDYXYCHZsid0hTq6l9xps62bkq4O32s9jBiiAZaL4eSzO70kW8Fj1WkHOW4A2rd7LLkjdh/fIYPTFFTaDiOChXv4C3kSHytz/cKFe8oVoX1pWDWsLbWjsFboCxVh8fvtgyfkKMRrV4g157hSk1pCg+3UVHsOJwOAAAwkYHaTerr61VbW2uO+3kLdNXvqLq6Ot1xxx09XQwAvcGIHOW4d2n/jh3m78Mm62GvpJqBSlG1w0ukItf/v4ZVq7zB+t07WsOPHDG74Q9LV3pKnRrijaJ6C5R3aZf2B7szD5ush8mKQw8bkeGWqqs1fIJXsfsDm+Ms7iwt1fbqyJdIjcjJVrqVDRf7JVJeFeReCq1rZqM6jdVo22POBA2vPqJgQpx39DCVH7H2n56ulLr6uL+8GJEzQ1n1O8xhPGRlo5IEjgTRVB1sG1IoqzPm+Z6jgslntN06j5WSrryCEZJqNVDVji+RsvNmpeuT0uDOzC9A9h/Zoe1HUpSePkwKXFKNhrSxhaARunvG5FCvjmC5aVYAADhzGV08EOeJEyc0YcIENTY0tL9wH3bkyBHV1dXdEuOcdsaQIUP0+c9/vqeLcVO1tLRo4KBBoTbSFU6cOKE7Ro/ukm0BAAAAAAAkqtNnznRZPMWuqKio3WXowt8NWlpaVF/foUGIbjkul6uniwAAAAAAAAC0iy783eDixYtqaurIOEQAAAAAAAAAEhEZqN2gttYc1cvlcpFp6aClpaWniwAAAAAAAAC0iwBqF2tpadHlK1dCvzMGamz19fXUDQAAAAAAABIeAdQudv36dTUw/mlcCKACAAAAAAAg0RFA7WKhzEqXiwBhGwwRQAUAAAAAAEDi4yVSXewzsk/jYxhqaWlRv379erokt7iP9Yt/flV7Y8y599k39Q//o611a7TnRy9of+7Lev7zf9XKF0qV9/L3dd+IqKX2/Ej/e7P0ZPS8jzfpW78eq3/5/n2KWgV9QG1trerq6tTc3NzTRQESVnJysoYNG6bhw4d3an3aGdA+2hnQ/ZKTkzVs+HANHzasp4sCAN2GAGoXa2xoMP9hZaGKLMuYyEBNLO0HS2/UCW3a+bHue7Jbd4IEUVtXp9q6Ot12221KGTCgp4sDJKyWlpbQiyc7Gtypra1VbW2tbktJoZ0BbaCdAd3PMAzV1dVJEkFUAH0WXfi72PXr10P/dvVgORKelYGKW8SECZqw91X94uOeLghuhrraWqWkpCgpiVsM0JakpCTdlpIS+qOzI+rq6nQb7QxoF+0M6H4ul0u33Xab6qwvKwCgLyIDtYuRVRk/6qoXqNkT1TXf7PKvDmes5uqxJ6TVr27S/3zzScVctWaPVr6wWSeCv9/7rH765P9QeKiAJzRu82ZzuIEJT+hf/lH6j+DyE56wDQUQOSxB92fXIlpzczOZOkCckpKSOtU1mHYGxI92BnQ/l8vFUBcA+jS+Tu1CLS0tunjxYuh3Q+aNBK0ZhhGRrYuetffVf9a3/jn8s3JPTZfvw33fP+rJCXv1q5jbrtGen23WuGff1E/ffFM/ffkJTdj7a9kXPbG5Sv/zzTf10zef1b0nNut//0z6p+CyJzbr9x9b2/nRqzr5xMuh7Zx89UfqhsMBAAAAAAC3CDJQu1BLS0urrEqyLJ1RN4nj5mRpjtB9//iE9r/wM+35/Pd1X/S8778Z/jVQpROS8mxLTHjiQStz1a1xE6QJuZ83M05HjNa44EI1f9X+E/fqse9br6UacZ8eu3ezfvXXGt0X/XYrAAAAAACAOBBA7ULNzc2hcT1dLhcBwnYwBuotyAporv7ZHn3+a5GzPt70z1od7Hc/YYImdGb7gSqd0F6t/ue9kdPvDUgigAoAAAAAADqOAGoXunr1KkHTDqCu/n/27i+2zTu/9/znoWjJ8j9RNpPIMdURp0m1Z+yz67bMdhME1AAnRSYDYQFnp51CCrZq61pILxYeey+cGJiyAzjxxVrVXuwZyFU7KhBpZ2YHkxtiMsHJxUgIEmzD7nHPxDPVJA2ZSrGZhLZoW7IlkXyevXge/pMoiZJJkZTeL8Cw+Pzjl7Skn58vf9/vb3fq7j+n4OCQfh4J5jcmJvXTKb/6s71Wnd6rm3bEJ7+CenGtPqsAAAAAAACbRAK1glKpVO5rUoMbYwZqA/B2qFNRvZctgZ+OaEpScMMT19Otl84FdWZoSvL3FWyPasaZKDr99oSi8heV8JcX73E945/QTyef1ys9XmUXlJrpu+Q8Ru3FFA6NKbJys69XZ08H5HmoaycVGR3WtZNndTrwcFcCAKA8K8e1gAZCveoq58xwSGMaUKi3a82vAQBAfSCBWkGFCVQxu3JDzEBtBN36Rp9fr05c1JkJScE+9fulmYe+7PPq909pPPs4W9o/NGgnaM+dU3BqKJdQLZ9XPRfOaWbQiVeSgud0leRp3QkMhJS/L7QTn8NhLzeLAIDGkYxodDgs9Z5VyPngLhkZ1XAoXHYSFQAANAYSqNVgGPkEauHXKEICtR5066WRkXWP8PZc0NWiFZ+yD+yFn3qcba+M9Kw8dY3zV57rRNI/oqv9BRtyca08duXjla/BfvzSuq8K9cWjwHMBhcc+VKy3ixtOAEBDiL0b1mxgIJc8lSRP4FvqvTasdyLPbrkaoqs3pFDuRF40AAAgAElEQVSlggQAABVBArUKDBWU8JMkXBMl/ADWFAsrNJYviPT1OmX5yYhGh6/p5NnTsu9L7dJJFc1oBQCg2mL6MCIFBlYOPh4FTocUKNiSjIxqODxrPyijZU2+hN9jt6bpCEiRiOwrFLcIiIVDyg6XgUBAkYic/XZ1R/ZpFaAlAAAAD4MEahWQMi3P4tJSrUMAUBeSirwTkQIDzg1hTOGxuHrPhuwkaSys0Ni7igUohwQA1IlkQnH5dHKjSaaxsIbDHRoInc4lNTfbsmY2Ig2EQrnzx8In7PNjYY1FAkUJUzmp22TkJwp3DCh0ukvZVjnhGB82AgCwVSRQUTNLi4u1DgFAjUTGQsULSfl6dTZ3V9el3tDp3K5kIi6pYxujAwCgMmIfFn5AWNyyply+3mdz53sLhsPS1y44MfKOIs+eVsBjz4oFAABbRwIVNZNMJpXJZNTU1FTrUABss8C6JffFZYc+n2+7wgIAoDwerzo0q3hSWrseP6lEXPJtOE11K9a/tidwWmc1quHhkMKSJJ96c+1vAABAofPnz294DAlU1Ew6ndb8/Lza2tpqHQqAehJ7V+HZgh5vsbBCYxudBADAdurSiYA09mFMvV3Fnwjme5h2ydshza6fZd0iz4bX9gROKxQoiOknET2xQf9VAABQmqvWAexILBy1McOQJN24cUOZTKbGwQCoP3ElklKuP2qWM+Pn2sdJ+3Hsw+JWAAAAbJOuZ3vli4xpNJLMb4yFNRbxqfdZO6nadSIgRT5UTFK+5/eJivT0LnntXBghhcKx3GNPh0/q8JI8BQBgi5iBWkEWidPyWZZkGEomk7p37548Hv47B8DR9ax6fcMKD4cUlk+9A73yjV1TIil1ebr0bK9Pw+FhhcKSAr3q9UnxWscMANh9PAGdDnkVDjljkiQp4CwY5ejq1dneUQ2HnB6kRT2/H1JXrwYCIY2FIpJ86u0NSLPZXWfVOzqsUK71aUADIVaQAgBgqwyrwlm/aDQqv9+vxQcPKnnZhjA7O6uZmRnJMGSIhOpGDMOQZVn66le/qscee6zW4VSdaZrat39/7mekEqLRqI52sLgO6stHH32k/QcO1DoMoGEszM/rySef3NQ5/JwBm7Mrfs5iYYXe6dBZyvRRI1v5OQOAzbgZj1csn1Loxo0bGx5DCX81WJZInZaPRDMAAACwOcnIaEGZvlPCT5k+AABVQQl/BRlOX09J9EEFAAAAUDWewHMKhMYUyrY+rWR7AAAAUIQEagUVJVCxrmz5viS53XwbAgAAAJvTpd5QSL21DgMAgF2AEv4KyiZQSaRuTnNzc61DAAAAAAAAAEoigVpBJE7LV9j3dM+ePTWMBEClud1uehsDZTJNc0uVGG63W6ZpViEiYOfh5wyoPsuyqCwEsKORQK0SkqkbMAzJMGS4XCRQgR3G4/FoeWmJm05gA6ZpanlpSYcOHdr0uW1tbfycAWXg5wyoPsuytLS0pLa2tlqHAgBVw0dEFZRNmlqSjPxGFpQqwZA90D766KN8UgnsMO3t7bIsS3fu3FE6na51OEDdcrvd8ng8Onz48KbPzZ7DzxmwPn7OgOrL/Zy1t9c6FACoGjJXFZRLBFqWLMlOnqKkbHkvn1ICO9Phw4e3dLMKoHz8nAHVx88ZAACQSKBW1MrFkLKzLLFadrbugQMHahwJAAAAAAAAsDZ6oFZQc3Nzvvcps0/XZVmWPB7PqqQzAAAAAAAAUE9IoFbQnj171NTUZD/IlvFjTR6Ph8W2AAAAAAAAUNdIoFaQy+Uq7ulpWSQI12AYhto8nlqHAQAAAAAAAKyLBGqF7du3L5c0NVy8vYVy74th6NChQ9rb0lLjiAAAAAAAAID1keGrsEcefVQte/fK1dRkl/GziJSdOHWSpy4nqdzR0cHsXAAAAAAAANQ9EqgV1tLcrCNHjsgyzVqHUlcM2QtHWZal1tZWtbe31zokAAAAAAAAYEMkUKvA5/Np7969LCK1gmEYsixLXV1dzD4FAAAAAABAQyCBWgUuw9Dv/M7vqKW5mUShkzSV7BmoXq+3eKEtAAAAAAAAoI6RQK2Sffv2yfvII7u+B6qh/MzTffv26bd+67dqHRIAAAAAAABQNhKoVfT40aPau3dvrcOoKcv5I0mdnZ1qaWmpZTgAAAAAAADAppBArSK3263HH3+8aFvhivQ7nmFIliVZlg4fOaLDhw/XOiIAAAAAAABgU0igVpnH49He1taibdmy9h3PaV+wb/9+dX3lKzUOBgAAAAAAANg8EqhV1tLSosPt7ZLyvUAt7ZIEqqPjscco3QcAAAAAAEBDIoG6DY4dO6ZDhw7Jsiy5XC7JsmRZ1q5Ioh46dEiPPPJIrcMAAAAAAAAAtsRd6wB2A7fbrd/+7d/Wr//1X7W0uLgrEqdZhw4dspPGqEs34/FahwAAAAAAAHaJox0dtQ5hS0igbpO9e/eq6ytfUTQa1fLycq3D2RaGYcjr9dY6DKyjUX9xAQAAAAAAbBemBm6j9vZ2tToLSmX7oe5kra2tudcLAAAAAAAANCISqNvsK1/5iizLkmmatQ6lKgzDyLUo2H/gQI2jAQAAAAAAAB4OCdRt1traqgM7KbFY0M8119vV+fvI4cO1iAgAAAAAAACoGBKo28wwDLV5PLmvG13hK7CyfyxLLS0tOnjwYI2iAgAAAAAAACqDBGoNtDsJ1J3QAdWyrHzZvvO1LEsHDx6U280aZQAAAAAAAGhsJFBrYN++ffYXO2QRqdyrcJKnkvTYY4/VLB4AAAAAAACgUkig1kBTU5MOHzlS6zAqx0maNrlcsixL+/bvp3wfAAAAAAAAOwIJ1Bppb2+vdQgVZVmWTNOUJD326KM7or8rAAAAAAAAQAK1Rg4eOJD72uXK/zPk+ok2iMJYLWcm6uHDh2sVDgAAAAAAAFBRJFBrpLm52e4ZKifxaBiSYTTmwlIFSVSv12u/NgAAAAAAAGAHIIFaI01NTbmFlixJhmT3EnVmcTbSLNTCxbC8Xm8NAwEAAAAAAAAqiwRqDR12+qAaype/N5qVce/fv79GkQAAAAAAAACVRwK1hg4dOqS2tjb7QXbGqWHIsqyGTKg2t7TI7XbXOgwAAAAAAACgYkig1pDL5dKjjz5qJ0sbMGG60mOPPlq0IBYAAAAAAADQ6Mh21dihQ4e0b9++3GNDjdX/tDDWPXv21DASAAAAAAAAoPJIoNZYc3Nzvoy/ARXOmyWBCgAAAAAAgJ2GhpV1wOPx6GY8LmV7nzbQDFRl47UsyvcB5MzNzSmZTCqdTtc6FKBuud1ueTwetTuLSgKoL4xlwMbcbrc87e1q93hqHQoAVBUJ1Dqwb98+NblcypimZFkypNxiUg2hUeJECdN6Y3BIU6V2+fv02oUeeSv2VOM6MySdH+lXd6WuWZVYEpq8fFHvPX1Jr/RU7NXvKnNzc5qbm1NzS4ta9u6tdThA3TJNU3Nzc5JEErUi7N/f49HsY7/6L13Qmr/KqzYubTSO2GOvzo3opZoPiFgLYxlQHsuylEwmJYkkKoAdjQRqHXC73WptbdXCwoIsFZfFN5JG6t2KYkFu4lBByWRSzS0tzEoHNuByudTc0qJkMkkC9aHZScmZvku6esFJWiYm9frFQb3Xl01kkrhE+RjLgPIYhqHm5mYl5+ZIoALY0fgfQR1wuVxqamrKJyAtq3FmdRYkTRtmxiyAqkqn09xwAmVyuVyUB1fA9PiQpoLnimd8env0yrmgohNva7p2oaFBMZYB5TMMg7EMwI7HDNQ60eR25xKQ2URqoyUkFxcXax0CqsEpcezvm9H4hF0XGTw3oqcig7ri1P5nZ7BOjw/qivrUPzPhlFAG1yyNTExe1qvO9fLtAuyyx5lT+dlBicnLenX2lK72dzvh5J9XwXO57WtfswyJSb1+cUJRSfIHFSz7zQEA1N60PpiSgudKjDbdAQU1pA+mn1f8TadlzdCgPQvVOSQ+eVlXnLHD31dYdl/c5iZfreGMVZ1BTU1NrRqLSoc4rjND2UGTcQYAAKDRkECtE5ZpNlzCVFLRTNn7Dx7UMBA8jKmhwVV9UIvL+qf0ni7p6ojXTlI6N59X+52E5puT+saFHufQCc2cG9HVbEL1sm91InN6XK9OdOr8yAV1Ozeir4536Gp/t44/7dd4ZFovdXdLSuj6+1EFT9mBJCYv68pMn14bySdbX590bnaLrmk/d/aa60tocnRC6rukq851zgxJ/qcf8k0FAGyPRFwz8uuZI6V2HlGnX3ovLr104ZxmCkv4p6XC8c3+/T+qyeMX1ONNaPKy0xKgx+t80HZZkwU9VadmfHptZKSMD+qm9cbQVG5cTUxe1qsSSVQAAIAGQl1KnTBNs2jmaaMkUwv7nia+/FKZTKaG0WCrgudGdHWk+E9xf7igXnTuGL0dnZKCesrZf8TnL76Yv0/fcPZ1P98nf/R9XU8UHzIdmZKCAWdmqlc9p4LSVETTkrzHn5bf+VqJ63ovmn2ubDI1m4y1z4u+f10J55r+vudzs127n+/LX2c9iet6L+rXM8e92RPV71//FADATpEf33TEp9yvf2f8ye3z9ujFYFTvFQxo/qePl1flMB3RVMG46e05RfIUAACgwTADtQ6k02mZpilLjVm+bxiGLEmZTEZ37tzR4cOHax0SaqmzI39D6e1Q56oDEorPSP6nS04VkrzH9Yx/Qh9M96tbs4rmEq23NBMtNVs2qFvONaNTF3VmonCfX/GE1L3eHe6tWUXVqRfzQatjddAAgHrl7VCnopq5Ja3OaNpjR+cpr6Rb5V/z1qyimtKVwRX1GcFbktYYv9aQsAe9grPsWbEzm7oKAAAAaokEah24cfOm7t27J0myDMNuWN8gJf0rY7x586Y8Hg9N93ezmbgS6rbvYRNxzUgrkqh2gjI6W/JOV5I3V8b/lKYUDPQ72+0bzuCpNVZP7pT8T18qXkCkHEd88uv9gkSrnYyVb3OXwWYkFRkdVnjWfuTrPavTgZWrttrHxJ8LqbereE8sHNI7HflzkpFRDWcvVqD0dQHsPN16KihdybV/KeDM/jy/UTeXlY745FdQL5bs450occLavPagp/yoZyd1AQAA0DjIctXQ8vKyPv30U9347DNJkuFyyZBkZjINkTwtZBiGDMPQ3bt39fnnn9c6HNRSQcn+9NsTivqf1vEVOc3uQL5kX0po8s3Ckv5sGf+Qrkz51ZmbsmMnVqfenMzduk6PD+rMZftxd6B4peXE5GWdGRzfuITfe1zP+KMaf9s5MnFd73FjW1Wx8LDC6tXZUEih0IA6wsMKxwqPKE6wFp8b0likeJsncFqhUCj/ZyAgKaDnSJ4Cu0Z3/zkFp4b0+mRBcjMxqdeHitu7lM17XM/4p/TT3PWm9cbgYPH1yw4uoKAKrjUdWdV3HAAAAPWNGag1sLy8rBs3buj27dtaWlqSy+WSJXshqcKeoo2gqOWAYUiGoVgsJpfLpccee6zG0aFcpRaRkoI6X3LmzQaCnZq5OKgzuWv0rJ5n2t2v1/ou69XBQfuxv0+vFS725D2uZ/xSVMXJV2/PBZ2fHdSrg9k6/YLrr7ym/Oq/VE78XvU4C4ucmbKvGQxSWlk9MX0Y8an3bEB2erNLvaFQfncyotHhsGYDAQVmI0XnhUNjivgCCvgiiq9z/fBYRIGBkLrWPAbAztOtl0YuafJyYSsXv/ovjShfmODMVB0a1EzfJb3Ssd71smNDwfWC5+wFpTY5A1Xq1kuX+vT6Reda/qCC9NoGAABoKIZV4amO0WhUfr9fi6zIvkomk9Gt27f12eysFhcX88lHSU0uV64Pqhpo9qnhcknOoleFyV/LsvTYY4/p6NGjam1trWGE9cM0Te3bvz/3M1IJ0WhURzvWvQPcVtPjg7qic2WsfF/etX7q20JJPmruo48+0v4DB0rvjIUVGpMGQr2lE5zJmGLqUpfHTphqIFvCH1Ms1qWuLnt26rWTpcvzk5FRDV87qbOnswlaoP4tzM/rySefrHUYAAqsO5YBWIWxDMB2uBmPVyyfUujGjRsbHsMM1G2STCb17zMzWpifl+QsvOQkSgu/bqTkqWTPmpUkl8sl07KUTaEaLpc+//xzJZNJPf7443rssccabnYtamlaH0z59cwlkqc7kq9Diowq5NToF/Uq9XStMXO0S10bTimN6d3wrAIDp0meAgAAAAAqhh6o2+Dzzz/XJ598ooWFhdy2wjSpJXt2YqP1PS1kWVZuJmr2a5fLpaWlJUWjUX388cdKpVK1DhONYHpcZwaHNNN3Wkw+3aFmw3pH37L7lZ7tlVb1QN2i2IeKKKAT1O4DAAAAACqIGahVFo/HFY3aK9K4mppkZjL2jsJkaQMnTrNWJn8ty5IlZ2aqaSqRSCiVSumJJ55Qc3NzbYJE1XX3j+jqw19EV0f6KxEO6lbBAk+egJ4LhDX2YUy9G08xXVcyEZcCz9H7FAAAAABQUcxArRLLsvTvMzO55KlhGLly993CkGQ6M1ENw9CdO3cUi8WUySaRAew+ng75Smz2dTxs0X1SH1+brcB1AAAAAAAoRgK1CkzT1L998ok+m52VYRhyuVyypKKep7tBtpTfNE0ZhiHD5dKtW7f0ySefNHS7AgAPwfOETvoieieStB8nI3on4tPJJx4+gRqfrcR1AAAAAAAoRgl/haXTaf3mo490J5m0Z51KRTNPixaM2uGyiWLDMGSapmQYMgxDiURC7j175H/Icl0AjcijwOmz0uiwQmF7S2AgpMBD508TikvqeNjwAAAAAABYgQRqBc3Pz+vfPvlE9xcW7Fmn2VXpnaRpNqG62xhO4tTKb1D85k25m5rU2dlZy9AA1IRHgdMhBdY9pku9oVD553oCOh1a/4oAAAAAAGwFCdQKSKfTisfj+uKLL7S8vCzJ7v1pSLnEaU7B450+EzX7+jKmKUN2T1Q5f1uGodnZWbndbh09erRWIQIAAAAAAADrIoH6EEzT1O3bt/X555/r7t27xTudVejtL63Vf++SPqiSit4LSbnXbrhcunnzpgzDUEcHhbcAAAAAAACoPyRQtyCTyWhubq504rRcO3z26bqys3AtS6lUSjdu3JAkkqgAAAAAAACoOyRQN2FxcVGJREJfJhJafPBALpdrVy0KVUmFs3GXl5cVjcW0tLSkzs5OuVyuGkcHAAAAAAAA2EigbiCVSimZTOqLL77IzTbNLYrkJAFJom6BMwM11x/WsnTz5k3dv39fX/nKV9Ta2lrcOxZAw3C73TJNkw9DgDKYpim3m/+OAfWGsQwon2VZjGUAdjx+y61gmqaWlpZ0b35eiS+/1J07d3L7sonSwmQpSb6tMSRZKlhky3kf79y5o3/5l39RW1ubjh49qgMHDmjPnj01jRXA5rS1tSmZTKq5pYUbT2AdpmlqeWlJbW1ttQ4FwAqMZUB5LMvS0tKSPIxlAHY4EqiyZ5nev39f8/PzSiaTRX1NVyZIDcPIL4i0IpmK8mUTp9l3L/suZ9/vO3fv5pLXR48e1eHDh9Xa2koyFWgAhw8flmR/IJJOp2scDVC/3G63PB5P7mcGQP1gLAPKkxvL2ttrHQoAVNWuTKBmMhndv39fCwsLWlhY0JdffrlqVqkl5ROkhpGbMVmkoPwcW5NNnGYTqqZp5vc57+/Nmzd18+ZNGYaho0ePqq2tTYcOHWI2AFDHDh8+TFIIANDQGMsAAEDWjk+gWpalTCajBw8e6N78vBYfPNCDBw+KZpmWOmfFhtXJUzy03PvsJEpXvu9F+51k9o0bN3Tjxg15PB61tbWpra1N+/bto5UCAAAAAAAAqmLHJVCzq7rfu3dPi4uLdln+nTuyCmY2os5sNIN35X7DUDKZVDKZlGEYOnLkiPYfOCDvkSNqbm6uXpwAAAAAAADYdRo+gZptWp1MJnX79m0tLi5qaWmp+CDDyM1QpGfpDuC0VcjOSk0kEkokEvr3Tz9Va2urfD6fDh8+zKxUAAAAAAAAPLSGS6BmMhktLi7qwYMHun37tubn57W0tGT3LXWSoy6Xq3Q5eHa1d5KojaswKer0ps1ttywtLi7qN7/5jVpaWnTkyBE9+uijamH1VAAAAAAAAGxRXSdQLctSOp3W4uKi7t27p/n5ed2emysux3dml1qSDJdLsiyZplm0EFTu0Ox1t/E1oEqcf1er8LGTRDdcLqVSqVy/1IMHD+qRRx7RwYMH1draysxUAAAAAAAAlK3uEqiWZen+/fu6e/eu7t27p1u3bhUfUFiOb59g/+3MRrQKrpNLrmaTbcw8bXwl+qHmEuPZJKpp5r4nZFm6d++e7t27J0k6cuSI2tvb1dbWRr9UAAAAAAAAbKhuEqhLS0tKJBK6d++e5ubmincWlmo7rIJ9KkiQFqbXVp5jOCX8LCjV+HKJ8cIEesFs5Oy+lb1vb926pVu3bqm1tVXt7e06dOiQ2traKPEHAAAAAABASXWRQL1z545in36q+wsL+Y2FvUpXJEZLKnFMyT6o2BFW/Vs6//4r2zbket9mOd9XDx480IMHD3Tjxg21tbVp79698nq9OnTo0HaEDwAAAAAAgAZR8wSqZVn67LPPdH9hobhvacFK6xV+wspeD/Wl1L9v4bYS++/cuaO7d+/qiy+/1L59+/RbnZ3yeDxVDBIAAAAAAACNouZ1y7dv39adO3fyswQ3SHYBleZyufIzU+/f1yeffKLf/OY3evDgQa1DAwAAAAAAQI3VfAbqzZs3Zbhcdgl2NmFajZmnwBpM05RhGHK5XMpkMlpeXlYymdStW7f0+OOP69FHH1Vra2utwwQAAAAAAEAN1HQG6oMHD7SwsGCvml5i5qlhrFwGCqgOS1Imk7G/tixlMhkZLpdu3LihX//614rH4/TQBQAAAAAA2IVqmkC9detWUVIqu4p6FgkrbAfDmfFc9P1nGLJMUy6XS8vLy4pGo/r444+VTqdrGywAAAAAAAC2Vc0SqJZl6e7du0VJ0twq6nL6UgLbIJs4zX7/GYYhw/nbdFpLGIahRCKhX//617p//36NIwYAAAAAAMB2qVkP1GQyaS8eVaggmWqa5jZHhN1q5ffaqnnPBbOi5+fnFYvF5Pf76YsKrGNubk7JZJJZ28A63G63PB6P2tvbax0KgBIYy9Co3G63PO3tavd41j3ul//tl0XLj/zH//4/5vZN/+u0Uqnlkvt++d9+WXSdwn0AsFPVLIF6nxXO0QAKW0q4XC6Zpqk7d+5odnZWX/3qV9XU1FTD6CphWm8MDmlq5WZ/n1670CPvmqeN68yQdH6kX92VimR8UFd0Tlf7y7/ieuds5XrbLjGp1y9OSH2X9EpP4bs9rTcG31TnpQvqWfMfYdNPpsnLF/Xe0yufq/Lm5uY0Nzen5pYWtezdW9XnAhqZaZqam5uTJJKoD8Uey3RuRC+t+pW/fb/7HkZi8rJenYiW3Bcs+brKVKHxenp8UFdW/2dB/RUdp+oLYxkamWVZSiaTkrRuEtWyTJ38vd+XIen/++d/Ltpnmqa+dvy4mpubV+2zLFO/9/u/L5U4DwB2qpokUE3T1L27d+0HhR95AXVmVR9e5/s1kUhoz5496urqqk1gFVZ8c2bfbL56WesnUavA7zuyjc9WP6ITb2u6p3LJ6FpLJpNqbmmhFQuwAZfLpeaWFiWTSRKo2PjDy1oLFn8omZi8rFcvXpbKSaImJvX6xff1TAMlXBnL0MgMw1Bzc7OSc3MlE6j/5cN/kCR5M7+r1PKyJCmTMXPbJak99TWlUikZhrFqnzfzu1oucd4fnvjzqr0mAKi1mvyPYHl5WXPOJ2LGBscCtZadhWpZVtFiUzdv3tS9e/dqHF01eNVz4ZyC0Qn9fHqNQ7r7dbWCs08l6YjPr86Oyt1VdfeP1Pfs0xy//P4pXRlf681uPOl0mhtOoEwul4vy4KryqufCSF3PPq2qKozXWd6eCzofjGr87Z0zfhViLEOjMwxjzfHFTFvyHTtW1MrMNE09/nhH7o+R2aM9e/bIsqxV+1ae5zt2TGaaSVEAdraazEBdXFzMzTpdNcMPqCdOslRSbjGpQl9++aUOHjxYi8iq7Ig6/dJ78YTU7dX0+KB+qqA0NaWov0+vnZrVq0PS+Us+/XTFjJLi0vniFgH5ma72LNeZzqCmpqacWS0X9FL26afHdWYoe9bWSgRXlvAXlUcWzfJZI0ZntkxnUJqaimZ35pOy68XolOZHy4z/mVN90tCQ3giUKNNcNWunsFQ1W5rap86JCfs1+Pv02mnp77LPv2pG03W9MVhwbMG+ohLNgte66t+/nmdIAUCRlSX8a41L64wTThl8MDilqans7nxLgKLfnSt+R6499myO/RzBfCn+9LjODM2o/9IFdbw9qCvqU//MhMajkrTyOKeEf3pcZ96UgprSVNSv5/7HqP7tiYLWBtPjOvOmb1MxHvH5pffjSqhb3pXvRW78m9YbzpgULZixWqn3BsDmpdOW0lZKppnRP0ciue1LS6nc16aW19yXyaSL9qWtlNIkUAHscDVJoN7dkbP2sCNZlszCJL9hyJD9SathGPr8iy/0+OOPa++O643lVUenFJ29JTm3M9Ep6fzISO6GzD7suJ7xT+i96wn1ODemH0xJwXPdsm9ahzTTd0lX7TslvX7xsiYLkolTMz69NjKy4oZpWm8Mzaj/0oh93PS4zoxO6vjD3FhNj+vViU6dH7mgbtk3eK+Od+hq/5G1Y7RftaZ0TldHup192STnejHaN4qd50b0Srez7+K4OtabAXSkR3/Z975efXNS39jC64xOzOrFkRG95CQGXh3ts99XJ5H78+meXIIgOvG+nrk0oqtep1XDeIeu9ncrMXlZV2b69NpIj7xOwuH1yfyNddG/PwA0pHXGpVtrjRPZ33pTmvFd0tURr5OUHNXkcfu8/O9O+7y/mzxu/+5cc+xZ4zdpdEKvDk4Ub3MSi939IzqvQV0ZDwbe+IsAACAASURBVOhqv/TG0JSC5+wxaFqSpiY0c25EV7udJOblNRKh0SnJOc5OmF5XoseJPTIl/9OXNjUGee3/LOiWJO/06vfiytvT6unv1kuX+jRT+GHgZt8bABWVSZmSZanlt+Mr9uQni7j9X66974nPi3dZhn1NANjBtj2BapqmPv/8840PBOqIYRiyLEuWadp9ULMzUS1LDx482IEJ1BKCgRLJM6+OP+3X+PvODVgirhl/n/6yW1Liut6LBvXiBedWzNujF4MT+un1hHrs7KT8Tx9f40bNLgns6e+2yw8vPFzo0xF7lms2/u7+EV2VpMTk2jEelyS/+p93zvJ2qLOcGKcjmvL36bXckz2vfv9FfTDdr+517gu9PafV//5F58Z7c6/P3/e889rsmcO593VVzJKCp5wEtlc9p4IaH4pouv+I4u9HFTx1wfn3cPY5N9b2eaX+/QGggSSu672oX8+czv/Of2XE/h03/faU/H2X8uPE833yX4xour/b2RbUi9lP/4745NdM/rrR/AdV3f0jesXZPB3Z6JorbDALs7v/nIKDQzozJbtKoLv43G90Fz7P+7qe6NHq4SSop3IBBRSMvmkf553WB1N+PXPpIeaAFo3XCcVnpNWDkG3T7w2AisqkLH18/UatwwCAhrLtCdRUKqV0Kj/9n0Wk0AgKW01kv85uSe3I3nX2jY//6Y0XdfL2nFJwwr4BO379fenp0/bN361ZRTWlK4Mrlu0N3pK03nW79dLIOSl7kyitWrhic9Z5LevFeHy9a64dYyI+I0WnVs0i8jvtENaWTWiOavL4qTJe19YULdR1xCe/ZiXd0kxUmhoaVPE7EdStqkUCANvs1qyi6tSLq34V2+NEdOqizhT96vYrntD6Cb3ufl09J50p+P0ZdFqsrHvNLeUpu/WNPr+mJjp1fuWY2NmRT7yW+vBsjes9FYw6HxrGNeN/Wt/YZFwJe4C1R/UV7Wv8/jXPqsJ7A2AznvA8o0cfe1SZTKYi12tqatIXn39RkWsBQL3a9gRqdrW+bOLUUD4RBTSipcXFWodQeYnrei8qdZ4q5y4mewM2Lb2v/MyeIz75FdSLJUvXExte86WREbsnalHp/CZfh6RS7Qhy1osxsbKkqcwYOzol/9Nb6+XW3a/zwUFdeTui4GbP3Ypbs86Nrj1zNXiq9HtcteVBkhGNDsf1XKhXXUXbwprNPg4MKNSb3ZtUZHRY4dlS+4ourMjosK6dPKvTAWfl2VhYobFIwTE+9Z49rcDqhWkB7FRHfPLr/RJJOnuc8D99qfRiUxt9kuQs1CQ5fT2HxvXUSP/619yKxKT+bkLOwoOB4g8WZ/J9SJWIa53Jn8WhB4KKvnld0yr4ALT8gHT9/ajUecou2X97QtEV/bOvlDxvg/cbdSkZGdXwtZM6ezqgVUNnLKzQmDRQOJ6jzlnyeOx/ScuyZFmWXC6XLEmW06pMTgWeJLmy1XiWJcNZXM1y7uWza0R8QZUpgB1u25eWvH//vqR8BxUWkUKjyv5nYWFhocaRVFpCk6MTihaUA26kOxBUdGJI452n8osleY/rGf+UfjqZTZZO643BQb0+uUHyNDGp1wcvK3eYt0Od8qtz48mw68anqUguEZiYvKwzlyeVqEaM3QEFoxP6+XThsYN6o8wsZHf/OQWnpvIzQb0d6lRU7113nmw6smKW6OZEJ9523oeEJt+cckrz7VYMU29O5lLb0+OD9nv0EM+1rpWJUklSTOHhsDoGQgqFQgqFBhSIjGk0krT3hocV7hgoua/40j/JJ1mz2xJxO+Eayl6b5Cmw63iP6xl/we9T53f+G9PZcezt4nFicHzDD5By40n2KTo6Jb9P9nCwtWuu8UyaHJ2Q+k7rlQvnFJwaKh5Xou8rN0y8PaGo/2kdL+szUHvMujIRVWfHJtOnk6Majxa0upGcRK6kxKR+us5gVdn3BsBmWZa0b98+7du3T80tLdqzZ49a9+3T3r17tWfPHrXs3Wvva25W85492rdvn1qcfa2trWptbdWePXvU3NKSuw639QB2um2fgTo3NyeJWafYOebm5uxPYA1j44Pr1KrS7c2WzHcHFNSUFCg8x6ueC+c0M1hQohc8Zy/csV5aztujV87N6szFQTlLVcnfd0kvrXVfN1VQRm8fba9KXBRfv17ru6xXBwezgei8s8jFmjGulzlcN0Z7sYzXLw7qTOG+st/ObIlm8eNXJ5wYg33q96uw+96m+Pt8+mDQmRXk79Nrzr+zt+eCzs8OFrQeyL9HlS7jT0ZGNRyeVSAQ0GzhpFB1qTcUKnp8IiBF4klJHnX1hhRaY19eTO+GJZ9vxXPGZ+XrIGMK7GSrxjJ/n167UNiPZfW45O+7ZC/4p5XjhF/9l9ZZ/C97xVW/O+3z7OFgk9cstYiUJH/f/65n3v8/NK4+vdbjleTVS+eCOjN0WZ3Z8S7YqZncuJP//b2xbj0VlKamCnqjrmXVeBvU+YIKDruPqfMa/H063+fXlfedmbHOopPjFwc1c25EL232vQFQYVbufjyTySiVSqm5uVmmaSqVSslwudTkcimdTsuyLO1pblYmk9FyKiX3nj2SZSmdSqmpqUlutzt3TQDYyQyrwlNAo9Go/H6/Fh88WLUvk8non/7pn3IL8tD/FA3LMIpmUf/e7/2eWlpa1j3FNE3t278/9zNSCdFoVEc7OjY+ENhGH330kfYfOLDm/mQsJnV1yVNGyV8sHNKYSpXqxxS2T1bhrlg4pA9PnFXHO4Ul/HZJf/y54mOBerEwP68nn3yy1mGgQdml8lvvFZ6YvKxXZ089RK/xnWm9sSwWDumdjhVtYt7p0NlvST8pak2TH39OfLj5c1aPWdkWNb3qCIcVkSRfr3MNp6rD1+uU2W/m2FIK2+b4FAhIkXi+hD8WDinbGScQCCgSoYS/Hq01vvzLtWs6+bu/K0laXFpSOp1Wa2urzExGS8vLat7TrCZ3k5aXlmRZlva2tiqVSimVStmL51qWlpaX1dTUlLsH+pf/+l/1P5w8ua2vD8DuczMer1g+pdCNGxsvrLetJfy5/qeOxp2vh13P6QGUlUyuLiMGUJqnq2uNm7UVkhG9E5ECJ4pvx2LhkEKhMUV8vXq2a8Xx8RXb7B2Kz0qRsVCuhL9U6T8A7D52H9NggOTpZnSdCGj22sfKjiSxDyPynXxCHs8TOumL6MOYsyP5sa7NBnSia2vnrGU2HNeJbDub2bCGfyJ9KxRS6GyvfLNhvRvb2rGFkpGfKKxenQ2FFAo9J0UKeuPEwhqLBDQQCikUOquOeKT0RVC3LMue3GGaptKplDLpjJaXlpRKpWRmMkqllrXsJFYzGXtf9rjU8rKWl1PKpNNKp9MyMxlZpklrPgA73rYmUB84s1Kzs08tyZ6FCjSobOl+IlG1TpHALmX3Q50NDKyagdPVaydBBzrCGh6NODejSUV+ck0nv1ViJk0yobikQLa36tleKTys8Bo3jQCwKyQm9frgRY13ntviIo27WNcJBWav6eOkJMX0YcSnk094JHn0xEmfIk42NPnxNc0GTtizMrdyzhp8vc86+z3q8MlOxEqSx6uVdUmbOTYvqY+vzeaPVZee7c33xol9GJFyMXoUeC6w0TuGOmNZVi6BalqWLMss2m4vGLXysX2cZVmy5DzOXoMEKoBdYFt7oH5euDKf8wvWyCZSgQaS7XeaTaDevXtX8/PzOrBO2TKActnl+ZFAqdL9vK5ne+UbvqaPkwEFku8q3PGcQqWmtnoCOh0KFD1+LhDW2Icx9XZRbAigsXX3j+jqVk709uiVkZ5Kh7NLdOlEYFbvfJxU4ImE4r6TetYZfzxPnJQv/KFivV1SfLagimLz52R7htsCGgg9W5VXs/p5Tig+K3U8lx9UPd5sujWpRFzynSwYcD0d8ileldhQLflqOpfhkmWYampqkmTf57hcLrndTcpk0pIkt9udmwTV1NQky7KUMYyieyIA2Om2LYFqWZbS6fTq7dsVAFBBuf8kGIZM08zNQiWBCjwsO3ka7z2rUGCDQv9kXLPq0HMeKfZuRIpEFCqsIpwdVii+dhKWRaUAAFvVdSKg2Xc+VkzXpJPfylc/eJ7QSV9YH8ZOSJGATvRu/RxP4LRCRZM7k+uucblVJZ/HJ11LJKUuO8pkIi6pQ5JH3g5ptnARx2Rcs0Ijyc4slaR0OqVMxtTy8rJM01Qmk5Fkl/in02lZkpaWlpTJZOxSf6ctXzqddhKtbud47uwB7GzbVsK/vLys+YUF+0Fh2T6fVqFBGQULSUnS3NycUqlUzeIBGl9SkVF75unpEsnTWDikUK7uPqnIO/kSwmxZf8jpx9brk3y9Z+3kaSysUCisWP5CGsuVTgIAsAVdJxSYDWssPKsOb+F44pTkj40p4usobiuzlXNqwo5nNvyuM3baJf1ZXScCUuQdZduJxz6kB2qjKeyBmslkZJoZpTMZO0maMZUxTfuxacrMbbePyxQclz/frPVLAoCq27YZqPPz8/lkaWH5PglUNKLCchXn+3hxcVG3bt1SR8faHaUArCP5sa7NSpodK55J6qwS3NV7Vr2jwwqFCravU+Kf09Wr0EBYodyJdj/UjSa4AgCwti6dCEiRyOoFnzxPnJRPs1Kuh+jDnFMbnsBpDcRDGnMG5EAgoFyVflevzvaOang4pLAkXyAg35pXQj0qnIHqcrlkWpaaXC6ZkgwjI5dhqMnlUsa558mV7WcycrmaJFkyjOK2ZtzXA9jpDKvCv+mi0aj8fr8WnQWjcttjMcVv3nSe1ZCc3pH8okUjWtnvJ/u9fOTIET355JO5/YVM09S+/ftzPyOVEI1GdZSELerMRx99pP20swDKtjA/ryeffLLWYQAoUM5YloyMajj+XIlWMTGFQ++o4+zpVR/WbeUcYKvWGl8iH0T0H/7DfyfJKc83TbW0tMg0TaVSKbndbjU1NSm1vCxLUktzs9LptNKZjJqbmyVLWk4tq6mpyX4s6V9//a8KPMWCYgCq62Y8XrF8SqEbN25seMy2lPBblqX5e/dySSVDzD5FY7NXn3TYH79Kkm7fvm3PtgYAAMAOZpe1B1ZOJZWk2IeK+E5qdaeYrZwDVJ5lmTItS6Zl5Ur3U6mU0qmUzExG6XRaqVQqV66fSqVyx6VTKaXSqVxpv5nJyHLaAQDATrYtJfymaWp+fl4ulytX8kwZPxpe9ntYdkLVcLlkmabu3LmjgwcP1jY2AAAAVEcyotHhsGYDAwqtyIXGwiGNRXzqPdtbXIq/lXOAKrEsySpMeFqWfU9TcG9uyFnwueD+PXsvb1iWfQ1nG3fzAHaDbUmg3r17V5Jyn0oV/rImeYpGl/0ezv49Nzenjo6O3IqUAAAA2EE8AZ0OlS5V7uoNKdRboXOAKjKdexeX4ZJlWHZvU9OU4XLJ5XLJ5WqSy8jIMgx7IpTLJZdpyuVySZbkcmXsyVASC0MD2BW2JcMzNze3HU8D1IX5+Xml0mkSqAAAAADqjmVZat6zR5K0x+2WZVl2klRSs7nHbr1nGHLvse9nXIYhyznOcNldAPc078m15steEwB2sqpneCzL0sLCQrWfBqgrD+7fV+vevbUOA6gJt9stMztDAcC6TNPkAzegDjGWodFZlrXu+PLLX364jdEAQOOr+v/YFxcXtXD/frWfBqgr9+/f1+HDh2sdBlATbW1tSiaTam5p4cYTWIdpmlpeWlJbW1utQwGwAmMZGpllWVpaWpJnjfHlD/6nP9jmiACg8VU9gXr37t3iBtXALrBw/75d4uKUtAC7SfbDgzt37iidTtc4GqB+ud1ueTwePnAD6hBjGRpZbnxpb691KACwY1Q9gUr5Pnaj27dvK5PJUJaJXevw4cMkhQAADY2xDAAAZFW1HsU0TS0uLlbzKYD65JTNAAAAAAAAoLFVNYGaTqd19+7daj4FULeWl5drHQIAAAAAAAAeUlUTqEtLS7Isq5pPAdQtZqACAAAAAAA0vqomUO/fvy9JLKSD3cX5fqf/LwAAAAAAQOOragI12/+UWajYVZzv9y+//JLvfQAAAAAAgAZXtQSqySI62OUsy1Imk6l1GAAAAAAAAHgIVUugplIp3b59u1qXB+patm1FKpWqcSQAAAAAAAB4GFVLoC4XLCBFD1TsVul0utYhAAAAAAAA4CFULYGaK98neYpdbH5+vtYhAAAAAAAA4CFULYGaSxxZllhGB7uKYeS+5+/eu1fTUAAAAAAAAPBwqpZAjcfj+QesRI5daoEZqAAAAAAAAA2taglUy7LofYrdybJyHxosFfQCBgAAAAAAQOOpWgIV2NUMI/cBAgtJAQAAAAAANK6qJ1CZhYpdqWDW6eLiYg0DAQAAAAAAwMNwV/PiFC4DdgL14MGDtQ4D2FZzc3NKJpPMwAbW4Xa75fF41N7eXutQAJTAWAZszO12y9PernaPp9ahAEBVVTWBakj0f8Tu48y6zn7n1/8M1IQmL1/UeDS/JXhuRC91Fx4zrTcGhzSVe+xX/6UL6vE6e8cHdWUqqPMj/So8LTF5Wa/OntLV/qKLbfmcLZse15khrXouVMfc3Jzm5ubU3NKilr17ax0OULdM09Tc3JwkkUR9aBuNZfY4Jmcb4xY2wlgGlMeyLCWTSUkiiQpgR6tqCb9lWblkErBrZBeRcj48SKVSNQ5oPc4NZ+c5XR0Zcf6ck4YG9cZ09hj7pnOm71L+mEtP672LlzWZKLzWlH5avKEMWzkH9S6ZTKq5pUUuF222gfW4XC41t7TkbjyxVeWMZaUwbmFtjGVAeQzDUHNzs5LOB4IAsFPxPwKgCoyCRaSWlpZqHM16bmkmKgUDhfNbuvWNPr+mIs5dZyKuGfn1zHFv/hBvj14MRvXe9YKbSL9fmhjVpu4rt3IO6l46neaGEyiTy+WiPPihlTGWlcK4hXUwlgHlMwyDsQzAjle1/xWweBRgu3PnjkzTrHUYaziiTr9W3WB6ey7kSxG9HerUimSppO7+Eb3SU5BU7TylF4NRjY9Oquz7yo3OmR7XmcFx5aJLTOr1QWfma/bryXGdGRzUmcFBvT6ZUGLyctHjQvGCfcWzkqb1hrO9eF9Ck5cH9ca48xzj605lAgDURBljWSmMWwAAACgTH6sCVWZZVh1/IutVz+k++aeG1rx5k7r10rmgohMX17iJKziy/5yC0Qn9fBP3a1s5Jy+q8dmAXa7pxPh3Oq2rIyN6rc+v6MTb+ZtYTWl89lTu2KmhbAuChCYvF7QouNSnmaHi9gRTMz69NjJS2f52AIAKKWcsK41xCwAAAOWoWgLVsiy7jLlaTwDUseziadmZ2PWbQJXk7dErTs84++bt4uokaXd/rq/c+aA0NTSoM4Mre6BK2WTr1FDB7JsNbeWcLL/6n3duDo/45C9oNeDt6Fz72O7n1e93ZtUmruu9aFAvZmfTlmhP4H/6uLwCANStcsaykhi3AAAAsDF3NS9uSSRQsXsZRtFCUnsbYAVXb88FXe1xVhQeGtdTJVb/7e4f0dV+ZzXi0Ukdv9Cz4oDn1e+/qCvjAb3mK/OJt3LOpnWqI3c36VXuPvXWrKKa0pXBqeLDg7ckHalWMACAKilnLCvCuAUAAIANVDWBKsuSRS9U7EaGIcs0czNQFxcXdfDgwRoHVcL0uM686dNrF3qKZqoUzoJJTF7Wq7OnVpUBHvH5pZlSF7VLKd+7+KZ+Hiw3kK2c8zASis9I8smZARTUiyVvsFklpKqSEY0Ox/VcqFddRdvCms0+Dgwo1Jvdm1RkdFjh2VL7ii6syOiwrp08q9MBj70pFlZoLFJwjE+9Z08ruxtAAytjLFsf4xYAAADWV/ESfhaPAhyGkSvlX1xcLNhcRz8j3QEFoxN6tWiRiYQm35ySggF1S/Ief1r+qaEV/eSm9fOJ6Nolgt4e/WWfNDUVLT+WUucc8cmvKX3ghJe4/r42ccUVpvTT7GuYflvjUads0ntcz/gL9jkLc5TbPw9btDJRKkmKKTwcVsdASKFQSKHQgAKRMY1Gkvbe8LDCHQMl9xVf+if5JGt2WyJuJ1xD2WuTPAV2jDLGsg0xbgEAAGAdFZ+Bum/fvtUbC0qZgd0okUjI6/Vq3/79pX9GaqZbL41cUuflizozmN/q77ukqwW91V4Z6dAbgxd1ZiJ/TPDciF5Z567U23NKwYkhTa19yMbneHv0YnBCV4YGNSXJ39enoN7fxBULBfWMRnVmMJqL336JXvVcOKeZwtcXPOe8fm5GqyEZGdVweFaBQECzhZNC1aXeUKjo8YmAFIknJXnU1RtSaI19eTG9G5Z8K0pqk/FZ+TrImAI7UxljWRkYtwAAALAWw7Iqm9nMZDK6ffu2Hjx4oEwmU8lLAw2tqalJra2tamtrU3Nzc0WuGY1GdbSjoyLXAirlo48+0v4DB9bcn4zFpK4ueWJhhcakgcIS/hVi4ZDGVKpUP6awfbIKd8XCIX144qw63iks4bdL+uPPFR8L1IuF+Xk9+eSTtQ4DQIGNxjIAxRjLAGyHm/G4/H5/xa9748aNDY+p+AzUpqYmPfLII5W+LABgh/B0lZnFTEb0TkQKDBQfHwuHNBaR5OvV2a4Vx8d79a1e6ePiCyk+K0XGQspOePX1FvRHBQAAAABgHdVdRAoAgC2x+6HOBgZ0ekW+tas3pFCvnUgdHpXOng7Io6QiP7mmk986LY9W9EVNJhSXFMjOVk1GNDo8rLCXGakAAAAAgI1VfBEpAAAejl2eHwmUKt3P63q2V77Za/o4KSn2rsIdz5VeGMoT0OlQQbLUE9BzASnyYawawQMAAAAAdhhmoAIA6oidPI33nlVooxL7ZFyz6tBzHin2bkSKRBQqXJRqdlih+NpJWBaVAgAAAACUgwQqAKBOJBUZdWaelkieFi8olVTEbpBqL0DllPXnr1OwiNTKxapiYY1FfOo9SwIVAAAAALAxEqgAgPqQ/FjXZiXNjhXPJPX16uzpgLp6z6p3dFihUMH2cpqYdvUqNBBWKHei3Q+VNaQAAAAAAOUwLMuyah0EgK2JRqM62tFR6zCAIh999JH2HzhQ6zCAhrEwP68nn3yy1mEAKMBYBmwOYxmA7XAzHpff76/4dW/cuLHhMSwiBQAAAAAAAABrIIEKAAAAAAAAAGsggQoAAAAAAAAAayCBCgAAAAAAAABrIIEKAKgot9st0zRrHQbQEEzTlNvtrnUYAFZgLAPKZ1kWYxmAHY8EKgCgotra2rS8tMSNJ7AB0zS1vLSkQ4cO1ToUACswlgHlsSxLS0tLamtrq3UoAFBVfEwEAKiow4cPS5Lu3LmjdDpd42iA+uV2u+XxeHI/MwDqB2MZUJ7cWNbeXutQAKCqSKACACru8OHDJIUAAA2NsQwAAGRRwg8AAAAAAAAAayCBCgAAAAAAAABrIIEKAAAAAAAAAGsggQoAAAAAAAAAa6j4IlLmfEJLU/+XMp/+v7Luz1X68tihLKvEtlXHWBvsL+9cq2j7xvGUc27x9tLHu/YfVov/D9T+n/43NR30ln5iAAAAAAAA1JWKJ1CXfvF/Kj39TqUvCzQ8c+G27v/yLSmTlvd/ea3W4QAAAAAAAKAMFS/hT0ffr/QlgR3lwb+9V+sQAAAAAAAAUKbK90BdXqj4JYGdxFriZwQAAAAAAKBRsIgUAAAAAAAAAKyBBCoAAAAAAAAArIEEKgAAAAAAAACswb2dT3Yn1aT/5989un63VXdTTdv51MC2OODOqPvAff3PR2/poDtT63AAAAAAAADwkLY1gfp/f9quD27v386nBLbVfLpJ/5w8qIxl6H/9rc9rHQ4AAAAAAAAe0raW8F9P7t3OpwNqZvpea61DAAAAAAAAQAVsawL1vknZPnaHB3yvAwAAAAAA7AgsIgUAAAAAAAAAa9jWHqgA6svNeLzWIQAAAAAAgF3iaEdHrUPYEhKowC7WqL+4AAAAAAAAtgsl/AAAAAAAAACwhjqagfqy/vZHPTq2cvPCrzT259/Tz2oR0ib91dAP9XVN6o/PfX/Fnu19bfk4Yvrrf/hTdcX+UX/2vbcq/CwAAAAAAADAzld3M1A/+8Wf6I+/nf3zj7qur2lg6OVah1URJV/bP3xX3yzj3G9+9+/14zKPBQAAAAAAAFAZdZdALfaW/uaDz6RjT+ivah1Kxb2lv/nzSX22/2v6wwrnh//zuT8pMQsWAAAAAAAAwGbVUQl/mV74rn4w8DXtlyQt6PrYX+hv3spub1Pys2M6dsye7fkdXdGPv54tnC84dsPrfEXJz6Rjx+y9+qywLP8F/fU//KmO788G9Jl+8e3z+s9bejExJRd61PXIC5LswP5q6IfKhZx93pevaOD4fsmZsao//55+tk4chSX8RV5e5/0AAAAAAAAAsEqdz0B9QX/91DHps4+dBOXL+tuBrymZLYX/RVLHB64UzE49Jk/yH/XH3/4Tfef7L+tvv+7R9bGCY/8oWwJffJ2x61pxnf06poh93tivtHCsR3/rzBL95ne/pePJyXwZ/sIxPfXdF7b4+t7Sl0lpv6fLufbf6+ueX2kse21Pj37w3Rek75/X2PWFop6pm49jvfcDAAAAAAAAQCl1NwP12Nd/qB9/vWDDwq80lp39+fITOrbwK41lJ4N+/x1df+pP9eTLkmKStKDYB4VTKvfr+B++LL31fen75/XH2fNefkLH9Jl+4Tz+2fci+sMf9RRd5/p/cXa+9aWSA/kr/ux7f1Gw6FOXPPtVIS/oqa79+uyD7KJSb+lvPnhOP37qKX1Tq6eJbi2ONd4PAAAAAAAAACXVXQL1s1/8ib6zRmLvm494pP3HNPCjH6ogp6mFR15wEp+Fvq/vfFv62x/16Mc/6nEubpfEf/MRj7Tw6epTyrGiDH5hYSsXyXpBj3ikhVhM2SToqgSypC6VeHmbjmPt9wMAAAAAAABAaXWXQF3Pz75MamDh01wZe5EXnipxxvf1nW87CcIXqhY9TAAAIABJREFUvqsfDPTob1/+vr7zZVIDx9vUtekI7JYCC9f/UX/2vbeU7Ye6+evkY+7aLyW/tK+VXOiRPiidQC4utd9qHGu8H+RQAQAAAAAAgJLqvAfqCt//uHjV+he+qx/86Ie5/qRFXviufvCjv9dfZ9uCvvWlklpQMuZcR8fskn1J3/xuQMf0mT4qM5GY7Vmql58rWMRps17QX//R17R/4VeyuwW8pQ9iCzr2VL4v6V8N/VA//oe1+5RuKo713g8AAAAAAAAAJTXUDFTp+/rO2CP6wUC+zH3h+j/aMyhXrp/01vf0Z11X9OOBH+rHAwXHvlXqOgu6PnbeWahqPU5f0q87ZfCfTeoXnx3T1z3lzUFdVZ6/ooT+Z9/7C3UN/bCgRcFn+sW3ndm2H3yqPzr+NQ386Iq6vn1+83Gs+34AAAAAAAAAKMWwLMuq5AXvXXl6zX1/8U//f3v3FxNVnu/9/l3/oORPi0I76MA01Q+GmdY542bDsw+dSRFjPzKJptN29tEgfdF9xi0X3hi5cdRJuGi7vYFw4wVu95m+aCT2mUxPDJ1sPWMMZD9N8sDmcZ7W3pvIY9GBQVr51w0oUn/WuViriqqiCgpF/n5eCYm11m/9fr9VTbusb/2+398byzmUyJrW+Mv/Tfz/XOH/2372+65lGcPn87EzP39Z+hIRERERERERWaseDQ/j8XiWvd+hoaFF26yvFH4RERERERERERGRFaQAqoiIiIiIiIiIiEgSCqCKiIiIiIiIiIiIJKEAqoiIiIiIiIiIiEgSCqCKiIiIiIiIiIiIJOFcycEy7EGehhwrOaTIqthiD672FERERDaJXj6vbaQDL3XNNZTEnGrhZGMHeI7zydlK8pbac0stDZzhSk3J4o3DRtr59Hwnb188S2WiAcNzCnvBucmrNzU1xdTUFKFQaLWnIrJmOex2MrOyyMrKWu2piIi8UisaQN2TM0PXWOZKDimyKkqyn632FERERDYRDx5PB129NZRExTp7uzuSX7JELxRMnd8JJxsHqLnYHAmujrRf4twlIkHUpYyzLHOShKamppiansblcoHNttrTEVmSlfyNNQyD6elpAAVRRWRDW9EU/uo3xqnIneI1l1bnycaU5Qzy9zmTHNk1stpTERER2VQKCz10dPdGHRlheMCD1+t54T5LapqXNTg5MjwAngr2RC03zas8gtfXyX3902FNmZqawuV0KngqsgibzYbT6WR6amq1pyIi8kqt6ArUra4gJ/7L6EoOKeuEYSQ4Nq+Nscj51K41Yo4vPp9Uro09nqTTNW2E9kvnafHNHfEcv8jvEuYevqTeFk42Mj/NUkRE5CUUllXgaeymt6bEfL6M3OdrKni/oJOOgaiGcSn0kefdSDufnh+k0NtBRwd4zzRT3m2u8Pyk4EsaOgAaORle8TnSzqfnrxF5dHoXXwmal18Ivk7uj1RGpfeX8EHzWcBcjZrqOPPalnXHPl/jSgn0ttRa7VHZgBSEQiEFT0VSZLPZCKrUhYhscNpESmTT6+Xz2vO0FJ7hSnOz9XOGwmvnOdnSu/jlIiIia0HuHt72dNBlPbpG7ndCxR5yYxr18rmVQn+luZkrZ7z4rt1k7mnXwUDBRa40N/NBVCw0r/IsdV6igqQjtF+9RuEZq5+Lx/F0fEn7YqtIS2qo8/poOV/LydpaTta2EP2kXco489suoLeFhoHjfGI95+sKr/HPi05WRERERMJWdAWqiKw9vS2NdHiO80nMh68SPjjjpSN6JY/IC/D7/Xz//ffM+v0E/H6cLhdpaWnk/+QnOJ0b5xG0We5TZG3LY0+Fh6+HR6AE7nf6KDySB8PRbeZWe4KVUk9h1HkPb+9JZV1mHpVnm+dejg7iA95O4UqzLACEN79qqF1ok6sXH2ce3zX+tbeSD0rMOfzuRfoQERER2aT0qU5kU+ulqwO8ZxJ8aCup4UpzbFtzl2OT90x4dY6Z/v91oRc6OqwUw9idkKPTBr1eb+w4MamJHmrCuxYnSKX8QJHcdeWHH3/k+++/Z8eOHaSnp5Oens7z5895/vw5//vhQ/Lz89n62msJrlymHbUX2wl7mbzwfcan5UZE/X/wqq3QeySyUvLyC/F9eZ+RPfC1z8v7JcQFUGNL1ng8L14fNTYl3sPSeyrhg+ZmPrD+zvvn9j0JS+e8/DiYz/QzcLKxNsFzXEREREQWowCqyGY2MswAHt7OXbQh7ZcaGTh+kSuROnGXaI8Kuvg6oK65mRLrw2lDS5mZUtjbQkNHOBBmnoNwELWXz8+bqYm/K8EMjp1vIT8SNAunUiqys9788OOPjI2NUVxcTDAY5Pnz5/z44484nU4yMzPZvXs3/f39AEmCqK9+R+3lEH2f0cKB1Ndee23R+1yxYKnIZlBShtf3Jf96E3zeI5hJ8FF6b9Lii/pyxqrLvWQj7fypI/5Lv87FLqL90nkGjsQHLnMp9MBAwkteZJwkSmq40lxjdXuJc40tlKse+TJ5TFfrbfoo5kB1OTtiTnXRersPcst592AxmS89VBett5k/Topz5EA15Uu7UERERFANVBGJ09sSrstm/nzei7kRh8/L++EoT14l73t9fB21ZbDneJX1ISyP/KhsyN7uDvCWRc5VHvFGn6TDc5zfhD+9lVRRE1W/LvVUSllLwunsb7zxBk+fPsXn8zE4OMjw8DCDg4P4fD6ePn1KUVER33//PX6/P2E/r2JH7eUUfZ8LWew+RWQ5lVDu9dHR4cNbliw0OMDwCMAI7V++zJcyPgasvVF7byZaTR7PLDHQ0XgptlZq701afAs971IcJ7cAD7E1YMNtR9ovcfJSeySYnJdfCJ4CFv3+VJYgl9zcPr57HHv08Xd9qzMdERERWVZagSqymeXlUxj+YGZ9bouvzQZYNdc6zDpt0byjsODHrxGGB8BTEdUmtwAPg+bZ4QHwdXCu9lrMVZ7hkYW7lTUtnM4eDAYZGhoydzKOEgqFGBoawuPxsGPHDp6MjLBr5855/bz0jtrzJCtD8XL3mYqF7nNBC5a46OTt44W0XDPvyHP8Iv/EVc5d80VeR96HVXqPRFZDSZkXOqA80e9uSRU1nvO0nK+lBQ81Z47jaezEKpu6eL+NjZwcMEuIvO+9RoOVEu89cwZvR6P5PF3g+ZVXeZYr+S2cPF9LS+Sol7rms5HxUx4nb+G2nuPH8dIZGbdusDbqeeuh5mLNwmVQZMm2bcul77vHlEeeDdP8OJ5LcTH0jS/TIDvKqa5epr5Ekvjmm28oKSkhLS0t5vjs7Cy9vb388pe/XKWZiYisHgVQRTa1Esq90PBlO79ZqJ5kbgEevLyfMNVvoV18zdWovsGoCK21AQaEV8BUJK5lqc2B163Z2dlIHdD44GlYKBTi+fPnpKWlMT42lrij3D287bkWSeM3d9Q+QS7R6atzO2pX5mEFCm/SWxn/u7p4GYoXvc9UJL9PnxXImTMXtFysxIWPlsEjZkpubwsnG8/zz8fNkhcj7Zc4dy38PqzeeySyMmI3hoqv4Z1XeZYrlZFXVJ5tpjLq6srm8KtKftccfcb6UjGm35q5fiNfOFqaw4PO7yeu05h+FjuffJwU2lZWRjWNOyfLbtsbb5J7+zsel+8w0+unH/GQN9m37WFsADWc1m/JLX+Xg8WZMN3HrRvjbCvuo68Pig9U88Z3rdylGPr6GM0t591949yISuGf7rvFja7RcEexZQKixykuJrbYjEhi33zzDffu3WNwcJADBw5Egqizs7Pcvn2biYkJAAVRRWTTUQq/yCZXUnMGr+8a51piU6XbL82tQiNvD297OvhTJOewl89ra/m0ffEop7kS6MtIumJMDcuSMry+a/xreOiRdj4Nlw2QdSsQCJCenr5oyrrf78ftdi/Qzkx3HRgeAUbMHbXz4yN5ZuAkHOAzd9ROIIUyFEsVvs9UJL9PDzUXm7nSPPcTWfGZQomLmirrZG4BnqiSF3nRdTRW8T0SEdlUMnfyZlQa//Sjh/Dmzri6p4/puj1O+bvVVFdXU32gmNGub5nL/O9jfNu7VFfP1Sod7YN91dVUx9dQfdzFja5tHKg2+zqwrYsbXY+jxumj+IB57t1t46iYgKSipKSEnJwcJiYmuH37NrOzszHB05ycHEpKlJ4iIpuPVqCKbHrmLsDlLbWcrI067DnOJ83hlaF5VJ49w0DteU6Gs/+8Z8xVaostFS2p4ZPjlzhnrbLzeL1ROwiX8MHF43x6vpaTkWEvmgEkxWzWLafTyfPnz3G5XAu2c7lczMzMLNhu2XbUXrAMxYstrwzfZypB1MXuM5HlK3Gxeu+RiMjmksnON3N5+OM07IBHD0fZti8Tfoxus4Py6oORV9M/jgPbos7n8ubOuK2mit9IuGHU4+/6yC1/N3Jux1vl5N6wVsA+/s7c1Mo6mVm8j+Ku2y99h7LxpaWlceDAgUjA9PZt8/cmHDyNXpUqIrKZKIAqIkAqqX1moPWDecfnp0PGpDwSnz4J1MScTJzqmOy4rHlut5vnz5+TmZmJ3W5PmMZvt9tJT09ncnJy4X+EL9eO2guWoXgx4ftMNYC61A8by1biYhXfIxGRzSbztW2M3n3E9E54OFrMvh3EBVCn6bt1g0jWfe6LFn2f5sdxGO27QWtX9PFcfpyGzB/HIffNqBWrmWzLheUqxSobW3wQFVDwVEQ2PaXwi4jIstqxYwePv/8eh8PBrl27sNtjHzV2u51du3bhcDgYefKEn/zkJwv0tkw7ar9EGYpkwveZisXvM4FlLXGxOu+RiMims+MNikcf8u23DxlNtHL08bd0jRZH0u4P7tuWqJcUZPLaNrN+arXVl/lzkOJMM5DL6DjTkfbTjI++6E3JZhQOoubk5Ch4KiKCVqCKiMgyczqd/CQ/n/7+foqKivB4PDx//hy/34/L5SI9PR2Hw4HP5yN/506czoUfRcuzo/ZCZSiW5z6TSfU+51umEher+B6JiGw+O3ijeJTbfVB8IFHiPcA4P07Djsxp+u72wQtu77TjjWJGb3/L4+LoDaW2mRtM7XiDYm5zt+8tc4Oqx9/x4iPJZhUOoob/LCKymdkMwzCWs8PJhoqX7OECGXWHcERe9+NvqGbmJXtdCa6jt3AXZs87HrxXwdObyzxYVSvZezHfm+g/L/MwKyXRb2H8ofhf1fnnU7vWiDm++HxSuTb2eOL20df87PddLAefz8fO/Pxl6Utkuf3w4488/v57Xt+xg7S0NNxuNzMzM8zMzDDy5An5O3fyWvb8vzPXm81ynyIim8nQ0BDpbneKrR/T1XqXbe+aqz953EXrbcxAJlZg8+GbvHuwmMyYFP5cyg+8ycPbD3nz3YMU08etG9afrdz7x12t3OYA1eEdpRL1Ha4HQC7lUdcy3cetG12YQxVTTB/sm9ucSjYu2yqMOTMzw65du1ZhZBHZTB4NDyff0+ElDA0NLdpmbQVQSy+Ttb8UBpqY+uI6EA5Kjr58cLD0Mln7dxO8c5BnPS/ejfujTlx8xeQfPp53znX0Fu7XHzBz+RSRvZarWsneW5RiENUMHpNKWwVQFUBFAVRZ+/x+P0+ePIlZgZqWns5Pdux4gRWZa9dmuU8Rkc1iaQFUkbVFAVQR2ahWM4C6pj7VuX9Vim3sKyat4CmA/4t/wXnqNM6jxyDq+Lpxs5qZrbdwF1/GdTMqsLoM/U4u96pWEZFl5nK5NsU/pjfLfYqIiIiIiGxGayiAegH7dgjei1/ZeZ1nl2MDpzGp8jM9kRWf5urQfoLbi6wSAJME7hzkWc8FMvaXYgOc+2+xBXMVqvujTlzbw72G21ovrdWwtqhzgeJbVvtDZH9EwlWoifh/GMVduB0HmAHUBH0/6znGllNW6YK9nWRgrUK1VrCGGeHVuUlXnR5jy6nTOMNfmI8lXi0rIiIiIiIiIiIii7Mv3mSFlO7EziTGk0XaVbVaKf0VTDY0EaAU90cX5s5vz8W4U8FkQwX+sWycFZdx8TFP7/RgRAdJq1pxZfQw0xDV9lfhfsyAa+ieeW7y3ijO/a04vjiIf4ylByWfjGGQi600ed9urvPs8lcEia6ZeoGMvbkE7oTb9mMrfI+FkolcR3+L8+lXZvuGJgIZh8ioSn2qIiIiIiIiIiIiMmcNrUBNjXtXEYx9Za26vM6zvvfI3rtnLqg41hFZRRqcnsSVkaSjmBT4Y9gygKfWy6o9OOjHf3N+25euhFS1B8dMDzORvv9MoPg09ipgXkr+xzxtmHvl2poLjMY3mm+7ly2l8Kxn/updERERERERERERSd3aCaD2PCK0vxTb6ws1MgOdxpMHLz9eXBq9EZUH79qaCzMPCL78KKbXt2NjFKMHXEdzwV2Eu64zJhhrbD2W4MLYdHxjZnLRofxfHISjt3Dv7yR7P8wrTSAiIiIiIguy2+3m7p+21diOR2R9MQwDh33tJLeKiLwKayeAyseExg7h2nUBiE2PN2ubmmnzxtPT2DJ3v/RokQ2rrFR8cwzTvJqlLzvWriKY6SEY7vv1B5G6rbEuxL6seg+nu3+uzqlV93Qx/i8ORvp2f9SJq+Iyrp5l3MBKRERERGQDy8rKYmp6GpfTqSCqyAIMw8Dv95OVmbnaUxEReaXWUAAVZv7ag3P/IbKOPjA3SgKzVun2SQJ3zEDnzFA/Litlf4ZjbCmeS+lfcnp9xk5cgL/0Ms7twJh1/OZ9gnsPzaXVl14ma/9ugncOYix1jKpWXNsheM8KYFp9u6owSwRYK2FDkbqn8azaqT3WvdK/4HDRwWawyhjwSMFTEREREZEUZWVlYQDTU1OEQqHVno7ImuWw28nKyiIrK2u1pyIi8kqtqQAqPaeY6rlARt1psutOWwf78TccnNtp/mY1M1tv4a6zVozO9DCTyoZOPR0EK0px7u8k4/UKnv61B+f+UjOVfqYH/8AkrtetgCof8/TOTrL2d0ZWfAbvVZhp8K/349p7iOxTOxOvInWXxqXnTxK4UxGVQj+/b2OgyQqeWqtw93aStbWJqS/M+qjO/Z1k758kcK8HY+9uazOqxGb+0ITt1Gmy6w5FvX9L2PBKRERERETIzsoiW0EhERERAWyGYSx5UeVCJhsqlrM72SQS/RbGH4r/VZ1/PrVrjZjji88nlWtjjyduH33Nz37flXjgJfL5fOzMz1+WvkRERERERERE1qpHw8N4PJ5l73doaGjRNqr0LCIiIiIiIiIiIpKEAqgiIiIiIiIiIiIiSSiAKiIiIiIiIiIiIpKEAqgiIiIiIiIiIiIiSSiAKiIiIiIiIiIiIpKEAqgiIiIiIiIiIiIiSaxsANWmeK1sDja7Y7WnICIiIiIiIiIiy2BlI5quDAWWZMNzOJykbclc7WmIiIiIiIiIiMgycK7oaIFnhNKzwZkONgVSZWG2RV6vRaFQkMDsDLNTE6s9FRERERERERERWQYrG0ANBbE9U2BJ5jOMBMfmtTEWOZ/atUbM8cXnk8q1sceTdCoiIiIiIiIiIuuOipKKiIiIiIiIiIiIJKEAqoiIiIiIiIiIiEgSCqCKiIiIiIiIiIiIJLGyNVBFRERERETWgfHxcSYmJggEAqs9FZElcTqd5GzbxracnAXbffO/vsFmm9vb4Zf/xy8j53r/sxe/fzbhuW/+1zcx/USfExHZqBRAFdnUevm8tpEO7xmu1JREHR+h/dJ5Bo4080FJ0osTMK/7uuIiv6vMW+a5WnpbONkIdc01lET/+dWMJi9oamqKqakpQqHQak9FZM2y2+1kZWWRlZW12lNZ56xnWfxhz3E+OVvJK3oapWhubp7jsc/GkfZLnLvmi2vvoebiWcxmS3imjrTz6flO3o5cKy9rfHyc8fFx0tLTSXe7V3s6IktiGAYTE+bmzQsFUQ0jxL7Sv8cG9Pz7v8ecC4VCvLVnD2lpafPOGUaI0r//e0hwnYjIRqUAqohAx5e0V73Yh66R9kuc66xY9Q+pa2UeYgVPp6dxuVxgs632dETWLsNganoaQEHUZeA9E/2lnxl8PHeJlJ4Lr+oZMtL+JR0LBXLjzo20X+Lc+RbyU/hiUM+9V2tiYoK09HTsdlU8k/XHZrORlpbGxPh4wgDq/3fv/wEgL/h3+GdnAQgGQ5HjANv8b+H3+7HZbPPO5QX/jtkE1/23vf/3K7snEZHVpn8RiAgeD7RcbWfkpXvKo/Js86tbfRqvpIYrWn265kxNTeFyOhU8FVmMzYbL6WRqamq1Z7IB5VF59gxe3zX+tXeVp1KYn3KAM29PBR4GGB6BFX+mSoxAIKDgqaxrNpstafmJUMCg4Kc/jckUCoVC7NqVH/mxBV24XC4Mw5h3Lv66gp/+lFDAeOX3JCKymrQCVUQoPHKEwsZG/rl9T9IPar0ttTRE8iOtFMPRFiv90Get8tnD/Zh0w9i0yrnVQVZaYqEXOjowExi9Man4CceLn1o4hf8MNETP48gg574siFqV08vntV9SqNTGFREKhRQ8FUmVzaZSF69MLoUe+Hp4BEqsp0FKzzLz2RHTdl6pm2iJn3VzKfqNnOzwplRuZuR+Jz5PBf8Un8K/5z6fnh+k0NtBRwd4/y8vHf9v1JxPWB3cb+HktY4U5iwim1kgYBAw/IRCQf69uzty/Plzf+TPIWaTngsGAzHnAoafgAKoIrLBKYAqIkAJH5zxcrLxJr2VCT7g9bbQMHCcT5qjPlTe7KWypoZPjg9EpRBGr2Edof1SIwPHL3KlMs8Kdl6KCWL6OqCuuZkS60NiQ0uZ+WEv6XhJPgiWxM+jF6/vS+6PVJpj9XbT4angEwVPRUQ2kTzyC8E3OArkLeFZZgY/59qaz6hP2xPVIl3gWVd5lk9YJM3ed41ztdeiDnipa06Wkt/BQMFFrjSbZ3/jiprzSDvgo2XwCFeaa6yaqI18XrbUWuYishkE/SEwDNL/y3DcmbkvwJ2eJ8nPFX8fe8qwmX2KiGxgCqCKiKmkhjpvrRXEzJ137srZ8IsRhgeAwkX6G7nP1z4Pb5+wPgaWVFHjOc/X90eorDQPeY5XWcFa80PuS40XO2HKvT7+dH+Eyso8ers78FRcVI04EZHNLOVnywj3O314j5y1nht5VB7x0vLlfUYq44KbCz7rUnjqxNdH7W3hZO2lxFkXeHh7z0J9eqipsqKleflLe2yKyKYS9Bv03R9a7WmIiKwrCqCKSERJ1XE85xv5vOxi7AevkXY+PX/NSrX34PGk0NnoID4Kef9FopYvMl6ckjIvvi/vM1K5h+EBD29XKXwqIrK5mEFST4X1pWDKz5ZRBnzQ0VgbScs3ebHWskY1fYlnXSIJvmwUEVluxTlvs+MnOwgGg8vSn8Ph4PH3j5elLxGRtUoBVBGZk1fJPx3v5NyXN/FGHe69eQ1fVC213pZaGhbrK7cAD51ElZ5L2QuNF6+kzEzj74WvCdeTk7Vsuu8WN7qg/N2DFGeuyIDcuvGQN1dqPBFZWSP3+doHhUes+qcpP1vM2qneIymkv7/Es042iIlurjYN8079YYrmDtJ9tYm2QfNVweHTnCjLmXd8TgGHT5+gLAcmuq/SFNOgjA9j+k44CbqvNjH8Tj2HoxpG9zU3hxe5n37a6j+jO6pZyv3JGmWQk2P+9zMMA8MwsNvtGIARCmGz2cBmwzDMuqZ268+GYWCzNlczDAMb5mZVAI+//z7RQCIiG8YaCqBeIKPuEI5Ep2Z6mLl8Cn+ic5uE+6NOXNvnXgfvVfD05urNRzauvMoT1HSep8VHTBCVgWFGKCFvpJ0/dRB3MlFHe3jbc20ujbH3Ji0+DzUn8iCmVmoSSx1vHjONv6HRB94zSt9f86Z59BCKi+Hho2mKFdEUkZcyQvvVa/g8x/mn6CBoSs+WPPZUeGj5sp3fRG8oNXB8fi3TBZ91L2Cpz0pZXRPdXG1qY5CymMP9bU20cZjT9WXkhIOmefUcLsqh7ER9TOv+tno+4x3CsciJ4cElBifngrIxs5jo5o9tcPh0PWV0c7Xpj3QXn2DBbpPcDxMjDKcUyJX1wjAgIyMDAH8gQCgYJC09nVAoRMDvx+F04nA48Pv9YBikpaURCAYJBgK40tLM6/x+7HY7Lqcz0qeIyEa2hgKoJgUG4x1jy6nTOOlhpsEKIpdeJmt/Jxm8/Hvl/qgTF18x+YePX7gP19FbuF9/sOmD3BuHVeutcS5x0Uzttza68Byn7riHhk7rQ+ieCjzXrnGudpC65qrYfs6eYaD2PCet/TG8Z5oT1HSbb8Hxks06Zh7mRlglZV7o6MBbph001rzH39LFm7z7xjg3bn/L4+JydrzqMTOLOVhd/KpHkU3mm2++4eclJZEPmGH+2Vl6e3vZ+8tfrtLMNr55Kfdxu9Cn/iyroaTyLHWDtVEbPCXb3OnFn3VAgk2kUr8+Zs4XC1IcUJZLeHVnWVkZg9FLM+nnXjeUfViGGavMoeydMurv9XO4KC782N/GZ91lfFgfPj7ByDDk700xeBoOeJaVURY7CSb67jJYsI9/zAEo452yNv7SN0FZkghq8vsBJoYZLMhH6003EoNwvDMYDOL3+0lLSyMUCuH3+7HZ7TjsdgKBAIZh4EpLIxgMMuv343S5wDDMQKvDgdPpjPQpIrKR2Qxjeb8rmmyoeMErzRWoKIAaq6qV7L3gb6hmJurwcgUt10oANdFvYfyh+F/V+edTu9aIOb74fFK5NvZ44vbR1/zs912JB14in8/Hzvz8ZelrQxpp59Pzg7xvBVRlZQwNDZHudi/pmsddrdzd9i4Hi6fpar0NB6op3xE5SettKC8fp6trFIDiA9W88V0rt/uIvA63N0sBmO3ILefdg8Vkhvu5C8X00TeaS/k7b/LwL9Ep/I/par2N1WVMn4+75saC3LkyA9bciov76OsLD/kuB7WCdlP65ptvuHfvHttycjhw4MDcKp3ZWW7fvs34xAR79+7ll3FB1OczM+zatWs1piwiSTx48IDMrKyk5yd2alFeAAAewElEQVT6+6GoiJz+Nuo/I2p1ppnuzodR6fT9bdT/JZ/TJ8qigpDmytG7+6JXm/bTVv8X8k8vslJ0bhL0U0RRzvwxzZWtH1JvHYh/nfr9WMHV4XeSXitr1/TUFLt37553/K9377Lv7/4OgJnnzwkEAmzZsoVQMMjz2VnSXGk4nA5mnz/HMAzcW7bg9/vx+/243W4wDJ7PzuJwOEhPTzf7/J//k1/t27ei9ycim8+j4WE8L7JJyiKGhhbfWG/NrUBdkBVMDAzk4izMBswVq6Fdc+nt0StYXUdv4bbaxZQBqGoluxiCFOFwTxK4c5BnXCZrfyk2gJl+ghRhf9LE1BfXgbgU+rG5gKMZgOwnuL3IKj9g9ddjtS2N6jd87vVWsovHogKOF8io82JEX2dx7yqCsa9igqcA/i8OxgYrE43TEz6+m9AYOLZnx8zfdfSWdU+HyP4I856qWsneO/ePI2Ng7j2IL7MQvFfBU1qt97gU96nLcPkU/pg+4t4PkRU0cr8Tn/eIgqdr3mO+68vlzXczgUzeKs/lxnePKd8RvQa1j4e8S3V1phkgvd0KB6qpLreCm3f7eOtgMZmPu7jRtY0D1QfZgXnuRtdrVIcjoaN95nU7gOk+Hkb6n6bv1m3Gy9+lujjTqo96i753D1I83cXt8XLerTYDsY+7Wrn97WOKIxHePsa3mXMzA6r/nb6dqqu6Gf28pITBwUHGJya4ffs2Bw4cAIgET3Nycvh5if5GEtkIcuJXk86dIb8A2v7Sza9PWCn8f+mGwTImYC6A2v9vtA2W8eGJqEjpxAjDDNLdVE+bdajsw9i6pnGTWDClviB/ru+c/AIYfpH7McsK0P0Z9eGVqQWH44LBst4YBoRCIQACfj/BYCgSLA0Fg/iZJRg0V6ACzD5/TjAYJBgI4p+dxTAgGF6d6nRii6qXKiKyUdlXewLxHHs7ya6L/cmIzgqmCAf/wmRDBTMDkzj2dmIfqmCyoQL/GDiKL+MCqGrFXTiKv8E697QU90cX5rpxF0FfBZMNB3nWc4wtFaUw0MRkQwWTfeCIWjzlOnoLV0YPMw0VTDY0Ecg4RNbRY3MNtudi3AnPIRtnhTUHLpCxv5TQPfPc5L1RnPtbcd+8T9C9G2epdX3VHhwzDwjMCzIew5YBxvSDRd612HFmBjDHiZzPxkGHOYc7PRjbD5FRZQVhx4gKCF8gY28ugTvh+fZjK3zP6ucYW04dwh5+j+70YN97iy1PqpkZmIwKUMf3MRr1foislBHaL9Vy7lohdTUKVqx5j7+jr3hfJOCYufNNcvu+I3Yv12L2WQ0yX9sGFPOGFb/M3JYb1VUfueVvRdL/d7xVHtfX3HUxph/xcDSXN3eGJ1HMwWorCLqjnOrwKlam+XE8/uK5uZG5jdz407JpuNLSeOfAAXJyciJB1Ojg6TtRq1JFZKPKoezEh5QNttFUX099/R9hX9m8Vv33uqFsb2wAdGKYQQo4fLqe+vp66j8so/uzq3RPrNjkEzDLClD2oTmn+tMcpo2mtv7VnJS8JMMwCIVC5o9hYBihmOPmhlHxr812hmFgYL0O92G1ERHZyNbcCtTFa6D2E7BWRPp/GMVdOErIah+cnsRl1sLGvasIY6ApsnJz5q89OPfvwQ3Wsf7IdZR6cbgnCfZZKy1v/plA8WlrpeUxnK9nE+wLrxa9zrO+98gu9uLCaj/WEVlhGT0HqvbgoB9/eJyb1Uxaf3aPdeIsPgY91825Pvnzi6fix43j/6IDV90h7FXAE4BJAn+1UvR7HhHan6yjj3katR2ta2suYKXBxr9HPaeYsu7ZNa+EYDbOX12Ano9j7llk5eRRebaZytWehqRgmr67fTDaR2tf7Jm7fW8tMRXeDG6O9t2gNaZKRi4/TrNwTdXpcUbZxr5Ew033cetGl/W3YS65ipDKAsJB1L9YgVNAwVORTaeIw/X1HLZeTXRfhYJ9Men7I8NQ9k7cqs+iw9TXR7/+NYcLmrjbN0Exf6SpbdA6kdqGToPDc2teJ4YHI8f72+r5LOXVpPEbX5k1Xds+u0f/4YVXwMpaZkQCnnabHcMWwuEwP/3abDbsdjtOp4Ng0FyB6nQ6zfY2Gw6HA8MwCNps2Gxm/qOCpyKyGay5AOryMFdu2rafJrvudNTxSWylCZq/vh0boxgJ08x3Y3NbK2P3xp5xJGoexbU1F2YeEExwbmao3wrCgi1jkuBfrydodR3j6WlsmfPr1qQ6ztJYG1ZZS1eNmcm5Uwu+R9HMIGxG3SGy6w6Zh8ZersaqiGxg0494OFrMgerYTaOm+25x4+EjpovDKz9Tkclr2yD3zSQ1SKcXunQbuTw0A61xlz7+tovR4gORMgCPu1q5nfKcZDOKDqICCp6KbHITw4OQ/85ckHKij7uDBexLMQc+Py+HnKIT1M9fyJpUopT9cEp/0eF66g8nuGgptKnUuhZeWQoQCFgp/LOzhEIhgkHzU2UoFDI3kQKeR6Xwz87OWtcFrECr02qvIKqIbGxrLoV/eVzHeGrW75y0UvjNnyS1OJ+MYZCbOLjKA4wZc2VsbF/V8+qSxvP/MAru7YkDreE0/iovDhKl75tmhvph+x7mbcdS1Up2nZmmv+A4S1H1Hk53f6TswVTf6Ny5Bd+jeB/zNPw+RZUMEBGJN/3oIaPFb8xbHZq5801yRx/yaKGgZwI73ihmtOvbSMr+dN8tWlu74soBJJC5kzdzR3kYGfAxXa2tdIUvHP/RjL9O93G3L3EXItHCQVQFT0U2n/62eq6G8+772/isu4DDv45aqzkxzGDBPorjIpAT3Vepv9rNROT1H2kbLGPvCyzzzCneR0H3X8z0/4lu/tJdwL74AVO7G9rq65nL2O+n7bNuCvYVK4C6joVroIYDpqFQkEAwaAZJgyGCoZD5OhQiFDlutgtGtZu7PrTatyQi8spt0ACqGXicq99p1jENBxzn6ekgOJONo9iqa1r1XmQVJlwn8GRyrrYq5sZR2adSqOt58765GVU4eFh6may6W2wpBfiY0Fg2zr2l2J4+Sp6+f/PPBGaKcMWMd4GMvUUYA382g7hx47iOenFElyhYknCQ9BhbiqP+tRb/HnGBjHn1aePvEbNkAJMYT15kLiKy0X3bNUpxoqKkVkCz69tFQ5+xdpTzbvk4t1tbaW1t5UYXlL9bvnD6vjkgxQcPsK3rBq2trbS2mhtKle+w6qiOdnGjtZXW/w77ynPnAqoiC3ClpSl4KrIJFR3+kPy2JrNm6GfdlH14grKYvaIS7+aUU3aC0/vuWrVT62lqg8OnF0/VT9IZ/3gY2prqqW9qg8P/GDOHJdwNh+s/hM+suqz1n9Fd9iEnXqwzWSOia6Da7XYzNd9ux263Y7OB3Xpts9L0HQ6H2Q6w2x2RdtEp/ErjF5GNzmYs8990kw0VL3hl7A7vsfrxN1QzU9VK9l7MP4O1Y/zca9fRW7hffxDZ3d519Ja1QzzE7AYf3w/E7mI/1kMgoxTHk7kd6N0fdVo71kfNJ3ycuRT1+DnE9EtcjVdrt/rF677Gj5+gVmzMOFH3WnqZrP27CYZfW+8z4eutOZibQHXgjKTwTxK49wDH3vnXhv8bGQPW+xMZO/q/09w/9SLtFpDotzD+UPyv6vzzqV1rxBxffD6pXBt7PHH76Gt+9vsuloPP52Nnfv6y9CWyXIaGhkh3J/y6SkQSeD4zw65du1Z7GiIS5cGDB2RmZa32NEReyvTUFLt3zy8H193VzS9+8XPASs8PhUhPTycUCuH3+3E6nTgcDvyzsxhAeloagUCAQDBIWloaGDDrn8XhcJivgf/8j/+krHwJdSZERF7Ao+FhPB7Psvc7NDS0aJs1FEBdS8xaoLa+xQObL6X0Mln7txNIoRzARqcA6otRAFXWIgVQRZZGAVSRtUcBVNkIkgVQu/7H/+Dnv/gFAM+ePSMUCuFyuTCslHy7teI0aNVAdTmdBK1zLqcTAwgGAtgdDtLT0rDZbPzHf/wn//Uf/uvK3qCIbDqrGUDdsCn8S3OBjOi086r3cLpffdq5q3g3trH7mz54KiIiIiIiIivDMMAIhTDCtUsNw8xktNkii0FsWItBDANsNgin6dts5jljLnU/pPR9EdkEnKs9gbXhY/wDt3Dv7yR7v3kkeK8i8YZTyyK8230//gbtTi8iIiIiIiIrJxz0tNvsGDYDu90BoRA2qxaq3e7Abgti2GzY7XYMux17uGaqAXZ7EJvNNhdkFRHZ4BRAtfi/OJh8I6dld51nlxeuCSoiIiIiIiKy3AzDIM1lblHscjoxDMMMkgJpIZe5OZTNhtNlhgvsNhuG1c5mbSblSnNhI3YjKRGRjUwBVBERWVbmygQr3UtEFmZ9aBWRtcXpdM7tUC6yDhmGgdOZ/OP+N9/cW8HZiIisfwqgiojIssrKymJqehqX06kgqshCDAO/309mZuZqz0RE4mzdupWJiQnS0tMVRJV1xzAMnj9/Ts7WrQnP/8P/+Q8rPCMRkfVPAVQREVlWWVlZGJg7v4bCmxOIyDx2u53MrCyytdO3yJqzfft2AH744QcCgcAqz0ZkaZxOJzk5OWzftm21pyIismGsbADVZgdDH6Zl47PZHRih4GpPQ2TVZCsoJCIi69z27dsjgVQRERHZ3FY2H8WVgc3uWNEhRVaaw+EkbYvSMUVERERERERENoKVXYEaeEYoPRuc6WBTIFUWFl85cT1UUgyFggRmZ5idmljtqYiIiIiIiIiIyDJY2QBqKIjtmQJLMp9hJDg2r42xyPnUrjViji8+n1SujT2epFMREREREREREVl3tKWkiIiIiIiIiIiISBIKoIqIiIiIiIiIiIgkoQCqiIiIiIiIiIiISBIKoIqIiIiIiIiIiIgkoQCqiIiIiIiIiIiISBIKoIqIiIiIiIiIiIgkoQCqiIiIiIiIiIiISBIKoIqIiIiIiIiIiIgkoQCqiIiIiIiIiIiISBIKoIqIiIiIiIiIiIgkoQCqiIiIiIiIiIiISBIKoIqIiIiIiIiIiIgk4VztCcy5QEbdIRzxh2d6mLl8Cv9qTCkJ19FbuF9/sObmJSIiIiIiIiIiIstrDQVQTcF7FTy9GX51jC2nTuM+dRk2XLDSDBgTc78iK+vR8PBqT0FERERERERENomd+fmrPYUXsuYCqLGu8+zybjLqDuGqAr8CjSLLar3+xSUiIiIiIiIislLWeAAV4AHGDDi2HgOuA1YKfWG2eToqxd/9UScueghklOJ0A/Tjb6hmJtxV6WWy9pdiA2CSwJ2DPOsJH99NaAwc261+x75i8g8fWxeaK2HNPicJjsXOMNl8qGoley8Ex4pwbDdPGwNNTH0BW05Z5Qr2dpJBBU+fRM8tfiWuiIiIiIiIiIiIrIZ1sInUdYynYMvcbb6sasVdOIq/oYLJhgr8T0txf3Rhrvn2Umx91rmxIlynLuMC4AIZ+0sJ3TPPTd4bxbm/FXfkwmwcdJjn7vRgbD9ERpV5xnX0tzjpYaahgsmGDggHWVOZD0XYp5usMfuxFf6WLaXXeXb5K4KEA6XH2FIRNbc7Pdj3Rs9NREREREREREREVsM6CKDGcu8qwhj4c2RV6cxfezC275kLNs70RFL9Z/7ag+HejbMUqNqDI+ocN/9MYKYIe1X4wkkCf7VWnPY8IhQZ8RjO17MxnnRYNVg/xj8wmfp86CfwhblylidjGAvcm6PYCvb2nGIqeuWsiIiIiIiIiIiIrIp1kMJ/DFsGGE8eRP5s236a7LrTUW0msZViBiefPprbbKrnEaH95spV19ZccBfhruuMWdlpbD0GTxYafzc2N4R+uB454v9hFPfrc3NLNp/UXefZZcwNs8Lziy4FICIiIiIiIiIiIqti7QdQS704ogKYxtPTGE+amPri+rym7l8BGTtxgRl4LN2JHQgSDno+SByULPUuMIEENVi35gJjmOUFks+HqvmHkrvOs8vhPi6QUXeI9KPH8CfqV0RERERERERERFbEGk/hN2uD2qLT8of6sRW+F1lF6jp6i+y6qHqh4ZR9wP2rUmwzDwj0ADfvE3SX4goHNUsvk1XXGalzmtx1Ak8mo8Y0U/rDFp1PSi6QETMXM2gbvepVREREREREREREVt6aW4Hq2NtJ9t6oA2NfMfmHj+de36xmZust3HWd1uZQkwTumPVC3QBjo9j2d5K9H6Aff8OpSO3Sp3d2krV/rn9joMnc6X6RdHv/FwdxfNSJyxozONYPGYvPZ2EfExo7hGtvJ1lbm5i60xMzN8a+YvLmgh2IiIiIiIiIiIjIK2YzDGOhfY2WbLKhYjm7WxL3R524iAu4yrqQ6Lcw/lD8r+r886lda8QcX3w+qVwbezxx++hrfvb7rsQDL5HP52Nnfv6y9CUiIiIiIiIislY9Gh7G4/Ese79DQ0OLtlnjKfwiIiIiIiIiIiIiq0cBVBEREREREREREZEk1lwN1Jcx84eKFGqPioiIiIiIiIiIiKRGK1BFREREREREREREklAAVURERERERERERCQJBVBFREREREREREREkljZAKpN8VrZHGx2x2pPQURERERERERElsHKRjRdGQosyYbncDhJ25K52tMQEREREREREZFl4FzR0QLPCKVngzMdbAqkysJsi7xei0KhIIHZGWanJlZ7KiKranx8nImJCQKBwGpPRWTNcjqd5OTksG3bttWeioiIiIiILGBlA6ihILZnCizJfIaR4Ni8NsYi51O71og5vvh8Urk29niSTtekXj6vbaTDe4YrNSVRx0dov3SegSPNfFACvS21NBDfJr6rFk42Ql1zDQu0SnlMWb/Gx8cZHx8nLT2ddLd7tacjsmaFQiHGx8cBFER9aeYzpMU3d8R75hU8T1J+1omIiIjIRqKipCICHV/SPrIJxpQVMTExQVp6Ona7HjEiC7Hb7aSlpzMxoS+XX44VPC08w5XmZuvnDDTW8nnvas9NRERERDaClV2BKiJrkscDLVfb2XO2krwE50tqmrmywmPK+hUIBLTyVCRFdrtdpS5e2igDPvAeiV4TWsJvjns4193LByVaKypLZxgGg3/7G8+ePiUYDCZt53A42JKRQcFPf4rNth4KTomIiMiLUABVRCg8coTCxkb+uX0Pv6ucH86MT+HvbamlocM6OS8VHyKrgTjOJ0kCpIuNOT8d0xtJmTTnc5yagWvWeS91zWV01TbSEdc2tfmKiMj6lUuhB1rigqV5lWfnvvyzUu9rjg/Qcs18sHjPNFPePfd8iE75H2m/xDmrHZ5kz7L5z7pkz5vellr+hBc6OvAl7U/WksG//Q273U7x7t2Ltn306BGDf/sbhQUFKzAzERERWQ3KrxQRoIQPznjxXbvJYtmOI+2XaBg4zifNzVxpvkjNQCOfxuTimx8ov664yJUFPyAuPOZI+9WodMyL1Hg6+FP0OB2dcGLuXENtN+VW2qaXubaLz1dERNa3PCpPHMfT0cjJ2lpO1tYm+Xu+g685wZXmZj457qGjsZauMjPlv84LHV+2MwLQ28K5a4XUhZ8bXONcS/yTav6zbrHnja8D3m9uXuTZKGvF0+lpdu7cmVLbnTt38nR6+hXPSERERFaTAqgiYiqpoc7bQcO8D4nRRrjf6cNTscf68JdH5dnmqBWkA/zJ+kCZeFVp6mPmVZ6NWilqpmfG8B7BHCKP/ELAW2atODVXIkXP13ukcm6+R7z4Ou+jEKqIyAaSV8nvrPqnnxz34Lt2npO18TVQvbxvPZvyzAcH5dZjJrcg8uCgt7sj6pliPjfo6I76si/Rsy6F502kT1kPFkrbX472IiIisr4ohV9EIkqqjuM538jnZRcpTNjCDGQWHkkWHPUBHnNVaWVqOxQnHbO3hZON4TxIDx5PgosXZc63o7GWjpjjXkZBK4BERDagvMqzXKm00vAbWyhvTu15ZBpheAA8FbkLtEn0rFv4eSMiIiIi65sCqCIyJ6+Sfzreybkvb+JN2MBc3fn18AiUJAo/enn/bA201NLQUpZardGEY47Q/mUHnuPh1T1WquSSb8icr/fIXF07Wb/62+r5jA+pP1y0hKsm6L7axN19pzlRlvPK5iYiq6i3hZNfFsyrK2quMl0qM6vBN7jQ12yJnnULP28WK48jIiIiImubUvhFJEZe5Qlq6KAjPmXePMueCk9MSmJvSy0n41LwS2rO4O1ojEudXPqY5gdYoPdm1GZSS2HON1LXLjzfS+1K4RcR2ShKyvD64uuUml/EvUjafElZdMp+8n5in3V63oiIiIhsZFqBKiJxzLptLY0dic9WnqVusJZztdfMA57jfHK2BHq7o1qV8JvjniWkTsaPGX7dyMkOwHvGrJW64IqgJD3Hzxcvdc3awENEZOMo4YPmixReOs/J2rmjnuMXuZJKPe553dXwyfFLnKutDXfEJwkzKuKedQs8b5TGLyIiIrK+2QzDMJazw8mGiuXsTjaJRL+F8Yfif1Xnn0/tWiPm+OLzSeXa2OOJ20df87PfdyUeeIl8Ph878/OXpS+R5fLgwQMys7KSN5jo5mpTG4MABWWU0c1wVIp9f1s9n4Xj8WVzKfsxKfxWHxw+zYniPq423WXf6ROYXfTTVv8ZfFjP4SKl8MvaNz01xe7du1d7GiIS5dtvv+Xnv/hFyu3/8z/+g7feeusVzkhEREQeDQ/jebENUhY0NDS0aButQBURkRU0QfcfzcBnfVkO9LdR/xkU7LPOdl/ls+HDnK4vI8cKhF7Njwt+TnRbAdN6M2A6sSo3IiIiIiIiIpuEaqCKiMjKmejj7mAB+4qtgGjRrzlcEDlJ391BCvYVY54t4teHCxi82zcXIx3+S9xqUxERkeXncDheaXsRERFZX9ZQAPUYW051knX02DofA9wfdZL90YVXOoaIyLo0Mcwg+eQlDH5OMDwI+YlPmgaBgkHa/q3/FU1QREQEMjIzefToUUptHz16REZm5iuekYiIiKwmpfAviwtk1B2CexU8vbnacxERWcNy8ingLiMTUDQvTppDfgHcTXzSVPYOJw5DW/1ntO2txyqPKiIisqwKfvpTBv/2N/oePCAYDCZt53A42JKRQcFPf7qCsxMREZGVtskCqNd5dvn6Kx9l5g8VzLzyUURE1qGcYvYVtHG3b4Kyshzo/zfaBsM1UHMo3ldA290+JsrMGqj/1jZIweF/JLbUaRGHPyyj/rM29tYfpignj3wGo/q8RzdQtkq3KCIi65/NZqOwoGDxhiIiIrIprNkAqvujTlz0EMgoxekG6MffcB973SHMCkP9+BuqmVlS22NsOXUax5Mmpr64DtZr85pJgmPgyHjAzOVTOD7qxEk/bC/CNtPDzOVT+Ktayd47t9zJGGhi6gvYcsoaZ28nGVQQ2tWJi6+Y/MPHALiO3sJdmG1eFO4LoKqV7L0QHCvCsT26z1cf5BURWR05lP3jYe42NVHfBpQd5nAB3A2fLTvBh8P1NNW3mQfKPjQ3m4pX9GsOFzTxWdte6g+btVKb2mL7HF6hOxIREREREZGNbc0GUAHYvhvuVDDZYwY6XXXgb6jgqZUy7zx6DMLBxpTaxnbvOvpbnPQw03AKfzgNP2rpqG272Yd56AIZe3MJ3KngWQ9W8PM93FTz7PLumBR+90dRg1S14i4cxd9wMBLAdX90Ab8VXIUi7NNNTP7hutXnb9lSet0cQ0RkI8op40R9eH3oBN1XY+ueFh2up/7w/MuKDtdTP9cJZSfqI6tMc8pOUB+z5LQsYTsRERERERGRpVpDm0glMNZhBRKvYzwFxu5bwcwHGPE58ktpC8AxnK9nYzzpMFeD8jH+gcm4Pu9HxVM/5mnDwUhg07U1N6VbcO8qiurnOs/6+mH7HtyRFv0EwkHgJ2MYKfUqIrJe9dNWf5XucD5+/7/RNlhA/gL7RomIiIiIiIisprW9AvWV2o3NDaEfUk2Xj073B2NmcuHm1jW2DDCePHjRSYqIbDBF/PowNDXVYyXpU/ZhPYmy9EVERERERETWgk0cQDVXpjq2HgNSCKJWvYfTPVd3NVy/dGHXMZ6expa5+6VnKyKyUcxPtxcRERERERFZu9Z2Cv8rdZ3Ak0lsr3txAXABV3ijp6RysZUCHGNLcdEibU0zQ9Ep+9Z1MaUBREREREREREREZK3axAFU8H/xLwQoxV3XSXbdHoz4GqjRbv6ZwEw2zv2dZNf9Fvp6MCIB1Y8JjYFjbydZR4/FXVfNzEAurrpOsutOm5tWRTaQEhHZeJxOJ6FQaLWnIbIuhEIhnM5NnBAkIiIiIrIO2AzDWNZ9iyYbKpazuxXlOnoLd2YHkwpwrrhEv4Xxh+J/VeefT+1aI+b44vNJ5drY44nbR1/zs993JR54iXw+Hzvz85elL5HlMjY2xsTEBGnp6djtm/p7OpEFhUIhZp8/Z+vWreTmprY5pYiIiIjIZvVoeBiPx7Ps/Q4NDS3aZlMveXB/1IlzuompL64TTuE3BrThk4jIy9i+fTsAP/zwA4FAYJVnI7J2OZ1OcnJyIv/PiIiIiIjI2vT/A8ruYC5U0vclAAAAAElFTkSuQmCC" height="600" width="800" />
11--->11]]>
  </system-out>
</testsuite> <!-- testcases.MyInfoTest -->
