<?xml version="1.0" encoding="UTF-8"?>
<!-- Generated by org.testng.reporters.JUnitReportReporter -->
<testsuite skipped="1" hostname="LAPTOP-JEI8AS0O" name="testcases.LoginTest" tests="3" failures="0" timestamp="2022-04-03T14:09:37 EDT" time="10.866" errors="0">
  <testcase name="LoginSuccess_001" time="7.749" classname="testcases.LoginTest"/>
  <system-out>
    <![CDATA[<img src="data:image/png;base64,iVBORw0KGgoAAAANSUhEUgAABVAAAAJcCAYAAAAfG4+9AAAAAXNSR0IArs4c6QAAIABJREFUeJzs3XecVdW5//HP2nufMmd6Y2aYQhk6SLWgCAj2qNGosQfFkptrbmKuJDfRJJabq6ZZEn+5iTE3GNTYxYKJGAUVVBRpIgxIEYY6c6aX03ZZvz/OmYGBGQYTpSTP2xeRmb332muf2f6R7zzrWUprrRFCCCGEEEIIIYQQQoh/MbNmzer1HOMQzEMIIYQQQgghhBBCCCGOShKgCiGEEEIIIYQQQgghRA8kQBVCCCGEEEIIIYQQQogeSIAqhBBCCCGEEEIIIYQQPZAAVQghhBBCCCGEEEIIIXogAaoQQgghhBBCCCGEEEL0QAJUIYQQQgghhBBCCCGE6IEEqEIIIYQQQgghhBBCCNEDCVCFEEIIIYQQQgghhBCiBxKgCiGEEEIIIYQQQgghRA8kQBVCCCGEEEIIIYQQQogeSIAqhBBCCCGEEEIIIYQQPZAAVQghhBBCCCGEEEIIIXpgHe4JfF4aY01Ut+5gS/NWtrftZGf7LhpijcTcGJ72QKdOVOBpzaSS4/n66JkYSjJkIYQQQgghhBBCCCFE947qADXhJlhdV8WiHe+wum4tjfFGXJJhqUKhlAJAKVBaJTNUBbZnM6HPOAlPhRBCCCGEEEIIIYQQB3TUBqhVDRt4ct0zrKxfDRoMFMowsDCBZJWp67nkBnLw0LTbbSilcDyHsQWjGVc0+jA/gRBCCCGEEEIIIYQQ4kh3VAao6xs28uN3/wfbS2AaFkppdKrq1NMejueQH8znlNKTSXgJ3tm1JFl9qjUecNWwS7GMo/LRhRBCCCGEEEIIIYQQh9BRlyK2xFv42Yf34XgJLMNEJ5NTtNLYnkOWL4NLBl/IsLwhLN75HvO3vo6HxlCKhJtgWulUhuRWHu7HEEIIIYQQQgghhBBCHAWOugD15c2vsitSS8gMdn7P9hwsZXHhwPP4cuWXaIw18sCK31Ldug3LsFKVqRqf6WfGiEs7e6MKIYQQQgghhBBCCCHEgRxVAWpTrJlXtrxGwPCjAa01rnaZWHw8lw+9mIqsMl799HUeXvMIAD7DQgNKKRJOnBnDrqAgVHBYn0EIIYQQQgghhBBCCHH0OKoC1I1Nm2lOtBA0/NjaIS+Qy/Ujr2ZS6QnE3Ti/WfF7Xt++EFNZGBhoNEqB4zn0y6rg3MqzDvcjCCGEEEIIIYQQQgghjiJHVYD6SeMGtPZwtMsppZP52vDLKAzlUxdt4Ocf/op1jeuwlA+l2NMbVWs0mm+N+QYhX9rhfgQhhBBCCCGEEEIIIcRR5KgJUD3t8VH9Wkxl8s3RX+e0flMxlEFNey0/+/ABNjRtwm/60BrQyWsUEHFi3HjM9QzLH3w4py+EEEIIIYQQQgghhDgKHTUBatSJ4jd83DHxViYUjQEgHKnnjiU/ZUfbTvyGD0j2O+1IUaNOnAsrv8yXKs84jDMXQgghhBBCCCGEEEIcrY6aANVQBt8a+28UpjaBsl2bX634LdvadiQ3lVIatO7cWMpQBpcNvogrhn8VU5mHefZCCCGEEEIIIYQQQoij0VEToKZZaaRZyR6mWmv+vO5ZltYuI2ClEcNBaYXf9FOaXsLxfcZxYsnxDM7pf5hnLYQQQgghhBBCCCGEOJodNQHq3jY3V7Ow5gNOLJtC/7QC+qeX0Ce9iML0IgpCBShlHO4pCiGEEEIIIYQQQggh/gkclQFqeUYxf5j6U5Tr4LXXYUWb0Qkb7daC66CDOSh/6HBPUwghhBBCCCGEEEIIcZQ7cgJU7aHjbWBHIZCB8qVBD5WkvubteGtewVu/AKdxOzGtk5tHGSba9GPmlWGUjcWqnIxZcgwqkHmIH0YIIYQQQgghhBBCCPHPQGmt9eGcgG4PY29ahLtpEW7dZkhEIZiFmVuOWTIcs/+JmIVDwArsuSbWjNe8A91ai9dYjbtjFe7uKrzWMHSEqQAojMJB+MdegDXiHJQ//fA8pBBCCCGEEEIIIYQQ4ogza9asXs85fAGq55D4+CUS7z2C17QDDCPZu1QZaM9D4aE1KMPE7DsK37ivYA0+FWUFux1Ot9fjhjfgbHgTe91rEG0Fw0ADSmvMviMJTP53zIrjD+1zCiGEEEIIIYQQQgghjkhHbICq4y3E33wAe+WLYJjJPwCeB9rdc54yUIDWGgWY/SYQmHIjZsnoA47vNW0nsfpF7A8eR7s2yrTQrgNKEZx+E/5xl4Jx5HQvEEIIIYQQQgghhBBCHHpHZICq7QjRF76Ls/l9lOUHVDI01WCUjsQsn4CRnod2HXTzDrzwRtyaT5JL+7UHpo/ghb/EN/DkXu/lhtcTm38X3s61YPpAa7RrEzjhKgJTvw3K/OIfWAghhBBCCCGEEEIIcUQ68gJU7RH92z3Yy59D+VI9TT0HIz2fwKk3Y1ZO2X+JvmvjNW/H2bCQxMq56MYdYFqkffVXWP1P7P2WsWZif/spTtXrYFpoACdB8Mzv4x97yef+iEIIIYQQQgghhBBCiKPDwQSo3W9z/wWxP34RZ9mze4WnLio9PxmGDj2j+/6mpg8jbwD+E64l/ao/4j/ha2jPJfriD9DRpl7vqYLZBM+6DWvYdHBsFKBMH/H5P8Wt3/z5PqAQQgghhBBCCCGEEOKfyiELUL2WXcQW/hosf/IbGtAeaef/FKNw6EGNodILCUz7T0IX/RIdaSTx0QsHd50vjeAZP0QVDQbXBWWAUsQX3Aee85mfJR6PE4lG8TzvgOdprYnFYrRHIsTj8c98n94kEgnaIxFisX98bNu2iUQiRCJREokEjuP0+HwHW7TsuC7RaJRIJEIikfiH53g4eNqjJhIm6sT+7jESrk1tpA7vMO3XJoQQQgghhBBCCCH+fodsJyV7+ZMQbQYrVX3qxPCddC1m6djPPJY1aBqhSx4k9uaD+MdfivKl9XqNCmYRPONWoo/NBDww/Tib38XZvQar75gu59bU1LLk/ffJzc3B9TwmT5qEZVm0tLTw3Ny5zJ8/n5bWNh584AEqKwfud68dO3eyaNFi3nrrbT7dsoVYLEp+Xh6jjjmGKVMmc/JJJxEIBA4438amJt57bwkZGRk0NTVx8qSTyMvLQ2vNylUf8eqrr7L6449pamoiFEqjcmAlU6dOZdopU0lL6/3zAGiPRFi+YiULFyxgxcqVtLe3g1KYhkFubg6FhX1ID4UIBoOEQiGaW1uoqw3zrW99ixHDh3U7pm07rFy1kjffeoslS96noaEBrTWZmZmMGD6cU089leOOO5bcnJxur/+kcRMf7P6QDCud+lgj4/qMYXzRgTcNA/hg93I2NW4mYAaoizdwdr9TKc8qY9nuFawIr8bVDrn+HKJujHY7QkuiDReHkBWiKNSHobmDGZE/lLR9qqDbEm18a+H3OK5oPLMm/AeG+my/c9Bo/u/jR1m0413un3o3Rel9PtP1QgghhBBCCCGEEOLwOiQBqm6vI7F6XnIjJwCtIZCOf9zf34PUqpxKWigvOdbBXlM8HLPfBNyty8G0UEphf/TSfgHqx2vX8N3vfhcNTJx4AtOmTmXX7t1848Zvsubj1ZiGiTIM/PuEoG1tbTzyp0f5f7/5f/h8PkaNGkVFRTmJeJzly5ezbNkynnzySaZMmcKdd9xB35LiHucajUa59Yc/JBKJYJomL7/0IsFgkJ/+/Oc88cQTKBSWz0J7mngiwapVq3j++ec5YeJEfnrP3ZSVlh7ws1iztorbb7+dDz/8kP4DBnD9ddcxfvw4TMPko9WrmT17Nu+++y6ZmVl89atfxXFc6sJ1NDU3E493X425/pNPuO+BB3jj9dcxTYvLL7+ciRMnkhEKsXHzJubOncsTTz7JsOHDuOO22zjpxP172MbtGI+vfwafYaG1ZmBOvwM+R4fa9jBz1j2BL/WOnVh8HOXAyvDHPLfpRdLMNDw8rhxyCeWZ5SS8OJuaPmXB9reJuzEs5aN/ZgWzJnyL8qw9n11tpI64F+ftHe9y/sCzGZI3+KDm02FHy07mbfkrljKJO0dnFa4QQgghhBBCCCHEv7JDEqA6NVXo9gaUL1Xd59pYI8/GyPzHqvHMkmM+2wWGhTVkOu7WDzu/dje/g441o4LZnaelh9Lx+XzYts2gQYOIRKL8xzf/g1UrVpCbn4eTsIkn4qSHQp3XRKJRvv6Nf2fZsmX89J57mHzyyeTk5mCZJo7rUlNTy/0PPMBLL73EwoULaGlu5tE5f8Lv93c71fRQOoWFhVRXV5OVlYXf5+c7N3+XT9av456772bUqFHk5eZR31DPwoVv8pv//V+09ljy3nt869s38cTjjxEMdtNTFlhbtY5LL7uU1pZWLr30Um6/7cekp6d3Hh86dAhnnnE6//X9W/jbG3+jva2d79/5XQKBQI/L+pctX8E1115LW2sLQ4cO48Ff/5rBgyo7j5988iSuuOwynnn2OX70ox9x9TUzeeh3v2X6tGldxnGVJmD4MQ0DrTWm8h34Z5rit/z4TT+mMlEo/Gbyc7UMC7/hR+OR5cvgvMqzCO5VZXp+5Tn8Ytmv2dpazebWT7lr6S+5f8rdpKWqmhvjzcmWBQrmbnyF7x337YOuQvW0x6PrnkKh0EBLovWgrhNCCCGEEEIIIYQQR45D0gPV3boUtVfopNFYAycB6lDcvgsjfwC6477KwGurw2vd3eWcgvx8HM8FID0tnd//4WF219byx9mzeeH553n22We44447se09FYWtLa20NLfwyssv85ULzqegIB/LNAGwTJPSviXc9ZP/5pRTTsE0TT788ENemvdKj/O0LJO0YAClFJZp8sMf/5iA38fLL73IxRddxLChQ+nTp5Dhw4Zx479/g/vuvRetIZiWxooVK3hjwZvdjhuNRvnu975HPB6noLCQH3z/v7qEpx2ysrK4639+QnZ2Nn9+4nEe/sMfkp+fYWAYXV+bhoYGbvzmN4lHo+Tl5fPQ737XJTzt4Pf7ueLyy/jSOefguS7fuPFGtmzd2uWcTCsdpRRag4cm15/V42e0t6DhT71OGqUUGb5UuG0olDJQKJRhEXO7VoGWZfblG8dci9YePuVnR/tOVtet7Ty+u313MpA1LN7d/T6bmz49qPkArK1bxzu73sdvJMPc2mj4oK8VQgghhBBCCCGEEEeGQxOg7loLxp5iV2VYGDl9D8Wt96dMlLlXVaMGL7ypyynNLc1YpkkgEGDui3N59dVXefaZp5l+ylT6VVQwdMgQrrjsUoqKijqvSUsLct99v2RQN8Fhh0AgwI3//g0c18PyWcydOxfbtrs917IsTJ8fpRQNjY2sWbuWe+6+i8zMzG7PP/OM07nqqquIRqMEAn6ee+4ZHGf/DbI+XrOWdVVVgOLLX/4yeXl5Pc43Pz+PU6efit8f4Le//R27a2r2O0drza8f/A3hcC2u53HTt79Nv4ryHsdUSnHD9ddjWiau4/Cb3/xvl02pHO0AChQYyiCuu/989hWy0pLdHJQCpbB1MgDPtNLR2sPVmoDhw2/sX3TdN6OYdF8GHh4GBltbqzuPtcRb8fBAKzSap9Y/j6cPvHkYgOM5PLruKQylOnJdGmNNB/UsQgghhBBCCCGEEOLIcUgCVN1eB50VqDpZARrsfhOhL34yXjJkIxnaKcPAa+haBalJhncoRW04zPe++z1KinvuVwrJis0hg3vvj1laWkpuTg5KGWzbto1YPN7teaZpkh4K4Xke8Xicb//Hf5CRkXHAsS+5+OLOa9dWraM9EtnvnKVLl6YqSDVjxozZ7/i+hg4ZgmEYxOIxlq9Ysd/xXbt38+RTTxIMppEeCnHGGaf3Omb//v0oLi7G5/Pz6qvzaWho7DxmGtael1JD0DzwZlsdIl4CnzJTy/4NQmZymX6uPxtHuxhKYSmD7qqeXc9NvhIkq17zArmdx2qjdaBTVdPK4oPa5Wxu2tLrfD7cvYKPG9ZiKRNU8vqmRMtBPYsQQgghhBBCCCGEOHIckgA1WRrYUWWYSqqijT2d/cVSBjg2ewdpOt41aPT5/Gg0ruNQWlrK8ccd97ndPuD3k5+fj9YejuMQP0CAmhYI4LoulmkyZnTvO9Hn5eeRm5uL9iASaaetrW2/cz7dsgXLZwGKzIz9l+7vKyMzs3Ojrh3bd+53fNGixdi2jeu6HHvsBAoLCnofMz2dyoGVaK2JxWOsXbtnyXyaGUy+KVqj0Z1BaG/SzCAeHlprFIpAqgdquxvBUiaGUni6o8K1q9pImNZE8rMKGD7G9xkLQNxNsKt9N6ZhkoxAk/88tu5p3FSFa3eidpQ/VT2BpSxMlax4VUoRjoTRHPymZ0IIIYQQQgghhBDi8Ds0Aaoyu37t2Xith6cfpI42ofdegu15YHbdqKijd6njuowcMYLQXptF/aM8rYlGI533sazu9/HSOtnLUylFIBgkP7/npfZ7zzs/Ly8V80Estn84m5+fj+smg0bP7X0pelNTI8pQyT6g/q6fk+d5fLB0KaZp4jgOJ5wwEdM0exhpr3laVjLo1RrHsWndK+j1pd4VDV02g+pNhi+tc7MnRbKSFaAl0YZlWKljBtY+S/hbE208tu4pNBrHc7huxAxy05LV0a7nUBetB+Cc/mcRNANYymRpzTI2NHRt+7C393YuZVPLpwzOqeSCynNxPBeFoi5aT8I9uJYEQgghhBBCCCGEEOLI0H169zlTGfl4TdtRnUGqwt36Ab7BpxyK23fhhTem9kRP1cQaBvtuqm6aJujkSv/09HRM8x/LmbXWNDU3s3HjJh7/8+PU1oYxlIFhGvh93e8yr5SiubUVv9+PYSiMgwgmPc/DdmwMI7lpUiCw//L3YyeM56Hf/Q7TMtm6bVuvY27csKmzt+iQIUO6HEskEmzevBnDMDBNkzcWLKClpZWGhnoys7IJBHwEA0E87RGLxonFY0SjUfoUFvLhsmWYpkl7e4K21r0qZVNr6VXqf57Z8AJ90gowDYtWpw1DmQTNIAYGUS+G69mEzDR2RWpQyugSogIYqfE6fuIJN0HQDNASb2VdwwYerXqCT1u3khvIZsawKzi9/7TOqUTsKM2JFlzP4Uv9T8dv+Hhy43NYhsUf1szhZyffmapO3SNqR5mz7gksZfLVwRcQskI8teE5TGXSkmghakc7q2OFEEIIIYQQQgghxJHvkASoZp/BeNuWA8mwSZkWzrrX0Cf/GyqYfSimkOTauFs/gFToldzcx0PldN30SKlkxKo1GEbvweW+Ghub2LJ1C5s2b+aT9Z/wycYNNNQ3kkjEGNB/AHl5eTTU12P2UoHaUYVqGAbt3SzH35eXuqbjGTK76Zk6fvx48vLyaG5p5o3X3+DqGV/D18McWlpbeevtN1FKUVJSzKhRI7scb49ECIfDycBWKerqwry96G1C6emkh0IEAgHi8TiWaeD3+3EcF8d12LR5M/369aOiohytNSUl+/SXTbWoNVB82rqVmlgYAxO/6cdnWLieR0LboD209kiz0miKN++5dr+xdKoCNMyP3v0fsn0Z1ETraIg1MKZgNKdWTOOEkgmUZpR0uTQcrcPBxW8GyPCnc/aA03l641xMw2Rd4yd8FP6YcUVd+8jO2/wquyI1jC04hmOLxrG5eQtGalJNdutBbUAlhBBCCCGEEEIIIY4chyZALRmFrZ/a8w1l4LWGsT9ZiH/0BYdiCgC4zTtwd66BvZdxaxejeHiX85J9NFN/9w4+8NqxcydPP/MMTz/9NI2NTQwaNIjTTz+dGVd9jfLyMkpLS4lFo1xx1ddoaKjHsnxEIhH8/t4rEpXaf/Oj/c6BVOWswu/3E4vHyCaryzl5ubnceeed3PSdm/hw2YfMm/cKX7ng/P3G8rTm979/mLr6ekzD5LbbbtsvkPVZFolUD9dIJMLtP76Nk0+e1GWuhmF0CYM7Al6g8+/JTa32ktq0CRTfGXsjA3P69/rsa8JV3Pref7NfgqpBp0LUnGAeoFhVvwZLWVimxWVDLmRofvebfzXGmnBcm/xQHoZhUBDI57Tyqbyx/W1MZfLHtY9xX8EIfKkWEI3RRp7e+AJKwdXDL8c0TDJ9maAUCrDdBC2JVvLScru9nxBCCCGEEEIIIYQ48hyaALXvMeALgufuWaJtBYm/+QBW5SSM9MJDMQ3sj18GNwFWkGSypiGYjbFPoOV5XnIZuEoGiQdjzdq1zLz2Wmpqaqno14//+78/cOz48fsto29paaG9vR2AQCCA2jc8TFFKdW7edLBM08Sf2njK5/P1GLp+6eyzaGy8gwceuJ9bf3grLa0tnHH66eTm5KC1pjYc5o9/nM0jjzxCXl4eP/zRDzl12rT9xtGAlWpBYJkmkUi02x6oHb1cO5/roChc7eI3um9xsL9klel+31XJXqoemjQrxA8m3MSDqx5ibcM6HNfhlyse5GeT7uw21NzVvhsPTW4wm4CZ/DlePPgC3trxLhrNpy1beWfHEk6pmAzA8xvn0Zxo5qSiExialwxl/aaPkBkk5sbR2qMh1kj/7IqDfCYhhBBCCCGEEEIIcbgdkk2kjOy+GP1PQHt77YBumBBtJTb/bvQh2FjHbdqG/eGTYPrp6IiJ52KWjsJI77pzvLd31elBhJgtLa3MnHktDQ2N9C3ty+OPPsqkE0/stgepYzs4joPnaQJ+X+eGVfvSWpOekY7jOPvPqQeGYaIA13WxLJNQWvebXxmGwdeuupJf/erXKGVw9913c9XXZnDdDTcw87rr+dqMq3nvvfe4edYsXn7pJS6+8MJug8+0YJCyslJcNxmM79i5vdc59kbvs8Td0U4PZ3blaDf5F9UxTqq6VSerXg0g5kQozujDd8b9O1n+ZGVuTaSG+1b8Brubd3B72y4MFNn+LIxUo9zSzL6c0/9MbM/GUhaPrn+auJugtj3MS5/+BZ/h56phl3T2RlXKINOflXzjFNREaj/bByKEEEIIIYQQQgghDqtDUoGKMgkceymRDW/u9U0Nlh93wyLib/yM4Kn/lQo3P3860Ub8tbvRThxl7lXRqF18w8/s7InaIRlWKkAdVAXqGwveoDZci8/ycfFFF1NRXnbA8z3PxfM8TNPaf/l6ilIKy/Lh2Dau309GN/1M9xVPxLEdG6XANEwsq+f+re9/sJQ7f/ITZs68lssu+Sp+v49wfT1aawry8snNzSEYDB7wfn6/n3HjxrNi+QpQirVV6zuX6v+9bM9NVv+mPnbHPbgANeImn1uTDEztVFhfEMzH9mx8pg8FRJ0YxelF/Pi47/G9d36MpSxWhVfzyNo/c/0xMzqrWF3PZXekBo0mP5jfGaACnN3/NF7ZOh+0pjZSy183/40d7TuJuTHOrDiVytyBneeGfEEyfZnURGpx0bQmeu9lK4QQQgghhBBCCCGOHIekAhXALB2HVTYW9g3ELB/2irnEXv8ZOhH53O+r7Six1+7C3bJ0n/DUg1Au1sCT97umo9pTKfC8AweoWmsWLX6HQCAISlFWWnrA8xN2Asdx8fv9RGPRLj1B951DIpFItTzQhELdV5PuzXUcbNvGMi00mniqP+m+wuE6vjbja7i2zbe+eSPl5WUUFRUxasQIjhk5kpKS4l7D0w5fPu9ctEqGqQsWvEFtbfigrutJuxtN/kUpFIpW5+DeCcdLoDAwAE97RN0YkKxo1SQ/T1OZ+FTydwZD8wdzw8iriXsJ/IaPFza/wuLtSzrHizoxaiNhFAbZ/swu9+qbWcKZ5adiaxe/6WPOuid5Y9tbWMrivIFndwmQfYaPDH8o2dNVaxrjTX//hyOEEEIIIYQQQgghDrlDFqAq00/glG93HxhafuxVLxF94Wa8uo2f2z29ll3EXr4Fe+3rYHbtpakdG//Eq1Hd9L50XCdVh5jaDr4XiUQidb6mpbXlgOf6LB/t7e0opXqsPgVwHIf29nYsy0RraGjsPXjTWqeW0yc7DyQS3bdGmPvCC9i2Q0FhAT7fP1aEPHzYME6bfirxeJy2tjYefeyxz3R9XV1dl3fCb5h42kMByejz4PrAhqxgarl/st9pwks+e12sCZ9holRymX/H9wHOGXgm08umdoao96/4DZsaPwWgIdZIc6IFZUBOMGe/+3258myCRiDV4UGT8BJMK51MZc6ALucZyiDLn4VGYyhFTXsYt6PdgBBCCCGEEEIIIYQ44h2yABXALB2D/8SrwY51c9CHu2UZ7Y9dR+LDx9Ftf3+vSB1vw/74RSJ/vh5n4+Kulaco8ByM/Ar8Yy7qYQCNp5OBVzyR6LFKFJJL7cePG0sikcA0DN5a+GZn39J9xRMJ7r//fhzHwXXdAy7hdxyHWDzWuXN9NNp7JWYsFicWi+N5GsNQZGZ2v+w/Ho9jWRZVVet4ad48wnV1RCIRHMchEokQjUaJx+M9PsfeDMPg9ttvIysrC9M0+cP//R9PPfNMr9dprXnm2ef47UO/71KxGXcSqNQyfM3+PVF70hhrxsQANFqDTyXbFzg6kYpgFQk3gbHXvQxlcP3IGRSl9UFrD1e73LX0l7Ql2km4CRJeAqUVOal+qXsryShmevlUbM/u3Gzsq0Mu6LLUv0NuMBuNRmFQE6096LYEQgghhBBCCCGEEOLwOzQ9UDspAhOvxd26FHfnGpQVYE+FoQbTAidO/I37SCx7Et/o87AGTcPIKUP50g48tOfiNe/A2boE56OXcGvWAypVebpXAKpd0Jq0c3+C8qd3O1R2dg6O62AaJo7d+wZXZ591Nvfd/wCu67J02TJ++9DvueG6a7ssg1+3bj13/vd/M3LkSAYOHMjWrVuorq6mobGRviUl+43puC52woZUmNhTNeneQukhEvE4Wms8T/cY/E6fPo1fP/ggiUSCW2+5lbz8fLKzswn4/WjA7/MRCAYJBAIUFRUxYvhwTjrpRAb079/teCXFxfzh4Yf5xjf+jYaGRm6//Xa2b9/BFZddSsk+z5awbdaureKPs//ICy+8wEO/e6jL8bgbx9MelmGitEebHe31uQEsw8TWDn6V/Hk3JVoopS+i0U9qAAAgAElEQVRxNxWAq2SA6u6zGVd2MIvvH/sdZi36IT7DRzga5ncf/ZFhuYPRWmMqs8eerhcNOo+/VS8g7toc22cc5Vnd974NmAEMDJRSNMQaiDhRAtb+G4wJIYQQQgghhBBCiCPPIQ5QQfnTSbvgF0QevxbdUpsMTbucoMDyo1triS/6PYl3ZmP0GYRZPAKjsBIjuwSsYLKXqmmiW2twG6pxd63B210F8XZAgdHNo2mN9jyCZ92CWXJMj3PctWsXruMQt2PYiURqw6eeN2QqKSnmFz//OTd95ztorfnVrx7gncWLOWHiCfgsHx+t/ojlK1Yy6z//k8suvYQhzw7h+z/4AQ319Vx/w9eZMnkyF110EYMHVXaOGYvGqKnZ3dnHtK2ttdfPtrGxkYSdwE7YNDU2EolESUvbP3geMXw49993H79+8EG2bdtGOBympqYmufwfME2DZOaoMJRCGQaBQIDLL7+Mm779bULdjDl+3Fiefuppfv7LX/D662/w4K9/zZw//YnJU6YwcMAAQunpNDc1sfTDpaxe/TH9+/fnT4/8iSmTu/ag9bSHpz00Jhqw3e77uO737LHmVPWnSrYASGXHBgaOdgkok7hn0xhvIivQtafpkLxBzBx+JbOrHsdv+lm8cwnv7/4Qv+HHw8Pq7l0C+qQXcnrFNF7Y/AqXD76o2+pTgHQrneT2Voq4m6Au2kBuN20BhBBCCCGEEEIIIcSRR+kDrU//ArnNO4g9dSNu0459lth3w/MguQ0PkAz2UArdUU2YqjBUykhtutQNrdGeQ2DqjQROmAn0vFP8hg0bee75ueQX5OO6DjOvvppAoPeKwVUffcSjjz3GkiXv01Bfj2GaZGdnMX3aqcy85moGDkz2x3Rdl3mv/IUPPvgAwzA49tgJTJk8mdzcPf1Yd9fUMGfOoxQUFFJbW8t5553DyBEjDnj/DRs3MveFFynILyBcV8f1180kPy+v23Nb29q47/77eeKJJxgzZixDhg6hpLiE/Lw8mpqaqKmtYcP6DaxYtRLHcTBNk2g0whVXXMmdt9/WY6DsOA4ffbSaeX/5C+8sXszOXbtwHAfLNEkLhZg06STO+dI5nHTixG43xtrRtpua9hp8pg/HcygK9aFvRnGvn/2mpk9pS7ShDAPXdRiQ3Z+cYDafNm2lOdGCYRi4nsvwvCEErf03yIq7CZbXrCRkpeEz/aRbQRKeS7vTzoCsfmQH9l/GD9ASb2VTyxbGFIzsMUCtjYTZ1roDn+nD9VwGZvfvcTwhhBBCCCGEEEIIcejMmjWr13MOW4AK4DVVE3vlDtztq8DyQaqH5YFoukaf+37d/Y2SlZWBad/GP+EK6CHo6vGeWve4jLu7c+vq6gmHa0kLhehTWEh6evetAg6XJe+/zy23/pD8vHzuuON2hgwehN/v3+8827b5ZONGfvrTn/HBB+/j8/mJxWK89OKLjBg+rNf7tLdHaGxqpLm5mbS0NAry88nKkuBQCCGEEEIIIYQQQhwZjvgAFUDHmokv+SP20ieSlaT7Luk/2HHYN0hN7ePuOhiZfQh+6Xasfif84xM+ylWtW8+5553HkCFDePLPj5Odnd3rNS0trVxz7bWsXbsW205w++23M+Oqqw7BbIUQQgghhBBCCCGE+OIcTID62UoxvwAqmE3wlP8k7bLfYJaPBc/prBj9TOPs/YUGXBs8D/+4Cwld+QcJT4F4IsFtt9+GbSeYdfPNBxWeAmRlZXLFFZdj2zamYVJXV/8Fz1QIIYQQQgghhBBCiCPDId9EqidW+XGYF4/C3fQmiVVzcbetSgapykQr1fsSeq1Bp3qiGgbWiDPwj7sYs3TcFz/5o8SmTZtZ/dFqsrKyGDCg/2e6tqK8AtM0cRyHfhUVX9AMhRBCCCGEEEIIIYQ4shwxASqA8qVhDTsba9B03N1rcLZ+gLP5Hbzw5mRlqk5uJKU8F4zkjuvJTaMUWH7MPkMw+x+PNWQ6Zn5lzxtK/YtqaGggYdv4A4GD2hSrCwVojWVZDB4y5ICnep7Hjp07sRMJ0tPTKSoqAiAeTxCuC+O6yQrj7KwscnJy0FpTU1NLIpFAa41GY5omfUtKaG1rw7FtCgoKAGhsasJ1nM6vOyQSCXbt2oXruuTm5pGbu2eX+/b2COFwGNDk5eV19mFtaGjAcRz69OkDQFNTE05q7Lr6eiLtETztoVDk5OaQvVf/1vb2CLW1tRiGoqioiGAwiOM41NTU4rgO6GQ/XH/AT0lxcecvAOLxOOG6Ovr06YPf58O2bWpqaykuKsK2HcJ14eRnoDVpaWn0KSzs8ssD13Wpqa1Fa01JcTGGYdDe3k64ro683NzOZ3Mchx07d1JSXNzZ3zYWi1FXV0/fviUYhpGabw3FxcWdm4K1trbS2tZG35KSLp+v63rU1NQQj8cIBoMUp54pkUiwu6YGrTVo8LRHZkYGubm57K6pwVCq89zW1lYaGhrJz88jEAhQU1uL57ponXxnMjLSKSgooKamhoyMDDIyMgAIh8OkpaXhui4NjY1YloVSCse2CQbTKC4uOuD7KIQQQgghhBBCCPGPOKIC1E5WALNsPGbZePzHX41uq8VrrMZr3omONiXDKTuG4Q+h0rJRuRUYef0wQnlgfcZg8F+Iz+/DMk0SiQRNTc2UlZYe9LXVW6qJxWKMHT+OoYMH9Xiebdv8df5rbNnyKbm5uTQ0NjJ61DGcMnUKjY0NPPPcc+Tm5oKnaWpu5ktnnUVl5UDmvvQilmmSkZGJ53mkBYOcfdaZfLTqIz5csYKvX3ctGRkZLF36Ia2tLVx04YWd90zE47w0bx4tbW2YhklDYwMXnn8+/fr1Y/fu3cx98SUs08Ty+WhtbeUr559PeXkZ773/Pg2NjXztiisAWLlyJXX1DVx80YW8+eZb7Ni1i9ycbBzbIRqP8eUvnUN5RTl1dXU88/xc/D6LRDyB5fNx+aWXAPD0c8+Rk51NMBjA8zzycnIpOqNPZ0BZW1vLs8/P5corLqdPYSHNzS08+9zzXP21q6irq+OlV16hKBXoNjQ0MGb0aCaffDKGkey2EYvFePGll2lrb+P6mTPJzc3lnXffY+VHq5h04olMOukkADZs2MjzL77IOWedxdixYwCoqanh6Wef40tnncnIkSNpbW3lmeef5/prriEjMxOtNX+dP58tW6v5t+uv62zxkEgk+MtfX2Xbju3kZGUTrq9n1IjhnHbqqdQ3NPDUM8/SNxXmep7HwIEDOWbUSJ597nlc1+X6a2eSlZXFm2+9RdX6TzjjtFMpKy3j6WeeJS8vj0DAj207DBwwgJycHP766nx8fj+XX3oJpmny+oIFDB86FL/fz4fLl9Pe3k4iYZObk0NxcRHFxacf9HsshBBCCCGEEEII8VkdmQHqXpQvDZXbDyO33+GeylFvxLBh5OTmUFNTy4oVKxg1csRBXReLx3n08UdRhuKHt9x6wOrVlStXUl1dzYyrriIzM5OamhqeePoZBg+qJBhMQ3uaiy64gIyMDN56exFvL15MSUkxjuNwyuTJDBs2LDmQBmUoQBOLxVi0+B3OPutMlKFQ+2wXVldfz9Zt25lx5RUUFhbywdKlNLe04Lour772NwYOGMC0U6ZiGAbLly/nxZdf5vprZ+KzfF3HUip1T0jYCcaOPoapU6agtebFl1/mvQ/ep7SslL+++irDhgxm8sknk0gkeHX+a9TV11NYUID2PM45+ywKCwuTj6F1Z/i55zYKv8/XccvOClPP04TS0rjk4ovx+Xxs2LCBl1/5C2NGjyYnZ09Frc/nw2f52LlzF1lZWezcuZOAP4Dn6dQ4HqvXrKGkqIgVH61i1KiRyapNkq0wXl+wkMrKys5Qt6ODcGNjI7W1YbKzs1j/yQaOP+5YAFasXMmuXbu4OvUz3bVzFx8sXUo8HkcBpmFw0YVf6fJeRCIRTDNZ5VpfX09aWho1NWECAX+y20Zq77ovn3tOMlBP8TwPv9/Hlm3VrF+/nhEjRuBpjedphg8fztChQ3nnnXfZvnMHl1x0EUbnMwghhBBCCCGEEEJ8MY74AFV8fjIzM/ned/+LWd+9mXvvu4/jjjuWYUOHHvCaaCzGbXfcwbJly/jBD27pDNW6o7Xmk02bGDdmT+DXt29fystKWf/JBo4ZNRJlGDQ2NhKLxQiHw2RlZmJZFgGfj2UrV1G9fXtyWX1hIccdeyyup+lXUcGmzZuprq4mMzOTlqaWLvfNy8ujT2EBzzz3PP0qyhk6ZAgDBw6ktbWV+vp6zjrj9M5l7CNHjuTd99+ntjaMYXQTviVzPSzLoqa2lrVrq3Bdl3BtmBOOP47W1lZ219Zy9llnYVkWlmVx4VcuAKC1pRXTNFm0+B0yMjNwHIf+/fozcsTwzuGVYaDRvLVoEQF/gEg0gqc1SikMQ2HbNlVVVQQCATZv/pQ+fQoJhUJ7fcbgsywGDxrErt276dOnENOyKC4uxnUdIFm5Wl9fx+WXXsoTTz/D7t27KSsrw9Me2Tk5+H0Wi995h2MnTMAyzc4d2D5avZoRw4ZRWTmQV159lXFjx2BZFqs/XsP4cePIysoiFosRSg8xdeoULMtCa42nPV5/YwE+n49YPM4pUyYTDAYxTYvKgWVs27aNYDBIIOgnLRTE89zU8xq89fYiQqEQtm0zYvhw+vfvh2GYDB00iDffXkRpaSlpwTQcx0YplQx9U/+2UiG0EEIIIYQQQgghxBdJAtR/MRd+5XwaGur5+S9+wVcuvIif3nMPU6ZMJic7u0uvzda2Nj5e/TH33X8/K1au5I477mDm1Vf3upmX6zhYVtfXyjRMbDuR+koz76+vYhkGWdnZneGm42ky0kP0KSjEcZLLsyHZEqBfRTmjR43k9TcWUFZWiml2regMBoNcfOGFbNiwkU82bOCFl19myqRJVFZWAnSpAFUqWcHqeS6GAQH/XiGcBiM1tmEYNDe38PHatWzZsoWpkyczevRoamtrO8fZV0eYmJ2VRX5+Po7rkJmR3u15oWAa6aljOrX5mVIKx3HZvGUrmzZvpqS4mK9edFFn+Js8B2zHoaK8nHWfrGf1x2voW1JCPB6nIwmtWreOjPR0tNbk5+WybMUKysrKUCgCPh+nn3oqz86dS0Z6On6/H8MwsG2bj9esYeLxx+P3+4m0R9m9ezfl5eUk4nF8qbDyk08+YfG772LbDuefdy6hUDoKRX5eLoFAANu2sUwTrTWu6zKgf382bNxIwrapKCunobEhVX2q8bQmOzuL3JxcbNsmLS0IJPvEHn/ssWzYtJE3316E53ldwu6Ojz75/a7vghBCCCGEEEIIIcTnTQLUfzGmafJvX7+B4447jtmPPMKPfvRjQukhhg0bRn5eHh6aluZmPv10C60tLUw5ZSr/8z8/YWgvG0dBMgAs7duXtVXrGT9+PD6fj7a2Nqq3b+fM007DMAwMZXD+eeeSn5fXGd7F43Fcx2HUyJEMSoWeHbTWRCNRTpw4kTVVVaxavZoRQ4d1OWfd+vVUb9vGGaedxujRx/Dee++xes1aRo0ahT8QYOPGTZ0bRW2r3objOBQWFlIbrmPnrl2d40TjMbSXDDMTiQTDhg7hpBNP5I0FC6hav46xY8eQm5sMCnfu3El+fj5aa159dT5DhgymqKgI7WmOP/64zs2c9qU9D6UMTjjheLKysmhsbGTdJ+uT4avnkZaWxpfPPYdt27bxwksvU1NTQ79+e9pXaMBxHbJzsrFMiw+XL+eCL5/Hxg0bsXwWtm2ztmodSilefuUvOI7N9u07iEQi+Hw+orEohX0KmXLyycz/299ID4WwLIvdu3cTjcZYu249Ves/IRDws2LlSsrLyxk8eDDrN3zCmDGjGT16NMXFJfz5qSdJJGxCIQ1KccIJJ3QJM1tbW3Fcl9zcZDi6avVqLjjvPGrrwqkl/Mmf7cTjjyeUvidkdl0X1/NAKaacfDJ/mP0ItuMwaOCALp+BEEIIIYQQQgghxKEiAeq/qPHjxjJ+3APs2r2bLVu2sm3bNpqamkhLCxIMplFRUc7AAQM6e3kerGPHj2fjps08/cyzDOjfn6r16ynMz2fI4EHU1dejSVaMBoPBzmu0ToZwHy5bxu7dNcml6BqOPXYChqGIx+KYpslp06cze84c4olEl3uWFBUz75W/EIlE6VtSzPKVqxgzZjShUIjTpp3CvL/8lda2VnyWj+UrVzJ50iTS09MZ0L8fby9ezEvz5pGdlcWaNWs595wvAckANRGPo5Ti5EmTeHj2bBYsWMhZZ53JmaefzkvzXiFcV0dTUzObNm9m4sQT0Kml+G+9vYicnBxc1yEtmMb48eM6Kzg9rdGeRzQaIysrC8dxOsNEz/NwXQfXdenfvz+jjzmGuS++xHUzryEzM7PjwyIWjREMBCjt25eNmzeRn5fHqkiEgsJCtm7dSjQa5evXXYc/4MdxHP706GOs+mg1pX374jgunusycuQIVqxaRX19PfF4nCUffMDYsWM4ZcoUlFLU1dUx5/HHmdLUxEknTmTOY4/zxFNPUzlgINXbq1FKkZubg+d5aO2xYMFCAgE/jutSXFRE3759icfjBIMBivr0YXdNDXn5+bS3teN5Hsmd4DQL33qLrKxsXNchMyODkSNHoj031SognVOmTuEvr85PXZPkOi6ObX/2l14IIYQQQgghhBDi72DecccddxzuSYjDJzMjg/KyMkaOHMGECeMZM3o0I0eMoKy0lPT0/Zef9yYYDDJ4UCXRWIxwfT0DB/TnlKlTCQSDuK6HZZlUlJV1BoodTMPEsiwSiTiu62E7NhXl5QT8frJzcigoKCAUCpEeClFQUNC5U33HPQdVVlJfV099YwMjR4xgwrhxmKZJYWEhZaV9qQnXEU/EmXTiRI45ZhRKKdLT06koK6M2HCYai3H8cccxbOhQlFJ4nkdxURG5ublYlkVZ3740NDVRVlpKUVERJUXF7Ni5k1AoxFlnnE5BQUFngIoC205g2w6GoSgrLd2zYZPWWD4fFeXlnUvzlVL0q6jAsiyCwTTKy8owDIO+fUtwHIdQKET2XhWthmHQt6SEzMwsMjIyqKwciEaTn5dHPBFn4IABlJb2xTAMLMsiJycZUBYWFpCWlkZJSQk+n4++JSUEg0GKi4toaW1lwrhxhEIhDMMgFAqhlCIzI4O8vDwGD6rEtm1qw2H69OnD9KlTKSws7NwMytUejm2TsB1CaWkUFfXBNA0G9O9PVlYmOTnZ9O/XD601JcXFZGVld1as2nYC23EwTYuy0lIM06S4pJiM9HTy8/IxTYOy0tLOql6tNdnZ2RQXF/faUkIIIYQQQggh/plEIhGWLFnC4sWLmTdvHosWLaK6uprm5mYKCwv3+//aX7Tkfik/oKKigr59+x7Se4tD6+c//zn33nsvjz32GEuXLmX06NF7ir2Ocq+99lqv5yjdkYAIIYQQQgghhBBCiCNOJBJh/vz5zJ8/n0gkAkBaWhoA0WgUgFAoxJlnnsmZZ57ZZTPiL9Lvf/97Fi9ezOTJk7nhhhsOyT3FoXfnnXeyaNEiEnutCB46dCi33347ZWVlh3Fmn49Zs2b1eo7swCKEEEIIIYQQQvwzCi/gzhkzmF31dx7vRdXsGcz4uy6uYvaMO1kQPthz//45/jOIRCLcfffdzJ07l4qKCm666SbmzJnDQw89xEMPPcTvfvc7brrpJioqKpg7dy533313Z8j6RVm0aBE333wzixcv7vL1okWLvtD7isPj7bffZseOHYTDYa688kosy2Lx4sW0trYe7qkdMhKgCiGEEEIIIYQQ/7QqqX66u7CyitmzHmHT4ZiSOGgd4Wl1dTVXXnklt956KxMmTACgqqqKdevWEQqFmDBhArfeeitXXnkl1dXVX2iI+thjj/Hwww9TV1fX5ft1dXU8/PDDPP/881/IfTuFF3DnjNlU7fe9Gdy5z4t+UCF/1Wxm7DveESH5y4MZ+/65cwEH9buHAwkv4M6D/CXGsmXLqKuro7m5mWOPPZZTTz2VU045Ba01y5cvp7m5+R+dzVFBNpESQgghhBBCCCH+iU2eXMGi1WGmT99rk+CqJSycNo1pCxfu+V54AXd2CVUruebe25lemDr2vzC54hEeWQhMu4VbutwlzII7Z/HIpmncMmcmwzu/7hjqGu69fTqFVDF7xj0sBJg1g623zOHcXXcya+sl3MI93JOazrRb5jBzeDcPc6A5dnO88pp7ub3jYNVsZtyz53l7vMcR5Pnnn6e6upobbriByZMnA8lqz8cff7wzIO1Yuv+Vr3ylc/l+R5B51VVXfa7z2bp1a6/9Il944QUmTJhAv379Ptd7dyosoYJHWFI1k+EdP7+6rWyqrKRy0WrC06eT/IlXsWQhTLvlCP8h96Lre5r872rW7BLmHKKXd9GiRUyaNIkf/OAH5OXlAXDzzTdTW1vLqlWrmDRpEtnZ2YdkLoeTVKAKIYQQQgghhBD/zI6ZSMWi1V2q1qqWLGTaxIl7vpEKHitumcOcOXOYM+derqncxCP/u1e126ZHWNTv3uTxLuFNKiytuIU5e4Wniyanzp0zh1sqHmHW7CpgODPn3MI0Krnm3r2CoYX38HTH2PdeQ/U93Szb73WOyaraPcdvoeKRWclxqmYz4x64JTWf5D0Oto3A4REOh3nttdcYNmxYZ3i6detWHn74YSKRCOXl5ZSXlxOJRJg7d27n8vnJkyczbNgwXnvtNcLhz/cB58+ff1DnfbFL+YczcRpU79rzbFVLFjLtkkuo2LSVzrrY8C6qmcbEozs/3Uch0y+ZBguXHNKK2enTp+Pz+bBtu/PPhRdeSH5+/iGcxeElAaoQQgghhBBCCPFPbTgTKxaxujNvqmLJwn2CpcLp3D5n70q3Qo6ZXLnPOJVMPqaQfVXNnsUjXMO9HRdXzeMRruHGvSpeh8+8hWkLn+45sKzc6/zC6SQzon0iol7mGF7wNAsrr+HczuPDmTlnDjOHh1nw9EKm3TKT4XuNdeM18Mi8I2/hdofly5cDcOaZZ3Z+r7CwkDPOOIMzzjiDu+66i7vuuovx48cDyaXWHTqu6Rjj87Lvsv2eVFdXf6733VdBv0o2be2YS5hd1ZX0KxjOxGkL6Xxt6rayqbIf/5+9e4+Pqrr3//+eySTkQrhMCAG5DYUgweLjEDwCMkCxqO1XT72cXwmXcyy059h+kQI/03LKUQpWPfRLxS9Upaf9tQ85fEu4nO+pttVHxVopJAoo4KlWEBBJIMgtE4RAbnPZvz/23DOTTJKBTOD1fDxGzOy19157r73X3vsza63dL5DqrScT6gYfP11kl/pQgP+83nryYT351luh6U++pfP+YQVire/QS2Fd8js7wO+hlyK6+AeHMWjRTb9j4wl/+ctfltfr1blz59TY2Ci3262amhpduHBBTqez1SCq1+tVY1OTGhobY36awl5Klerowg8AAAAAwHWuaOJQbQt04z+0RzumT9R8SXtapAzrYi9JI6a0vuAdq7RK0oh5YxXsRX/6hHRsh0of3hCVeITmxVvO0IEKD832GzZCKj+t8xoYI3HsPNZUHZOGzlTLEG+Nqo5JO1Y9rB3Rk6bH3bIuV1VVJUnBMU8ls7t+eLf87du36+OPPw5OCwjMk+wWqIF1teVqB1Dzx07RiA17dGh+kYrOf6hyTdGCfEnDRmjHnkOaX1Sk86dPaMSU+8zj4dBLKt0wVMs2rlCRzABmzG7wcdP101tPrtKJeWu08c58f4vmJzUsbPiIYxuqNHPjRs33H5+l6+dpzcaNyve3nH710J2aX2QGaFedmKc1G+9Uvr+19pNvhQ010SrzxwBNX+b/MeCQXlp1QvPWbDTzceglPbzqVR26M+zHgk7YsGGDbrnlFr333nuqqqrSgw8+qJycHFVUVOj999/XAw88oNdee01Tp07VTTfdFHMZn1+4oMbGxpjTevfurR4ZGUnI6dVHABUAAAAAgOtd0UQN9QdWtGeHpk+cL0V0Ag4FJUf4g0Tn33pSpW31xB4xT2sWSOtL1+utsWFjkQbHPE2mDubRrzuMeRqurdaea9euDbYwHT16dMzxTq92IDOeq/UCq6D8gRqqcp0+LxXVVOnY0InmsTZ2ikaUn9Z59dOH5dKUBf7RUPfs0Ih5a4JBxaL75mlEqT8AG7bYQ3vCg5NS0fyN2ihJ599S+bERweWp6D7NG1HqH1vY/GrEvPv88/XTsBHSiCn+HxXyB2pocA3n9WH5MU2fucJ/bphd8jdsCx+7NVKLwP+IsNbeKtL8jStCSz99QgpbW0d99tlnevXVVzV8+HD1799fo0eP1meffaZNmzYF0zgcDg0YMEDZ2dl64403NG7cOI0ePVo9evQIpklLS1NOTo68Xq/cbnfEOnr06KGsrKxO5/VaIYAKAAAAAMB1r0gTp6/SnkMTpR3TNXF+1ORDe7SjI0HPoQOVn1+kmdM3aNX6tzR2xZ3KHzhU8o9FmfCyTpzWeRUF08dsTdpGHkOtVouippsBrfLT56Wi5IZ0r6Z+/frFnVZVVRUMns6dOzeim78UCmAOHdr5YFr4Otub/qq9SEpFmjj9mPbUBMbz9R/Q+WM1Rev14fmBqjo2VBPzJbOLv3RsR6kiG0WPMAOwwb/NdCOmxNjvNVU6pqGa2enDJ15r6Olxz5fWA/+RL2sbMSJ62I2Oee+99zRu3Dj1799fVqtVd9xxhyorK3X69Gl5vV7l5eVp+PDhys7OVm5urnJyclRVVaWbbrpJ+fmRW5GTk6PGpqbIAKrFouzs7Ihga6pjDFQAAAAAAG4ARROna8eqVdoxfWLs7r3hL+A59JJKNxyLlSr2sucv0/RjG7T+rfP+1nk7tCp8sMVDL+nhh1+K/+KbYxsUHI70/FvatmOE5t0XI5et5DH/zpmaHr6c4NiU0p0zp+vYhvVh40EGpqXuW6QCwcfwsU0D8vPztXjxYi1evDj4ghvnWfgAACAASURBVKlwgXmig1mdkegLpDqavr36DRuhE6cP+cc/DXybr4FDj6nqw9M6ETzO8zVwqL/VcuAlYhs3auPGsBbTYelCY6tGrEwjdEKnO324mMH86cs2RuWlg13uD72qDcemB1+OtmJmcgLmn376qXr16iWfzyePx6OsrCwVFRXpzjvv1F133aXi4mL17dtXhmHI4/GoZ8+eOnv2rBoaGlosy2q1Kic7WxlhXfWzMjOVmZkpi8WSlPxeCwRQAQAAAAC4ERRN1HRJ02O9lrxovpZN36FVgZfRbBumNcumS8fCXz7V6sI1f1kgSJmvO1cs0/Qdq0Ivt1klLQsGiczWgxtKwwKYI6ZL2/xpSzdo6LLo4FYieSzS/DXzdGJV4IU6pdowdJk5tmTRfK2ZJ20oDU0rn5LouJNdI/ByqFiByKqqKq1bt07r1q2L2TK0vLw8YhmddejQIVVUVLRrnoqKina3Wm2P/LFTpKo9qtIUhb/brGjidJ0oL1dYVFVFE6fr2IZXFYrRPxkzoF80MfIN9+ffetJ8AVT+WE0ZcUzlgZPh0KvacCz2S9XayLXGThmhHdtCL5U69FLrL7VqWyCw6x8fNbiqgRqq8DzvaTkGcAwXLlyQxWKR2+1Wc3Nzwh9Jqqura9FVX5IyMzOVHgigWizKzMyMCKh2B3ThBwAAAADgepR/p1ZsvDPsC/Ot9PH+Lpq/URujuvaHJkcvK2x8yNAXYenNZUePFBBrXeffkqRhum9FrPTtyaNibHP4pBWKMykl5efn6+6779Ybb7yh8vLyiJam4WObnjhxQkVFoaB44MVSd999d9JaoK5du7ZD861atUr//u//npQ8tJA/UEN3bNCO6csij5t+w6RjJ0LjlUr+APqTKn34Yf8XIzRvTYxWny3STdeyjeaQEXeuWKaqh0PDAExftrFlkD+RbN+5QsuqHg57yVpoHe3mH4t1Q+nD2qARmrdsnkas8o8Nm1+k++aNUOkGf56nz9O8EVJbIe0LFy4oLS0tZiC0NVarVVeuXJHH41F6enqLaTk5OXI3N8uWnt7tWp9KksUwDKOrMwEAAAAAAG5M5ougplyFl051f/X19XrmmWd08uTJFmOdBlqmRn+3adMmDRkyRI8//riys7OTko9f//rXHXoh1dChQ2O+3Aqp689//rOOHj2qcePGyWZLvN3lwYMH1adPH91xxx3q06dPzDQXL15URkZGyr08qrS0tM00tEAFAAAAAABIQdnZ2Xr88cf1zDPPaNOmTdq/f7++8pWvaPTo0cHAaX19vT7++GO9/vrr+vjjj5MePJUUMwhaVVUVMeZlVlbWVXxpFK6VK1euyGq1yuv1tquVqNVqVWNjo7xeb9w0vXv3TkYWuwQtUAEAAAAAAFJYfX29Xn/9dW3fvj0YtAwESOvr6yWZAcx77rlHDz300DXJU6C1a0B0C1l0T0eOHNELL7ygpqYm9ejRQ9nZ2crNzVVOTo6ysrJksVjU1NSk+vp61dXV6cqVK2psbJTP59PMmTM1adKkpAbvr4VEWqASQAUAAAAAAOgG6uvrtX//flVVVQW71A8dOlTDhg3T+PHjr2ngqr6+Xr/4xS904MABFRcX65FHHul2gTNAIoAKAAAAAAAAAHElEkC1XoN8AAAAAAAAAEC3RAAVAAAAAAAAAOIggAoAAAAAAAAAcRBABQAAAAAAAIA4CKACAAAAAAAAQBy2rs4AAABAexlXXGra9YI8lXtl1F9oK7X/X8vVztZ1wCJr74HKuv9/yZo/sqszAwAAAKQEWqACAIBup3HHWrkPvt5m8NQwDJmBU4KniTHku/iZ6l/+XldnBAAAAEgZBFABAEC34zm+O6F0hE07xqg729VZAAAAAFKG7cqVK12dBwAAgPZpTvD+xUIItaO4RwQAAABMNrNrGwAAABDCPSIAAABgogs/AAAAAAAAAMRBABUAAAAAAAAA4iCACgAAAAAAAABxEEAFAAAAAAAAgDgIoAIAAAAAAABAHARQAQAAAAAAACAOAqgAAAAAAAAAEAcBVAAAAAAAAACIgwAqAAAAAAAAAMRBABUAAAAAAAAA4rB1dQbiOlKmBWsr5Jj9lJZOyWs9ratcq5fv1qSnlqqtpEmd9xpwla/W8s2VLSc4ZuuppVNkZvmIyhaslZas15xRgXkGa8n6ORoVd5nxp199R1S24BUNSdF9fs24yrV6+WbFKF2Tc4nW33M2pY/P9jGP04pYk5xLtH5OFx2NZQu0Vub6XeWrtfzkA12TlyNlWvDKkLDz+ppnQGUL1qo6bp3b1vTWFl0ms4pKtM4JO1Yi6roU4b8+teTsZL2a4tvdjaXPfEOZQ3JbTqh9TXUvPZ2UdWTO3610xVveE8ouvVf66yTVb0/K6totfeYbysw/qsYXH5W7C9Yf934mqv53la/W8t2TrsLx71L56uU6+YB5r9T9JbfObs9+79JrZbcW7z7IodnXxX0eAADXtxQNoLpU/kqFnE6nKjZv15EpVzHQlzdFS9dPuVpLT44YwaUjZQu0fLXi3+g6qvXK6nJ9K3r6kTL/A8zgq5dfJCbi2Iv3YDcq9Y/Pdon1kGA+UKwe0oHAXBKMmrNe66/5WlPY7l+prGBp1HHoUvlq86HPcS3ycGSfKlI9gBgjf67y1Vq+oKzjQdTusN3dWYtgaYmyHl2i3PlKWhAVbWhxP2Ne+xaUhb7Pm7JU19Vl72pLUp3Nfr9WWt4HucpXa/nyMhV0WcMGAACQiNQMoLoOanelUw8svU2qWKt9R+ZoVNQdxZGyBQo0AHI4neFTzNaNSyZp91p/6z7HbD21tEDbg7/6ht28RLRA9c87e7A2bw78PtzZFkVXx6h7Zsux/KRcUpwH7UmaNHi3DrqmRNykHdnnD0zHbAaYQqJaeDmXRAYWw8vfn8B8+IrV0s1VrtXLT+oB/3eRrWBS/Ff/8ONT/u1YIq0NbHywlWqgJWvU8drGfkwNo3TPbIeW7z4o15RA4Mh8qA4VU1RQKar1brCluqtcq38lTRq8WZsrJDmX6Kkhr0S1qolssR1ogfrUkFf8x8VaLag21+cqW6BXhizRpN1r/Xkxj5eC7WH1T0TrnqjWJWHBArPFziTNrt4c3K7gvGHltHzByS6tcwZPmqTqfUcUUem6Dmq3nHI6KlQtxW65345WpkfKFuiVIbM1ePPm4L5yRrSgN3fQ8gWb/d9HHQ9d2GK5NXlTHpBz8ys665JG5UltHQ+/0qTgPrjtTof2vRW93dH1Vfj5fURlC/ZpyOxqbd5cKTlm67FJu/XcyQe0RGsVqiLW656zYcuI2HdR+1Xhx3MC18N452Ewf7G3PXVsVcOLhcouvVfZ9zztbxlqBlVtmaFUxsm1urxtq/lH8YvqOb1YlljTJEm3KLt0t9L8f3mjW5zetFm5pf6QVuOBqNagZivVwLzRy86cv1vp9rBlhQWEM+fvlvXKAVmHFMuiOnl23K2GA+HLq5O3tv176OrL05SlS3RywVqV3RZ2zPvrbEWdJ7HPi+jreKxjLy90rK9dENYqs5W6Jfp6Mnas9GHviHPg6rWWTVxCdXZAi9bzoXM6er/Hu16F9n3oWpmn1sokgbqkrXzFu3YGNre146Eb3AfljZkkh04G/w7vGSMp8prrit0DwjH7KS0t2B5/Wsre6AIA0H2kZADVdXC3Kp0PaJRGSU5p7b4jmhN2Y3ikbIHWVs/WU+unKC9w8yuHJgVTVGrzK5P01Pr1yvPfSC9f4NDsp9ZrfZ5//u1HNCXmHVSlNu8OzGsue23ZbSn44Ne2MbcN1q8OujQl7IF2X4VTty1RagdQg4GY9ebNtatcq5evVrn/hjiy/APpAw9ft8mpyKB76HgKe0BYvzQ0b7f61b9Ca/ct0fr1c/z7Za0WVDj9+8o8Xl8pvycsKBd/P6Yuczt2T3pK65f6Q55lC7S8rMB/Hh5R2fLNGrxkvZaOkvn3guUqK1ivOXmSKjeb8673h2LLE1tr3pSlekqR3RJdkio3v6JJ4XXH8gVyzPYv/0iZFqwNtJIPBWbXjwptx+rysAeXis06GZh+pEwL1v5K5WOWasqoOVq/RF3chd+vYIwm7d6uI2YNLMk8hzTpAQ3Z7X8YzxujSY7N2h1WvxzZZw65kuh5VLl5d3C/uspXa/naMt22fo5GTVmq9QXhwxn46/jBS7R+6SjFarGWmto+HsL3gSR989bIYRxCw60sDdVfES1cK7T55BKtXx8Iyu42f3Rcsl5mFbFay9cuUIXTn8ZVrtXLX1H5PUs1JS96vwbW5z8m86TWr4etnIejEjgXUsbT8tXeK1vvEkkyg6f1r6nuRTMwaXb9/5ayireaAcnpxfIFg6JPKLt0ibLv2RoKktrzZOyYpLoD/nm/uFmZ22er0T85zS6510xSo8ygZ+ajL0ovPiq3P3hqPblWddu2Bpfdc6Z0edtWM3iafUCNa/wB13s2K/eL4YFfKW2IPbhsRS/PH/gNZiSljNJtTumV0C8PEaLPk9av42bLy+rZT2l9WIB0dflTWrr0KSmip0cCdUvE9cQ8rkP3Fy4d3F0p5wNLU7/OlvzXnGrNfmp9WGBzbfx73HjXq1jXyjbvrVqpSxLJV7y85MnfsypUT0asu5vcB7kO7pZmfyux6+eoOeY9YGBe/3XigSl5klqbBgAAOstqGIZS63NY2zdXyjm+UIZhqPDuWXJUvKJdNaHp+yok5/1O2Q1DhmGX85uz5JCCy5DCpxdqvFOS83457eb0wvFOqfqMasLSx57XrqKJjoi01/4jSdHf1WjXrzar0jlehWH5VvQ8heM1ePdHobwf3qcK53gVBpN3XTnHX3+Ndr1SIefi2cFtM+xOfXOWtHn7YbP8Zr+oF78fKCNzO53B7TfLu2Lf4eDyPtodOJ4Oa/tmadY3w+edrcXOCr2yq6ZL94dhGDIiyjD2vpIcmnV3oX+/FGmiQ3LMutu/r8zjtfJkTUL7MXXK3TznHROLzHI5vF2bNUvfdNqDaQpnL5bTXw/U7HpFFY5ZurswMH+hZr/4omYXhvbRxCJ72PJbnkMR54vCp0elVYy6Q07dH8hb4Xg5Va0zgXw5FwfzEaibtHm7DgeWHZ7vwvFyqlIna+LnsyvKR4ZdRROrte9w4PsafbRb5j4N7jf/sRasXw5rX0X0fg//RNU5UfvVXjRRDv9+bLEvDm/X5kqnFs8ujNivkdeFa/2JXVaHy9aqwjFRRfZEjwczbezl+q+FYeew3flNzXKE6itJwWtlcP6wY8zcr9F1RuCYs8v5/Rf14uzQ/Gb6xK6HrZ2HbW97Eo/XJPBeqZMlp1Bmi9RJEd353Z8cVfw1Pa36NVEtTGt3qeFA+Lx5shSHreuvoWBq418OyMgslK1YSp85VWmNB9QUbHH6tOr/WinLkAeUKanxpUmqC2+tuv0jeaOzU/tRKD56zy1KU6U8geUdeFRNJ+sS2h/hrsV5YxiG7IMD167odIo6T9q4jvvri2Ad7T/Ovx/429yohOuWyOtJ1P1FzUfaXenU+ML27ocknwMJ1dnmfnrxxe8H693g/XHM65/acb1q+95KauXeOpF8xc2Lea8Tug8KLG+2ClP2PqhSm5cv0IIFoc/yzZVhx78RdV8SKusWy6vZpV9tlmb9KGwbE5nGhw8fPnz48GnxSUTqtUA9sl8Vjln6UeBn2LwxmujYoj2Blk6us6qWQxPDf0zNK2hzRE/H4G7862vFOj0a3WLUMUs/mt3Wb9WjNH7wb4Pd+I/sr5Bz/GxJ+69SRpPBpepKqWLdoy0H2XdGpSz/iX64pbLF5FHjndK6/Toye5RGuQ5qT6VT94+S/9ipVMUPH9WWqEU7ZiV3K66lwQWxju3E9+O1VaktMff/j/R9fwsJ19lqqbJCP3y0RSrNkuSqrpQG3991LX4cg2Ou22Xu8Jbnatfu8A7JGzNR1W/4u4S6DmqPJuqbedLBqDSOLdXmMCKus6p2TNTdV6FQXGerJcfEyH2eQJ1/1VVuiXGMOrX4RbP16JHOHg+xrnXKU0G7N3ywYlYRYY5sflTrgvl0aGIi2WvlPLwezoXI7vKBwOPTcp+cqswv7lbuF9WBF1DVyTgf9ueB0/JNL5YlX0rLyZXqT0e+3Ol8rQzZI5YQ/TKsFkHUQLreeVLj0Yjp7osuZea3I7upqI3reMz6Iu6i2l+3jBrvlH57Vi6NUp6rWpXO8SnReyWROjvIVa6f/HBL6AWWnT0tk3Vv1aF8mfc6g+/vTvdBDs360fcjW8Ae2axH1/1W5Xd/vx0tY49o8w+3SLN+FGOe1qYBAICOsiUaab02XCr/bYVUqZYPppVv6IhzlgqN8F9hI5NEfhc1vUVUOTLSHG9eI/xX9s5uXgcYhiTnYr0wqzDmxMg8mfkOz3Ph+MFa98YROWdJ+yucGj/LkHE03vzXVqwyDHAufkGxN9mQq/xZrdhaKcmpxS98T4U6qi0L1ylYboXj5dQ67T8yS/Yze1TpvD+spa5DJU9+L+YNZdeeC0ZYi4Pwr8OOT0Ufqy3nif63tf3YNSL3/9EtC7WuItRayMybJEeJnvxerK7shkKHb4xtiHE+xz+HI/d15DxRKWPVHbGmt3KuuhLKR9fVNSGGDHuRJlS/pF0139OYg3ukCfPNlkNSqC61F2mCY0vwPItIE3fRcfZb3HrYkFqpg1urQ666eMdoeD47fDzEuzaFrSOR61XYhGBdETaPef75t+WFKcpzlevZFXsTuh6GshK3Ek/wutVxlraTJCQtJ1fGFbNmCQZOG/3d5YtfVM/poe1wb7s7ogt9bum9McZBTb5Q4LRS7jV3q9HfRf9qS+a1Il79KplBd8cguyKub7HO/zau4+aQLfHq0cjjv7X7u9jXXJn3F5W/1Uc1Tg3YXyHn+FldfO8gJVxnu8r17IqtqpR5b/C9Qn8dILW938PXZUSVZZv3Vq6Ief1ZCi2/Hflq/doZe++k3n1QjHq98C6VOFZoz0c1cobtxPjXSJfKn12nCudivRB2/2RqbRoAAOgMa1dnIILroPZWOlTy5At64YWwz5MlcqhC+49KyhugwarUqfCXIbjORA6Sj5DC8XJW7NfRo/vN7vtdnZ822TXIIVWfccWZ7tLBvZVyLn5BL7wwK872+LvZ7S830473p4p17Fy32tqPqaFw1pMqcVRo3bPlCuQ0b8BgqfKU4hWT3dwwpdqWpWq+OiZPYyZIew8e1cG90oQxsZqw5GnMBIf/PIuXJgk5iXU8dIM6v9PHQ8z6yqUzSdvwo9pf4b/exvyxonWtbV/3OheekNUu+S5u9f9/nTw7orrLx7J9turWTFLjyTpZ8qcqPaF15coS3gK0eKCs/lap3it1UvbAyOXk2/1B4hLZ8nPl/esk1a2ZndAwpu6LLinTHnwhleRvlZqSjmp/hTR4QAL5a+M63tb1o820bdYthRrvrNTeg+Xmj9Ipc1PVdp3tOrhXlc7FeuGF2AHFjq+6c/dWnctXa/c63eM+KFxC54AkV/lL2lrp1OIYO6y1aQAAoHNSKoDqOrhXlY4JanHflzdF9zuliv1HJRXqrhKHKn4bCLi4VP7SVlW2WBpMhRrvrNC6dRWhQGJKy9OU+52q3PqSyoP3vC6VP7tQz4a+CLsh9v/SHrWUwvFOqWKrtlY6NCjYA9J/7KzbEmzFKB3VloULteWorjOJ7ceul6cp80vkqNyqFYFCKLzLDKqGF8rRLVq40Cy3vCn3y1m5VX8MTm59u8yH5L066J/sKv9ty+58ydgSf75eCsuHq/xZLQwLDncneWMmSFvXaati1MlhaRwVW1tN02ktjgd/ne+8P6W7Jnb+eGhZXwUejO9P2oaHBz2OasuKxK+lrZ2H3edcKFHWo/cqrfa1sHFMw4Oc5kujQi1dn1B26W5l3xOa35afK+P8rtaDrWHSRr7oD5KWKGtSsSz+MVPd23bJm1msHjNLQuv6okPGyVeCAVNr78A0f75bW9H2V+RpdMgWWF7xi+oR1vU/dYRayyUW72njOu6vL34bduwd3bJQC2Nd5DtYtxSOd6py69aU+1E6kTo7/IcNV/mzYUN3dEYS7q06nK/Avc4fQ+t2levZhc+q3NVd7oMkHf2jtlaGAvL2QQ6pYn9wm47+MaxuPrpFK7ZKJU/GaETQ2jQAANBpKdSF/6je2FopR8m8mN1ARxZPln76W5XPKJXTWapF1d/VioVml7nJJSVyVO4NDZQvRXRxbNHtMFbXyHjzBid3URf+sLy1lio839F5Hlk8WaqQikf6tyuiW3hXMGSoUltXLFRkp0eHSlaWyjmyRCtL1mhl2HRHyUqVOu0yDMk5r0R7V66Qv/g1edFKlfxupbbuO6KSkf5bxpHFmqwKve2Y4H/5hPm13X/srFsYujufvOh5zRoZv/vXtRGnu2748amw/zdizxNxvLS6H7vmaI4+vyRJdqdKF1Xruz9dp2cHrVSpM0/O0kWq/u46hYppshY9P0sjDUOGRqpkZYnWrFyohcHJi/S8065QT8GwdYws0aLJ39VP/fvBUbJIJY6fqjpwvoTVD/aiCXJsXaeFFeb6wrsxBpZr/hPVJdowZBiBfIWOTTlKtLLUfHFGKGux5pV5zFb+VCsW7jXPg2seHIzKj71IExySJvhf7hU6GEP7o0WaeIuO3G8t6+RQupZ1lF3O0pXSmpVaGCjwyYv0fMnIruuamFAd2t7joeVy7c5SrdQarQxtuBY9X+I/DxK4XrXo+hpeZ4xUyaLJ+u66hf4fFBwqWblIk1f+VHsP1sjpbGv5rZyHhr3Vbe+yLvx2s8t9OCP41nvJfHHTLcoNjHGqOnl2vCbv9HuVNrJEOhA9XeY4qAl336+T57xdmaW7lSmZwwQEx1B9WvVrpOzSJcotXRLMW2BogIbdU9Vzemia969r5Rm5RLabnpAUaxzWrWp4sTBseZXynKyTrZ1joCa1C78kVYTX6yZHyUo978wLriv8OAvPR+Cv1q/jdv/1I/rYGynDkIomOLR13UJVTF6k52cVtl63RNdLAf77CxV3YR0kqb11tt05TyV7VwbvnTV5kVaW/E4rt+7TkZKRwdF2Y+/3yHVFXysLWy2T1uuSvHbkK/a103+vEyxEc91OuyHDnor3QfHvf0cG635znwT25+RFizS54neSYejIPvO7FsuYvEiLFH/a87RIBQCg0ywXLlxIlQgqAKBbcalizQZpXlcEfHGjS/vVV7s6C9c977f+0NVZSEFHtXXRARX/tIRWfgAAANeJp556qs00KdQCFQDQrbgOaa8m6Bv2qBZaAK4L3CPGcHS/3r6jWDO7rBcPAAAAukJKjYEKAOgejm5drMU/2qsJ35jc7hcQAUD349Lbzy3W4hekhSW0PQUAALjRWFwuFz+gAwCAbiX9pXvbToROcc9/rauzAAAAAFx1zzzzTJtpaIEKAAAAAAAAAHEwBioAAABa4B4RAAAAMBFABQAAQAvcIwIAAAAmAqgAAABogXtEAAAAwMQYqAAAAAAAAAAQBy1QAQAA0AL3iAAAAICJACoAAABa4B4RAAAAMNGFHwAAAAAAAADioAUqAAAAWuAeEQAAADBZLv3vqdwdAwCA7sXb3NU5uP6lZXR1DgAAAICrbuXJ29pMY5PFcg2yAgAAgG6Fe0QAAABAkmSTp6mr8wAAAIBUwz0iAAAAIImXSAEAAAAAAABAXARQAQAAAAAAACAOAqgAAAAAAAAAEAcBVAAAAAAAAACIgwAqAAAAAAAAAMRBABUAAAAAAAAA4iCACgAAAAAAAABxEEAFAAAAAAAAgDgIoAIAAAAAAABAHARQAQAAAAAAACAOAqgAAAAAAAAAEAcBVAAAAAAAAACIgwAqAAAAAAAAAMRBABUAAAAAAAAA4iCACgAAAAAAAABxEEAFAAAAAAAAgDgIoAIAAAAAAABAHARQAQAAAAAAACAOm2F0dRYAAAAAAAAAIDXZiJ8CAAAAAAAAQGw2gyaoAAAAAAAAABATLVABAAAAAAAAIA7GQAUAAAAAAACAOGiBCgAAAAAAAABxMAYqAAAAAAAAAMRBC1QAAAAAAAAAiIMxUAEAAAAAAAAgDgKoAAAAAAAAABAHY6ACAAAAAAAAQByMgQoAAAAAAAAAcdh8RFABAAAAAAAAICabjy78AAAAAAAAABATL5ECAAAAAAAAgDgYAxUAAAAAAAAA4rD5GAQVAAAAAAAAAGLiJVIAAAAAAAAAEAdd+AEAAAAAAAAgDpuPt0gBAAAAAAAAQEw2W6/+XZ0HAAAAAAAAALj2LredxGIYNEEFAAAAAAAAcOMpLS1tM431GuQDAAAAAAAAALolAqgAAAAAAAAAEAcBVAAAAAAAAACIgwAqAAAAAAAAAMRBABUAAAAAAAAA4iCACgAAAAAAAABxEEAFAAAAAAAAgDgIoAIAAAAAAABAHARQAQAAAAAAACAOAqgAAAAAAAAAEAcBVAAAAAAAAACIgwAqAAAAAAAAAMRBABUAAAAAAAAA4iCACgAAAAAAAABx2K7GQi9evKhLly7J4/FcjcUDAAAAAAAAuEHYbDb16tVLvXv37pr1J3uBFy9e1OXLl5Wbmyub7arEZwEAAAAAAADcIDwejy5fvixJXRJETXqE89KlS+rduzfBUwAAAAAAAACdlpGRIavVqosXL14fAVSPx6O0tDQZhpHsRQMAAAAAAAC4AaWlpXXZcKG8RAoAAAAAAAAA4iCACgAAAAAAAABxXJWBSum+DwAAAAAAAOB6QAtUAAAAAAAAAIiDFqgAAAAAAAAAEActUAEAAAAAAAAgDgKoAAAAAAAAABAHXfgBAAAAAAAAIA5aoAIAAAAAAABAHCnZAvXolu/qp2/HmGDL1aDCCbrr7+/S+ILsTq0jPpcq1qzUVpVoZalTeZ1O19X8+Ry0SM/PKuzqzAAAAAAAAADdylUJoCZHlhwTijUoLIcNZw/p0NE3teHpvfrgf0dKpwAAIABJREFUn3+g+bf26rrsAQAAAAAAALjupXAAtUATvjpLzuimnfUHteXpn+ntl/4/FT5R2nI6AAAAAAAAACRJSnbhN/z/NQxDLRaVVaSSf56mA8/t1O92HNfkv3f4J9Sreu9v9Js/fKjK2gZ5JNlyB+nWr87VTOdgBTv811erYtsm/eGDU6rzxEoTWKdb9Ufe0Natf9Chcx7Zsvrr1r+bFzOd66P/q5f+421VNUhZ/W/V382bKefgyCEG6qv36je/+Z0OfFInj2zKHVmsrz30kCZEpEtkG1yqWPOktg3+hr5r+4N+tvOclHu75j3+D7o1W7p08L+0YdPb+qTOI1v/Ys39n3/nz6fBy70AAAAAAACAdkrhFqitcDg1w75Tv/+kUi45lCfp7B+f0+rf12rQ7Q9pbrFdWXWn9Paf/6AD255TQ9ZK/c/xvSS5VPGz1dpWO1LTHvqGiuxS7YE39Zttq1XteVxPfKkgtI5Tv9NzPytQ8UNz9R27R4d+v1U7tz0n9fpfmndrekS6n/2yl4q+NlffyW3QgTd/o22rj+rUd1eqpNBMV390q555/m01DLpdD32jWHbPJ9r5hz9r0+pDqvzu4yopNEOjiW2D395N+lnBBJV856ty12bJkS1d2v8zrfyPQ9KgaZo7t0j6ZKd+//wG5V79EgEAAAAAAACuS90zgKpc2QskHTqrWkl5qtQHb9cpd/L/1GMlhTLDlmM0prhAG/7llzrwyVlpfC/JdUh7q6Tbv7NIfz/Gv6gxRcpqeELbPjgq15cKQi+D8tj11cf/RXf5Y6pjCrNU9y+/1IEPjmrerWNCWfHY9dXHnwilG1+ogqef0e9/t1czSp3KU6X+8Mu3VTfsIa0o/ZJ/+WM0ZkKxfvf0ar259V196YkvqSDRbQiut0hzv1ui8cEGrJX6r22HpGEz9XjgpVZjxmjsyF/ryX+vSubOBwAAAAAAAG4YqdmF3wj9T+xFZSm3rxTs5q9hmrHix5oRmCeQzHaTRg6SDtTXq9kwlJ6bK7tNOvD7LSrK/arGDu6ldGWp+J/WqDg4r3/uQZM1rn/Y+gPLOlurGsNQXiDdyBm6PTyd+mvc5EH6/ct7dejiZE2u3a93G6RxM+6QPTxvGqRpM0bqzbI/64Mz0zSjIMFtCEwZVqRhWWHrPXtUHzZIY2fcHrGerKIZmmF/V7836MIPAAAAAAAAtFc3bYF6SedOxfrerXrXWZ06d07njh7SBx9+qE/OSVKdLknKS79Vfzd3rKo2vaP/+Mk7ki1LdsdYzZgxQ+OKChQxaqktPdYKWupvV6+or/IGDZP0vs7WSnK71SC7Bhe0XF4ve39Jn8h1SVJw9IA2tiFePi65VCu7JrdYT67s/RPbFAAAAAAAAACRumkAtVZnz0kaNlh2/zeuA7/UC5s+VK355iXZexVo2LjbNfb9nXo/bM684n/SiuJLqj70od7989s68Mm72vbv7+o3w2bqXx+bHD9A2W5Z6pUlyZ34HIluQ/uky5bV4ZkBAAAAAACAG1pKduEPLkdxuvBXHtC7DVL/4hFmd/VL76rsPz5Uw7iH9cM5xbIHG2Ge1Zvv79T7MiK7xStXg0bfoQdH36EH5dbZnS9o1cu/187jd+hBh/zpoudp+b0hSbWXVG8YCo9R1p6qktRffXMNGfXpylKtqs82y+gf2Tr0Uu05SYNUYDdkXEx8G2LmL9cue8z1uHS2StLo5JULAAAAAAAAcKOwdnUG2q3hkLb9aqcabKP1lXH+fu/nKvWJpLG3hwceJZ16V+/Whv50H3pZP1q2XC9Xhi8wXb1yozvht8PHOyPWoYZP9Oabp6SRxRqZJckxTrdnSe+/+Y5qI2Y8pZ1vfiLljtZIe+LbEFdBkcbltlxPwyc7tTOR+QEAAAAAAAC0kMJd+M/p3de36VRYDhvOfagPP6mTR7m6Y+E3VByIe/YfqdG2d/Tur36irJn3aXRug2rf36lXD5ySO2z+9JFjNdq2Uztf+IkufWWabh+Uq7pT72jn6x/KNuzrmuboQDZza/Xmv/1Epx78ssaln9LO13fq44Zh+vqc2/1jozr0lW/doQMvvKx/+8kpPfjlcbJ7PjHT1ebqjoUzNKgd2xDfIM34xh16N2w9WXXv6NXff6i6DmwWAAAAAAAAgBTtwm/O3aCqd99RVdj3tsy+GjbuXn35vhkqsoetJ3ecHl5Sr//c+KreLvu5dtoy1XfY7fp/vvdt2d/5kda984mqm+9Q3/QR+vqyR9V348va9XqZ3vePNTrijke07MEi9TUMc9gAfy6MiC780d/7/x47W0tGvKef/2eZ3m2UMoeN0z8+MkfFfUPDD2SO+LqWfW+YXn75Vb288V15ZFPuiDv0j498RcUFmeZ2JLwN8fIXWM9N+s+N5nqU2V9jH/hHjXvv/+hP/vQAAAAAAAAAEmcxkhxVO378uHr16kSXeAAAAAAAAACIcunSJQ0fPjypyywtLW0zTfcbAxUAAAAAAAAArhECqAAAAAAAAAAQBwFUAAAAAAAAAIgjJV8iBQAAAAAAAACpgBaoAAAAAAAAABAHAVQAAAAAAAAAiIMAKgAAAAAAAADEQQAVAAAAAAAAAOIggAoAAAAAAAAAcRBABQAAAAAAAIA4CKACAAAAAAAAQBwEUAEAAAAAAAAgDluyF5iZmam6urpkLxYAAAAAAADADSwzM7NL1pv0AGpjY6MGDhiQ7MUCAAAAAAAAuIGdPnOmS9ZLF34AAAAAAAAAiIMAKgAAAAAAAADEQQAVAAAAAAAAAOIggAoAAAAAAAAAcRBABQAAAAAAAIA4CKACAAAAAAAAQBwEUAEAAAAAAAAgDgKoAAAAAAAAABAHAVQAAAAAAAAAiIMAKgAAAAAAAADEQQAVAAAAAAAAAOIggAoAAAAAAAAAcRBABQAAAAAAAIA4CKACAAAAAAAAQBwEUAEAAAAAAAAgDgKoAAAAAAAAABAHAVQAAAAAAAAAiIMAKgAAAAAAAADEQQAVAAAAAAAAAOIggAoAAAAAAAAAcdi6OgPJd1i//vZz2hX+1fA5+rcfTFO/diylZueP9a9lxzV8zjNaNq2tOQPrnKrSn8/VzW0vXKseL9PxDuTr2mnnNgEAAAAAAADXoesrgHp4kx55blfL74+X6V+/Xd2uQGC/aT/QL6YlNXcAAAAAAAAAupnrKIBao50v+4OnUx/TL+beHPr+x49r0/FdWrPpNv/3MVpX+oOvgRansVqgBr4zDdfcZ36gmI1TAy1MW0vTppYtaac+9nP9g3+zDm/6ttbsCv/Onz7QqjWslevcIWXa5F9QdIvahLYpuD2K2rcAAAAAAADA9e36GQO15iO9c1xmd/2IAF8/TfvBY5oqSbv26XBHFx8RaJSk49r0+I+1syY65WH92h9snPpYR4OnNdr546hhCCTtem5T+/N/PBQ8Nf/8ZTDPiW3TLq0JBE/NTOjXHd2JAAAAAAAAQDeTsi1Q3evvbFf69C9/ywzyDRkQY0zRm/W3U6Vdu07qTI10c7uDmof1etlxhbfQDAQf3/moRtOCXf1P6jc/3iUzjvtMsLVo+/XTtB/8XKERBAKtaDuS/0CeA8s4rpMuSf0S3aZQK9fA9JP+TLS3jAAAQGpJX/BWV2cBAAAASHkpG0BNKTVndFKShk/SLf7gZeQYqS7/v8d13N9Uc8iA5LwaKtBVv8OCee6nWyYNVzCDCW/TVP2tPxDcb8AQSeEtVgEAAAAAAIDrW8oHUBNuGVGzU8MlHT95RjW6Wf38rTbfmfSMlt3ykX7TRhCy5szJTudVkjR8uIYfP65dL+/UV34wLUZr2EQEWosO19xnfq5fzA383dos/oDoNUSrFQAAuid6kQAAAACJu37GQO13i+4YLul4mf5102FJ/TTtn+ZIZY/rkeAYnkMU2TDU7BIv1eij3a1EJ/sN0BCZy349MP7n4U165Nvf1iObwgcEnarSH/xAD02NSttewfFcA61DXToZJ3snzQ1QzUe729c2NOFtAgAAAAAAAG5cKd8CNXH9NO3Bqdr03C5p13N6JEaL0+Fz7pHZGz1PQ4ZLOn5cmx7/tja1ueyb9ZU5w7Wr7Lh2PfftsJc7Ddfce26Wol7tdPM9czR8V1nbrVCPl+lfv10WnUn92z+1Mt0vb/BwScd1vOxxPRI7SVK3CQAAAAAAALgRXT8tUCXp5rn6xc8f09Q2E5qtU4cH/56q0sdan6vftB/o3+YMj/hu6mPmy5diJNY/zxne8VaogflDK9IvHpsqyXzBk5nknzQ3Ikki2x29mnZsEwAAAAAAAHADshiGYSRzgcePH9fAAQM6vZzA2FzJG2fzsH797eck/xvlAQAAblTJv88CAAAArr7TZ85o+PDhbSdsh9LS0jbTXEdd+Ntys/7h5z/v6kwAAAAAAAAA6EZuoABq6wzDUH19verr6+UzDPXokSGrNa2rsxWTz+dTU1OTLBaLcrKzlZ2dLYvF0tXZSirKI7VQHqmF8kgtlEdqoTwAAAAAJBsBVJkPWxcvXZJh+NS/IF82W7rMkQ0MJXeAg84zn6ssslgkj8ejCxc+1+cXL6p3r16yWq+PIW0pj9RCeaQWyiO1UB6phfIAAAAAcDUQQJXU0NAgw/AqPz9fhmHI4/EoyUPDJp3FYpHValW/fnmqqXGpoaFBOTk5XZ2tpKA8UgvlkVooj9RCeaQWygMAAADA1UAAVdKVK1eU37+fDMOQ1+uTz5faD1smQ4ZhPnT16dNbNedd180DF+WRWiiP1EJ5pBbKI7VQHgAAAACuBgKokrw+n9LT0+V2e+T1+lK+tUqAYZjjpNlsNvm6SZ4TQXmkFsojtVAeqYXySC2UBwAAAICrgUG2JKWlpcnnMx+0usvDlqRgfg3DUFpaar4goyMoj9RCeaQWyiO1UB6phfIAAAAAcDXQAlUKvvG2uz1wSep2+U0E5ZFaKI/UQnmkFsojtVAeAAAAAK4GWqACAAAAAAAAQBy0QPUL7z7XWV6vR1cuXdT509U6+pd9ev+dHTr32Sk1e7yyZWRq4LCRum3Kl/W3U6art92elHxfb5JZHtdSd8xzIq5GeQS62YazWCzBTzJQHm2jvuo86qvUQn0FAAAAINkIoAYZMt+E27GHF8Mw5HU363TlUf13xZ908C/v69z5GjXVX5Z8PlmtFtmskuFuUNWh/1bl4Y/01wPv6aslc/WFwtGy2TpWFGZ+r8cHrvaXR1NTk5qbm5WZman09PQW030+nxoaGiTpqr3hmPJoYymGIRleqem8bLVvKd31R9mufCCLt0nenFFy95kmd7+vypftkKwZnQ5MUB5x5qa+SjLqq9RCfQUAAAAguQighgk8a3Xkocvn9erTj97X9rJf6MSnx3SxwSOPYVFOZobcMtTc6JUtzaI0q5RmtcqQV3/ZvUPnzp3Vw4/+vxo15ovtXmeyWr2kqrbKwzAMNTU1ye12yzAMvf/++zp48KAmT54sh8PRIn1DQ4O2b9+u9PR03XvvvcHvLRaLMjIylJHRuQfgG708EluIR9ZLHymj+hfKOP+aLJ5LwUm2hs9kq90tm2uHmoZ8R968aTLSsjq8KsojPuqr5KO+Si3UVwAAAACSiQCqn2F0rtvf5zVn9af/+j+q/OSImrxWNXktSrelySIpKyNdXq9FDR6vvF6fLBZD6WmSzWrR8UMfaNtLv9SCf3lCffPyOpBvQ51sZJOS2ioPn8+nczXVOnpij87XVsvj8ajmM68u1Hr13gev6dDJlsP7etyGTp/1yGKR/lD+s+D36ekZ6p83VCOG/K3y7Td16g3IN2p5JLYQnyz1lUo/sUHpZ16VvFdktBiG2S1bzR7JKzXa+srbZ7xkoTyiUV+lFuqr1EJ9BQAAACDZCKC20P6nF8Pn00fvVejgfx+QJS1dV5oNNXulnKw0pdnSZPgM9chIk8UiNVuscnu9avYYMtIMZfZI11/efUc73viDvvb1We3sGmvm9fp+4Iq9cTWuM9r70X/qYPV/qcFdI1kNpfkGyto7XycaTshwfx5jUTalZY+UZOijc4eDX1ssVuXUFOhC3d9rwhdnKq9vgazWjrxf7cYtj4R4rij9zBtKP/MnqalRhuIFGgxZXX+RLfeP8uYUShl9O7hCyiPmHNRXVxH1VWqhvgIAAACQHARQJQXGSzPHTGt/l7/mpkb9ZU+5Gtw+eT0+XW72KSPNqp5Z6Ro5rJ8OfnJWPp/PTGyRMtLTJMOQzyfJYijDZtUfX/2dps24R/Z+/dqxZkvYmGnX01NX6+XR3Nysw8ffUZXrdVnSXerbyypbumTROUnn/KliPewako7GnG4Y5+Rq+rNOnxunPr36dbA75Y1ZHomyuOuUdvZt6bKrlWCEn7tJ1pr3ZRlUK196nw6tj/KIjfoq2aivUgv1FQAAAIDkI4AaFOju52t3C5BLn9fq3Gen1OSVGjw+WS2GevZI08hh+bp7cqGyMzNUse+YZEgWSR6PIa/hk9dryGIx5DXSdKKqStUnKtvZLdaQucTr8WErfnnU1tbqcuNBZfY4rfz+NuX0tMqWYVFnhpAzDMnwnNHFS2b32o51i70xyyNRVk+DLBerZLgTay1nuXhKcl/uxBiGlEcs1FdXA/VVaqG+AgAAAJBcBFCT4Mqli3I3N0mWNGWlWzSooK9u+5uRGl9UoAJ7tu678xYNHthHBz6qVvWZz9XQ4FazR2qSVx6v5PH6ZJVVx44c0Rf/prhdrYluxO5+9fX1yslu0OBMi+x5NmVmWWWxmo+eHWVIMnxeXalu6tRLR27E8kiUYUhGs2S4Ewv2GG6L5Ov8OhGJ+uraor7qnqivAAAAAIQjgOpndvXr2EscMnN6ypeWIZtV+sIIhx78+v0aNThXRl21fJ5GZdl6aNrEIk0cP0rnXXU6ffZznXNdUk3tZV283KCTZy/p0PEa+Xy+dj8MX68vnWitPAzDUM+sLPXOylMfu0229OSs06J0VZ9J79SLR27E8kh4GdYeMnoMkT4/nVj69JtkpGV1MkBEeUSjvko+6qvUQn0FAAAAINkIoIYJPLy09wGoZ+++6pGTq/QeF3XX331Nt0/9sppqjqmh0SWrxSpZ0tRsSGkZFg0e3FPDhg6UfF65G+slb5MOfnpOS//3G3J8YUQwH4kJtGG6Pp+4WiuPm/Ie0fDhq5KwEp/krpfRcFHeyzVqvrRX1pNvy9eznyy9BsnI6CmL1SZZE2mFdOOWR0Lz23Lk6Xe7LGcPS81XWk9sscrb51b50vt2IiBBecRCfXV1UF+lFuorAAAAAMlEANUv/JmnvQ9AGT0yNWrsePXN7aHxt98mS1oPKS1T1oyeMqw2yWINDm/mNgy5PV75vIa8zYbSLYa8Pp8GDRmiIcOHd+Dh6/p82GqtPAItrnw+nxoaGnTx4kXZbDb17t1bly5dktvtlsViUV5enmpra+Xz+ZSbm6ucnBzV1NTI4/FowIABMpouq/nke7JW75XF0yhrjl2jCnrJYrjkPfOJPJ+45M3oJWNAsYz80VKPXmZZtp7z5O+MFNCZ8yPAZ8uR+wv3yVJ7UmmVf5K8zbETWtLkyx8j97B75OvRu1MtuiiPlqivko/6KrVQXwEAAABINgKoQT4Zhq9D3VIl6bYpX9JfPBdls3hlsVpl7dFTaZm95WtOiwhIGDIkr1fyNMnnbpJ8PtXWefTQ7H9Qn772DnaJvR4fuuKXR3hA4rPPPtOePXvUq1cvTZgwQe+//75cLpfS09N111136e2331Z9fb2Ki4t18803691339WFCxc0+6F75T74O1069CflDbtFVnuhLBaLLD16ypLWQ2m9ByvD55HH9amaD26Tu+cgGaP+h2QfKVnjnzY3YnkkypBk5AySpahEam6W9dR+qflyWLTDIqX3kM9eKE/R1+Wxj5bPCMzZMZRHbNRXyUZ9lVqorwAAAAAkFwHUMJ15bhns+IKaxk9Rzfnzys0bqLQePZWW3TuUIPhyXUNGmsd8SLKmyWPYlD1gtMY5p7frZSyReb4+H7haK4/Ag6bD4ZDD4Qh+P2PGjIh0X/va1yLmueeee6TmOnn/slHWM39Vvy/cKhk+WXxuyWKVz/WpLFl9ZVhtslgssmb0VMbgW6XKvXLv+6WMv/mG1L8oblDiRi2PhJdhSZO7/1gZt31Htp6vylp9QJbL5ySfV0Z2Xxn9i+S5+avyDPwb+WxZScoz5RGN+ir5qK9SC/UVAAAAgGQigBqloy1AbLZ0OYpule/yOXkaLkvpmUrLskuGZHiaJYvF/3RkyOdtlpobZbFYZWQX6AvFtyozO7uDLU+u74etWOURaM3l9Xp15coV1dTUKCMjQ3a7XS6XS263W2lpaerfv79qamrkdruVm5urjIwMXfy8VvbTrym78jWlO6bLcNfJe+GkZE2TJT1Lhs8rNV02gxOGId/n1bL2vknpA0bLd/gtef66VcbERVJOfrwcX/2d0oU63ULK0yjr51WyXPhURk6+vIUzJItNkkXyuWXxNcl69gPZLnwqb6/B8tkL5etZkEBX5Lg57nheuwHqq9RCfZVaqK8AAAAAJAsBVL/QG3s7/sCV3iNLVtsANbnrlWF1Ky0zV5IhX/OVUHMYwydfo9mt0JLeU7KPUs/eBZ14i3JyWtqkmtbKIxCQ8Pl8qq+v17lz55Sdna2cnBxduHBB9fX1yszMVJ8+fVRbW6uGhgZJUnZ2thpP7VN61f+VLStXqq+SJXug0voOksXXKDU1S7LIcF+WfJIshiwZWZL7iixpPWTNLZD1xNvyDvpbGYX/I+aLWm7E8khsAT6lfV6p9E/flK36XVkvnzWDdJm9ZfTIlSxWWZovS/W1sjRelKw2+TL7yNd3uNzDp8n9hbtk2DI7mO/2ZzfVUV+lFuqr1EJ9BQAAACDZCKD6hT9sdabFii8tQw1er6wejzIyM5SW2UdWa4bZiks++dzNMgzJYsuSkTNIvpwBMgcb7GhAwqfrsdVKW+VhGIa8jQ3qcfmCBvfuqbTmJtmaG1VQUCC32y2bzSabzaaCggJ5PB5lZWXJlmZVb+O/lZXZJGvvL0hGkyy+ehlWqwyvR/JZJMNiFoXPbH0nWWR4mySLTdbMnpKvWZYjr8rn+JKU0TNGvm7M8ghntVpbpEk7+6F6/HWrrN5GKf9meQePl+VKjayfHZC15ogsMmRYrDJ6D5G38G4Z2XZZGi/KeqFSPT7cojTXMTXeOkdGTv/gMi0Wi3w+Xxv5pjxaQ32VHNRXqYX6CgAAAECyEUBNOou81kxdvFyjPharMnP7ymdNk7zNMjzNshg+WW3pavL0lDd7oCxpmTIHHER7GIYhn9erppOV+vy9CqUPcii9b57OXaxTQ0ODMjMzlZGRoXPnzqmhoUH9+vVTr7RL6t3wkWxZ6TIyM2SRVT7vRUlWWWSTIavZksv/MXxmcyDj/2/v/oPkLA87wX+7e0ajGf0EBIifQtixQnBwHGPZzhpJce42Tk6U11srbgtRZv9I4qtUHX8AdUXig6uDwvFVyexW9m6v8PrqCpdR7aHKOlsoe/Fe1hGy18QYY3ttTCmOGfPDeAAJ0K/53d33R3fP9Px454c0g1qjz6eKYjTd8/bT7/P208/7fZ/neetJSpUk9ZQqXSm98eOUjh1J/YoPndN90ImqpZM5Pt6f7vK69HZtSildKSUZv+K6jF76xzk59lLeGvtpRmvH01d5by7/2D/PJd/8v9P1D3+T8W2/n2Mfuy2vj3wvQ9Wj6SlfkYu7d2Vt19UpV3pTqvSkXhpMPeMZHH8949WhrK1cn0p9zbl+2+cx7dW7QXvVmbRXAADAQglQJyzNiK6GUoZPn8jPX3wuV9zw4Vx05XvSXUpq48MZeef1vPXTH2Z0rJq+tVtSTs5qzl693hp5tNJGrRTXx8SU2FIp9XIltaHTGR8eSrVay+joaMbGxpIk1Wo1o6OjGR8fz/j4eCqjr6S7PJhKVzXJ6dRqpcaNcOpdSSop1cup1xvhUC2lpFpLvZrmwK5yMj6cUpJydTS1N19IbfNvziz1BVgf7cYznJ+f+o95fejp9FUuT3d5fWPkVX08w9VjGR4/mrH66dTr1ZRLq3JRz+F88LfvyaU3fCoDl6/ND996JG+P/H3q9bGUSl3pLq1Jb9emrO7alFIaI8VGa8czVH0jV/btyrZ1/yLlel9xqS/w+lgY7dXZ0151Fu0VAACwtASoTfXWHafPIpCo1xunPeP1pFIppXTylbzwn46k76obctEVWzI6eDLvvPyT9IwdzZqrtuXUWC2ruqrpLpdSLp/5qK6VuGbaXPXR29ubkydPZnx4KOlbk+7f+Sfpro6nklo2bNiQ1atXp7u7O+VyORs2bMjo6Gh6e3vTMzSYclctpcq6pDSSSkZTTnfqpUrq9XJSLqdWLyXVcsoppV5KaqV6c2RXJfXx0yllPPVyKaXB1wuPkwutPtpVSr2plFZlaPzNDI2/Oec2q/XhHB3+QZ49+nBuufpf5elX78hQ9Wjba45mpD6akdG3k9Gfzvj7rnJvyumZ9/N6IdfHfNvQXi0N7VVn0V4BAABLTYA6YfKs5UwCiXqSoVopx0bLOTaaXDU8li1XXp2+9UMZeOOlvPRaf7p6erNx45pcfvFlGU1X/svAybw+Xso168q5dmNPLurtSmURwUTpzJciPA8U18dFF12U119/PUdPns7F77khm0uT++ySaVvZtGnTxM/d45WUy+Mpb7wxpct/L7Vf/IeUht5MvTaSJKmlO+XmzZNr9XJSKaVcT2NabK2UUvVkSuVayl2lVGcp14VaHy2lUimVUk82rnpvLlt9c8ZqpzJUfTPD1WNzbrlaG8lo7cSUMGJ2payuXJLerkvTXVqTDd3Xp1zqbozXmqVMF3p9zPfX2qulpL3qLNorAABgaQlQJ7RGq9QWHUiMJ3lzvJKfDVfyi+GubF3flU21crrqvdl01ZVZ/56P5MSoA+UyAAAgAElEQVTIaFIupa/34nSPvpWu029kyyUX5d/93WBefOm1fPiqddn13o35wJXrsq5nYdXSutPwypzuV1wf5XI5V155ZV5//fWJ0VqVysw7TM8wmqwvdyUnn099yx3J++5K6dRPUhp8LamOpZRK6se+n/rQ26lXmslEM5So16pJ/VSyKqmPl1Pv3TDLVN0Lsz5aKqVqekZfza+O9uSGyq6crgzntdVD+cngf87x0f7CLdfq9aReSq029367qOe9uaF3Z66s9qUvPamPJGOlX2S4clVjJN70El/g9VFEe7UctFedRXsFAAAsLQFqmzNZU3AkpfxktJxXa6vyTq2cwdSztVJK18VXp368mmp3b4a7LsrQa/97ytWXMrp2Z3rWfSS9F9+Yvu5LUsk/5KdvHM9rb5/Kjwfeye//2qX5/V+9LJf0dS+gvDmjAOV8MVd9rFu3LrVaLcePH8/p06fnvbtxkpyq1bOpvjpdY6+l9uL/kYG1t2Woa2u6KtdnVddYNo69kNX1043pspVyaimlnnJjxFB1KKmMpNRTSq2rO9WLf6UgkLgw66NUKmVV9c2sfelfpvvtQymNn0jfqkuz4dJ/krFL/mm+8/q+wu3WyrXU60l1bO799r6LdueGY8+n+82DKY8dTb1rY0Yv+Z3Ut3wugykKiC7M+iiivVo+2qvOor0CAACWkgC1aXLNtIX/zXiSZ8cr+ft0ZfWqSgbr9bw9Vs+33zyd8kXr88FLb0ppcDinXvurXDnyf2X1mtMZHHo6x09/MG/1fTL19Z/IP77+4pw+fmme/fnR/Ozoiex/bjhj1Vo+/f7Nuah37lBiJZ9nzVcf5XI5GzduzJo1azI8PJxqtTrviWd3+lI7cW0ydCylkz9O5a1jeWf4ulTTl409p7Oh55WUcjIpl1Oql1KqlBo3Z6mNpVYeSlYn9a5yaj3XprpxW0GZV6aFfD66x46m67VvpF4dbNwhfPhYugf/Itde+9f51vD/Vvh3483RYmPD1TnLcPXqD6Xr5c8n48dTSznJiXQN/ad0Xf0/pl5aX1DmlUl71Vm0V51FewUAACw1AWqb9htPLMSLpa58v9yVTb3deWekntfr1VS7SzleLeWJX5zOT96o5SP113P921/JxvWllKr1rO5+PWtL/19ODT+Xt0/9VT7Y86lct+N38ifDI/n5G+/kjZOn85f/9dVsWN2V/+5XL0tPV3mB5V55FlIf3d3d6e6ef/Rbw8YMln8nldNHsqp8Opd1D2Rd5c3UUkl3KVmVUkqlcpJyklKSeiqlamrlsZRX1VOqlFLvKuf0Fb+dWve6wh1/wdZHtZbaybEk7fVxOj3ljRmfI2wYK1WTeuZ8TpL0lNanfmIw9SnbH01qtaRSvNbhBVsf02ivlpf2qrNorwAAgKUkQJ0wOd1vIYHEiVIlh2uVdPV2ZzilvFIbz8lSLd3lpNRTymhW5Z2jAxk78Ve5vPsnqV39P6c+8loqxw6kp/5aVvW8kfWrv5Fjp76TDWv/ZX77V38jj50cSvX0aF4++k7+8gev5PqL+3LT5rUplYpv1NJYh20lnnEtrj4WYmRkJG+Nvi/18d/LxcOHcsWa41nTNZrG2LxS4796dWJ3lhpL3aVcSerlUurleobX35Shy3al3jgDnvEaF3J91KuV1IfWJPXxyd9VVmesOpzRoeIpy+PNKbFzPSdJxsZHUhvZkFJ1ePKXpe7Ua+XUy7OX60Kuj3baq+Wmveos2isAAGBpzT9c6AKzkHPfepJ/SDnHV3Wlt6uSX1ZrGaiP52S5lpPlek5VaukeP5mL33w+1574j+mrjqfc//+m3HtTxq//1xnf8JlkeFNWjVRz2ZrRrOntSa2rK+npSsrl1MbG81/7j+ZvX3gjp0bnHuWy0i3laJyf/vTv873v/yhrt/3znL7yD/PzE5syXF2VRhiRNGq2nlLzv5TqKZXrKVUaoUS198qcvOKfp9pzReOWyReguepjrOuSjG38R6kN9qQ2uCq1wdUZveqf5Mev/mXGhmvF/43UUq/V537OcC0vvP43Gdv8+23b78nYJbsyVl53wa4bqL3qLNqrzqK9AgAAlooRqEkao1VqE6NV5rvBx0ipnJ+XSil3VzJWqudoajlZbpzWdpXqqdTGs/EXP88Vbx7O5vXHMr7tgZRGXkv5+X+Vro3vS+2KT6a69kPJwJdyonZtfnz6/XmyfyCpJ/VaPaVaLeNj1bzw2jt58+TmrOmePecul8uZnKK4kk7IFlcfCzXwy1/mueeeyyuvvprf++Tvpvvif5bXTvxFtqx7PZVSW/DTmA2bUqkZUZS6M9Z1RY5f/E8z3PtraQwSmlmmC7k+SqVShlddksoHPpuu1dckJ17L6EXXZui9/02+96M/nXO9wGp3LfVa5l1T8Psv/1Wu33Zf+rIm3e/8IvWN16S6bXeGy2tTr80c0XUh10c77dVy0151Fu0VAACw9ASoUyxs+uXxWvJ2qZSeUjnD9XrertVyOvWUy0mlnvQdeyMbXnw27xv/Yfq61icvPZ3SVR9N7T3/Q/L2cyn3/z+p9KzOyMiqvLTqv83jr5zIiaHR1MfHUhsdS218PPVqKa8ePZm3T43kuot7Zy/tEk4X7UxL+/5KpXIGB0/ntVdfzV/8xV/klo//Vga7fy9ry89lY/nV1MeHU60ltXpjtFalkpS7N2S498acWrcjw73bklLx+oUXcn3U6/WMVpPqhm3p2fH+vH3qxRx55et54bn78vapl+YcCja+uhF2jI/MHTy99uZPsn/kf80N1+7O+37zv8+G3mszMjKWanX2IONCro922qt3i/aqs2ivAACApSNAbdM6d5nvJKZaq2W0XstItZrRUimnqvUM1espJ+kaHs66v/9J3jvwd9l62bF0Xbcn6a6k9vPDKXevTv3y96e26drUf/GXeW1kcw7nmjzz2onUB4dSPXk69ZGRpFpPqVZKpZ6U5jgJbMzKXLknXAutj4XauHFjxsbGMjo6mrHxsXzvuR/mAx+4KT09782mVQMpjx3PyHgpo9VyRkdHUh0+nd7VW7P6og+l3L12aqFmoT6S8fHxlMeS/tf+S777wmMZGnln3u1WxxrbGx+bb+ReLQNHj+TkqaPpXXVxeq+6IuPj44XPVh8N2qt3h/aqs2ivAACApSRAbarXJ0eAzHcCvDH1bBsfzQ9Ol3N0VVcGx2sZrdUbK9O99U4u7v9RfqP2s1xy6vWUf/w3yXv/Uepbfie1kbdSP/oPKY++lZPDq/KjoV/P35yo5vg7J1I9OZT60HAyXk+53JWL+1Znx/suyxXrV88xiqbUdqfhpd4j59Zi6mOhrr7mmlyyaVN+3t+fvjVr8vLLL2fDhg3p7fu1DNV+Je8cfyfHjx9vhBYjPRkZ7s769dW8p/52Nl+xOpVKZZ4yq48kqddKWd19UbpKvanX5g8kGjdOmXWW8ay6ymvS07Ux9drc4Yj6aNBeLT/tVWfRXgEAAEtNgDqheVK0gDOXnlLywXI168eG8txYJYNj9ZRrtRwvlVIbHU+9Ws94uSf1Winll55LfeAfUrrifam956PJxTdm/MW/Tv/RVfnWyKb8w+mxjA/W0l0rZWNfXzZu6MpV61fng9dszMffe2kuXruquMT1VpmXZg90loXXx0Jt3LgxH/3oxzLwy1/m1KlTGRsdzbFjx3Ls6NH89K238vOXXsrbb72VsbGx1Gq1rFrVncsvuzxr1qzJpksvXUAgoT6SpFqt5vKL35/Nl/xaTg2/mVqteNTVYlXKq3Llpptyyfr3FU6FbVEfDdqrd4P2qrNorwAAgKUlQJ1i4Sdda0vJ+1PN1fVqbqkkP6/V82o1ObG6N+9s/pX8hx+/kqPjffn42l/k2vGBlPqfTf2XP0390qtyotyT7x9/f06uvSwfvebS9FUq2bCqkst6V+XKDT25pK87F69Zld5Vlcb9QQqnxJZW+A0nljaUKJfL+fVfvynjY+P520PfyKmTp3LppZfmnXfeyXPPfS8jIyOpVmupVsdTq9Vy+nRjiFG5Uk6lUpm3HOqjYXx8PGtWXZGbt/2LDA6/nV+8+f3U59wnC9tf5VIl11z2ofzm+/amb9VlGRubO+hQH5O0V+8G7VVn0V4BAABLR4A6YXK630JPgMtJLi4lF1eSa8vJaL2e8VU9Of3R38yLG/vyvR9+P3/3i/7ccvEb2bX2lVw29svUX/9ZXux6f46vfW8+9YH35KKLLkqlnHSVSukql9JdKaXUWAwtqc9zGte80/DKtPj6WIienp586Oabc/U1V+eNN97M1uuuy4mTJzIwMJCf/exnqVbHU6/XUyqVctlll+cDv/Ebec97fyXlcmnecqiPSWNj47lk3Y35x9v/l/zgp/8ur775XLoqq7N+zRVZ23tZVq9al3q9lrdPvpJ3Tr6canU8Pd1r896rP5GNa69OqVTK0OiJnBp8PSdOD2S8NpLrNn8kN12/J32rrsro6Nj8JVYfU2ivlpP2qrNorwAAgKUlQJ3hzE5guktJd6mUlJP1G9bl8g9/KO+/YVt+9PwL+eu/ezZ/9frl+f0rjuW6NYN56sTWXHr9dblu8yUpl8tLXP6VZulPKLu7u3PVVVfnyiuvSqlUyoaNG/PP9tyWN954I8eOvZlqtZa1a9fmiiuuyLp165tTYUtLXo7z08Lqo16vZ3ysnt7KNdlx0/+UlEdSLnelUurJ6Oh46vXGHl3duyovv/7d9PZsyKdu+Ze5bvNvZWR4NEljRNaqnkrGayOp1cZSr67O+Fh9ATdvuZBorzqL9qqzaK8AAIClIUBtar/pRK129ic8pVIp69etyz/66PbcdOMN+d73f5iv//D5rBquZ9uvvCc3/ur7kuSsXqtUKqc10malWer6KH6dxr5bvXp1rr322lx77bWzPmch+1h9zFSr1TI+npRKlTT2zdCUx4eHx3Lpug9mfKSay9d/OMffOT3l8aGhNEc4dqVen38UVzv1sXDaq7Ojveos2isAAGCpCVDbtE66ltq6deuya8fH86EPfiD1ej1r1qyZ9wYfC7HU00U7zXLVx3JRH3P9bfHfjYyMnPHfzvd36mPxtFdnRnvVWbRXAADAUhKgJs015JLJpfyW5yRm7dq1U17z7DXWH5xYg3CFeLfqY+mpj86iPs6G9mphfD46i/oAAACWgwXtklSrtXR1lVOplFMunz8nL6VSKeVyKV1d5WWdNvpuUx+dRX10FvXRWdRHZ1EfAADAcjACNUml3LjpRk9Pd8bGGjeMqNVq6dSBK6VSUi6X093dlZ6e7iSlVCorpyrVR2dRH51FfXQW9dFZ1AcAALAc9NLTmKp64sTprF/fl3q9nq6usYyPVzt26l+pVEqlUs7q1avS19eTkyeHsrpn9bku1pJRH51FfXQW9dFZ1EdnUR8AAMByEKCmcUfjkdHRnDgxlHXrVqe3t6fthKvTTroaa6R1dTVu6nLy5HCSSnp7e89tsZaQ+ugs6qOzqI/Ooj46i/oAAACWgwA1jREg69auzejoaN5++3RqtWrHr51Wq9VSKVfS29uX3t7elMsrZzlb9dFZ1EdnUR+dRX10FvUBAAAsBwFqU6XSGPVh5EdnUB+dRX10FvXRWdRHZ1EfAADAUjPMAQAAAACggAAVAAAAAKDACgpQB3Lgtr709vWl97YDGViy7T6TfUu+zXdj253vO/v60tt3Ww506psfOJDb+vrSu++ZgodvS29fXwoe7mzP7Gt8Vmb9b1++c66OzXn2+crV3N/L8t7PvC7P62N8ubR/dqbsmLY67NuX7yxys/Z123f4tO+F1r7p7evLbYv6wmjf5sz/bjswcM72e8d//wEAAFOsnAB14Js5cLD588ED+aaTEjrMwIHbOicc2X5vhgYHMzQ4mEMPJsnufOXFwebv7s1HznX5lsUz2depFyueOZz7Wz8/cHjR4RvnyDMvTR5P7XXIWTqYl15u/TyQb058uS/W5ux5otmuvfhYbk2SBw9NtH1P7Nm8JKXtNB31XQMAACvEiglQB755IE8meejBB5MczIElS1C3597BwQw9sScr81SLM7V5zxMZGhzMvdvnf+7Agduy9c4zDQHOhZV23D+TfX27Ojbg+s7hB5LszkMP7k7yQL4p/Dg/tF2sG3jpmSS7c+vuc1qiFeP+w60Pwct56WBy6+7l2bGLacfPB+ffdw0AAJwfVkiA2hqh8mBuuXdHHkry5IFvThtp1j69cuYUy8Z0usn/JkdvTJ/+OnVK4L59+6ZMK5yYDnigORX5bKdBD7RtZ8Y0w4L31Pyb9qmOM6YpTpnC3anTCKdNvyycLntu3vuM7U6rq4l6f2bfxAnt/bvOl+npU4/7WY/rvn35Tvu+nHKcn0HdTXn5fVNfp+2hKZ/V6Z+tWet2IAdua4anB+/M1onfL6Ac74pn8s0Hkuzekzvu2JNb0x4etZXztn3ZN+sU5/keb9/U1PYqOdupxHPV8/Tp0+31Ma3upi/dMGe71xluffDB3Dpxsa75HbR7eyZyOPv6DD2Yhx7M5Ejs5sje7dtbe/bN5ntt+7yexdIfU9rxiTo70NY23JYDzxwobI/m+j5pX3qgaPmBA3cVPD5nvRQcC+fldw0AAJwfVkaA2pq+/+COfCTbc8uDmTGN/zv7duX+PJhDE1P5HsiutpOOXQ8kDx0azNDgi/nK7uT+XbOHKQMH7spnDk4+d8szD8xapPtf2pInBgfT/9ju5OCd+eqZnMcMHMht19+ZJ5tTDvsf2537d00LhXY/lv7p72nzLdmzO3nyzq8230Pr5P6x3LG98X57dz2QWx97sTmF+2A+c/25Co+KDOTAbdfnMwfb6uyBXc0TzE587wM5cNedebJVpkMPJgfvzF0HBpLt9zaOgzSPm/N4qNOU4zoPZNe+LelvO87vmqiforqb57PYcnB77pnl8e/s68uuB1rLDRzKQwfvzNa2z/Hsdbs5e544lIeSZPdj6R98Ins2L7Ac74ZmQHTrnluyuXn8zjqN/+Az2fLnrTZqluN2vseTZPsd+cru9gtMk+HtLYseajxfPbc9NngoD+VgPnPXgQxkc27ZM7VdbMwg2J2v3LF9nnavg2zZku1Jnnzp5UyMktyzI1taj9vXZ2zLlt1JnsnLA62RvQ/mlh2tRy/NnnsfTPtI7YkZKDuWpm198kByR6sdz8F8ZtdLjfboUON1d83b5iQZOJC77jzY9ljy5J13Tdu3B5M9szw+73d/wbGwgr5rAACg06yIAHX6ydNHdhRN438gu/r6su/lPXlicObJRWPExsvNNdNmWweybaTr9iTZ3DyRm6lVls1bGv9/5qXFn5FOf1+bb9nTNuKpubbbE1vy1b6+9F5/Z56c+MvmSXPrBLMZMN+655ZszuR04T3Ns/jG/uqwacNTQvFMBqMHvpmBTn7vrRGO1967ItfYu3XLtUkmj+vWfm39O8k8ddcy92dx8m8bIVVjrcnpAVTzYkkzbDyzup2nHO+CqeWedvy2m3jfBc+Z7/G0Pda6wNQe3i624PPU80fuHczQ4B15+ba+9E5bPqHRlrVG2rYucjTKP3e710lumTz+WqMkm5+PBvv6TF07UY5nmuXdMhlMJ8n2xkyTKe9p4nt5CWzf0qija7c0101t7vfWv5sW0uY8eef16b3tQLbcO5ih5sWbSZN/2wiNG2u/zlkvC2pfAQCApbYCAtRZTp6aJzntJxQfueOxiROf+3dNmy7XHCmUJHlg1xzT7hujjGaczC2zVnlbQWFjxFNrCt+uPPPYi5M3yGjavOfeiRPM1oijPVOGPR3MZ65vbndXYxTtmYS8y65VH33X5zMHkxx8KS915HtvD9Mnt7/SZlBu37KI6GfWupvns7gQB+/M1ubU1Ub1NUaqNR9ccN2edTmWxMxRia0weuo0/qnmuzAz1+PtYcz0AOiMFNRzY7r69fnM9kPNUZHthdiTe1rh47SLHC2zt3udpTVS8ov7HshsAZ59fYaaF06ePLBv1vJOuXgyPVBcArdOCcLnU9DmtPZ70tZmLW62w5z1UnAsAAAAy+P8D1BbJ0/NkWTtJxtTpvFvbo4wm5h+3D6dbpY79U5MR253bRqDRN7dE5XGcgFt/927vW0UyqGCUY6tE8x9uattxNGk9ruud/AdidvumDxxh/hOfe8z7mxfvBTEBWG2ukvm+SwuQGuZhIn/2kd1LaJuz7YcS6F15/a2ULgVwsw6jb+pMa25ONCe8/GJEWt35YtnPKW8zaz13AqGH0t/waje1mi9L94120WOgnavw7QC0ieLLqzZ12eotRTPwTyZ2Y/jqe9p6abvL15xm9MYGdxaViHJIpcJmbNeitpXAABgWZz3AWprqltrnbGhKYHI5A0+2m86sXnPE82Aa3uu3TztJhKb9+SJZvo186Rt+tTYgRzYN/saqEth6tTLWW5alDSnNiff+Wr7NPaG1lIGTx5MHrp38m7q05c4OLsbmyyT6WtBznaTkI5671NvuvSRextr6bZClSlT3Fe6Oetu7s/i3Kavbzxtn89Zt82LHxPOphxLpzEqcWZQ0ijLtCn4E+tYFkxZnu/xCa2p5Y1w6oymlCcL+4w2LzYNHNg3ZVp5kolp2E8ePJg8eO9ECL6gdq9TtJaYSNF+tK/P1JaJD2zBcdz+npZy+v4izNnmTLmJ2Pbc27w4u5DRrXPWyzzHwgX1XQMAAO+irnNdgLPTCgpmjqiZGBl04JsZ2LMne554Mbnt+uzqawWeu/OVF5sjNvY8kf7clq27+iZOPG997MXMNghn854/z1cOHMxndvXl/uzOVx57MDl4liHqwTuzte/OKb+69bEX88SePWkUe1d6H5herj3588cO5Mk7m3+7+8E8tPuB3P/MSxnI9sZJemuduOknl9vvzdChpHfX9eltvuxDh6avzfZuaUx//Ez7r3Y/lv4nZqmziRFW29/d9/7A5P5veejQYO6Y8pvtuXfwUNK3q60uH8yhwT1Ty7Orr3Hzqyf2nFmQcl7YPEfdZe7P4jw+cu9gDqUvuyaOmQdzqLUv56zbZpDVPGYeOjSYe8+iHEujOXJwlvCnNbru/sPPTLZDux/LlsN96d1VUNb5Hm8z0T4ucEr5/W1tY8ODOTR475z1fO+hB3P/rgeajz2Yhx48mPsfaIR8jVdsjRSfNnpw81ztXqdpvYfWfixeMsG+XpyJ/VY4NX/yPS3l9P1FmavN2TzzsTx4KEML+aKds17mbl8vrO8aAAB495Tq9Xp9KTfY39+fKzaffXd97N98IknS/cffOOttLavmXXgfOjTYESedwErzTPb17ZojDJnv8Vm07vItYFl+9vWy+c6+xjrIvn/PzHnTzwIAgDa/HBjI1q1bl3Sb99xzz7zPOe+n8L/bGlP0Jm8201hrcHcWdc8JgHNoYumTM51SzoLZ18uleAQ3AADAUhOgLtJH7m3cDOLJO69Pb19ftt558BxOfwdYjMbar1vvPJjsfix/ruFaRvb1snlmX3r7duX+JA8dcvMkAABg+ZnCDwBwgdHPAgDgfGQKPwAAAABAhxGgAgAAAAAUEKACAAAAABQQoAIAAAAAFBCgAgAAAAAUEKACAAAAABQQoAIAAAAAFBCgAgAAAAAUEKACAAAAABQQoAIAAAAAFBCgAgAAAAAUEKACAAAAABToOtcFmM/Yv/nEuS4CAAAAAHCBMgIVAAAAAKBAx45A7f7jb5zrIgAAAAAAFzgjUAEAAAAACghQAQAAAAAKCFABAAAAAAoIUAEAAAAACghQAQAAAAAKCFABAAAAAAoIUAEAAAAACghQAQAAAAAKCFABAAAAAAoIUAEAAAAACghQAQAAAAAKCFABAAAAAAoIUAEAAAAACghQAQAAAAAKCFABAAAAAAoIUAEAAAAACghQAQAAAAAKCFABAAAAAAoIUAEAAAAACghQAQAAAAAKCFABAAAAAAoIUAEAAAAACghQAQAAAAAKCFABAAAAAAoIUAEAAAAACghQAQAAAAAKdJ3rAiydI/nqZx/J4YJHt97+cP5k56bleeXHP5svHk523P1o7ti2LC9xFor3y/TyLv59HMlXP/tsPvzo3hQ/vfX6O3LPo3uz7ehT+bPP7U//1tvz+ft25sxr5Gie+sKXkz+4Lzs3JUef+kL+dH//stbzsr1Ga5+0/r3IffNuvPdktuNjah2wlKZ9bs51cRasWe6z/nwDK0dxP2S5v7da34+t763l76+dZ2339P5Hu/OwHT/61Bfyb/MHy3pMAQAXLiNQL2CHH/ls/uypoxP/3rb30Xzp0cWEp8WB9aRtuePRR/OlJT2ROJqnvvC5PN7W49+087586dFHz8NO85F8dfrJS//+/OkXnsrRoj85R6YeHzPrAAAWo3//56b0Q5bb4vo5F7j+/fnTx4+c61IsWCssBwBYLitoBGrLXFf9W6HP1uy9/Zo8vr8R/zVGQKQtEGrbRtuIyb3X7M/jzcRw3lETRx7PHz0yGS9OPn+20Qkzfze1I7g1ex+eOsqvNYpi/vdc8Jxm+fr3fzlP3djY9oyRGdPew+RohPbw9HC++NnD2XH3o/nkQHMk5I4dyeHD6c/W7H3403nlc7OPxnj+8c/Ouj9njhBpH9V2Y56fqKf+PP65z+bbtz+cP8yXZ47CnD6yYsfd+dLeVgkm9/ne21/J4619PeU5RZ7PVz+7v/n+W3XTdmxN1NVsv5vmyLON7Uy8brNc/U/n+aM7s3PTLMdLs15mHoOzlatV3XPt053ZtIDjfHIbD+ear82sg/MvvD7/LbydaPssThlVNO1CSPvxv8C2r70t2nH33cv0ToHzX0E/5NVjSaZ+z8x8/gK/s9u/97fenns+NrUEU78Lz2CbO+7O56/+2pRRrWdkWv9kars68wLlxOOzff+3+mrT+xETu3EB/ZoZo02b2zj8bI7s3Ta1Pzxrmad9H+24PXtf2Z/H+yfrcN5+yBnslwCO9JUAABLRSURBVNa22l+7f//n8kdPN7dZ2I8FAFi8C3QEav9EeJok/fu/nD+b0ik7nC9Ov+rePxkgNP75uXy16ML89A5b8/l/9PiRJNvy4R2N1/hu6+8nQrSbZwlPm+X93OOZePqUE4xmeRc7YnHb3tyzo7HtV47N8vjRp/Jn097DQkcj9B8+3Dx5+VhuLOqlLmZ/nonZpqUdfiR/NGM/HZ48aWo+Z75y9O/f3zbytlU3m3Ljx7Ym6c+3n2++wtHn8+3+zL0fLrk6W6e8bmvE7uKnxc9erkWaUS9fzrs4OIhFmK+dOPrUF9raif48/uWv5ZUpW5hlFPnhR2aOBpvjmJj6GsnhRxYyKh1gpoX1beb6zp42o6N/f764oBGJi9jm4Ufyb59eyLuZwyz9k/Y+0JHHZ87umGh3t92cHUn6n35+Yr8cebax03bcPEt42izzWY/ynafMOfL41O+jw/sXP0PlDPbL4Ue+UNxHOYt+LADAbDp2BOrYv/nEop7f/cf/Z/OnxojIqWaOzGpd1W502PvTn9vz+Ufbrla/MpCj2dZ2lXpyG63g4vCzR3LHtulX9Y/mqa81O7PTr7If/lqe+t37svPmxgjNVwaOJts2Tev8Hs3zT/cns4w4/PdP/W7+ZOexfPdwplxFb5Rnf/76yM5FjYa45OpG4Ncqx6wKRi7c8ejdyfRRswMTO3fKCLfZLXR/TrcpO+97OJk2svPoU1OfdeTrjU745OiF1siFmftp+tpoc+6PKe+vtc3D+e6Rvbnjxo9la/onRtMcff7pRhk+dmPxaIdNN+a3tib9/Y0lFZpHwpmtnVZQrnl36dSNTBtR2wzYp7yB2etgsZ/Zlaz7j78x5d9n3p4Vmb+d+OvmyeyUETrtJ5/NCzczPiP7v54jO9uPv6Jj4siM15h+8cgxAee/pWvPZuufTQZ/C+3bFH1nH33qa43v0BnfhfOXceHbbPTnzmaieKtvMKOP+LWn8sn7djaWGdg7+fxWP7XR7jYuwh8+PDlL5buNK/D58LYsol2fpn9//vSz+2f8euvtv9vo381T5mPPts/o2jT32qpnuF+aJZp9Rs/O+/L5TFsPvtUxLOjH+n66ME1vzwBgMTo2QF1eW/NbzSGBrRBxIuRqjgic0enb8emJDtumnZ/Ojv2P5HAzZJ1iYtTh7fnkxEPb8snbt+bw/mYHeNvN2ZHDOfz08zm688YMvJJMdH5zLK/0J7OdaPS/eiw5OtAYRTZLZ3fe4G8xWsHe4UfyRwtdtqBpzsCwpX1/toLH2fbnGZk8ofinE+XdlJ2f3pHHH2kF1xMFae73ZFsz2J6/6K1wuDnqtL8VQrf2WWPKW17tT/uxNrtN2Xnfo9k8ZeTN4Xzxs68UT/tfdLkWsZGJ0bKT26ATLbCdaGuHJtqt5vOONhqexuj4KU3JK5nyESk6JmZ5jYm2beneKLCCTYRl8/ZtJv6i8Dv72KvNCzqzfBfOU4pFbHOyP3emWtucvGja1P9q2q9XFq3p2Srjt58/mp2bW4FpM+icr11fcHdgalA5d5mPNvuxbf2dtovDCzXffmm978c/99k8nmTei81n0Y8FAJhNxweoC79S2BrpuEx3Pp0xIrXAps25JrMEsFO0jSA4kkbg2py+P38ZirWvI7YQrc7qNZtn+5tGsLezbTrYlHWlFvwqBRa6P5PJE6sFuyTXzJqCL43iULJ1snY43z1ycxpnNXNM328zOeKktb8bSwHs3Dnzua0TpIWXaxaL3qfzc1V//hEti2/PzsA87cT8mhd6LjmrjSRxTMD5bOnbszPrnzX6NheCRsiZr0+uFfqlR2dZ2qDtIvxT1xzO/Bdqk4l2vehp09dDn+iDzLfdZpnPxIL7Ic3wd9vefOnRvW3B8uQa/LPPvpqnH+v76YJixDEAS6HjA9SOMXFTn0xO6bpmczYlmdq1b4V37dPOWlNdt+aaZigxcSX9kebohpu3Tfv7ohONI42A9mwXwj/6VP59+7SvQo01Oe+YmAo3uR/OSvv+bE7bmr4/J6bQtR5fsE3ZfE2S/tZ05uY0tubSCo3A+MxPyPqffj5HdzamBzamUU+G0K3RtIcfeSTJ/KNxWycCk6Miika3tEaPTL7mYso1sZUz3qd0lgW2E23t0ES71bSp8SEpHpEz30lx62LRHK8BsCCt9qSwbzP/RaXWjKLWlO9NmVxm5Ewt5zZnD/6O5KtT+mat0Z3tWhfhm+uMtl2onbddn8+mnfmTu1+dcZPRucucHGl8GUyGrke+Xrh0QlE/ZL7XmCziffnSzkwsGTP/8k/L1I8FAC44KzBAnX2NrcYaSGczpKq/bdpQc5M3z9Zhm5wqPmMaUtu09alTXdtDzMlRjNPfR6NTOdlxnjrNbY47vScp2i+taV8zzHIjrMYfTB9R2dju1tsfzh8WvfSsivdnqxM9cwpawTZ23J3PXz31kW2/e3u2Ht4/cxtTllY4QzOmGLbV35Rpa/OPCplYvmDGe53820ZQNnN/LaZcC9+nizVZB/Pe5ZczMNvnthGaztdOtIL4iXZo69apy5O02qBZPiMLuzgzy2sAnJEz7dtMmlimpGA9zzMx2za3bl3I3PTitnvbxIXW6X3Eu9vWPi3oyzZN9HEy7ULtWbfrad5k9HC+eLg/j3/5qdx43862i8OzlXnbxKCAufoY8/VD5n6NSwrXs53eF29sf0fuuTv54oL6sQAAC1M+1wU4b2y9PXt3tP/z4eIr5Nv25kt375jyq623PzwtYGqcLCSZMX1/08778vnbt874+9brbdv7aO6ZuvnsuHvxd23fcfejxSMUZnkPyY7cc9/UdcDO2Bz7c9POP8jetk3vuPvuTC1JI6Se06ad+ZOHb8+UEu64O19aguUHtt5+e1t5tmbvw+0jAJsBeLKwTvps5ZxywrgpO/+g/fEduWdGvcxfrvn36WItoA5YVvO1E5t23tfWTuzIPfd9OtdMefa23PHo9OOg/TO+sDLcM+VzfPtZHlfAhers+zbbcsfDU78v955NP2WWbW69/eH84cfOcpOzfe9vvT2f37ut8Xp375j6++ZzDz/bNgq3ebF25oXas2/Xk2Tb3uY2+vfn3z51dJ4yJ9m2d8r30dbb757S52i87Xn6IXO+RuPmldO3OfU779NTtzdvPxYAYHFK9Xq9vpQb7O/vzxWbN5/1dlpr1ZzzNfRa60Gd7ZT5WbTWtZpvuhLnl5nT8rlQFLVb7357Nnn36Rl3RV6GtgxYeTqnPTuHJmbjTC6Xou+2EK3voGW6LwEs0gXVbgFcAH45MNCYFbSE7rnnnnmfswKn8J8vJu8UP/capJxfWuuPLuSmDrBcWusAz7wb83zr8gLQdMnVzaVPpk+p13cDALjQdHyAWi6f41UG1l6fHZ/6VG7aeH3WlstLsubB4Evfyn/+0Tu56FOfyl0f250bLKSwMhz7UZ58+qXkpk/lzr2fyC2XqVjOnW17H87eV6atGbfjbqOigSVxzvtn74bLfjuf+8Kmxnf7hI359U98PNddAG//zK3N1h2fyqdu2pJLl6jvDABwrnV8gHrO9W3JLbu3LPEmP55bl3aTdIJLfj237v71c10KaNqUnfc9mp3nuhgA5zPf7WegL9d9fHeuO9fFAABYQi4KAwAAAAAUEKACAAAAABQQoAIAAAAAFBCgAgAAAAAUEKACAAAAABQQoAIAAAAAFBCgAgAAAAAUEKACAAAAABQQoAIAAAAAFBCgAgAAAAAUEKACAAAAABQQoAIAAAAAFBCgAgAAAAAUEKACAAAAABQQoAIAAAAAFBCgAgAAAAAUEKACAAAAABQQoAIAAAAAFBCgAgAAAAAUEKACAAAAABQQoAIAAAAAFBCgAgAAAAAUEKACAAAAABQQoAIAAAAAFBCgAgAAAAAUEKACAAAAABQQoAIAAAAAFBCgAgAAAAAUEKACAAAAABQQoAIAAAAAFBCgAgAAAAAUEKACAAAAABQQoAIAAAAAFBCgAgAAAAAUEKACAAAAABQQoAIAAAAAFBCgAgAAAAAUEKACAAAAABQQoAIAAAAAFBCgAgAAAAAUEKACAAAAABQQoAIAAAAAFBCgAgAAAAAUEKACAAAAABQQoAIAAAAAFBCgAgAAAAAUEKACAAAAABQQoAIAAAAAFBCgAgAAAAAUEKACAAAAABQQoAIAAAAAFBCgAgAAAAAUEKACAAAAABQQoAIAAAAAFBCgAgAAAAAUEKACAAAAABQQoAIAAAAAFBCgAgAAAAAUEKACAAAAABQQoAIAAAAAFBCgAgAAAAAUEKACAAAAABQQoAIAAAAAFBCgAgAAAAAUEKACAAAAABQQoAIAAAAAFBCgAgAAAAAUEKACAAAAABQQoAIAAAAAFBCgAgAAAAAUEKACAAAAABQQoAIAAAAAFBCgAgAAAAAUEKACAAAAABQQoAIAAAAAFBCgAgAAAAAUEKACAAAAABQQoAIAAAAAFBCgAgAAAAAUEKACAAAAABQQoAIAAAAAFBCgAgAAAAAUEKACAAAAABQQoAIAAAAAFBCgAgAAAAAUEKACAAAAABQQoAIAAAAAFBCgAgAAAAAUEKACAAAAABQQoAIAAAAAFBCgAgAAAAAUEKACAAAAABQQoAIAAAAAFBCgAgAAAAAUEKACAAAAABQQoAIAAAAAFBCgAgAAAAAUEKACAAAAABQQoAIAAAAAFBCgAgAAAAAUEKACAAAAABQQoAIAAAAAFBCgAgAAAAAUEKACAAAAABQQoAIAAAAAFOg61wUAAAAAADgX7rnnnnmfYwQqAAAAAEABASoAAAAAQAEBKgAAAABAAQEqAAAAAEABASoAAAAAQAEBKgAAAABAAQEqAAAAAEABASoAAAAAQAEBKgAAAABAAQEqAAAAAEABASoAAAAAQAEBKgAAAABAAQEqAAAAAEABASoAAAAAQAEBKgAAAABAAQEqAAAAAEABASoAAAAAQAEBKgAAAABAAQEqAAAAAEABASoXnGee+Xaeeebb57oYAAA06Z8BAJ1MgMoF5bttHXOddACAc0//DADodAJUVrwf/uDZ/PAHzxY+/q1v/W2+9a2/fRdLBABwYdM/AwDOJwJUVrT2jvkPf/BsPrz9tyb+vX37b03pmOukAwAsP/0zAOB803WuCwDvtu1tnXQAAM49/TMAoJMZgcqK9oHfuHnWn1s+/vHfnvVnAACWh/4ZAHC+MQKVFeuFF36UZPaOebtWx/wb//nrSZJP/M7vLm/BAAAuUPpnAMD5yAhUVqQXXvivSepJ6s2f59bqnE//GQCApaF/BgCcrwSoAAAAAAAFBKisSDfccNOsPxdpnxZmihgAwNLTPwMAzlfWQGXFanXMX/zZkSTJ9e/ZNuvz3njjF0l0zAEAlpv+GQBwPjIClRWt1Tmf/nNLq3M+/WcAAJaH/hkAcL4RoHLBefWV/rz6Sv+5LgYAAE36ZwBAJxOgsqK1Twu7/j3bpnTMX32lP5dddtXEv9t/BgBgeeifAQDnG2ugsuIVra3VomMOAPDu0j8DAM4nRqByQbn6mq2z/gwAwLmhfwYAdDojULng6JgDAHQW/TMAoJMZgQoAAAAAUECACgAAAABQQIAKAAAAAFBAgAoAAAAAUECACgAAAABQQIAKAAAAAFBAgAoAAAAAUECACgAAAABQQIAKAAAAAFBAgAoAAAAAUECACgAAAABQQIAKAAAAAFBAgAoAAAAAUECACgAAAABQQIAKAAAAAFBAgAoAAAAAUECACgAAAABQQIAKAAAAAFBAgAoAAAAAUECACgAAAABQQIAKAAAAAFBAgAoAAAAAUECACgAAAABQQIAKAAAAAFBAgAoAAAAAUECACgAAAABQQIAKAAAAAFBAgAoAAAAAUECACgAAAABQQIAKAAAAAFBAgAoAAAAAUECACgAAAABQQIAKAAAAAFBAgAoAAAAAUECACgAAAABQQIAKAAAAAFBAgAoAAAAAUECACgAAAABQQIAKAAAAAFBAgAoAAAAAUECACgAAAABQQIAKAAAAAFBAgAoAAAAAUECACgAAAABQQIAKAAAAAFBAgAoAAAAAUECACgAAAABQQIAKAAAAAFBAgAoAAAAAUECACgAAAABQQIAKAAAAAFBAgAoAAAAAUECACgAAAABQQIAKAAAAAFBAgAoAAAAAUECACgAAAABQQIAKAAAAAFBAgAoAAAAAUECACgAAAABQQIAKAAAAAFBAgAoAAAAAUECACgAAAABQQIAKAAAAAFBAgAoAAAAAUECACgAAAABQQIAKAAAAAFBAgAoAAAAAUECACgAAAABQQIAKAAAAAFBAgAoAAAAAUECACgAAAABQQIAKAAAAAFBAgAoAAAAAUECACgAAAABQQIAKAAAAAFBAgAoAAAAAUECACgAAAABQQIAKAAAAAFBAgAoAAAAAUECACgAAAABQQIAKAAAAAFDg/weurWqhcIulNwAAAABJRU5ErkJggg==" height="600" width="800" />]]>
  </system-out>
  <testcase name="ForgotPassword_003" time="3.117" classname="testcases.LoginTest"/>
  <system-out>
    <![CDATA[<img src="data:image/png;base64,iVBORw0KGgoAAAANSUhEUgAABVAAAAJcCAYAAAAfG4+9AAAAAXNSR0IArs4c6QAAIABJREFUeJzs3XecXVW99/HP2nufNn0mvZIAqYQkJCihBEGQJhKqgFevqHQLWFDwUnw9inofFZ8LItdGkd5ESgglgIQWOoSSQnovM8n0Oefssp4/zpmTmcycZAIJIfJ9v15K5py111p7nzP/fOe31jLWWouIiIiIiIiIiIiIdOHs6gmIiIiIiIiIiIiIfFIpQBUREREREREREREpQgGqiIiIiIiIiIiISBEKUEVERERERERERESKUIAqIiIiIiIiIiIiUoQCVBEREREREREREZEiFKCKiIiIiIiIiIiIFKEAVURERERERERERKQIBagiIiIiIiIiIiIiRShAFRERERERERERESlCAaqIiIiIiIiIiIhIEQpQRURERERERERERIpQgCoiIiIiIiIiIiJShAJUERERERERERERkSIUoIqIiIiIiIiIiIgUoQBVREREREREREREpAgFqCIiIiIiIiIiIiJFKEAVERERERERERERKUIBqoiIiIiIiIiIiEgRClBFREREREREREREilCAKiIiIiIiIiIiIlKEAlQRERERERERERGRIhSgioiIiIiIiIiIiBShAFVERERERERERESkCAWoIiIiIiIiIiIiIkUoQBUREREREREREREpQgGqiIiIiIiIiIiISBEKUEVERERERERERESKUIAqIiIiIiIiIiIiUoQCVBEREREREREREZEiFKCKiIiIiIiIiIiIFKEAVURERERERERERKQIBagiIiIiIiIiIiIiRShAFRERERERERERESlCAaqIiIiIiIiIiIhIEQpQRURERERERERERIpQgCoiIiIiIiIiIiJShAJUERERERERERERkSIUoIqIiIiIiIiIiIgUoQBVREREREREREREpAgFqCIiIiIiIiIiIiJFKEAVERERERERERERKUIBqoiIiIiIiIiIiEgRClBFREREREREREREilCAKiIiIiIiIiIiIlKEAlQRERERERERERGRIhSgioiIiIiIiIiIiBShAFVERERERERERESkCAWoIiIiIiIiIiIiIkUoQBUREREREREREREpQgGqiIiIiIiIiIiISBEKUEVERERERERERESKUIAqIiIiIiIiIiIiUoQCVBEREREREREREZEivF09gR0tHaTZ0FrHqubV1KU3sr61ltp0HfWZBlr8FiIbYYGYEyPuxqhJVFOTrOarY04n6SV29fRFRERERERERETkE+TfIkDdlK7nvdq5vLb+TeZv/IB1bRsIbUhEhLEGYwyOMVjAWjBYLOAYh3SY5ughR5Bw47v6NkREREREREREROQTZrcOUJc1rOCBRY8we82rtAQtOMbgGAdjHDxcMC7YXNuICIPBzQepxoC1lvJYGWeOPhVjzC69FxEREREREREREfnk2S0D1EyY5YEPHuHOBfdircV1XOJOrHMjk8tOc0v2IwaXDiYdZtiY2YhjDGDIRj4n7fUl+pX23RW3ISIiIiIiIiIiIp9wu12AGkQh//3adby27lU842Gc3LL8AmMASxCFhDZiXM0YPj/kcyzYtJCX1r6MIdfeElHqlXDSXsfvojsRERERERERERGRT7rdLkCdvvhxXl33CjETo+Oq+/Zl+WEU4tuAsdWj+NroM0jFUtz/wYO8tPYVHOPgkKs+zYQZvjn2a5QlynbVrYiIiIiIiIiIiMgn3G4VoK5rWc+N79+aqzzNh6fWtgenEWEUMrB0IOfv+w3G9BrF2+vf4VevXUNL0ELMyd+qhcAG9C/tzxf2OGzX3YyIiIiIiIiIiIh84u1WAeoDHzxMaEM8J384VD5EzYRZahI1fHXUlzl86FQiG3HTe7fzyNLHiDkxPOMV2ltyAep5484i6SV34d2IiIiIiIiIiIjIJ91uE6A2Z1t4ZtXzxJxYLgUltx8qwBkjTub4PY+lKlnJmqa1/PLV37GkaRkJJw4UmoMFP/I5oO/+7N9/v4//JkRERERERERERGS3stsEqAs2fkBL0ErciWOJ8G3AqKoRXLjv2exZPQyAl9e8zm/fuJZsmOkUnhpy/xdZS8yJcc6+X8cxzi67FxEREREREREREdk97DYB6tyNCwBLRK7q9Gsjz2Da3seR8BIAPLBwOrfMvR0DeE5uyb41YNrLT21uqf9PJl3MgLL+u+QeREREREREREREZPey2wSoq1pWE9mIynglP9jv20zoOw4Ai2X6oif4y7s3kXSTGAzti/ZN+8UG0mGWQwZMYeqQA3fJ/EVERERERERERGT3s1sEqEEU8EHDYvapGcuPJn+XfqV9Cu/NWPQEN7zz11x4agBrc9Wn5KpPLeCHPsPKh3Lxfhdo6b6IiIiIiIiIiIj02G4RoPqhz+cGHMzJI79ESayk8PoTS57m2nf+TImb6lRtavPL9i2WTJhlj/Ih/OqgKymJl3TpW0RERERERERERKQYY6212262a0U2wgJuh+rR92vn8ZMXfkbMcTHGsPkuLKGNiGyE53gcNmgq39jnP6hIlO+KqYuIiIiIiIiIiMhubLcIULfUkm3hWzO/S6vfgsmHqpG1OI4h4aYYXTWCiX3Hc2D//elf1m9zdaqIiIiIiIiIiIjIdtgtlvB3FNmIv753K2kbMLBiDwaWDmRwWX+GlQ9mQElf+pX2oSZZvaunKSIiIiIiIiIiIv8GdrsK1DAK2ZSupyxeQsJN5pbvRyE2zOaqUR0P47i7epoiIiIiIiIiIiLyb2C3C1CxFhtmiDYug6UvES19FVu/ijDbjDUuTrIMUzUEM2A07tDP4vQZgdH+pyIiIiIiIiIiIvIh7LoA1Vqi1jrspmVEtYvBODh9R2LK+uKkqsBLdH9Z60aC9x/Bf/8JwrqlEGQgDMA44LiAARthsYDBqRpIbORhxMYei9N39Md6iyIiIiIiIiIiIrJ7+/gD1NAnWPUW2dduJ1z+JvhtufATwIbgxjDVg4nteRDe6KNweu2F6S5MjUKs34ptWke4fgHhyjcJlr2GrV+JtTa3jN84YCOIQnA8vBEHEz/k27i99vxYb1lERERERERERER2Tx9rgBrVLSL99O8JlszGADgeGNO5kbWAzYWeWJwB44gf8FW8PQ/tPkjteGm2hWjTcoIFM8m+/SC2ZSPGjeUDWgtRBI5L/ICvEf/sf2LiZTvnRkVEREREREREROTfwscWoPoL/0X64cuxfjoXanZko1xwaiPA5JbiG3L/jkKIItwhE0gceQluD5fh29aN+AueJvPsdZBuBi+ef8NC6OMMGE3q+KtxaobtyNsUERERERERERGRfyMfS4Dqv34bbU9fizEGjAvkh4wirI0wiVKcmqGYkhoIMtjGtURN68DP5CpUHS+/DN+QPO4qYmO/2OOxo6Z1ZJ+/gew7j2A6VLzaKMAkyik55Te4gybvhLsWERERERERERGR3d1OD1D9BU/R9sAlGDfeabm+DQPcmiHEDzkHb8hnMcmKXFBqI2yQxrZsINy4nGDhLIJ3H8kdFOW4EGRJHPNfxCee2vNJ2Ijs2/eSmXlNLrt18nuuRiEkSij5z9txqwbt2BsXERERERERERGR3d5ODVDD2kW03HQGxrgdwlODDdLERh1O8ujLManqbfYT1S8n++a9+K/dlVuCH4Wkzrgeb9hB2zWfYPEs2v55GURB4eAqGwY41YMpPesOTCy1vbcoIiIiIiIiIiIi/8acndWx9Vtp++cluR86Vp4GGWL7HEfqS7/uUXgK4FQNJXn4Dyn5z1twBuyDxdL28BXYdON2zcnb81CSX7wyv99qLjc2rkdUt5TM7Bu3qy8RERERERERERH597fTAtTs2/8gql2CcTocGBWFODWDSB51GWx5kFQPuP3GUnL69cQmTMPWr8af9+R29xEbdTSJQy+EIEP+pCqMl8B/+e+EdYu3u78thWH4oa4JwpCP6TwvoigiCIKdMp61liAMCXfy/YRhSBAERFG008b4pMiEWVr8lh3WXxAFtPitWD6e75uIiIiIiIiIyO7M2xmd2ub1ZGfdgPES0DGkiUKSX/wFJl76ofs28TJSR1+BMQ6ZF/9CfN8TtjuMjU0+E3/uE0QbPsjtu2oMNsjiv3Y77tGX0x6sFu7HwtJly3Adh1RJik2bNjFk8GBSqdyS/yAIeO31N7j/H/9g6bKljBk9hp9edinJRKLb8X3fZ8nSpcx++RXefPNNajdsIBsEVFVUsM+4cRw69RDGjBlDIh7v8T3V1tXRUN9ARWUFTU1NVFdVUV29ucK3oaGBN958k2efe45lS5fR0tJKr5pqRo0ezSEHH8y+4/YhUWS+27J+/QbenjOHWc89x7x586hvaCARi1NdU01lRSV9+/ahsqqK0pJSKiorqK6qorW1lbqNG0m3tfGVM8+kqqpyq2NkMlmWLlvGiy+9xCuvvsra1WtobWulplcNw4buwZQpU9h/8mQGDhyQO6xsK95Y9zZBFFDqpajL1BPaiKmDpuA5Pft1SAcZXln7OhWxMhzjsD5dR3W8ksn9JxLZiDfWvkVT0EJL0EK5V0qZV8amTD1tQZqmoJXIhpR4SWJugiFlAxlcNpDeJb26HSuyEb9//Y+8U/ce3594AfsPmNSjORYTRiG/fuX/Mb9hAf/34P/DgLL+H6k/EREREREREZF/dzslQM3OfRzrt+UD1LwwizvyMLwB+370ARyPxBcug2f/JzfOdgaoxksQn3o+bfd+D5MPzYwbx39vBvFDzscp7dOpvcVy1VVX8eprr+F5Ho7j8PhjM0ilUtQ3NHDVz37Go48+ijEOURQRBiGe1/XRRlHE8y+8yPV/vIFXXnkZrCWWiOMYhyDwCcOIp55+mmuvvY7PfvYzXHH55YwZPapH9zTzqae5/IrLKS0pJZ1Oc8klP+Lsb36TMAyZPuMxrr76atauXYu1Ftd1icU8wDBz5kyuv/56Jk2azC+v/jl77blnj5/jmrVr+ctf/8qdd91FU2MT/fr14/jjj2fIoEGEUcRrr7/Ok08+Qdb38TyPVEkJ5WXlbNq0MfecwpBUKslXzjyz6BjWWp57/gX+8Ic/8OZbb5HJZOjTpw+HHHIIffr0Ye3atTz+xBPccecdJJMpTjzxRM475xz23HN40T4fW/oUz695Cc9xCW3EyMo9OXTQgT2+78AG/PHtv9IStOAYgx8FnLbXtHyAavnTezezpmUtSTdBNvKJOzH2qRlL3I3jR1kWNyylNrMR1zg4OHiOxxGDD+Mro0+lKtk5SA6igCWNS2nMNnLT3DuY0HdfYh+iervd6+ve4qW1L+Malw2tdQpQRURERERERES2YccHqGEW/92HOy/dz4t/5qud9kP9KIwbJ/n5Sz709d7gSTgV/bCt9bkDpYzBZtOEK97AGX10p7aOMZSWlWGtxfd9+vbrS011DS2trVz47e8we/Zs4vE4xhjCMGTkyJF4rtupj/qGBq648ioefPBB+vTpwyWXXMJBBx5IKpXC2ghrLTOfepr//d//JYpCXn/9NaaddBJ/vP56jvz84du8n0EDB4DNVbcGQcCY0WMIw5DLr/wZt992K3379ePoo49hyJDBhEHI/AXzeeutt7COg+d5vPnG60w78SQefOAB9tpr2yHqu++9xze++U3q6uqIeTF+97vfcvxxX6S0tKTQ5lx7NkuXLeOii7/P3LnvU1ZWxtW/+Dn77z+ZxsZGMpksLS3N+TC3q9bWVn7zu99x2223Y62lrKyU//f73/O5Qw+lrGxzFXNjYxPPv/AiP/7Jj7n3nnt46KGH+NMNN3DooVO77bciXkrM8XCNi2MiyuMVOKbnu1kknDh9S3qzrKkt14fjEOTfM8ZQk6hhQ1tt7rwzG3HMkCM4e8JZhevbgjSL65fyl3dvYXHjEqy1TF/2GHNq3+EXB19J71RNoW06SNOYbcJzPJY3r+SNdW9zwMD9ezzXjrJhlhvfuw3PiWGJWNO6jvHs86H6EhERERERERH5tNjhAWq4aTm2dkluaXy7KMJUDMDtP2ZHD/ehmUQZzoBxBB/Mwrj58Mxx8OfNJDb6KLZcxt+nd2/CMMRxHPr27oMx8D/XXsesWbMYNGgQo0aNwg8C5r7/PqtXreoy3m233c59993Ljy/5MWd/65uUl5d3aTNm9GiOPOLznHvuedTW1YG1XHLJJfzr6aeorNz6EvdYLI7nujiOwRiD4zj86S9/5Z577uaa31/DF444koqK8sLy9iAIWPDBB/zghz9iyZIlJJJJMpkM5194IQ/984HC9gTdWb16DaedfgY2ijCOw89//nO+fNqpXZ+xMQwfNoxbbr6JU047jRXLV3DxxRfzwD/+wfDhw7Z6P0EQ8ONLf8qMGY+SSMRJJFPcfuutjB0zukvbiopyjjv2aIYP34OTTzkVay3fPPts7r7rTiZP6rrk3TgeTnuQby0lXmqby/63vC/HcXGNgwF8G1ITz30+jjFUJcqJbIRjHBzjYJ3Ofae8JPv0Hs3VB13OpS/8jBVNK0k6CZY3r2TG4sf52j6bK3I3pRtIh2kMBgfD3Qv+weT+E3u83UBHz618iZUtq0i4cfwooj5dv919iIiIiIiIiIh82uzwQ6SiNe9hbeeDfWwU4A6dhPGSO3q4j8Qp690pODOOS7RuLjbb2qVtSSpFFEW4rkNpaSmPPfY4N9xwAz/4/g+Y/sjD3HTj37jtlpt5+KGH+N53v9vl+k319Vx66aV8/+KLug1P240ZPZrf/OY3+L6P63k0NDRw8y1/3+a9VJSXE1kLGBKJBL+75hquu+46Hn7oIU49+WQqKys63avneYwdM4bb/v53KisrCYKAeDzOokWLeOrpZ4qOY63ld9dcg5/NYoxh1KjRnHTitK3Orbqqih9+/wcAtLa18u3vfpcgCLZ6zR133s2MGdNJpZJkMlmuv+7absPTjsaMHs25555LEAR4nssFF36b5ubmLu0Gl/QjG/kYILAh1Ymth9NbcoxDVayCwIb5nw1uPoQ3GDKhj2dcjAHXOEWPaiqNl3L6iJPxo9yzSLhxnlr1HG1BW6FNfaaeKP/75BmXDxoW8fa6d7ZrvgCtfhu3zrsLz3hgc/OsTddtdz8iIiIiIiIiIp82Oz5A3bQcs0X1Jsbg9O753pofF1NSvUXYa7Atm7CZrqFbfUMDiUQcx3FYuGghl/3XT/nVL6/mB9+/iN69euE6Dq7rMmTwIPbff3KX64879ljOP/fcHs3rM/tPZsKECfi+TyKR4IF/PkhbW3qr16SzGeKx3LYJxhjeeON1Lv+v/9pm6Ni7dy+uuvJKMpkMALGYx7333Vv0dPu169Yx47HHSCQS+L7PmWecTiy27T05Dz7oIMrKyoh5MebPn8dLs18u2nbDhlp+/d+/JpFI4vs+U6dO5YADDtjmGACnn3YaiUQC1/Wora3lrrvv6dImHWWJmRgWiDsxmsO2rh1thcGQ8hKF89Fc49IaZgrvl8dKCW2EtZCNAvonexfta3DZQFynfbsHQ6vfSmuHAL8h04S1tvAb5ToOt82/Fz/0t2vOM5c9w4a2WlzTHvRCbVsdtmi8KyIiIiIiIiIisDMC1Ma12C0CVBOFmIrBO3qojy5RClG4+WdjsKGPbelamRdLJMjFToa62jpGjx7DGaef3uOhJk/ar8en3Luuy5QDDiCKQhxj2Lixjqbmpq1eU15WjiVXIRpFEf369mPaCSf0aLypUw+hsqoyX2HrsWDBB7S0tHTbdt78+WQymcI2ARMnTOzRGKWlJQwZMoTIWhzH5ZHp04u2vfW228hkMjiOQxhGfOOss3Cdnn1V+/fvx34TJxLmK2rvuffeQjjczhi3UI0bWUvSLb5dQXeMMWSsX1hGH9iQXvGqwvuV8XLCfHWqga0e+hTL7xXcHmN6xiXmxgvv12caNoecBhxcFjR8wNy6+T2eb326ntvn30u8vV8DGMO6ttrtDmJFRERERERERD5tdniAarMtsGVVmzHgd10Wv8u1buy8VyuAcbCblnVpGo/FsfmqzCAMOe/cc/C8HX8GV7uBAweSW5GfC/paWrb+/MpKNx+qFAQBB0yZ0umgpW1dO3m/yYRhgDGGlpbmouMt/GBRYbm667mUpHq2LYPjONTU1BS2QVi0aBFBEHZp19raykMPPkg8HieKIqqrqxk/ft8ejdE+zoSJEwmjCM/zWL58OcuWr+jUptwrIbIRxkBERPmH2Foi5iSxRIXQujS2+fAsYxzI12En3DiNQdeK5narW9ZisRgDoQ0ZWTWC8nhZ4f21resxxmDJhb0G8IzHX977O3649W0Q2j248FFag9znabHY/BL+hkw9bcHWK5tFRERERERERD7tdniAihtjywDVAtGmpTt8qI8qamvccrMBTBQQOV0rBl3PzYdPlkQiwdixY3fq3CorK4k6VMc626jAjMc3Vy1aGzFhwoQej+U4DiNHjsgHa2AtNHWzdyhAa1tLPiDMhXBZv+cVjFEYdjjEyu92+fiiRYtZs3YtrusShiHjx4+nuqqqS7ut2WPoHoVtJIIgYNUWh3rF3VghSLTW4nXzeW9L3HiF+VssSXdzdXGD30S8vbLUgmO6D9qttTy5/BkcHKy1BFHIGSNP7lAdG7GyaSUGKIuVUhmvJCLCNS5LGpfy8ppXtznPVU2r+cfiR3CMw6DSAVQlqnOBLYZ0mKHlk/iHDRERERERERGRT5AdHqCaWAlmy26NS7T6XbDd76u5S1iLbVzXNcJzPEzYtSrPc9184BZRU1NDRXnFTp3e3HlzcV2X9jA6Ftt6teumTRuB3PJya2H4sK2fcr+lisoKrN28VLzYqfRjRo/OHwBlCcOQZKJn1ZthFFFbW5svqDVUVFR2uyx/0eLFBGEuOLZRxNChQzbPqwestfTp05swHz5ba2lqauzUxjNuoU9LrqJze8Uct1ARam1uH9TCHPIVpe0/mQ7vtYtsxMOLZjB73as4xiETZTl/3DcY3XtkoU0myLCqdQ3Wwp6Vw7lg/LcIbYQhN94d8+8jG2a3+izumHcvkQ0xGL4z4VyGlg8q7PsbRiGt/vbt/yoiIiIiIiIi8mmzw9egOxX92LIC1Tgu4bp5RG0NOCXVO3rID8X6LUS1izBbhng2wlQM6NLedb1c6GotZWXlxOLbX7W4LY2NTSxfsZwH/vkgd955J/F4AqzFMWab+6e2trUVQs9YLEZT09b3TN3ShvXrSSYSuT1KMZ0qWjsaPnzPwtYFYRiyeMkShg/fdljb3NTMqlWrcByHTCbD+PHju62qXbRoUSFYjcXjPP3U06xbu57m5iYSyRRlpaXE4zESySTGQLotTSabpbW1ldbWFirKylm6bBnxRG7LhTAMyWaLV8nGHI+nVs1iZfNKYk4cz3Goy2wishBzk5Q4cXxCslGWIPJJOQnK42XMqXtvc2jaTdbcvvuCtZYg9AmiEGOg1W9jScMy/rnoEV5e+xqOMaRiZXxvn/M5bMghnfpoC9I0ZpvA5Kpm9+83kcl9JvD6hreJOTGWNS9n1ooXOHLY4d3e2+L6Jcxa8yIWyxFDDmVUzQjiTrxQORsR0eJ3v9etiIiIiIiIiIjk7PgAtWpwLjzq+KIx2HQL4dIXccZ+cUcP+aFEG5dhm2rB7fAIrMU6Dk5pny7tjSG/32Xu393XZ/Zw7MiyqX4Ty5evYMWKFSxavIi3357D22+/TTqdpnef3owaNYr58+fnQlFjiMKtV+92rBj1XJe29PZVFtr2/1mLMYbS0pJu2+05fBj77bcfb7zxOsYYHp0xgyM+332A19HsV16muaWFVCqFYxyOPuqobtutWrMGx3UL97Spvp7nnn+ORCJBKpXC9TziMY8w/zxisRhhGOYqSq1lSXoZjmvo3as3URSRKimhvLy827Fyn6OhKdPIOxvn4hgHB4eYmySeD0cz1ieyIWCxNsLg4BpDc7Ylt01AkS+CKfzX8NDiR3hz/Zt4xmNl82rqs/XEnTgTeo/jwAEHMGXAZ+hT0qtLH43ZJoIot89pZbwS13E5Ze9pvLr+Tay1xEyMOxbczyGDDyS5xT6ukY24de7dYCHmxDl172kYY6hOVhX+vGGtpSHTUOQTExERERERERER2BkBat+RhT0yOzEO2Vduwxt1FGYrp5J/XILFz+cDsY4sJlGOKa3p0r59f9Dcku3udu/ctubmZp6YOZMZMx7j5ZdfprW1hbKycsaPH89hnzuMCy84n759+9K/f38efuQRLrvspySTSYxjaG3r+V6VllwV6XbJL2lvD2LTbd0HsK7rctWVV3DCtGl4nsfjjz/OBeefx9577VW067Z0mmuvvZZYLEZbWyunnfZl9hk7pku7KIpoamgozKG1tZX//tWvOOaYownDiHgijuu4uK5DFEUYY3Acl8hG2CgispYoiojCED8IcB2HRCKB43RdQt9+y0EUcOpe0zh99Cm5ELbw2HK7qG75Sbcv27/ujT/xzOrniBXd37S9K0PCTfD+pvk4gGNcIiKOG3YUZ+3zlaJbJQA0ZpoIbS4c7lvSG4AxvUYxofc43q17H8+Jsb5tPU8sfZoT9j6u07Vza+fz2oY3sRaO2+NIBpTnqqr7pnrnZ5WzvnVD0fFFRERERERERGRnBKg1w3CqBxFtWg0dlmgb1yNcO49g/kxiY4/d0cNuF+u34s95CONscfs2wq0egvFSXa6JoqiQOrVXO26PF158iUsvu4zVq1cRhhEHTjmQCy88n/0mTqSsrKxL+8bGJhzHwdoIz/VIJrfzpPjtzE8TiUQhlPRcF7YS7I0ZPZrf/OY3/PjHPyEI0px9zrncdOPfut13taGhkUsu/QmLFi4iCEMOPPAgrrri8m6X7xtjiMVjRFGE67pYG1FVVVW0grSd+2G28s0Xj0ZExJwYjnF69MzcfBvHcTCYrX4NbL7/k/Y+gWyQ5pa5d+AZQ8x4PLx0BlMHTWHv6uLB86qWNfnvmaEynttz13VcvjbqDH70whW4WGKOx50L7ufsT3sYAAAgAElEQVTQwQdTlawEcqHw396/FTCUxUs4dcSJhT57p3oV5uYYh2VNK7d90yIiIiIiIiIin2I7/hApL4m711RsfulxJ26c9BO/Impev6OH3S7BwllE9as6BbyQO7TI3fMg6KZiMYoiCqnbdpafzn75Zc466yw2bNiA63pcdNFF3HzzjUw95JBuw1OA2tpaPM/LHVDkuiTiW98DtXOSZ7Z7jgMGDCSdbsNai+t5lKS6X8Lf7sQTTuDGG29k8uTJrF2zhhOmnchvfvs7XnjxJV5/401efOklbrvjTo4+9lgef+wxkqkUl/7kJ/ztr38mleoaUEMuQO3duzftk3ddj9Vr1m7fjfRUh30mQhtu9+Vmq2mrLWzzYDBEWE4ecQLHDD2CdJTFGEMURVw5+5esayn+u7CkYRkYgzHQK7m5KnpUrxFM6bc/fujj4NDoN/HPhY8U3n9l9WvMr/8AS8SX9zqJ6lRV4b2KeMXm7QWMoTa9keiTdLibiIiIiIiIiMgnzA6vQAWIjZ+G/9qdXV43jgOZFtLTryR16nW7ZCl/1FpH+qnfgtc1kDTG4A2b0v11UVQ4QT63H2bPxmtqauY737sI1/OwUcRRXziKi777nW4rMDuqKC/H9308z8N1HeKJ7g91aldZWYmNIjAGx3Hwg24C7K3IZrMY4+QCVMchsY3xAA456ECaGpuYM+eHlJaV8tDDD3PvfffltjiwllQqxf6T9+ewww9j6sEH069f3232OW6ffbg9CInlvxrr1u34ADW0uUrb3DJ7Qxhtf4AadAhdDRDYzc/bMU7h+2EwtPktOMZwzvizWNy4nA/qFxJzPZqyzfz+jT/yi4Mux3M7/ypG1rK6ZQ0Gg2McqpObQ1BjDF8ZdSqz172GBRJOnAcWT+dLex5DRbKCm+feiWMcahI1HDP8iE79prwUpsPfTRqyDQRRQNzd9uctIiIiIiIiIvJptFMCVLdmOO4e+xMufRW2DEm9OMHSV8k8egXJY38G3nYuTf8obET66d9ByyaMt0VgFIWYmqE4fUZ0e2mhApX8Ev4elng+9/wLbKyro6SkhEwmw9e//p/bDE+BQpUikA/Rtr6+vKRkc8Wo7/uUF6lsLaahsRG3/fAm19nmHH3f5+e/uJrbbr+dH/3oR3ztq/9BMpEgDEMymQzGcUgmEsTj2xfMjRs3Dsd1AIvnebz62msEQYjndb+P6YeRCbOFClJjDL7dvrAZIBMFOPnqUIMhE2QK71XHqsiGWRJenI61qnE3zpUHXML5T/+AtqCNuBvjvY1z+dM7N3PBhG91+oz9MEttWy0Gg2tcyuKdP8/hVcPYv+9E3twwB8/JbXdw3wcPMqR8MKtb1xBZy1dHnUZpvLTTdeXxstxnmw+PGzNNZMKsAlQRERERERERkSJ2+BJ+AIxD/ODzi+4Tarw4/vtP0jbjKqzf88ORPhIbkf7XNYTvPwlbhqeADX3ik8/AFAl0o2jzgVO50+p7Nuxbb72VX4pvicViVFVVbfsioKGhAc9zcV2XMIpobd36c0qnM4V9S/1slj59+/RsgnkbN20sjEcPxrvhT3/mxptuZNKkSZx3ztmUl5URi8VIJpNUVlZSUV6+3eEpwN57783IESMJggDP83jnnTksWbJku/vZmqagDdfkjtlyjENz0P2BWVvjR5lcNGpzIWxLhz6CKMjtomAhE2aojG3ew7UyWcnPDriUwAa574QT49Flj/P0smc79d8WpKnPNICBhJsgsUXAaYzhjJGnALnvY8x4PL78Kf763t+JOTGq4hVMGfjZLvNOeAlcXCB3GFY6TNPmb//9i4iIiIiIiIh8WuycABXwBo7DHfk5CLJFGsQJ5j5N2z0XEtUv31nTAHKHRqWf/CX+K3eC203RrY0wJVXERn+haB8dD5HKR6g9GrupuTG3F6YxWGsJeri0vi3dhjGbP55tBbaNTU2Ff7uuy6b6hh6N0y4RT+D7PgCRpVD92p2mpmZuvPFGUqkSBvTvX6hc3RHisRjfvvBCstn8XKKIv910U77qd/uFYXfL80Mia/PboBqyYaabNsVZLEknhh8FWMAzLnXZ+sL7DX4TrnHzbcEPO3/mo3qN4Pxx3yIT+RgDcSfOdXP+zPKGFYU2G9ObSEe5eaW8ZLcVoiNr9mZynwmEhf2G8wF65PPV0V+mPN61CjnmeCTcRP7ba/Ajn9aP648YIiIiIiIiIiK7oZ0WoGJckp//IXixwkniXbge4ar3aLnla/jvPQxhkbD1IwjXz6f1nm+TffOBbitPAayfJnH4xZhUddF+0pk0Tr5q0dqeV6DW1PTC5uMq38+ydNmybV7T2NTE7Nkv4+SX8buOQyy+9f1im5ubgVwRquu51NXV9WyCeS3NLYUl5MYYzFa2DFi9Zg2+7+O6Dh8sXEhbOr1dY23LkUccweTJk8hkMsTjCe6//35effW17e7n/ffnMuPxx7u8nnIS+JGPIRc2lrrdH2pVjLWWNj9TeEZ+FFLWoY/GbHOuwtXkAsv16a6fxbHDj2T/vvuRDf38c7dcMfuXNGYaAVjVvCZ3uJOFslgpntM1+HeMw+kjT+4U51siKuNVHD7k0G7nHnfjlMRShSsia1nZvHq77l9ERERERERE5NNk5wWogFM5iORxV2H9NEUrNl0P/DRtj/yM1rsvIFj6Ejb46IFc1LCS9DPX0HrL14hWvYPp5tAoAEIfd4/JxMYet9X+UvE4fhBgHEPW94tUNnb1uUMPJcxXc3pejP+94X/JZIoHxQ2NjXz3e99j8eJFOPnKznQPAspEIp6vIDX4foDdzoORNtZvwnE9wjDEcRxKS0uLtu3bpw+u6+I6LsuWLuWCC7/Nw488ysuvvMr8BQtYvnw577zzLgsXLWbduvWsWbOGuo0bSWd6VukZj8f4w7XX0adPb7LZLLFYjHPOO5dn/vXsti8mV7U64/HHOemUkwmDrs9hZctaYm4MDHiOS21mU4/6LfRvLZuyjXjGbd8Vl2yYq5i11hJ3PAIbYi1ENsLStZrXdVx+OOk7VCerCaMQz7hsymzi6pd/Szb02ZjelDuMC0tZrAzXdP+rOqJmbyb2Hk9gg3wgHDBtz2NJxboPhduX91tsfv9WWN2y4w/qEhERERERERH5d7FTDpHqKDbmGMI175F95Q5MrEiIaRyMFydcNYfWe7+H03tP4hNOwt3jszgVAzBFwqAt2daNhBsWELz3KP7cJ7Ghj3E9yO/52EUUghcndfwvMFsedrUFL5YLF2OxGH42Sxj2bCn+fhMncNCUA5n98mwSiSRz577PZT/9KT/96WX07tWr0C6b9Xn3vXe54MJvc+QRR3LNNadx8cUXk0ymaGxqZM6cORxy8MFFx6lvaChUkDqOQ93GnoeCURRho4gwzB3WFEVhIfTtTmVlBUcffTT333cfJaWlzJ49mxdffLFw0JO1uW0EjOPg5LcuKCkpoaamhkn77cdxxx7LfpP2I5UsfoBYv359ufP2O/jWOeewdOlSrI04/4LzOfMr/8E3z/o6A/r3Jxbr/Jm1tLQwb/58/vyXv/Loo9MZPnxPpk49pEvfYX7/0fZl7OmwDWvtVqtuO7I2IrQ+kY1wHRfPcdmYX8JvsTT7LTjkq5WxpIv8QaAiUc6lky/ikheuwjEunvF4f9N8bn3/LhqzTYXPM+UlcYoEqI5x+ProM3jjubeJjKXUK+XIoYcVnbvnuFQlq7HtOw4Y2NC2fdXKIiIiIiIiIiKfJjs9QAVDYuq3ieqWECx+qXglKIDj5UKn2qVkZv4293PNELyhk3Cq98Cp6A/JSvDbwImBY7AtdUQNqwnXvEe46m1oa8xlpY679VDURoAldfofcSoGbvMuVq5cjTGQzWRoa2vb5in17WKxGD//+c85+9xzWbpkCYlEnEemP8JLs2dz9NFH079/f1qam3ly5kzmL5jPD7//Ay44/zystYwaOZq58+YSi8U497zzOf3LX6Zf//5846yvk9jigKbWllayvo8FgiBg3bp1PZof5PYJra2rIwpDAmtpbW0j3ZamtKSk2/aO43DVlVeQTCR4+JFHgFzlZRRFuWAyigiCoPCMHGNoDAIaGhpYuHAhd999N+MnTOBXV1/NyJEjis5rjz2Gct89d3PtH67n9ttvJwwjbr/1Vu69527G7zuB8RPGU1ZWhud5rFmzhqdmzmTFyhUkkykuuuhivvmNs6ip7rotQ1OmhWyUJekmCaKQ+nQDoQ3xTM9+HbKRz4bWOgIb4liXdJjB2PYl8RF1bRvxbYBj4hgMy5tXFe1rbO8xnDniFG5fcC9xJ4bneDy4eDqOMTjGIYjC3FL+rRhePYz9+07kpbWvMm3EcdRsZSsKgIQbx48CXNcBLMubVmxXgCwiIiIiIiIi8mli7Ic9nWc7WT9N24M/Jlj4fPFK1O6usxGmsBzdYA0Yx8sFoFEuBM295YBxsMZ0t9vqlp1CmCV10v/FG3nkNucQRRH/5+e/YNny5ZSWllJbW8evf3k1w4bt0eP7aGhs5E9/+jN333MPzU1NGMcQBiFhFBKPJzjssMO56HvfYczo0YVrNm7axP/8z3W88cbrRNayxx5DmXbCNI484vNdDm56dMZj3HTzTQwcOIiGhgb2HL4nV1z+0x6FYm3pNN//wQ+B3NLyjfWb+P3vfkv/fv22el1LSwv//Zvfcuutt5JKpRg4cCB9+/WlurqGspISGpuaqN+0iTVr17J+/XqCICCeD36z2SzJRIJHp09n8OBB25zj4sVLuPOuu5j51FOsXbuWTCaD6zgYxyEIfDwvxl577cWpp5zC0UcdVbRPC7y8+jVc4+DbAGsjUm6KCf32LbpMvsvzCtK8uPoVquOVtISteMalJlHNqF4jiGzEK2teJ+7EaAnb8IxLeayMcX3GFu0vG2R5asUsKuPlWAMlbooSL0lrmKEtSNM32Yu9a/bc6pxqW+t4Z+NcJvUZT2WiYqttF2xcSF3bRkKTC7zLvFIm9t1XAaqIiIiIiIiISDc+tgAVwPqttD18GcEHz2O8GN0eLLWzRSEWS2rar4j1IDxt5/s+nudhjMEPAlzH6XEVakd1dXUsXrKUOe/MIR6LM27cOAYPGkTv3r2KBljZbBZrLYlE8eA5CALA5JfgR4XtBnrCWksQBJvvz/dxXXer9/fKq69yxZVXsWLFCi666Hscd8yx1NRUk0wmO4W7QRCQTqdZvXoNd9x1F3feeQeeF8MxhnQmzZQpB3LzjX/rEggX09TUzPoNG1i3bh1z576PMYYRI0YydOgQ+vfrt9VnJCIiIiIiIiIisr0+1gAVgCBNZvbfyL54c+7IeKdnwdmOYIMsprSG1Im/xhs8+WMb99/Nff94gEsv/QklJaXcf9+9jNh77x5fO/3RGfzokkvygaklCEJmPDqd4cOG7bwJi4iIiIiIiIiIfEjbX0L5UXlJEod8m9Tpf8CpGYINMrkl9TuTjbChjzdiKqVfv1Xh6Ucw5513ueyyy7AWrr/++u0KTwG+eNyxnH7aaaTTacAQRSGLFy/ZOZMVERERERERERH5iD7+ADXP2+MASr52C4kjfgCxOITZ/MFOPbfN2NVGWD+NU1ZD6ks/p+TE3+KU9//Qc/60y2azXHrZZVgbMXr0GKZ89jMfqp8vfelL+Q8vd3BRbvsBERERERERERGRT56eHTu+k5h4GYn9v0ps5Ofx33kQ/61/Ylvqcm86Xm6J/9au7+5Fa3MHT9kIU96bxJRvERv9BUyqaofP/9Nm+YoVLFmyBGMc9h23T4/3WN1S/wH9SaaSWGux1tK3b98dPFMREREREREREZEdY5cGqO2cioEkDr6A+KQzCZY8j79gFuHS2ZBtzbcwYJwOgarN/TtfxVgITQFiSbyhk4iNOx5vjymY5NZPJJeeW758Bb7vY62lsrLyQ/fjOA6OY/D9kNLSUoYOHdLja9va2rDWEo/H8bzNX98oigjCEEPua+EY0+n9IAjobrvf9ja+7xOPxwuvW2vxfZ9YLNbt4V7WWtLpNFEUdTk4q10mkyEMQzzP69R3FEWFQ7vaD+pqf619PN/3O/XlOE63Y4RBSDqTxnVdksnkFmOEnf4GYa3Fdd0u/bQ/m46BeHtVsOd5hbl1fA7tB45191w69tfepr0Px3E6fS6Qq2zu+Cza++npZ9L+2ceLBPpRFOW3jIBkMtlpnCAIiKzt8seY9jm2P4ctn00URYVn2d13ywKx/DPKZrOd5tzxPtqfV3fP8sP+gUJEREREREREdqxPRIDazqSqiI09ntjY44ma1hLVLSVc+z5R7UKi2iXY1jqsnyUXoDoYL44pqcapGYbTdyRu35E4vffCqRiwq2/l31J78OS6Lhs3bvzQ/axbv55MJksYhkw7YRq9amq2eU1LSwvPPPMM8xcuxDEOpaUlHDTlQPbZZyzGGBYtWsTMp58hCEPCMCSRSDB21CgOOuhAYrEYDz78MBtq68hk0tjIFkLWs7/5DaIo4tbb72D8vuM45OCDAVixciWPP/4EXzr+ePr379dpLs3NzTz2+BMsX7ECgN41vTjmmKMKlbRtbW288sorvDXnHcIwJB6PMXm//TjggANwHIdly1cwc+ZMDj/8MPbeay8AlixZwpNPPc1Xzjid0tJS7r7nXhqbmwmDAIwhEY+zz9gxTDnggEIAumjRIv41axb19Q04rsv4ceM45OCDSCQSzJs/n389O4sw/zzIR8uTJ09iav4e2z32+BPU19dz5hmn47ou1lqmPzoDay0nTjuBhQsX8cyz/yKb9QnDEMdx6N2rhsM+9zkGDhzYqa+2tjbuue9+WtNtHHbIIYwdOxaAp55+moWLlzBo4ABOOP74QvsVK1bw8PRH2WuvvTj6C0cWXq+rreOe++9nymc/w6RJkwqv3ffPBzjt5JPp1asXkAtHpz/6KCtXrebML59GVXV1p/msXLmSf816jvXr14OBvn36MvXgg9ljj6FEUcTD06ezes0aAj8fgprcc/rPr36VTCbDI49MJ7IRp+bH9H2fe+67j+bmFvYdN46DDpzCkzOfYsWKFbRlMtgoAgxhFPCtr59FqiTFLbfeyvBhwznyiM9jjKG1tZXb7ryT444+mta2NqbPmIHneqRSKYIgIJ3JUJJKcd45Z2/z90JEREREREREdr5PVIDakVPeH6e8P96wKbkXggzWb8WGAcRSkG3BeAlMrAS8+NY7kx1ijz2GFqrm5s6bV6ii214vvTS7UI141llf32Z73/e5/x8PsKGujs9/7jDKSkuZO38ej8yYAVjGjRtHNpulqamJqQcfRFlZGavXrOGlV16hrKyMyZMnsam+HhtFHHHYYXieh40sGIjH4zQ3N9PW1sZLs19m9MhR9O7TG98PaGoPMDuw1jLjscdpbGrkpGnTiKKQmU8/w2133Ml3LryAeDzOEzOfYv6C+Rzwmc8yaOAAVq1ezb+eex4LHHTggYRhQGNzc6cqUz/r09zcTBSGWGup3VhHvz59GDV6NFEYUltbx/MvvkRZaRkTJoxn9erV3PuPBxgzahSHTT2UdRvW8+xzz5PNZjj2mGPIZDI0NTdx2NRDqaysyJ/TZgvBY0fNLc00NDZ2qqJsbm4u/JzJZmhqambqwQdRXl5OOp3h9Tff5L5/PMA53/omqVSqcF0URTQ0NJD1fRYvXcrYsWNJp9PMnTcfPwhobm7pNPbbc96hsamR9+e+z9SDD6KkpASAMAxobW3lmWdnMXToUHr37k0YBjQ1NecD4Zz6+nrmLfiAKAx5b+5cDj7ooMJ7GzZs4I677mbAgP588ZhjCG3Ec8+/wF333st5Z3+LyspKNtXXk0wkOfDQz+IYB0suai5JpWhqbMp9B6KQFStW0KtXLxoaGlm7dh3GMbS1tQHQ2NRIJpvl8EOnEo/HsRasjUiVpIjCkNa2Nl5/801GjxrJkCFDiKKI5qZmMpkM/fr25ZgvfIHW1laefe55hg4Zwj5jx+A4XauNRURERERERGTX+MQGqF14iVxg2v5zomxXzuZTafCgQYwYOZJ5c+cyf/585rzzDpPz1YE9tam+nptvuokwDDnv3PMYNXLENq9ZtGgRK1ev5mtfOZMhQ3LL/UeMHEEYRvxr1nOMHTs2X5VpGL/vvpSWlbHvvvuyYsVKlixdyuTJkzDGobKyknHjxnXpv2Nw+PiTT3DmGWcQzwfFW+7Da61l46ZNVFdX0bdvH0pLS+ndqxfrN9RijKGuto658+ZxzBe+wMSJEwDYe++9icVivPDiS4zfd998yGY7Lds2Tv7f7Uvew4jhw4YxaeJEILcdwHtz36e2NrdH8LPPPU+/vn350vFfxHEc9tp7L6oqN+/zazA4xmHC+PEkU5uX9nenfXuA9mXrxhi8WKwQHhsMjtPeVy4sTSYSPDh9Oul0ulOACuA6Dv369GH58hUEQUBTUxNhGFJR3vl3tqWlhQULF/LZ/T/DnHffZf78+ey3336F52CMIQhDnp31HKecdCImXwFtOiy4nztvHpUVFQzo35+357zDZ/bfv/B8n531HFXVVZx+2mmFrQCGDB7MokWLC8G/sdCrV69CpWxHYRhijKGyopKFCxcxceJEVq1aRSIez31OhWkYEskk48eP79JHc3Mzxhhc1+HxJ5/kG1//eqGSOwgCqqqqqKqqIpPJ8K9ZzzF06JBu5yIiIiIiIiIiu87uE6DKLheLxfjlL37ByaecAsDlV1zJrX+/hd7dVDV2p65uI9+96HusWbuWzx32OS6+6Lvd7v24pfUbNpBMJLocNjVk8GA+WLSQpsbGfChlWbNmLRUV5axeu5aN9ZsYNWokAF5+24Hb77iTIIrAWqqrqjjhS8cX5jBh/L7Mefc9FixYQK9evYhs1GUujuNw5OcP574H/skNf/ozAwcMZPTokYzbJ3eo1rLly3AdhwED+ne6bs/hw5n1/AvU19cXluB32ZG1w6OIxWMsXLwEx3GIrKWubuP/Z+/e46I6D33/f0HEGRUvXIQICNNgiFg0Cpp6yWB2rTGtdkdNkwZM0nN2It3ntH1lw977R6RnpzmnJLQ98OsvzW6LzT5NrZDEGO2O2Y2atHGmUX/1mmiQEN0dCJqiggliAAWZ88eaGWZgFhdFQf28X680YdZaz3qeZy2mL78+F3Ve6lTqbVN16dIlnTx5UrPvuCNgPc+0tGkBxbndbm3ctCkg7Pvq0qU9nteI0BFqbW3VKxtf9S1tcOr0acXFGv1tLDfs1u7//8+yjBolt6QPKj/QlMRERURE9OijS52dSkiI1+EjH6ipqUknT36iSZMmacxoq841n/edd+zYcXV2duquhQvU0d6u/QcPasaMGUb/eALmzNmztG//QdXU1mrcuHEBvdbuuWbh/Pm6bepU/esvy1RXV6dbb71VFy9e1MlPPtHUlBRfoNrc3KyQkBDdNnWqwkaGGeu0hofr47o6bSivUKfbrc5Ll5Q4JVFfvvtuhYaGyO12y5acpA+rP1Jra6tqa2sVn5Cgs42NxihmGUtatLa06LcVFcbyEG63xoy2asV99ynUs1Zzetp0fXD0qD744ANNnTrVWNbZ74F3tLcrJCREnZd6vnMAAAAAAGBoEaBiQL44PU2//j//pr97/HFVVR3Vg998SM8+84zumDkjYMMff+fPn9eBQ4f0z//0z/rkr3/Vww8/rIJ//ifT87vzTvfvEbZ6QqgO35TuEP37f7zhC6ZSp07VnMxMSUYAGBoaqsm33KKQEKnT7dbYsV0jIi91dmra7dNktVj11h//qEV32QMCLn+33nqr1vzdf1VlZaX+4qrRH/74jg4cPKRHcnJ06VKnQkJDAoJNyQglJc9GTiGhktvt+8z7ueS3zmzoCJ1rblZV9UeqP3VKY8eM1iOrcxQbG6vPP/9cnZ2dCg3tJXwOMcqMiYmR1WqRZw6/aZ+HhoZq7NixCvXszRZ6JsQvqwyRu9OtuhN1ajp3Ti2trbojfYb+5u5FPTaEkoyRmxMnTlRcXKw+OnZMH9fV6dYv2PTpp5+qs+mc75wDBw/IlpwkSUpOTtKB995TfX294uPjJRnLAcyaOVMhCtGb23fo7qwsjQgdIW/FTp48qdbWNsXFxio8PFxRkZE6cPCQvvCFL0hutzo7O33vTHt7uypefkXnz3+u0NAQzcnI0F13LVRIiPEXAwkJ8ZLbrUudbsX4BcyXOi8pMTFRHx0/rv/8z//UmcYGzc3M1J8bG7sa7Dberfi4W4zQVfJtaOWW8W7dNnWqYuNitf2ttz2bjnXrN/8N8gAAAAAAwLBCgIoBWzB/vt7atl0/fe45bd26Vd944AGlpaXpnnvuUWJCvEaEGTuOt3x+XlUffqStW19XY2ODZs68Qz/60Y90110LNaJbwNibiRMmqO3CBZ07d07R0dG+zxvPnlVIaKgiIiLU0NCg0BEhWv7VrykycqKsFqvGjB0jyQgS3Z1ujYuI0N13L+pRvruz09hiyd2pL33pTh2p/ECOP/1JoSN61rGlpUVHjx7V1KlTtXDhQi1cuFA1NTV6aeOrOn3mtBITE9Te3qFPP/1UMTExvutOn2mQ5NaYMWOMjZ06O42p4B6XLnXK7XbrUqfx7wsX2pQ5O0MLFy7QBx98oDd37NCnn32m2NhYWSwWRU6cqIbGwI28qqqqdOlSp774xemSjKn4dy/KksXS+xT+S52XFB4erq999V7fZy9vfNW3A713uYGV992n8PBwVbz8ik6fOqWOjo6ggaxbktVi1W0pU+V891253W7Nu/NONTae9cWDjY2Navz0MzWda9bPy9ZJnrDzyAcfGAFqiDH6MyQ0VPPnz9ORykr9cec7xtR+z7tz8OBBhYaEaNPmLcZu9+3tampqUtNnn2nCxImKiozUmTNn5Ha7FR4erpUr7tP55vPa+h+/V8clo23t7R2Ki4vVoqysHu3o7OyU2y2NHz9eiQkJcvzpTwoJCdHkyZN9fYssbpwAACAASURBVGP0X6fCw0fqb/7m7p594XYrRFLHpQ7NSE/XwUPvafvbb6uzs1Pd83mjb/oekQ0AAAAAAK4tAlRclsTEBP3vH/9I//DEEzp06JD+8Ic/atu2N3X69BmFhobK7e6UxWLVlCmJ+nZuruz2u2RLTu4zzAsm5dZb9Y7Dqe07dugrixdr9OjR+stf/qJD772vORmzFR4ero4OY/Ol6OgoRUZG9ijD3dmp9g4j2PRuhCVJVqvVGKUYEqKLF41Nse75ylf02pbfeUZXBo4IDAsL05927db7h49o5Yr7ZLVY1dh4ViGeDaliYmIUExmpbW+9JavVqokTJ+r06dPa8fbbsiUlG2FwW5tGjAjVwffe89W1qrpaI0JHaLTV6qtbp9sIFadPn66q6mr97t9f199961HFTJqkOZkZ2rbjLVVWVippyhSdaWjQf7y5TVOmJBoBqtsYddtwpkETJoz3tSIsLKzHmqWdnmnnHR0dxgZbbrex/qlvbVjj3263W6NGjdKye+/V/1m/Xtu279B9f/v1oKNtL3VeUlxcrC62t8tqsSgmJkbt7e3q7DRGC79/+LAso0bpvq9/XWFhIxQSEqrKo5U69N77st91lzGNPyREHe3tskycqL9ZtEi/375NI8NGKmzECJ07d07H/+LSl+bO0dSpU+V2S21trdr8u3/X4SMfyG6/S/O+9CVt+t0W7d6zR+lf/KJGW62qq6tTe/tFv6fqVltbm841nfONHg1RiEZZRinUs9TCyLAwJUyerMqjVUqeMkVjx47VhQsXfFP43e5OdV7q1NmzZ33LBfi/W24Zo6hHjBihe76yWOUvv+JZpsD/BXX7QnwAAAAAADC8EKDisoWEhCghfrIS4idr+bKvqaOjQxcvtvtmI48YMUIjR47s1zqnvYkYN07ffOAb2vofv9fGTa8pPDxcn3/+uabfPk0LFyyQJIWFjZBllMV0BnRERITONDTolVdf1aXOToUoRJ2dnfrb5cs0fvx4WS0WhYUZgZnNZtO0229Xbd3HPcLB8PBwrVpxn974/Zt6aeNGhY8MV/P5Zs2bO1cxMTEKDQ3V337969r+1lva/LvfafToMfr88/OKn2z0UUhoqKyjR2vpkiX6wx/fUcXLr0iSLly8qOVf+6pGjRqlCxcuyGKx+jY6Cg0N1T1f+YoqXn5Ff9q1W/d9fbnS09N19rPPtOMPf9DY0WPU0taqW265Rcu++lWj7z39sfX3vzdG4MrY2f6OGTNkv+uugDZZLKO6gmSPURaLQjxBYFhYmCwWi+94zKQYfXnRIjl3vau6ujolJSX5rgsJCZHFEwJHRkYqImKsEuPjZbVaNWLECI2LiFBra6uO/+UvunPuHE2Zkui71mqxqPJolerq6jRp0iRZLKN8o02nT0/TR8eP6ZNP/qrQ0FC5XDWyjrYqMzNTo0eP9pUxI/2LOvrhh7rzzrmaOjVFixbepX0HD+jIB5XGqOjWVqXceqsyZ8/2rFU6RqfOnFb5yy/7+sntduv+FStktVhl9QT+8fHxGj16tL7wBZvCw8NlsVgUPsoYfTt69Bh9evZTbdz0mufdMkalfm3pUk2efIusVotvqYOEhARlzpqlyqoqjfC8b95+G2Wx+J45AAAAAAAYPkLc/luQAwAAAAAAAAB8+r8QJQAAAAAAAADcZAhQAQAAAAAAAMAEASoAAAAAAAAAmCBABQAAAAAAAAATBKgAAAAAAAAAYIIAFQAAAAAAAABMEKACAAAAAAAAgAkCVAAAAAAAAAAwQYAKAAAAAAAAACYIUAEAAAAAAADABAEqAAAAAAAAAJggQAUAAAAAAAAAEwSoAAAAAAAAAGCCABUAAAAAAAAATIRdjUKbmpp07tw5dXR0XI3iAQAAAAAAAMAnLCxM48aN0/jx4we/7MEusKmpSefPn1dERITCwq5KPgsAAAAAAAAAPh0dHTp//rwkDXqIOugJ57lz5zR+/HjCUwAAAAAAAADXRHh4uEJDQ9XU1DT8A9SOjg6NGDFCbrd7sIsGAAAAAAAAgKBGjBhxVZYUZRMpAAAAAAAAADBBgAoAAAAAAAAAJq7KQqVM3wcAAAAAAABwI2AEKgAAAAAAAACYYAQqAAAAAAAAAJhgBCoAAAAAAAAAmCBABQAAAAAAAAATTOEHAAAAAAAAABOMQAUAAAAAAAAAE8NyBGrjuyX6wSs1vZyRrAd/kK+FUVd0m6uj5YTe3VCl2DVf0dSgJ5zTgZ8/pRerrFrwve/rm1NHBytEx17+oZ7bpV7OufqOvfxdPbcr2JEwRUQmK+3eVVr5pQQNTe2Gk0a9W/IDvRL/Pf3sm11PveXEu3rl16/r8OlWdShMEfEz9NXVD2phAj0GAAAAAABwvbgqAergsCr5ztmKD1rDWMVar3V9+qfx4Ct65Ui8vmd6xjhlfOtxVf3gF9r169eV8f1vqns+2nLsdf16V7MiFuUNWXjaJdhzaNXJg4f15/ISnWgtUMHdsUNVuWGr5djL+uFzu9QaOU2LchZpqo5p55s79cqPjunEEIbiAAAAAAAAGJhhHKDG6s57vzk8R5leqdFpWvn4Ah19bpd+/kqaiv7LjK5RnC2H9crPd6k1+UF9f5VtKGvpYfIcvnlKb/2vH+r113+vwwv/i2aMHJLKDVOn9OeXd6k5YpHynl4l4ymmKe1LXzL67Fdv6s4fez8HAAAAAADAcDYsp/B7r3e73epPUS0n/qzNm1/XwePNxlTplNn6+sqVutM3VbpR75Y8rY0Jj+q7YW/qF47TUsRcfatwtWaMls4dfV3lm3eq6nSHwqxJWvDo45p25Pv65YkH9FT+QkX18z7HXvmefrZLkmr03Hd3SQu+q+ceDD6R35qyXN9acFg/2/Vr/TylUPkLo4x6/vzXOqgkPfDoAkW63XIPqH3d79f98977ocdz8Pxv8OcwSbMWxuv1zY1qanLLHSVJLTrx583a/OYR1ZxtVYeksIh4zbg3Rw8s9Jvq33JC724s15uHT6q543LOadGBXxToNy3dns+BX6jgN1VKeuCHyl84zvupca71MZV8a4ZGDsr78ppeLN+l480dCps0Wzl/v9zTP0Zf6VydalrDFP+VLCV7nmFgn7l0osmt5HECAAAAAADAMDeMR6D2T8uxV1T0s11qjZ+rlY/OVmTHcTne3KnyH1ep5ruFetB/qvSfy/WL2Dv14LfvVftZq5JHG9f/6JfG9Q88OlsjTzr05gs/0kGrpMiB3Sd2wbeV075R5XsjtfzbixU/rrep7aM19cHHlXW4VI7NL+rdafmaVvWiNteO1Nxv/71vxOeA2tdfQfrhcjQ3npU0SfKMPj31Vql+vPWs4ueuVM7sSFmbT2rXzjd1cGOpWq0/0N9njJPUqHd/8WNtPJuirJWPalqkdPbg29q88cc60VGo7y+K7dc5yelJ0sYjqmlZqChP/U8ePyZJqj1eo/aFRliqlirtrZKmPZpihKdX+L6cO/AL/eA3VVJ8lnJypknHHdr6sxcV4d8x4zL0raKMID3WopM1pyTrAiUQngIAAAAAAFwXrvMAtUZvvrBLzUkr9VT+Is9IxDSl3Tlbr//wx3r7lb1a9P1F8sWYHdOU890HlTG66/rXXtil1qQHVOgdyZiRpvRpRsjWFaD28z4JaUpJjpD2xio5Lc1kEyl/yVqVt1I1T2/W5hd+pNhTJ2Vd8F2tTPNWcIDt668e/TBQ7Tp1oFy/crRKSXdq2jijrod3NStiwd8r78Gpnkw1TWmzY/Xi//OCDh4/JWWMkxqr9Odaae63v6dVaZ7i0qbJ2vp9bTx8TI2LYhXVn3OmzlCk3tTxk1LGVM/9D3YoIiJCzVXHdFIzlCyp/fgRVSlFOVNHD7w/g70vG6sk//clLU3pKRv09C9r++y1Uzt/oRcPSkkPLFLy5XY9AAAAAAAArqnhOYVfklSrjU9/Txt7HE3SA/+SpwVRkmoOaG+rNGvxfN90d0O8shan6O2KnTpcn6XFsZ4jSdOUZPWbju65Pn3x3IDrrSlf1uL4XdriaYu73/fpNu29P42NzNKjDxzQMxtrdTIiS//wQIqs3msH2j63u1vfd//cpB9MGMfNnoOkiHQ96ltqIEmLnyrWYu/9vOeETVZKvHSwpUUX3W6NjIhQZJh0cOvLmhZxr9ITxmmkrJr9WIlme6/tzzmTUpRu7dDewy49kJIsNZ5QTWu8FmenaFtFjU40uJUUJbmOHpaSVurWCLfcrit8X04d05Fg78u0xVocuVdbe/S/V4tqNj+vnzlOKX7FPytvQeQV/44AAAAAAADg2hjGI1CtSpo7q9vu75IUq0lWz3+2t6tVkUqI7bmD0bjISZKOq/GcZDpEs7VVrYpXcnz366MUnyTp5CDdpw9Rt9+peNVK92YFjky8yvftnyDPwZqgqTNSlJ4cq541a1dL4ymdPH1ap49V6fCRIzp+WpKadU5S1MgZWp6Trtry3frNT3ZLYVZFJqdr8eLFmjUt1lgDtT/nKFnps8LkOHJcp1YmK/LkMdVaU7TyzmlKr3Do2Ml2LYg6qSOHOhS5OMUYLXql/XmuUWcVqQU9ro9Q5CTzHmw5vNEITx9Yq7wFN+KuaAAAAAAAADeuYRygTtKdSx/U1cyb2tvbr17hN4z+P4fGgy/o+fIjOmvsHqXIcbFKmjVX6YccOuR3XtTsx/TU7HM6UXVEe3fu0sHje7Xxl3u1OekBrc1boKh+npM8LV3afVjHGxdrUtURKf0xJStJZ2+XyqtqpNhaHWm1Kj3lqibMkkYqzGp2rEUf7jqkjqQH9CjhKQAAAAAAwHVnWE7h9808Vx/TzMNGyqqzOnHqotyTAkcFnjt7WlK8YiONMrxT6/2nl4dFjJNVh1Rz8qLckf7Xn9Wpk37nD+A+vsL7O4U/sMGBfTfQ9p09pxa3W11Z3lmdOCkpvqvcYP3Qd+36nu6vc3tV8Zsjap31iP4le7a6uvOU3j7k0KEe94xQ/O3zteL2+Vqhdp1yPK9nt2yVwzVfK5L7d05YSrpu13odO+lSy4cdun1ZktxuqyanRKrj0EkdPXZYZ61zNSvJU/8rfF8UEanIoNc36lStpNuDvfutammVFD+p27IBAAAAAAAAuB6EDnUFrkjyLM21Sofe3q2zAQdOyvH2cSnidqVEmlzrd/2Rt/cGXn/qoBy1Pc+77Ptcrn7f1yqrVVJtrU75ndVatVeHOq5CvYI5XaPjktLn+oenkk7u1V6/yrdXbdH/fPJ/aEuN/8UjNS5i3IDOkSRZk5WeJB1xvKEjZyOVEm9Ex7HJtyvs5C5tcdQqbFZ617IIV/ocY6dpVkTP61uPO+Q4a3ZRpBb8w0/10wdSeikYAAAAAAAAw9UwnsLfH8la+nfzdfD5LXrmJye14suzFNlxXI5tDn14NkLzv7NY8X1dnz1Lu/7tVT3zk1qt+PIsWZt3642tVToX1u28ft7HarVKOqS3305R+7QUTYsf1/O2g94+q1Lm3q6wDx36t+fDtPzLKdJxh7Y5WjUpSep7f/hBMClFt4ft1t5/+4msDyzT7RGtOnvIoTcOnlS7X1+OTEnX7WEOOZ7/ic4tzdLc+Ag1n9wtx7YjCkv6hrKSpZHtfZ9jiFRKeqQ63jiu2rD5Wu6dqR+fohTt1oenwzRreZJfJa/0fYnX4kfna6/f9cb7ckTNptcc18YnntfupG/oX/5hga5Gzg4AAAAAAICrZ1hO4fde7nb3PXXccus39OQ/JmnLlje0Zf1edShMEbfO18Nrlmp2rMW3+7x3Sra72zRqyxcf0f9YE6H1L+3Wq+v3KsySpPn/NVeR2/9Vv/M7v3/3kSy336MvJ5XJ8cZ6fXjkfj39xAL1GaF2NbhH3/X3vhGzHtETLa9q/RsOVZQ5ZJmUrmVPPKLY3Wv1r3L32Q9Bq+WrXj+m8EfM0iNPtOjV9W9oV0WZHGEWTUyaq/v/MVeRu/+n/r/dx3Xi4nxNHHmrvvHkf9fE9Vvk3FZhjJANi9Ct89foyRXTNNHtljusH+d4bjvp1i/KIqfa0m/XFO/nliTdPln68JN0zUoNC+jTK35fbv2GnvzHyXp1vXG9LJOUft/DmrXvt/qDej4/v17sV58DAAAAAABgeAlxX/GCpYFcLpfGjbuSUZfDwVk5fvK/9Lv4Nfp/s6cNdWUAAAAAAAAA9MO5c+dks9kGtczrew3UK9V6UGX/9C8q29ttAcuzR3ToEykp6Wrv3g4AAAAAAABgOLvO10C9QtYUzUlp1W9ffV5lp5fKfmuEWs8e0h9+t0+fRMzXf5/NipUAAAAAAADAzYwp/Dqrqi0VenVvrT5t6zDW2py1TCtWzJVnU3cAAAAAAAAA14GrMYX/qgSoERERg1kkAAAAAAAAAPSpubmZNVABAAAAAAAA4FohQAUAAAAAAAAAEwSoAAAAAAAAAGCCABUAAAAAAAAATBCgAgAAAAAAAIAJAlQAAAAAAAAAMEGACgAAAAAAAAAmCFABAAAAAAAAwETYYBdosVjU3Nw82MUCAAAAAAAAQK8sFsuglznoAWpbW5tuiYsb7GIBAAAAAAAAoFd/ra8f9DKZwg8AAAAAAAAAJghQAQAAAAAAAMAEASoAAAAAAAAAmCBABQAAAAAAAAATBKgAAAAAAAAAYIIAFQAAAAAAAABMEKACAAAAAAAAgAkCVAAAAAAAAAAwQYAKAAAAAAAAACYIUAEAAAAAAADABAEqAAAAAAAAAJggQAUAAAAAAAAAEwSoAAAAAAAAAGCCABUAAAAAAAAATBCgAgAAAAAAAICJYRigVmtDbq7WdP+n2KEG3ynlWpNbruqhrCYwANXluVpTHvyNbXAUB77fg36/BjmKPb9HJnUAMEj4/ycAAAAAuOEMwwDVYM8r07oy7z9FylGF1t5I4U+DQ8/mFssxmKkZrjIj3N8wLF/DXupWvV3lLrvyy8q0Lif1mtfsxtP7e9BbWD70hvM7DAAAAADA8DRsA9RA0cpaYZec+xnVg+tSas61DS973M+WoKhrdncAAAAAAIAbR9hQV2AwNDiKtbbCZfxgy9YzBVmK9h6sLteaUqfvXFt2kZ7MivYcylWJU0Gv67XMbgLKsef5gqvq8lyVyC670ynjsE05RQXKiq7WhsIKuSS5CoulogJlRfdyz+pyrdki2eWU0+Utw1dRPVt4QivLcmTctUGO4kLVrSjT6lTJGHFWqq7qeT83zts9r1t/yKh/dXmuNssuOZ1yBWm//7m+/tozz3OeUXa5q2ef9NVfAfdccUJrSyW73Smns+fzM9pu9GNgWd62ZSuxosJouy1bzzwm/cp7fkCbzPrIX4McxZ5zSnMlzzn9fU8C+8u/f2yy27vdqbf3IGh/qEfd5uz33C9zv+/9X5u7R4vnuvSfKX59WF2uNVsSeta7x+fV2pC7RYnedy+g7/3eyQaHni3co/m+d9ToW6O/PO9mol1Op7PHe9H7M/XrxyDvjml9ermm13d4AH3t/640OIo99yrVGm/ZvdQtQNDf817ezYDvtmDfC93vGfwdDrz/NX7m3muzE1Ve4fTrZ19DAr9LZFe+97uu27vi3zdBv9u7tS/wO8vz84kVnvr1/r3ZvT3+97N3/4UGAAAAAFz3rpMRqA1ybHFK9kz1yLWqy7W2ItGYnlxWpvxE/6n+1dpQWqecIs9SAHl2uSq2G6NYq8tVUpetZ/yu+5V3Pn2vZXarmaPYr5wi5dSV6ln/efnOOiV67p9vd6n8BYcalKrVRdmy+YcQfd3T5ZRWlGldWbfwJXq65tuc2udb7rJSu112zfH9Yb9UddlFvvY7S/u/bIDLKa0sK9O6XsLj4H3ygsoT87qWX6gr9U0Z7qu/et7TqbqEIr/n94Kn/g1yvFChRO9SD0XZsjm3BLTNVXFCc8rKtK4sT3ZXhda+ID3uPddVoW3VQfqoKFt1QfsoWlkFebLLL0wJeGb9X2aiwfGCyuXtgxWS09V1sM93L1h/BKmbV2qO1uXZZQRPBXpgoV2uPZW+9Var9ztlmze95/NNzZTdtUeVXSfKaZun6d6ArLCr75/JlsoL+7/mo7MuwWh7jxG5vT9T83cnsD7r8hJ99Qm8Jk92Z7ffz95rOrC+lhSdVaB842BXEDeQvgr4Pe/t3ez+3Zbo+W5RL/3Re92H5plLkkvlezzHi7KlikK/74tu3yU2pzY7GhTsXakrLe/9uz2gfQ2q3CPZ5P+zS/ZM719w9P69GdCe6nKVOO2+74HEOqcAAAAAADeWYRugOkv9N5EqNAKnIH/4rt7vlC37Hl+wmnpPtmy+qf6pWu0XODbU1wVe7AvRjCnPvpGYvZbpz/OH7hXesM9YasA/oJJ9he/+UQk20/b2fU9vKNpdtKbPs8m53zizoXKPXN6guaFSu102zZ8e7S1UOTaXdlf2M0AKFlj3ly/4ilZWQdforb77q/s97VrZ1YHq6kH/ciU1npBLgbr6M0qJNnUFhdFxSvSe5AmcffeIztJKe//6qHq/f6jf32UmjD7oCi1TtTS7q1X9eQ+C90c/BYRI1drn9Hs/Ak/UHL9+CAhaq/fL6fc+RmetkF1+IX4fgga2Rkm9PNPu/Wac+2RWdI/6KDVH68pylGrS1wHvW6+usK+ly+grv3b0+W66VL7d9wXW9ZcO1fvltGVraddLpBxbf57PUDxzT6u93wnRWVppl+/7LDqrwC90bVRdt19y5xZPaBydpSd9o/Bl8t0epUSbS3WNnrI0TyvnyfjZ/y+e+vG96d+eoN8DAAAAAIAbyrCdwh98GnV3Daqvk1zOQq2p8P/cpvoGKTU6cPqnzeYXgaTmaF2etKY0t9s0zb7K9P/M+AO9068MT0lq7H9T+25HH1dHT58nW8V+VeekSie8o6jkCaAStXIgw0cHQXRWgZ5RsdYW5qpcUtd038HqL0PgNF3b5QVcjSfkklMlud1GjdkbpV4jH+OZ2eYNdGVRow8SV3SVHR3njXOv7D3oHyMk21zZoKzp9aqzzdNSk2amZtrl2lKphqzpqq+zaf49xokNRsOvypqq5s+0Z795mdfH/Jpr5Yr6qtd3M1Wry/Kk3FKt6bY8QYPxEmltbsBLJFs/XqKheOaSTYl+BUcl2KQTnh+6LVPQ9RUerayCIqm4sKud3qn6pt/txl82le+v1mrtlzMxU6vjElWyv1qrM090/cXTgL43g3wPRCXI5msAAAAAAOBGMGwD1P6JVlyiZJvnv2aeH9/u456RSZ51DX08I9Ukz/p3peWaU5bTe5kBjJGN9hXBw97+b3jVRzv6Shejp2u+rUL7qjMlp11zcrzVS5BNe4IEv1dfdFaB1mUZ/11dnquSFxyaXjB9kPpLUoNDm50912EcsKgE2WT3W0O2v4xn5jrRV9Da44ZKtEm7/R6KMTI6QVf8HvSTNySr1h5p3mPmtU/NlN21RZXV0m7N0+PegZBGwzXQlvep12fas9+8zOtjfs21ckV91ee7marVZWVaLXn6qlQbMsu02niJTNbj7eMlutbPXJLkGRXqKbjxhHeYqbF0S9eaqJ61jX3XGaOQja8ZY83SXzmmG+eafLenTp8n2556VSfUyZ6ZI6VK9i31cshp/CwN8HszyPdAkNHwAAAAAIDr27Cdwt9fqZl+65rK+MPymlz/tfnqVO9dM3NL10iuBkex1hQ7fFN5o+MSfTuV912ml2f6/JaucqrLcwPKHbx29MZTj9JSOf13W4+ervn+U0+rt6vcNzXV8wd/33Tmau0bwNJ9UQk2v+nqxlRpr+ryXK3xW7czKsEmJcYpehD7y+CdjitVb6+4vNDCs4bsZt8Ch9XakJvbr3UyUzPtAX1guk5v4A01fZ7N71kH9t2VvQf9lJopu6tCJRUuJcb1lhAZo1XLSyvkSozrCs5SMwOmbzc4tnRN746OU6L837n9GtiKkGbP1NNv/uu3et+zbvVRg0PP5hbL0dD9mmptq+ia0t/bOzxoeuurvvT2bvra6D03TonekZye57stoD9yfeuK9lHhIXjmXVP2jRBdXaPo5Q0n5fn+8n5q9EVXm4ywPDEuutfvdkXHKdG1R5v3yDPqNUqJ2qPddX7PpNfvzSA9lmn3W7LEM6UfAAAAAHBDuc5HoEpKzdEz2cVam5vr+cCmnCLPiK3Ue5RjK1R5Ya7KZVNOXrZspZ6RRVkFyj+R6zfN1bguuq8yu4nuUY5d+WXGyK9ex3p5Ro2WF+aqLq9Mqwdwz+DFzZNNLilgrUFj05i63K4p4fa8Mt+arKn3ZMtWWOGpu1052X5TZ/u6X9YK2StKPdOLbcrJtkuewYKpOUXKKS7UGm9TZFd+mWeFwMvtr54V0Ep7hUo803TtecYGQXUDHiLXs49kz9O6oKOPUzXHLpWU5qouu0hPZnV7Zrbg6/T2rLrRB96p2Xa7XfIuz3vZ70Fg3Vb241yns+8gzwiHnAGBljyboD1bmKs1PeporDO6tsLTn/Zs5di6mterPp5pj3fHlq1nCoy7BtbH7z3vfo3fs+3tHe6jV7q9B4HvSmqmXSot1Zo6Y0q5eV/12SG9vJtZejLvhNb4lskwdq9fbXyB9egPW3aRZ9R373X31f9aPXNPWXZt0ZpcV7e6GuuJlpd6limw5ynf7lTJicagbZQ9T+tSJaX28t3uCYidTrtnin604hJdcmmF3zPp/XuzZ4d5fmc9z8Jmt/stPVGtDblblFhUYH49AAAAAGDYC3G73e7BLNDlcumWuLjBLBL9wh/U0X8NjmKtPbHCZFf0gBP1bOGJy1jiANeta/nMPcs0zOd7CwAAAAAwSP5aXx+4D9IguO6n8MOjer+ctnkymWUK+DGmqweOMDQ5s3JP1+Y6uCnwzAEAAAAACHT9T+GHZ+dy/2mqgIkGh54trJDLO93Z/EQ5igs9m7ARpd0ceOYAAAAAAATDFH4AAAAAAAAANwSm8AMAAAAAAADANUSACgAAAAAAAAAmCFABAAAAFF/tnwAAIABJREFUAAAAwAQBKgAAAAAAAACYIEAFAAAAAAAAABMEqAAAAAAAAABgggAVAAAAAAAAAEwQoAIAAAAAAACACQJUAAAAAAAAADBBgAoAAAAAAAAAJghQAQAAAAAAAMAEASoAAAAAAAAAmCBABQAAAAAAAAATBKgAAAAAAAAAYCJsqCsAXCufNTWp6bPPdPHixaGuCoBehIeHa/yECZowfvxQVwUAAAAAgOEcoDbIUVyocpf3Z5tyigqUFT2UdeqpujxXJcrTupxU888bHHq2sEKuHlcHtqm6PFclTsmeV6bVAcVVa0NuqZwmfdDgKNbaPfP0TEGWovvx+c3os6YmXbhwQck2m0aNGjXU1QHQiwsXLqi+vl5NTU0aT4gKAAAAABhiwzRANQLDuuwirSvwRH8NDj1bmKvd2UV6crilqP3SM/ysLs9VyQsOTfcLOG02m5z7q7U61S9Brd4v5zWt642n6bPPCE+B68SoUaMUFxenGpeLABUAAAAAMOSG5Rqo1eWlctrzAoPS6Cw9mWeXq2K7qoeuaoMq9Z5s2Vx7VNng92FiomzO/QFtbKivk81ul+1aV/AGcvHiRcJT4DoyatQoltsAAAAAAAwLw3AEarX2OSV7XmrPQ6mZsqtU+6pzlBrl0LOFJ5Rod8rpN+3dOw3e4Dfqs7pca0olu+d8SbL5j2b1n2Zvs8sup+rmdR0PKNfec8r+oEnI1Hybp42pktSgyj3S/BUJ2u2su6KiA9pgyw6Y2t/gKNbaClfPY9XlWrNFssspp8umnH+cp93/e48S7ZLT6Tk/oD+6L71gV35ZjlK991e2cuoqPMftyi/L1L7cUs8I265ze9T3avY5AAAAAAAAYGL4BagN9aqTTfOjgh2MUqJN2l3fIEVJklN1CUVaV+ZbRFQlddl6pswI/6rLc1WyvVpZvuDN7/zqcq0pfUGO6QXKim6Q44UKKbtI67KifWGrbZ6nSo5iv3KNgPBZh1/46izVmmBz7O29N7V6e4Vctmw9HrAiQZSmz7Op3DuNv6FSuzVPj0dJu/vVgWY369k3v3JMN9pQXa61FYnKLyvwBZ1ry+O6AkuXU8or07pUSQ0O7ZZLTuVpXZl3fddSbcg0AuwGxwsqT8zTuoJUecPUzY57/Ppqj1RUpnXRxrGSXCm/rEyrPcs2eM/ts88BAAAAAACAa2D4BagDYtP86X6BWmqO1hV4f2hQfZ2kRP/z7VrpDeCiEmSTZ0RnQ6V2u2ya/5jnWOo9yrE5PYFlgyr3uGRfUeAZrRmtrBV2lW+pVENWlqdYs02k/LlUXpir8oDP7Mov67nBU/T0ebLtqVeDUqXKPXIlrlC06vvVI71yVWhbdZZWp0qpOWV60lvX/U7Zsot8Iz9T78mWrXC/qnNSPZ/ZNSegeTbl3OP5IDouoIujswq0zvdTo+pckub5nWBf4VkHNlpxiZISMz33MMJx44n03udEqAAAAAAAALhWhl+AGh2nRLlU1yj1TMqMQC5xhUmEFrDbvU22/i4a2nhCLiVqZdBijXs6S3O7beRkV2M/i5enPl2bSHk3ybpHQSelR8cp0bVFlQ3TpT0u2VekSr0EqNFxiZLrhIJ2mVdqjtblSWv82mEse2AEzS5nodZUBNa3vkHB69eb6nKtKfWtE9D/ZxCg9z4nQAUAAAAAAMC1MvwCVKVqjl0q6b4TveTZjd6ufGN2eA/V2yvk8hsN2nMUqImoBNm0xwgMe6RzxshI+wpjinqPe/an/B5StbooW88WFmpDXLByUzXH7tLm7dsll10rTdrbl8YTLilxRVfgmJqjdWU5kjxrnpaWa05ZjuISJds8k+nxA0qJG+TY4vRbW9aYej/wpQd673MAAAAAAADgWgkd6goEk5qTJ7uzVM86/FLDBoeeLXXKZjZq06uu3sgaGxzaHGxd0mCip2u+zaXdlZ77VW/32wQpWtPn2eTc4vBlmNXluVpT7LicTNPvnll6PNsmZ2l50BA2NdMul9Mplz2z71GgqZmyy6mScr+SPO23Z6Z6fiwOqHN0XKJkS1CU914V2331aHAUa01u8Hr1h+uEJ3UN6MeBuEp9DgAAAAAAAAzQMByBKkmpWl1WJEex/7Rym3KKytTbHkLG2p0VWptbIdmylZ9tU4lnLdHep31HK+uxbO0u9NzPnq0cW9emTdFZBco/kWuUK8l/7dKBTePvdtesFbJXlKqkOEHPFGR1a4wRiiqzP0MwU7W6LE/KDdzMypiib9YGm3KKcox+Sc3RM9nFWpubG3Bs4IM/PWuVlnrqYc9Tvt2pkhMDn3jfW58DAAAAAAAA10qI2+12D2aBLpdLt8TFDWaRQ8CYel7HFPIbxrFjx5Q+Y8ZQVwPAABw5fFhTp04d6moAAAAAAK4jf62vl+3yNuUxNSyn8F971dqQWyzfigHV21XusikxakgrBQAAAAAAAGCIDdMp/NdaqpZmS2sLc1Xu+cSe1/tyAQAAAAAAAABufASoHtFZBVqX1fd5AAAAAAAAAG4eTOEHAAAAAAAAABMEqAAAAAAAAABgggAVAAAAAAAAAEwQoAIAAAAAAACACQJUAAAAAAAAADBBgAoAAAAAAAAAJghQAQAAAAAAAMAEASoAAAAAAAAAmCBAxU0hPDxcFy5cGOpqAOinCxcuKDw8fKirAQAAAAAAASpuDuMnTFB9fT0hKnAduHDhgurr6zVhwoShrgoAAAAAAAob6goA18KE8ePV1NSkGpdLFy9eHOrqAOhFeHi4JkyYoPHjxw91VQAAAAAAIEDFzWP8+PEEMgAAAAAAABgQpvADAAAAAAAAgAkCVAAAAAAAAAAwQYAKAAAAAAAAACYIUAEAAAAAAADABAEqAAAAAAAAAJggQAUAAAAAAAAAEwSoAAAAAAAAAGCCABUAAAAAAAAATBCgAgAAAAAAAIAJAlQAAAAAAAAAMEGACgAAAAAAAAAmCFABAAAAAAAAwAQBKgAAAAAAAACYIEAFAAAAAAAAABMEqAAAAAAAAABgggAVAAAAAAAAAEyEDXUFuvtrff1QVwEAAAAAAADAELklLm6oqxBg2AWow62DAAAAAAAAANy8mMIPAAAAAAAAACYIUAEAAAAAAADABAEqAAAAAAAAAJggQAUAAAAAAAAAEwSoAAAAAAAAAGCCABUAAAAAAAAATBCgAgAAAAAAAIAJAlQAAAAAAAAAMEGACgAAAAAAAAAmCFABAAAAAAAAwAQBKgAAAAAAAACYIEAFAAAAAAAAABMEqAAAAAAAAABgggAVAAAAAAAAAEyEDXUFumu88Kl+XvWC9jYc1KcXPxvq6uA6NTF8guZGz9Z/m/aYokZN7PXczz//XE6nUzW1tWppablGNbxxjR49WslJSbLb7RozZsxQVwcAAAAAAOCKDLsRqM8dLdP2T/5IeIor8unFz7T9kz/quaNlfZ77zs6dOlpVRXg6SFpaWnS0qkrv7Nw51FUBAAAAAAC4YsMuQP3zmf1DXQXcQPrzPtXU1FyDmtx86FcAAAAAAHAjGHYB6vmOz4e6CriB9Od9unDhwjWoyc2HfgUAAAAAADeCYRegAgAAAAAAAMBwQYAKAAAAAAAAACYIUAEAAAAAAADABAEqAAAAAAAAAJggQAUAAAAAAAAAEwSoAAAAAAAAAGCCABUAAAAAAAAATIQNdQWuvvtVtvw7yggPfrSmZpHuP3Bt6/NUhvT0gU1Bjz5kf0P5MWODHms+87zudga/7rqX8lO9MzNFH72/TLnHh7oyg2dZbqFmRvt90FarHSUbtG/IatTTstxCzdT7Kip7Y6irAgAAAAAAMOzcBAGqIWj4mLFe+5N3apOuVYhqhLm3NT2vp3s77eJ7Ktn6hF7y/yzlp3pn5ne0KWPTNQ58cVnmrFb+kiRZGt5XUVFXMLkst1BLCnMVW1Qm4koAAAAAAIDh7+aewn/gEW1tlpKjCoa6Jn07/oR2Xi91venN0Wq7JzztNqrzjbIdqm2L1szcZUNUNwAAAAAAAAzETTMCNbj7NXmUpAuBnwVO+f9YW197xG/EaIE2rVqqZJkdN7ve7/OY72j/8oU9R5kOsO49lyYIrEv35QACR+GatcP4XP5LG2Ss1/5k+ZXdNZL2bucmz+jYOxThu9E2Ze4oNv475ad6Z2akPjoTqYyYsV2ja7tdU3PmvcvuiWFnTqpiLW2qdQYbY7pPG0q6TeBflqvCgHn+UlvtDpVs2CdpmXILZ0rvvy/NnKnoHsc9t1ydryVJliDXS9Icrc5foq7DDXqfEbAAAAAAAAD9cnOPQM34ujLCz+vAXzxhnwq0aZURDGa+tkiZry1SyZlILV+1Xk9JMoLDpYo603V8a/MULV9S0I/rNyl36/M6cNEIMjMHGp5mrNfyCKmm0ajrU0u+o4wL23z3yXxtm2rkV5eM9cqPOaut3uPvvyfFfEtlKX21o1hHuo10fSpqiqRITU7xfJCyULeFn9dHn2wywtWZd6ixxq8eEUu1f4n/SNkpyrC8axzf+oReUoE2zbxD8t1/mxTjF8Be72LHyKLz+qw/C53OWa38mWNVu6NIRUXGPztq22RJsmv1nK7TomfG66TneNH7DQHHjfBUXWXsqJWSlsgY5LpMuYVLFHtqh1/5YzWzMFeMgQUAAAAAAOjbTTMCNSLmO9q/6jvdPj2vA/6bFmWkKfnieyrxWyv1JeeLWrT8O1pkv19PO1MU1W0zqqd3LOoafdrn9f2sbPgdyl+1U/ndPvbf8CrgvpKM4LNrROlDYyIlne06fPwJ3e3bnKn3djzd+LGWJ6fpKUlPq0DpER/rwJlI3Tb5fun4Jj00OUURF49r53HpqSVTpOZtfuuyFuv+mjTt913vqXtjse9eD9kXdusn7zWR/eyg60Db5zrVn/P2bVD3Aan7qk/JnhQbWFztwa4Ro2+cVMPMmRoTK0lzlBprUVvtDvkGnPqXuSxe0W212uE3WnXfBqdS85codfUcvbFhOG1nBQAAAAAAMPzcNAFqwPT1jPXanzxFNTWBO74/NCZSCp8SNLxsliQV67UzC5XvC2O7TZnv8/p+CraJlInu0/S9N3rJ+a5WrVqq5at2arm6T9/vvR06cFQ1yQs9I07jFHXxrF77XMqYvFAPaZNus4xVc9O7ekn3q2yU1Nzk14k9rpek82ps6jp8m2WsdKE+sH1NZ9WsGyhAtYxRbN9n+TGm6ndN5G8LOHredDhrrMZYzI/PmTBWskRrSWGhlnQ71hb0CgAAAAAAAPi7aQLUAAceUcmYN5SfvFOb1DWq8zbL2D7Dy5ecyzzHjLVCjYDSCCDV5/X3D1oTnlqyU8sjJCP8XKanvZ/5zijW/a8Zoz6NkNUIS71Bam/teFrH1XhxqW6bfL8eUorU9KJeOpCiVclpuk0FSo84r4/+ssm8PSlxipLUOGitvc6c+lxtitWEOZKC5ZrLclWY+rl2lGzQvjmrlb8kSRYZ65YWbdhnTOtfMrD41UzsGIvUVmvca1BKBAAAAAAAuLnctGugvuR8UQcuSsnJ3vVNpY/azkvhkbqtXyUU636/tUfTMwZ6/ZUoUHqEMaU/029jp8mjgp/9knOZZz3W84oYv1APBRzt2Q5pk3Y2nVfE+K9r1XgZa52qWEeapyh9SZqSdVafHDfO++SCFGFJCbzh+EhF+M7p6aO289KouMB6jI+8cdZA3bdB1Q0WJc0OtsroHK1OjZbOf6Z9kuakxsrSVqsdRUVdmz7FjpElyJXBndLnbdLYCXOCH/287TJGwwIAAAAAAMDrpg1QpU3KrXpPzZqiRXZjJOVLzncDN2KSjF3kV+3UpgzJGK25U+/Y/UZeZqQpWR/ryIH+XG8SOF6mqDFd9XhqyXeU4beu6UP2N7R/VVc4LN2vReO9U+97b4ckvfTJcTWHT1FyeFcQ+lHbeSVHTJGajwasl6qIpZ72SVKBNiUHntPdS853VRN+h9b47u+55gbyxsFatUXPVGFuYIi6LHeJkiwNer/sja4P/QPOOauVPzNa/bdP1afaZEma7bcp1Bytzi9U/uo52rehWg2K1kz/esxZrfzCQuWyixQAAAAAAECfbs4p/F7Hn9DOL+zU8pjvaFPGJt1/oFj3vyZtWrVU+1ct9Z3WtXlTse5/P07vzPTfkMrYiMoIC/u63rtB01LtX5UWuO7ogASpR/M2lZxZqPwYz+ZNzmW6bclO3xqo3nMyPeug9t4OScff1UfT7lDGha4g9KVPjmtNzB1q9NsQSgceUWbTT/XOzJ3an+x3nx1+5wSr/2vSplVd9685856aYwYnWB4W9m1Qyb45Wp2/RIWFM7s+b6vVjqKu6fT7NpQoNrdQMwsLZZzVptod72vMkpmKTZ0TfAmAHrcqkVbna4mvDGM5AO+I1rIiKbdwZkA9Gt4vkn+GCwAAAAAAgOBC3G63ezALdLlcuiUu7rKvX/j7ewexNoD07lff7PV4SWnpNarJzSc/L2+oqwAAAAAAAG4if62vl81mG9Qyb+Ip/AAAAAAAAADQOwJUAAAAAAAAADBBgAoAAAAAAAAAJghQAQAAAAAAAMAEASoAAAAAAAAAmCBABQAAAAAAAAATBKgAAAAAAAAAYGLYBahjw8YMdRVwA+nP+zRq1KhrUJObD/0KAAAAAABuBMMuQL0zJnOoq4AbSH/ep+Tk5GtQk5sP/QoAAAAAAG4EYUNdge6+l5arsJAR2ttwUJ9e/Gyoq4Pr1MTwCZobPVv/bdpjfZ5796JFGhEaqpraWrW0tFyD2t3YRo8ereSkJNnt9qGuCgAAAAAAwBULcbvd7sEs0OVy6Za4uMEsEgAAAAAAAAD69Nf6etlstkEtc9hN4QcAAAAAAACA4YIAFQAAAAAAAABMEKACAAAAAAAAgAkCVAAAAAAAAAAwQYAKAAAAAAAAACYIUAEAAAAAAADABAEqAAAAAAAAAJggQAUAAAAAAAAAEwSoAAAAAAAAAGCCABUAAAAAAAAATBCgAgAAAAAAAIAJAlQAAAAAAAAAMEGACgAAAAAAAAAmCFABAAAAAAAAwAQBKgAAAAAAAACYIEAFAAAAAAAAABMEqAAAAAAAAABgYtAD1JCQEHVcujTYxQIAAAAAAACAqY5LlxQSEjLo5Q56gDraalVzczMhKgAAAAAAAIBrouPSJTU2NspqtQ562SFut9s9mAVe8lS2ra1NlwhRAQAAAAAAAFxlI0aMkMVi0YQJExQeHj6oZQ96gAoAAAAAAAAANwo2kQIAAAAAAAAAEwSoAAAAAAAAAGCCABUAAAAAAAAATBCgAgAAAAAAAIAJAlQAAAAAAAAAMEGACgAAAAAAAAAmCFABAAAAAAAAwAQBKgAAAAAAAACYIEAFAAAAAAAAABMEqAAAAAAAAABgggAVAAAAAAAAAEwQoAIAAAAAAACACQJUAAAAAAAAADBBgAoAAAAAAAAAJghQAQAAAAAAAMAEASoAAAAAAAAAmCBABQAAAAAAAAATBKgAAAAAAAAAYIIAFQAAAAAAAABMEKACAAAAAAAAgImwoa4AAAAArpXT2llSqm1nvD+n6eHiRzR9KKvkUbm+QL/Vwyp+xK82p3eqpPRjLS1+RNNVqfUFv9XR7hfGLFVe/iJNMgpRwW+PSmndyvFd21d7jfP0cLEeCXaSt/zu9wUAAMANjQAVAADgpmCEg2eW5ql4kSf2q1yvgoISLc3L16LrJAlMCwg3jUD4tzvTlO9tQEyMYo4eUKWmdwWllQd0NCZGMWd6luevcr0R0KYFO3h6p0p+e9R3/8r1BSpdH9MtqAUAAMCNiAAVAADgJnB65zYdTXu4KzyVpOmPKG9piUq3VWqRkQqqYNsZxZw5ozOeEZbaWaJS35DVGE/YagSXH8ek6ehRz4hM/1GffiM109LSdPTMlJ6jRKVBGMU5SWkZMdr28RnJV0qGMtK26UClNN1bnQNHlZaxVGe2fWxeVOV6/VZpSus5xtVw5mOdiVmqhz1lTl+6VDGl3YJaAAAA3JBYAxUAAOCGd1pHD5xRWkbPqG9STIx09IAqvR+ckTLyilWc/3/bu/cYO8/7Tuzfc2Y4pC6UdeEZS4pEWqLtmMOojjO2I3sthNS6m2mbBbpYQN1ehpCA7f6RFi1KAu1oi1YrtIAGWwyBtN3ttkhX6rBAG3fTbRp7O02yInftJGqcyUXKDBPFsiLasqQ5kijzMpdze/vHe2bmzJAvR5Jt2XQ+H0Ai57znPM/zHp4BBt/5Pb/nSEYXZnNyrpHJ6elMT09ncqyZubmNZ5bB6PR0pifHksW5nFlKkoXM9is1p6ePZ39zIJBcOpOZU81MHC+vTWQuJ2cX8v6V99XY39jyaGN/I4vz6+MuZH5xLONXLSvNxnNmTzUzMTH+Hudvprn0Hl8CAMB1RwUqAMBfZo39aWSwMrORxnox5+FjmZ4efGojg09tjI+VdZ+HxzOWufLBhfksNiZy/HCSjObIxFjm+peWFufTbIxnbHTwWjMbGeTiqUxNbV/g1uRz8dRUtjxle1VtksbYeBpz/erQhfksjo3nWJrrK7zC0pm5NCcmc2y0mdmK56SxP43mXOYWjuTY4f69VD0XAIAfKwJUAAA2NfZns55z+6FT2ZJnNhpXbr5fajaT7K8evzmXk1Nbo8zNM62ufojUoI0eqEtnMnNyPuMTV9lAPzqW8cZ8mkvl9v3G/onBWbYt+ExOzY9n8sRo9XOSZPRIJifmc7If4DbGxtJIcpW3AACAHzMCVACAH3v9XqGDjUH7lhbn0xybuGofz6UzpzKXiRyfLvuULp2ZyclrtBFN+i0BrmV7SNr3njfyrweaJ2fTmD62bf2jGRtPTi2eSWOxkfGJ0aSit+nS4nyazebWUPfUVGa3HFa1PuWJTB9ZX/BsppqDYTMAAD+u9EAFAPhLYPTIRMYWT2XmzEDTzoXZnJxLJq5WxXmFhczNvYtN64fHM9acS9kqdSln5jaDy9Gx8TQ2eqWWJ9lPzZzJ+20jOnpkMhONxcyduXKE0UYjzbm5LG60DKga40Sm+z1ep6cnM5aBKtdBS2cyMzXbD3rL+9poYQAAwI81FagAAH8pHM6x6eM5M3Mym8WWY5mcPlF5ivzokYmMzZ3qV2eOZXJyLItzzSxds+7ycI5NjmXq1FSm0sjExFgyvzFgTkyey9TJqX4/0rFM9qtb318/0X4f1VOncmbsRI4MXjo8nrEspvm9hJz9FgIT08dyePRIJidmcnK9SetVeq8CAPDjqVYURfHDXgQAAD+eFmancipX37YPAADXAxWoAAB8/yydyczJuc2K0sZEjp8QngIAcP1SgQoAAAAAUEEFKgDwwdtepZixTF5xkvrGk3Nm5mQ2zi9qTOT4iSMbfS0XZqdyajFJGpk4fiKbbSkXMjt1qjx7vfI160Mez4n32M9y6xjb1j94f4Onzm+778F5rzneds1n8+SJZ/LS+tdHH8/sY4fe0/p/MM7m6WNPJY/PZnA5zWefzIlXHinXuH3t6wbu4ezTx/LU6eTotnFy9ukcKy/scL9n8/SxL+XAzBN5+FrtWr8HC7NTOdXc+rna0jN1YTZTc/u3Xr/6QDs/b3Dc93Ltx0L5/T8//t6/RwEAvl8EqADAB2thNlOnksnp6a2B49RMmlsC0PVLpzI/frx/YE8Zppw6M5YTR0azdGamDLGmj2R0YTZTJ2fTmD6Ww1nKmZlTaU6Ur1uYncrJ2UY/yFxKs1lx0vp7uIdTmcz09OH+l1M5NbvQH38hsyfn0piczonD5XpnzhzPiSPJmVPzGT8+Xd7j0pnMnOwfftS81njbnH06x546l0dnZvNEY/2hYzn25KOZeeLhax7v9KPjYB7dEm6WwevTD24GpgcPHszp587msUObQenZ507n4MGDV4avH7SlM5lrjmUs81lcOpLR7yXXO3ws0z+eyScAwI8NASoA8AFayOypZHL6WBpnZjLVLysdm5zOiePJzKkzGdtWiTd65ERObH6VsfFG5uYXs3RkNM1zzTTWT1k/PJ6xnMr8QnL4cDPnmo2Mj5UjHR4fS07NZyGHczjltf3fS9K4LfTaMv5SM82MZeLw9vUeyZETm3eS0bGMN+Yyv7iUI0euMd6WiZt59kunc/Tx2S2VlYcem8mjT57Il88+nMcOlYHql84dzEsvvZSDj87kiYeTZ588kWfWk8eD/bC1+WyePPFK9h89ndOny0uDVZ/NZ5/MiWdeSnIwR48mp/PIFVWi5XAzeeJ7KvU8lAePJl96rZkc6o/z0EM5+sxzOfvYofRnzHOnj+ahR8/lpVfe2+hnnz6WL+Vocvp0Gb4eHAyby/C2vJWjeXz2sexUy7u0OJ+MT2Yip3JybiFH3ksSvzCbqblmGs1mmo2JHJ84l5MbFagD1daNsYxlMZmYzrH+W9Lc+J5Zr7Yuw/pmklNTs2XV8sJspjZKma9eybwwO5W5ZiPNZnOjCnqwAnpLRXbleFsrwzd+IbHl/r6QL+RreXti85cVC7NTmdvfH39w7Koq8cZYxt79uwsA8ANR/2EvAAD4S2RhPs2JiRxeOpNT8+M5Pj2d6enJZO5MlkaPZKIxn8Wlaw/RPNdMGo2M9itJG431yKUMRZvNpWSpmWYa2by0P40001xK/1ozcyenMjU1lamZM9lhyh0tNZv9OZI0z6W5/vcko41G+diVd5JzW9ZfMd6Wl7yQr750NA9ekfA1ctf+5PRzZzceeSkPZWZ2Nk883MjZp0/kmf2PZ3Z2NrOzj+foS8/kyxtPPZ1zB2YyOzubx48mp7/0bLnW5rP5h88kj87MZnb2keT0Zt1n89kn89S5RzMzO5vZmUeTZ07k6bP5HpzNc6eT/XcN3vFdOXDwdDZu6exzOX30wTzwPmd46XTySH+9Bzfuv5lnnyxbDszOzmbm0XN5ascbWcrifDI+NprRIxMZW5zPwntdTDMZPz6d6W2/LFg6cypzmSi/LyaSxS0fmsXMZzLT09NY+sUxAAAgAElEQVSZHGtm7tSZLOVwjh2fSGMj2FzI7KlmJo5PZ3p6Oscnmpk7c/VPdzPl99/WSu7pTB+fSOZOZnYhyTXGW5g9mblGuZ7pybEsnprJxlQb9/cL+ex4I4vz6+/QQuYX+7/YWDqTmY2xj2ciczlZTlquZ3Esk9PTmZ7cn+aV3zwAAB8oFagAwAdmqdksA8PmXDI+0Q+PDufYemHm/mS+mVQ2g1yY7Qcr5Vb5c1XBylUDy8Fr64FTWUW3ub3//dzUmZyaSyaOl2HYUrNZ3sgOFmZPZXFs8srt29vGe7f2HTiYDFZm7r9rI4A99NhsZjefma1PPZiHHiifeejBo8m58tHmC1/NS0cf6bcJOJRfePRgTr+SJM288NWXcvChXyzHbzycR44+068eLV97+qlj/YrOAUcHv3gpz5w4lmcGHjn46Eye2BIM78sDDx3MM/1t/GefO52jDz6WvPbu35Ot8z9YLq/xQB5av/9+IP1If97Gw08MvE8VlhYzn/FMlmXPGR9br3p+L4sZCPc3B87ifDNjE/1/98MTmWgsrv9zJNlWUT238yxbq7e3L6HR/3yV825Uco8eycTYXOaaVwavm+MtZH4xGZvs3/ThiUw0Tg58P27e32ijkcz1q6kX5rPYGM/EaLJ0Zj7NxnjKWxrNkYmxzM01s5TylySNicmy0nV9PTvfLgDAD4wAFQD4wIw2GmWF6NhgUrqQ2an5jE8fS84l+6v26y7MZupUMxPHT/S3EJcVp+eu9tzG/jSufqXcfj+9saIyuLliu/zW7cmVh0z1D4VqTE5v9G4dbey8lX3zAKJtqdtVxnu/Dh7Yt/nFVQ5u2swz9+euqyz5zVeu3Wn0pWdO5NhgAnr0zc2/XvUQqS2r2+yBevbpHHsqeeQqLQAaDzyUg199Lc0kz50+mAO/kPcdoG55P9a9+cp77qe6tDifZrOZk1ODkd57TFCvVl3cr0i+xouuErpudzjHjjczc3KqDBy3bYvfuoStK2jOncyWW0pzx/EWT01lanDM5lLSyNb7OzyescyluZQszC+m0f/FyVI56bb3MWn2K8vfxe8gAAA+MAJUAOCDc3g8jam5LBw5lsn9M5maOpWk7J94eOlMZprrlX1bLZ2Zycm5RianTwyEnKNpNJL55lLKIHZgS/xoM43MZ/PSua1b+re7ItAazZET0zlyrXvZCHS3hZ2N/Wn0K2A3KlIb4/3x+8FsYzLT28PTqvG2rPOBPHTwmTx39rEc2lKtWVaFHn3kat07m3m23Iuf2Ycb5ddPnshObUSvqGjdZntIWnof+/gPPZbHjx7LU08euPIQrMYDeSj/MC88uz+nDz6Ume/3CVn7DuTgju/EoIXMzTW3HUC2kNmpuZxZOnztz8uOrvELgfdi9EhOTJcrWToz866rqysPVbvqeOV6J65y6NuV/QzKKt25xYWMNxsZnxh4wdjkVde2cH2chAYA/CWiByoA8AE6nGOT5YE3zSMnyv6J09M51jiTmZPzGZ+8SrXcwmw/PL3yMJzG/kaa84tlNdvCfBYzlvHDSRlGNTPfb6i6ML+YjI3ncMoQaGp2PeVZypm5xc3ty+/WRv/GqwRIo400spiy7ePW7dEbfSO3h0bXGm/rHefhR47m9FNP5tmBasWzT5/IM3k0v7DT6UdJcvbLm4dJXWumBx7KwdNf6s9zNl/eeFEjDzx0cLNXas7m6WPH8uSz779R5aHHtvdl3VhF7tr/Up555nQOPvTAVao2v0eNu7I/m31Wm88+mWNPPlvd/mHLZ2xzjYOftfevPHBsca7fk3dhbqMC+l1bOpOZqdktGeb2StMd581CZqemMnNm6RrjHc74WDNzcwsD805ltqIZ7OHxsTTnTmUu61v2k9Gx8TQW5zb6pi7MbvYjLp8/V867dCZzi1cfFwDgg6ICFQD4YB0+lunjZeByauPBsW3VpZsW5sv05NTUwGbh9a3ER05k8txUfxtwY2B7/2iOnJjMuan+tuTG5nb50SMnMjk7lY3hxiYz/R73yy8tzm8cRLW5AXm9r2p5sM/Myf725o3xy76RyalsvZXjmcy1xtvm0GOZnXk2Tw72ED36eGafqEpPy9D1maf6W+6PPp7Hj54ue5ZeZVf75ssezi8++tWcOHEsz+RoHn10syK18fATefyVYzmxvof/6OP96tY3K4e7trLH6omnns6Ds49tvfLg0eT0uY0+rYPK1gCPZPbKUth3Pe9jM4/myRPHcixJcjSPzz6cRr+qdP+2QLsM4ie3/ZuUAeTc3FwWxr63feejRyYzMX+y/DyPbe+BWvWiRhqZy6mp2UxOH8vkxExOrn/AGhM5fmLnz/bW76MMfGZHK8c7fOx4JmZOZvPS8bKC9Woh6uHxjGUxzcFfVIweyYnJc5na+MyPZXJ6vf/rsUyOTfW/58cyMdHIfP9lC7NTmdtf0VIDAOAHpFYURfHDXgQAAD/Kym3/X31oJk9cpVfpD8/ZPP108tj7DlB/hC31q7J3rEoGAOAHTQUqAMB14hd/8Rdz6dKlH/g8s7Oz/cOdTm8+2K8yPXbs2A98/nejXONzyYOPfd/X9Eu/9Eu57bbbvq9jvhsLs1M5NbBdfez7cJgYAADfOxWoAADXiU6nk//1d17IC609Kdqt9Kp+iqv1/6y6Xq9n30gt/97Hb89H7rn7Xc392tL5fOM7y1lba6WoHPjaarVa7vjQDTl8/x0Z2bXrXb3mj77xUnbvP5BWq5UU5S1V3V7tao/Vyiu7asnIm0v56IED72res2fP5v7778/u3bvLufo/MtdqtY3nDD5WFEXltVdffTW1Wi133/3u3msAAH60CFABAK4Tj//KP89bt92VAyNJur0M/hRXpOgHi+sxYm0gUNz64169Xs/y0HDOvvZ2/v7n7snBA/dec94/XHg5v/+N5dx+Uy3dTq8f3G4dc+vcV89u6/Va6kPDOX9pLcf+tUPZvXvkmvOeef6F3PFTD2RoeSXdYuu4taoX9ZdQ1JJasfnQ0FA9l+v13Pjtcxn76EevOe/CwkIOHy47nQ7+qDwYkq7/ffDPjSXUtq6uVqul1Wrl8uXLP5TKVgAAvje28AMAXAd+83fn8629d+XjRTtLb65uJIhlXrj+/1oZMBZFUqv1n7I90KwlRZHdQ/X81L0fzn9z+oX8o0erA9TLy8v52uKFNG6u57Xm8sac/WFS6/85MPrW+Wq11IpiY41D9Vru/PAd+bXTz+eRiU9XzvuNl1/OTR/7ydSWV3Kh3c5gMJx+DexGaLtl0sGIdT1BrSWdTu7Ye3O+maGMvvVW9t1xx1XnbbfbueWWW5Ik3W53y7VarZZer7cRkPZ6vXLabfUIV6tPGBkZyfPPP59Pf7r6ngEA+NEkQAUAuA589cVXsu/eB/Ja87sD2eBVwsT1r2rF1mRzm9VON8U7F9OsXbsK9Bsvv5oP7b0xb7z5Zj+O3Bpk5orHku31p4P1sO1O8ubbF7K81r7mvC++ci73Hbgvb7/z3c2kNklR9FIk2VWvpVck7V4vQ/VaWW1ay8BzB/b7F0WKosj5y5dz82235cVvfqMyQD1//nzq9XqSzYB0PTjt9XrZtWtXut1uut1uhoeH+2vaWn26fWt/kgwNDeXixYvXvGcAAH40CVABAK4Dl5eXc3llLe12Z0vZ51q3txEU7h6qD7yi1t/WvzXULDaizCJZWSt7i17DxUuXc2l5OGut7kCIub6Eq/UFLa91u710e70MD9WzEe/2S1cvr7SzuuO8l7La6aXdDzHT66WXZHetno/vvTGNkeGs9Yq8urqWc8urA1v618Pcq4TH3Vpa7XY6ly9XzttqtfqVp8UVAepv/uZv5NOf/kzOnj2be++9Nx/72MfS6/XS6XQyPDy8UZ3a6XSu2MaflNWtAABcfwSoAADXgW6vlwvLaynanSRlUNnpFfnZA/vyV+4bze+fezNffXkpQ/XNWtR16wWS2wszu7WhrOxQCVoURS6ttLPaXt/Ovv2opu3Vp0mn282te/fk8//KPfmJD99SVojWavn26xfyld/+Rnqp7Txviqx02ml3u1vWfOj2vbl9ZFdevJzcMZIcvOnGdHtFvnHpcoZrtS3VrrVatkTIvVota51uhq5xCFZRlMFpt9tLr9fdeP9GRkZy222352tf+1parVYOHz6c06dPZ+/evTl48GD+4i/+IrfeemtWV9dy//339V+72S8VAIDrlwAVAOA60Ov2cnFlLbV+8Ngtitywazh/5/Mfz+037cmn7rkjv/sXS/nuSqsMLDdeuV6Jumk9jFxLPWtrnWvOWxRFllc66bS614gdB9bZK3LD7uH8u//6A/nwHTdvudZqd7O21klR1N7FvGWbgVanDDE7RS93jIzk9pFd+e13kqe/k9y1OzlxIPnIjXty7vJyOkV5n+2il06vyHAtGTxaa6gostrt5KYdbqTb6abT6aTT6W7Ew621Vj7xiU/k13/91/NzP/dzeeH553Pp8uW89tpruXTpUl588cXcd999Of/2+dx//33pdjb7p65Pt17RCgDA9UWACgBwHSh6RS6utFJvtVMk6fWSlVYnL3znfD5zoJHffXkpr18sT6uvpdx2XkvS7RXpFUWGh8oq0BSbvTmHesnaDlvpUyTLK+10W/1AsCg2T5G6ov9qsrrWzqd+8s6t4WlRpN3tZXm1nZVWJ92ilnZr6wFNV0xbFFntdNLqdlKkrLbNSBlFLl5OVnvJubVkqZV8/MahfPHDd6TXj0tXukXOfvdiXrp4OcP1WlKUPWGHiqGsdbq5cYcouNvrptvtbGzlT5Jet5s9e3Zn37592bdvX/70T/8099xzT1aWl/PWW2+l1+um0+lmZXU13W4nnYHXJmV4qhIVAOD6JEAFALgO9IoiF9daqa+1N2K5bq/If/p/fz137t2T1y6uZLXTy1CtPJV+vYJz340juePGkbz63ZWsdbvZMzzcjz2ToV5R9lS9hiLJylon3XZny1b6weuDm/pXW93cesuejetra5388j/9gyydX063l6y1eukW3XQ7O1egrrU7Wet0+wFqL+1uWcHZS7LSS3bXkheXk06RFOkf/FQkH7khGb/jtrS7vfz5hYsZrteTFBmqF1nbYd4k6XbLMLQz8Nxavz3AhQsXsry8nJGRkTz//PNZWVnJAw88kG9+8+VcvrycoaHh9Lq9La9Nkk6nowIVAOA6JUAFALgOdLvdvLa8klvTSa8o0u0VGRmq5+/9/E/n/n235KXmd/Of/frX88TP/0w+fWBfFl87nz/41pv59//Koey7aXcWX38nf2/uD/LC6+9k99BQarWk0+6lu7J2zXmLIjl/cS276930isH4dD0y3aw/7XZ7ubjcyupAdel3L63m9xZez6XVdnYPD2XP7qG0OkVaOwa3vVxqt9LrlBWo7V637IeapN0rA9RaLfnH3ykD1fUQt9NL9t+QPHUw+fgtN+Xs+XfS6ZVb8ev1XpZbrR1bEXTa7bTb7XQ67Wyk0cPD6ezalU9/4aHceued+cgnDuUr/+wrufO++/LJn/3ZvHXxYlL0cs/dP5GVdju9bqffe7bswtput1SgAgBcpwSoAADXgSJFli4uZ7XeyZ7hoXR6RW4crueTP3F7DjY+lN3D9VxYbeX+O27OoTtvy09++Nb8zU/dv/H6z35kNL/0Nx7Mz/9P/2/Or7VSq9VyobWWO7o7VWQWeefSWvYMdTKyqz5QhbreWbW/xb2X3Hrz7tzZuDm3D1SgDg8P5aP33pa1djerrW5eXbqY5VY7u+s7V6BeWmul12pluFZLu9dLq7/WVlEGqPVastxL2sVmrNstkuXl5Lud5PZ6Le3uevCbdJIyuN2pB2qvm1arlU6nnVqtngwNpd5cyp4z/zw/31pN8UfPJbV6/oNdu9Jtvpq1P1/Mv3PfwRR3jKa9e1cu/vmL6dx1d4p6PSmKFEWRkVY7RaECFQDgeiRABQC4HhRJup1cWFnNpeGh1Oq1tIuhtDplKLfa7uZiu5N2f5t4Lcl/8ZWv57cWv5WTf/Pz+dz9d+ZjH741d916U17+xmv9xHEoGdqpKrKWXpFcWG5lZLieXUP1/un2W7fyX15t56FP3ZP/8JHxsjS07/YP3ZD//G9/IbVa8tU/OJcnf/l3MjQ0nN031q6YafsNt7udrLXaqdfKdgXrB0q1imS5KEPbz9+SjI4k6zWv7V7ymVuS/XuSP3nrci6srma4Xk+nKFLU6km3k50S1PXt+61Wu+wbO7I7t335/8qulctZaXw4w5cuZu/v/Muk6KVz8FB2dVvZ9Ue/n+JjhzJy4L7s3ntLvtPppn3vval1OimKIp12O3bwAwBcnwSoAADXhaL8r+il1+qVBzP1dm1klUVRbovv9PuEvvLWhfz908+n9fal/OPn/iyfu//OJMlw0UtWWsnu4WSoluxQFVmkSFGU46+1u2m1u6nX66mXJ1Wl1o9SV1tlr9LB8HRdvV4+tvT2SlbWOrn5puHstJu9KJJup5tOt5uiKMoK1H6A2i6SlfKtyOSdydhNV75+8a23c+bbr2Wt00271i0Pzxqqp+h2d9zC3+1202m30+23D0ivl+FzL2fk/oPZ9TceSe+Z/zHtvbckqyup/5UvpNPpJb8ym9of/l5ay5eye3hXhj77+SzffXfq7Xa55k5HBSoAwHVKgAoAcD0o+iWX62WMvSL1fm/PpDzlvbe6lpV+b9G1djfD3V5atSLtfoiXJEWvVyaPRa88nb73bvtyljMVKatBu/2vav1LRZG88dbl/NHZ13P3h/dm9PYy1Wy1u/mzl99Mr1dk4aWlDA/V3/XtdrqbBzl1ur10e+WsvSStXtKpJc32VV+db1+8nNcuXMye4eGsx5a1FCm63R238Pe63XS6nXQ6nRS1cjHDayup/95z6X3m8xl+u5nuI5NJu5VavZ78zM+ks2ckxRuvpfeFh9P5yq9l6NuvpPPAJ1PrdFKrpQxjBagAANclASoAwPViPfxM0i8L3QxQ1wPWvvXKyfR62RJZFgMBaq+eDO0U6pU1plUVo0V/LSMjw/ndF17Lb/3eufzHf+tn8m9PHE6SvP3Ocv7uP/iXubDSzvBQPbt3ldWnO8W2RYp0Op10umVI3Ov18s7KSpJePn5jPa0i2VtPZr6dnG8ntwyXWXC3SH7q5lr+2kfuTavTze+8+p2MDA2lSFIv+gHqDrrdTjrtTrr9atWiXqRWFKntuSEZqqd20y2p33Rz0lpL0e1k+OvPpXf7vvQOj6be62Vk/73pvf562p1Ohrrd1Pr30nvXYTUAAD9KBKgAANeNfkhaq22EqRs75mtJet2sR5O1ZCMorQ2kn7Vi/fFi88/3vZryhPmytUCtXFctZd/QzRnLKs1aeb3c8L9T/9MkRZFOt5tut5OklqIo8vrFy3lnZS3/xh035JdfT15dTV5ZTaZeTob7Q7Z6yT17kl8ZSz5757489+p30u52UkutHzJ3U+zUA7XbS6fbSbvTTlJL6vV0ekm9201Rq6dX9NLtdlIreqnVaun2WxwkRbqLL2Ttz15M547bywrWzuAWfgEqAMD16N3toQIA4IdvvRR0PTztFdlVL3+c2z1UTy3JDcNDSZLheq3cMt4rtrQlrW0Ep+sh6ruYtx98Fv3ocfO/8vHewGO1q/RATW2zNWpvY5Sdb7XX6/XDzG56vV6WW6185Rsv55ah5B98NDl4Q7LcLStPW0V/W3+RvNlOVntli9der1seCtUtK0p7vZ3vuSh6Zf/V/mFS7V4v5zvtXFi+kNWLF/PdpdfSufuerNx8S5bfbKbzwCezdvGdLP/xH6b2yfGsDNdzod0pWwF0ylYAvX4vVwAArj8qUAEAricDfTRXO+38nVO/mQ/dsDtvXl5Nbbie//or/1/+0b94PueXV9Nqd5LdQ/lnf/Jy/vp/+0/TK4o8/+2lZKjer2Tt5d0Ug9Yy1A//agOPbX61fpRUub6rrTkpilqKol99WtRSq+8wcVGk1+ulO7Dlvpbk6995PXfedGP+6v0fya89kJw+n7zd2VxLp0g+cWNy7+7ka2+8k0trreweqieppVf0D9HaQa9XpNvtptvvv1oMD+e7996X9pd/Nb2n/svUL13MhZf+oxStVmqddvJP/vfULl9MsXwpxW/9PyneOp+1/+Tvpru2mlr/4KuuABUA4LolQAUAuF6sb91PuVW+2+nlN//4m2Ulab2WjOzKv1h4ZXOb/8iupFbLa+cv5stvnC9fNzKU1OubFaj1nTcktbpF1tq99c36ZQhaK/qB6GDTgCJr7W66W3p9Fml1emm1uxmql0FrfaiWTm/nH0PXD5La2hAg+T/PvpiXz7+TIwfuzRdv3ZvatoOpWu1OnvvWW/mNb3wztaJIp9dLrSirb4d2Cm77E3e73c3wdmU5F/7qz2fl7p9I/a1msrKc4vLlsp9qrWwvUN9zQ3LTTcnI7nQO3J/uPfekWF0tw+P0e9QCAHBdEqACAFwHin4vzrICdSAEHBlaf0J5bbie1NYDxd564pnsHvixbz08Ha6lqF07QB0ZrueLn7kn59+6Yev2/M3kdEvR6Vqrk9Hbbtz4enions8c+nBW25v9Wod3Defm3Tvdb1Kv19Ltdvuvq21cGa7VMv+d1/PHr7+Rm3aNpL5+vb+mblHk4tpa6vVahmr19Lplg4GhWi1D9aF+r9irq9frqdVq5SFW/d6p6RbpDu9K62c+u/nebrwVA2/E+sK7ndRarY3LRVGkXq9dvb0BAAA/8gSoAADXgdEbR5Jdu9PfD795YWux55UGH6sNPFb0kj035db6pWvOe+stN+azh27Jq6/V0tvWT/VqWu1ebt27mY7W6/V8fP9t6fZf2+0V2Xfb3rSW37nmODeNjPTPnaql0+mkXh9oE5BahmvlVvsLq6tbbrXWv16vpawkLbrl2VtFkRtuuDG91ZXcdMuNqXLzzTen2Wzm7rvvzuVLl8s+sqkl6abWavX7t9bWl5H+NIMPXXEu1+7du5Oioj8sAAA/8gSoAADXgZ8b+0j+u7N/nAuNe5PzS9esorym9W37N92SjOzJX9t77SBz/z135fd+4/ncs//+vLF0Pu2NitD+cAPPrRXlgU7DQ0Mbj+0e2ZUitfSS1FPLLXv35IYbb87w6qvXnPcTBw7kd55fyL6f+qm83Wym0+5sa9faD0m3FYAOXN58vJ7cfMMNuenWW7Pyuy/k/r/+C5Xz7t27N7V6Pd/61rkcOHAgy8vL6fV27ptaZdeuXRkZGclXv/a1fO5zn3/f4wAA8MNTK3SzBwD4kffOO+/kv/+f/5f8D396Ia/feFeKojNQ6jgYLQ4e9lSRLA4N5YbW5TxcfyP/1d/+t/LTP/3TlfMWRZE/fv5P8tzz386+O+9Nr+hXom6ftj9dryhy697dueNDN6RI0m518+qbl1Ik2TU0lJXly2ld+FYe+Tf/1dx8882V8y4vL+d/+z/+Sb5+aTl7P/ax9IpsKe2s9XuPlmlucdVbXV9jvT6U9spKVhdfyN/63IP5/Oc/n127dlXO/cYbb+RXf/VXc/ny5dx264fSKyfvvx+bA9f69ajrc9dq2fp1vZZet5e33norP/2pT+WLX/xiWY0KAMB1RYAKAHCdeP311/Pbv/3bWXjxpbQ63e9pS/hd+27NFz7/+Rw6dOiaYWKS9Hq9vPHGG/mLV85lrdVO/ZrzlrHi+k+YtWSjYrVIctuHbslHP3owN95YvY1+3dtvv53nnnsuf/Jnf1bebzZz0qqIePDxjb8XyS033pCf/cyn88lPfjJ79uzZce7z58/n5Zdfzvnz53d8bpWiKLJr167cdddd2b9//7uaFwCAHz0CVAAAAACACtc+dhUAAAAA4C8xASoAAAAAQAUBKgAAAABABQEqAAAAAEAFASoAAAAAQAUBKgAAAABABQEqAAAAAEAFASoAAAAAQAUBKgAAAABABQEqAAAAAEAFASoAAAAAQAUBKgAAAABABQEqAAAAAEAFASoAAAAAQAUBKgAAAABABQEqAAAAAEAFASoAAAAAQAUBKgAAAABABQEqAAAAAEAFASoAAAAAQAUBKgAAAABABQEqAAAAAEAFASoAAAAAQAUBKgAAAABABQEqAAAAAEAFASoAAAAAQAUBKgAAAABABQEqAAAAAEAFASoAAAAAQAUBKgAAAABABQEqAAAAAEAFASoAAAAAQAUBKgAAAABABQEqAAAAAEAFASoAAAAAQAUBKgAAAABABQEqAAAAAEAFASoAAAAAQAUBKgAAAABABQEqAAAAAEAFASoAAAAAQAUBKgAAAABABQEqAAAAAEAFASoAAAAAQAUBKgAAAABABQEqAAAAAEAFASoAAAAAQAUBKgAAAABABQEqAAAAAEAFASoAAAAAQAUBKgAAAABABQEqAAAAAEAFASoAAAAAQAUBKgAAAABABQEqAAAAAEAFASoAAAAAQAUBKgAAAABABQEqAAAAAEAFASoAAAAAQAUBKgAAAABABQEqAAAAAEAFASoAAAAAQAUBKgAAAABABQEqAAAAAEAFASoAAAAAQAUBKgAAAABABQEqAAAAAEAFASoAAAAAQAUBKgAAAABABQEqAAAAAEAFASoAAAAAQAUBKgAAAABABQEqAAAAAEAFASoAAAAAQAUBKgAAAABABQEqAAAAAEAFASoAAAAAQAUBKgAAAABABQEqAAAAAEAFASoAAAAAQAUBKgAAAABABQEqAAAAAEAFASoAAAAAQAUBKgAAAABABQEqAAAAAEAFASoAAAAAQAUBKgAAAABABQEqAAAAAEAFASoAAAAAQAUBKgAAAABABQEqAAAAAEAFASoAAAAAQAUBKgAAAABABQEqAAAAAEAFASoAAAAAQAUBKgAAAABABQEqAAAAAEAFASoAAAAAQAUBKgAAAABABQEqAAAAAEAFASoAAAAAQAUBKgAAAABABQEqAAAAAG0WZ9cAAAMgSURBVEAFASoAAAAAQAUBKgAAAABABQEqAAAAAEAFASoAAAAAQAUBKgAAAABABQEqAAAAAEAFASoAAAAAQAUBKgAAAABABQEqAAAAAEAFASoAAAAAQAUBKgAAAABABQEqAAAAAEAFASoAAAAAQAUBKgAAAABABQEqAAAAAEAFASoAAAAAQAUBKgAAAABABQEqAAAAAEAFASoAAAAAQAUBKgAAAABABQEqAAAAAEAFASoAAAAAQAUBKgAAAABABQEqAAAAAEAFASoAAAAAQAUBKgAAAABABQEqAAAAAEAFASoAAAAAQAUBKgAAAABABQEqAAAAAEAFASoAAAAAQAUBKgAAAABABQEqAAAAAEAFASoAAAAAQAUBKgAAAABABQEqAAAAAEAFASoAAAAAQAUBKgAAAABABQEqAAAAAEAFASoAAAAAQAUBKgAAAABABQEqAAAAAEAFASoAAAAAQAUBKgAAAABABQEqAAAAAEAFASoAAAAAQAUBKgAAAABABQEqAAAAAEAFASoAAAAAQAUBKgAAAABABQEqAAAAAEAFASoAAAAAQAUBKgAAAABABQEqAAAAAEAFASoAAAAAQAUBKgAAAABABQEqAAAAAEAFASoAAAAAQAUBKgAAAABABQEqAAAAAEAFASoAAAAAQAUBKgAAAABABQEqAAAAAEAFASoAAAAAQAUBKgAAAABABQEqAAAAAEAFASoAAAAAQAUBKgAAAABABQEqAAAAAEAFASoAAAAAQAUBKgAAAABABQEqAAAAAEAFASoAAAAAQAUBKgAAAABABQEqAAAAAEAFASoAAAAAQAUBKgAAAABABQEqAAAAAEAFASoAAAAAQAUBKgAAAABABQEqAAAAAEAFASoAAAAAQAUBKgAAAABABQEqAAAAAEAFASoAAAAAQAUBKgAAAABABQEqAAAAAEAFASoAAAAAQAUBKgAAAABABQEqAAAAAEAFASoAAAAAQAUBKgAAAABABQEqAAAAAEAFASoAAAAAQAUBKgAAAABABQEqAAAAAEAFASoAAAAAQAUBKgAAAABABQEqAAAAAECF/x8hlyxJa1/nygAAAABJRU5ErkJggg==" height="600" width="800" />]]>
  </system-out>
  <testcase name="LoginUnsuccessful_002" classname="testcases.LoginTest">
    <skipped/>
  </testcase> <!-- LoginUnsuccessful_002 -->
  <system-out/>
</testsuite> <!-- testcases.LoginTest -->
